<?xml version="1.0" encoding="UTF-8"?>
<testsuite xmlns:xsi="http://www.w3.org/2001/XMLSchema-instance" xsi:noNamespaceSchemaLocation="https://maven.apache.org/surefire/maven-failsafe-plugin/xsd/failsafe-test-report-3.0.xsd" version="3.0" name="starter.CucumberTestSuite" time="29.208" tests="3" errors="0" skipped="0" failures="0">
  <properties>
    <property name="sun.desktop" value="windows"/>
    <property name="awt.toolkit" value="sun.awt.windows.WToolkit"/>
    <property name="java.specification.version" value="11"/>
    <property name="webdriver.chrome.driver" value="C:\Users\saral\.cache\selenium\chromedriver\win32\101.0.4951.41\chromedriver.exe"/>
    <property name="sun.cpu.isalist" value="amd64"/>
    <property name="sun.jnu.encoding" value="Cp1252"/>
    <property name="java.class.path" value="D:\Intern\MSIB Alterra\alterra-mini-project\Serenity UI Test\target\test-classes;C:\Users\saral\.m2\repository\net\serenity-bdd\serenity-core\3.2.1\serenity-core-3.2.1.jar;C:\Users\saral\.m2\repository\net\serenity-bdd\serenity-model\3.2.1\serenity-model-3.2.1.jar;C:\Users\saral\.m2\repository\org\apache\commons\commons-text\1.9\commons-text-1.9.jar;C:\Users\saral\.m2\repository\commons-net\commons-net\3.8.0\commons-net-3.8.0.jar;C:\Users\saral\.m2\repository\com\google\guava\guava\31.1-jre\guava-31.1-jre.jar;C:\Users\saral\.m2\repository\com\google\guava\failureaccess\1.0.1\failureaccess-1.0.1.jar;C:\Users\saral\.m2\repository\com\google\guava\listenablefuture\9999.0-empty-to-avoid-conflict-with-guava\listenablefuture-9999.0-empty-to-avoid-conflict-with-guava.jar;C:\Users\saral\.m2\repository\com\google\code\findbugs\jsr305\3.0.2\jsr305-3.0.2.jar;C:\Users\saral\.m2\repository\org\checkerframework\checker-qual\3.12.0\checker-qual-3.12.0.jar;C:\Users\saral\.m2\repository\com\google\errorprone\error_prone_annotations\2.11.0\error_prone_annotations-2.11.0.jar;C:\Users\saral\.m2\repository\com\google\j2objc\j2objc-annotations\1.3\j2objc-annotations-1.3.jar;C:\Users\saral\.m2\repository\com\google\inject\guice\5.1.0\guice-5.1.0.jar;C:\Users\saral\.m2\repository\javax\inject\javax.inject\1\javax.inject-1.jar;C:\Users\saral\.m2\repository\aopalliance\aopalliance\1.0\aopalliance-1.0.jar;C:\Users\saral\.m2\repository\org\jsoup\jsoup\1.14.3\jsoup-1.14.3.jar;C:\Users\saral\.m2\repository\com\thoughtworks\xstream\xstream\1.4.19\xstream-1.4.19.jar;C:\Users\saral\.m2\repository\io\github\x-stream\mxparser\1.2.2\mxparser-1.2.2.jar;C:\Users\saral\.m2\repository\xmlpull\xmlpull\1.1.3.1\xmlpull-1.1.3.1.jar;C:\Users\saral\.m2\repository\io\cucumber\cucumber-java\7.2.3\cucumber-java-7.2.3.jar;C:\Users\saral\.m2\repository\com\typesafe\config\1.4.2\config-1.4.2.jar;C:\Users\saral\.m2\repository\org\imgscalr\imgscalr-lib\4.2\imgscalr-lib-4.2.jar;C:\Users\saral\.m2\repository\org\awaitility\awaitility\4.2.0\awaitility-4.2.0.jar;C:\Users\saral\.m2\repository\org\freemarker\freemarker\2.3.31\freemarker-2.3.31.jar;C:\Users\saral\.m2\repository\io\github\classgraph\classgraph\4.8.138\classgraph-4.8.138.jar;C:\Users\saral\.m2\repository\net\sourceforge\jexcelapi\jxl\2.6.12\jxl-2.6.12.jar;C:\Users\saral\.m2\repository\net\bytebuddy\byte-buddy\1.12.8\byte-buddy-1.12.8.jar;C:\Users\saral\.m2\repository\net\bytebuddy\byte-buddy-agent\1.12.8\byte-buddy-agent-1.12.8.jar;C:\Users\saral\.m2\repository\org\objenesis\objenesis\3.1\objenesis-3.1.jar;C:\Users\saral\.m2\repository\net\serenity-bdd\serenity-reports\3.2.1\serenity-reports-3.2.1.jar;C:\Users\saral\.m2\repository\net\serenity-bdd\serenity-stats\3.2.1\serenity-stats-3.2.1.jar;C:\Users\saral\.m2\repository\net\serenity-bdd\serenity-reports-configuration\3.2.1\serenity-reports-configuration-3.2.1.jar;C:\Users\saral\.m2\repository\com\vladsch\flexmark\flexmark-all\0.34.30\flexmark-all-0.34.30.jar;C:\Users\saral\.m2\repository\com\vladsch\flexmark\flexmark\0.34.30\flexmark-0.34.30.jar;C:\Users\saral\.m2\repository\com\vladsch\flexmark\flexmark-ext-abbreviation\0.34.30\flexmark-ext-abbreviation-0.34.30.jar;C:\Users\saral\.m2\repository\com\vladsch\flexmark\flexmark-ext-admonition\0.34.30\flexmark-ext-admonition-0.34.30.jar;C:\Users\saral\.m2\repository\com\vladsch\flexmark\flexmark-ext-anchorlink\0.34.30\flexmark-ext-anchorlink-0.34.30.jar;C:\Users\saral\.m2\repository\com\vladsch\flexmark\flexmark-ext-aside\0.34.30\flexmark-ext-aside-0.34.30.jar;C:\Users\saral\.m2\repository\com\vladsch\flexmark\flexmark-ext-attributes\0.34.30\flexmark-ext-attributes-0.34.30.jar;C:\Users\saral\.m2\repository\com\vladsch\flexmark\flexmark-ext-autolink\0.34.30\flexmark-ext-autolink-0.34.30.jar;C:\Users\saral\.m2\repository\org\nibor\autolink\autolink\0.6.0\autolink-0.6.0.jar;C:\Users\saral\.m2\repository\com\vladsch\flexmark\flexmark-ext-definition\0.34.30\flexmark-ext-definition-0.34.30.jar;C:\Users\saral\.m2\repository\com\vladsch\flexmark\flexmark-ext-emoji\0.34.30\flexmark-ext-emoji-0.34.30.jar;C:\Users\saral\.m2\repository\com\vladsch\flexmark\flexmark-ext-enumerated-reference\0.34.30\flexmark-ext-enumerated-reference-0.34.30.jar;C:\Users\saral\.m2\repository\com\vladsch\flexmark\flexmark-ext-escaped-character\0.34.30\flexmark-ext-escaped-character-0.34.30.jar;C:\Users\saral\.m2\repository\com\vladsch\flexmark\flexmark-ext-footnotes\0.34.30\flexmark-ext-footnotes-0.34.30.jar;C:\Users\saral\.m2\repository\com\vladsch\flexmark\flexmark-ext-gfm-issues\0.34.30\flexmark-ext-gfm-issues-0.34.30.jar;C:\Users\saral\.m2\repository\com\vladsch\flexmark\flexmark-ext-gfm-strikethrough\0.34.30\flexmark-ext-gfm-strikethrough-0.34.30.jar;C:\Users\saral\.m2\repository\com\vladsch\flexmark\flexmark-ext-gfm-tables\0.34.30\flexmark-ext-gfm-tables-0.34.30.jar;C:\Users\saral\.m2\repository\com\vladsch\flexmark\flexmark-ext-gfm-tasklist\0.34.30\flexmark-ext-gfm-tasklist-0.34.30.jar;C:\Users\saral\.m2\repository\com\vladsch\flexmark\flexmark-ext-gfm-users\0.34.30\flexmark-ext-gfm-users-0.34.30.jar;C:\Users\saral\.m2\repository\com\vladsch\flexmark\flexmark-ext-gitlab\0.34.30\flexmark-ext-gitlab-0.34.30.jar;C:\Users\saral\.m2\repository\com\vladsch\flexmark\flexmark-ext-jekyll-front-matter\0.34.30\flexmark-ext-jekyll-front-matter-0.34.30.jar;C:\Users\saral\.m2\repository\com\vladsch\flexmark\flexmark-ext-jekyll-tag\0.34.30\flexmark-ext-jekyll-tag-0.34.30.jar;C:\Users\saral\.m2\repository\com\vladsch\flexmark\flexmark-ext-media-tags\0.34.30\flexmark-ext-media-tags-0.34.30.jar;C:\Users\saral\.m2\repository\com\vladsch\flexmark\flexmark-test-util\0.34.30\flexmark-test-util-0.34.30.jar;C:\Users\saral\.m2\repository\com\vladsch\flexmark\flexmark-ext-ins\0.34.30\flexmark-ext-ins-0.34.30.jar;C:\Users\saral\.m2\repository\com\vladsch\flexmark\flexmark-ext-xwiki-macros\0.34.30\flexmark-ext-xwiki-macros-0.34.30.jar;C:\Users\saral\.m2\repository\com\vladsch\flexmark\flexmark-ext-superscript\0.34.30\flexmark-ext-superscript-0.34.30.jar;C:\Users\saral\.m2\repository\com\vladsch\flexmark\flexmark-ext-tables\0.34.30\flexmark-ext-tables-0.34.30.jar;C:\Users\saral\.m2\repository\com\vladsch\flexmark\flexmark-ext-toc\0.34.30\flexmark-ext-toc-0.34.30.jar;C:\Users\saral\.m2\repository\com\vladsch\flexmark\flexmark-ext-typographic\0.34.30\flexmark-ext-typographic-0.34.30.jar;C:\Users\saral\.m2\repository\com\vladsch\flexmark\flexmark-ext-wikilink\0.34.30\flexmark-ext-wikilink-0.34.30.jar;C:\Users\saral\.m2\repository\com\vladsch\flexmark\flexmark-ext-yaml-front-matter\0.34.30\flexmark-ext-yaml-front-matter-0.34.30.jar;C:\Users\saral\.m2\repository\com\vladsch\flexmark\flexmark-ext-youtube-embedded\0.34.30\flexmark-ext-youtube-embedded-0.34.30.jar;C:\Users\saral\.m2\repository\com\vladsch\flexmark\flexmark-formatter\0.34.30\flexmark-formatter-0.34.30.jar;C:\Users\saral\.m2\repository\com\vladsch\flexmark\flexmark-html-parser\0.34.30\flexmark-html-parser-0.34.30.jar;C:\Users\saral\.m2\repository\com\vladsch\flexmark\flexmark-jira-converter\0.34.30\flexmark-jira-converter-0.34.30.jar;C:\Users\saral\.m2\repository\com\vladsch\flexmark\flexmark-pdf-converter\0.34.30\flexmark-pdf-converter-0.34.30.jar;C:\Users\saral\.m2\repository\com\openhtmltopdf\openhtmltopdf-core\0.0.1-RC13\openhtmltopdf-core-0.0.1-RC13.jar;C:\Users\saral\.m2\repository\com\openhtmltopdf\openhtmltopdf-pdfbox\0.0.1-RC13\openhtmltopdf-pdfbox-0.0.1-RC13.jar;C:\Users\saral\.m2\repository\org\apache\pdfbox\pdfbox\2.0.8\pdfbox-2.0.8.jar;C:\Users\saral\.m2\repository\org\apache\pdfbox\fontbox\2.0.8\fontbox-2.0.8.jar;C:\Users\saral\.m2\repository\commons-logging\commons-logging\1.2\commons-logging-1.2.jar;C:\Users\saral\.m2\repository\org\apache\pdfbox\xmpbox\2.0.8\xmpbox-2.0.8.jar;C:\Users\saral\.m2\repository\de\rototor\pdfbox\graphics2d\0.12\graphics2d-0.12.jar;C:\Users\saral\.m2\repository\com\openhtmltopdf\openhtmltopdf-rtl-support\0.0.1-RC13\openhtmltopdf-rtl-support-0.0.1-RC13.jar;C:\Users\saral\.m2\repository\com\ibm\icu\icu4j\59.1\icu4j-59.1.jar;C:\Users\saral\.m2\repository\com\openhtmltopdf\openhtmltopdf-jsoup-dom-converter\0.0.1-RC13\openhtmltopdf-jsoup-dom-converter-0.0.1-RC13.jar;C:\Users\saral\.m2\repository\com\vladsch\flexmark\flexmark-profile-pegdown\0.34.30\flexmark-profile-pegdown-0.34.30.jar;C:\Users\saral\.m2\repository\com\vladsch\flexmark\flexmark-util\0.34.30\flexmark-util-0.34.30.jar;C:\Users\saral\.m2\repository\com\vladsch\flexmark\flexmark-youtrack-converter\0.34.30\flexmark-youtrack-converter-0.34.30.jar;C:\Users\saral\.m2\repository\es\nitaur\markdown\txtmark\0.16\txtmark-0.16.jar;C:\Users\saral\.m2\repository\net\serenity-bdd\serenity-report-resources\3.2.1\serenity-report-resources-3.2.1.jar;C:\Users\saral\.m2\repository\com\google\code\gson\gson\2.9.0\gson-2.9.0.jar;C:\Users\saral\.m2\repository\com\fasterxml\jackson\core\jackson-core\2.13.2\jackson-core-2.13.2.jar;C:\Users\saral\.m2\repository\com\fasterxml\jackson\core\jackson-databind\2.13.2\jackson-databind-2.13.2.jar;C:\Users\saral\.m2\repository\com\fasterxml\jackson\core\jackson-annotations\2.13.2\jackson-annotations-2.13.2.jar;C:\Users\saral\.m2\repository\commons-codec\commons-codec\1.15\commons-codec-1.15.jar;C:\Users\saral\.m2\repository\commons-io\commons-io\2.11.0\commons-io-2.11.0.jar;C:\Users\saral\.m2\repository\org\seleniumhq\selenium\selenium-java\4.1.2\selenium-java-4.1.2.jar;C:\Users\saral\.m2\repository\org\seleniumhq\selenium\selenium-devtools-v85\4.1.2\selenium-devtools-v85-4.1.2.jar;C:\Users\saral\.m2\repository\org\seleniumhq\selenium\selenium-devtools-v95\4.1.2\selenium-devtools-v95-4.1.2.jar;C:\Users\saral\.m2\repository\org\seleniumhq\selenium\selenium-devtools-v96\4.1.2\selenium-devtools-v96-4.1.2.jar;C:\Users\saral\.m2\repository\org\seleniumhq\selenium\selenium-devtools-v97\4.1.2\selenium-devtools-v97-4.1.2.jar;C:\Users\saral\.m2\repository\org\seleniumhq\selenium\selenium-firefox-xpi-driver\4.1.2\selenium-firefox-xpi-driver-4.1.2.jar;C:\Users\saral\.m2\repository\org\seleniumhq\selenium\selenium-opera-driver\4.1.2\selenium-opera-driver-4.1.2.jar;C:\Users\saral\.m2\repository\org\seleniumhq\selenium\selenium-remote-driver\4.1.2\selenium-remote-driver-4.1.2.jar;C:\Users\saral\.m2\repository\com\beust\jcommander\1.82\jcommander-1.82.jar;C:\Users\saral\.m2\repository\io\netty\netty-buffer\4.1.73.Final\netty-buffer-4.1.73.Final.jar;C:\Users\saral\.m2\repository\io\netty\netty-codec-http\4.1.73.Final\netty-codec-http-4.1.73.Final.jar;C:\Users\saral\.m2\repository\io\netty\netty-codec\4.1.73.Final\netty-codec-4.1.73.Final.jar;C:\Users\saral\.m2\repository\io\netty\netty-handler\4.1.73.Final\netty-handler-4.1.73.Final.jar;C:\Users\saral\.m2\repository\io\netty\netty-tcnative-classes\2.0.46.Final\netty-tcnative-classes-2.0.46.Final.jar;C:\Users\saral\.m2\repository\io\netty\netty-common\4.1.73.Final\netty-common-4.1.73.Final.jar;C:\Users\saral\.m2\repository\io\netty\netty-transport-classes-epoll\4.1.73.Final\netty-transport-classes-epoll-4.1.73.Final.jar;C:\Users\saral\.m2\repository\io\netty\netty-transport-classes-kqueue\4.1.73.Final\netty-transport-classes-kqueue-4.1.73.Final.jar;C:\Users\saral\.m2\repository\io\netty\netty-transport-native-epoll\4.1.73.Final\netty-transport-native-epoll-4.1.73.Final.jar;C:\Users\saral\.m2\repository\io\netty\netty-transport-native-kqueue\4.1.73.Final\netty-transport-native-kqueue-4.1.73.Final.jar;C:\Users\saral\.m2\repository\io\netty\netty-transport-native-unix-common\4.1.73.Final\netty-transport-native-unix-common-4.1.73.Final.jar;C:\Users\saral\.m2\repository\io\netty\netty-transport\4.1.73.Final\netty-transport-4.1.73.Final.jar;C:\Users\saral\.m2\repository\io\netty\netty-resolver\4.1.73.Final\netty-resolver-4.1.73.Final.jar;C:\Users\saral\.m2\repository\io\opentelemetry\opentelemetry-api\1.10.1\opentelemetry-api-1.10.1.jar;C:\Users\saral\.m2\repository\io\opentelemetry\opentelemetry-context\1.10.1\opentelemetry-context-1.10.1.jar;C:\Users\saral\.m2\repository\io\opentelemetry\opentelemetry-exporter-logging\1.10.1\opentelemetry-exporter-logging-1.10.1.jar;C:\Users\saral\.m2\repository\io\opentelemetry\opentelemetry-sdk-metrics\1.10.1-alpha\opentelemetry-sdk-metrics-1.10.1-alpha.jar;C:\Users\saral\.m2\repository\io\opentelemetry\opentelemetry-sdk-logs\1.10.1-alpha\opentelemetry-sdk-logs-1.10.1-alpha.jar;C:\Users\saral\.m2\repository\io\opentelemetry\opentelemetry-sdk-common\1.10.1\opentelemetry-sdk-common-1.10.1.jar;C:\Users\saral\.m2\repository\io\opentelemetry\opentelemetry-sdk-extension-autoconfigure-spi\1.10.1\opentelemetry-sdk-extension-autoconfigure-spi-1.10.1.jar;C:\Users\saral\.m2\repository\io\opentelemetry\opentelemetry-sdk-extension-autoconfigure\1.10.1-alpha\opentelemetry-sdk-extension-autoconfigure-1.10.1-alpha.jar;C:\Users\saral\.m2\repository\io\opentelemetry\opentelemetry-sdk-trace\1.10.1\opentelemetry-sdk-trace-1.10.1.jar;C:\Users\saral\.m2\repository\io\opentelemetry\opentelemetry-sdk\1.10.1\opentelemetry-sdk-1.10.1.jar;C:\Users\saral\.m2\repository\io\opentelemetry\opentelemetry-semconv\1.10.1-alpha\opentelemetry-semconv-1.10.1-alpha.jar;C:\Users\saral\.m2\repository\io\ous\jtoml\2.0.0\jtoml-2.0.0.jar;C:\Users\saral\.m2\repository\org\apache\commons\commons-exec\1.3\commons-exec-1.3.jar;C:\Users\saral\.m2\repository\org\asynchttpclient\async-http-client\2.12.3\async-http-client-2.12.3.jar;C:\Users\saral\.m2\repository\org\asynchttpclient\async-http-client-netty-utils\2.12.3\async-http-client-netty-utils-2.12.3.jar;C:\Users\saral\.m2\repository\io\netty\netty-codec-socks\4.1.60.Final\netty-codec-socks-4.1.60.Final.jar;C:\Users\saral\.m2\repository\io\netty\netty-handler-proxy\4.1.60.Final\netty-handler-proxy-4.1.60.Final.jar;C:\Users\saral\.m2\repository\io\netty\netty-transport-native-epoll\4.1.60.Final\netty-transport-native-epoll-4.1.60.Final-linux-x86_64.jar;C:\Users\saral\.m2\repository\io\netty\netty-transport-native-kqueue\4.1.60.Final\netty-transport-native-kqueue-4.1.60.Final-osx-x86_64.jar;C:\Users\saral\.m2\repository\org\reactivestreams\reactive-streams\1.0.3\reactive-streams-1.0.3.jar;C:\Users\saral\.m2\repository\com\typesafe\netty\netty-reactive-streams\2.0.4\netty-reactive-streams-2.0.4.jar;C:\Users\saral\.m2\repository\org\seleniumhq\selenium\selenium-http\4.1.2\selenium-http-4.1.2.jar;C:\Users\saral\.m2\repository\net\jodah\failsafe\2.4.4\failsafe-2.4.4.jar;C:\Users\saral\.m2\repository\org\seleniumhq\selenium\selenium-safari-driver\4.1.2\selenium-safari-driver-4.1.2.jar;C:\Users\saral\.m2\repository\org\seleniumhq\selenium\selenium-api\4.1.2\selenium-api-4.1.2.jar;C:\Users\saral\.m2\repository\org\seleniumhq\selenium\selenium-support\4.1.2\selenium-support-4.1.2.jar;C:\Users\saral\.m2\repository\com\google\auto\service\auto-service-annotations\1.0.1\auto-service-annotations-1.0.1.jar;C:\Users\saral\.m2\repository\com\google\auto\service\auto-service\1.0.1\auto-service-1.0.1.jar;C:\Users\saral\.m2\repository\com\google\auto\auto-common\1.2\auto-common-1.2.jar;C:\Users\saral\.m2\repository\org\seleniumhq\selenium\selenium-json\4.1.2\selenium-json-4.1.2.jar;C:\Users\saral\.m2\repository\org\seleniumhq\selenium\selenium-chrome-driver\4.1.2\selenium-chrome-driver-4.1.2.jar;C:\Users\saral\.m2\repository\org\seleniumhq\selenium\selenium-chromium-driver\4.1.2\selenium-chromium-driver-4.1.2.jar;C:\Users\saral\.m2\repository\org\seleniumhq\selenium\selenium-firefox-driver\4.1.2\selenium-firefox-driver-4.1.2.jar;C:\Users\saral\.m2\repository\org\seleniumhq\selenium\selenium-edge-driver\4.1.2\selenium-edge-driver-4.1.2.jar;C:\Users\saral\.m2\repository\org\seleniumhq\selenium\selenium-ie-driver\4.1.2\selenium-ie-driver-4.1.2.jar;C:\Users\saral\.m2\repository\org\projectlombok\lombok\1.18.20\lombok-1.18.20.jar;C:\Users\saral\.m2\repository\io\appium\java-client\8.0.0\java-client-8.0.0.jar;C:\Users\saral\.m2\repository\commons-validator\commons-validator\1.7\commons-validator-1.7.jar;C:\Users\saral\.m2\repository\commons-digester\commons-digester\2.1\commons-digester-2.1.jar;C:\Users\saral\.m2\repository\org\aspectj\aspectjweaver\1.9.8\aspectjweaver-1.9.8.jar;C:\Users\saral\.m2\repository\org\codehaus\groovy\groovy\3.0.10\groovy-3.0.10.jar;C:\Users\saral\.m2\repository\net\sf\opencsv\opencsv\2.0\opencsv-2.0.jar;C:\Users\saral\.m2\repository\commons-beanutils\commons-beanutils\1.9.4\commons-beanutils-1.9.4.jar;C:\Users\saral\.m2\repository\org\apache\commons\commons-lang3\3.12.0\commons-lang3-3.12.0.jar;C:\Users\saral\.m2\repository\commons-collections\commons-collections\3.2.2\commons-collections-3.2.2.jar;C:\Users\saral\.m2\repository\org\fluentlenium\fluentlenium-core\0.10.2\fluentlenium-core-0.10.2.jar;C:\Users\saral\.m2\repository\io\github\bonigarcia\webdrivermanager\5.1.0\webdrivermanager-5.1.0.jar;C:\Users\saral\.m2\repository\com\github\docker-java\docker-java\3.2.13\docker-java-3.2.13.jar;C:\Users\saral\.m2\repository\com\github\docker-java\docker-java-core\3.2.13\docker-java-core-3.2.13.jar;C:\Users\saral\.m2\repository\com\github\docker-java\docker-java-api\3.2.13\docker-java-api-3.2.13.jar;C:\Users\saral\.m2\repository\org\apache\commons\commons-compress\1.21\commons-compress-1.21.jar;C:\Users\saral\.m2\repository\org\bouncycastle\bcpkix-jdk15on\1.64\bcpkix-jdk15on-1.64.jar;C:\Users\saral\.m2\repository\org\bouncycastle\bcprov-jdk15on\1.64\bcprov-jdk15on-1.64.jar;C:\Users\saral\.m2\repository\org\slf4j\jcl-over-slf4j\1.7.30\jcl-over-slf4j-1.7.30.jar;C:\Users\saral\.m2\repository\com\github\docker-java\docker-java-transport-httpclient5\3.2.13\docker-java-transport-httpclient5-3.2.13.jar;C:\Users\saral\.m2\repository\com\github\docker-java\docker-java-transport\3.2.13\docker-java-transport-3.2.13.jar;C:\Users\saral\.m2\repository\org\apache\httpcomponents\client5\httpclient5\5.0.3\httpclient5-5.0.3.jar;C:\Users\saral\.m2\repository\org\apache\httpcomponents\core5\httpcore5\5.0.2\httpcore5-5.0.2.jar;C:\Users\saral\.m2\repository\net\java\dev\jna\jna\5.8.0\jna-5.8.0.jar;C:\Users\saral\.m2\repository\org\brotli\dec\0.1.2\dec-0.1.2.jar;C:\Users\saral\.m2\repository\com\jhlabs\filters\2.0.235\filters-2.0.235.jar;C:\Users\saral\.m2\repository\com\paulhammant\ngwebdriver\1.1.6\ngwebdriver-1.1.6.jar;C:\Users\saral\.m2\repository\joda-time\joda-time\2.8.2\joda-time-2.8.2.jar;C:\Users\saral\.m2\repository\org\hamcrest\hamcrest\2.2\hamcrest-2.2.jar;C:\Users\saral\.m2\repository\com\google\jimfs\jimfs\1.2\jimfs-1.2.jar;C:\Users\saral\.m2\repository\org\mockito\mockito-core\3.3.3\mockito-core-3.3.3.jar;C:\Users\saral\.m2\repository\javax\xml\bind\jaxb-api\2.3.1\jaxb-api-2.3.1.jar;C:\Users\saral\.m2\repository\javax\activation\javax.activation-api\1.2.0\javax.activation-api-1.2.0.jar;C:\Users\saral\.m2\repository\com\sun\xml\bind\jaxb-core\2.3.0.1\jaxb-core-2.3.0.1.jar;C:\Users\saral\.m2\repository\com\sun\xml\bind\jaxb-impl\2.3.3\jaxb-impl-2.3.3.jar;C:\Users\saral\.m2\repository\jakarta\xml\bind\jakarta.xml.bind-api\2.3.3\jakarta.xml.bind-api-2.3.3.jar;C:\Users\saral\.m2\repository\com\sun\activation\jakarta.activation\1.2.2\jakarta.activation-1.2.2.jar;C:\Users\saral\.m2\repository\javax\activation\activation\1.1.1\activation-1.1.1.jar;C:\Users\saral\.m2\repository\net\serenity-bdd\serenity-cucumber\3.2.1\serenity-cucumber-3.2.1.jar;C:\Users\saral\.m2\repository\io\cucumber\cucumber-core\7.2.3\cucumber-core-7.2.3.jar;C:\Users\saral\.m2\repository\io\cucumber\cucumber-gherkin\7.2.3\cucumber-gherkin-7.2.3.jar;C:\Users\saral\.m2\repository\io\cucumber\cucumber-gherkin-messages\7.2.3\cucumber-gherkin-messages-7.2.3.jar;C:\Users\saral\.m2\repository\io\cucumber\messages\17.1.1\messages-17.1.1.jar;C:\Users\saral\.m2\repository\io\cucumber\tag-expressions\4.1.0\tag-expressions-4.1.0.jar;C:\Users\saral\.m2\repository\io\cucumber\cucumber-expressions\15.0.1\cucumber-expressions-15.0.1.jar;C:\Users\saral\.m2\repository\io\cucumber\datatable\7.2.3\datatable-7.2.3.jar;C:\Users\saral\.m2\repository\io\cucumber\cucumber-plugin\7.2.3\cucumber-plugin-7.2.3.jar;C:\Users\saral\.m2\repository\io\cucumber\docstring\7.2.3\docstring-7.2.3.jar;C:\Users\saral\.m2\repository\io\cucumber\html-formatter\17.0.0\html-formatter-17.0.0.jar;C:\Users\saral\.m2\repository\io\cucumber\ci-environment\8.1.0\ci-environment-8.1.0.jar;C:\Users\saral\.m2\repository\io\cucumber\cucumber-junit\7.2.3\cucumber-junit-7.2.3.jar;C:\Users\saral\.m2\repository\org\apache\commons\commons-csv\1.5\commons-csv-1.5.jar;C:\Users\saral\.m2\repository\net\serenity-bdd\serenity-screenplay\3.2.1\serenity-screenplay-3.2.1.jar;C:\Users\saral\.m2\repository\net\serenity-bdd\serenity-screenplay-webdriver\3.2.1\serenity-screenplay-webdriver-3.2.1.jar;C:\Users\saral\.m2\repository\net\serenity-bdd\serenity-ensure\3.2.1\serenity-ensure-3.2.1.jar;C:\Users\saral\.m2\repository\net\serenity-bdd\serenity-junit\3.2.1\serenity-junit-3.2.1.jar;C:\Users\saral\.m2\repository\org\jetbrains\kotlin\kotlin-stdlib\1.6.0\kotlin-stdlib-1.6.0.jar;C:\Users\saral\.m2\repository\org\jetbrains\annotations\13.0\annotations-13.0.jar;C:\Users\saral\.m2\repository\org\jetbrains\kotlin\kotlin-stdlib-common\1.6.0\kotlin-stdlib-common-1.6.0.jar;C:\Users\saral\.m2\repository\org\junit\platform\junit-platform-launcher\1.8.1\junit-platform-launcher-1.8.1.jar;C:\Users\saral\.m2\repository\org\junit\platform\junit-platform-engine\1.8.1\junit-platform-engine-1.8.1.jar;C:\Users\saral\.m2\repository\org\opentest4j\opentest4j\1.2.0\opentest4j-1.2.0.jar;C:\Users\saral\.m2\repository\org\junit\platform\junit-platform-commons\1.8.1\junit-platform-commons-1.8.1.jar;C:\Users\saral\.m2\repository\org\apiguardian\apiguardian-api\1.1.2\apiguardian-api-1.1.2.jar;C:\Users\saral\.m2\repository\org\junit\jupiter\junit-jupiter-engine\5.8.2\junit-jupiter-engine-5.8.2.jar;C:\Users\saral\.m2\repository\org\junit\jupiter\junit-jupiter-api\5.8.2\junit-jupiter-api-5.8.2.jar;C:\Users\saral\.m2\repository\org\junit\vintage\junit-vintage-engine\5.8.2\junit-vintage-engine-5.8.2.jar;C:\Users\saral\.m2\repository\junit\junit\4.13.2\junit-4.13.2.jar;C:\Users\saral\.m2\repository\org\hamcrest\hamcrest-core\1.3\hamcrest-core-1.3.jar;C:\Users\saral\.m2\repository\ch\qos\logback\logback-classic\1.2.10\logback-classic-1.2.10.jar;C:\Users\saral\.m2\repository\ch\qos\logback\logback-core\1.2.10\logback-core-1.2.10.jar;C:\Users\saral\.m2\repository\org\slf4j\slf4j-api\1.7.32\slf4j-api-1.7.32.jar;C:\Users\saral\.m2\repository\org\assertj\assertj-core\3.6.2\assertj-core-3.6.2.jar;C:\Users\saral\.m2\repository\com\github\javafaker\javafaker\1.0.2\javafaker-1.0.2.jar;C:\Users\saral\.m2\repository\org\yaml\snakeyaml\1.23\snakeyaml-1.23-android.jar;C:\Users\saral\.m2\repository\com\github\mifmif\generex\1.0.2\generex-1.0.2.jar;C:\Users\saral\.m2\repository\dk\brics\automaton\automaton\1.11-8\automaton-1.11-8.jar;"/>
    <property name="java.vm.vendor" value="Oracle Corporation"/>
    <property name="sun.arch.data.model" value="64"/>
    <property name="user.variant" value=""/>
    <property name="java.vendor.url" value="https://openjdk.java.net/"/>
    <property name="user.timezone" value="Asia/Bangkok"/>
    <property name="log4j2.formatMsgNoLookups" value="true"/>
    <property name="java.vm.specification.version" value="11"/>
    <property name="os.name" value="Windows 10"/>
    <property name="sun.java.launcher" value="SUN_STANDARD"/>
    <property name="user.country" value="ID"/>
    <property name="sun.boot.library.path" value="C:\Program Files\Java\jdk-11.0.13\bin"/>
    <property name="sun.java.command" value="org.apache.maven.surefire.booter.ForkedBooter C:\Users\saral\AppData\Local\Temp\surefire17875717979518443942 2022-05-14T23-46-18_504-jvmRun1 surefire11055771444198706437tmp surefire_06924323802104924601tmp"/>
    <property name="jdk.debug" value="release"/>
    <property name="surefire.test.class.path" value="D:\Intern\MSIB Alterra\alterra-mini-project\Serenity UI Test\target\test-classes;C:\Users\saral\.m2\repository\net\serenity-bdd\serenity-core\3.2.1\serenity-core-3.2.1.jar;C:\Users\saral\.m2\repository\net\serenity-bdd\serenity-model\3.2.1\serenity-model-3.2.1.jar;C:\Users\saral\.m2\repository\org\apache\commons\commons-text\1.9\commons-text-1.9.jar;C:\Users\saral\.m2\repository\commons-net\commons-net\3.8.0\commons-net-3.8.0.jar;C:\Users\saral\.m2\repository\com\google\guava\guava\31.1-jre\guava-31.1-jre.jar;C:\Users\saral\.m2\repository\com\google\guava\failureaccess\1.0.1\failureaccess-1.0.1.jar;C:\Users\saral\.m2\repository\com\google\guava\listenablefuture\9999.0-empty-to-avoid-conflict-with-guava\listenablefuture-9999.0-empty-to-avoid-conflict-with-guava.jar;C:\Users\saral\.m2\repository\com\google\code\findbugs\jsr305\3.0.2\jsr305-3.0.2.jar;C:\Users\saral\.m2\repository\org\checkerframework\checker-qual\3.12.0\checker-qual-3.12.0.jar;C:\Users\saral\.m2\repository\com\google\errorprone\error_prone_annotations\2.11.0\error_prone_annotations-2.11.0.jar;C:\Users\saral\.m2\repository\com\google\j2objc\j2objc-annotations\1.3\j2objc-annotations-1.3.jar;C:\Users\saral\.m2\repository\com\google\inject\guice\5.1.0\guice-5.1.0.jar;C:\Users\saral\.m2\repository\javax\inject\javax.inject\1\javax.inject-1.jar;C:\Users\saral\.m2\repository\aopalliance\aopalliance\1.0\aopalliance-1.0.jar;C:\Users\saral\.m2\repository\org\jsoup\jsoup\1.14.3\jsoup-1.14.3.jar;C:\Users\saral\.m2\repository\com\thoughtworks\xstream\xstream\1.4.19\xstream-1.4.19.jar;C:\Users\saral\.m2\repository\io\github\x-stream\mxparser\1.2.2\mxparser-1.2.2.jar;C:\Users\saral\.m2\repository\xmlpull\xmlpull\1.1.3.1\xmlpull-1.1.3.1.jar;C:\Users\saral\.m2\repository\io\cucumber\cucumber-java\7.2.3\cucumber-java-7.2.3.jar;C:\Users\saral\.m2\repository\com\typesafe\config\1.4.2\config-1.4.2.jar;C:\Users\saral\.m2\repository\org\imgscalr\imgscalr-lib\4.2\imgscalr-lib-4.2.jar;C:\Users\saral\.m2\repository\org\awaitility\awaitility\4.2.0\awaitility-4.2.0.jar;C:\Users\saral\.m2\repository\org\freemarker\freemarker\2.3.31\freemarker-2.3.31.jar;C:\Users\saral\.m2\repository\io\github\classgraph\classgraph\4.8.138\classgraph-4.8.138.jar;C:\Users\saral\.m2\repository\net\sourceforge\jexcelapi\jxl\2.6.12\jxl-2.6.12.jar;C:\Users\saral\.m2\repository\net\bytebuddy\byte-buddy\1.12.8\byte-buddy-1.12.8.jar;C:\Users\saral\.m2\repository\net\bytebuddy\byte-buddy-agent\1.12.8\byte-buddy-agent-1.12.8.jar;C:\Users\saral\.m2\repository\org\objenesis\objenesis\3.1\objenesis-3.1.jar;C:\Users\saral\.m2\repository\net\serenity-bdd\serenity-reports\3.2.1\serenity-reports-3.2.1.jar;C:\Users\saral\.m2\repository\net\serenity-bdd\serenity-stats\3.2.1\serenity-stats-3.2.1.jar;C:\Users\saral\.m2\repository\net\serenity-bdd\serenity-reports-configuration\3.2.1\serenity-reports-configuration-3.2.1.jar;C:\Users\saral\.m2\repository\com\vladsch\flexmark\flexmark-all\0.34.30\flexmark-all-0.34.30.jar;C:\Users\saral\.m2\repository\com\vladsch\flexmark\flexmark\0.34.30\flexmark-0.34.30.jar;C:\Users\saral\.m2\repository\com\vladsch\flexmark\flexmark-ext-abbreviation\0.34.30\flexmark-ext-abbreviation-0.34.30.jar;C:\Users\saral\.m2\repository\com\vladsch\flexmark\flexmark-ext-admonition\0.34.30\flexmark-ext-admonition-0.34.30.jar;C:\Users\saral\.m2\repository\com\vladsch\flexmark\flexmark-ext-anchorlink\0.34.30\flexmark-ext-anchorlink-0.34.30.jar;C:\Users\saral\.m2\repository\com\vladsch\flexmark\flexmark-ext-aside\0.34.30\flexmark-ext-aside-0.34.30.jar;C:\Users\saral\.m2\repository\com\vladsch\flexmark\flexmark-ext-attributes\0.34.30\flexmark-ext-attributes-0.34.30.jar;C:\Users\saral\.m2\repository\com\vladsch\flexmark\flexmark-ext-autolink\0.34.30\flexmark-ext-autolink-0.34.30.jar;C:\Users\saral\.m2\repository\org\nibor\autolink\autolink\0.6.0\autolink-0.6.0.jar;C:\Users\saral\.m2\repository\com\vladsch\flexmark\flexmark-ext-definition\0.34.30\flexmark-ext-definition-0.34.30.jar;C:\Users\saral\.m2\repository\com\vladsch\flexmark\flexmark-ext-emoji\0.34.30\flexmark-ext-emoji-0.34.30.jar;C:\Users\saral\.m2\repository\com\vladsch\flexmark\flexmark-ext-enumerated-reference\0.34.30\flexmark-ext-enumerated-reference-0.34.30.jar;C:\Users\saral\.m2\repository\com\vladsch\flexmark\flexmark-ext-escaped-character\0.34.30\flexmark-ext-escaped-character-0.34.30.jar;C:\Users\saral\.m2\repository\com\vladsch\flexmark\flexmark-ext-footnotes\0.34.30\flexmark-ext-footnotes-0.34.30.jar;C:\Users\saral\.m2\repository\com\vladsch\flexmark\flexmark-ext-gfm-issues\0.34.30\flexmark-ext-gfm-issues-0.34.30.jar;C:\Users\saral\.m2\repository\com\vladsch\flexmark\flexmark-ext-gfm-strikethrough\0.34.30\flexmark-ext-gfm-strikethrough-0.34.30.jar;C:\Users\saral\.m2\repository\com\vladsch\flexmark\flexmark-ext-gfm-tables\0.34.30\flexmark-ext-gfm-tables-0.34.30.jar;C:\Users\saral\.m2\repository\com\vladsch\flexmark\flexmark-ext-gfm-tasklist\0.34.30\flexmark-ext-gfm-tasklist-0.34.30.jar;C:\Users\saral\.m2\repository\com\vladsch\flexmark\flexmark-ext-gfm-users\0.34.30\flexmark-ext-gfm-users-0.34.30.jar;C:\Users\saral\.m2\repository\com\vladsch\flexmark\flexmark-ext-gitlab\0.34.30\flexmark-ext-gitlab-0.34.30.jar;C:\Users\saral\.m2\repository\com\vladsch\flexmark\flexmark-ext-jekyll-front-matter\0.34.30\flexmark-ext-jekyll-front-matter-0.34.30.jar;C:\Users\saral\.m2\repository\com\vladsch\flexmark\flexmark-ext-jekyll-tag\0.34.30\flexmark-ext-jekyll-tag-0.34.30.jar;C:\Users\saral\.m2\repository\com\vladsch\flexmark\flexmark-ext-media-tags\0.34.30\flexmark-ext-media-tags-0.34.30.jar;C:\Users\saral\.m2\repository\com\vladsch\flexmark\flexmark-test-util\0.34.30\flexmark-test-util-0.34.30.jar;C:\Users\saral\.m2\repository\com\vladsch\flexmark\flexmark-ext-ins\0.34.30\flexmark-ext-ins-0.34.30.jar;C:\Users\saral\.m2\repository\com\vladsch\flexmark\flexmark-ext-xwiki-macros\0.34.30\flexmark-ext-xwiki-macros-0.34.30.jar;C:\Users\saral\.m2\repository\com\vladsch\flexmark\flexmark-ext-superscript\0.34.30\flexmark-ext-superscript-0.34.30.jar;C:\Users\saral\.m2\repository\com\vladsch\flexmark\flexmark-ext-tables\0.34.30\flexmark-ext-tables-0.34.30.jar;C:\Users\saral\.m2\repository\com\vladsch\flexmark\flexmark-ext-toc\0.34.30\flexmark-ext-toc-0.34.30.jar;C:\Users\saral\.m2\repository\com\vladsch\flexmark\flexmark-ext-typographic\0.34.30\flexmark-ext-typographic-0.34.30.jar;C:\Users\saral\.m2\repository\com\vladsch\flexmark\flexmark-ext-wikilink\0.34.30\flexmark-ext-wikilink-0.34.30.jar;C:\Users\saral\.m2\repository\com\vladsch\flexmark\flexmark-ext-yaml-front-matter\0.34.30\flexmark-ext-yaml-front-matter-0.34.30.jar;C:\Users\saral\.m2\repository\com\vladsch\flexmark\flexmark-ext-youtube-embedded\0.34.30\flexmark-ext-youtube-embedded-0.34.30.jar;C:\Users\saral\.m2\repository\com\vladsch\flexmark\flexmark-formatter\0.34.30\flexmark-formatter-0.34.30.jar;C:\Users\saral\.m2\repository\com\vladsch\flexmark\flexmark-html-parser\0.34.30\flexmark-html-parser-0.34.30.jar;C:\Users\saral\.m2\repository\com\vladsch\flexmark\flexmark-jira-converter\0.34.30\flexmark-jira-converter-0.34.30.jar;C:\Users\saral\.m2\repository\com\vladsch\flexmark\flexmark-pdf-converter\0.34.30\flexmark-pdf-converter-0.34.30.jar;C:\Users\saral\.m2\repository\com\openhtmltopdf\openhtmltopdf-core\0.0.1-RC13\openhtmltopdf-core-0.0.1-RC13.jar;C:\Users\saral\.m2\repository\com\openhtmltopdf\openhtmltopdf-pdfbox\0.0.1-RC13\openhtmltopdf-pdfbox-0.0.1-RC13.jar;C:\Users\saral\.m2\repository\org\apache\pdfbox\pdfbox\2.0.8\pdfbox-2.0.8.jar;C:\Users\saral\.m2\repository\org\apache\pdfbox\fontbox\2.0.8\fontbox-2.0.8.jar;C:\Users\saral\.m2\repository\commons-logging\commons-logging\1.2\commons-logging-1.2.jar;C:\Users\saral\.m2\repository\org\apache\pdfbox\xmpbox\2.0.8\xmpbox-2.0.8.jar;C:\Users\saral\.m2\repository\de\rototor\pdfbox\graphics2d\0.12\graphics2d-0.12.jar;C:\Users\saral\.m2\repository\com\openhtmltopdf\openhtmltopdf-rtl-support\0.0.1-RC13\openhtmltopdf-rtl-support-0.0.1-RC13.jar;C:\Users\saral\.m2\repository\com\ibm\icu\icu4j\59.1\icu4j-59.1.jar;C:\Users\saral\.m2\repository\com\openhtmltopdf\openhtmltopdf-jsoup-dom-converter\0.0.1-RC13\openhtmltopdf-jsoup-dom-converter-0.0.1-RC13.jar;C:\Users\saral\.m2\repository\com\vladsch\flexmark\flexmark-profile-pegdown\0.34.30\flexmark-profile-pegdown-0.34.30.jar;C:\Users\saral\.m2\repository\com\vladsch\flexmark\flexmark-util\0.34.30\flexmark-util-0.34.30.jar;C:\Users\saral\.m2\repository\com\vladsch\flexmark\flexmark-youtrack-converter\0.34.30\flexmark-youtrack-converter-0.34.30.jar;C:\Users\saral\.m2\repository\es\nitaur\markdown\txtmark\0.16\txtmark-0.16.jar;C:\Users\saral\.m2\repository\net\serenity-bdd\serenity-report-resources\3.2.1\serenity-report-resources-3.2.1.jar;C:\Users\saral\.m2\repository\com\google\code\gson\gson\2.9.0\gson-2.9.0.jar;C:\Users\saral\.m2\repository\com\fasterxml\jackson\core\jackson-core\2.13.2\jackson-core-2.13.2.jar;C:\Users\saral\.m2\repository\com\fasterxml\jackson\core\jackson-databind\2.13.2\jackson-databind-2.13.2.jar;C:\Users\saral\.m2\repository\com\fasterxml\jackson\core\jackson-annotations\2.13.2\jackson-annotations-2.13.2.jar;C:\Users\saral\.m2\repository\commons-codec\commons-codec\1.15\commons-codec-1.15.jar;C:\Users\saral\.m2\repository\commons-io\commons-io\2.11.0\commons-io-2.11.0.jar;C:\Users\saral\.m2\repository\org\seleniumhq\selenium\selenium-java\4.1.2\selenium-java-4.1.2.jar;C:\Users\saral\.m2\repository\org\seleniumhq\selenium\selenium-devtools-v85\4.1.2\selenium-devtools-v85-4.1.2.jar;C:\Users\saral\.m2\repository\org\seleniumhq\selenium\selenium-devtools-v95\4.1.2\selenium-devtools-v95-4.1.2.jar;C:\Users\saral\.m2\repository\org\seleniumhq\selenium\selenium-devtools-v96\4.1.2\selenium-devtools-v96-4.1.2.jar;C:\Users\saral\.m2\repository\org\seleniumhq\selenium\selenium-devtools-v97\4.1.2\selenium-devtools-v97-4.1.2.jar;C:\Users\saral\.m2\repository\org\seleniumhq\selenium\selenium-firefox-xpi-driver\4.1.2\selenium-firefox-xpi-driver-4.1.2.jar;C:\Users\saral\.m2\repository\org\seleniumhq\selenium\selenium-opera-driver\4.1.2\selenium-opera-driver-4.1.2.jar;C:\Users\saral\.m2\repository\org\seleniumhq\selenium\selenium-remote-driver\4.1.2\selenium-remote-driver-4.1.2.jar;C:\Users\saral\.m2\repository\com\beust\jcommander\1.82\jcommander-1.82.jar;C:\Users\saral\.m2\repository\io\netty\netty-buffer\4.1.73.Final\netty-buffer-4.1.73.Final.jar;C:\Users\saral\.m2\repository\io\netty\netty-codec-http\4.1.73.Final\netty-codec-http-4.1.73.Final.jar;C:\Users\saral\.m2\repository\io\netty\netty-codec\4.1.73.Final\netty-codec-4.1.73.Final.jar;C:\Users\saral\.m2\repository\io\netty\netty-handler\4.1.73.Final\netty-handler-4.1.73.Final.jar;C:\Users\saral\.m2\repository\io\netty\netty-tcnative-classes\2.0.46.Final\netty-tcnative-classes-2.0.46.Final.jar;C:\Users\saral\.m2\repository\io\netty\netty-common\4.1.73.Final\netty-common-4.1.73.Final.jar;C:\Users\saral\.m2\repository\io\netty\netty-transport-classes-epoll\4.1.73.Final\netty-transport-classes-epoll-4.1.73.Final.jar;C:\Users\saral\.m2\repository\io\netty\netty-transport-classes-kqueue\4.1.73.Final\netty-transport-classes-kqueue-4.1.73.Final.jar;C:\Users\saral\.m2\repository\io\netty\netty-transport-native-epoll\4.1.73.Final\netty-transport-native-epoll-4.1.73.Final.jar;C:\Users\saral\.m2\repository\io\netty\netty-transport-native-kqueue\4.1.73.Final\netty-transport-native-kqueue-4.1.73.Final.jar;C:\Users\saral\.m2\repository\io\netty\netty-transport-native-unix-common\4.1.73.Final\netty-transport-native-unix-common-4.1.73.Final.jar;C:\Users\saral\.m2\repository\io\netty\netty-transport\4.1.73.Final\netty-transport-4.1.73.Final.jar;C:\Users\saral\.m2\repository\io\netty\netty-resolver\4.1.73.Final\netty-resolver-4.1.73.Final.jar;C:\Users\saral\.m2\repository\io\opentelemetry\opentelemetry-api\1.10.1\opentelemetry-api-1.10.1.jar;C:\Users\saral\.m2\repository\io\opentelemetry\opentelemetry-context\1.10.1\opentelemetry-context-1.10.1.jar;C:\Users\saral\.m2\repository\io\opentelemetry\opentelemetry-exporter-logging\1.10.1\opentelemetry-exporter-logging-1.10.1.jar;C:\Users\saral\.m2\repository\io\opentelemetry\opentelemetry-sdk-metrics\1.10.1-alpha\opentelemetry-sdk-metrics-1.10.1-alpha.jar;C:\Users\saral\.m2\repository\io\opentelemetry\opentelemetry-sdk-logs\1.10.1-alpha\opentelemetry-sdk-logs-1.10.1-alpha.jar;C:\Users\saral\.m2\repository\io\opentelemetry\opentelemetry-sdk-common\1.10.1\opentelemetry-sdk-common-1.10.1.jar;C:\Users\saral\.m2\repository\io\opentelemetry\opentelemetry-sdk-extension-autoconfigure-spi\1.10.1\opentelemetry-sdk-extension-autoconfigure-spi-1.10.1.jar;C:\Users\saral\.m2\repository\io\opentelemetry\opentelemetry-sdk-extension-autoconfigure\1.10.1-alpha\opentelemetry-sdk-extension-autoconfigure-1.10.1-alpha.jar;C:\Users\saral\.m2\repository\io\opentelemetry\opentelemetry-sdk-trace\1.10.1\opentelemetry-sdk-trace-1.10.1.jar;C:\Users\saral\.m2\repository\io\opentelemetry\opentelemetry-sdk\1.10.1\opentelemetry-sdk-1.10.1.jar;C:\Users\saral\.m2\repository\io\opentelemetry\opentelemetry-semconv\1.10.1-alpha\opentelemetry-semconv-1.10.1-alpha.jar;C:\Users\saral\.m2\repository\io\ous\jtoml\2.0.0\jtoml-2.0.0.jar;C:\Users\saral\.m2\repository\org\apache\commons\commons-exec\1.3\commons-exec-1.3.jar;C:\Users\saral\.m2\repository\org\asynchttpclient\async-http-client\2.12.3\async-http-client-2.12.3.jar;C:\Users\saral\.m2\repository\org\asynchttpclient\async-http-client-netty-utils\2.12.3\async-http-client-netty-utils-2.12.3.jar;C:\Users\saral\.m2\repository\io\netty\netty-codec-socks\4.1.60.Final\netty-codec-socks-4.1.60.Final.jar;C:\Users\saral\.m2\repository\io\netty\netty-handler-proxy\4.1.60.Final\netty-handler-proxy-4.1.60.Final.jar;C:\Users\saral\.m2\repository\io\netty\netty-transport-native-epoll\4.1.60.Final\netty-transport-native-epoll-4.1.60.Final-linux-x86_64.jar;C:\Users\saral\.m2\repository\io\netty\netty-transport-native-kqueue\4.1.60.Final\netty-transport-native-kqueue-4.1.60.Final-osx-x86_64.jar;C:\Users\saral\.m2\repository\org\reactivestreams\reactive-streams\1.0.3\reactive-streams-1.0.3.jar;C:\Users\saral\.m2\repository\com\typesafe\netty\netty-reactive-streams\2.0.4\netty-reactive-streams-2.0.4.jar;C:\Users\saral\.m2\repository\org\seleniumhq\selenium\selenium-http\4.1.2\selenium-http-4.1.2.jar;C:\Users\saral\.m2\repository\net\jodah\failsafe\2.4.4\failsafe-2.4.4.jar;C:\Users\saral\.m2\repository\org\seleniumhq\selenium\selenium-safari-driver\4.1.2\selenium-safari-driver-4.1.2.jar;C:\Users\saral\.m2\repository\org\seleniumhq\selenium\selenium-api\4.1.2\selenium-api-4.1.2.jar;C:\Users\saral\.m2\repository\org\seleniumhq\selenium\selenium-support\4.1.2\selenium-support-4.1.2.jar;C:\Users\saral\.m2\repository\com\google\auto\service\auto-service-annotations\1.0.1\auto-service-annotations-1.0.1.jar;C:\Users\saral\.m2\repository\com\google\auto\service\auto-service\1.0.1\auto-service-1.0.1.jar;C:\Users\saral\.m2\repository\com\google\auto\auto-common\1.2\auto-common-1.2.jar;C:\Users\saral\.m2\repository\org\seleniumhq\selenium\selenium-json\4.1.2\selenium-json-4.1.2.jar;C:\Users\saral\.m2\repository\org\seleniumhq\selenium\selenium-chrome-driver\4.1.2\selenium-chrome-driver-4.1.2.jar;C:\Users\saral\.m2\repository\org\seleniumhq\selenium\selenium-chromium-driver\4.1.2\selenium-chromium-driver-4.1.2.jar;C:\Users\saral\.m2\repository\org\seleniumhq\selenium\selenium-firefox-driver\4.1.2\selenium-firefox-driver-4.1.2.jar;C:\Users\saral\.m2\repository\org\seleniumhq\selenium\selenium-edge-driver\4.1.2\selenium-edge-driver-4.1.2.jar;C:\Users\saral\.m2\repository\org\seleniumhq\selenium\selenium-ie-driver\4.1.2\selenium-ie-driver-4.1.2.jar;C:\Users\saral\.m2\repository\org\projectlombok\lombok\1.18.20\lombok-1.18.20.jar;C:\Users\saral\.m2\repository\io\appium\java-client\8.0.0\java-client-8.0.0.jar;C:\Users\saral\.m2\repository\commons-validator\commons-validator\1.7\commons-validator-1.7.jar;C:\Users\saral\.m2\repository\commons-digester\commons-digester\2.1\commons-digester-2.1.jar;C:\Users\saral\.m2\repository\org\aspectj\aspectjweaver\1.9.8\aspectjweaver-1.9.8.jar;C:\Users\saral\.m2\repository\org\codehaus\groovy\groovy\3.0.10\groovy-3.0.10.jar;C:\Users\saral\.m2\repository\net\sf\opencsv\opencsv\2.0\opencsv-2.0.jar;C:\Users\saral\.m2\repository\commons-beanutils\commons-beanutils\1.9.4\commons-beanutils-1.9.4.jar;C:\Users\saral\.m2\repository\org\apache\commons\commons-lang3\3.12.0\commons-lang3-3.12.0.jar;C:\Users\saral\.m2\repository\commons-collections\commons-collections\3.2.2\commons-collections-3.2.2.jar;C:\Users\saral\.m2\repository\org\fluentlenium\fluentlenium-core\0.10.2\fluentlenium-core-0.10.2.jar;C:\Users\saral\.m2\repository\io\github\bonigarcia\webdrivermanager\5.1.0\webdrivermanager-5.1.0.jar;C:\Users\saral\.m2\repository\com\github\docker-java\docker-java\3.2.13\docker-java-3.2.13.jar;C:\Users\saral\.m2\repository\com\github\docker-java\docker-java-core\3.2.13\docker-java-core-3.2.13.jar;C:\Users\saral\.m2\repository\com\github\docker-java\docker-java-api\3.2.13\docker-java-api-3.2.13.jar;C:\Users\saral\.m2\repository\org\apache\commons\commons-compress\1.21\commons-compress-1.21.jar;C:\Users\saral\.m2\repository\org\bouncycastle\bcpkix-jdk15on\1.64\bcpkix-jdk15on-1.64.jar;C:\Users\saral\.m2\repository\org\bouncycastle\bcprov-jdk15on\1.64\bcprov-jdk15on-1.64.jar;C:\Users\saral\.m2\repository\org\slf4j\jcl-over-slf4j\1.7.30\jcl-over-slf4j-1.7.30.jar;C:\Users\saral\.m2\repository\com\github\docker-java\docker-java-transport-httpclient5\3.2.13\docker-java-transport-httpclient5-3.2.13.jar;C:\Users\saral\.m2\repository\com\github\docker-java\docker-java-transport\3.2.13\docker-java-transport-3.2.13.jar;C:\Users\saral\.m2\repository\org\apache\httpcomponents\client5\httpclient5\5.0.3\httpclient5-5.0.3.jar;C:\Users\saral\.m2\repository\org\apache\httpcomponents\core5\httpcore5\5.0.2\httpcore5-5.0.2.jar;C:\Users\saral\.m2\repository\net\java\dev\jna\jna\5.8.0\jna-5.8.0.jar;C:\Users\saral\.m2\repository\org\brotli\dec\0.1.2\dec-0.1.2.jar;C:\Users\saral\.m2\repository\com\jhlabs\filters\2.0.235\filters-2.0.235.jar;C:\Users\saral\.m2\repository\com\paulhammant\ngwebdriver\1.1.6\ngwebdriver-1.1.6.jar;C:\Users\saral\.m2\repository\joda-time\joda-time\2.8.2\joda-time-2.8.2.jar;C:\Users\saral\.m2\repository\org\hamcrest\hamcrest\2.2\hamcrest-2.2.jar;C:\Users\saral\.m2\repository\com\google\jimfs\jimfs\1.2\jimfs-1.2.jar;C:\Users\saral\.m2\repository\org\mockito\mockito-core\3.3.3\mockito-core-3.3.3.jar;C:\Users\saral\.m2\repository\javax\xml\bind\jaxb-api\2.3.1\jaxb-api-2.3.1.jar;C:\Users\saral\.m2\repository\javax\activation\javax.activation-api\1.2.0\javax.activation-api-1.2.0.jar;C:\Users\saral\.m2\repository\com\sun\xml\bind\jaxb-core\2.3.0.1\jaxb-core-2.3.0.1.jar;C:\Users\saral\.m2\repository\com\sun\xml\bind\jaxb-impl\2.3.3\jaxb-impl-2.3.3.jar;C:\Users\saral\.m2\repository\jakarta\xml\bind\jakarta.xml.bind-api\2.3.3\jakarta.xml.bind-api-2.3.3.jar;C:\Users\saral\.m2\repository\com\sun\activation\jakarta.activation\1.2.2\jakarta.activation-1.2.2.jar;C:\Users\saral\.m2\repository\javax\activation\activation\1.1.1\activation-1.1.1.jar;C:\Users\saral\.m2\repository\net\serenity-bdd\serenity-cucumber\3.2.1\serenity-cucumber-3.2.1.jar;C:\Users\saral\.m2\repository\io\cucumber\cucumber-core\7.2.3\cucumber-core-7.2.3.jar;C:\Users\saral\.m2\repository\io\cucumber\cucumber-gherkin\7.2.3\cucumber-gherkin-7.2.3.jar;C:\Users\saral\.m2\repository\io\cucumber\cucumber-gherkin-messages\7.2.3\cucumber-gherkin-messages-7.2.3.jar;C:\Users\saral\.m2\repository\io\cucumber\messages\17.1.1\messages-17.1.1.jar;C:\Users\saral\.m2\repository\io\cucumber\tag-expressions\4.1.0\tag-expressions-4.1.0.jar;C:\Users\saral\.m2\repository\io\cucumber\cucumber-expressions\15.0.1\cucumber-expressions-15.0.1.jar;C:\Users\saral\.m2\repository\io\cucumber\datatable\7.2.3\datatable-7.2.3.jar;C:\Users\saral\.m2\repository\io\cucumber\cucumber-plugin\7.2.3\cucumber-plugin-7.2.3.jar;C:\Users\saral\.m2\repository\io\cucumber\docstring\7.2.3\docstring-7.2.3.jar;C:\Users\saral\.m2\repository\io\cucumber\html-formatter\17.0.0\html-formatter-17.0.0.jar;C:\Users\saral\.m2\repository\io\cucumber\ci-environment\8.1.0\ci-environment-8.1.0.jar;C:\Users\saral\.m2\repository\io\cucumber\cucumber-junit\7.2.3\cucumber-junit-7.2.3.jar;C:\Users\saral\.m2\repository\org\apache\commons\commons-csv\1.5\commons-csv-1.5.jar;C:\Users\saral\.m2\repository\net\serenity-bdd\serenity-screenplay\3.2.1\serenity-screenplay-3.2.1.jar;C:\Users\saral\.m2\repository\net\serenity-bdd\serenity-screenplay-webdriver\3.2.1\serenity-screenplay-webdriver-3.2.1.jar;C:\Users\saral\.m2\repository\net\serenity-bdd\serenity-ensure\3.2.1\serenity-ensure-3.2.1.jar;C:\Users\saral\.m2\repository\net\serenity-bdd\serenity-junit\3.2.1\serenity-junit-3.2.1.jar;C:\Users\saral\.m2\repository\org\jetbrains\kotlin\kotlin-stdlib\1.6.0\kotlin-stdlib-1.6.0.jar;C:\Users\saral\.m2\repository\org\jetbrains\annotations\13.0\annotations-13.0.jar;C:\Users\saral\.m2\repository\org\jetbrains\kotlin\kotlin-stdlib-common\1.6.0\kotlin-stdlib-common-1.6.0.jar;C:\Users\saral\.m2\repository\org\junit\platform\junit-platform-launcher\1.8.1\junit-platform-launcher-1.8.1.jar;C:\Users\saral\.m2\repository\org\junit\platform\junit-platform-engine\1.8.1\junit-platform-engine-1.8.1.jar;C:\Users\saral\.m2\repository\org\opentest4j\opentest4j\1.2.0\opentest4j-1.2.0.jar;C:\Users\saral\.m2\repository\org\junit\platform\junit-platform-commons\1.8.1\junit-platform-commons-1.8.1.jar;C:\Users\saral\.m2\repository\org\apiguardian\apiguardian-api\1.1.2\apiguardian-api-1.1.2.jar;C:\Users\saral\.m2\repository\org\junit\jupiter\junit-jupiter-engine\5.8.2\junit-jupiter-engine-5.8.2.jar;C:\Users\saral\.m2\repository\org\junit\jupiter\junit-jupiter-api\5.8.2\junit-jupiter-api-5.8.2.jar;C:\Users\saral\.m2\repository\org\junit\vintage\junit-vintage-engine\5.8.2\junit-vintage-engine-5.8.2.jar;C:\Users\saral\.m2\repository\junit\junit\4.13.2\junit-4.13.2.jar;C:\Users\saral\.m2\repository\org\hamcrest\hamcrest-core\1.3\hamcrest-core-1.3.jar;C:\Users\saral\.m2\repository\ch\qos\logback\logback-classic\1.2.10\logback-classic-1.2.10.jar;C:\Users\saral\.m2\repository\ch\qos\logback\logback-core\1.2.10\logback-core-1.2.10.jar;C:\Users\saral\.m2\repository\org\slf4j\slf4j-api\1.7.32\slf4j-api-1.7.32.jar;C:\Users\saral\.m2\repository\org\assertj\assertj-core\3.6.2\assertj-core-3.6.2.jar;C:\Users\saral\.m2\repository\com\github\javafaker\javafaker\1.0.2\javafaker-1.0.2.jar;C:\Users\saral\.m2\repository\org\yaml\snakeyaml\1.23\snakeyaml-1.23-android.jar;C:\Users\saral\.m2\repository\com\github\mifmif\generex\1.0.2\generex-1.0.2.jar;C:\Users\saral\.m2\repository\dk\brics\automaton\automaton\1.11-8\automaton-1.11-8.jar;"/>
    <property name="sun.cpu.endian" value="little"/>
    <property name="user.home" value="C:\Users\saral"/>
    <property name="user.language" value="en"/>
    <property name="java.specification.vendor" value="Oracle Corporation"/>
    <property name="jdk.module.path" value="D:\Intern\MSIB Alterra\alterra-mini-project\Serenity UI Test\target\MiniProject-1.0-SNAPSHOT.jar"/>
    <property name="java.version.date" value="2021-10-19"/>
    <property name="java.home" value="C:\Program Files\Java\jdk-11.0.13"/>
    <property name="file.separator" value="\"/>
    <property name="basedir" value="D:\Intern\MSIB Alterra\alterra-mini-project\Serenity UI Test"/>
    <property name="java.vm.compressedOopsMode" value="Zero based"/>
    <property name="line.separator" value="&#10;"/>
    <property name="java.specification.name" value="Java Platform API Specification"/>
    <property name="java.vm.specification.vendor" value="Oracle Corporation"/>
    <property name="java.awt.graphicsenv" value="sun.awt.Win32GraphicsEnvironment"/>
    <property name="surefire.real.class.path" value="C:\Users\saral\.m2\repository\org\apache\maven\surefire\surefire-booter\3.0.0-M5\surefire-booter-3.0.0-M5.jar;C:\Users\saral\.m2\repository\org\apache\maven\surefire\surefire-api\3.0.0-M5\surefire-api-3.0.0-M5.jar;C:\Users\saral\.m2\repository\org\apache\maven\surefire\surefire-logger-api\3.0.0-M5\surefire-logger-api-3.0.0-M5.jar;C:\Users\saral\.m2\repository\org\apache\maven\surefire\surefire-shared-utils\3.0.0-M4\surefire-shared-utils-3.0.0-M4.jar;C:\Users\saral\.m2\repository\org\apache\maven\surefire\surefire-extensions-spi\3.0.0-M5\surefire-extensions-spi-3.0.0-M5.jar;D:\Intern\MSIB Alterra\alterra-mini-project\Serenity UI Test\target\test-classes;C:\Users\saral\.m2\repository\net\serenity-bdd\serenity-core\3.2.1\serenity-core-3.2.1.jar;C:\Users\saral\.m2\repository\net\serenity-bdd\serenity-model\3.2.1\serenity-model-3.2.1.jar;C:\Users\saral\.m2\repository\org\apache\commons\commons-text\1.9\commons-text-1.9.jar;C:\Users\saral\.m2\repository\commons-net\commons-net\3.8.0\commons-net-3.8.0.jar;C:\Users\saral\.m2\repository\com\google\guava\guava\31.1-jre\guava-31.1-jre.jar;C:\Users\saral\.m2\repository\com\google\guava\failureaccess\1.0.1\failureaccess-1.0.1.jar;C:\Users\saral\.m2\repository\com\google\guava\listenablefuture\9999.0-empty-to-avoid-conflict-with-guava\listenablefuture-9999.0-empty-to-avoid-conflict-with-guava.jar;C:\Users\saral\.m2\repository\com\google\code\findbugs\jsr305\3.0.2\jsr305-3.0.2.jar;C:\Users\saral\.m2\repository\org\checkerframework\checker-qual\3.12.0\checker-qual-3.12.0.jar;C:\Users\saral\.m2\repository\com\google\errorprone\error_prone_annotations\2.11.0\error_prone_annotations-2.11.0.jar;C:\Users\saral\.m2\repository\com\google\j2objc\j2objc-annotations\1.3\j2objc-annotations-1.3.jar;C:\Users\saral\.m2\repository\com\google\inject\guice\5.1.0\guice-5.1.0.jar;C:\Users\saral\.m2\repository\javax\inject\javax.inject\1\javax.inject-1.jar;C:\Users\saral\.m2\repository\aopalliance\aopalliance\1.0\aopalliance-1.0.jar;C:\Users\saral\.m2\repository\org\jsoup\jsoup\1.14.3\jsoup-1.14.3.jar;C:\Users\saral\.m2\repository\com\thoughtworks\xstream\xstream\1.4.19\xstream-1.4.19.jar;C:\Users\saral\.m2\repository\io\github\x-stream\mxparser\1.2.2\mxparser-1.2.2.jar;C:\Users\saral\.m2\repository\xmlpull\xmlpull\1.1.3.1\xmlpull-1.1.3.1.jar;C:\Users\saral\.m2\repository\io\cucumber\cucumber-java\7.2.3\cucumber-java-7.2.3.jar;C:\Users\saral\.m2\repository\com\typesafe\config\1.4.2\config-1.4.2.jar;C:\Users\saral\.m2\repository\org\imgscalr\imgscalr-lib\4.2\imgscalr-lib-4.2.jar;C:\Users\saral\.m2\repository\org\awaitility\awaitility\4.2.0\awaitility-4.2.0.jar;C:\Users\saral\.m2\repository\org\freemarker\freemarker\2.3.31\freemarker-2.3.31.jar;C:\Users\saral\.m2\repository\io\github\classgraph\classgraph\4.8.138\classgraph-4.8.138.jar;C:\Users\saral\.m2\repository\net\sourceforge\jexcelapi\jxl\2.6.12\jxl-2.6.12.jar;C:\Users\saral\.m2\repository\net\bytebuddy\byte-buddy\1.12.8\byte-buddy-1.12.8.jar;C:\Users\saral\.m2\repository\net\bytebuddy\byte-buddy-agent\1.12.8\byte-buddy-agent-1.12.8.jar;C:\Users\saral\.m2\repository\org\objenesis\objenesis\3.1\objenesis-3.1.jar;C:\Users\saral\.m2\repository\net\serenity-bdd\serenity-reports\3.2.1\serenity-reports-3.2.1.jar;C:\Users\saral\.m2\repository\net\serenity-bdd\serenity-stats\3.2.1\serenity-stats-3.2.1.jar;C:\Users\saral\.m2\repository\net\serenity-bdd\serenity-reports-configuration\3.2.1\serenity-reports-configuration-3.2.1.jar;C:\Users\saral\.m2\repository\com\vladsch\flexmark\flexmark-all\0.34.30\flexmark-all-0.34.30.jar;C:\Users\saral\.m2\repository\com\vladsch\flexmark\flexmark\0.34.30\flexmark-0.34.30.jar;C:\Users\saral\.m2\repository\com\vladsch\flexmark\flexmark-ext-abbreviation\0.34.30\flexmark-ext-abbreviation-0.34.30.jar;C:\Users\saral\.m2\repository\com\vladsch\flexmark\flexmark-ext-admonition\0.34.30\flexmark-ext-admonition-0.34.30.jar;C:\Users\saral\.m2\repository\com\vladsch\flexmark\flexmark-ext-anchorlink\0.34.30\flexmark-ext-anchorlink-0.34.30.jar;C:\Users\saral\.m2\repository\com\vladsch\flexmark\flexmark-ext-aside\0.34.30\flexmark-ext-aside-0.34.30.jar;C:\Users\saral\.m2\repository\com\vladsch\flexmark\flexmark-ext-attributes\0.34.30\flexmark-ext-attributes-0.34.30.jar;C:\Users\saral\.m2\repository\com\vladsch\flexmark\flexmark-ext-autolink\0.34.30\flexmark-ext-autolink-0.34.30.jar;C:\Users\saral\.m2\repository\org\nibor\autolink\autolink\0.6.0\autolink-0.6.0.jar;C:\Users\saral\.m2\repository\com\vladsch\flexmark\flexmark-ext-definition\0.34.30\flexmark-ext-definition-0.34.30.jar;C:\Users\saral\.m2\repository\com\vladsch\flexmark\flexmark-ext-emoji\0.34.30\flexmark-ext-emoji-0.34.30.jar;C:\Users\saral\.m2\repository\com\vladsch\flexmark\flexmark-ext-enumerated-reference\0.34.30\flexmark-ext-enumerated-reference-0.34.30.jar;C:\Users\saral\.m2\repository\com\vladsch\flexmark\flexmark-ext-escaped-character\0.34.30\flexmark-ext-escaped-character-0.34.30.jar;C:\Users\saral\.m2\repository\com\vladsch\flexmark\flexmark-ext-footnotes\0.34.30\flexmark-ext-footnotes-0.34.30.jar;C:\Users\saral\.m2\repository\com\vladsch\flexmark\flexmark-ext-gfm-issues\0.34.30\flexmark-ext-gfm-issues-0.34.30.jar;C:\Users\saral\.m2\repository\com\vladsch\flexmark\flexmark-ext-gfm-strikethrough\0.34.30\flexmark-ext-gfm-strikethrough-0.34.30.jar;C:\Users\saral\.m2\repository\com\vladsch\flexmark\flexmark-ext-gfm-tables\0.34.30\flexmark-ext-gfm-tables-0.34.30.jar;C:\Users\saral\.m2\repository\com\vladsch\flexmark\flexmark-ext-gfm-tasklist\0.34.30\flexmark-ext-gfm-tasklist-0.34.30.jar;C:\Users\saral\.m2\repository\com\vladsch\flexmark\flexmark-ext-gfm-users\0.34.30\flexmark-ext-gfm-users-0.34.30.jar;C:\Users\saral\.m2\repository\com\vladsch\flexmark\flexmark-ext-gitlab\0.34.30\flexmark-ext-gitlab-0.34.30.jar;C:\Users\saral\.m2\repository\com\vladsch\flexmark\flexmark-ext-jekyll-front-matter\0.34.30\flexmark-ext-jekyll-front-matter-0.34.30.jar;C:\Users\saral\.m2\repository\com\vladsch\flexmark\flexmark-ext-jekyll-tag\0.34.30\flexmark-ext-jekyll-tag-0.34.30.jar;C:\Users\saral\.m2\repository\com\vladsch\flexmark\flexmark-ext-media-tags\0.34.30\flexmark-ext-media-tags-0.34.30.jar;C:\Users\saral\.m2\repository\com\vladsch\flexmark\flexmark-test-util\0.34.30\flexmark-test-util-0.34.30.jar;C:\Users\saral\.m2\repository\com\vladsch\flexmark\flexmark-ext-ins\0.34.30\flexmark-ext-ins-0.34.30.jar;C:\Users\saral\.m2\repository\com\vladsch\flexmark\flexmark-ext-xwiki-macros\0.34.30\flexmark-ext-xwiki-macros-0.34.30.jar;C:\Users\saral\.m2\repository\com\vladsch\flexmark\flexmark-ext-superscript\0.34.30\flexmark-ext-superscript-0.34.30.jar;C:\Users\saral\.m2\repository\com\vladsch\flexmark\flexmark-ext-tables\0.34.30\flexmark-ext-tables-0.34.30.jar;C:\Users\saral\.m2\repository\com\vladsch\flexmark\flexmark-ext-toc\0.34.30\flexmark-ext-toc-0.34.30.jar;C:\Users\saral\.m2\repository\com\vladsch\flexmark\flexmark-ext-typographic\0.34.30\flexmark-ext-typographic-0.34.30.jar;C:\Users\saral\.m2\repository\com\vladsch\flexmark\flexmark-ext-wikilink\0.34.30\flexmark-ext-wikilink-0.34.30.jar;C:\Users\saral\.m2\repository\com\vladsch\flexmark\flexmark-ext-yaml-front-matter\0.34.30\flexmark-ext-yaml-front-matter-0.34.30.jar;C:\Users\saral\.m2\repository\com\vladsch\flexmark\flexmark-ext-youtube-embedded\0.34.30\flexmark-ext-youtube-embedded-0.34.30.jar;C:\Users\saral\.m2\repository\com\vladsch\flexmark\flexmark-formatter\0.34.30\flexmark-formatter-0.34.30.jar;C:\Users\saral\.m2\repository\com\vladsch\flexmark\flexmark-html-parser\0.34.30\flexmark-html-parser-0.34.30.jar;C:\Users\saral\.m2\repository\com\vladsch\flexmark\flexmark-jira-converter\0.34.30\flexmark-jira-converter-0.34.30.jar;C:\Users\saral\.m2\repository\com\vladsch\flexmark\flexmark-pdf-converter\0.34.30\flexmark-pdf-converter-0.34.30.jar;C:\Users\saral\.m2\repository\com\openhtmltopdf\openhtmltopdf-core\0.0.1-RC13\openhtmltopdf-core-0.0.1-RC13.jar;C:\Users\saral\.m2\repository\com\openhtmltopdf\openhtmltopdf-pdfbox\0.0.1-RC13\openhtmltopdf-pdfbox-0.0.1-RC13.jar;C:\Users\saral\.m2\repository\org\apache\pdfbox\pdfbox\2.0.8\pdfbox-2.0.8.jar;C:\Users\saral\.m2\repository\org\apache\pdfbox\fontbox\2.0.8\fontbox-2.0.8.jar;C:\Users\saral\.m2\repository\commons-logging\commons-logging\1.2\commons-logging-1.2.jar;C:\Users\saral\.m2\repository\org\apache\pdfbox\xmpbox\2.0.8\xmpbox-2.0.8.jar;C:\Users\saral\.m2\repository\de\rototor\pdfbox\graphics2d\0.12\graphics2d-0.12.jar;C:\Users\saral\.m2\repository\com\openhtmltopdf\openhtmltopdf-rtl-support\0.0.1-RC13\openhtmltopdf-rtl-support-0.0.1-RC13.jar;C:\Users\saral\.m2\repository\com\ibm\icu\icu4j\59.1\icu4j-59.1.jar;C:\Users\saral\.m2\repository\com\openhtmltopdf\openhtmltopdf-jsoup-dom-converter\0.0.1-RC13\openhtmltopdf-jsoup-dom-converter-0.0.1-RC13.jar;C:\Users\saral\.m2\repository\com\vladsch\flexmark\flexmark-profile-pegdown\0.34.30\flexmark-profile-pegdown-0.34.30.jar;C:\Users\saral\.m2\repository\com\vladsch\flexmark\flexmark-util\0.34.30\flexmark-util-0.34.30.jar;C:\Users\saral\.m2\repository\com\vladsch\flexmark\flexmark-youtrack-converter\0.34.30\flexmark-youtrack-converter-0.34.30.jar;C:\Users\saral\.m2\repository\es\nitaur\markdown\txtmark\0.16\txtmark-0.16.jar;C:\Users\saral\.m2\repository\net\serenity-bdd\serenity-report-resources\3.2.1\serenity-report-resources-3.2.1.jar;C:\Users\saral\.m2\repository\com\google\code\gson\gson\2.9.0\gson-2.9.0.jar;C:\Users\saral\.m2\repository\com\fasterxml\jackson\core\jackson-core\2.13.2\jackson-core-2.13.2.jar;C:\Users\saral\.m2\repository\com\fasterxml\jackson\core\jackson-databind\2.13.2\jackson-databind-2.13.2.jar;C:\Users\saral\.m2\repository\com\fasterxml\jackson\core\jackson-annotations\2.13.2\jackson-annotations-2.13.2.jar;C:\Users\saral\.m2\repository\commons-codec\commons-codec\1.15\commons-codec-1.15.jar;C:\Users\saral\.m2\repository\commons-io\commons-io\2.11.0\commons-io-2.11.0.jar;C:\Users\saral\.m2\repository\org\seleniumhq\selenium\selenium-java\4.1.2\selenium-java-4.1.2.jar;C:\Users\saral\.m2\repository\org\seleniumhq\selenium\selenium-devtools-v85\4.1.2\selenium-devtools-v85-4.1.2.jar;C:\Users\saral\.m2\repository\org\seleniumhq\selenium\selenium-devtools-v95\4.1.2\selenium-devtools-v95-4.1.2.jar;C:\Users\saral\.m2\repository\org\seleniumhq\selenium\selenium-devtools-v96\4.1.2\selenium-devtools-v96-4.1.2.jar;C:\Users\saral\.m2\repository\org\seleniumhq\selenium\selenium-devtools-v97\4.1.2\selenium-devtools-v97-4.1.2.jar;C:\Users\saral\.m2\repository\org\seleniumhq\selenium\selenium-firefox-xpi-driver\4.1.2\selenium-firefox-xpi-driver-4.1.2.jar;C:\Users\saral\.m2\repository\org\seleniumhq\selenium\selenium-opera-driver\4.1.2\selenium-opera-driver-4.1.2.jar;C:\Users\saral\.m2\repository\org\seleniumhq\selenium\selenium-remote-driver\4.1.2\selenium-remote-driver-4.1.2.jar;C:\Users\saral\.m2\repository\com\beust\jcommander\1.82\jcommander-1.82.jar;C:\Users\saral\.m2\repository\io\netty\netty-buffer\4.1.73.Final\netty-buffer-4.1.73.Final.jar;C:\Users\saral\.m2\repository\io\netty\netty-codec-http\4.1.73.Final\netty-codec-http-4.1.73.Final.jar;C:\Users\saral\.m2\repository\io\netty\netty-codec\4.1.73.Final\netty-codec-4.1.73.Final.jar;C:\Users\saral\.m2\repository\io\netty\netty-handler\4.1.73.Final\netty-handler-4.1.73.Final.jar;C:\Users\saral\.m2\repository\io\netty\netty-tcnative-classes\2.0.46.Final\netty-tcnative-classes-2.0.46.Final.jar;C:\Users\saral\.m2\repository\io\netty\netty-common\4.1.73.Final\netty-common-4.1.73.Final.jar;C:\Users\saral\.m2\repository\io\netty\netty-transport-classes-epoll\4.1.73.Final\netty-transport-classes-epoll-4.1.73.Final.jar;C:\Users\saral\.m2\repository\io\netty\netty-transport-classes-kqueue\4.1.73.Final\netty-transport-classes-kqueue-4.1.73.Final.jar;C:\Users\saral\.m2\repository\io\netty\netty-transport-native-epoll\4.1.73.Final\netty-transport-native-epoll-4.1.73.Final.jar;C:\Users\saral\.m2\repository\io\netty\netty-transport-native-kqueue\4.1.73.Final\netty-transport-native-kqueue-4.1.73.Final.jar;C:\Users\saral\.m2\repository\io\netty\netty-transport-native-unix-common\4.1.73.Final\netty-transport-native-unix-common-4.1.73.Final.jar;C:\Users\saral\.m2\repository\io\netty\netty-transport\4.1.73.Final\netty-transport-4.1.73.Final.jar;C:\Users\saral\.m2\repository\io\netty\netty-resolver\4.1.73.Final\netty-resolver-4.1.73.Final.jar;C:\Users\saral\.m2\repository\io\opentelemetry\opentelemetry-api\1.10.1\opentelemetry-api-1.10.1.jar;C:\Users\saral\.m2\repository\io\opentelemetry\opentelemetry-context\1.10.1\opentelemetry-context-1.10.1.jar;C:\Users\saral\.m2\repository\io\opentelemetry\opentelemetry-exporter-logging\1.10.1\opentelemetry-exporter-logging-1.10.1.jar;C:\Users\saral\.m2\repository\io\opentelemetry\opentelemetry-sdk-metrics\1.10.1-alpha\opentelemetry-sdk-metrics-1.10.1-alpha.jar;C:\Users\saral\.m2\repository\io\opentelemetry\opentelemetry-sdk-logs\1.10.1-alpha\opentelemetry-sdk-logs-1.10.1-alpha.jar;C:\Users\saral\.m2\repository\io\opentelemetry\opentelemetry-sdk-common\1.10.1\opentelemetry-sdk-common-1.10.1.jar;C:\Users\saral\.m2\repository\io\opentelemetry\opentelemetry-sdk-extension-autoconfigure-spi\1.10.1\opentelemetry-sdk-extension-autoconfigure-spi-1.10.1.jar;C:\Users\saral\.m2\repository\io\opentelemetry\opentelemetry-sdk-extension-autoconfigure\1.10.1-alpha\opentelemetry-sdk-extension-autoconfigure-1.10.1-alpha.jar;C:\Users\saral\.m2\repository\io\opentelemetry\opentelemetry-sdk-trace\1.10.1\opentelemetry-sdk-trace-1.10.1.jar;C:\Users\saral\.m2\repository\io\opentelemetry\opentelemetry-sdk\1.10.1\opentelemetry-sdk-1.10.1.jar;C:\Users\saral\.m2\repository\io\opentelemetry\opentelemetry-semconv\1.10.1-alpha\opentelemetry-semconv-1.10.1-alpha.jar;C:\Users\saral\.m2\repository\io\ous\jtoml\2.0.0\jtoml-2.0.0.jar;C:\Users\saral\.m2\repository\org\apache\commons\commons-exec\1.3\commons-exec-1.3.jar;C:\Users\saral\.m2\repository\org\asynchttpclient\async-http-client\2.12.3\async-http-client-2.12.3.jar;C:\Users\saral\.m2\repository\org\asynchttpclient\async-http-client-netty-utils\2.12.3\async-http-client-netty-utils-2.12.3.jar;C:\Users\saral\.m2\repository\io\netty\netty-codec-socks\4.1.60.Final\netty-codec-socks-4.1.60.Final.jar;C:\Users\saral\.m2\repository\io\netty\netty-handler-proxy\4.1.60.Final\netty-handler-proxy-4.1.60.Final.jar;C:\Users\saral\.m2\repository\io\netty\netty-transport-native-epoll\4.1.60.Final\netty-transport-native-epoll-4.1.60.Final-linux-x86_64.jar;C:\Users\saral\.m2\repository\io\netty\netty-transport-native-kqueue\4.1.60.Final\netty-transport-native-kqueue-4.1.60.Final-osx-x86_64.jar;C:\Users\saral\.m2\repository\org\reactivestreams\reactive-streams\1.0.3\reactive-streams-1.0.3.jar;C:\Users\saral\.m2\repository\com\typesafe\netty\netty-reactive-streams\2.0.4\netty-reactive-streams-2.0.4.jar;C:\Users\saral\.m2\repository\org\seleniumhq\selenium\selenium-http\4.1.2\selenium-http-4.1.2.jar;C:\Users\saral\.m2\repository\net\jodah\failsafe\2.4.4\failsafe-2.4.4.jar;C:\Users\saral\.m2\repository\org\seleniumhq\selenium\selenium-safari-driver\4.1.2\selenium-safari-driver-4.1.2.jar;C:\Users\saral\.m2\repository\org\seleniumhq\selenium\selenium-api\4.1.2\selenium-api-4.1.2.jar;C:\Users\saral\.m2\repository\org\seleniumhq\selenium\selenium-support\4.1.2\selenium-support-4.1.2.jar;C:\Users\saral\.m2\repository\com\google\auto\service\auto-service-annotations\1.0.1\auto-service-annotations-1.0.1.jar;C:\Users\saral\.m2\repository\com\google\auto\service\auto-service\1.0.1\auto-service-1.0.1.jar;C:\Users\saral\.m2\repository\com\google\auto\auto-common\1.2\auto-common-1.2.jar;C:\Users\saral\.m2\repository\org\seleniumhq\selenium\selenium-json\4.1.2\selenium-json-4.1.2.jar;C:\Users\saral\.m2\repository\org\seleniumhq\selenium\selenium-chrome-driver\4.1.2\selenium-chrome-driver-4.1.2.jar;C:\Users\saral\.m2\repository\org\seleniumhq\selenium\selenium-chromium-driver\4.1.2\selenium-chromium-driver-4.1.2.jar;C:\Users\saral\.m2\repository\org\seleniumhq\selenium\selenium-firefox-driver\4.1.2\selenium-firefox-driver-4.1.2.jar;C:\Users\saral\.m2\repository\org\seleniumhq\selenium\selenium-edge-driver\4.1.2\selenium-edge-driver-4.1.2.jar;C:\Users\saral\.m2\repository\org\seleniumhq\selenium\selenium-ie-driver\4.1.2\selenium-ie-driver-4.1.2.jar;C:\Users\saral\.m2\repository\org\projectlombok\lombok\1.18.20\lombok-1.18.20.jar;C:\Users\saral\.m2\repository\io\appium\java-client\8.0.0\java-client-8.0.0.jar;C:\Users\saral\.m2\repository\commons-validator\commons-validator\1.7\commons-validator-1.7.jar;C:\Users\saral\.m2\repository\commons-digester\commons-digester\2.1\commons-digester-2.1.jar;C:\Users\saral\.m2\repository\org\aspectj\aspectjweaver\1.9.8\aspectjweaver-1.9.8.jar;C:\Users\saral\.m2\repository\org\codehaus\groovy\groovy\3.0.10\groovy-3.0.10.jar;C:\Users\saral\.m2\repository\net\sf\opencsv\opencsv\2.0\opencsv-2.0.jar;C:\Users\saral\.m2\repository\commons-beanutils\commons-beanutils\1.9.4\commons-beanutils-1.9.4.jar;C:\Users\saral\.m2\repository\org\apache\commons\commons-lang3\3.12.0\commons-lang3-3.12.0.jar;C:\Users\saral\.m2\repository\commons-collections\commons-collections\3.2.2\commons-collections-3.2.2.jar;C:\Users\saral\.m2\repository\org\fluentlenium\fluentlenium-core\0.10.2\fluentlenium-core-0.10.2.jar;C:\Users\saral\.m2\repository\io\github\bonigarcia\webdrivermanager\5.1.0\webdrivermanager-5.1.0.jar;C:\Users\saral\.m2\repository\com\github\docker-java\docker-java\3.2.13\docker-java-3.2.13.jar;C:\Users\saral\.m2\repository\com\github\docker-java\docker-java-core\3.2.13\docker-java-core-3.2.13.jar;C:\Users\saral\.m2\repository\com\github\docker-java\docker-java-api\3.2.13\docker-java-api-3.2.13.jar;C:\Users\saral\.m2\repository\org\apache\commons\commons-compress\1.21\commons-compress-1.21.jar;C:\Users\saral\.m2\repository\org\bouncycastle\bcpkix-jdk15on\1.64\bcpkix-jdk15on-1.64.jar;C:\Users\saral\.m2\repository\org\bouncycastle\bcprov-jdk15on\1.64\bcprov-jdk15on-1.64.jar;C:\Users\saral\.m2\repository\org\slf4j\jcl-over-slf4j\1.7.30\jcl-over-slf4j-1.7.30.jar;C:\Users\saral\.m2\repository\com\github\docker-java\docker-java-transport-httpclient5\3.2.13\docker-java-transport-httpclient5-3.2.13.jar;C:\Users\saral\.m2\repository\com\github\docker-java\docker-java-transport\3.2.13\docker-java-transport-3.2.13.jar;C:\Users\saral\.m2\repository\org\apache\httpcomponents\client5\httpclient5\5.0.3\httpclient5-5.0.3.jar;C:\Users\saral\.m2\repository\org\apache\httpcomponents\core5\httpcore5\5.0.2\httpcore5-5.0.2.jar;C:\Users\saral\.m2\repository\net\java\dev\jna\jna\5.8.0\jna-5.8.0.jar;C:\Users\saral\.m2\repository\org\brotli\dec\0.1.2\dec-0.1.2.jar;C:\Users\saral\.m2\repository\com\jhlabs\filters\2.0.235\filters-2.0.235.jar;C:\Users\saral\.m2\repository\com\paulhammant\ngwebdriver\1.1.6\ngwebdriver-1.1.6.jar;C:\Users\saral\.m2\repository\joda-time\joda-time\2.8.2\joda-time-2.8.2.jar;C:\Users\saral\.m2\repository\org\hamcrest\hamcrest\2.2\hamcrest-2.2.jar;C:\Users\saral\.m2\repository\com\google\jimfs\jimfs\1.2\jimfs-1.2.jar;C:\Users\saral\.m2\repository\org\mockito\mockito-core\3.3.3\mockito-core-3.3.3.jar;C:\Users\saral\.m2\repository\javax\xml\bind\jaxb-api\2.3.1\jaxb-api-2.3.1.jar;C:\Users\saral\.m2\repository\javax\activation\javax.activation-api\1.2.0\javax.activation-api-1.2.0.jar;C:\Users\saral\.m2\repository\com\sun\xml\bind\jaxb-core\2.3.0.1\jaxb-core-2.3.0.1.jar;C:\Users\saral\.m2\repository\com\sun\xml\bind\jaxb-impl\2.3.3\jaxb-impl-2.3.3.jar;C:\Users\saral\.m2\repository\jakarta\xml\bind\jakarta.xml.bind-api\2.3.3\jakarta.xml.bind-api-2.3.3.jar;C:\Users\saral\.m2\repository\com\sun\activation\jakarta.activation\1.2.2\jakarta.activation-1.2.2.jar;C:\Users\saral\.m2\repository\javax\activation\activation\1.1.1\activation-1.1.1.jar;C:\Users\saral\.m2\repository\net\serenity-bdd\serenity-cucumber\3.2.1\serenity-cucumber-3.2.1.jar;C:\Users\saral\.m2\repository\io\cucumber\cucumber-core\7.2.3\cucumber-core-7.2.3.jar;C:\Users\saral\.m2\repository\io\cucumber\cucumber-gherkin\7.2.3\cucumber-gherkin-7.2.3.jar;C:\Users\saral\.m2\repository\io\cucumber\cucumber-gherkin-messages\7.2.3\cucumber-gherkin-messages-7.2.3.jar;C:\Users\saral\.m2\repository\io\cucumber\messages\17.1.1\messages-17.1.1.jar;C:\Users\saral\.m2\repository\io\cucumber\tag-expressions\4.1.0\tag-expressions-4.1.0.jar;C:\Users\saral\.m2\repository\io\cucumber\cucumber-expressions\15.0.1\cucumber-expressions-15.0.1.jar;C:\Users\saral\.m2\repository\io\cucumber\datatable\7.2.3\datatable-7.2.3.jar;C:\Users\saral\.m2\repository\io\cucumber\cucumber-plugin\7.2.3\cucumber-plugin-7.2.3.jar;C:\Users\saral\.m2\repository\io\cucumber\docstring\7.2.3\docstring-7.2.3.jar;C:\Users\saral\.m2\repository\io\cucumber\html-formatter\17.0.0\html-formatter-17.0.0.jar;C:\Users\saral\.m2\repository\io\cucumber\ci-environment\8.1.0\ci-environment-8.1.0.jar;C:\Users\saral\.m2\repository\io\cucumber\cucumber-junit\7.2.3\cucumber-junit-7.2.3.jar;C:\Users\saral\.m2\repository\org\apache\commons\commons-csv\1.5\commons-csv-1.5.jar;C:\Users\saral\.m2\repository\net\serenity-bdd\serenity-screenplay\3.2.1\serenity-screenplay-3.2.1.jar;C:\Users\saral\.m2\repository\net\serenity-bdd\serenity-screenplay-webdriver\3.2.1\serenity-screenplay-webdriver-3.2.1.jar;C:\Users\saral\.m2\repository\net\serenity-bdd\serenity-ensure\3.2.1\serenity-ensure-3.2.1.jar;C:\Users\saral\.m2\repository\net\serenity-bdd\serenity-junit\3.2.1\serenity-junit-3.2.1.jar;C:\Users\saral\.m2\repository\org\jetbrains\kotlin\kotlin-stdlib\1.6.0\kotlin-stdlib-1.6.0.jar;C:\Users\saral\.m2\repository\org\jetbrains\annotations\13.0\annotations-13.0.jar;C:\Users\saral\.m2\repository\org\jetbrains\kotlin\kotlin-stdlib-common\1.6.0\kotlin-stdlib-common-1.6.0.jar;C:\Users\saral\.m2\repository\org\junit\platform\junit-platform-launcher\1.8.1\junit-platform-launcher-1.8.1.jar;C:\Users\saral\.m2\repository\org\junit\platform\junit-platform-engine\1.8.1\junit-platform-engine-1.8.1.jar;C:\Users\saral\.m2\repository\org\opentest4j\opentest4j\1.2.0\opentest4j-1.2.0.jar;C:\Users\saral\.m2\repository\org\junit\platform\junit-platform-commons\1.8.1\junit-platform-commons-1.8.1.jar;C:\Users\saral\.m2\repository\org\apiguardian\apiguardian-api\1.1.2\apiguardian-api-1.1.2.jar;C:\Users\saral\.m2\repository\org\junit\jupiter\junit-jupiter-engine\5.8.2\junit-jupiter-engine-5.8.2.jar;C:\Users\saral\.m2\repository\org\junit\jupiter\junit-jupiter-api\5.8.2\junit-jupiter-api-5.8.2.jar;C:\Users\saral\.m2\repository\org\junit\vintage\junit-vintage-engine\5.8.2\junit-vintage-engine-5.8.2.jar;C:\Users\saral\.m2\repository\junit\junit\4.13.2\junit-4.13.2.jar;C:\Users\saral\.m2\repository\org\hamcrest\hamcrest-core\1.3\hamcrest-core-1.3.jar;C:\Users\saral\.m2\repository\ch\qos\logback\logback-classic\1.2.10\logback-classic-1.2.10.jar;C:\Users\saral\.m2\repository\ch\qos\logback\logback-core\1.2.10\logback-core-1.2.10.jar;C:\Users\saral\.m2\repository\org\slf4j\slf4j-api\1.7.32\slf4j-api-1.7.32.jar;C:\Users\saral\.m2\repository\org\assertj\assertj-core\3.6.2\assertj-core-3.6.2.jar;C:\Users\saral\.m2\repository\com\github\javafaker\javafaker\1.0.2\javafaker-1.0.2.jar;C:\Users\saral\.m2\repository\org\yaml\snakeyaml\1.23\snakeyaml-1.23-android.jar;C:\Users\saral\.m2\repository\com\github\mifmif\generex\1.0.2\generex-1.0.2.jar;C:\Users\saral\.m2\repository\dk\brics\automaton\automaton\1.11-8\automaton-1.11-8.jar;C:\Users\saral\.m2\repository\org\apache\maven\surefire\surefire-junit-platform\3.0.0-M5\surefire-junit-platform-3.0.0-M5.jar;C:\Users\saral\.m2\repository\org\apache\maven\surefire\common-java5\3.0.0-M5\common-java5-3.0.0-M5.jar"/>
    <property name="user.script" value=""/>
    <property name="java.protocol.handler.pkgs" value="com.google.common"/>
    <property name="sun.management.compiler" value="HotSpot 64-Bit Tiered Compilers"/>
    <property name="java.runtime.version" value="11.0.13+10-LTS-370"/>
    <property name="user.name" value="saral"/>
    <property name="path.separator" value=";"/>
    <property name="os.version" value="10.0"/>
    <property name="java.runtime.name" value="Java(TM) SE Runtime Environment"/>
    <property name="file.encoding" value="Cp1252"/>
    <property name="webdriver.base.url" value=""/>
    <property name="java.vm.name" value="Java HotSpot(TM) 64-Bit Server VM"/>
    <property name="java.vendor.version" value="18.9"/>
    <property name="localRepository" value="C:\Users\saral\.m2\repository"/>
    <property name="java.vendor.url.bug" value="https://bugreport.java.com/bugreport/"/>
    <property name="java.io.tmpdir" value="C:\Users\saral\AppData\Local\Temp\"/>
    <property name="java.version" value="11.0.13"/>
    <property name="user.dir" value="D:\Intern\MSIB Alterra\alterra-mini-project\Serenity UI Test"/>
    <property name="os.arch" value="amd64"/>
    <property name="java.vm.specification.name" value="Java Virtual Machine Specification"/>
    <property name="java.awt.printerjob" value="sun.awt.windows.WPrinterJob"/>
    <property name="sun.os.patch.level" value=""/>
    <property name="java.library.path" value="C:\Program Files\Java\jdk-11.0.13\bin;C:\Windows\Sun\Java\bin;C:\Windows\system32;C:\Windows;C:\Program Files\Common Files\Oracle\Java\javapath;C:\Windows\system32;C:\Windows;C:\Windows\System32\Wbem;C:\Windows\System32\WindowsPowerShell\v1.0\;C:\Windows\System32\OpenSSH\;C:\Program Files (x86)\NVIDIA Corporation\PhysX\Common;C:\Program Files\NVIDIA Corporation\NVIDIA NvDLISR;D:\xampp\php;C:\ProgramData\ComposerSetup\bin;C:\Program Files\dotnet\;C:\Program Files\Git\cmd;C:\Program Files\apache-maven-3.8.5\bin;C:\Program Files\Java\jdk-11.0.13\bin;C:\Program Files\Cloudflare\Cloudflare WARP\;C:\Program Files\nodejs\;C:\Program Files (x86)\ZeroTier\One\;C:\Users\saral\AppData\Local\Microsoft\WindowsApps;C:\Users\saral\AppData\Local\Programs\Microsoft VS Code\bin;C:\Users\saral\AppData\Local\GitHubDesktop\bin;C:\Users\saral\AppData\Roaming\Composer\vendor\bin;C:\Users\saral\.dotnet\tools;C:\Users\saral\AppData\Roaming\npm;D:\Android\sdk\platform-tools;D:\Android\sdk\emulator;;."/>
    <property name="java.vendor" value="Oracle Corporation"/>
    <property name="java.vm.info" value="mixed mode"/>
    <property name="java.vm.version" value="11.0.13+10-LTS-370"/>
    <property name="sun.io.unicode.encoding" value="UnicodeLittle"/>
    <property name="java.class.version" value="55.0"/>
  </properties>
  <testcase name="Login with valid email and password" classname="Login" time="11.977">
    <system-out><![CDATA[23:46:20.878 [main] INFO io.cucumber.core.plugin.SerenityReporter - Running feature from file:///D:/Intern/MSIB%20Alterra/alterra-mini-project/Serenity%20UI%20Test/src/test/resources/features/Login.feature
23:46:20.992 [main] INFO  - 

-------------------------------------------------------------------------------------
     _______. _______ .______       _______ .__   __.  __  .___________.____    ____ 
    /       ||   ____||   _  \     |   ____||  \ |  | |  | |           |\   \  /   / 
   |   (----`|  |__   |  |_)  |    |  |__   |   \|  | |  | `---|  |----` \   \/   /  
    \   \    |   __|  |      /     |   __|  |  . `  | |  |     |  |       \_    _/   
.----)   |   |  |____ |  |\  \----.|  |____ |  |\   | |  |     |  |         |  |     
|_______/    |_______|| _| `._____||_______||__| \__| |__|     |__|         |__|    
                                                                                     
 News and tutorials at http://www.serenity-bdd.info                                  
 Documentation at https://wakaleo.gitbooks.io/the-serenity-book/content/             
 Join the Serenity Community on Gitter: https://gitter.im/serenity-bdd/serenity-core 
 Serenity BDD Support and Training at http://serenity-bdd.info/#/trainingandsupport  
-------------------------------------------------------------------------------------

23:46:20.994 [main] DEBUG net.thucydides.core.steps.StepEventBus - Test suite started for story net.thucydides.core.model.Story@23282f08
23:46:20.998 [main] INFO  - Test Suite Started: Login
23:46:21.005 [main] INFO io.cucumber.core.plugin.SerenityReporter - Running feature from file:///D:/Intern/MSIB%20Alterra/alterra-mini-project/Serenity%20UI%20Test/src/test/resources/features/Logout.feature
23:46:21.010 [main] DEBUG net.thucydides.core.steps.StepEventBus - Test suite started for story net.thucydides.core.model.Story@7960de68
23:46:21.010 [main] INFO  - Test Suite Started: Logout
23:46:21.010 [main] INFO io.cucumber.core.plugin.SerenityReporter - Running feature from file:///D:/Intern/MSIB%20Alterra/alterra-mini-project/Serenity%20UI%20Test/src/test/resources/features/Rating.feature
23:46:21.013 [main] DEBUG net.thucydides.core.steps.StepEventBus - Test suite started for story net.thucydides.core.model.Story@6f9be80f
23:46:21.013 [main] INFO  - Test Suite Started: Ratings
23:46:21.013 [main] INFO io.cucumber.core.plugin.SerenityReporter - Running feature from file:///D:/Intern/MSIB%20Alterra/alterra-mini-project/Serenity%20UI%20Test/src/test/resources/features/Login.feature
23:46:21.016 [main] DEBUG net.thucydides.core.steps.StepEventBus - Test suite started for story net.thucydides.core.model.Story@23282f08
23:46:21.017 [main] INFO  - Test Suite Started: Login

Scenario: Login with valid email and password &amp#27;[90m# src/test/resources/features/Login.feature:4&amp#27;[0m
23:46:21.080 [main] INFO io.cucumber.core.plugin.SerenityReporter - Running feature from file:///D:/Intern/MSIB%20Alterra/alterra-mini-project/Serenity%20UI%20Test/src/test/resources/features/Login.feature
23:46:21.148 [main] INFO  - 
  _____   ___   ___   _____     ___   _____     _     ___   _____   ___   ___  
 |_   _| | __| / __| |_   _|   / __| |_   _|   /_\   | _ \ |_   _| | __| |   \ 
   | |   | _|  \__ \   | |     \__ \   | |    / _ \  |   /   | |   | _|  | |) |
   |_|   |___| |___/   |_|     |___/   |_|   /_/ \_\ |_|_\   |_|   |___| |___/ 

Login with valid email and password(login;login-with-valid-email-and-password)
--------------------------------------------------------------------------------
23:46:21.704 [main] DEBUG net.thucydides.core.steps.StepInterceptor - STARTING STEP: LoginSteps.onTheLoginPage - loginPage
23:46:21.730 [main] INFO net.serenitybdd.core.webdriver.driverproviders.ChromeDriverProvider - Using automatically driver download
23:46:22.241 [main] DEBUG io.github.bonigarcia.wdm.cache.ResolutionCache - Resolution chrome=101 in cache (valid until 00:15:28 15/05/2022 ICT)
23:46:22.246 [main] DEBUG io.github.bonigarcia.wdm.cache.ResolutionCache - Resolution chrome101=101.0.4951.41 in cache (valid until 14:15:13 15/05/2022 ICT)
23:46:22.248 [main] INFO io.github.bonigarcia.wdm.WebDriverManager - Using chromedriver 101.0.4951.41 (resolved driver for Chrome 101)
23:46:22.263 [main] DEBUG io.github.bonigarcia.wdm.WebDriverManager - Driver chromedriver 101.0.4951.41 found in cache
23:46:22.263 [main] INFO io.github.bonigarcia.wdm.WebDriverManager - Exporting webdriver.chrome.driver as C:\Users\saral\.cache\selenium\chromedriver\win32\101.0.4951.41\chromedriver.exe
23:46:22.710 [main] DEBUG net.thucydides.core.reflection.ClassFinder - Could not load class .starter.CucumberTestSuite
23:46:22.710 [main] DEBUG net.thucydides.core.reflection.ClassFinder - Could not load class .starter.pages.HomePage
23:46:22.710 [main] DEBUG net.thucydides.core.reflection.ClassFinder - Could not load class .starter.pages.LoginPage
23:46:22.710 [main] DEBUG net.thucydides.core.reflection.ClassFinder - Could not load class .starter.pages.LogoutPage
23:46:22.710 [main] DEBUG net.thucydides.core.reflection.ClassFinder - Could not load class .starter.pages.OrderPage
23:46:22.710 [main] DEBUG net.thucydides.core.reflection.ClassFinder - Could not load class .starter.pages.RatingPage
23:46:22.710 [main] DEBUG net.thucydides.core.reflection.ClassFinder - Could not load class .starter.pages.RegisterPage
23:46:22.710 [main] DEBUG net.thucydides.core.reflection.ClassFinder - Could not load class .starter.stepdefinitions.LoginSteps
23:46:22.711 [main] DEBUG net.thucydides.core.reflection.ClassFinder - Could not load class .starter.stepdefinitions.LogoutSteps
23:46:22.711 [main] DEBUG net.thucydides.core.reflection.ClassFinder - Could not load class .starter.stepdefinitions.OrderSteps
23:46:22.711 [main] DEBUG net.thucydides.core.reflection.ClassFinder - Could not load class .starter.stepdefinitions.RatingSteps
23:46:22.711 [main] DEBUG net.thucydides.core.reflection.ClassFinder - Could not load class .starter.stepdefinitions.RegisterSteps
23:46:22.712 [main] DEBUG net.thucydides.core.reflection.ClassFinder - Could not load class META-INF.versions.9.com.sun.istack.logging.StackHelper
23:46:22.712 [main] DEBUG net.thucydides.core.reflection.ClassFinder - Could not load class META-INF.versions.9.com.sun.xml.bind.v2.runtime.reflect.opt.AccessorInjector
23:46:22.712 [main] DEBUG net.thucydides.core.reflection.ClassFinder - Could not load class META-INF.versions.9.com.sun.xml.bind.v2.runtime.reflect.opt.Injector
23:46:22.712 [main] DEBUG net.thucydides.core.reflection.ClassFinder - Could not load class META-INF.versions.9.com.sun.xml.bind.v2.runtime.reflect.opt.OptimizedAccessorFactory
23:46:22.713 [main] DEBUG net.thucydides.core.reflection.ClassFinder - Could not load class META-INF.versions.9.com.sun.xml.bind.v2.runtime.reflect.opt.OptimizedTransducedAccessorFactory
23:46:22.713 [main] DEBUG net.thucydides.core.reflection.ClassFinder - Could not load class META-INF.versions.9.io.opentelemetry.sdk.internal.CurrentJavaVersionSpecific
23:46:22.713 [main] DEBUG net.thucydides.core.reflection.ClassFinder - Could not load class META-INF.versions.9.io.opentelemetry.sdk.internal.Java9VersionSpecific
23:46:22.714 [main] DEBUG net.thucydides.core.reflection.ClassFinder - Could not load class META-INF.versions.9.javax.xml.bind.ModuleUtil
23:46:22.714 [main] DEBUG net.thucydides.core.reflection.ClassFinder - Could not load class META-INF.versions.9.module-info
23:46:22.714 [main] DEBUG net.thucydides.core.reflection.ClassFinder - Could not load class META-INF.versions.9.org.junit.platform.commons.util.ModuleUtils
23:46:22.959 [main] DEBUG net.thucydides.core.reflection.ClassFinder - Could not load class com.google.gson.internal.
23:46:23.086 [main] DEBUG net.thucydides.core.reflection.ClassFinder - Could not load class com.sun.xml.bind.v2.runtime.output.FastInfosetStreamWriterOutput
23:46:23.419 [main] DEBUG net.thucydides.core.reflection.ClassFinder - Could not load class module-info
23:46:25.328 [main] DEBUG io.netty.util.internal.logging.InternalLoggerFactory - Using SLF4J as the default logging framework
23:46:25.330 [main] DEBUG io.netty.util.ResourceLeakDetector - -Dio.netty.leakDetection.level: simple
23:46:25.330 [main] DEBUG io.netty.util.ResourceLeakDetector - -Dio.netty.leakDetection.targetRecords: 4
23:46:25.334 [main] DEBUG io.netty.util.ResourceLeakDetectorFactory - Loaded default ResourceLeakDetector: io.netty.util.ResourceLeakDetector@5ab780ce
23:46:25.348 [main] DEBUG io.netty.util.internal.PlatformDependent0 - -Dio.netty.noUnsafe: false
23:46:25.348 [main] DEBUG io.netty.util.internal.PlatformDependent0 - Java version: 11
23:46:25.349 [main] DEBUG io.netty.util.internal.PlatformDependent0 - sun.misc.Unsafe.theUnsafe: available
23:46:25.350 [main] DEBUG io.netty.util.internal.PlatformDependent0 - sun.misc.Unsafe.copyMemory: available
23:46:25.350 [main] DEBUG io.netty.util.internal.PlatformDependent0 - java.nio.Buffer.address: available
23:46:25.350 [main] DEBUG io.netty.util.internal.PlatformDependent0 - direct buffer constructor: unavailable: Reflective setAccessible(true) disabled
23:46:25.351 [main] DEBUG io.netty.util.internal.PlatformDependent0 - java.nio.Bits.unaligned: available, true
23:46:25.352 [main] DEBUG io.netty.util.internal.PlatformDependent0 - jdk.internal.misc.Unsafe.allocateUninitializedArray(int): unavailable: class io.netty.util.internal.PlatformDependent0$6 cannot access class jdk.internal.misc.Unsafe (in module java.base) because module java.base does not export jdk.internal.misc to unnamed module @4fbdc0f0
23:46:25.352 [main] DEBUG io.netty.util.internal.PlatformDependent0 - java.nio.DirectByteBuffer.<init>(long, int): unavailable
23:46:25.352 [main] DEBUG io.netty.util.internal.PlatformDependent - sun.misc.Unsafe: available
23:46:25.354 [main] DEBUG io.netty.util.internal.PlatformDependent - maxDirectMemory: 4211081216 bytes (maybe)
23:46:25.354 [main] DEBUG io.netty.util.internal.PlatformDependent - -Dio.netty.tmpdir: C:\Users\saral\AppData\Local\Temp (java.io.tmpdir)
23:46:25.354 [main] DEBUG io.netty.util.internal.PlatformDependent - -Dio.netty.bitMode: 64 (sun.arch.data.model)
23:46:25.354 [main] DEBUG io.netty.util.internal.PlatformDependent - Platform: Windows
23:46:25.355 [main] DEBUG io.netty.util.internal.PlatformDependent - -Dio.netty.maxDirectMemory: -1 bytes
23:46:25.355 [main] DEBUG io.netty.util.internal.PlatformDependent - -Dio.netty.uninitializedArrayAllocationThreshold: -1
23:46:25.355 [main] DEBUG io.netty.util.internal.CleanerJava9 - java.nio.ByteBuffer.cleaner(): available
23:46:25.355 [main] DEBUG io.netty.util.internal.PlatformDependent - -Dio.netty.noPreferDirect: false
23:46:25.361 [main] DEBUG io.netty.util.internal.PlatformDependent - org.jctools-core.MpscChunkedArrayQueue: available
23:46:25.375 [main] DEBUG io.netty.util.internal.InternalThreadLocalMap - -Dio.netty.threadLocalMap.stringBuilder.initialSize: 1024
23:46:25.375 [main] DEBUG io.netty.util.internal.InternalThreadLocalMap - -Dio.netty.threadLocalMap.stringBuilder.maxSize: 4096
23:46:25.400 [main] DEBUG io.netty.handler.ssl.JdkSslContext - Default protocols (JDK): [TLSv1.3, TLSv1.2] 
23:46:25.400 [main] DEBUG io.netty.handler.ssl.JdkSslContext - Default cipher suites (JDK): [TLS_ECDHE_ECDSA_WITH_AES_256_GCM_SHA384, TLS_ECDHE_ECDSA_WITH_AES_128_GCM_SHA256, TLS_ECDHE_RSA_WITH_AES_128_GCM_SHA256, TLS_ECDHE_RSA_WITH_AES_256_GCM_SHA384, TLS_ECDHE_RSA_WITH_AES_128_CBC_SHA, TLS_ECDHE_RSA_WITH_AES_256_CBC_SHA, TLS_RSA_WITH_AES_128_GCM_SHA256, TLS_RSA_WITH_AES_128_CBC_SHA, TLS_RSA_WITH_AES_256_CBC_SHA, TLS_AES_128_GCM_SHA256, TLS_AES_256_GCM_SHA384]
23:46:25.421 [main] DEBUG io.netty.channel.MultithreadEventLoopGroup - -Dio.netty.eventLoopThreads: 16
23:46:25.428 [main] DEBUG io.netty.channel.nio.NioEventLoop - -Dio.netty.noKeySetOptimization: false
23:46:25.428 [main] DEBUG io.netty.channel.nio.NioEventLoop - -Dio.netty.selectorAutoRebuildThreshold: 512
23:46:25.458 [main] DEBUG io.netty.buffer.PooledByteBufAllocator - -Dio.netty.allocator.numHeapArenas: 16
23:46:25.458 [main] DEBUG io.netty.buffer.PooledByteBufAllocator - -Dio.netty.allocator.numDirectArenas: 16
23:46:25.458 [main] DEBUG io.netty.buffer.PooledByteBufAllocator - -Dio.netty.allocator.pageSize: 8192
23:46:25.458 [main] DEBUG io.netty.buffer.PooledByteBufAllocator - -Dio.netty.allocator.maxOrder: 11
23:46:25.458 [main] DEBUG io.netty.buffer.PooledByteBufAllocator - -Dio.netty.allocator.chunkSize: 16777216
23:46:25.458 [main] DEBUG io.netty.buffer.PooledByteBufAllocator - -Dio.netty.allocator.smallCacheSize: 256
23:46:25.458 [main] DEBUG io.netty.buffer.PooledByteBufAllocator - -Dio.netty.allocator.normalCacheSize: 64
23:46:25.458 [main] DEBUG io.netty.buffer.PooledByteBufAllocator - -Dio.netty.allocator.maxCachedBufferCapacity: 32768
23:46:25.458 [main] DEBUG io.netty.buffer.PooledByteBufAllocator - -Dio.netty.allocator.cacheTrimInterval: 8192
23:46:25.458 [main] DEBUG io.netty.buffer.PooledByteBufAllocator - -Dio.netty.allocator.cacheTrimIntervalMillis: 0
23:46:25.458 [main] DEBUG io.netty.buffer.PooledByteBufAllocator - -Dio.netty.allocator.useCacheForAllThreads: true
23:46:25.458 [main] DEBUG io.netty.buffer.PooledByteBufAllocator - -Dio.netty.allocator.maxCachedByteBuffersPerChunk: 1023
23:46:25.466 [main] DEBUG io.netty.buffer.ByteBufUtil - -Dio.netty.allocator.type: pooled
23:46:25.466 [main] DEBUG io.netty.buffer.ByteBufUtil - -Dio.netty.threadLocalDirectBufferSize: 0
23:46:25.466 [main] DEBUG io.netty.buffer.ByteBufUtil - -Dio.netty.maxThreadLocalCharBufferSize: 16384
23:46:25.602 [main] DEBUG net.serenitybdd.core.webdriver.driverproviders.ProvideNewDriver - Instantiating driver
23:46:25.602 [main] DEBUG net.serenitybdd.core.webdriver.driverproviders.ProvideNewDriver - Driver capabilities: Capabilities {acceptInsecureCerts: false, base.url: https://qa.alta.id/, browserName: chrome, chrome.driver: src/main/resources/webdrive..., driver: chrome, goog:chromeOptions: {args: [], extensions: []}}
23:46:26.265 [Forwarding newSession on session null to remote] DEBUG io.netty.channel.DefaultChannelId - -Dio.netty.processId: 23764 (auto-detected)
23:46:26.267 [Forwarding newSession on session null to remote] DEBUG io.netty.util.NetUtil - -Djava.net.preferIPv4Stack: false
23:46:26.267 [Forwarding newSession on session null to remote] DEBUG io.netty.util.NetUtil - -Djava.net.preferIPv6Addresses: false
23:46:26.384 [Forwarding newSession on session null to remote] DEBUG io.netty.util.NetUtilInitializations - Loopback interface: lo (Software Loopback Interface 1, 127.0.0.1)
23:46:26.385 [Forwarding newSession on session null to remote] DEBUG io.netty.util.NetUtil - Failed to get SOMAXCONN from sysctl and file \proc\sys\net\core\somaxconn. Default: 200
23:46:26.505 [Forwarding newSession on session null to remote] DEBUG io.netty.channel.DefaultChannelId - -Dio.netty.machineId: 04:42:1a:ff:fe:88:54:7b (auto-detected)
23:46:26.537 [AsyncHttpClient-1-2] DEBUG io.netty.buffer.AbstractByteBuf - -Dio.netty.buffer.checkAccessible: true
23:46:26.538 [AsyncHttpClient-1-2] DEBUG io.netty.buffer.AbstractByteBuf - -Dio.netty.buffer.checkBounds: true
23:46:26.538 [AsyncHttpClient-1-2] DEBUG io.netty.util.ResourceLeakDetectorFactory - Loaded default ResourceLeakDetector: io.netty.util.ResourceLeakDetector@6f7201b9
23:46:26.547 [AsyncHttpClient-1-2] DEBUG org.asynchttpclient.netty.channel.NettyConnectListener - Using new Channel '[id: 0x79a5b980, L:/127.0.0.1:56882 - R:localhost/127.0.0.1:60915]' for 'POST' to '/session'
23:46:26.558 [AsyncHttpClient-1-2] DEBUG io.netty.util.Recycler - -Dio.netty.recycler.maxCapacityPerThread: 4096
23:46:26.559 [AsyncHttpClient-1-2] DEBUG io.netty.util.Recycler - -Dio.netty.recycler.ratio: 8
23:46:26.559 [AsyncHttpClient-1-2] DEBUG io.netty.util.Recycler - -Dio.netty.recycler.chunkSize: 32
23:46:26.559 [AsyncHttpClient-1-2] DEBUG io.netty.util.Recycler - -Dio.netty.recycler.blocking: false
23:46:27.067 [AsyncHttpClient-1-2] DEBUG io.netty.handler.codec.compression.Brotli - brotli4j not in the classpath; Brotli support will be unavailable.
23:46:27.067 [AsyncHttpClient-1-2] DEBUG org.asynchttpclient.netty.handler.HttpHandler - 

Request DefaultHttpRequest(decodeResult: success, version: HTTP/1.1)
POST /session HTTP/1.1
User-Agent: selenium/4.1.2 (java windows)
Content-Length: 605
Content-Type: application/json; charset=utf-8
host: localhost:60915
accept: */*

Response DefaultHttpResponse(decodeResult: success, version: HTTP/1.1)
HTTP/1.1 200 OK
Content-Type: application/json; charset=utf-8
cache-control: no-cache
content-length: 789

23:46:27.075 [AsyncHttpClient-1-2] DEBUG org.asynchttpclient.netty.channel.ChannelManager - Adding key: http://localhost:60915 for channel [id: 0x79a5b980, L:/127.0.0.1:56882 - R:localhost/127.0.0.1:60915]
23:46:27.129 [AsyncHttpClient-1-3] DEBUG org.asynchttpclient.netty.channel.NettyConnectListener - Using new Channel '[id: 0xce1d0613, L:/127.0.0.1:56889 - R:localhost/127.0.0.1:56883]' for 'GET' to '/json/version'
23:46:27.135 [AsyncHttpClient-1-3] DEBUG org.asynchttpclient.netty.handler.HttpHandler - 

Request DefaultFullHttpRequest(decodeResult: success, version: HTTP/1.1, content: EmptyByteBufBE)
GET /json/version HTTP/1.1
User-Agent: selenium/4.1.2 (java windows)
host: localhost:56883
accept: */*

Response DefaultHttpResponse(decodeResult: success, version: HTTP/1.1)
HTTP/1.1 200 OK
Content-Type: application/json; charset=UTF-8
content-length: 427

23:46:27.136 [AsyncHttpClient-1-3] DEBUG org.asynchttpclient.netty.channel.ChannelManager - Adding key: http://localhost:56883 for channel [id: 0xce1d0613, L:/127.0.0.1:56889 - R:localhost/127.0.0.1:56883]
23:46:27.143 [main] DEBUG io.netty.util.internal.ThreadLocalRandom - -Dio.netty.initialSeedUniquifier: 0xc9ca314ee638d993
23:46:27.147 [AsyncHttpClient-1-4] DEBUG org.asynchttpclient.netty.channel.NettyConnectListener - Using new Channel '[id: 0x0337441f, L:/127.0.0.1:56890 - R:localhost/127.0.0.1:56883]' for 'GET' to '/devtools/browser/851694e9-ead3-4189-aef2-0b9f7d45a1b0'
23:46:27.152 [AsyncHttpClient-1-4] DEBUG org.asynchttpclient.netty.handler.WebSocketHandler - 

Request DefaultFullHttpRequest(decodeResult: success, version: HTTP/1.1, content: EmptyByteBufBE)
GET /devtools/browser/851694e9-ead3-4189-aef2-0b9f7d45a1b0 HTTP/1.1
upgrade: websocket
connection: upgrade
sec-websocket-key: eKUqlvB7C9q2/lwHtT8rDw==
sec-websocket-version: 13
origin: http://localhost:56883
host: localhost:56883
accept: */*
user-agent: AHC/2.1

Response DefaultHttpResponse(decodeResult: success, version: HTTP/1.1)
HTTP/1.1 101 WebSocket Protocol Handshake
Upgrade: WebSocket
Connection: Upgrade
Sec-WebSocket-Accept: h+abkEKmfgq/G6jzL/7Xs4Mz2jM=

23:46:27.568 [AsyncHttpClient-1-1] DEBUG org.asynchttpclient.netty.channel.DefaultChannelPool - Entry count for : http://localhost:60915 : 1
23:46:27.568 [AsyncHttpClient-1-1] DEBUG org.asynchttpclient.netty.channel.DefaultChannelPool - Entry count for : http://localhost:56883 : 1
23:46:27.782 [main] DEBUG net.thucydides.core.reflection.ClassFinder - Could not load class .starter.CucumberTestSuite
23:46:27.782 [main] DEBUG net.thucydides.core.reflection.ClassFinder - Could not load class .starter.pages.HomePage
23:46:27.782 [main] DEBUG net.thucydides.core.reflection.ClassFinder - Could not load class .starter.pages.LoginPage
23:46:27.782 [main] DEBUG net.thucydides.core.reflection.ClassFinder - Could not load class .starter.pages.LogoutPage
23:46:27.782 [main] DEBUG net.thucydides.core.reflection.ClassFinder - Could not load class .starter.pages.OrderPage
23:46:27.782 [main] DEBUG net.thucydides.core.reflection.ClassFinder - Could not load class .starter.pages.RatingPage
23:46:27.783 [main] DEBUG net.thucydides.core.reflection.ClassFinder - Could not load class .starter.pages.RegisterPage
23:46:27.783 [main] DEBUG net.thucydides.core.reflection.ClassFinder - Could not load class .starter.stepdefinitions.LoginSteps
23:46:27.783 [main] DEBUG net.thucydides.core.reflection.ClassFinder - Could not load class .starter.stepdefinitions.LogoutSteps
23:46:27.783 [main] DEBUG net.thucydides.core.reflection.ClassFinder - Could not load class .starter.stepdefinitions.OrderSteps
23:46:27.783 [main] DEBUG net.thucydides.core.reflection.ClassFinder - Could not load class .starter.stepdefinitions.RatingSteps
23:46:27.783 [main] DEBUG net.thucydides.core.reflection.ClassFinder - Could not load class .starter.stepdefinitions.RegisterSteps
23:46:27.783 [main] DEBUG net.thucydides.core.reflection.ClassFinder - Could not load class META-INF.versions.9.com.sun.istack.logging.StackHelper
23:46:27.784 [main] DEBUG net.thucydides.core.reflection.ClassFinder - Could not load class META-INF.versions.9.com.sun.xml.bind.v2.runtime.reflect.opt.AccessorInjector
23:46:27.784 [main] DEBUG net.thucydides.core.reflection.ClassFinder - Could not load class META-INF.versions.9.com.sun.xml.bind.v2.runtime.reflect.opt.Injector
23:46:27.785 [main] DEBUG net.thucydides.core.reflection.ClassFinder - Could not load class META-INF.versions.9.com.sun.xml.bind.v2.runtime.reflect.opt.OptimizedAccessorFactory
23:46:27.785 [main] DEBUG net.thucydides.core.reflection.ClassFinder - Could not load class META-INF.versions.9.com.sun.xml.bind.v2.runtime.reflect.opt.OptimizedTransducedAccessorFactory
23:46:27.786 [main] DEBUG net.thucydides.core.reflection.ClassFinder - Could not load class META-INF.versions.9.io.opentelemetry.sdk.internal.CurrentJavaVersionSpecific
23:46:27.786 [main] DEBUG net.thucydides.core.reflection.ClassFinder - Could not load class META-INF.versions.9.io.opentelemetry.sdk.internal.Java9VersionSpecific
23:46:27.786 [main] DEBUG net.thucydides.core.reflection.ClassFinder - Could not load class META-INF.versions.9.javax.xml.bind.ModuleUtil
23:46:27.786 [main] DEBUG net.thucydides.core.reflection.ClassFinder - Could not load class META-INF.versions.9.module-info
23:46:27.787 [main] DEBUG net.thucydides.core.reflection.ClassFinder - Could not load class META-INF.versions.9.org.junit.platform.commons.util.ModuleUtils
23:46:27.789 [main] DEBUG net.thucydides.core.reflection.ClassFinder - Could not load class com.google.gson.internal.
23:46:27.790 [main] DEBUG net.thucydides.core.reflection.ClassFinder - Could not load class com.sun.xml.bind.v2.runtime.output.FastInfosetStreamWriterOutput
23:46:27.794 [main] DEBUG net.thucydides.core.reflection.ClassFinder - Could not load class module-info
23:46:27.819 [Forwarding get on session 290ee28285488abe738699759e3347f0 to remote] DEBUG org.asynchttpclient.netty.request.NettyRequestSender - Using pooled Channel '[id: 0x79a5b980, L:/127.0.0.1:56882 - R:localhost/127.0.0.1:60915]' for 'POST' to 'http://localhost:60915/session/290ee28285488abe738699759e3347f0/url'
23:46:27.819 [Forwarding get on session 290ee28285488abe738699759e3347f0 to remote] DEBUG org.asynchttpclient.netty.request.NettyRequestSender - Using open Channel [id: 0x79a5b980, L:/127.0.0.1:56882 - R:localhost/127.0.0.1:60915] for POST '/session/290ee28285488abe738699759e3347f0/url'
23:46:28.668 [AsyncHttpClient-1-1] DEBUG org.asynchttpclient.netty.channel.DefaultChannelPool - Entry count for : http://localhost:56883 : 1
23:46:29.184 [AsyncHttpClient-1-2] DEBUG org.asynchttpclient.netty.handler.HttpHandler - 

Request DefaultHttpRequest(decodeResult: success, version: HTTP/1.1)
POST /session/290ee28285488abe738699759e3347f0/url HTTP/1.1
User-Agent: selenium/4.1.2 (java windows)
Content-Length: 64
Content-Type: application/json; charset=utf-8
host: localhost:60915
accept: */*

Response DefaultHttpResponse(decodeResult: success, version: HTTP/1.1)
HTTP/1.1 200 OK
Content-Type: application/json; charset=utf-8
cache-control: no-cache
content-length: 14

23:46:29.184 [AsyncHttpClient-1-2] DEBUG org.asynchttpclient.netty.channel.ChannelManager - Adding key: http://localhost:60915 for channel [id: 0x79a5b980, L:/127.0.0.1:56882 - R:localhost/127.0.0.1:60915]
23:46:29.190 [Forwarding setTimeout on session 290ee28285488abe738699759e3347f0 to remote] DEBUG org.asynchttpclient.netty.request.NettyRequestSender - Using pooled Channel '[id: 0x79a5b980, L:/127.0.0.1:56882 - R:localhost/127.0.0.1:60915]' for 'POST' to 'http://localhost:60915/session/290ee28285488abe738699759e3347f0/timeouts'
23:46:29.190 [Forwarding setTimeout on session 290ee28285488abe738699759e3347f0 to remote] DEBUG org.asynchttpclient.netty.request.NettyRequestSender - Using open Channel [id: 0x79a5b980, L:/127.0.0.1:56882 - R:localhost/127.0.0.1:60915] for POST '/session/290ee28285488abe738699759e3347f0/timeouts'
23:46:29.191 [AsyncHttpClient-1-2] DEBUG org.asynchttpclient.netty.handler.HttpHandler - 

Request DefaultHttpRequest(decodeResult: success, version: HTTP/1.1)
POST /session/290ee28285488abe738699759e3347f0/timeouts HTTP/1.1
User-Agent: selenium/4.1.2 (java windows)
Content-Length: 22
Content-Type: application/json; charset=utf-8
host: localhost:60915
accept: */*

Response DefaultHttpResponse(decodeResult: success, version: HTTP/1.1)
HTTP/1.1 200 OK
Content-Type: application/json; charset=utf-8
cache-control: no-cache
content-length: 14

23:46:29.191 [AsyncHttpClient-1-2] DEBUG org.asynchttpclient.netty.channel.ChannelManager - Adding key: http://localhost:60915 for channel [id: 0x79a5b980, L:/127.0.0.1:56882 - R:localhost/127.0.0.1:60915]
23:46:29.196 [Forwarding getCurrentUrl on session 290ee28285488abe738699759e3347f0 to remote] DEBUG org.asynchttpclient.netty.request.NettyRequestSender - Using pooled Channel '[id: 0x79a5b980, L:/127.0.0.1:56882 - R:localhost/127.0.0.1:60915]' for 'GET' to 'http://localhost:60915/session/290ee28285488abe738699759e3347f0/url'
23:46:29.196 [Forwarding getCurrentUrl on session 290ee28285488abe738699759e3347f0 to remote] DEBUG org.asynchttpclient.netty.request.NettyRequestSender - Using open Channel [id: 0x79a5b980, L:/127.0.0.1:56882 - R:localhost/127.0.0.1:60915] for GET '/session/290ee28285488abe738699759e3347f0/url'
23:46:29.199 [AsyncHttpClient-1-2] DEBUG org.asynchttpclient.netty.handler.HttpHandler - 

Request DefaultFullHttpRequest(decodeResult: success, version: HTTP/1.1, content: EmptyByteBufBE)
GET /session/290ee28285488abe738699759e3347f0/url HTTP/1.1
User-Agent: selenium/4.1.2 (java windows)
Cache-Control: no-cache
Content-Type: application/json; charset=utf-8
host: localhost:60915
accept: */*

Response DefaultHttpResponse(decodeResult: success, version: HTTP/1.1)
HTTP/1.1 200 OK
Content-Type: application/json; charset=utf-8
cache-control: no-cache
content-length: 41

23:46:29.200 [AsyncHttpClient-1-2] DEBUG org.asynchttpclient.netty.channel.ChannelManager - Adding key: http://localhost:60915 for channel [id: 0x79a5b980, L:/127.0.0.1:56882 - R:localhost/127.0.0.1:60915]
23:46:29.214 [main] DEBUG net.serenitybdd.core.photography.Darkroom - Opening darkroom
23:46:29.215 [Darkroom Processing Line] DEBUG net.serenitybdd.core.photography.DarkroomProcessingLine - Darkroom processing line starting up
23:46:29.216 [Forwarding screenshot on session 290ee28285488abe738699759e3347f0 to remote] DEBUG org.asynchttpclient.netty.request.NettyRequestSender - Using pooled Channel '[id: 0x79a5b980, L:/127.0.0.1:56882 - R:localhost/127.0.0.1:60915]' for 'GET' to 'http://localhost:60915/session/290ee28285488abe738699759e3347f0/screenshot'
23:46:29.216 [Forwarding screenshot on session 290ee28285488abe738699759e3347f0 to remote] DEBUG org.asynchttpclient.netty.request.NettyRequestSender - Using open Channel [id: 0x79a5b980, L:/127.0.0.1:56882 - R:localhost/127.0.0.1:60915] for GET '/session/290ee28285488abe738699759e3347f0/screenshot'
23:46:29.297 [AsyncHttpClient-1-2] DEBUG org.asynchttpclient.netty.handler.HttpHandler - 

Request DefaultFullHttpRequest(decodeResult: success, version: HTTP/1.1, content: EmptyByteBufBE)
GET /session/290ee28285488abe738699759e3347f0/screenshot HTTP/1.1
User-Agent: selenium/4.1.2 (java windows)
Cache-Control: no-cache
Content-Type: application/json; charset=utf-8
host: localhost:60915
accept: */*

Response DefaultHttpResponse(decodeResult: success, version: HTTP/1.1)
HTTP/1.1 200 OK
Content-Type: application/json; charset=utf-8
cache-control: no-cache
content-length: 32192

23:46:29.298 [AsyncHttpClient-1-2] DEBUG org.asynchttpclient.netty.channel.ChannelManager - Adding key: http://localhost:60915 for channel [id: 0x79a5b980, L:/127.0.0.1:56882 - R:localhost/127.0.0.1:60915]
23:46:29.346 [main] DEBUG net.serenitybdd.core.photography.Darkroom - Send negative for processing for target\site\serenity\4d98329a65403fb35239499910819cdb6d3d71d823e551da367b9fc52c2ec142.png
23:46:29.347 [Darkroom Processing Line] DEBUG net.serenitybdd.core.photography.DarkroomProcessingLine - Processing screenshot image in /var/screenshots/screenshot-4402244650863676334
23:46:29.347 [Darkroom Processing Line] DEBUG net.serenitybdd.core.photography.DarkroomProcessingLine - Saving screenshot to target\site\serenity\4d98329a65403fb35239499910819cdb6d3d71d823e551da367b9fc52c2ec142.png
23:46:29.350 [main] DEBUG net.thucydides.core.steps.StepInterceptor - STEP DONE: loginPage
23:46:29.356 [main] DEBUG net.thucydides.core.steps.StepInterceptor - STARTING STEP: LoginSteps.onTheLoginPage - validateOnLoginPage
23:46:29.359 [Forwarding findElement on session 290ee28285488abe738699759e3347f0 to remote] DEBUG org.asynchttpclient.netty.request.NettyRequestSender - Using pooled Channel '[id: 0x79a5b980, L:/127.0.0.1:56882 - R:localhost/127.0.0.1:60915]' for 'POST' to 'http://localhost:60915/session/290ee28285488abe738699759e3347f0/element'
23:46:29.359 [Forwarding findElement on session 290ee28285488abe738699759e3347f0 to remote] DEBUG org.asynchttpclient.netty.request.NettyRequestSender - Using open Channel [id: 0x79a5b980, L:/127.0.0.1:56882 - R:localhost/127.0.0.1:60915] for POST '/session/290ee28285488abe738699759e3347f0/element'
23:46:29.367 [AsyncHttpClient-1-2] DEBUG org.asynchttpclient.netty.handler.HttpHandler - 

Request DefaultHttpRequest(decodeResult: success, version: HTTP/1.1)
POST /session/290ee28285488abe738699759e3347f0/element HTTP/1.1
User-Agent: selenium/4.1.2 (java windows)
Content-Length: 155
Content-Type: application/json; charset=utf-8
host: localhost:60915
accept: */*

Response DefaultHttpResponse(decodeResult: success, version: HTTP/1.1)
HTTP/1.1 200 OK
Content-Type: application/json; charset=utf-8
cache-control: no-cache
content-length: 88

23:46:29.367 [AsyncHttpClient-1-2] DEBUG org.asynchttpclient.netty.channel.ChannelManager - Adding key: http://localhost:60915 for channel [id: 0x79a5b980, L:/127.0.0.1:56882 - R:localhost/127.0.0.1:60915]
23:46:29.383 [Forwarding isElementDisplayed on session 290ee28285488abe738699759e3347f0 to remote] DEBUG org.asynchttpclient.netty.request.NettyRequestSender - Using pooled Channel '[id: 0x79a5b980, L:/127.0.0.1:56882 - R:localhost/127.0.0.1:60915]' for 'POST' to 'http://localhost:60915/session/290ee28285488abe738699759e3347f0/execute/sync'
23:46:29.383 [Forwarding isElementDisplayed on session 290ee28285488abe738699759e3347f0 to remote] DEBUG org.asynchttpclient.netty.request.NettyRequestSender - Using open Channel [id: 0x79a5b980, L:/127.0.0.1:56882 - R:localhost/127.0.0.1:60915] for POST '/session/290ee28285488abe738699759e3347f0/execute/sync'
23:46:29.401 [AsyncHttpClient-1-2] DEBUG org.asynchttpclient.netty.handler.HttpHandler - 

Request DefaultHttpRequest(decodeResult: success, version: HTTP/1.1)
POST /session/290ee28285488abe738699759e3347f0/execute/sync HTTP/1.1
User-Agent: selenium/4.1.2 (java windows)
Content-Length: 48780
Content-Type: application/json; charset=utf-8
host: localhost:60915
accept: */*

Response DefaultHttpResponse(decodeResult: success, version: HTTP/1.1)
HTTP/1.1 200 OK
Content-Type: application/json; charset=utf-8
cache-control: no-cache
content-length: 14

23:46:29.401 [AsyncHttpClient-1-2] DEBUG org.asynchttpclient.netty.channel.ChannelManager - Adding key: http://localhost:60915 for channel [id: 0x79a5b980, L:/127.0.0.1:56882 - R:localhost/127.0.0.1:60915]
23:46:29.406 [Forwarding screenshot on session 290ee28285488abe738699759e3347f0 to remote] DEBUG org.asynchttpclient.netty.request.NettyRequestSender - Using pooled Channel '[id: 0x79a5b980, L:/127.0.0.1:56882 - R:localhost/127.0.0.1:60915]' for 'GET' to 'http://localhost:60915/session/290ee28285488abe738699759e3347f0/screenshot'
23:46:29.406 [Forwarding screenshot on session 290ee28285488abe738699759e3347f0 to remote] DEBUG org.asynchttpclient.netty.request.NettyRequestSender - Using open Channel [id: 0x79a5b980, L:/127.0.0.1:56882 - R:localhost/127.0.0.1:60915] for GET '/session/290ee28285488abe738699759e3347f0/screenshot'
23:46:29.472 [AsyncHttpClient-1-2] DEBUG org.asynchttpclient.netty.handler.HttpHandler - 

Request DefaultFullHttpRequest(decodeResult: success, version: HTTP/1.1, content: EmptyByteBufBE)
GET /session/290ee28285488abe738699759e3347f0/screenshot HTTP/1.1
User-Agent: selenium/4.1.2 (java windows)
Cache-Control: no-cache
Content-Type: application/json; charset=utf-8
host: localhost:60915
accept: */*

Response DefaultHttpResponse(decodeResult: success, version: HTTP/1.1)
HTTP/1.1 200 OK
Content-Type: application/json; charset=utf-8
cache-control: no-cache
content-length: 32192

23:46:29.473 [AsyncHttpClient-1-2] DEBUG org.asynchttpclient.netty.channel.ChannelManager - Adding key: http://localhost:60915 for channel [id: 0x79a5b980, L:/127.0.0.1:56882 - R:localhost/127.0.0.1:60915]
23:46:29.474 [main] DEBUG net.serenitybdd.core.photography.Darkroom - Send negative for processing for target\site\serenity\4d98329a65403fb35239499910819cdb6d3d71d823e551da367b9fc52c2ec142.png
23:46:29.474 [main] DEBUG net.thucydides.core.steps.StepInterceptor - STEP DONE: validateOnLoginPage
  &amp#27;[32mGiven &amp#27;[0m&amp#27;[32mI am on the login page&amp#27;[0m                &amp#27;[90m# starter.stepdefinitions.LoginSteps.onTheLoginPage()&amp#27;[0m
23:46:29.501 [main] DEBUG net.thucydides.core.steps.StepInterceptor - STARTING STEP: LoginSteps.inputValidEmail - inputEmail
23:46:29.506 [Forwarding findElement on session 290ee28285488abe738699759e3347f0 to remote] DEBUG org.asynchttpclient.netty.request.NettyRequestSender - Using pooled Channel '[id: 0x79a5b980, L:/127.0.0.1:56882 - R:localhost/127.0.0.1:60915]' for 'POST' to 'http://localhost:60915/session/290ee28285488abe738699759e3347f0/element'
23:46:29.506 [Forwarding findElement on session 290ee28285488abe738699759e3347f0 to remote] DEBUG org.asynchttpclient.netty.request.NettyRequestSender - Using open Channel [id: 0x79a5b980, L:/127.0.0.1:56882 - R:localhost/127.0.0.1:60915] for POST '/session/290ee28285488abe738699759e3347f0/element'
23:46:29.515 [AsyncHttpClient-1-2] DEBUG org.asynchttpclient.netty.handler.HttpHandler - 

Request DefaultHttpRequest(decodeResult: success, version: HTTP/1.1)
POST /session/290ee28285488abe738699759e3347f0/element HTTP/1.1
User-Agent: selenium/4.1.2 (java windows)
Content-Length: 84
Content-Type: application/json; charset=utf-8
host: localhost:60915
accept: */*

Response DefaultHttpResponse(decodeResult: success, version: HTTP/1.1)
HTTP/1.1 200 OK
Content-Type: application/json; charset=utf-8
cache-control: no-cache
content-length: 88

23:46:29.515 [AsyncHttpClient-1-2] DEBUG org.asynchttpclient.netty.channel.ChannelManager - Adding key: http://localhost:60915 for channel [id: 0x79a5b980, L:/127.0.0.1:56882 - R:localhost/127.0.0.1:60915]
23:46:29.517 [Forwarding clearElement on session 290ee28285488abe738699759e3347f0 to remote] DEBUG org.asynchttpclient.netty.request.NettyRequestSender - Using pooled Channel '[id: 0x79a5b980, L:/127.0.0.1:56882 - R:localhost/127.0.0.1:60915]' for 'POST' to 'http://localhost:60915/session/290ee28285488abe738699759e3347f0/element/ca23d424-b6f4-454e-b4ba-6963448a70c4/clear'
23:46:29.517 [Forwarding clearElement on session 290ee28285488abe738699759e3347f0 to remote] DEBUG org.asynchttpclient.netty.request.NettyRequestSender - Using open Channel [id: 0x79a5b980, L:/127.0.0.1:56882 - R:localhost/127.0.0.1:60915] for POST '/session/290ee28285488abe738699759e3347f0/element/ca23d424-b6f4-454e-b4ba-6963448a70c4/clear'
23:46:29.542 [AsyncHttpClient-1-2] DEBUG org.asynchttpclient.netty.handler.HttpHandler - 

Request DefaultHttpRequest(decodeResult: success, version: HTTP/1.1)
POST /session/290ee28285488abe738699759e3347f0/element/ca23d424-b6f4-454e-b4ba-6963448a70c4/clear HTTP/1.1
User-Agent: selenium/4.1.2 (java windows)
Content-Length: 50
Content-Type: application/json; charset=utf-8
host: localhost:60915
accept: */*

Response DefaultHttpResponse(decodeResult: success, version: HTTP/1.1)
HTTP/1.1 200 OK
Content-Type: application/json; charset=utf-8
cache-control: no-cache
content-length: 14

23:46:29.542 [AsyncHttpClient-1-2] DEBUG org.asynchttpclient.netty.channel.ChannelManager - Adding key: http://localhost:60915 for channel [id: 0x79a5b980, L:/127.0.0.1:56882 - R:localhost/127.0.0.1:60915]
23:46:29.548 [Forwarding sendKeysToElement on session 290ee28285488abe738699759e3347f0 to remote] DEBUG org.asynchttpclient.netty.request.NettyRequestSender - Using pooled Channel '[id: 0x79a5b980, L:/127.0.0.1:56882 - R:localhost/127.0.0.1:60915]' for 'POST' to 'http://localhost:60915/session/290ee28285488abe738699759e3347f0/element/ca23d424-b6f4-454e-b4ba-6963448a70c4/value'
23:46:29.548 [Forwarding sendKeysToElement on session 290ee28285488abe738699759e3347f0 to remote] DEBUG org.asynchttpclient.netty.request.NettyRequestSender - Using open Channel [id: 0x79a5b980, L:/127.0.0.1:56882 - R:localhost/127.0.0.1:60915] for POST '/session/290ee28285488abe738699759e3347f0/element/ca23d424-b6f4-454e-b4ba-6963448a70c4/value'
23:46:29.626 [AsyncHttpClient-1-2] DEBUG org.asynchttpclient.netty.handler.HttpHandler - 

Request DefaultHttpRequest(decodeResult: success, version: HTTP/1.1)
POST /session/290ee28285488abe738699759e3347f0/element/ca23d424-b6f4-454e-b4ba-6963448a70c4/value HTTP/1.1
User-Agent: selenium/4.1.2 (java windows)
Content-Length: 231
Content-Type: application/json; charset=utf-8
host: localhost:60915
accept: */*

Response DefaultHttpResponse(decodeResult: success, version: HTTP/1.1)
HTTP/1.1 200 OK
Content-Type: application/json; charset=utf-8
cache-control: no-cache
content-length: 14

23:46:29.626 [AsyncHttpClient-1-2] DEBUG org.asynchttpclient.netty.channel.ChannelManager - Adding key: http://localhost:60915 for channel [id: 0x79a5b980, L:/127.0.0.1:56882 - R:localhost/127.0.0.1:60915]
23:46:29.635 [Forwarding screenshot on session 290ee28285488abe738699759e3347f0 to remote] DEBUG org.asynchttpclient.netty.request.NettyRequestSender - Using pooled Channel '[id: 0x79a5b980, L:/127.0.0.1:56882 - R:localhost/127.0.0.1:60915]' for 'GET' to 'http://localhost:60915/session/290ee28285488abe738699759e3347f0/screenshot'
23:46:29.636 [Forwarding screenshot on session 290ee28285488abe738699759e3347f0 to remote] DEBUG org.asynchttpclient.netty.request.NettyRequestSender - Using open Channel [id: 0x79a5b980, L:/127.0.0.1:56882 - R:localhost/127.0.0.1:60915] for GET '/session/290ee28285488abe738699759e3347f0/screenshot'
23:46:29.726 [AsyncHttpClient-1-2] DEBUG org.asynchttpclient.netty.handler.HttpHandler - 

Request DefaultFullHttpRequest(decodeResult: success, version: HTTP/1.1, content: EmptyByteBufBE)
GET /session/290ee28285488abe738699759e3347f0/screenshot HTTP/1.1
User-Agent: selenium/4.1.2 (java windows)
Cache-Control: no-cache
Content-Type: application/json; charset=utf-8
host: localhost:60915
accept: */*

Response DefaultHttpResponse(decodeResult: success, version: HTTP/1.1)
HTTP/1.1 200 OK
Content-Type: application/json; charset=utf-8
cache-control: no-cache
content-length: 37828

23:46:29.726 [AsyncHttpClient-1-2] DEBUG org.asynchttpclient.netty.channel.ChannelManager - Adding key: http://localhost:60915 for channel [id: 0x79a5b980, L:/127.0.0.1:56882 - R:localhost/127.0.0.1:60915]
23:46:29.728 [main] DEBUG net.serenitybdd.core.photography.Darkroom - Send negative for processing for target\site\serenity\f2b31f18458334403564a611b1724925a4c47fd06fdaa6b72040df0dad291d30.png
23:46:29.728 [main] DEBUG net.thucydides.core.steps.StepInterceptor - STEP DONE: inputEmail
  &amp#27;[32mWhen &amp#27;[0m&amp#27;[32mI input valid email&amp#27;[0m                    &amp#27;[90m# starter.stepdefinitions.LoginSteps.inputValidEmail()&amp#27;[0m
23:46:29.729 [Darkroom Processing Line] DEBUG net.serenitybdd.core.photography.DarkroomProcessingLine - Processing screenshot image in /var/screenshots/screenshot-15920956525270363362
23:46:29.729 [Darkroom Processing Line] DEBUG net.serenitybdd.core.photography.DarkroomProcessingLine - Saving screenshot to target\site\serenity\f2b31f18458334403564a611b1724925a4c47fd06fdaa6b72040df0dad291d30.png
23:46:29.743 [main] DEBUG net.thucydides.core.steps.StepInterceptor - STARTING STEP: LoginSteps.inputValidPassword - inputPassword
23:46:29.747 [Forwarding findElement on session 290ee28285488abe738699759e3347f0 to remote] DEBUG org.asynchttpclient.netty.request.NettyRequestSender - Using pooled Channel '[id: 0x79a5b980, L:/127.0.0.1:56882 - R:localhost/127.0.0.1:60915]' for 'POST' to 'http://localhost:60915/session/290ee28285488abe738699759e3347f0/element'
23:46:29.747 [Forwarding findElement on session 290ee28285488abe738699759e3347f0 to remote] DEBUG org.asynchttpclient.netty.request.NettyRequestSender - Using open Channel [id: 0x79a5b980, L:/127.0.0.1:56882 - R:localhost/127.0.0.1:60915] for POST '/session/290ee28285488abe738699759e3347f0/element'
23:46:29.755 [AsyncHttpClient-1-2] DEBUG org.asynchttpclient.netty.handler.HttpHandler - 

Request DefaultHttpRequest(decodeResult: success, version: HTTP/1.1)
POST /session/290ee28285488abe738699759e3347f0/element HTTP/1.1
User-Agent: selenium/4.1.2 (java windows)
Content-Length: 87
Content-Type: application/json; charset=utf-8
host: localhost:60915
accept: */*

Response DefaultHttpResponse(decodeResult: success, version: HTTP/1.1)
HTTP/1.1 200 OK
Content-Type: application/json; charset=utf-8
cache-control: no-cache
content-length: 88

23:46:29.756 [AsyncHttpClient-1-2] DEBUG org.asynchttpclient.netty.channel.ChannelManager - Adding key: http://localhost:60915 for channel [id: 0x79a5b980, L:/127.0.0.1:56882 - R:localhost/127.0.0.1:60915]
23:46:29.757 [Forwarding clearElement on session 290ee28285488abe738699759e3347f0 to remote] DEBUG org.asynchttpclient.netty.request.NettyRequestSender - Using pooled Channel '[id: 0x79a5b980, L:/127.0.0.1:56882 - R:localhost/127.0.0.1:60915]' for 'POST' to 'http://localhost:60915/session/290ee28285488abe738699759e3347f0/element/7ec8dee9-2c5f-486a-ae68-5e800cc61ffe/clear'
23:46:29.757 [Forwarding clearElement on session 290ee28285488abe738699759e3347f0 to remote] DEBUG org.asynchttpclient.netty.request.NettyRequestSender - Using open Channel [id: 0x79a5b980, L:/127.0.0.1:56882 - R:localhost/127.0.0.1:60915] for POST '/session/290ee28285488abe738699759e3347f0/element/7ec8dee9-2c5f-486a-ae68-5e800cc61ffe/clear'
23:46:29.774 [AsyncHttpClient-1-1] DEBUG org.asynchttpclient.netty.channel.DefaultChannelPool - Entry count for : http://localhost:56883 : 1
23:46:29.782 [AsyncHttpClient-1-2] DEBUG org.asynchttpclient.netty.handler.HttpHandler - 

Request DefaultHttpRequest(decodeResult: success, version: HTTP/1.1)
POST /session/290ee28285488abe738699759e3347f0/element/7ec8dee9-2c5f-486a-ae68-5e800cc61ffe/clear HTTP/1.1
User-Agent: selenium/4.1.2 (java windows)
Content-Length: 50
Content-Type: application/json; charset=utf-8
host: localhost:60915
accept: */*

Response DefaultHttpResponse(decodeResult: success, version: HTTP/1.1)
HTTP/1.1 200 OK
Content-Type: application/json; charset=utf-8
cache-control: no-cache
content-length: 14

23:46:29.782 [AsyncHttpClient-1-2] DEBUG org.asynchttpclient.netty.channel.ChannelManager - Adding key: http://localhost:60915 for channel [id: 0x79a5b980, L:/127.0.0.1:56882 - R:localhost/127.0.0.1:60915]
23:46:29.784 [Forwarding sendKeysToElement on session 290ee28285488abe738699759e3347f0 to remote] DEBUG org.asynchttpclient.netty.request.NettyRequestSender - Using pooled Channel '[id: 0x79a5b980, L:/127.0.0.1:56882 - R:localhost/127.0.0.1:60915]' for 'POST' to 'http://localhost:60915/session/290ee28285488abe738699759e3347f0/element/7ec8dee9-2c5f-486a-ae68-5e800cc61ffe/value'
23:46:29.784 [Forwarding sendKeysToElement on session 290ee28285488abe738699759e3347f0 to remote] DEBUG org.asynchttpclient.netty.request.NettyRequestSender - Using open Channel [id: 0x79a5b980, L:/127.0.0.1:56882 - R:localhost/127.0.0.1:60915] for POST '/session/290ee28285488abe738699759e3347f0/element/7ec8dee9-2c5f-486a-ae68-5e800cc61ffe/value'
23:46:29.825 [AsyncHttpClient-1-2] DEBUG org.asynchttpclient.netty.handler.HttpHandler - 

Request DefaultHttpRequest(decodeResult: success, version: HTTP/1.1)
POST /session/290ee28285488abe738699759e3347f0/element/7ec8dee9-2c5f-486a-ae68-5e800cc61ffe/value HTTP/1.1
User-Agent: selenium/4.1.2 (java windows)
Content-Length: 151
Content-Type: application/json; charset=utf-8
host: localhost:60915
accept: */*

Response DefaultHttpResponse(decodeResult: success, version: HTTP/1.1)
HTTP/1.1 200 OK
Content-Type: application/json; charset=utf-8
cache-control: no-cache
content-length: 14

23:46:29.825 [AsyncHttpClient-1-2] DEBUG org.asynchttpclient.netty.channel.ChannelManager - Adding key: http://localhost:60915 for channel [id: 0x79a5b980, L:/127.0.0.1:56882 - R:localhost/127.0.0.1:60915]
23:46:29.831 [Forwarding screenshot on session 290ee28285488abe738699759e3347f0 to remote] DEBUG org.asynchttpclient.netty.request.NettyRequestSender - Using pooled Channel '[id: 0x79a5b980, L:/127.0.0.1:56882 - R:localhost/127.0.0.1:60915]' for 'GET' to 'http://localhost:60915/session/290ee28285488abe738699759e3347f0/screenshot'
23:46:29.831 [Forwarding screenshot on session 290ee28285488abe738699759e3347f0 to remote] DEBUG org.asynchttpclient.netty.request.NettyRequestSender - Using open Channel [id: 0x79a5b980, L:/127.0.0.1:56882 - R:localhost/127.0.0.1:60915] for GET '/session/290ee28285488abe738699759e3347f0/screenshot'
23:46:29.919 [AsyncHttpClient-1-2] DEBUG org.asynchttpclient.netty.handler.HttpHandler - 

Request DefaultFullHttpRequest(decodeResult: success, version: HTTP/1.1, content: EmptyByteBufBE)
GET /session/290ee28285488abe738699759e3347f0/screenshot HTTP/1.1
User-Agent: selenium/4.1.2 (java windows)
Cache-Control: no-cache
Content-Type: application/json; charset=utf-8
host: localhost:60915
accept: */*

Response DefaultHttpResponse(decodeResult: success, version: HTTP/1.1)
HTTP/1.1 200 OK
Content-Type: application/json; charset=utf-8
cache-control: no-cache
content-length: 40480

23:46:29.920 [AsyncHttpClient-1-2] DEBUG org.asynchttpclient.netty.channel.ChannelManager - Adding key: http://localhost:60915 for channel [id: 0x79a5b980, L:/127.0.0.1:56882 - R:localhost/127.0.0.1:60915]
23:46:29.923 [main] DEBUG net.serenitybdd.core.photography.Darkroom - Send negative for processing for target\site\serenity\71630065863f206acdaf41604e33fe9fdd7cc2fd7d699b3ef90cbf67d16f8cdc.png
23:46:29.924 [main] DEBUG net.thucydides.core.steps.StepInterceptor - STEP DONE: inputPassword
  &amp#27;[32mAnd &amp#27;[0m&amp#27;[32mI input valid password&amp#27;[0m                  &amp#27;[90m# starter.stepdefinitions.LoginSteps.inputValidPassword()&amp#27;[0m
23:46:29.925 [Darkroom Processing Line] DEBUG net.serenitybdd.core.photography.DarkroomProcessingLine - Processing screenshot image in /var/screenshots/screenshot-17324656822110976
23:46:29.925 [Darkroom Processing Line] DEBUG net.serenitybdd.core.photography.DarkroomProcessingLine - Saving screenshot to target\site\serenity\71630065863f206acdaf41604e33fe9fdd7cc2fd7d699b3ef90cbf67d16f8cdc.png
23:46:29.937 [main] DEBUG net.thucydides.core.steps.StepInterceptor - STARTING STEP: LoginSteps.clickLoginButton - clickLoginButton
23:46:29.942 [Forwarding findElement on session 290ee28285488abe738699759e3347f0 to remote] DEBUG org.asynchttpclient.netty.request.NettyRequestSender - Using pooled Channel '[id: 0x79a5b980, L:/127.0.0.1:56882 - R:localhost/127.0.0.1:60915]' for 'POST' to 'http://localhost:60915/session/290ee28285488abe738699759e3347f0/element'
23:46:29.942 [Forwarding findElement on session 290ee28285488abe738699759e3347f0 to remote] DEBUG org.asynchttpclient.netty.request.NettyRequestSender - Using open Channel [id: 0x79a5b980, L:/127.0.0.1:56882 - R:localhost/127.0.0.1:60915] for POST '/session/290ee28285488abe738699759e3347f0/element'
23:46:29.950 [AsyncHttpClient-1-2] DEBUG org.asynchttpclient.netty.handler.HttpHandler - 

Request DefaultHttpRequest(decodeResult: success, version: HTTP/1.1)
POST /session/290ee28285488abe738699759e3347f0/element HTTP/1.1
User-Agent: selenium/4.1.2 (java windows)
Content-Length: 155
Content-Type: application/json; charset=utf-8
host: localhost:60915
accept: */*

Response DefaultHttpResponse(decodeResult: success, version: HTTP/1.1)
HTTP/1.1 200 OK
Content-Type: application/json; charset=utf-8
cache-control: no-cache
content-length: 88

23:46:29.950 [AsyncHttpClient-1-2] DEBUG org.asynchttpclient.netty.channel.ChannelManager - Adding key: http://localhost:60915 for channel [id: 0x79a5b980, L:/127.0.0.1:56882 - R:localhost/127.0.0.1:60915]
23:46:29.951 [Forwarding getElementTagName on session 290ee28285488abe738699759e3347f0 to remote] DEBUG org.asynchttpclient.netty.request.NettyRequestSender - Using pooled Channel '[id: 0x79a5b980, L:/127.0.0.1:56882 - R:localhost/127.0.0.1:60915]' for 'GET' to 'http://localhost:60915/session/290ee28285488abe738699759e3347f0/element/356b7827-9221-4768-af8d-6c05872b2c5d/name'
23:46:29.951 [Forwarding getElementTagName on session 290ee28285488abe738699759e3347f0 to remote] DEBUG org.asynchttpclient.netty.request.NettyRequestSender - Using open Channel [id: 0x79a5b980, L:/127.0.0.1:56882 - R:localhost/127.0.0.1:60915] for GET '/session/290ee28285488abe738699759e3347f0/element/356b7827-9221-4768-af8d-6c05872b2c5d/name'
23:46:29.957 [AsyncHttpClient-1-2] DEBUG org.asynchttpclient.netty.handler.HttpHandler - 

Request DefaultFullHttpRequest(decodeResult: success, version: HTTP/1.1, content: EmptyByteBufBE)
GET /session/290ee28285488abe738699759e3347f0/element/356b7827-9221-4768-af8d-6c05872b2c5d/name HTTP/1.1
User-Agent: selenium/4.1.2 (java windows)
Cache-Control: no-cache
Content-Type: application/json; charset=utf-8
host: localhost:60915
accept: */*

Response DefaultHttpResponse(decodeResult: success, version: HTTP/1.1)
HTTP/1.1 200 OK
Content-Type: application/json; charset=utf-8
cache-control: no-cache
content-length: 18

23:46:29.957 [AsyncHttpClient-1-2] DEBUG org.asynchttpclient.netty.channel.ChannelManager - Adding key: http://localhost:60915 for channel [id: 0x79a5b980, L:/127.0.0.1:56882 - R:localhost/127.0.0.1:60915]
23:46:29.958 [Forwarding getElementTagName on session 290ee28285488abe738699759e3347f0 to remote] DEBUG org.asynchttpclient.netty.request.NettyRequestSender - Using pooled Channel '[id: 0x79a5b980, L:/127.0.0.1:56882 - R:localhost/127.0.0.1:60915]' for 'GET' to 'http://localhost:60915/session/290ee28285488abe738699759e3347f0/element/356b7827-9221-4768-af8d-6c05872b2c5d/name'
23:46:29.959 [Forwarding getElementTagName on session 290ee28285488abe738699759e3347f0 to remote] DEBUG org.asynchttpclient.netty.request.NettyRequestSender - Using open Channel [id: 0x79a5b980, L:/127.0.0.1:56882 - R:localhost/127.0.0.1:60915] for GET '/session/290ee28285488abe738699759e3347f0/element/356b7827-9221-4768-af8d-6c05872b2c5d/name'
23:46:29.963 [AsyncHttpClient-1-2] DEBUG org.asynchttpclient.netty.handler.HttpHandler - 

Request DefaultFullHttpRequest(decodeResult: success, version: HTTP/1.1, content: EmptyByteBufBE)
GET /session/290ee28285488abe738699759e3347f0/element/356b7827-9221-4768-af8d-6c05872b2c5d/name HTTP/1.1
User-Agent: selenium/4.1.2 (java windows)
Cache-Control: no-cache
Content-Type: application/json; charset=utf-8
host: localhost:60915
accept: */*

Response DefaultHttpResponse(decodeResult: success, version: HTTP/1.1)
HTTP/1.1 200 OK
Content-Type: application/json; charset=utf-8
cache-control: no-cache
content-length: 18

23:46:29.963 [AsyncHttpClient-1-2] DEBUG org.asynchttpclient.netty.channel.ChannelManager - Adding key: http://localhost:60915 for channel [id: 0x79a5b980, L:/127.0.0.1:56882 - R:localhost/127.0.0.1:60915]
23:46:29.967 [Forwarding isElementEnabled on session 290ee28285488abe738699759e3347f0 to remote] DEBUG org.asynchttpclient.netty.request.NettyRequestSender - Using pooled Channel '[id: 0x79a5b980, L:/127.0.0.1:56882 - R:localhost/127.0.0.1:60915]' for 'GET' to 'http://localhost:60915/session/290ee28285488abe738699759e3347f0/element/356b7827-9221-4768-af8d-6c05872b2c5d/enabled'
23:46:29.967 [Forwarding isElementEnabled on session 290ee28285488abe738699759e3347f0 to remote] DEBUG org.asynchttpclient.netty.request.NettyRequestSender - Using open Channel [id: 0x79a5b980, L:/127.0.0.1:56882 - R:localhost/127.0.0.1:60915] for GET '/session/290ee28285488abe738699759e3347f0/element/356b7827-9221-4768-af8d-6c05872b2c5d/enabled'
23:46:29.973 [AsyncHttpClient-1-2] DEBUG org.asynchttpclient.netty.handler.HttpHandler - 

Request DefaultFullHttpRequest(decodeResult: success, version: HTTP/1.1, content: EmptyByteBufBE)
GET /session/290ee28285488abe738699759e3347f0/element/356b7827-9221-4768-af8d-6c05872b2c5d/enabled HTTP/1.1
User-Agent: selenium/4.1.2 (java windows)
Cache-Control: no-cache
Content-Type: application/json; charset=utf-8
host: localhost:60915
accept: */*

Response DefaultHttpResponse(decodeResult: success, version: HTTP/1.1)
HTTP/1.1 200 OK
Content-Type: application/json; charset=utf-8
cache-control: no-cache
content-length: 14

23:46:29.974 [AsyncHttpClient-1-2] DEBUG org.asynchttpclient.netty.channel.ChannelManager - Adding key: http://localhost:60915 for channel [id: 0x79a5b980, L:/127.0.0.1:56882 - R:localhost/127.0.0.1:60915]
23:46:29.976 [Forwarding isElementEnabled on session 290ee28285488abe738699759e3347f0 to remote] DEBUG org.asynchttpclient.netty.request.NettyRequestSender - Using pooled Channel '[id: 0x79a5b980, L:/127.0.0.1:56882 - R:localhost/127.0.0.1:60915]' for 'GET' to 'http://localhost:60915/session/290ee28285488abe738699759e3347f0/element/356b7827-9221-4768-af8d-6c05872b2c5d/enabled'
23:46:29.976 [Forwarding isElementEnabled on session 290ee28285488abe738699759e3347f0 to remote] DEBUG org.asynchttpclient.netty.request.NettyRequestSender - Using open Channel [id: 0x79a5b980, L:/127.0.0.1:56882 - R:localhost/127.0.0.1:60915] for GET '/session/290ee28285488abe738699759e3347f0/element/356b7827-9221-4768-af8d-6c05872b2c5d/enabled'
23:46:29.979 [AsyncHttpClient-1-2] DEBUG org.asynchttpclient.netty.handler.HttpHandler - 

Request DefaultFullHttpRequest(decodeResult: success, version: HTTP/1.1, content: EmptyByteBufBE)
GET /session/290ee28285488abe738699759e3347f0/element/356b7827-9221-4768-af8d-6c05872b2c5d/enabled HTTP/1.1
User-Agent: selenium/4.1.2 (java windows)
Cache-Control: no-cache
Content-Type: application/json; charset=utf-8
host: localhost:60915
accept: */*

Response DefaultHttpResponse(decodeResult: success, version: HTTP/1.1)
HTTP/1.1 200 OK
Content-Type: application/json; charset=utf-8
cache-control: no-cache
content-length: 14

23:46:29.979 [AsyncHttpClient-1-2] DEBUG org.asynchttpclient.netty.channel.ChannelManager - Adding key: http://localhost:60915 for channel [id: 0x79a5b980, L:/127.0.0.1:56882 - R:localhost/127.0.0.1:60915]
23:46:29.981 [Forwarding findElement on session 290ee28285488abe738699759e3347f0 to remote] DEBUG org.asynchttpclient.netty.request.NettyRequestSender - Using pooled Channel '[id: 0x79a5b980, L:/127.0.0.1:56882 - R:localhost/127.0.0.1:60915]' for 'POST' to 'http://localhost:60915/session/290ee28285488abe738699759e3347f0/element'
23:46:29.982 [Forwarding findElement on session 290ee28285488abe738699759e3347f0 to remote] DEBUG org.asynchttpclient.netty.request.NettyRequestSender - Using open Channel [id: 0x79a5b980, L:/127.0.0.1:56882 - R:localhost/127.0.0.1:60915] for POST '/session/290ee28285488abe738699759e3347f0/element'
23:46:29.986 [AsyncHttpClient-1-2] DEBUG org.asynchttpclient.netty.handler.HttpHandler - 

Request DefaultHttpRequest(decodeResult: success, version: HTTP/1.1)
POST /session/290ee28285488abe738699759e3347f0/element HTTP/1.1
User-Agent: selenium/4.1.2 (java windows)
Content-Length: 155
Content-Type: application/json; charset=utf-8
host: localhost:60915
accept: */*

Response DefaultHttpResponse(decodeResult: success, version: HTTP/1.1)
HTTP/1.1 200 OK
Content-Type: application/json; charset=utf-8
cache-control: no-cache
content-length: 88

23:46:29.987 [AsyncHttpClient-1-2] DEBUG org.asynchttpclient.netty.channel.ChannelManager - Adding key: http://localhost:60915 for channel [id: 0x79a5b980, L:/127.0.0.1:56882 - R:localhost/127.0.0.1:60915]
23:46:29.989 [Forwarding clickElement on session 290ee28285488abe738699759e3347f0 to remote] DEBUG org.asynchttpclient.netty.request.NettyRequestSender - Using pooled Channel '[id: 0x79a5b980, L:/127.0.0.1:56882 - R:localhost/127.0.0.1:60915]' for 'POST' to 'http://localhost:60915/session/290ee28285488abe738699759e3347f0/element/356b7827-9221-4768-af8d-6c05872b2c5d/click'
23:46:29.989 [Forwarding clickElement on session 290ee28285488abe738699759e3347f0 to remote] DEBUG org.asynchttpclient.netty.request.NettyRequestSender - Using open Channel [id: 0x79a5b980, L:/127.0.0.1:56882 - R:localhost/127.0.0.1:60915] for POST '/session/290ee28285488abe738699759e3347f0/element/356b7827-9221-4768-af8d-6c05872b2c5d/click'
23:46:30.018 [AsyncHttpClient-1-2] DEBUG org.asynchttpclient.netty.handler.HttpHandler - 

Request DefaultHttpRequest(decodeResult: success, version: HTTP/1.1)
POST /session/290ee28285488abe738699759e3347f0/element/356b7827-9221-4768-af8d-6c05872b2c5d/click HTTP/1.1
User-Agent: selenium/4.1.2 (java windows)
Content-Length: 50
Content-Type: application/json; charset=utf-8
host: localhost:60915
accept: */*

Response DefaultHttpResponse(decodeResult: success, version: HTTP/1.1)
HTTP/1.1 200 OK
Content-Type: application/json; charset=utf-8
cache-control: no-cache
content-length: 14

23:46:30.018 [AsyncHttpClient-1-2] DEBUG org.asynchttpclient.netty.channel.ChannelManager - Adding key: http://localhost:60915 for channel [id: 0x79a5b980, L:/127.0.0.1:56882 - R:localhost/127.0.0.1:60915]
23:46:30.023 [Forwarding screenshot on session 290ee28285488abe738699759e3347f0 to remote] DEBUG org.asynchttpclient.netty.request.NettyRequestSender - Using pooled Channel '[id: 0x79a5b980, L:/127.0.0.1:56882 - R:localhost/127.0.0.1:60915]' for 'GET' to 'http://localhost:60915/session/290ee28285488abe738699759e3347f0/screenshot'
23:46:30.023 [Forwarding screenshot on session 290ee28285488abe738699759e3347f0 to remote] DEBUG org.asynchttpclient.netty.request.NettyRequestSender - Using open Channel [id: 0x79a5b980, L:/127.0.0.1:56882 - R:localhost/127.0.0.1:60915] for GET '/session/290ee28285488abe738699759e3347f0/screenshot'
23:46:30.123 [AsyncHttpClient-1-2] DEBUG org.asynchttpclient.netty.handler.HttpHandler - 

Request DefaultFullHttpRequest(decodeResult: success, version: HTTP/1.1, content: EmptyByteBufBE)
GET /session/290ee28285488abe738699759e3347f0/screenshot HTTP/1.1
User-Agent: selenium/4.1.2 (java windows)
Cache-Control: no-cache
Content-Type: application/json; charset=utf-8
host: localhost:60915
accept: */*

Response DefaultHttpResponse(decodeResult: success, version: HTTP/1.1)
HTTP/1.1 200 OK
Content-Type: application/json; charset=utf-8
cache-control: no-cache
content-length: 40072

23:46:30.123 [AsyncHttpClient-1-2] DEBUG org.asynchttpclient.netty.channel.ChannelManager - Adding key: http://localhost:60915 for channel [id: 0x79a5b980, L:/127.0.0.1:56882 - R:localhost/127.0.0.1:60915]
23:46:30.125 [main] DEBUG net.serenitybdd.core.photography.Darkroom - Send negative for processing for target\site\serenity\f9045af3d61419a51186ce89b8f39b1e26784191f221cd60fb5ab1fdd3f7745b.png
23:46:30.125 [main] DEBUG net.thucydides.core.steps.StepInterceptor - STEP DONE: clickLoginButton
  &amp#27;[32mAnd &amp#27;[0m&amp#27;[32mI click on login button&amp#27;[0m                 &amp#27;[90m# starter.stepdefinitions.LoginSteps.clickLoginButton()&amp#27;[0m
23:46:30.125 [Darkroom Processing Line] DEBUG net.serenitybdd.core.photography.DarkroomProcessingLine - Processing screenshot image in /var/screenshots/screenshot-16082741750585942072
23:46:30.125 [Darkroom Processing Line] DEBUG net.serenitybdd.core.photography.DarkroomProcessingLine - Saving screenshot to target\site\serenity\f9045af3d61419a51186ce89b8f39b1e26784191f221cd60fb5ab1fdd3f7745b.png
23:46:30.140 [main] DEBUG net.thucydides.core.steps.StepInterceptor - STARTING STEP: LoginSteps.onTheHomePage - validateOnHomePage
23:46:30.142 [Forwarding findElement on session 290ee28285488abe738699759e3347f0 to remote] DEBUG org.asynchttpclient.netty.request.NettyRequestSender - Using pooled Channel '[id: 0x79a5b980, L:/127.0.0.1:56882 - R:localhost/127.0.0.1:60915]' for 'POST' to 'http://localhost:60915/session/290ee28285488abe738699759e3347f0/element'
23:46:30.142 [Forwarding findElement on session 290ee28285488abe738699759e3347f0 to remote] DEBUG org.asynchttpclient.netty.request.NettyRequestSender - Using open Channel [id: 0x79a5b980, L:/127.0.0.1:56882 - R:localhost/127.0.0.1:60915] for POST '/session/290ee28285488abe738699759e3347f0/element'
23:46:30.865 [AsyncHttpClient-1-1] DEBUG org.asynchttpclient.netty.channel.DefaultChannelPool - Entry count for : http://localhost:56883 : 1
23:46:31.967 [AsyncHttpClient-1-1] DEBUG org.asynchttpclient.netty.channel.DefaultChannelPool - Entry count for : http://localhost:56883 : 1
23:46:32.149 [AsyncHttpClient-1-2] DEBUG org.asynchttpclient.netty.handler.HttpHandler - 

Request DefaultHttpRequest(decodeResult: success, version: HTTP/1.1)
POST /session/290ee28285488abe738699759e3347f0/element HTTP/1.1
User-Agent: selenium/4.1.2 (java windows)
Content-Length: 140
Content-Type: application/json; charset=utf-8
host: localhost:60915
accept: */*

Response DefaultHttpResponse(decodeResult: success, version: HTTP/1.1)
HTTP/1.1 200 OK
Content-Type: application/json; charset=utf-8
cache-control: no-cache
content-length: 88

23:46:32.149 [AsyncHttpClient-1-2] DEBUG org.asynchttpclient.netty.channel.ChannelManager - Adding key: http://localhost:60915 for channel [id: 0x79a5b980, L:/127.0.0.1:56882 - R:localhost/127.0.0.1:60915]
23:46:32.152 [Forwarding isElementDisplayed on session 290ee28285488abe738699759e3347f0 to remote] DEBUG org.asynchttpclient.netty.request.NettyRequestSender - Using pooled Channel '[id: 0x79a5b980, L:/127.0.0.1:56882 - R:localhost/127.0.0.1:60915]' for 'POST' to 'http://localhost:60915/session/290ee28285488abe738699759e3347f0/execute/sync'
23:46:32.152 [Forwarding isElementDisplayed on session 290ee28285488abe738699759e3347f0 to remote] DEBUG org.asynchttpclient.netty.request.NettyRequestSender - Using open Channel [id: 0x79a5b980, L:/127.0.0.1:56882 - R:localhost/127.0.0.1:60915] for POST '/session/290ee28285488abe738699759e3347f0/execute/sync'
23:46:32.163 [AsyncHttpClient-1-2] DEBUG org.asynchttpclient.netty.handler.HttpHandler - 

Request DefaultHttpRequest(decodeResult: success, version: HTTP/1.1)
POST /session/290ee28285488abe738699759e3347f0/execute/sync HTTP/1.1
User-Agent: selenium/4.1.2 (java windows)
Content-Length: 48780
Content-Type: application/json; charset=utf-8
host: localhost:60915
accept: */*

Response DefaultHttpResponse(decodeResult: success, version: HTTP/1.1)
HTTP/1.1 200 OK
Content-Type: application/json; charset=utf-8
cache-control: no-cache
content-length: 14

23:46:32.163 [AsyncHttpClient-1-2] DEBUG org.asynchttpclient.netty.channel.ChannelManager - Adding key: http://localhost:60915 for channel [id: 0x79a5b980, L:/127.0.0.1:56882 - R:localhost/127.0.0.1:60915]
23:46:32.168 [Forwarding screenshot on session 290ee28285488abe738699759e3347f0 to remote] DEBUG org.asynchttpclient.netty.request.NettyRequestSender - Using pooled Channel '[id: 0x79a5b980, L:/127.0.0.1:56882 - R:localhost/127.0.0.1:60915]' for 'GET' to 'http://localhost:60915/session/290ee28285488abe738699759e3347f0/screenshot'
23:46:32.168 [Forwarding screenshot on session 290ee28285488abe738699759e3347f0 to remote] DEBUG org.asynchttpclient.netty.request.NettyRequestSender - Using open Channel [id: 0x79a5b980, L:/127.0.0.1:56882 - R:localhost/127.0.0.1:60915] for GET '/session/290ee28285488abe738699759e3347f0/screenshot'
23:46:32.265 [AsyncHttpClient-1-2] DEBUG org.asynchttpclient.netty.handler.HttpHandler - 

Request DefaultFullHttpRequest(decodeResult: success, version: HTTP/1.1, content: EmptyByteBufBE)
GET /session/290ee28285488abe738699759e3347f0/screenshot HTTP/1.1
User-Agent: selenium/4.1.2 (java windows)
Cache-Control: no-cache
Content-Type: application/json; charset=utf-8
host: localhost:60915
accept: */*

Response DefaultHttpResponse(decodeResult: success, version: HTTP/1.1)
HTTP/1.1 200 OK
Content-Type: application/json; charset=utf-8
cache-control: no-cache
content-length: 84928

23:46:32.266 [AsyncHttpClient-1-2] DEBUG org.asynchttpclient.netty.channel.ChannelManager - Adding key: http://localhost:60915 for channel [id: 0x79a5b980, L:/127.0.0.1:56882 - R:localhost/127.0.0.1:60915]
23:46:32.268 [main] DEBUG net.serenitybdd.core.photography.Darkroom - Send negative for processing for target\site\serenity\7c16a86b21e89cafed22abd81a069266226d64a8a7e23bcbc4a2da729a647f33.png
23:46:32.268 [main] DEBUG net.thucydides.core.steps.StepInterceptor - STEP DONE: validateOnHomePage
  &amp#27;[32mThen &amp#27;[0m&amp#27;[32mI am on the home page&amp#27;[0m                  &amp#27;[90m# starter.stepdefinitions.LoginSteps.onTheHomePage()&amp#27;[0m
23:46:32.269 [Darkroom Processing Line] DEBUG net.serenitybdd.core.photography.DarkroomProcessingLine - Processing screenshot image in /var/screenshots/screenshot-5392790612219220883
23:46:32.269 [Darkroom Processing Line] DEBUG net.serenitybdd.core.photography.DarkroomProcessingLine - Saving screenshot to target\site\serenity\7c16a86b21e89cafed22abd81a069266226d64a8a7e23bcbc4a2da729a647f33.png
23:46:32.276 [main] INFO  - 
  _____   ___   ___   _____     ___     _     ___   ___   ___   ___  
 |_   _| | __| / __| |_   _|   | _ \   /_\   / __| / __| | __| |   \ 
   | |   | _|  \__ \   | |     |  _/  / _ \  \__ \ \__ \ | _|  | |) |
   |_|   |___| |___/   |_|     |_|   /_/ \_\ |___/ |___/ |___| |___/ 

Login with valid email and password
----------------------------------------------------------------------
23:46:32.360 [Driver Command Executor] DEBUG org.asynchttpclient.netty.request.NettyRequestSender - Using pooled Channel '[id: 0x79a5b980, L:/127.0.0.1:56882 - R:localhost/127.0.0.1:60915]' for 'DELETE' to 'http://localhost:60915/session/290ee28285488abe738699759e3347f0'
23:46:32.361 [Driver Command Executor] DEBUG org.asynchttpclient.netty.request.NettyRequestSender - Using open Channel [id: 0x79a5b980, L:/127.0.0.1:56882 - R:localhost/127.0.0.1:60915] for DELETE '/session/290ee28285488abe738699759e3347f0'
23:46:32.362 [AsyncHttpClient-1-4] DEBUG org.asynchttpclient.netty.handler.WebSocketHandler - Channel Closed: [id: 0x0337441f, L:/127.0.0.1:56890 ! R:localhost/127.0.0.1:56883] with attribute NettyResponseFuture{currentRetry=5,
	isDone=1,
	isCancelled=0,
	asyncHandler=org.asynchttpclient.ws.WebSocketUpgradeHandler@305d4cfb,
	nettyRequest=org.asynchttpclient.netty.request.NettyRequest@26953410,
	future=java.util.concurrent.CompletableFuture@3612f270[Completed normally],
	uri=ws://localhost:56883/devtools/browser/851694e9-ead3-4189-aef2-0b9f7d45a1b0,
	keepAlive=true,
	redirectCount=0,
	timeoutsHolder=null,
	inAuth=0,
	touch=1652546787162}
23:46:32.362 [AsyncHttpClient-1-4] DEBUG org.asynchttpclient.netty.channel.ChannelManager - Closing Channel [id: 0x0337441f, L:/127.0.0.1:56890 ! R:localhost/127.0.0.1:56883] 
23:46:32.392 [AsyncHttpClient-1-3] DEBUG org.asynchttpclient.netty.handler.HttpHandler - Unexpected I/O exception on channel [id: 0xce1d0613, L:/127.0.0.1:56889 - R:localhost/127.0.0.1:56883]
java.io.IOException: An existing connection was forcibly closed by the remote host
	at java.base/sun.nio.ch.SocketDispatcher.read0(Native Method)
	at java.base/sun.nio.ch.SocketDispatcher.read(SocketDispatcher.java:43)
	at java.base/sun.nio.ch.IOUtil.readIntoNativeBuffer(IOUtil.java:276)
	at java.base/sun.nio.ch.IOUtil.read(IOUtil.java:233)
	at java.base/sun.nio.ch.IOUtil.read(IOUtil.java:223)
	at java.base/sun.nio.ch.SocketChannelImpl.read(SocketChannelImpl.java:358)
	at io.netty.buffer.PooledByteBuf.setBytes(PooledByteBuf.java:258)
	at io.netty.buffer.AbstractByteBuf.writeBytes(AbstractByteBuf.java:1132)
	at io.netty.channel.socket.nio.NioSocketChannel.doReadBytes(NioSocketChannel.java:350)
	at io.netty.channel.nio.AbstractNioByteChannel$NioByteUnsafe.read(AbstractNioByteChannel.java:151)
	at io.netty.channel.nio.NioEventLoop.processSelectedKey(NioEventLoop.java:722)
	at io.netty.channel.nio.NioEventLoop.processSelectedKeysOptimized(NioEventLoop.java:658)
	at io.netty.channel.nio.NioEventLoop.processSelectedKeys(NioEventLoop.java:584)
	at io.netty.channel.nio.NioEventLoop.run(NioEventLoop.java:496)
	at io.netty.util.concurrent.SingleThreadEventExecutor$4.run(SingleThreadEventExecutor.java:986)
	at io.netty.util.internal.ThreadExecutorMap$2.run(ThreadExecutorMap.java:74)
	at io.netty.util.concurrent.FastThreadLocalRunnable.run(FastThreadLocalRunnable.java:30)
	at java.base/java.lang.Thread.run(Thread.java:834)
23:46:32.392 [AsyncHttpClient-1-3] DEBUG org.asynchttpclient.netty.channel.ChannelManager - Closing Channel [id: 0xce1d0613, L:/127.0.0.1:56889 - R:localhost/127.0.0.1:56883] 
23:46:32.393 [AsyncHttpClient-1-3] DEBUG org.asynchttpclient.netty.handler.HttpHandler - Channel Closed: [id: 0xce1d0613, L:/127.0.0.1:56889 ! R:localhost/127.0.0.1:56883] with attribute DISCARD
23:46:32.401 [AsyncHttpClient-1-2] DEBUG org.asynchttpclient.netty.handler.HttpHandler - 

Request DefaultFullHttpRequest(decodeResult: success, version: HTTP/1.1, content: EmptyByteBufBE)
DELETE /session/290ee28285488abe738699759e3347f0 HTTP/1.1
User-Agent: selenium/4.1.2 (java windows)
Content-Type: application/json; charset=utf-8
host: localhost:60915
accept: */*

Response DefaultHttpResponse(decodeResult: success, version: HTTP/1.1)
HTTP/1.1 200 OK
Content-Type: application/json; charset=utf-8
cache-control: no-cache
content-length: 14

23:46:32.401 [AsyncHttpClient-1-2] DEBUG org.asynchttpclient.netty.channel.ChannelManager - Adding key: http://localhost:60915 for channel [id: 0x79a5b980, L:/127.0.0.1:56882 - R:localhost/127.0.0.1:60915]
23:46:32.469 [AsyncHttpClient-1-2] DEBUG org.asynchttpclient.netty.handler.HttpHandler - Channel Closed: [id: 0x79a5b980, L:/127.0.0.1:56882 ! R:localhost/127.0.0.1:60915] with attribute DISCARD
]]></system-out>
    <system-err><![CDATA[Starting ChromeDriver 101.0.4951.41 (93c720db8323b3ec10d056025ab95c23a31997c9-refs/branch-heads/4951@{#904}) on port 60915
Only local connections are allowed.
Please see https://chromedriver.chromium.org/security-considerations for suggestions on keeping ChromeDriver safe.
ChromeDriver was started successfully.
May 14, 2022 11:46:27 PM org.openqa.selenium.remote.ProtocolHandshake createSession
INFO: Detected dialect: W3C
May 14, 2022 11:46:27 PM org.openqa.selenium.devtools.CdpVersionFinder findNearestMatch
WARNING: Unable to find an exact match for CDP version 101, so returning the closest version found: 97
May 14, 2022 11:46:27 PM org.openqa.selenium.devtools.CdpVersionFinder findNearestMatch
INFO: Found CDP implementation for version 101 of 97
]]></system-err>
  </testcase>
  <testcase name="Logout an account" classname="Logout" time="6.942">
    <system-out><![CDATA[23:46:32.997 [main] INFO io.cucumber.core.plugin.SerenityReporter - Running feature from file:///D:/Intern/MSIB%20Alterra/alterra-mini-project/Serenity%20UI%20Test/src/test/resources/features/Logout.feature
23:46:33.000 [main] DEBUG net.thucydides.core.steps.StepEventBus - Test suite started for story net.thucydides.core.model.Story@7960de68
23:46:33.000 [main] INFO  - Test Suite Started: Logout

Scenario: Logout an account               &amp#27;[90m# src/test/resources/features/Logout.feature:3&amp#27;[0m
23:46:33.025 [main] INFO io.cucumber.core.plugin.SerenityReporter - Running feature from file:///D:/Intern/MSIB%20Alterra/alterra-mini-project/Serenity%20UI%20Test/src/test/resources/features/Logout.feature
23:46:33.054 [main] INFO  - 
  _____   ___   ___   _____     ___   _____     _     ___   _____   ___   ___  
 |_   _| | __| / __| |_   _|   / __| |_   _|   /_\   | _ \ |_   _| | __| |   \ 
   | |   | _|  \__ \   | |     \__ \   | |    / _ \  |   /   | |   | _|  | |) |
   |_|   |___| |___/   |_|     |___/   |_|   /_/ \_\ |_|_\   |_|   |___| |___/ 

Logout an account(logout;logout-an-account)
--------------------------------------------------------------------------------
23:46:33.075 [AsyncHttpClient-1-1] DEBUG org.asynchttpclient.netty.channel.DefaultChannelPool - Entry count for : http://localhost:60915 : 1
23:46:33.075 [AsyncHttpClient-1-1] DEBUG org.asynchttpclient.netty.channel.DefaultChannelPool - Entry count for : http://localhost:56883 : 1
23:46:33.075 [AsyncHttpClient-1-1] DEBUG org.asynchttpclient.netty.channel.DefaultChannelPool - Adding Candidate expired Channel [id: 0x79a5b980, L:/127.0.0.1:56882 ! R:localhost/127.0.0.1:60915] isIdleTimeoutExpired=false isRemotelyClosed=true isTtlExpired=false
23:46:33.075 [AsyncHttpClient-1-1] DEBUG org.asynchttpclient.netty.channel.DefaultChannelPool - Closing Idle Channel [id: 0x79a5b980, L:/127.0.0.1:56882 ! R:localhost/127.0.0.1:60915]
23:46:33.075 [AsyncHttpClient-1-1] DEBUG org.asynchttpclient.netty.channel.DefaultChannelPool - Adding Candidate expired Channel [id: 0xce1d0613, L:/127.0.0.1:56889 ! R:localhost/127.0.0.1:56883] isIdleTimeoutExpired=false isRemotelyClosed=true isTtlExpired=false
23:46:33.075 [AsyncHttpClient-1-1] DEBUG org.asynchttpclient.netty.channel.DefaultChannelPool - Closing Idle Channel [id: 0xce1d0613, L:/127.0.0.1:56889 ! R:localhost/127.0.0.1:56883]
23:46:33.076 [AsyncHttpClient-1-1] DEBUG org.asynchttpclient.netty.channel.DefaultChannelPool - Closed 2 connections out of 2 in 1 ms
23:46:33.261 [main] DEBUG net.thucydides.core.steps.StepInterceptor - STARTING STEP: LogoutSteps.onTheLoginPage - loginPage
23:46:33.267 [main] INFO net.serenitybdd.core.webdriver.driverproviders.ChromeDriverProvider - Using automatically driver download
23:46:33.401 [main] DEBUG io.github.bonigarcia.wdm.cache.ResolutionCache - Resolution chrome=101 in cache (valid until 00:15:28 15/05/2022 ICT)
23:46:33.405 [main] DEBUG io.github.bonigarcia.wdm.cache.ResolutionCache - Resolution chrome101=101.0.4951.41 in cache (valid until 14:15:13 15/05/2022 ICT)
23:46:33.407 [main] INFO io.github.bonigarcia.wdm.WebDriverManager - Using chromedriver 101.0.4951.41 (resolved driver for Chrome 101)
23:46:33.422 [main] DEBUG io.github.bonigarcia.wdm.WebDriverManager - Driver chromedriver 101.0.4951.41 found in cache
23:46:33.422 [main] INFO io.github.bonigarcia.wdm.WebDriverManager - Exporting webdriver.chrome.driver as C:\Users\saral\.cache\selenium\chromedriver\win32\101.0.4951.41\chromedriver.exe
23:46:33.497 [main] DEBUG net.serenitybdd.core.webdriver.driverproviders.ProvideNewDriver - Instantiating driver
23:46:33.498 [main] DEBUG net.serenitybdd.core.webdriver.driverproviders.ProvideNewDriver - Driver capabilities: Capabilities {acceptInsecureCerts: false, base.url: https://qa.alta.id/, browserName: chrome, chrome.driver: src/main/resources/webdrive..., driver: chrome, goog:chromeOptions: {args: [], extensions: []}}
23:46:34.038 [AsyncHttpClient-1-5] DEBUG org.asynchttpclient.netty.channel.NettyConnectListener - Using new Channel '[id: 0x49ba2811, L:/127.0.0.1:56917 - R:localhost/127.0.0.1:64986]' for 'POST' to '/session'
23:46:34.535 [AsyncHttpClient-1-5] DEBUG org.asynchttpclient.netty.handler.HttpHandler - 

Request DefaultHttpRequest(decodeResult: success, version: HTTP/1.1)
POST /session HTTP/1.1
User-Agent: selenium/4.1.2 (java windows)
Content-Length: 605
Content-Type: application/json; charset=utf-8
host: localhost:64986
accept: */*

Response DefaultHttpResponse(decodeResult: success, version: HTTP/1.1)
HTTP/1.1 200 OK
Content-Type: application/json; charset=utf-8
cache-control: no-cache
content-length: 789

23:46:34.535 [AsyncHttpClient-1-5] DEBUG org.asynchttpclient.netty.channel.ChannelManager - Adding key: http://localhost:64986 for channel [id: 0x49ba2811, L:/127.0.0.1:56917 - R:localhost/127.0.0.1:64986]
23:46:34.541 [AsyncHttpClient-1-6] DEBUG org.asynchttpclient.netty.channel.NettyConnectListener - Using new Channel '[id: 0x18954772, L:/127.0.0.1:56924 - R:localhost/127.0.0.1:56918]' for 'GET' to '/json/version'
23:46:34.544 [AsyncHttpClient-1-6] DEBUG org.asynchttpclient.netty.handler.HttpHandler - 

Request DefaultFullHttpRequest(decodeResult: success, version: HTTP/1.1, content: EmptyByteBufBE)
GET /json/version HTTP/1.1
User-Agent: selenium/4.1.2 (java windows)
host: localhost:56918
accept: */*

Response DefaultHttpResponse(decodeResult: success, version: HTTP/1.1)
HTTP/1.1 200 OK
Content-Type: application/json; charset=UTF-8
content-length: 427

23:46:34.544 [AsyncHttpClient-1-6] DEBUG org.asynchttpclient.netty.channel.ChannelManager - Adding key: http://localhost:56918 for channel [id: 0x18954772, L:/127.0.0.1:56924 - R:localhost/127.0.0.1:56918]
23:46:34.547 [AsyncHttpClient-1-7] DEBUG org.asynchttpclient.netty.channel.NettyConnectListener - Using new Channel '[id: 0x30ccc717, L:/127.0.0.1:56925 - R:localhost/127.0.0.1:56918]' for 'GET' to '/devtools/browser/a2925b97-6679-4cd1-92e9-72c9ca20b27f'
23:46:34.550 [AsyncHttpClient-1-7] DEBUG org.asynchttpclient.netty.handler.WebSocketHandler - 

Request DefaultFullHttpRequest(decodeResult: success, version: HTTP/1.1, content: EmptyByteBufBE)
GET /devtools/browser/a2925b97-6679-4cd1-92e9-72c9ca20b27f HTTP/1.1
upgrade: websocket
connection: upgrade
sec-websocket-key: Llzbw66JhZiamFoVZPt3uA==
sec-websocket-version: 13
origin: http://localhost:56918
host: localhost:56918
accept: */*
user-agent: AHC/2.1

Response DefaultHttpResponse(decodeResult: success, version: HTTP/1.1)
HTTP/1.1 101 WebSocket Protocol Handshake
Upgrade: WebSocket
Connection: Upgrade
Sec-WebSocket-Accept: qc/aaU7BeZesInKCbRq00+76LUA=

23:46:34.554 [Forwarding get on session 6e70812f18edffeb1ed81bb960988b43 to remote] DEBUG org.asynchttpclient.netty.request.NettyRequestSender - Using pooled Channel '[id: 0x49ba2811, L:/127.0.0.1:56917 - R:localhost/127.0.0.1:64986]' for 'POST' to 'http://localhost:64986/session/6e70812f18edffeb1ed81bb960988b43/url'
23:46:34.554 [Forwarding get on session 6e70812f18edffeb1ed81bb960988b43 to remote] DEBUG org.asynchttpclient.netty.request.NettyRequestSender - Using open Channel [id: 0x49ba2811, L:/127.0.0.1:56917 - R:localhost/127.0.0.1:64986] for POST '/session/6e70812f18edffeb1ed81bb960988b43/url'
23:46:35.265 [AsyncHttpClient-1-1] DEBUG org.asynchttpclient.netty.channel.DefaultChannelPool - Entry count for : http://localhost:56918 : 1
23:46:35.677 [AsyncHttpClient-1-5] DEBUG org.asynchttpclient.netty.handler.HttpHandler - 

Request DefaultHttpRequest(decodeResult: success, version: HTTP/1.1)
POST /session/6e70812f18edffeb1ed81bb960988b43/url HTTP/1.1
User-Agent: selenium/4.1.2 (java windows)
Content-Length: 64
Content-Type: application/json; charset=utf-8
host: localhost:64986
accept: */*

Response DefaultHttpResponse(decodeResult: success, version: HTTP/1.1)
HTTP/1.1 200 OK
Content-Type: application/json; charset=utf-8
cache-control: no-cache
content-length: 14

23:46:35.677 [AsyncHttpClient-1-5] DEBUG org.asynchttpclient.netty.channel.ChannelManager - Adding key: http://localhost:64986 for channel [id: 0x49ba2811, L:/127.0.0.1:56917 - R:localhost/127.0.0.1:64986]
23:46:35.679 [Forwarding setTimeout on session 6e70812f18edffeb1ed81bb960988b43 to remote] DEBUG org.asynchttpclient.netty.request.NettyRequestSender - Using pooled Channel '[id: 0x49ba2811, L:/127.0.0.1:56917 - R:localhost/127.0.0.1:64986]' for 'POST' to 'http://localhost:64986/session/6e70812f18edffeb1ed81bb960988b43/timeouts'
23:46:35.679 [Forwarding setTimeout on session 6e70812f18edffeb1ed81bb960988b43 to remote] DEBUG org.asynchttpclient.netty.request.NettyRequestSender - Using open Channel [id: 0x49ba2811, L:/127.0.0.1:56917 - R:localhost/127.0.0.1:64986] for POST '/session/6e70812f18edffeb1ed81bb960988b43/timeouts'
23:46:35.680 [AsyncHttpClient-1-5] DEBUG org.asynchttpclient.netty.handler.HttpHandler - 

Request DefaultHttpRequest(decodeResult: success, version: HTTP/1.1)
POST /session/6e70812f18edffeb1ed81bb960988b43/timeouts HTTP/1.1
User-Agent: selenium/4.1.2 (java windows)
Content-Length: 22
Content-Type: application/json; charset=utf-8
host: localhost:64986
accept: */*

Response DefaultHttpResponse(decodeResult: success, version: HTTP/1.1)
HTTP/1.1 200 OK
Content-Type: application/json; charset=utf-8
cache-control: no-cache
content-length: 14

23:46:35.680 [AsyncHttpClient-1-5] DEBUG org.asynchttpclient.netty.channel.ChannelManager - Adding key: http://localhost:64986 for channel [id: 0x49ba2811, L:/127.0.0.1:56917 - R:localhost/127.0.0.1:64986]
23:46:35.682 [Forwarding getCurrentUrl on session 6e70812f18edffeb1ed81bb960988b43 to remote] DEBUG org.asynchttpclient.netty.request.NettyRequestSender - Using pooled Channel '[id: 0x49ba2811, L:/127.0.0.1:56917 - R:localhost/127.0.0.1:64986]' for 'GET' to 'http://localhost:64986/session/6e70812f18edffeb1ed81bb960988b43/url'
23:46:35.682 [Forwarding getCurrentUrl on session 6e70812f18edffeb1ed81bb960988b43 to remote] DEBUG org.asynchttpclient.netty.request.NettyRequestSender - Using open Channel [id: 0x49ba2811, L:/127.0.0.1:56917 - R:localhost/127.0.0.1:64986] for GET '/session/6e70812f18edffeb1ed81bb960988b43/url'
23:46:35.686 [AsyncHttpClient-1-5] DEBUG org.asynchttpclient.netty.handler.HttpHandler - 

Request DefaultFullHttpRequest(decodeResult: success, version: HTTP/1.1, content: EmptyByteBufBE)
GET /session/6e70812f18edffeb1ed81bb960988b43/url HTTP/1.1
User-Agent: selenium/4.1.2 (java windows)
Cache-Control: no-cache
Content-Type: application/json; charset=utf-8
host: localhost:64986
accept: */*

Response DefaultHttpResponse(decodeResult: success, version: HTTP/1.1)
HTTP/1.1 200 OK
Content-Type: application/json; charset=utf-8
cache-control: no-cache
content-length: 41

23:46:35.686 [AsyncHttpClient-1-5] DEBUG org.asynchttpclient.netty.channel.ChannelManager - Adding key: http://localhost:64986 for channel [id: 0x49ba2811, L:/127.0.0.1:56917 - R:localhost/127.0.0.1:64986]
23:46:35.688 [main] DEBUG net.serenitybdd.core.photography.Darkroom - Opening darkroom
23:46:35.689 [Darkroom Processing Line] DEBUG net.serenitybdd.core.photography.DarkroomProcessingLine - Darkroom processing line starting up
23:46:35.689 [Forwarding screenshot on session 6e70812f18edffeb1ed81bb960988b43 to remote] DEBUG org.asynchttpclient.netty.request.NettyRequestSender - Using pooled Channel '[id: 0x49ba2811, L:/127.0.0.1:56917 - R:localhost/127.0.0.1:64986]' for 'GET' to 'http://localhost:64986/session/6e70812f18edffeb1ed81bb960988b43/screenshot'
23:46:35.689 [Forwarding screenshot on session 6e70812f18edffeb1ed81bb960988b43 to remote] DEBUG org.asynchttpclient.netty.request.NettyRequestSender - Using open Channel [id: 0x49ba2811, L:/127.0.0.1:56917 - R:localhost/127.0.0.1:64986] for GET '/session/6e70812f18edffeb1ed81bb960988b43/screenshot'
23:46:35.756 [AsyncHttpClient-1-5] DEBUG org.asynchttpclient.netty.handler.HttpHandler - 

Request DefaultFullHttpRequest(decodeResult: success, version: HTTP/1.1, content: EmptyByteBufBE)
GET /session/6e70812f18edffeb1ed81bb960988b43/screenshot HTTP/1.1
User-Agent: selenium/4.1.2 (java windows)
Cache-Control: no-cache
Content-Type: application/json; charset=utf-8
host: localhost:64986
accept: */*

Response DefaultHttpResponse(decodeResult: success, version: HTTP/1.1)
HTTP/1.1 200 OK
Content-Type: application/json; charset=utf-8
cache-control: no-cache
content-length: 32192

23:46:35.756 [AsyncHttpClient-1-5] DEBUG org.asynchttpclient.netty.channel.ChannelManager - Adding key: http://localhost:64986 for channel [id: 0x49ba2811, L:/127.0.0.1:56917 - R:localhost/127.0.0.1:64986]
23:46:35.758 [main] DEBUG net.serenitybdd.core.photography.Darkroom - Send negative for processing for target\site\serenity\4d98329a65403fb35239499910819cdb6d3d71d823e551da367b9fc52c2ec142.png
23:46:35.758 [main] DEBUG net.thucydides.core.steps.StepInterceptor - STEP DONE: loginPage
23:46:35.762 [main] DEBUG net.thucydides.core.steps.StepInterceptor - STARTING STEP: LogoutSteps.onTheLoginPage - validateOnLoginPage
23:46:35.762 [Forwarding findElement on session 6e70812f18edffeb1ed81bb960988b43 to remote] DEBUG org.asynchttpclient.netty.request.NettyRequestSender - Using pooled Channel '[id: 0x49ba2811, L:/127.0.0.1:56917 - R:localhost/127.0.0.1:64986]' for 'POST' to 'http://localhost:64986/session/6e70812f18edffeb1ed81bb960988b43/element'
23:46:35.762 [Forwarding findElement on session 6e70812f18edffeb1ed81bb960988b43 to remote] DEBUG org.asynchttpclient.netty.request.NettyRequestSender - Using open Channel [id: 0x49ba2811, L:/127.0.0.1:56917 - R:localhost/127.0.0.1:64986] for POST '/session/6e70812f18edffeb1ed81bb960988b43/element'
23:46:35.772 [AsyncHttpClient-1-5] DEBUG org.asynchttpclient.netty.handler.HttpHandler - 

Request DefaultHttpRequest(decodeResult: success, version: HTTP/1.1)
POST /session/6e70812f18edffeb1ed81bb960988b43/element HTTP/1.1
User-Agent: selenium/4.1.2 (java windows)
Content-Length: 155
Content-Type: application/json; charset=utf-8
host: localhost:64986
accept: */*

Response DefaultHttpResponse(decodeResult: success, version: HTTP/1.1)
HTTP/1.1 200 OK
Content-Type: application/json; charset=utf-8
cache-control: no-cache
content-length: 88

23:46:35.773 [AsyncHttpClient-1-5] DEBUG org.asynchttpclient.netty.channel.ChannelManager - Adding key: http://localhost:64986 for channel [id: 0x49ba2811, L:/127.0.0.1:56917 - R:localhost/127.0.0.1:64986]
23:46:35.776 [Forwarding isElementDisplayed on session 6e70812f18edffeb1ed81bb960988b43 to remote] DEBUG org.asynchttpclient.netty.request.NettyRequestSender - Using pooled Channel '[id: 0x49ba2811, L:/127.0.0.1:56917 - R:localhost/127.0.0.1:64986]' for 'POST' to 'http://localhost:64986/session/6e70812f18edffeb1ed81bb960988b43/execute/sync'
23:46:35.776 [Forwarding isElementDisplayed on session 6e70812f18edffeb1ed81bb960988b43 to remote] DEBUG org.asynchttpclient.netty.request.NettyRequestSender - Using open Channel [id: 0x49ba2811, L:/127.0.0.1:56917 - R:localhost/127.0.0.1:64986] for POST '/session/6e70812f18edffeb1ed81bb960988b43/execute/sync'
23:46:35.786 [AsyncHttpClient-1-5] DEBUG org.asynchttpclient.netty.handler.HttpHandler - 

Request DefaultHttpRequest(decodeResult: success, version: HTTP/1.1)
POST /session/6e70812f18edffeb1ed81bb960988b43/execute/sync HTTP/1.1
User-Agent: selenium/4.1.2 (java windows)
Content-Length: 48780
Content-Type: application/json; charset=utf-8
host: localhost:64986
accept: */*

Response DefaultHttpResponse(decodeResult: success, version: HTTP/1.1)
HTTP/1.1 200 OK
Content-Type: application/json; charset=utf-8
cache-control: no-cache
content-length: 14

23:46:35.786 [AsyncHttpClient-1-5] DEBUG org.asynchttpclient.netty.channel.ChannelManager - Adding key: http://localhost:64986 for channel [id: 0x49ba2811, L:/127.0.0.1:56917 - R:localhost/127.0.0.1:64986]
23:46:35.789 [main] DEBUG net.thucydides.core.steps.StepInterceptor - STEP DONE: validateOnLoginPage
  &amp#27;[32mGiven &amp#27;[0m&amp#27;[32mI am on the login page for logout&amp#27;[0m &amp#27;[90m# starter.stepdefinitions.LogoutSteps.onTheLoginPage()&amp#27;[0m
23:46:35.797 [main] DEBUG net.thucydides.core.steps.StepInterceptor - STARTING STEP: LogoutSteps.inputValidEmail - inputEmail
23:46:35.798 [Forwarding findElement on session 6e70812f18edffeb1ed81bb960988b43 to remote] DEBUG org.asynchttpclient.netty.request.NettyRequestSender - Using pooled Channel '[id: 0x49ba2811, L:/127.0.0.1:56917 - R:localhost/127.0.0.1:64986]' for 'POST' to 'http://localhost:64986/session/6e70812f18edffeb1ed81bb960988b43/element'
23:46:35.798 [Forwarding findElement on session 6e70812f18edffeb1ed81bb960988b43 to remote] DEBUG org.asynchttpclient.netty.request.NettyRequestSender - Using open Channel [id: 0x49ba2811, L:/127.0.0.1:56917 - R:localhost/127.0.0.1:64986] for POST '/session/6e70812f18edffeb1ed81bb960988b43/element'
23:46:35.806 [AsyncHttpClient-1-5] DEBUG org.asynchttpclient.netty.handler.HttpHandler - 

Request DefaultHttpRequest(decodeResult: success, version: HTTP/1.1)
POST /session/6e70812f18edffeb1ed81bb960988b43/element HTTP/1.1
User-Agent: selenium/4.1.2 (java windows)
Content-Length: 84
Content-Type: application/json; charset=utf-8
host: localhost:64986
accept: */*

Response DefaultHttpResponse(decodeResult: success, version: HTTP/1.1)
HTTP/1.1 200 OK
Content-Type: application/json; charset=utf-8
cache-control: no-cache
content-length: 88

23:46:35.806 [AsyncHttpClient-1-5] DEBUG org.asynchttpclient.netty.channel.ChannelManager - Adding key: http://localhost:64986 for channel [id: 0x49ba2811, L:/127.0.0.1:56917 - R:localhost/127.0.0.1:64986]
23:46:35.808 [Forwarding clearElement on session 6e70812f18edffeb1ed81bb960988b43 to remote] DEBUG org.asynchttpclient.netty.request.NettyRequestSender - Using pooled Channel '[id: 0x49ba2811, L:/127.0.0.1:56917 - R:localhost/127.0.0.1:64986]' for 'POST' to 'http://localhost:64986/session/6e70812f18edffeb1ed81bb960988b43/element/56d4fa33-72c4-4da6-a70b-e0fc1689c50c/clear'
23:46:35.808 [Forwarding clearElement on session 6e70812f18edffeb1ed81bb960988b43 to remote] DEBUG org.asynchttpclient.netty.request.NettyRequestSender - Using open Channel [id: 0x49ba2811, L:/127.0.0.1:56917 - R:localhost/127.0.0.1:64986] for POST '/session/6e70812f18edffeb1ed81bb960988b43/element/56d4fa33-72c4-4da6-a70b-e0fc1689c50c/clear'
23:46:35.834 [AsyncHttpClient-1-5] DEBUG org.asynchttpclient.netty.handler.HttpHandler - 

Request DefaultHttpRequest(decodeResult: success, version: HTTP/1.1)
POST /session/6e70812f18edffeb1ed81bb960988b43/element/56d4fa33-72c4-4da6-a70b-e0fc1689c50c/clear HTTP/1.1
User-Agent: selenium/4.1.2 (java windows)
Content-Length: 50
Content-Type: application/json; charset=utf-8
host: localhost:64986
accept: */*

Response DefaultHttpResponse(decodeResult: success, version: HTTP/1.1)
HTTP/1.1 200 OK
Content-Type: application/json; charset=utf-8
cache-control: no-cache
content-length: 14

23:46:35.834 [AsyncHttpClient-1-5] DEBUG org.asynchttpclient.netty.channel.ChannelManager - Adding key: http://localhost:64986 for channel [id: 0x49ba2811, L:/127.0.0.1:56917 - R:localhost/127.0.0.1:64986]
23:46:35.836 [Forwarding sendKeysToElement on session 6e70812f18edffeb1ed81bb960988b43 to remote] DEBUG org.asynchttpclient.netty.request.NettyRequestSender - Using pooled Channel '[id: 0x49ba2811, L:/127.0.0.1:56917 - R:localhost/127.0.0.1:64986]' for 'POST' to 'http://localhost:64986/session/6e70812f18edffeb1ed81bb960988b43/element/56d4fa33-72c4-4da6-a70b-e0fc1689c50c/value'
23:46:35.836 [Forwarding sendKeysToElement on session 6e70812f18edffeb1ed81bb960988b43 to remote] DEBUG org.asynchttpclient.netty.request.NettyRequestSender - Using open Channel [id: 0x49ba2811, L:/127.0.0.1:56917 - R:localhost/127.0.0.1:64986] for POST '/session/6e70812f18edffeb1ed81bb960988b43/element/56d4fa33-72c4-4da6-a70b-e0fc1689c50c/value'
23:46:35.913 [AsyncHttpClient-1-5] DEBUG org.asynchttpclient.netty.handler.HttpHandler - 

Request DefaultHttpRequest(decodeResult: success, version: HTTP/1.1)
POST /session/6e70812f18edffeb1ed81bb960988b43/element/56d4fa33-72c4-4da6-a70b-e0fc1689c50c/value HTTP/1.1
User-Agent: selenium/4.1.2 (java windows)
Content-Length: 231
Content-Type: application/json; charset=utf-8
host: localhost:64986
accept: */*

Response DefaultHttpResponse(decodeResult: success, version: HTTP/1.1)
HTTP/1.1 200 OK
Content-Type: application/json; charset=utf-8
cache-control: no-cache
content-length: 14

23:46:35.913 [AsyncHttpClient-1-5] DEBUG org.asynchttpclient.netty.channel.ChannelManager - Adding key: http://localhost:64986 for channel [id: 0x49ba2811, L:/127.0.0.1:56917 - R:localhost/127.0.0.1:64986]
23:46:35.930 [Forwarding screenshot on session 6e70812f18edffeb1ed81bb960988b43 to remote] DEBUG org.asynchttpclient.netty.request.NettyRequestSender - Using pooled Channel '[id: 0x49ba2811, L:/127.0.0.1:56917 - R:localhost/127.0.0.1:64986]' for 'GET' to 'http://localhost:64986/session/6e70812f18edffeb1ed81bb960988b43/screenshot'
23:46:35.930 [Forwarding screenshot on session 6e70812f18edffeb1ed81bb960988b43 to remote] DEBUG org.asynchttpclient.netty.request.NettyRequestSender - Using open Channel [id: 0x49ba2811, L:/127.0.0.1:56917 - R:localhost/127.0.0.1:64986] for GET '/session/6e70812f18edffeb1ed81bb960988b43/screenshot'
23:46:36.022 [AsyncHttpClient-1-5] DEBUG org.asynchttpclient.netty.handler.HttpHandler - 

Request DefaultFullHttpRequest(decodeResult: success, version: HTTP/1.1, content: EmptyByteBufBE)
GET /session/6e70812f18edffeb1ed81bb960988b43/screenshot HTTP/1.1
User-Agent: selenium/4.1.2 (java windows)
Cache-Control: no-cache
Content-Type: application/json; charset=utf-8
host: localhost:64986
accept: */*

Response DefaultHttpResponse(decodeResult: success, version: HTTP/1.1)
HTTP/1.1 200 OK
Content-Type: application/json; charset=utf-8
cache-control: no-cache
content-length: 37924

23:46:36.022 [AsyncHttpClient-1-5] DEBUG org.asynchttpclient.netty.channel.ChannelManager - Adding key: http://localhost:64986 for channel [id: 0x49ba2811, L:/127.0.0.1:56917 - R:localhost/127.0.0.1:64986]
23:46:36.026 [main] DEBUG net.serenitybdd.core.photography.Darkroom - Send negative for processing for target\site\serenity\c5e7cf733ce4c6916b229861ab34144497f27313f99a58561ede8436fbbd16aa.png
23:46:36.026 [main] DEBUG net.thucydides.core.steps.StepInterceptor - STEP DONE: inputEmail
  &amp#27;[32mWhen &amp#27;[0m&amp#27;[32mI input valid email for logout&amp#27;[0m     &amp#27;[90m# starter.stepdefinitions.LogoutSteps.inputValidEmail()&amp#27;[0m
23:46:36.026 [Darkroom Processing Line] DEBUG net.serenitybdd.core.photography.DarkroomProcessingLine - Processing screenshot image in /var/screenshots/screenshot-16437528114688551169
23:46:36.026 [Darkroom Processing Line] DEBUG net.serenitybdd.core.photography.DarkroomProcessingLine - Saving screenshot to target\site\serenity\c5e7cf733ce4c6916b229861ab34144497f27313f99a58561ede8436fbbd16aa.png
23:46:36.036 [main] DEBUG net.thucydides.core.steps.StepInterceptor - STARTING STEP: LogoutSteps.inputValidPassword - inputPassword
23:46:36.039 [Forwarding findElement on session 6e70812f18edffeb1ed81bb960988b43 to remote] DEBUG org.asynchttpclient.netty.request.NettyRequestSender - Using pooled Channel '[id: 0x49ba2811, L:/127.0.0.1:56917 - R:localhost/127.0.0.1:64986]' for 'POST' to 'http://localhost:64986/session/6e70812f18edffeb1ed81bb960988b43/element'
23:46:36.039 [Forwarding findElement on session 6e70812f18edffeb1ed81bb960988b43 to remote] DEBUG org.asynchttpclient.netty.request.NettyRequestSender - Using open Channel [id: 0x49ba2811, L:/127.0.0.1:56917 - R:localhost/127.0.0.1:64986] for POST '/session/6e70812f18edffeb1ed81bb960988b43/element'
23:46:36.047 [AsyncHttpClient-1-5] DEBUG org.asynchttpclient.netty.handler.HttpHandler - 

Request DefaultHttpRequest(decodeResult: success, version: HTTP/1.1)
POST /session/6e70812f18edffeb1ed81bb960988b43/element HTTP/1.1
User-Agent: selenium/4.1.2 (java windows)
Content-Length: 87
Content-Type: application/json; charset=utf-8
host: localhost:64986
accept: */*

Response DefaultHttpResponse(decodeResult: success, version: HTTP/1.1)
HTTP/1.1 200 OK
Content-Type: application/json; charset=utf-8
cache-control: no-cache
content-length: 88

23:46:36.048 [AsyncHttpClient-1-5] DEBUG org.asynchttpclient.netty.channel.ChannelManager - Adding key: http://localhost:64986 for channel [id: 0x49ba2811, L:/127.0.0.1:56917 - R:localhost/127.0.0.1:64986]
23:46:36.049 [Forwarding clearElement on session 6e70812f18edffeb1ed81bb960988b43 to remote] DEBUG org.asynchttpclient.netty.request.NettyRequestSender - Using pooled Channel '[id: 0x49ba2811, L:/127.0.0.1:56917 - R:localhost/127.0.0.1:64986]' for 'POST' to 'http://localhost:64986/session/6e70812f18edffeb1ed81bb960988b43/element/dbdf49e5-4a2b-4bfb-8b44-35c121d1fd3a/clear'
23:46:36.049 [Forwarding clearElement on session 6e70812f18edffeb1ed81bb960988b43 to remote] DEBUG org.asynchttpclient.netty.request.NettyRequestSender - Using open Channel [id: 0x49ba2811, L:/127.0.0.1:56917 - R:localhost/127.0.0.1:64986] for POST '/session/6e70812f18edffeb1ed81bb960988b43/element/dbdf49e5-4a2b-4bfb-8b44-35c121d1fd3a/clear'
23:46:36.073 [AsyncHttpClient-1-5] DEBUG org.asynchttpclient.netty.handler.HttpHandler - 

Request DefaultHttpRequest(decodeResult: success, version: HTTP/1.1)
POST /session/6e70812f18edffeb1ed81bb960988b43/element/dbdf49e5-4a2b-4bfb-8b44-35c121d1fd3a/clear HTTP/1.1
User-Agent: selenium/4.1.2 (java windows)
Content-Length: 50
Content-Type: application/json; charset=utf-8
host: localhost:64986
accept: */*

Response DefaultHttpResponse(decodeResult: success, version: HTTP/1.1)
HTTP/1.1 200 OK
Content-Type: application/json; charset=utf-8
cache-control: no-cache
content-length: 14

23:46:36.073 [AsyncHttpClient-1-5] DEBUG org.asynchttpclient.netty.channel.ChannelManager - Adding key: http://localhost:64986 for channel [id: 0x49ba2811, L:/127.0.0.1:56917 - R:localhost/127.0.0.1:64986]
23:46:36.074 [Forwarding sendKeysToElement on session 6e70812f18edffeb1ed81bb960988b43 to remote] DEBUG org.asynchttpclient.netty.request.NettyRequestSender - Using pooled Channel '[id: 0x49ba2811, L:/127.0.0.1:56917 - R:localhost/127.0.0.1:64986]' for 'POST' to 'http://localhost:64986/session/6e70812f18edffeb1ed81bb960988b43/element/dbdf49e5-4a2b-4bfb-8b44-35c121d1fd3a/value'
23:46:36.074 [Forwarding sendKeysToElement on session 6e70812f18edffeb1ed81bb960988b43 to remote] DEBUG org.asynchttpclient.netty.request.NettyRequestSender - Using open Channel [id: 0x49ba2811, L:/127.0.0.1:56917 - R:localhost/127.0.0.1:64986] for POST '/session/6e70812f18edffeb1ed81bb960988b43/element/dbdf49e5-4a2b-4bfb-8b44-35c121d1fd3a/value'
23:46:36.122 [AsyncHttpClient-1-5] DEBUG org.asynchttpclient.netty.handler.HttpHandler - 

Request DefaultHttpRequest(decodeResult: success, version: HTTP/1.1)
POST /session/6e70812f18edffeb1ed81bb960988b43/element/dbdf49e5-4a2b-4bfb-8b44-35c121d1fd3a/value HTTP/1.1
User-Agent: selenium/4.1.2 (java windows)
Content-Length: 151
Content-Type: application/json; charset=utf-8
host: localhost:64986
accept: */*

Response DefaultHttpResponse(decodeResult: success, version: HTTP/1.1)
HTTP/1.1 200 OK
Content-Type: application/json; charset=utf-8
cache-control: no-cache
content-length: 14

23:46:36.122 [AsyncHttpClient-1-5] DEBUG org.asynchttpclient.netty.channel.ChannelManager - Adding key: http://localhost:64986 for channel [id: 0x49ba2811, L:/127.0.0.1:56917 - R:localhost/127.0.0.1:64986]
23:46:36.125 [Forwarding screenshot on session 6e70812f18edffeb1ed81bb960988b43 to remote] DEBUG org.asynchttpclient.netty.request.NettyRequestSender - Using pooled Channel '[id: 0x49ba2811, L:/127.0.0.1:56917 - R:localhost/127.0.0.1:64986]' for 'GET' to 'http://localhost:64986/session/6e70812f18edffeb1ed81bb960988b43/screenshot'
23:46:36.125 [Forwarding screenshot on session 6e70812f18edffeb1ed81bb960988b43 to remote] DEBUG org.asynchttpclient.netty.request.NettyRequestSender - Using open Channel [id: 0x49ba2811, L:/127.0.0.1:56917 - R:localhost/127.0.0.1:64986] for GET '/session/6e70812f18edffeb1ed81bb960988b43/screenshot'
23:46:36.224 [AsyncHttpClient-1-5] DEBUG org.asynchttpclient.netty.handler.HttpHandler - 

Request DefaultFullHttpRequest(decodeResult: success, version: HTTP/1.1, content: EmptyByteBufBE)
GET /session/6e70812f18edffeb1ed81bb960988b43/screenshot HTTP/1.1
User-Agent: selenium/4.1.2 (java windows)
Cache-Control: no-cache
Content-Type: application/json; charset=utf-8
host: localhost:64986
accept: */*

Response DefaultHttpResponse(decodeResult: success, version: HTTP/1.1)
HTTP/1.1 200 OK
Content-Type: application/json; charset=utf-8
cache-control: no-cache
content-length: 40488

23:46:36.225 [AsyncHttpClient-1-5] DEBUG org.asynchttpclient.netty.channel.ChannelManager - Adding key: http://localhost:64986 for channel [id: 0x49ba2811, L:/127.0.0.1:56917 - R:localhost/127.0.0.1:64986]
23:46:36.226 [main] DEBUG net.serenitybdd.core.photography.Darkroom - Send negative for processing for target\site\serenity\ac390c68e5b0ebd5a852cfe71e325733099931184abed5254410d349feca7fbb.png
23:46:36.226 [main] DEBUG net.thucydides.core.steps.StepInterceptor - STEP DONE: inputPassword
  &amp#27;[32mAnd &amp#27;[0m&amp#27;[32mI input valid password for logout&amp#27;[0m   &amp#27;[90m# starter.stepdefinitions.LogoutSteps.inputValidPassword()&amp#27;[0m
23:46:36.228 [Darkroom Processing Line] DEBUG net.serenitybdd.core.photography.DarkroomProcessingLine - Processing screenshot image in /var/screenshots/screenshot-11918182571631771719
23:46:36.228 [Darkroom Processing Line] DEBUG net.serenitybdd.core.photography.DarkroomProcessingLine - Saving screenshot to target\site\serenity\ac390c68e5b0ebd5a852cfe71e325733099931184abed5254410d349feca7fbb.png
23:46:36.236 [main] DEBUG net.thucydides.core.steps.StepInterceptor - STARTING STEP: LogoutSteps.clickLoginButton - clickLoginButton
23:46:36.241 [Forwarding findElement on session 6e70812f18edffeb1ed81bb960988b43 to remote] DEBUG org.asynchttpclient.netty.request.NettyRequestSender - Using pooled Channel '[id: 0x49ba2811, L:/127.0.0.1:56917 - R:localhost/127.0.0.1:64986]' for 'POST' to 'http://localhost:64986/session/6e70812f18edffeb1ed81bb960988b43/element'
23:46:36.241 [Forwarding findElement on session 6e70812f18edffeb1ed81bb960988b43 to remote] DEBUG org.asynchttpclient.netty.request.NettyRequestSender - Using open Channel [id: 0x49ba2811, L:/127.0.0.1:56917 - R:localhost/127.0.0.1:64986] for POST '/session/6e70812f18edffeb1ed81bb960988b43/element'
23:46:36.249 [AsyncHttpClient-1-5] DEBUG org.asynchttpclient.netty.handler.HttpHandler - 

Request DefaultHttpRequest(decodeResult: success, version: HTTP/1.1)
POST /session/6e70812f18edffeb1ed81bb960988b43/element HTTP/1.1
User-Agent: selenium/4.1.2 (java windows)
Content-Length: 155
Content-Type: application/json; charset=utf-8
host: localhost:64986
accept: */*

Response DefaultHttpResponse(decodeResult: success, version: HTTP/1.1)
HTTP/1.1 200 OK
Content-Type: application/json; charset=utf-8
cache-control: no-cache
content-length: 88

23:46:36.249 [AsyncHttpClient-1-5] DEBUG org.asynchttpclient.netty.channel.ChannelManager - Adding key: http://localhost:64986 for channel [id: 0x49ba2811, L:/127.0.0.1:56917 - R:localhost/127.0.0.1:64986]
23:46:36.253 [Forwarding getElementTagName on session 6e70812f18edffeb1ed81bb960988b43 to remote] DEBUG org.asynchttpclient.netty.request.NettyRequestSender - Using pooled Channel '[id: 0x49ba2811, L:/127.0.0.1:56917 - R:localhost/127.0.0.1:64986]' for 'GET' to 'http://localhost:64986/session/6e70812f18edffeb1ed81bb960988b43/element/177b9e35-e3cf-4af5-a6e4-6a90817ab454/name'
23:46:36.253 [Forwarding getElementTagName on session 6e70812f18edffeb1ed81bb960988b43 to remote] DEBUG org.asynchttpclient.netty.request.NettyRequestSender - Using open Channel [id: 0x49ba2811, L:/127.0.0.1:56917 - R:localhost/127.0.0.1:64986] for GET '/session/6e70812f18edffeb1ed81bb960988b43/element/177b9e35-e3cf-4af5-a6e4-6a90817ab454/name'
23:46:36.257 [AsyncHttpClient-1-5] DEBUG org.asynchttpclient.netty.handler.HttpHandler - 

Request DefaultFullHttpRequest(decodeResult: success, version: HTTP/1.1, content: EmptyByteBufBE)
GET /session/6e70812f18edffeb1ed81bb960988b43/element/177b9e35-e3cf-4af5-a6e4-6a90817ab454/name HTTP/1.1
User-Agent: selenium/4.1.2 (java windows)
Cache-Control: no-cache
Content-Type: application/json; charset=utf-8
host: localhost:64986
accept: */*

Response DefaultHttpResponse(decodeResult: success, version: HTTP/1.1)
HTTP/1.1 200 OK
Content-Type: application/json; charset=utf-8
cache-control: no-cache
content-length: 18

23:46:36.257 [AsyncHttpClient-1-5] DEBUG org.asynchttpclient.netty.channel.ChannelManager - Adding key: http://localhost:64986 for channel [id: 0x49ba2811, L:/127.0.0.1:56917 - R:localhost/127.0.0.1:64986]
23:46:36.261 [Forwarding getElementTagName on session 6e70812f18edffeb1ed81bb960988b43 to remote] DEBUG org.asynchttpclient.netty.request.NettyRequestSender - Using pooled Channel '[id: 0x49ba2811, L:/127.0.0.1:56917 - R:localhost/127.0.0.1:64986]' for 'GET' to 'http://localhost:64986/session/6e70812f18edffeb1ed81bb960988b43/element/177b9e35-e3cf-4af5-a6e4-6a90817ab454/name'
23:46:36.261 [Forwarding getElementTagName on session 6e70812f18edffeb1ed81bb960988b43 to remote] DEBUG org.asynchttpclient.netty.request.NettyRequestSender - Using open Channel [id: 0x49ba2811, L:/127.0.0.1:56917 - R:localhost/127.0.0.1:64986] for GET '/session/6e70812f18edffeb1ed81bb960988b43/element/177b9e35-e3cf-4af5-a6e4-6a90817ab454/name'
23:46:36.264 [AsyncHttpClient-1-5] DEBUG org.asynchttpclient.netty.handler.HttpHandler - 

Request DefaultFullHttpRequest(decodeResult: success, version: HTTP/1.1, content: EmptyByteBufBE)
GET /session/6e70812f18edffeb1ed81bb960988b43/element/177b9e35-e3cf-4af5-a6e4-6a90817ab454/name HTTP/1.1
User-Agent: selenium/4.1.2 (java windows)
Cache-Control: no-cache
Content-Type: application/json; charset=utf-8
host: localhost:64986
accept: */*

Response DefaultHttpResponse(decodeResult: success, version: HTTP/1.1)
HTTP/1.1 200 OK
Content-Type: application/json; charset=utf-8
cache-control: no-cache
content-length: 18

23:46:36.264 [AsyncHttpClient-1-5] DEBUG org.asynchttpclient.netty.channel.ChannelManager - Adding key: http://localhost:64986 for channel [id: 0x49ba2811, L:/127.0.0.1:56917 - R:localhost/127.0.0.1:64986]
23:46:36.268 [Forwarding isElementEnabled on session 6e70812f18edffeb1ed81bb960988b43 to remote] DEBUG org.asynchttpclient.netty.request.NettyRequestSender - Using pooled Channel '[id: 0x49ba2811, L:/127.0.0.1:56917 - R:localhost/127.0.0.1:64986]' for 'GET' to 'http://localhost:64986/session/6e70812f18edffeb1ed81bb960988b43/element/177b9e35-e3cf-4af5-a6e4-6a90817ab454/enabled'
23:46:36.268 [Forwarding isElementEnabled on session 6e70812f18edffeb1ed81bb960988b43 to remote] DEBUG org.asynchttpclient.netty.request.NettyRequestSender - Using open Channel [id: 0x49ba2811, L:/127.0.0.1:56917 - R:localhost/127.0.0.1:64986] for GET '/session/6e70812f18edffeb1ed81bb960988b43/element/177b9e35-e3cf-4af5-a6e4-6a90817ab454/enabled'
23:46:36.277 [AsyncHttpClient-1-5] DEBUG org.asynchttpclient.netty.handler.HttpHandler - 

Request DefaultFullHttpRequest(decodeResult: success, version: HTTP/1.1, content: EmptyByteBufBE)
GET /session/6e70812f18edffeb1ed81bb960988b43/element/177b9e35-e3cf-4af5-a6e4-6a90817ab454/enabled HTTP/1.1
User-Agent: selenium/4.1.2 (java windows)
Cache-Control: no-cache
Content-Type: application/json; charset=utf-8
host: localhost:64986
accept: */*

Response DefaultHttpResponse(decodeResult: success, version: HTTP/1.1)
HTTP/1.1 200 OK
Content-Type: application/json; charset=utf-8
cache-control: no-cache
content-length: 14

23:46:36.277 [AsyncHttpClient-1-5] DEBUG org.asynchttpclient.netty.channel.ChannelManager - Adding key: http://localhost:64986 for channel [id: 0x49ba2811, L:/127.0.0.1:56917 - R:localhost/127.0.0.1:64986]
23:46:36.281 [Forwarding isElementEnabled on session 6e70812f18edffeb1ed81bb960988b43 to remote] DEBUG org.asynchttpclient.netty.request.NettyRequestSender - Using pooled Channel '[id: 0x49ba2811, L:/127.0.0.1:56917 - R:localhost/127.0.0.1:64986]' for 'GET' to 'http://localhost:64986/session/6e70812f18edffeb1ed81bb960988b43/element/177b9e35-e3cf-4af5-a6e4-6a90817ab454/enabled'
23:46:36.281 [Forwarding isElementEnabled on session 6e70812f18edffeb1ed81bb960988b43 to remote] DEBUG org.asynchttpclient.netty.request.NettyRequestSender - Using open Channel [id: 0x49ba2811, L:/127.0.0.1:56917 - R:localhost/127.0.0.1:64986] for GET '/session/6e70812f18edffeb1ed81bb960988b43/element/177b9e35-e3cf-4af5-a6e4-6a90817ab454/enabled'
23:46:36.286 [AsyncHttpClient-1-5] DEBUG org.asynchttpclient.netty.handler.HttpHandler - 

Request DefaultFullHttpRequest(decodeResult: success, version: HTTP/1.1, content: EmptyByteBufBE)
GET /session/6e70812f18edffeb1ed81bb960988b43/element/177b9e35-e3cf-4af5-a6e4-6a90817ab454/enabled HTTP/1.1
User-Agent: selenium/4.1.2 (java windows)
Cache-Control: no-cache
Content-Type: application/json; charset=utf-8
host: localhost:64986
accept: */*

Response DefaultHttpResponse(decodeResult: success, version: HTTP/1.1)
HTTP/1.1 200 OK
Content-Type: application/json; charset=utf-8
cache-control: no-cache
content-length: 14

23:46:36.286 [AsyncHttpClient-1-5] DEBUG org.asynchttpclient.netty.channel.ChannelManager - Adding key: http://localhost:64986 for channel [id: 0x49ba2811, L:/127.0.0.1:56917 - R:localhost/127.0.0.1:64986]
23:46:36.290 [Forwarding findElement on session 6e70812f18edffeb1ed81bb960988b43 to remote] DEBUG org.asynchttpclient.netty.request.NettyRequestSender - Using pooled Channel '[id: 0x49ba2811, L:/127.0.0.1:56917 - R:localhost/127.0.0.1:64986]' for 'POST' to 'http://localhost:64986/session/6e70812f18edffeb1ed81bb960988b43/element'
23:46:36.290 [Forwarding findElement on session 6e70812f18edffeb1ed81bb960988b43 to remote] DEBUG org.asynchttpclient.netty.request.NettyRequestSender - Using open Channel [id: 0x49ba2811, L:/127.0.0.1:56917 - R:localhost/127.0.0.1:64986] for POST '/session/6e70812f18edffeb1ed81bb960988b43/element'
23:46:36.297 [AsyncHttpClient-1-5] DEBUG org.asynchttpclient.netty.handler.HttpHandler - 

Request DefaultHttpRequest(decodeResult: success, version: HTTP/1.1)
POST /session/6e70812f18edffeb1ed81bb960988b43/element HTTP/1.1
User-Agent: selenium/4.1.2 (java windows)
Content-Length: 155
Content-Type: application/json; charset=utf-8
host: localhost:64986
accept: */*

Response DefaultHttpResponse(decodeResult: success, version: HTTP/1.1)
HTTP/1.1 200 OK
Content-Type: application/json; charset=utf-8
cache-control: no-cache
content-length: 88

23:46:36.298 [AsyncHttpClient-1-5] DEBUG org.asynchttpclient.netty.channel.ChannelManager - Adding key: http://localhost:64986 for channel [id: 0x49ba2811, L:/127.0.0.1:56917 - R:localhost/127.0.0.1:64986]
23:46:36.298 [Forwarding clickElement on session 6e70812f18edffeb1ed81bb960988b43 to remote] DEBUG org.asynchttpclient.netty.request.NettyRequestSender - Using pooled Channel '[id: 0x49ba2811, L:/127.0.0.1:56917 - R:localhost/127.0.0.1:64986]' for 'POST' to 'http://localhost:64986/session/6e70812f18edffeb1ed81bb960988b43/element/177b9e35-e3cf-4af5-a6e4-6a90817ab454/click'
23:46:36.299 [Forwarding clickElement on session 6e70812f18edffeb1ed81bb960988b43 to remote] DEBUG org.asynchttpclient.netty.request.NettyRequestSender - Using open Channel [id: 0x49ba2811, L:/127.0.0.1:56917 - R:localhost/127.0.0.1:64986] for POST '/session/6e70812f18edffeb1ed81bb960988b43/element/177b9e35-e3cf-4af5-a6e4-6a90817ab454/click'
23:46:36.345 [AsyncHttpClient-1-5] DEBUG org.asynchttpclient.netty.handler.HttpHandler - 

Request DefaultHttpRequest(decodeResult: success, version: HTTP/1.1)
POST /session/6e70812f18edffeb1ed81bb960988b43/element/177b9e35-e3cf-4af5-a6e4-6a90817ab454/click HTTP/1.1
User-Agent: selenium/4.1.2 (java windows)
Content-Length: 50
Content-Type: application/json; charset=utf-8
host: localhost:64986
accept: */*

Response DefaultHttpResponse(decodeResult: success, version: HTTP/1.1)
HTTP/1.1 200 OK
Content-Type: application/json; charset=utf-8
cache-control: no-cache
content-length: 14

23:46:36.345 [AsyncHttpClient-1-5] DEBUG org.asynchttpclient.netty.channel.ChannelManager - Adding key: http://localhost:64986 for channel [id: 0x49ba2811, L:/127.0.0.1:56917 - R:localhost/127.0.0.1:64986]
23:46:36.350 [Forwarding screenshot on session 6e70812f18edffeb1ed81bb960988b43 to remote] DEBUG org.asynchttpclient.netty.request.NettyRequestSender - Using pooled Channel '[id: 0x49ba2811, L:/127.0.0.1:56917 - R:localhost/127.0.0.1:64986]' for 'GET' to 'http://localhost:64986/session/6e70812f18edffeb1ed81bb960988b43/screenshot'
23:46:36.351 [Forwarding screenshot on session 6e70812f18edffeb1ed81bb960988b43 to remote] DEBUG org.asynchttpclient.netty.request.NettyRequestSender - Using open Channel [id: 0x49ba2811, L:/127.0.0.1:56917 - R:localhost/127.0.0.1:64986] for GET '/session/6e70812f18edffeb1ed81bb960988b43/screenshot'
23:46:36.367 [AsyncHttpClient-1-1] DEBUG org.asynchttpclient.netty.channel.DefaultChannelPool - Entry count for : http://localhost:56918 : 1
23:46:36.468 [AsyncHttpClient-1-5] DEBUG org.asynchttpclient.netty.handler.HttpHandler - 

Request DefaultFullHttpRequest(decodeResult: success, version: HTTP/1.1, content: EmptyByteBufBE)
GET /session/6e70812f18edffeb1ed81bb960988b43/screenshot HTTP/1.1
User-Agent: selenium/4.1.2 (java windows)
Cache-Control: no-cache
Content-Type: application/json; charset=utf-8
host: localhost:64986
accept: */*

Response DefaultHttpResponse(decodeResult: success, version: HTTP/1.1)
HTTP/1.1 200 OK
Content-Type: application/json; charset=utf-8
cache-control: no-cache
content-length: 40184

23:46:36.468 [AsyncHttpClient-1-5] DEBUG org.asynchttpclient.netty.channel.ChannelManager - Adding key: http://localhost:64986 for channel [id: 0x49ba2811, L:/127.0.0.1:56917 - R:localhost/127.0.0.1:64986]
23:46:36.477 [main] DEBUG net.serenitybdd.core.photography.Darkroom - Send negative for processing for target\site\serenity\a0d6256e60201c03588924d707e2ef7975309e24191aac9535c0d489e85ca828.png
23:46:36.478 [main] DEBUG net.thucydides.core.steps.StepInterceptor - STEP DONE: clickLoginButton
  &amp#27;[32mAnd &amp#27;[0m&amp#27;[32mI click on login button for logout&amp#27;[0m  &amp#27;[90m# starter.stepdefinitions.LogoutSteps.clickLoginButton()&amp#27;[0m
23:46:36.478 [Darkroom Processing Line] DEBUG net.serenitybdd.core.photography.DarkroomProcessingLine - Processing screenshot image in /var/screenshots/screenshot-4053226495255613718
23:46:36.478 [Darkroom Processing Line] DEBUG net.serenitybdd.core.photography.DarkroomProcessingLine - Saving screenshot to target\site\serenity\a0d6256e60201c03588924d707e2ef7975309e24191aac9535c0d489e85ca828.png
23:46:36.495 [main] DEBUG net.thucydides.core.steps.StepInterceptor - STARTING STEP: LogoutSteps.onTheHomePage - validateOnHomePage
23:46:36.496 [Forwarding findElement on session 6e70812f18edffeb1ed81bb960988b43 to remote] DEBUG org.asynchttpclient.netty.request.NettyRequestSender - Using pooled Channel '[id: 0x49ba2811, L:/127.0.0.1:56917 - R:localhost/127.0.0.1:64986]' for 'POST' to 'http://localhost:64986/session/6e70812f18edffeb1ed81bb960988b43/element'
23:46:36.496 [Forwarding findElement on session 6e70812f18edffeb1ed81bb960988b43 to remote] DEBUG org.asynchttpclient.netty.request.NettyRequestSender - Using open Channel [id: 0x49ba2811, L:/127.0.0.1:56917 - R:localhost/127.0.0.1:64986] for POST '/session/6e70812f18edffeb1ed81bb960988b43/element'
23:46:37.471 [AsyncHttpClient-1-1] DEBUG org.asynchttpclient.netty.channel.DefaultChannelPool - Entry count for : http://localhost:56918 : 1
23:46:38.486 [AsyncHttpClient-1-5] DEBUG org.asynchttpclient.netty.handler.HttpHandler - 

Request DefaultHttpRequest(decodeResult: success, version: HTTP/1.1)
POST /session/6e70812f18edffeb1ed81bb960988b43/element HTTP/1.1
User-Agent: selenium/4.1.2 (java windows)
Content-Length: 140
Content-Type: application/json; charset=utf-8
host: localhost:64986
accept: */*

Response DefaultHttpResponse(decodeResult: success, version: HTTP/1.1)
HTTP/1.1 200 OK
Content-Type: application/json; charset=utf-8
cache-control: no-cache
content-length: 88

23:46:38.486 [AsyncHttpClient-1-5] DEBUG org.asynchttpclient.netty.channel.ChannelManager - Adding key: http://localhost:64986 for channel [id: 0x49ba2811, L:/127.0.0.1:56917 - R:localhost/127.0.0.1:64986]
23:46:38.490 [Forwarding isElementDisplayed on session 6e70812f18edffeb1ed81bb960988b43 to remote] DEBUG org.asynchttpclient.netty.request.NettyRequestSender - Using pooled Channel '[id: 0x49ba2811, L:/127.0.0.1:56917 - R:localhost/127.0.0.1:64986]' for 'POST' to 'http://localhost:64986/session/6e70812f18edffeb1ed81bb960988b43/execute/sync'
23:46:38.490 [Forwarding isElementDisplayed on session 6e70812f18edffeb1ed81bb960988b43 to remote] DEBUG org.asynchttpclient.netty.request.NettyRequestSender - Using open Channel [id: 0x49ba2811, L:/127.0.0.1:56917 - R:localhost/127.0.0.1:64986] for POST '/session/6e70812f18edffeb1ed81bb960988b43/execute/sync'
23:46:38.506 [AsyncHttpClient-1-5] DEBUG org.asynchttpclient.netty.handler.HttpHandler - 

Request DefaultHttpRequest(decodeResult: success, version: HTTP/1.1)
POST /session/6e70812f18edffeb1ed81bb960988b43/execute/sync HTTP/1.1
User-Agent: selenium/4.1.2 (java windows)
Content-Length: 48780
Content-Type: application/json; charset=utf-8
host: localhost:64986
accept: */*

Response DefaultHttpResponse(decodeResult: success, version: HTTP/1.1)
HTTP/1.1 200 OK
Content-Type: application/json; charset=utf-8
cache-control: no-cache
content-length: 14

23:46:38.506 [AsyncHttpClient-1-5] DEBUG org.asynchttpclient.netty.channel.ChannelManager - Adding key: http://localhost:64986 for channel [id: 0x49ba2811, L:/127.0.0.1:56917 - R:localhost/127.0.0.1:64986]
23:46:38.509 [Forwarding screenshot on session 6e70812f18edffeb1ed81bb960988b43 to remote] DEBUG org.asynchttpclient.netty.request.NettyRequestSender - Using pooled Channel '[id: 0x49ba2811, L:/127.0.0.1:56917 - R:localhost/127.0.0.1:64986]' for 'GET' to 'http://localhost:64986/session/6e70812f18edffeb1ed81bb960988b43/screenshot'
23:46:38.509 [Forwarding screenshot on session 6e70812f18edffeb1ed81bb960988b43 to remote] DEBUG org.asynchttpclient.netty.request.NettyRequestSender - Using open Channel [id: 0x49ba2811, L:/127.0.0.1:56917 - R:localhost/127.0.0.1:64986] for GET '/session/6e70812f18edffeb1ed81bb960988b43/screenshot'
23:46:38.564 [AsyncHttpClient-1-1] DEBUG org.asynchttpclient.netty.channel.DefaultChannelPool - Entry count for : http://localhost:56918 : 1
23:46:38.605 [AsyncHttpClient-1-5] DEBUG org.asynchttpclient.netty.handler.HttpHandler - 

Request DefaultFullHttpRequest(decodeResult: success, version: HTTP/1.1, content: EmptyByteBufBE)
GET /session/6e70812f18edffeb1ed81bb960988b43/screenshot HTTP/1.1
User-Agent: selenium/4.1.2 (java windows)
Cache-Control: no-cache
Content-Type: application/json; charset=utf-8
host: localhost:64986
accept: */*

Response DefaultHttpResponse(decodeResult: success, version: HTTP/1.1)
HTTP/1.1 200 OK
Content-Type: application/json; charset=utf-8
cache-control: no-cache
content-length: 84928

23:46:38.605 [AsyncHttpClient-1-5] DEBUG org.asynchttpclient.netty.channel.ChannelManager - Adding key: http://localhost:64986 for channel [id: 0x49ba2811, L:/127.0.0.1:56917 - R:localhost/127.0.0.1:64986]
23:46:38.608 [main] DEBUG net.serenitybdd.core.photography.Darkroom - Send negative for processing for target\site\serenity\7c16a86b21e89cafed22abd81a069266226d64a8a7e23bcbc4a2da729a647f33.png
23:46:38.608 [main] DEBUG net.thucydides.core.steps.StepInterceptor - STEP DONE: validateOnHomePage
  &amp#27;[32mAnd &amp#27;[0m&amp#27;[32mI am on the home page for logout&amp#27;[0m    &amp#27;[90m# starter.stepdefinitions.LogoutSteps.onTheHomePage()&amp#27;[0m
23:46:38.618 [main] DEBUG net.thucydides.core.steps.StepInterceptor - STARTING STEP: LogoutSteps.clickProfileIcon - clickProfileIcon
23:46:38.621 [Forwarding findElement on session 6e70812f18edffeb1ed81bb960988b43 to remote] DEBUG org.asynchttpclient.netty.request.NettyRequestSender - Using pooled Channel '[id: 0x49ba2811, L:/127.0.0.1:56917 - R:localhost/127.0.0.1:64986]' for 'POST' to 'http://localhost:64986/session/6e70812f18edffeb1ed81bb960988b43/element'
23:46:38.621 [Forwarding findElement on session 6e70812f18edffeb1ed81bb960988b43 to remote] DEBUG org.asynchttpclient.netty.request.NettyRequestSender - Using open Channel [id: 0x49ba2811, L:/127.0.0.1:56917 - R:localhost/127.0.0.1:64986] for POST '/session/6e70812f18edffeb1ed81bb960988b43/element'
23:46:38.638 [AsyncHttpClient-1-5] DEBUG org.asynchttpclient.netty.handler.HttpHandler - 

Request DefaultHttpRequest(decodeResult: success, version: HTTP/1.1)
POST /session/6e70812f18edffeb1ed81bb960988b43/element HTTP/1.1
User-Agent: selenium/4.1.2 (java windows)
Content-Length: 103
Content-Type: application/json; charset=utf-8
host: localhost:64986
accept: */*

Response DefaultHttpResponse(decodeResult: success, version: HTTP/1.1)
HTTP/1.1 200 OK
Content-Type: application/json; charset=utf-8
cache-control: no-cache
content-length: 88

23:46:38.638 [AsyncHttpClient-1-5] DEBUG org.asynchttpclient.netty.channel.ChannelManager - Adding key: http://localhost:64986 for channel [id: 0x49ba2811, L:/127.0.0.1:56917 - R:localhost/127.0.0.1:64986]
23:46:38.640 [Forwarding getElementTagName on session 6e70812f18edffeb1ed81bb960988b43 to remote] DEBUG org.asynchttpclient.netty.request.NettyRequestSender - Using pooled Channel '[id: 0x49ba2811, L:/127.0.0.1:56917 - R:localhost/127.0.0.1:64986]' for 'GET' to 'http://localhost:64986/session/6e70812f18edffeb1ed81bb960988b43/element/7f14b3b0-edde-4c04-aa9d-afcce1e24979/name'
23:46:38.641 [Forwarding getElementTagName on session 6e70812f18edffeb1ed81bb960988b43 to remote] DEBUG org.asynchttpclient.netty.request.NettyRequestSender - Using open Channel [id: 0x49ba2811, L:/127.0.0.1:56917 - R:localhost/127.0.0.1:64986] for GET '/session/6e70812f18edffeb1ed81bb960988b43/element/7f14b3b0-edde-4c04-aa9d-afcce1e24979/name'
23:46:38.652 [AsyncHttpClient-1-5] DEBUG org.asynchttpclient.netty.handler.HttpHandler - 

Request DefaultFullHttpRequest(decodeResult: success, version: HTTP/1.1, content: EmptyByteBufBE)
GET /session/6e70812f18edffeb1ed81bb960988b43/element/7f14b3b0-edde-4c04-aa9d-afcce1e24979/name HTTP/1.1
User-Agent: selenium/4.1.2 (java windows)
Cache-Control: no-cache
Content-Type: application/json; charset=utf-8
host: localhost:64986
accept: */*

Response DefaultHttpResponse(decodeResult: success, version: HTTP/1.1)
HTTP/1.1 200 OK
Content-Type: application/json; charset=utf-8
cache-control: no-cache
content-length: 13

23:46:38.652 [AsyncHttpClient-1-5] DEBUG org.asynchttpclient.netty.channel.ChannelManager - Adding key: http://localhost:64986 for channel [id: 0x49ba2811, L:/127.0.0.1:56917 - R:localhost/127.0.0.1:64986]
23:46:38.654 [Forwarding getElementTagName on session 6e70812f18edffeb1ed81bb960988b43 to remote] DEBUG org.asynchttpclient.netty.request.NettyRequestSender - Using pooled Channel '[id: 0x49ba2811, L:/127.0.0.1:56917 - R:localhost/127.0.0.1:64986]' for 'GET' to 'http://localhost:64986/session/6e70812f18edffeb1ed81bb960988b43/element/7f14b3b0-edde-4c04-aa9d-afcce1e24979/name'
23:46:38.654 [Forwarding getElementTagName on session 6e70812f18edffeb1ed81bb960988b43 to remote] DEBUG org.asynchttpclient.netty.request.NettyRequestSender - Using open Channel [id: 0x49ba2811, L:/127.0.0.1:56917 - R:localhost/127.0.0.1:64986] for GET '/session/6e70812f18edffeb1ed81bb960988b43/element/7f14b3b0-edde-4c04-aa9d-afcce1e24979/name'
23:46:38.662 [AsyncHttpClient-1-5] DEBUG org.asynchttpclient.netty.handler.HttpHandler - 

Request DefaultFullHttpRequest(decodeResult: success, version: HTTP/1.1, content: EmptyByteBufBE)
GET /session/6e70812f18edffeb1ed81bb960988b43/element/7f14b3b0-edde-4c04-aa9d-afcce1e24979/name HTTP/1.1
User-Agent: selenium/4.1.2 (java windows)
Cache-Control: no-cache
Content-Type: application/json; charset=utf-8
host: localhost:64986
accept: */*

Response DefaultHttpResponse(decodeResult: success, version: HTTP/1.1)
HTTP/1.1 200 OK
Content-Type: application/json; charset=utf-8
cache-control: no-cache
content-length: 13

23:46:38.663 [AsyncHttpClient-1-5] DEBUG org.asynchttpclient.netty.channel.ChannelManager - Adding key: http://localhost:64986 for channel [id: 0x49ba2811, L:/127.0.0.1:56917 - R:localhost/127.0.0.1:64986]
23:46:38.665 [Forwarding findElement on session 6e70812f18edffeb1ed81bb960988b43 to remote] DEBUG org.asynchttpclient.netty.request.NettyRequestSender - Using pooled Channel '[id: 0x49ba2811, L:/127.0.0.1:56917 - R:localhost/127.0.0.1:64986]' for 'POST' to 'http://localhost:64986/session/6e70812f18edffeb1ed81bb960988b43/element'
23:46:38.665 [Forwarding findElement on session 6e70812f18edffeb1ed81bb960988b43 to remote] DEBUG org.asynchttpclient.netty.request.NettyRequestSender - Using open Channel [id: 0x49ba2811, L:/127.0.0.1:56917 - R:localhost/127.0.0.1:64986] for POST '/session/6e70812f18edffeb1ed81bb960988b43/element'
23:46:38.681 [AsyncHttpClient-1-5] DEBUG org.asynchttpclient.netty.handler.HttpHandler - 

Request DefaultHttpRequest(decodeResult: success, version: HTTP/1.1)
POST /session/6e70812f18edffeb1ed81bb960988b43/element HTTP/1.1
User-Agent: selenium/4.1.2 (java windows)
Content-Length: 103
Content-Type: application/json; charset=utf-8
host: localhost:64986
accept: */*

Response DefaultHttpResponse(decodeResult: success, version: HTTP/1.1)
HTTP/1.1 200 OK
Content-Type: application/json; charset=utf-8
cache-control: no-cache
content-length: 88

23:46:38.681 [AsyncHttpClient-1-5] DEBUG org.asynchttpclient.netty.channel.ChannelManager - Adding key: http://localhost:64986 for channel [id: 0x49ba2811, L:/127.0.0.1:56917 - R:localhost/127.0.0.1:64986]
23:46:38.682 [Forwarding clickElement on session 6e70812f18edffeb1ed81bb960988b43 to remote] DEBUG org.asynchttpclient.netty.request.NettyRequestSender - Using pooled Channel '[id: 0x49ba2811, L:/127.0.0.1:56917 - R:localhost/127.0.0.1:64986]' for 'POST' to 'http://localhost:64986/session/6e70812f18edffeb1ed81bb960988b43/element/7f14b3b0-edde-4c04-aa9d-afcce1e24979/click'
23:46:38.682 [Forwarding clickElement on session 6e70812f18edffeb1ed81bb960988b43 to remote] DEBUG org.asynchttpclient.netty.request.NettyRequestSender - Using open Channel [id: 0x49ba2811, L:/127.0.0.1:56917 - R:localhost/127.0.0.1:64986] for POST '/session/6e70812f18edffeb1ed81bb960988b43/element/7f14b3b0-edde-4c04-aa9d-afcce1e24979/click'
23:46:38.749 [AsyncHttpClient-1-5] DEBUG org.asynchttpclient.netty.handler.HttpHandler - 

Request DefaultHttpRequest(decodeResult: success, version: HTTP/1.1)
POST /session/6e70812f18edffeb1ed81bb960988b43/element/7f14b3b0-edde-4c04-aa9d-afcce1e24979/click HTTP/1.1
User-Agent: selenium/4.1.2 (java windows)
Content-Length: 50
Content-Type: application/json; charset=utf-8
host: localhost:64986
accept: */*

Response DefaultHttpResponse(decodeResult: success, version: HTTP/1.1)
HTTP/1.1 200 OK
Content-Type: application/json; charset=utf-8
cache-control: no-cache
content-length: 14

23:46:38.750 [AsyncHttpClient-1-5] DEBUG org.asynchttpclient.netty.channel.ChannelManager - Adding key: http://localhost:64986 for channel [id: 0x49ba2811, L:/127.0.0.1:56917 - R:localhost/127.0.0.1:64986]
23:46:38.753 [Forwarding screenshot on session 6e70812f18edffeb1ed81bb960988b43 to remote] DEBUG org.asynchttpclient.netty.request.NettyRequestSender - Using pooled Channel '[id: 0x49ba2811, L:/127.0.0.1:56917 - R:localhost/127.0.0.1:64986]' for 'GET' to 'http://localhost:64986/session/6e70812f18edffeb1ed81bb960988b43/screenshot'
23:46:38.753 [Forwarding screenshot on session 6e70812f18edffeb1ed81bb960988b43 to remote] DEBUG org.asynchttpclient.netty.request.NettyRequestSender - Using open Channel [id: 0x49ba2811, L:/127.0.0.1:56917 - R:localhost/127.0.0.1:64986] for GET '/session/6e70812f18edffeb1ed81bb960988b43/screenshot'
23:46:38.890 [AsyncHttpClient-1-5] DEBUG org.asynchttpclient.netty.handler.HttpHandler - 

Request DefaultFullHttpRequest(decodeResult: success, version: HTTP/1.1, content: EmptyByteBufBE)
GET /session/6e70812f18edffeb1ed81bb960988b43/screenshot HTTP/1.1
User-Agent: selenium/4.1.2 (java windows)
Cache-Control: no-cache
Content-Type: application/json; charset=utf-8
host: localhost:64986
accept: */*

Response DefaultHttpResponse(decodeResult: success, version: HTTP/1.1)
HTTP/1.1 200 OK
Content-Type: application/json; charset=utf-8
cache-control: no-cache
content-length: 96716

23:46:38.892 [AsyncHttpClient-1-5] DEBUG org.asynchttpclient.netty.channel.ChannelManager - Adding key: http://localhost:64986 for channel [id: 0x49ba2811, L:/127.0.0.1:56917 - R:localhost/127.0.0.1:64986]
23:46:38.894 [main] DEBUG net.serenitybdd.core.photography.Darkroom - Send negative for processing for target\site\serenity\446baa07a18daf8fadec1fc2cf6f654f648d411fc106f6d63e54b669ad7abe58.png
23:46:38.894 [main] DEBUG net.thucydides.core.steps.StepInterceptor - STEP DONE: clickProfileIcon
  &amp#27;[32mAnd &amp#27;[0m&amp#27;[32mI click on profile icon&amp#27;[0m             &amp#27;[90m# starter.stepdefinitions.LogoutSteps.clickProfileIcon()&amp#27;[0m
23:46:38.895 [Darkroom Processing Line] DEBUG net.serenitybdd.core.photography.DarkroomProcessingLine - Processing screenshot image in /var/screenshots/screenshot-6093790478418045747
23:46:38.895 [Darkroom Processing Line] DEBUG net.serenitybdd.core.photography.DarkroomProcessingLine - Saving screenshot to target\site\serenity\446baa07a18daf8fadec1fc2cf6f654f648d411fc106f6d63e54b669ad7abe58.png
23:46:38.905 [main] DEBUG net.thucydides.core.steps.StepInterceptor - STARTING STEP: LogoutSteps.clickLogout - clickLogout
23:46:38.908 [Forwarding findElement on session 6e70812f18edffeb1ed81bb960988b43 to remote] DEBUG org.asynchttpclient.netty.request.NettyRequestSender - Using pooled Channel '[id: 0x49ba2811, L:/127.0.0.1:56917 - R:localhost/127.0.0.1:64986]' for 'POST' to 'http://localhost:64986/session/6e70812f18edffeb1ed81bb960988b43/element'
23:46:38.908 [Forwarding findElement on session 6e70812f18edffeb1ed81bb960988b43 to remote] DEBUG org.asynchttpclient.netty.request.NettyRequestSender - Using open Channel [id: 0x49ba2811, L:/127.0.0.1:56917 - R:localhost/127.0.0.1:64986] for POST '/session/6e70812f18edffeb1ed81bb960988b43/element'
23:46:38.934 [AsyncHttpClient-1-5] DEBUG org.asynchttpclient.netty.handler.HttpHandler - 

Request DefaultHttpRequest(decodeResult: success, version: HTTP/1.1)
POST /session/6e70812f18edffeb1ed81bb960988b43/element HTTP/1.1
User-Agent: selenium/4.1.2 (java windows)
Content-Length: 107
Content-Type: application/json; charset=utf-8
host: localhost:64986
accept: */*

Response DefaultHttpResponse(decodeResult: success, version: HTTP/1.1)
HTTP/1.1 200 OK
Content-Type: application/json; charset=utf-8
cache-control: no-cache
content-length: 88

23:46:38.934 [AsyncHttpClient-1-5] DEBUG org.asynchttpclient.netty.channel.ChannelManager - Adding key: http://localhost:64986 for channel [id: 0x49ba2811, L:/127.0.0.1:56917 - R:localhost/127.0.0.1:64986]
23:46:38.935 [Forwarding getElementTagName on session 6e70812f18edffeb1ed81bb960988b43 to remote] DEBUG org.asynchttpclient.netty.request.NettyRequestSender - Using pooled Channel '[id: 0x49ba2811, L:/127.0.0.1:56917 - R:localhost/127.0.0.1:64986]' for 'GET' to 'http://localhost:64986/session/6e70812f18edffeb1ed81bb960988b43/element/a001c34d-dea3-47af-b915-9dc72638b881/name'
23:46:38.935 [Forwarding getElementTagName on session 6e70812f18edffeb1ed81bb960988b43 to remote] DEBUG org.asynchttpclient.netty.request.NettyRequestSender - Using open Channel [id: 0x49ba2811, L:/127.0.0.1:56917 - R:localhost/127.0.0.1:64986] for GET '/session/6e70812f18edffeb1ed81bb960988b43/element/a001c34d-dea3-47af-b915-9dc72638b881/name'
23:46:38.939 [AsyncHttpClient-1-5] DEBUG org.asynchttpclient.netty.handler.HttpHandler - 

Request DefaultFullHttpRequest(decodeResult: success, version: HTTP/1.1, content: EmptyByteBufBE)
GET /session/6e70812f18edffeb1ed81bb960988b43/element/a001c34d-dea3-47af-b915-9dc72638b881/name HTTP/1.1
User-Agent: selenium/4.1.2 (java windows)
Cache-Control: no-cache
Content-Type: application/json; charset=utf-8
host: localhost:64986
accept: */*

Response DefaultHttpResponse(decodeResult: success, version: HTTP/1.1)
HTTP/1.1 200 OK
Content-Type: application/json; charset=utf-8
cache-control: no-cache
content-length: 13

23:46:38.941 [AsyncHttpClient-1-5] DEBUG org.asynchttpclient.netty.channel.ChannelManager - Adding key: http://localhost:64986 for channel [id: 0x49ba2811, L:/127.0.0.1:56917 - R:localhost/127.0.0.1:64986]
23:46:38.941 [Forwarding getElementTagName on session 6e70812f18edffeb1ed81bb960988b43 to remote] DEBUG org.asynchttpclient.netty.request.NettyRequestSender - Using pooled Channel '[id: 0x49ba2811, L:/127.0.0.1:56917 - R:localhost/127.0.0.1:64986]' for 'GET' to 'http://localhost:64986/session/6e70812f18edffeb1ed81bb960988b43/element/a001c34d-dea3-47af-b915-9dc72638b881/name'
23:46:38.941 [Forwarding getElementTagName on session 6e70812f18edffeb1ed81bb960988b43 to remote] DEBUG org.asynchttpclient.netty.request.NettyRequestSender - Using open Channel [id: 0x49ba2811, L:/127.0.0.1:56917 - R:localhost/127.0.0.1:64986] for GET '/session/6e70812f18edffeb1ed81bb960988b43/element/a001c34d-dea3-47af-b915-9dc72638b881/name'
23:46:38.947 [AsyncHttpClient-1-5] DEBUG org.asynchttpclient.netty.handler.HttpHandler - 

Request DefaultFullHttpRequest(decodeResult: success, version: HTTP/1.1, content: EmptyByteBufBE)
GET /session/6e70812f18edffeb1ed81bb960988b43/element/a001c34d-dea3-47af-b915-9dc72638b881/name HTTP/1.1
User-Agent: selenium/4.1.2 (java windows)
Cache-Control: no-cache
Content-Type: application/json; charset=utf-8
host: localhost:64986
accept: */*

Response DefaultHttpResponse(decodeResult: success, version: HTTP/1.1)
HTTP/1.1 200 OK
Content-Type: application/json; charset=utf-8
cache-control: no-cache
content-length: 13

23:46:38.947 [AsyncHttpClient-1-5] DEBUG org.asynchttpclient.netty.channel.ChannelManager - Adding key: http://localhost:64986 for channel [id: 0x49ba2811, L:/127.0.0.1:56917 - R:localhost/127.0.0.1:64986]
23:46:38.949 [Forwarding findElement on session 6e70812f18edffeb1ed81bb960988b43 to remote] DEBUG org.asynchttpclient.netty.request.NettyRequestSender - Using pooled Channel '[id: 0x49ba2811, L:/127.0.0.1:56917 - R:localhost/127.0.0.1:64986]' for 'POST' to 'http://localhost:64986/session/6e70812f18edffeb1ed81bb960988b43/element'
23:46:38.949 [Forwarding findElement on session 6e70812f18edffeb1ed81bb960988b43 to remote] DEBUG org.asynchttpclient.netty.request.NettyRequestSender - Using open Channel [id: 0x49ba2811, L:/127.0.0.1:56917 - R:localhost/127.0.0.1:64986] for POST '/session/6e70812f18edffeb1ed81bb960988b43/element'
23:46:38.967 [AsyncHttpClient-1-5] DEBUG org.asynchttpclient.netty.handler.HttpHandler - 

Request DefaultHttpRequest(decodeResult: success, version: HTTP/1.1)
POST /session/6e70812f18edffeb1ed81bb960988b43/element HTTP/1.1
User-Agent: selenium/4.1.2 (java windows)
Content-Length: 107
Content-Type: application/json; charset=utf-8
host: localhost:64986
accept: */*

Response DefaultHttpResponse(decodeResult: success, version: HTTP/1.1)
HTTP/1.1 200 OK
Content-Type: application/json; charset=utf-8
cache-control: no-cache
content-length: 88

23:46:38.967 [AsyncHttpClient-1-5] DEBUG org.asynchttpclient.netty.channel.ChannelManager - Adding key: http://localhost:64986 for channel [id: 0x49ba2811, L:/127.0.0.1:56917 - R:localhost/127.0.0.1:64986]
23:46:38.969 [Forwarding clickElement on session 6e70812f18edffeb1ed81bb960988b43 to remote] DEBUG org.asynchttpclient.netty.request.NettyRequestSender - Using pooled Channel '[id: 0x49ba2811, L:/127.0.0.1:56917 - R:localhost/127.0.0.1:64986]' for 'POST' to 'http://localhost:64986/session/6e70812f18edffeb1ed81bb960988b43/element/a001c34d-dea3-47af-b915-9dc72638b881/click'
23:46:38.969 [Forwarding clickElement on session 6e70812f18edffeb1ed81bb960988b43 to remote] DEBUG org.asynchttpclient.netty.request.NettyRequestSender - Using open Channel [id: 0x49ba2811, L:/127.0.0.1:56917 - R:localhost/127.0.0.1:64986] for POST '/session/6e70812f18edffeb1ed81bb960988b43/element/a001c34d-dea3-47af-b915-9dc72638b881/click'
23:46:39.146 [AsyncHttpClient-1-5] DEBUG org.asynchttpclient.netty.handler.HttpHandler - 

Request DefaultHttpRequest(decodeResult: success, version: HTTP/1.1)
POST /session/6e70812f18edffeb1ed81bb960988b43/element/a001c34d-dea3-47af-b915-9dc72638b881/click HTTP/1.1
User-Agent: selenium/4.1.2 (java windows)
Content-Length: 50
Content-Type: application/json; charset=utf-8
host: localhost:64986
accept: */*

Response DefaultHttpResponse(decodeResult: success, version: HTTP/1.1)
HTTP/1.1 200 OK
Content-Type: application/json; charset=utf-8
cache-control: no-cache
content-length: 14

23:46:39.147 [AsyncHttpClient-1-5] DEBUG org.asynchttpclient.netty.channel.ChannelManager - Adding key: http://localhost:64986 for channel [id: 0x49ba2811, L:/127.0.0.1:56917 - R:localhost/127.0.0.1:64986]
23:46:39.151 [Forwarding screenshot on session 6e70812f18edffeb1ed81bb960988b43 to remote] DEBUG org.asynchttpclient.netty.request.NettyRequestSender - Using pooled Channel '[id: 0x49ba2811, L:/127.0.0.1:56917 - R:localhost/127.0.0.1:64986]' for 'GET' to 'http://localhost:64986/session/6e70812f18edffeb1ed81bb960988b43/screenshot'
23:46:39.152 [Forwarding screenshot on session 6e70812f18edffeb1ed81bb960988b43 to remote] DEBUG org.asynchttpclient.netty.request.NettyRequestSender - Using open Channel [id: 0x49ba2811, L:/127.0.0.1:56917 - R:localhost/127.0.0.1:64986] for GET '/session/6e70812f18edffeb1ed81bb960988b43/screenshot'
23:46:39.234 [AsyncHttpClient-1-5] DEBUG org.asynchttpclient.netty.handler.HttpHandler - 

Request DefaultFullHttpRequest(decodeResult: success, version: HTTP/1.1, content: EmptyByteBufBE)
GET /session/6e70812f18edffeb1ed81bb960988b43/screenshot HTTP/1.1
User-Agent: selenium/4.1.2 (java windows)
Cache-Control: no-cache
Content-Type: application/json; charset=utf-8
host: localhost:64986
accept: */*

Response DefaultHttpResponse(decodeResult: success, version: HTTP/1.1)
HTTP/1.1 200 OK
Content-Type: application/json; charset=utf-8
cache-control: no-cache
content-length: 32192

23:46:39.234 [AsyncHttpClient-1-5] DEBUG org.asynchttpclient.netty.channel.ChannelManager - Adding key: http://localhost:64986 for channel [id: 0x49ba2811, L:/127.0.0.1:56917 - R:localhost/127.0.0.1:64986]
23:46:39.236 [main] DEBUG net.serenitybdd.core.photography.Darkroom - Send negative for processing for target\site\serenity\4d98329a65403fb35239499910819cdb6d3d71d823e551da367b9fc52c2ec142.png
23:46:39.236 [main] DEBUG net.thucydides.core.steps.StepInterceptor - STEP DONE: clickLogout
  &amp#27;[32mAnd &amp#27;[0m&amp#27;[32mI click on logout&amp#27;[0m                   &amp#27;[90m# starter.stepdefinitions.LogoutSteps.clickLogout()&amp#27;[0m
23:46:39.244 [main] DEBUG net.thucydides.core.steps.StepInterceptor - STARTING STEP: LogoutSteps.onLoginPageAfterLogout - validateStillOnLoginPage
23:46:39.245 [Forwarding findElement on session 6e70812f18edffeb1ed81bb960988b43 to remote] DEBUG org.asynchttpclient.netty.request.NettyRequestSender - Using pooled Channel '[id: 0x49ba2811, L:/127.0.0.1:56917 - R:localhost/127.0.0.1:64986]' for 'POST' to 'http://localhost:64986/session/6e70812f18edffeb1ed81bb960988b43/element'
23:46:39.245 [Forwarding findElement on session 6e70812f18edffeb1ed81bb960988b43 to remote] DEBUG org.asynchttpclient.netty.request.NettyRequestSender - Using open Channel [id: 0x49ba2811, L:/127.0.0.1:56917 - R:localhost/127.0.0.1:64986] for POST '/session/6e70812f18edffeb1ed81bb960988b43/element'
23:46:39.252 [AsyncHttpClient-1-5] DEBUG org.asynchttpclient.netty.handler.HttpHandler - 

Request DefaultHttpRequest(decodeResult: success, version: HTTP/1.1)
POST /session/6e70812f18edffeb1ed81bb960988b43/element HTTP/1.1
User-Agent: selenium/4.1.2 (java windows)
Content-Length: 155
Content-Type: application/json; charset=utf-8
host: localhost:64986
accept: */*

Response DefaultHttpResponse(decodeResult: success, version: HTTP/1.1)
HTTP/1.1 200 OK
Content-Type: application/json; charset=utf-8
cache-control: no-cache
content-length: 88

23:46:39.252 [AsyncHttpClient-1-5] DEBUG org.asynchttpclient.netty.channel.ChannelManager - Adding key: http://localhost:64986 for channel [id: 0x49ba2811, L:/127.0.0.1:56917 - R:localhost/127.0.0.1:64986]
23:46:39.254 [Forwarding isElementDisplayed on session 6e70812f18edffeb1ed81bb960988b43 to remote] DEBUG org.asynchttpclient.netty.request.NettyRequestSender - Using pooled Channel '[id: 0x49ba2811, L:/127.0.0.1:56917 - R:localhost/127.0.0.1:64986]' for 'POST' to 'http://localhost:64986/session/6e70812f18edffeb1ed81bb960988b43/execute/sync'
23:46:39.254 [Forwarding isElementDisplayed on session 6e70812f18edffeb1ed81bb960988b43 to remote] DEBUG org.asynchttpclient.netty.request.NettyRequestSender - Using open Channel [id: 0x49ba2811, L:/127.0.0.1:56917 - R:localhost/127.0.0.1:64986] for POST '/session/6e70812f18edffeb1ed81bb960988b43/execute/sync'
23:46:39.261 [AsyncHttpClient-1-5] DEBUG org.asynchttpclient.netty.handler.HttpHandler - 

Request DefaultHttpRequest(decodeResult: success, version: HTTP/1.1)
POST /session/6e70812f18edffeb1ed81bb960988b43/execute/sync HTTP/1.1
User-Agent: selenium/4.1.2 (java windows)
Content-Length: 48780
Content-Type: application/json; charset=utf-8
host: localhost:64986
accept: */*

Response DefaultHttpResponse(decodeResult: success, version: HTTP/1.1)
HTTP/1.1 200 OK
Content-Type: application/json; charset=utf-8
cache-control: no-cache
content-length: 14

23:46:39.261 [AsyncHttpClient-1-5] DEBUG org.asynchttpclient.netty.channel.ChannelManager - Adding key: http://localhost:64986 for channel [id: 0x49ba2811, L:/127.0.0.1:56917 - R:localhost/127.0.0.1:64986]
23:46:39.264 [main] DEBUG net.thucydides.core.steps.StepInterceptor - STEP DONE: validateStillOnLoginPage
  &amp#27;[32mThen &amp#27;[0m&amp#27;[32mI am on login page after logout&amp#27;[0m    &amp#27;[90m# starter.stepdefinitions.LogoutSteps.onLoginPageAfterLogout()&amp#27;[0m
23:46:39.266 [main] INFO  - 
  _____   ___   ___   _____     ___     _     ___   ___   ___   ___  
 |_   _| | __| / __| |_   _|   | _ \   /_\   / __| / __| | __| |   \ 
   | |   | _|  \__ \   | |     |  _/  / _ \  \__ \ \__ \ | _|  | |) |
   |_|   |___| |___/   |_|     |_|   /_/ \_\ |___/ |___/ |___| |___/ 

Logout an account
----------------------------------------------------------------------
23:46:39.267 [AsyncHttpClient-1-7] DEBUG org.asynchttpclient.netty.handler.WebSocketHandler - Channel Closed: [id: 0x30ccc717, L:/127.0.0.1:56925 ! R:localhost/127.0.0.1:56918] with attribute NettyResponseFuture{currentRetry=5,
	isDone=1,
	isCancelled=0,
	asyncHandler=org.asynchttpclient.ws.WebSocketUpgradeHandler@551b402a,
	nettyRequest=org.asynchttpclient.netty.request.NettyRequest@1019c4ed,
	future=java.util.concurrent.CompletableFuture@5666844f[Completed normally],
	uri=ws://localhost:56918/devtools/browser/a2925b97-6679-4cd1-92e9-72c9ca20b27f,
	keepAlive=true,
	redirectCount=0,
	timeoutsHolder=null,
	inAuth=0,
	touch=1652546794550}
23:46:39.268 [AsyncHttpClient-1-7] DEBUG org.asynchttpclient.netty.channel.ChannelManager - Closing Channel [id: 0x30ccc717, L:/127.0.0.1:56925 ! R:localhost/127.0.0.1:56918] 
23:46:39.268 [Driver Command Executor] DEBUG org.asynchttpclient.netty.request.NettyRequestSender - Using pooled Channel '[id: 0x49ba2811, L:/127.0.0.1:56917 - R:localhost/127.0.0.1:64986]' for 'DELETE' to 'http://localhost:64986/session/6e70812f18edffeb1ed81bb960988b43'
23:46:39.268 [Driver Command Executor] DEBUG org.asynchttpclient.netty.request.NettyRequestSender - Using open Channel [id: 0x49ba2811, L:/127.0.0.1:56917 - R:localhost/127.0.0.1:64986] for DELETE '/session/6e70812f18edffeb1ed81bb960988b43'
23:46:39.298 [AsyncHttpClient-1-6] DEBUG org.asynchttpclient.netty.handler.HttpHandler - Unexpected I/O exception on channel [id: 0x18954772, L:/127.0.0.1:56924 - R:localhost/127.0.0.1:56918]
java.io.IOException: An existing connection was forcibly closed by the remote host
	at java.base/sun.nio.ch.SocketDispatcher.read0(Native Method)
	at java.base/sun.nio.ch.SocketDispatcher.read(SocketDispatcher.java:43)
	at java.base/sun.nio.ch.IOUtil.readIntoNativeBuffer(IOUtil.java:276)
	at java.base/sun.nio.ch.IOUtil.read(IOUtil.java:233)
	at java.base/sun.nio.ch.IOUtil.read(IOUtil.java:223)
	at java.base/sun.nio.ch.SocketChannelImpl.read(SocketChannelImpl.java:358)
	at io.netty.buffer.PooledByteBuf.setBytes(PooledByteBuf.java:258)
	at io.netty.buffer.AbstractByteBuf.writeBytes(AbstractByteBuf.java:1132)
	at io.netty.channel.socket.nio.NioSocketChannel.doReadBytes(NioSocketChannel.java:350)
	at io.netty.channel.nio.AbstractNioByteChannel$NioByteUnsafe.read(AbstractNioByteChannel.java:151)
	at io.netty.channel.nio.NioEventLoop.processSelectedKey(NioEventLoop.java:722)
	at io.netty.channel.nio.NioEventLoop.processSelectedKeysOptimized(NioEventLoop.java:658)
	at io.netty.channel.nio.NioEventLoop.processSelectedKeys(NioEventLoop.java:584)
	at io.netty.channel.nio.NioEventLoop.run(NioEventLoop.java:496)
	at io.netty.util.concurrent.SingleThreadEventExecutor$4.run(SingleThreadEventExecutor.java:986)
	at io.netty.util.internal.ThreadExecutorMap$2.run(ThreadExecutorMap.java:74)
	at io.netty.util.concurrent.FastThreadLocalRunnable.run(FastThreadLocalRunnable.java:30)
	at java.base/java.lang.Thread.run(Thread.java:834)
23:46:39.298 [AsyncHttpClient-1-6] DEBUG org.asynchttpclient.netty.channel.ChannelManager - Closing Channel [id: 0x18954772, L:/127.0.0.1:56924 - R:localhost/127.0.0.1:56918] 
23:46:39.298 [AsyncHttpClient-1-6] DEBUG org.asynchttpclient.netty.handler.HttpHandler - Channel Closed: [id: 0x18954772, L:/127.0.0.1:56924 ! R:localhost/127.0.0.1:56918] with attribute DISCARD
23:46:39.308 [AsyncHttpClient-1-5] DEBUG org.asynchttpclient.netty.handler.HttpHandler - 

Request DefaultFullHttpRequest(decodeResult: success, version: HTTP/1.1, content: EmptyByteBufBE)
DELETE /session/6e70812f18edffeb1ed81bb960988b43 HTTP/1.1
User-Agent: selenium/4.1.2 (java windows)
Content-Type: application/json; charset=utf-8
host: localhost:64986
accept: */*

Response DefaultHttpResponse(decodeResult: success, version: HTTP/1.1)
HTTP/1.1 200 OK
Content-Type: application/json; charset=utf-8
cache-control: no-cache
content-length: 14

23:46:39.309 [AsyncHttpClient-1-5] DEBUG org.asynchttpclient.netty.channel.ChannelManager - Adding key: http://localhost:64986 for channel [id: 0x49ba2811, L:/127.0.0.1:56917 - R:localhost/127.0.0.1:64986]
23:46:39.413 [AsyncHttpClient-1-5] DEBUG org.asynchttpclient.netty.handler.HttpHandler - Channel Closed: [id: 0x49ba2811, L:/127.0.0.1:56917 ! R:localhost/127.0.0.1:64986] with attribute DISCARD
23:46:39.666 [AsyncHttpClient-1-1] DEBUG org.asynchttpclient.netty.channel.DefaultChannelPool - Entry count for : http://localhost:64986 : 1
23:46:39.666 [AsyncHttpClient-1-1] DEBUG org.asynchttpclient.netty.channel.DefaultChannelPool - Entry count for : http://localhost:56918 : 1
23:46:39.666 [AsyncHttpClient-1-1] DEBUG org.asynchttpclient.netty.channel.DefaultChannelPool - Adding Candidate expired Channel [id: 0x49ba2811, L:/127.0.0.1:56917 ! R:localhost/127.0.0.1:64986] isIdleTimeoutExpired=false isRemotelyClosed=true isTtlExpired=false
23:46:39.666 [AsyncHttpClient-1-1] DEBUG org.asynchttpclient.netty.channel.DefaultChannelPool - Closing Idle Channel [id: 0x49ba2811, L:/127.0.0.1:56917 ! R:localhost/127.0.0.1:64986]
23:46:39.666 [AsyncHttpClient-1-1] DEBUG org.asynchttpclient.netty.channel.DefaultChannelPool - Adding Candidate expired Channel [id: 0x18954772, L:/127.0.0.1:56924 ! R:localhost/127.0.0.1:56918] isIdleTimeoutExpired=false isRemotelyClosed=true isTtlExpired=false
23:46:39.666 [AsyncHttpClient-1-1] DEBUG org.asynchttpclient.netty.channel.DefaultChannelPool - Closing Idle Channel [id: 0x18954772, L:/127.0.0.1:56924 ! R:localhost/127.0.0.1:56918]
23:46:39.666 [AsyncHttpClient-1-1] DEBUG org.asynchttpclient.netty.channel.DefaultChannelPool - Closed 2 connections out of 2 in 0 ms
]]></system-out>
    <system-err><![CDATA[Starting ChromeDriver 101.0.4951.41 (93c720db8323b3ec10d056025ab95c23a31997c9-refs/branch-heads/4951@{#904}) on port 64986
Only local connections are allowed.
Please see https://chromedriver.chromium.org/security-considerations for suggestions on keeping ChromeDriver safe.
ChromeDriver was started successfully.
May 14, 2022 11:46:34 PM org.openqa.selenium.remote.ProtocolHandshake createSession
INFO: Detected dialect: W3C
May 14, 2022 11:46:34 PM org.openqa.selenium.devtools.CdpVersionFinder findNearestMatch
WARNING: Unable to find an exact match for CDP version 101, so returning the closest version found: 97
May 14, 2022 11:46:34 PM org.openqa.selenium.devtools.CdpVersionFinder findNearestMatch
INFO: Found CDP implementation for version 101 of 97
]]></system-err>
  </testcase>
  <testcase name="Logout an account" classname="Ratings" time="7.385">
    <system-out><![CDATA[23:46:39.946 [main] INFO io.cucumber.core.plugin.SerenityReporter - Running feature from file:///D:/Intern/MSIB%20Alterra/alterra-mini-project/Serenity%20UI%20Test/src/test/resources/features/Rating.feature
23:46:39.950 [main] DEBUG net.thucydides.core.steps.StepEventBus - Test suite started for story net.thucydides.core.model.Story@6f9be80f
23:46:39.952 [main] INFO  - Test Suite Started: Ratings

Scenario: Logout an account                         &amp#27;[90m# src/test/resources/features/Rating.feature:3&amp#27;[0m
23:46:39.967 [main] INFO io.cucumber.core.plugin.SerenityReporter - Running feature from file:///D:/Intern/MSIB%20Alterra/alterra-mini-project/Serenity%20UI%20Test/src/test/resources/features/Rating.feature
23:46:39.969 [main] INFO  - 
  _____   ___   ___   _____     ___   _____     _     ___   _____   ___   ___  
 |_   _| | __| / __| |_   _|   / __| |_   _|   /_\   | _ \ |_   _| | __| |   \ 
   | |   | _|  \__ \   | |     \__ \   | |    / _ \  |   /   | |   | _|  | |) |
   |_|   |___| |___/   |_|     |___/   |_|   /_/ \_\ |_|_\   |_|   |___| |___/ 

Logout an account(ratings;logout-an-account)
--------------------------------------------------------------------------------
23:46:40.057 [main] DEBUG net.thucydides.core.steps.StepInterceptor - STARTING STEP: RatingSteps.onTheLoginPage - loginPage
23:46:40.058 [main] INFO net.serenitybdd.core.webdriver.driverproviders.ChromeDriverProvider - Using automatically driver download
23:46:40.217 [main] DEBUG io.github.bonigarcia.wdm.cache.ResolutionCache - Resolution chrome=101 in cache (valid until 00:15:28 15/05/2022 ICT)
23:46:40.222 [main] DEBUG io.github.bonigarcia.wdm.cache.ResolutionCache - Resolution chrome101=101.0.4951.41 in cache (valid until 14:15:13 15/05/2022 ICT)
23:46:40.225 [main] INFO io.github.bonigarcia.wdm.WebDriverManager - Using chromedriver 101.0.4951.41 (resolved driver for Chrome 101)
23:46:40.235 [main] DEBUG io.github.bonigarcia.wdm.WebDriverManager - Driver chromedriver 101.0.4951.41 found in cache
23:46:40.235 [main] INFO io.github.bonigarcia.wdm.WebDriverManager - Exporting webdriver.chrome.driver as C:\Users\saral\.cache\selenium\chromedriver\win32\101.0.4951.41\chromedriver.exe
23:46:40.343 [main] DEBUG net.serenitybdd.core.webdriver.driverproviders.ProvideNewDriver - Instantiating driver
23:46:40.343 [main] DEBUG net.serenitybdd.core.webdriver.driverproviders.ProvideNewDriver - Driver capabilities: Capabilities {acceptInsecureCerts: false, base.url: https://qa.alta.id/, browserName: chrome, chrome.driver: src/main/resources/webdrive..., driver: chrome, goog:chromeOptions: {args: [], extensions: []}}
23:46:40.894 [AsyncHttpClient-1-8] DEBUG org.asynchttpclient.netty.channel.NettyConnectListener - Using new Channel '[id: 0xebc6d903, L:/127.0.0.1:56950 - R:localhost/127.0.0.1:58375]' for 'POST' to '/session'
23:46:41.373 [AsyncHttpClient-1-8] DEBUG org.asynchttpclient.netty.handler.HttpHandler - 

Request DefaultHttpRequest(decodeResult: success, version: HTTP/1.1)
POST /session HTTP/1.1
User-Agent: selenium/4.1.2 (java windows)
Content-Length: 605
Content-Type: application/json; charset=utf-8
host: localhost:58375
accept: */*

Response DefaultHttpResponse(decodeResult: success, version: HTTP/1.1)
HTTP/1.1 200 OK
Content-Type: application/json; charset=utf-8
cache-control: no-cache
content-length: 788

23:46:41.374 [AsyncHttpClient-1-8] DEBUG org.asynchttpclient.netty.channel.ChannelManager - Adding key: http://localhost:58375 for channel [id: 0xebc6d903, L:/127.0.0.1:56950 - R:localhost/127.0.0.1:58375]
23:46:41.378 [AsyncHttpClient-1-9] DEBUG org.asynchttpclient.netty.channel.NettyConnectListener - Using new Channel '[id: 0xce1c83a9, L:/127.0.0.1:56957 - R:localhost/127.0.0.1:56951]' for 'GET' to '/json/version'
23:46:41.381 [AsyncHttpClient-1-9] DEBUG org.asynchttpclient.netty.handler.HttpHandler - 

Request DefaultFullHttpRequest(decodeResult: success, version: HTTP/1.1, content: EmptyByteBufBE)
GET /json/version HTTP/1.1
User-Agent: selenium/4.1.2 (java windows)
host: localhost:56951
accept: */*

Response DefaultHttpResponse(decodeResult: success, version: HTTP/1.1)
HTTP/1.1 200 OK
Content-Type: application/json; charset=UTF-8
content-length: 427

23:46:41.382 [AsyncHttpClient-1-9] DEBUG org.asynchttpclient.netty.channel.ChannelManager - Adding key: http://localhost:56951 for channel [id: 0xce1c83a9, L:/127.0.0.1:56957 - R:localhost/127.0.0.1:56951]
23:46:41.383 [AsyncHttpClient-1-10] DEBUG org.asynchttpclient.netty.channel.NettyConnectListener - Using new Channel '[id: 0xec9639f2, L:/127.0.0.1:56958 - R:localhost/127.0.0.1:56951]' for 'GET' to '/devtools/browser/8f2e99a1-639f-45a2-b0be-2e13cdcbf07b'
23:46:41.387 [AsyncHttpClient-1-10] DEBUG org.asynchttpclient.netty.handler.WebSocketHandler - 

Request DefaultFullHttpRequest(decodeResult: success, version: HTTP/1.1, content: EmptyByteBufBE)
GET /devtools/browser/8f2e99a1-639f-45a2-b0be-2e13cdcbf07b HTTP/1.1
upgrade: websocket
connection: upgrade
sec-websocket-key: tGAHKNRlo326T42N/1cKCA==
sec-websocket-version: 13
origin: http://localhost:56951
host: localhost:56951
accept: */*
user-agent: AHC/2.1

Response DefaultHttpResponse(decodeResult: success, version: HTTP/1.1)
HTTP/1.1 101 WebSocket Protocol Handshake
Upgrade: WebSocket
Connection: Upgrade
Sec-WebSocket-Accept: 7N7XN9ZTlJsT2s1/eeI8N6SoXOI=

23:46:41.390 [Forwarding get on session 3ad9071cd849908e3839a777fdf57126 to remote] DEBUG org.asynchttpclient.netty.request.NettyRequestSender - Using pooled Channel '[id: 0xebc6d903, L:/127.0.0.1:56950 - R:localhost/127.0.0.1:58375]' for 'POST' to 'http://localhost:58375/session/3ad9071cd849908e3839a777fdf57126/url'
23:46:41.390 [Forwarding get on session 3ad9071cd849908e3839a777fdf57126 to remote] DEBUG org.asynchttpclient.netty.request.NettyRequestSender - Using open Channel [id: 0xebc6d903, L:/127.0.0.1:56950 - R:localhost/127.0.0.1:58375] for POST '/session/3ad9071cd849908e3839a777fdf57126/url'
23:46:41.864 [AsyncHttpClient-1-1] DEBUG org.asynchttpclient.netty.channel.DefaultChannelPool - Entry count for : http://localhost:56951 : 1
23:46:42.782 [AsyncHttpClient-1-8] DEBUG org.asynchttpclient.netty.handler.HttpHandler - 

Request DefaultHttpRequest(decodeResult: success, version: HTTP/1.1)
POST /session/3ad9071cd849908e3839a777fdf57126/url HTTP/1.1
User-Agent: selenium/4.1.2 (java windows)
Content-Length: 64
Content-Type: application/json; charset=utf-8
host: localhost:58375
accept: */*

Response DefaultHttpResponse(decodeResult: success, version: HTTP/1.1)
HTTP/1.1 200 OK
Content-Type: application/json; charset=utf-8
cache-control: no-cache
content-length: 14

23:46:42.782 [AsyncHttpClient-1-8] DEBUG org.asynchttpclient.netty.channel.ChannelManager - Adding key: http://localhost:58375 for channel [id: 0xebc6d903, L:/127.0.0.1:56950 - R:localhost/127.0.0.1:58375]
23:46:42.784 [Forwarding setTimeout on session 3ad9071cd849908e3839a777fdf57126 to remote] DEBUG org.asynchttpclient.netty.request.NettyRequestSender - Using pooled Channel '[id: 0xebc6d903, L:/127.0.0.1:56950 - R:localhost/127.0.0.1:58375]' for 'POST' to 'http://localhost:58375/session/3ad9071cd849908e3839a777fdf57126/timeouts'
23:46:42.784 [Forwarding setTimeout on session 3ad9071cd849908e3839a777fdf57126 to remote] DEBUG org.asynchttpclient.netty.request.NettyRequestSender - Using open Channel [id: 0xebc6d903, L:/127.0.0.1:56950 - R:localhost/127.0.0.1:58375] for POST '/session/3ad9071cd849908e3839a777fdf57126/timeouts'
23:46:42.784 [AsyncHttpClient-1-8] DEBUG org.asynchttpclient.netty.handler.HttpHandler - 

Request DefaultHttpRequest(decodeResult: success, version: HTTP/1.1)
POST /session/3ad9071cd849908e3839a777fdf57126/timeouts HTTP/1.1
User-Agent: selenium/4.1.2 (java windows)
Content-Length: 22
Content-Type: application/json; charset=utf-8
host: localhost:58375
accept: */*

Response DefaultHttpResponse(decodeResult: success, version: HTTP/1.1)
HTTP/1.1 200 OK
Content-Type: application/json; charset=utf-8
cache-control: no-cache
content-length: 14

23:46:42.784 [AsyncHttpClient-1-8] DEBUG org.asynchttpclient.netty.channel.ChannelManager - Adding key: http://localhost:58375 for channel [id: 0xebc6d903, L:/127.0.0.1:56950 - R:localhost/127.0.0.1:58375]
23:46:42.786 [Forwarding getCurrentUrl on session 3ad9071cd849908e3839a777fdf57126 to remote] DEBUG org.asynchttpclient.netty.request.NettyRequestSender - Using pooled Channel '[id: 0xebc6d903, L:/127.0.0.1:56950 - R:localhost/127.0.0.1:58375]' for 'GET' to 'http://localhost:58375/session/3ad9071cd849908e3839a777fdf57126/url'
23:46:42.787 [Forwarding getCurrentUrl on session 3ad9071cd849908e3839a777fdf57126 to remote] DEBUG org.asynchttpclient.netty.request.NettyRequestSender - Using open Channel [id: 0xebc6d903, L:/127.0.0.1:56950 - R:localhost/127.0.0.1:58375] for GET '/session/3ad9071cd849908e3839a777fdf57126/url'
23:46:42.791 [AsyncHttpClient-1-8] DEBUG org.asynchttpclient.netty.handler.HttpHandler - 

Request DefaultFullHttpRequest(decodeResult: success, version: HTTP/1.1, content: EmptyByteBufBE)
GET /session/3ad9071cd849908e3839a777fdf57126/url HTTP/1.1
User-Agent: selenium/4.1.2 (java windows)
Cache-Control: no-cache
Content-Type: application/json; charset=utf-8
host: localhost:58375
accept: */*

Response DefaultHttpResponse(decodeResult: success, version: HTTP/1.1)
HTTP/1.1 200 OK
Content-Type: application/json; charset=utf-8
cache-control: no-cache
content-length: 41

23:46:42.791 [AsyncHttpClient-1-8] DEBUG org.asynchttpclient.netty.channel.ChannelManager - Adding key: http://localhost:58375 for channel [id: 0xebc6d903, L:/127.0.0.1:56950 - R:localhost/127.0.0.1:58375]
23:46:42.793 [main] DEBUG net.serenitybdd.core.photography.Darkroom - Opening darkroom
23:46:42.794 [Darkroom Processing Line] DEBUG net.serenitybdd.core.photography.DarkroomProcessingLine - Darkroom processing line starting up
23:46:42.794 [Forwarding screenshot on session 3ad9071cd849908e3839a777fdf57126 to remote] DEBUG org.asynchttpclient.netty.request.NettyRequestSender - Using pooled Channel '[id: 0xebc6d903, L:/127.0.0.1:56950 - R:localhost/127.0.0.1:58375]' for 'GET' to 'http://localhost:58375/session/3ad9071cd849908e3839a777fdf57126/screenshot'
23:46:42.795 [Forwarding screenshot on session 3ad9071cd849908e3839a777fdf57126 to remote] DEBUG org.asynchttpclient.netty.request.NettyRequestSender - Using open Channel [id: 0xebc6d903, L:/127.0.0.1:56950 - R:localhost/127.0.0.1:58375] for GET '/session/3ad9071cd849908e3839a777fdf57126/screenshot'
23:46:42.867 [AsyncHttpClient-1-8] DEBUG org.asynchttpclient.netty.handler.HttpHandler - 

Request DefaultFullHttpRequest(decodeResult: success, version: HTTP/1.1, content: EmptyByteBufBE)
GET /session/3ad9071cd849908e3839a777fdf57126/screenshot HTTP/1.1
User-Agent: selenium/4.1.2 (java windows)
Cache-Control: no-cache
Content-Type: application/json; charset=utf-8
host: localhost:58375
accept: */*

Response DefaultHttpResponse(decodeResult: success, version: HTTP/1.1)
HTTP/1.1 200 OK
Content-Type: application/json; charset=utf-8
cache-control: no-cache
content-length: 32192

23:46:42.867 [AsyncHttpClient-1-8] DEBUG org.asynchttpclient.netty.channel.ChannelManager - Adding key: http://localhost:58375 for channel [id: 0xebc6d903, L:/127.0.0.1:56950 - R:localhost/127.0.0.1:58375]
23:46:42.868 [main] DEBUG net.serenitybdd.core.photography.Darkroom - Send negative for processing for target\site\serenity\4d98329a65403fb35239499910819cdb6d3d71d823e551da367b9fc52c2ec142.png
23:46:42.868 [main] DEBUG net.thucydides.core.steps.StepInterceptor - STEP DONE: loginPage
23:46:42.871 [main] DEBUG net.thucydides.core.steps.StepInterceptor - STARTING STEP: RatingSteps.onTheLoginPage - validateOnLoginPage
23:46:42.872 [Forwarding findElement on session 3ad9071cd849908e3839a777fdf57126 to remote] DEBUG org.asynchttpclient.netty.request.NettyRequestSender - Using pooled Channel '[id: 0xebc6d903, L:/127.0.0.1:56950 - R:localhost/127.0.0.1:58375]' for 'POST' to 'http://localhost:58375/session/3ad9071cd849908e3839a777fdf57126/element'
23:46:42.872 [Forwarding findElement on session 3ad9071cd849908e3839a777fdf57126 to remote] DEBUG org.asynchttpclient.netty.request.NettyRequestSender - Using open Channel [id: 0xebc6d903, L:/127.0.0.1:56950 - R:localhost/127.0.0.1:58375] for POST '/session/3ad9071cd849908e3839a777fdf57126/element'
23:46:42.879 [AsyncHttpClient-1-8] DEBUG org.asynchttpclient.netty.handler.HttpHandler - 

Request DefaultHttpRequest(decodeResult: success, version: HTTP/1.1)
POST /session/3ad9071cd849908e3839a777fdf57126/element HTTP/1.1
User-Agent: selenium/4.1.2 (java windows)
Content-Length: 155
Content-Type: application/json; charset=utf-8
host: localhost:58375
accept: */*

Response DefaultHttpResponse(decodeResult: success, version: HTTP/1.1)
HTTP/1.1 200 OK
Content-Type: application/json; charset=utf-8
cache-control: no-cache
content-length: 88

23:46:42.879 [AsyncHttpClient-1-8] DEBUG org.asynchttpclient.netty.channel.ChannelManager - Adding key: http://localhost:58375 for channel [id: 0xebc6d903, L:/127.0.0.1:56950 - R:localhost/127.0.0.1:58375]
23:46:42.881 [Forwarding isElementDisplayed on session 3ad9071cd849908e3839a777fdf57126 to remote] DEBUG org.asynchttpclient.netty.request.NettyRequestSender - Using pooled Channel '[id: 0xebc6d903, L:/127.0.0.1:56950 - R:localhost/127.0.0.1:58375]' for 'POST' to 'http://localhost:58375/session/3ad9071cd849908e3839a777fdf57126/execute/sync'
23:46:42.881 [Forwarding isElementDisplayed on session 3ad9071cd849908e3839a777fdf57126 to remote] DEBUG org.asynchttpclient.netty.request.NettyRequestSender - Using open Channel [id: 0xebc6d903, L:/127.0.0.1:56950 - R:localhost/127.0.0.1:58375] for POST '/session/3ad9071cd849908e3839a777fdf57126/execute/sync'
23:46:42.889 [AsyncHttpClient-1-8] DEBUG org.asynchttpclient.netty.handler.HttpHandler - 

Request DefaultHttpRequest(decodeResult: success, version: HTTP/1.1)
POST /session/3ad9071cd849908e3839a777fdf57126/execute/sync HTTP/1.1
User-Agent: selenium/4.1.2 (java windows)
Content-Length: 48780
Content-Type: application/json; charset=utf-8
host: localhost:58375
accept: */*

Response DefaultHttpResponse(decodeResult: success, version: HTTP/1.1)
HTTP/1.1 200 OK
Content-Type: application/json; charset=utf-8
cache-control: no-cache
content-length: 14

23:46:42.889 [AsyncHttpClient-1-8] DEBUG org.asynchttpclient.netty.channel.ChannelManager - Adding key: http://localhost:58375 for channel [id: 0xebc6d903, L:/127.0.0.1:56950 - R:localhost/127.0.0.1:58375]
23:46:42.892 [main] DEBUG net.thucydides.core.steps.StepInterceptor - STEP DONE: validateOnLoginPage
  &amp#27;[32mGiven &amp#27;[0m&amp#27;[32mI am on the login page for rating&amp#27;[0m           &amp#27;[90m# starter.stepdefinitions.RatingSteps.onTheLoginPage()&amp#27;[0m
23:46:42.898 [main] DEBUG net.thucydides.core.steps.StepInterceptor - STARTING STEP: RatingSteps.inputValidEmail - inputEmail
23:46:42.900 [Forwarding findElement on session 3ad9071cd849908e3839a777fdf57126 to remote] DEBUG org.asynchttpclient.netty.request.NettyRequestSender - Using pooled Channel '[id: 0xebc6d903, L:/127.0.0.1:56950 - R:localhost/127.0.0.1:58375]' for 'POST' to 'http://localhost:58375/session/3ad9071cd849908e3839a777fdf57126/element'
23:46:42.900 [Forwarding findElement on session 3ad9071cd849908e3839a777fdf57126 to remote] DEBUG org.asynchttpclient.netty.request.NettyRequestSender - Using open Channel [id: 0xebc6d903, L:/127.0.0.1:56950 - R:localhost/127.0.0.1:58375] for POST '/session/3ad9071cd849908e3839a777fdf57126/element'
23:46:42.907 [AsyncHttpClient-1-8] DEBUG org.asynchttpclient.netty.handler.HttpHandler - 

Request DefaultHttpRequest(decodeResult: success, version: HTTP/1.1)
POST /session/3ad9071cd849908e3839a777fdf57126/element HTTP/1.1
User-Agent: selenium/4.1.2 (java windows)
Content-Length: 84
Content-Type: application/json; charset=utf-8
host: localhost:58375
accept: */*

Response DefaultHttpResponse(decodeResult: success, version: HTTP/1.1)
HTTP/1.1 200 OK
Content-Type: application/json; charset=utf-8
cache-control: no-cache
content-length: 88

23:46:42.907 [AsyncHttpClient-1-8] DEBUG org.asynchttpclient.netty.channel.ChannelManager - Adding key: http://localhost:58375 for channel [id: 0xebc6d903, L:/127.0.0.1:56950 - R:localhost/127.0.0.1:58375]
23:46:42.908 [Forwarding clearElement on session 3ad9071cd849908e3839a777fdf57126 to remote] DEBUG org.asynchttpclient.netty.request.NettyRequestSender - Using pooled Channel '[id: 0xebc6d903, L:/127.0.0.1:56950 - R:localhost/127.0.0.1:58375]' for 'POST' to 'http://localhost:58375/session/3ad9071cd849908e3839a777fdf57126/element/37fc72ec-4f4c-4e32-ab53-d9a30592eb59/clear'
23:46:42.908 [Forwarding clearElement on session 3ad9071cd849908e3839a777fdf57126 to remote] DEBUG org.asynchttpclient.netty.request.NettyRequestSender - Using open Channel [id: 0xebc6d903, L:/127.0.0.1:56950 - R:localhost/127.0.0.1:58375] for POST '/session/3ad9071cd849908e3839a777fdf57126/element/37fc72ec-4f4c-4e32-ab53-d9a30592eb59/clear'
23:46:42.926 [AsyncHttpClient-1-8] DEBUG org.asynchttpclient.netty.handler.HttpHandler - 

Request DefaultHttpRequest(decodeResult: success, version: HTTP/1.1)
POST /session/3ad9071cd849908e3839a777fdf57126/element/37fc72ec-4f4c-4e32-ab53-d9a30592eb59/clear HTTP/1.1
User-Agent: selenium/4.1.2 (java windows)
Content-Length: 50
Content-Type: application/json; charset=utf-8
host: localhost:58375
accept: */*

Response DefaultHttpResponse(decodeResult: success, version: HTTP/1.1)
HTTP/1.1 200 OK
Content-Type: application/json; charset=utf-8
cache-control: no-cache
content-length: 14

23:46:42.926 [AsyncHttpClient-1-8] DEBUG org.asynchttpclient.netty.channel.ChannelManager - Adding key: http://localhost:58375 for channel [id: 0xebc6d903, L:/127.0.0.1:56950 - R:localhost/127.0.0.1:58375]
23:46:42.928 [Forwarding sendKeysToElement on session 3ad9071cd849908e3839a777fdf57126 to remote] DEBUG org.asynchttpclient.netty.request.NettyRequestSender - Using pooled Channel '[id: 0xebc6d903, L:/127.0.0.1:56950 - R:localhost/127.0.0.1:58375]' for 'POST' to 'http://localhost:58375/session/3ad9071cd849908e3839a777fdf57126/element/37fc72ec-4f4c-4e32-ab53-d9a30592eb59/value'
23:46:42.928 [Forwarding sendKeysToElement on session 3ad9071cd849908e3839a777fdf57126 to remote] DEBUG org.asynchttpclient.netty.request.NettyRequestSender - Using open Channel [id: 0xebc6d903, L:/127.0.0.1:56950 - R:localhost/127.0.0.1:58375] for POST '/session/3ad9071cd849908e3839a777fdf57126/element/37fc72ec-4f4c-4e32-ab53-d9a30592eb59/value'
23:46:42.966 [AsyncHttpClient-1-1] DEBUG org.asynchttpclient.netty.channel.DefaultChannelPool - Entry count for : http://localhost:56951 : 1
23:46:42.993 [AsyncHttpClient-1-8] DEBUG org.asynchttpclient.netty.handler.HttpHandler - 

Request DefaultHttpRequest(decodeResult: success, version: HTTP/1.1)
POST /session/3ad9071cd849908e3839a777fdf57126/element/37fc72ec-4f4c-4e32-ab53-d9a30592eb59/value HTTP/1.1
User-Agent: selenium/4.1.2 (java windows)
Content-Length: 231
Content-Type: application/json; charset=utf-8
host: localhost:58375
accept: */*

Response DefaultHttpResponse(decodeResult: success, version: HTTP/1.1)
HTTP/1.1 200 OK
Content-Type: application/json; charset=utf-8
cache-control: no-cache
content-length: 14

23:46:42.993 [AsyncHttpClient-1-8] DEBUG org.asynchttpclient.netty.channel.ChannelManager - Adding key: http://localhost:58375 for channel [id: 0xebc6d903, L:/127.0.0.1:56950 - R:localhost/127.0.0.1:58375]
23:46:42.997 [Forwarding screenshot on session 3ad9071cd849908e3839a777fdf57126 to remote] DEBUG org.asynchttpclient.netty.request.NettyRequestSender - Using pooled Channel '[id: 0xebc6d903, L:/127.0.0.1:56950 - R:localhost/127.0.0.1:58375]' for 'GET' to 'http://localhost:58375/session/3ad9071cd849908e3839a777fdf57126/screenshot'
23:46:42.997 [Forwarding screenshot on session 3ad9071cd849908e3839a777fdf57126 to remote] DEBUG org.asynchttpclient.netty.request.NettyRequestSender - Using open Channel [id: 0xebc6d903, L:/127.0.0.1:56950 - R:localhost/127.0.0.1:58375] for GET '/session/3ad9071cd849908e3839a777fdf57126/screenshot'
23:46:43.108 [AsyncHttpClient-1-8] DEBUG org.asynchttpclient.netty.handler.HttpHandler - 

Request DefaultFullHttpRequest(decodeResult: success, version: HTTP/1.1, content: EmptyByteBufBE)
GET /session/3ad9071cd849908e3839a777fdf57126/screenshot HTTP/1.1
User-Agent: selenium/4.1.2 (java windows)
Cache-Control: no-cache
Content-Type: application/json; charset=utf-8
host: localhost:58375
accept: */*

Response DefaultHttpResponse(decodeResult: success, version: HTTP/1.1)
HTTP/1.1 200 OK
Content-Type: application/json; charset=utf-8
cache-control: no-cache
content-length: 37852

23:46:43.108 [AsyncHttpClient-1-8] DEBUG org.asynchttpclient.netty.channel.ChannelManager - Adding key: http://localhost:58375 for channel [id: 0xebc6d903, L:/127.0.0.1:56950 - R:localhost/127.0.0.1:58375]
23:46:43.109 [main] DEBUG net.serenitybdd.core.photography.Darkroom - Send negative for processing for target\site\serenity\f82552b848476774837433bd6e227ac2eff310632c1c6108655c20d749f5e5af.png
23:46:43.110 [main] DEBUG net.thucydides.core.steps.StepInterceptor - STEP DONE: inputEmail
  &amp#27;[32mWhen &amp#27;[0m&amp#27;[32mI input valid email for rating&amp#27;[0m               &amp#27;[90m# starter.stepdefinitions.RatingSteps.inputValidEmail()&amp#27;[0m
23:46:43.110 [Darkroom Processing Line] DEBUG net.serenitybdd.core.photography.DarkroomProcessingLine - Processing screenshot image in /var/screenshots/screenshot-12731968298973096394
23:46:43.110 [Darkroom Processing Line] DEBUG net.serenitybdd.core.photography.DarkroomProcessingLine - Saving screenshot to target\site\serenity\f82552b848476774837433bd6e227ac2eff310632c1c6108655c20d749f5e5af.png
23:46:43.119 [main] DEBUG net.thucydides.core.steps.StepInterceptor - STARTING STEP: RatingSteps.inputValidPassword - inputPassword
23:46:43.120 [Forwarding findElement on session 3ad9071cd849908e3839a777fdf57126 to remote] DEBUG org.asynchttpclient.netty.request.NettyRequestSender - Using pooled Channel '[id: 0xebc6d903, L:/127.0.0.1:56950 - R:localhost/127.0.0.1:58375]' for 'POST' to 'http://localhost:58375/session/3ad9071cd849908e3839a777fdf57126/element'
23:46:43.120 [Forwarding findElement on session 3ad9071cd849908e3839a777fdf57126 to remote] DEBUG org.asynchttpclient.netty.request.NettyRequestSender - Using open Channel [id: 0xebc6d903, L:/127.0.0.1:56950 - R:localhost/127.0.0.1:58375] for POST '/session/3ad9071cd849908e3839a777fdf57126/element'
23:46:43.129 [AsyncHttpClient-1-8] DEBUG org.asynchttpclient.netty.handler.HttpHandler - 

Request DefaultHttpRequest(decodeResult: success, version: HTTP/1.1)
POST /session/3ad9071cd849908e3839a777fdf57126/element HTTP/1.1
User-Agent: selenium/4.1.2 (java windows)
Content-Length: 87
Content-Type: application/json; charset=utf-8
host: localhost:58375
accept: */*

Response DefaultHttpResponse(decodeResult: success, version: HTTP/1.1)
HTTP/1.1 200 OK
Content-Type: application/json; charset=utf-8
cache-control: no-cache
content-length: 88

23:46:43.129 [AsyncHttpClient-1-8] DEBUG org.asynchttpclient.netty.channel.ChannelManager - Adding key: http://localhost:58375 for channel [id: 0xebc6d903, L:/127.0.0.1:56950 - R:localhost/127.0.0.1:58375]
23:46:43.130 [Forwarding clearElement on session 3ad9071cd849908e3839a777fdf57126 to remote] DEBUG org.asynchttpclient.netty.request.NettyRequestSender - Using pooled Channel '[id: 0xebc6d903, L:/127.0.0.1:56950 - R:localhost/127.0.0.1:58375]' for 'POST' to 'http://localhost:58375/session/3ad9071cd849908e3839a777fdf57126/element/252ffe78-45e1-40b0-b09d-139d7f0d0531/clear'
23:46:43.130 [Forwarding clearElement on session 3ad9071cd849908e3839a777fdf57126 to remote] DEBUG org.asynchttpclient.netty.request.NettyRequestSender - Using open Channel [id: 0xebc6d903, L:/127.0.0.1:56950 - R:localhost/127.0.0.1:58375] for POST '/session/3ad9071cd849908e3839a777fdf57126/element/252ffe78-45e1-40b0-b09d-139d7f0d0531/clear'
23:46:43.155 [AsyncHttpClient-1-8] DEBUG org.asynchttpclient.netty.handler.HttpHandler - 

Request DefaultHttpRequest(decodeResult: success, version: HTTP/1.1)
POST /session/3ad9071cd849908e3839a777fdf57126/element/252ffe78-45e1-40b0-b09d-139d7f0d0531/clear HTTP/1.1
User-Agent: selenium/4.1.2 (java windows)
Content-Length: 50
Content-Type: application/json; charset=utf-8
host: localhost:58375
accept: */*

Response DefaultHttpResponse(decodeResult: success, version: HTTP/1.1)
HTTP/1.1 200 OK
Content-Type: application/json; charset=utf-8
cache-control: no-cache
content-length: 14

23:46:43.155 [AsyncHttpClient-1-8] DEBUG org.asynchttpclient.netty.channel.ChannelManager - Adding key: http://localhost:58375 for channel [id: 0xebc6d903, L:/127.0.0.1:56950 - R:localhost/127.0.0.1:58375]
23:46:43.157 [Forwarding sendKeysToElement on session 3ad9071cd849908e3839a777fdf57126 to remote] DEBUG org.asynchttpclient.netty.request.NettyRequestSender - Using pooled Channel '[id: 0xebc6d903, L:/127.0.0.1:56950 - R:localhost/127.0.0.1:58375]' for 'POST' to 'http://localhost:58375/session/3ad9071cd849908e3839a777fdf57126/element/252ffe78-45e1-40b0-b09d-139d7f0d0531/value'
23:46:43.157 [Forwarding sendKeysToElement on session 3ad9071cd849908e3839a777fdf57126 to remote] DEBUG org.asynchttpclient.netty.request.NettyRequestSender - Using open Channel [id: 0xebc6d903, L:/127.0.0.1:56950 - R:localhost/127.0.0.1:58375] for POST '/session/3ad9071cd849908e3839a777fdf57126/element/252ffe78-45e1-40b0-b09d-139d7f0d0531/value'
23:46:43.205 [AsyncHttpClient-1-8] DEBUG org.asynchttpclient.netty.handler.HttpHandler - 

Request DefaultHttpRequest(decodeResult: success, version: HTTP/1.1)
POST /session/3ad9071cd849908e3839a777fdf57126/element/252ffe78-45e1-40b0-b09d-139d7f0d0531/value HTTP/1.1
User-Agent: selenium/4.1.2 (java windows)
Content-Length: 151
Content-Type: application/json; charset=utf-8
host: localhost:58375
accept: */*

Response DefaultHttpResponse(decodeResult: success, version: HTTP/1.1)
HTTP/1.1 200 OK
Content-Type: application/json; charset=utf-8
cache-control: no-cache
content-length: 14

23:46:43.206 [AsyncHttpClient-1-8] DEBUG org.asynchttpclient.netty.channel.ChannelManager - Adding key: http://localhost:58375 for channel [id: 0xebc6d903, L:/127.0.0.1:56950 - R:localhost/127.0.0.1:58375]
23:46:43.212 [Forwarding screenshot on session 3ad9071cd849908e3839a777fdf57126 to remote] DEBUG org.asynchttpclient.netty.request.NettyRequestSender - Using pooled Channel '[id: 0xebc6d903, L:/127.0.0.1:56950 - R:localhost/127.0.0.1:58375]' for 'GET' to 'http://localhost:58375/session/3ad9071cd849908e3839a777fdf57126/screenshot'
23:46:43.212 [Forwarding screenshot on session 3ad9071cd849908e3839a777fdf57126 to remote] DEBUG org.asynchttpclient.netty.request.NettyRequestSender - Using open Channel [id: 0xebc6d903, L:/127.0.0.1:56950 - R:localhost/127.0.0.1:58375] for GET '/session/3ad9071cd849908e3839a777fdf57126/screenshot'
23:46:43.323 [AsyncHttpClient-1-8] DEBUG org.asynchttpclient.netty.handler.HttpHandler - 

Request DefaultFullHttpRequest(decodeResult: success, version: HTTP/1.1, content: EmptyByteBufBE)
GET /session/3ad9071cd849908e3839a777fdf57126/screenshot HTTP/1.1
User-Agent: selenium/4.1.2 (java windows)
Cache-Control: no-cache
Content-Type: application/json; charset=utf-8
host: localhost:58375
accept: */*

Response DefaultHttpResponse(decodeResult: success, version: HTTP/1.1)
HTTP/1.1 200 OK
Content-Type: application/json; charset=utf-8
cache-control: no-cache
content-length: 40696

23:46:43.323 [AsyncHttpClient-1-8] DEBUG org.asynchttpclient.netty.channel.ChannelManager - Adding key: http://localhost:58375 for channel [id: 0xebc6d903, L:/127.0.0.1:56950 - R:localhost/127.0.0.1:58375]
23:46:43.325 [main] DEBUG net.serenitybdd.core.photography.Darkroom - Send negative for processing for target\site\serenity\7c680bc8b09ec920e8878ca7f97f7fdf5b5227a23426b8066077758efa747a55.png
23:46:43.325 [main] DEBUG net.thucydides.core.steps.StepInterceptor - STEP DONE: inputPassword
  &amp#27;[32mAnd &amp#27;[0m&amp#27;[32mI input valid password for rating&amp#27;[0m             &amp#27;[90m# starter.stepdefinitions.RatingSteps.inputValidPassword()&amp#27;[0m
23:46:43.325 [Darkroom Processing Line] DEBUG net.serenitybdd.core.photography.DarkroomProcessingLine - Processing screenshot image in /var/screenshots/screenshot-16137906490308095335
23:46:43.325 [Darkroom Processing Line] DEBUG net.serenitybdd.core.photography.DarkroomProcessingLine - Saving screenshot to target\site\serenity\7c680bc8b09ec920e8878ca7f97f7fdf5b5227a23426b8066077758efa747a55.png
23:46:43.336 [main] DEBUG net.thucydides.core.steps.StepInterceptor - STARTING STEP: RatingSteps.clickLoginButton - clickLoginButton
23:46:43.338 [Forwarding findElement on session 3ad9071cd849908e3839a777fdf57126 to remote] DEBUG org.asynchttpclient.netty.request.NettyRequestSender - Using pooled Channel '[id: 0xebc6d903, L:/127.0.0.1:56950 - R:localhost/127.0.0.1:58375]' for 'POST' to 'http://localhost:58375/session/3ad9071cd849908e3839a777fdf57126/element'
23:46:43.338 [Forwarding findElement on session 3ad9071cd849908e3839a777fdf57126 to remote] DEBUG org.asynchttpclient.netty.request.NettyRequestSender - Using open Channel [id: 0xebc6d903, L:/127.0.0.1:56950 - R:localhost/127.0.0.1:58375] for POST '/session/3ad9071cd849908e3839a777fdf57126/element'
23:46:43.345 [AsyncHttpClient-1-8] DEBUG org.asynchttpclient.netty.handler.HttpHandler - 

Request DefaultHttpRequest(decodeResult: success, version: HTTP/1.1)
POST /session/3ad9071cd849908e3839a777fdf57126/element HTTP/1.1
User-Agent: selenium/4.1.2 (java windows)
Content-Length: 155
Content-Type: application/json; charset=utf-8
host: localhost:58375
accept: */*

Response DefaultHttpResponse(decodeResult: success, version: HTTP/1.1)
HTTP/1.1 200 OK
Content-Type: application/json; charset=utf-8
cache-control: no-cache
content-length: 88

23:46:43.345 [AsyncHttpClient-1-8] DEBUG org.asynchttpclient.netty.channel.ChannelManager - Adding key: http://localhost:58375 for channel [id: 0xebc6d903, L:/127.0.0.1:56950 - R:localhost/127.0.0.1:58375]
23:46:43.346 [Forwarding getElementTagName on session 3ad9071cd849908e3839a777fdf57126 to remote] DEBUG org.asynchttpclient.netty.request.NettyRequestSender - Using pooled Channel '[id: 0xebc6d903, L:/127.0.0.1:56950 - R:localhost/127.0.0.1:58375]' for 'GET' to 'http://localhost:58375/session/3ad9071cd849908e3839a777fdf57126/element/cbe80ff8-ae3c-4f95-997b-745cdb4b0a4e/name'
23:46:43.346 [Forwarding getElementTagName on session 3ad9071cd849908e3839a777fdf57126 to remote] DEBUG org.asynchttpclient.netty.request.NettyRequestSender - Using open Channel [id: 0xebc6d903, L:/127.0.0.1:56950 - R:localhost/127.0.0.1:58375] for GET '/session/3ad9071cd849908e3839a777fdf57126/element/cbe80ff8-ae3c-4f95-997b-745cdb4b0a4e/name'
23:46:43.352 [AsyncHttpClient-1-8] DEBUG org.asynchttpclient.netty.handler.HttpHandler - 

Request DefaultFullHttpRequest(decodeResult: success, version: HTTP/1.1, content: EmptyByteBufBE)
GET /session/3ad9071cd849908e3839a777fdf57126/element/cbe80ff8-ae3c-4f95-997b-745cdb4b0a4e/name HTTP/1.1
User-Agent: selenium/4.1.2 (java windows)
Cache-Control: no-cache
Content-Type: application/json; charset=utf-8
host: localhost:58375
accept: */*

Response DefaultHttpResponse(decodeResult: success, version: HTTP/1.1)
HTTP/1.1 200 OK
Content-Type: application/json; charset=utf-8
cache-control: no-cache
content-length: 18

23:46:43.352 [AsyncHttpClient-1-8] DEBUG org.asynchttpclient.netty.channel.ChannelManager - Adding key: http://localhost:58375 for channel [id: 0xebc6d903, L:/127.0.0.1:56950 - R:localhost/127.0.0.1:58375]
23:46:43.354 [Forwarding getElementTagName on session 3ad9071cd849908e3839a777fdf57126 to remote] DEBUG org.asynchttpclient.netty.request.NettyRequestSender - Using pooled Channel '[id: 0xebc6d903, L:/127.0.0.1:56950 - R:localhost/127.0.0.1:58375]' for 'GET' to 'http://localhost:58375/session/3ad9071cd849908e3839a777fdf57126/element/cbe80ff8-ae3c-4f95-997b-745cdb4b0a4e/name'
23:46:43.354 [Forwarding getElementTagName on session 3ad9071cd849908e3839a777fdf57126 to remote] DEBUG org.asynchttpclient.netty.request.NettyRequestSender - Using open Channel [id: 0xebc6d903, L:/127.0.0.1:56950 - R:localhost/127.0.0.1:58375] for GET '/session/3ad9071cd849908e3839a777fdf57126/element/cbe80ff8-ae3c-4f95-997b-745cdb4b0a4e/name'
23:46:43.358 [AsyncHttpClient-1-8] DEBUG org.asynchttpclient.netty.handler.HttpHandler - 

Request DefaultFullHttpRequest(decodeResult: success, version: HTTP/1.1, content: EmptyByteBufBE)
GET /session/3ad9071cd849908e3839a777fdf57126/element/cbe80ff8-ae3c-4f95-997b-745cdb4b0a4e/name HTTP/1.1
User-Agent: selenium/4.1.2 (java windows)
Cache-Control: no-cache
Content-Type: application/json; charset=utf-8
host: localhost:58375
accept: */*

Response DefaultHttpResponse(decodeResult: success, version: HTTP/1.1)
HTTP/1.1 200 OK
Content-Type: application/json; charset=utf-8
cache-control: no-cache
content-length: 18

23:46:43.358 [AsyncHttpClient-1-8] DEBUG org.asynchttpclient.netty.channel.ChannelManager - Adding key: http://localhost:58375 for channel [id: 0xebc6d903, L:/127.0.0.1:56950 - R:localhost/127.0.0.1:58375]
23:46:43.360 [Forwarding isElementEnabled on session 3ad9071cd849908e3839a777fdf57126 to remote] DEBUG org.asynchttpclient.netty.request.NettyRequestSender - Using pooled Channel '[id: 0xebc6d903, L:/127.0.0.1:56950 - R:localhost/127.0.0.1:58375]' for 'GET' to 'http://localhost:58375/session/3ad9071cd849908e3839a777fdf57126/element/cbe80ff8-ae3c-4f95-997b-745cdb4b0a4e/enabled'
23:46:43.360 [Forwarding isElementEnabled on session 3ad9071cd849908e3839a777fdf57126 to remote] DEBUG org.asynchttpclient.netty.request.NettyRequestSender - Using open Channel [id: 0xebc6d903, L:/127.0.0.1:56950 - R:localhost/127.0.0.1:58375] for GET '/session/3ad9071cd849908e3839a777fdf57126/element/cbe80ff8-ae3c-4f95-997b-745cdb4b0a4e/enabled'
23:46:43.367 [AsyncHttpClient-1-8] DEBUG org.asynchttpclient.netty.handler.HttpHandler - 

Request DefaultFullHttpRequest(decodeResult: success, version: HTTP/1.1, content: EmptyByteBufBE)
GET /session/3ad9071cd849908e3839a777fdf57126/element/cbe80ff8-ae3c-4f95-997b-745cdb4b0a4e/enabled HTTP/1.1
User-Agent: selenium/4.1.2 (java windows)
Cache-Control: no-cache
Content-Type: application/json; charset=utf-8
host: localhost:58375
accept: */*

Response DefaultHttpResponse(decodeResult: success, version: HTTP/1.1)
HTTP/1.1 200 OK
Content-Type: application/json; charset=utf-8
cache-control: no-cache
content-length: 14

23:46:43.367 [AsyncHttpClient-1-8] DEBUG org.asynchttpclient.netty.channel.ChannelManager - Adding key: http://localhost:58375 for channel [id: 0xebc6d903, L:/127.0.0.1:56950 - R:localhost/127.0.0.1:58375]
23:46:43.370 [Forwarding isElementEnabled on session 3ad9071cd849908e3839a777fdf57126 to remote] DEBUG org.asynchttpclient.netty.request.NettyRequestSender - Using pooled Channel '[id: 0xebc6d903, L:/127.0.0.1:56950 - R:localhost/127.0.0.1:58375]' for 'GET' to 'http://localhost:58375/session/3ad9071cd849908e3839a777fdf57126/element/cbe80ff8-ae3c-4f95-997b-745cdb4b0a4e/enabled'
23:46:43.370 [Forwarding isElementEnabled on session 3ad9071cd849908e3839a777fdf57126 to remote] DEBUG org.asynchttpclient.netty.request.NettyRequestSender - Using open Channel [id: 0xebc6d903, L:/127.0.0.1:56950 - R:localhost/127.0.0.1:58375] for GET '/session/3ad9071cd849908e3839a777fdf57126/element/cbe80ff8-ae3c-4f95-997b-745cdb4b0a4e/enabled'
23:46:43.374 [AsyncHttpClient-1-8] DEBUG org.asynchttpclient.netty.handler.HttpHandler - 

Request DefaultFullHttpRequest(decodeResult: success, version: HTTP/1.1, content: EmptyByteBufBE)
GET /session/3ad9071cd849908e3839a777fdf57126/element/cbe80ff8-ae3c-4f95-997b-745cdb4b0a4e/enabled HTTP/1.1
User-Agent: selenium/4.1.2 (java windows)
Cache-Control: no-cache
Content-Type: application/json; charset=utf-8
host: localhost:58375
accept: */*

Response DefaultHttpResponse(decodeResult: success, version: HTTP/1.1)
HTTP/1.1 200 OK
Content-Type: application/json; charset=utf-8
cache-control: no-cache
content-length: 14

23:46:43.374 [AsyncHttpClient-1-8] DEBUG org.asynchttpclient.netty.channel.ChannelManager - Adding key: http://localhost:58375 for channel [id: 0xebc6d903, L:/127.0.0.1:56950 - R:localhost/127.0.0.1:58375]
23:46:43.378 [Forwarding findElement on session 3ad9071cd849908e3839a777fdf57126 to remote] DEBUG org.asynchttpclient.netty.request.NettyRequestSender - Using pooled Channel '[id: 0xebc6d903, L:/127.0.0.1:56950 - R:localhost/127.0.0.1:58375]' for 'POST' to 'http://localhost:58375/session/3ad9071cd849908e3839a777fdf57126/element'
23:46:43.378 [Forwarding findElement on session 3ad9071cd849908e3839a777fdf57126 to remote] DEBUG org.asynchttpclient.netty.request.NettyRequestSender - Using open Channel [id: 0xebc6d903, L:/127.0.0.1:56950 - R:localhost/127.0.0.1:58375] for POST '/session/3ad9071cd849908e3839a777fdf57126/element'
23:46:43.385 [AsyncHttpClient-1-8] DEBUG org.asynchttpclient.netty.handler.HttpHandler - 

Request DefaultHttpRequest(decodeResult: success, version: HTTP/1.1)
POST /session/3ad9071cd849908e3839a777fdf57126/element HTTP/1.1
User-Agent: selenium/4.1.2 (java windows)
Content-Length: 155
Content-Type: application/json; charset=utf-8
host: localhost:58375
accept: */*

Response DefaultHttpResponse(decodeResult: success, version: HTTP/1.1)
HTTP/1.1 200 OK
Content-Type: application/json; charset=utf-8
cache-control: no-cache
content-length: 88

23:46:43.386 [AsyncHttpClient-1-8] DEBUG org.asynchttpclient.netty.channel.ChannelManager - Adding key: http://localhost:58375 for channel [id: 0xebc6d903, L:/127.0.0.1:56950 - R:localhost/127.0.0.1:58375]
23:46:43.386 [Forwarding clickElement on session 3ad9071cd849908e3839a777fdf57126 to remote] DEBUG org.asynchttpclient.netty.request.NettyRequestSender - Using pooled Channel '[id: 0xebc6d903, L:/127.0.0.1:56950 - R:localhost/127.0.0.1:58375]' for 'POST' to 'http://localhost:58375/session/3ad9071cd849908e3839a777fdf57126/element/cbe80ff8-ae3c-4f95-997b-745cdb4b0a4e/click'
23:46:43.386 [Forwarding clickElement on session 3ad9071cd849908e3839a777fdf57126 to remote] DEBUG org.asynchttpclient.netty.request.NettyRequestSender - Using open Channel [id: 0xebc6d903, L:/127.0.0.1:56950 - R:localhost/127.0.0.1:58375] for POST '/session/3ad9071cd849908e3839a777fdf57126/element/cbe80ff8-ae3c-4f95-997b-745cdb4b0a4e/click'
23:46:43.420 [AsyncHttpClient-1-8] DEBUG org.asynchttpclient.netty.handler.HttpHandler - 

Request DefaultHttpRequest(decodeResult: success, version: HTTP/1.1)
POST /session/3ad9071cd849908e3839a777fdf57126/element/cbe80ff8-ae3c-4f95-997b-745cdb4b0a4e/click HTTP/1.1
User-Agent: selenium/4.1.2 (java windows)
Content-Length: 50
Content-Type: application/json; charset=utf-8
host: localhost:58375
accept: */*

Response DefaultHttpResponse(decodeResult: success, version: HTTP/1.1)
HTTP/1.1 200 OK
Content-Type: application/json; charset=utf-8
cache-control: no-cache
content-length: 14

23:46:43.421 [AsyncHttpClient-1-8] DEBUG org.asynchttpclient.netty.channel.ChannelManager - Adding key: http://localhost:58375 for channel [id: 0xebc6d903, L:/127.0.0.1:56950 - R:localhost/127.0.0.1:58375]
23:46:43.424 [Forwarding screenshot on session 3ad9071cd849908e3839a777fdf57126 to remote] DEBUG org.asynchttpclient.netty.request.NettyRequestSender - Using pooled Channel '[id: 0xebc6d903, L:/127.0.0.1:56950 - R:localhost/127.0.0.1:58375]' for 'GET' to 'http://localhost:58375/session/3ad9071cd849908e3839a777fdf57126/screenshot'
23:46:43.424 [Forwarding screenshot on session 3ad9071cd849908e3839a777fdf57126 to remote] DEBUG org.asynchttpclient.netty.request.NettyRequestSender - Using open Channel [id: 0xebc6d903, L:/127.0.0.1:56950 - R:localhost/127.0.0.1:58375] for GET '/session/3ad9071cd849908e3839a777fdf57126/screenshot'
23:46:43.550 [AsyncHttpClient-1-8] DEBUG org.asynchttpclient.netty.handler.HttpHandler - 

Request DefaultFullHttpRequest(decodeResult: success, version: HTTP/1.1, content: EmptyByteBufBE)
GET /session/3ad9071cd849908e3839a777fdf57126/screenshot HTTP/1.1
User-Agent: selenium/4.1.2 (java windows)
Cache-Control: no-cache
Content-Type: application/json; charset=utf-8
host: localhost:58375
accept: */*

Response DefaultHttpResponse(decodeResult: success, version: HTTP/1.1)
HTTP/1.1 200 OK
Content-Type: application/json; charset=utf-8
cache-control: no-cache
content-length: 40128

23:46:43.550 [AsyncHttpClient-1-8] DEBUG org.asynchttpclient.netty.channel.ChannelManager - Adding key: http://localhost:58375 for channel [id: 0xebc6d903, L:/127.0.0.1:56950 - R:localhost/127.0.0.1:58375]
23:46:43.552 [main] DEBUG net.serenitybdd.core.photography.Darkroom - Send negative for processing for target\site\serenity\3c340120b9dbf74ae26eb6e44f9a929a9e3b27b241b90de11126ac79b55bfe91.png
23:46:43.552 [main] DEBUG net.thucydides.core.steps.StepInterceptor - STEP DONE: clickLoginButton
  &amp#27;[32mAnd &amp#27;[0m&amp#27;[32mI click on login button for rating&amp#27;[0m            &amp#27;[90m# starter.stepdefinitions.RatingSteps.clickLoginButton()&amp#27;[0m
23:46:43.553 [Darkroom Processing Line] DEBUG net.serenitybdd.core.photography.DarkroomProcessingLine - Processing screenshot image in /var/screenshots/screenshot-1044170962565354075
23:46:43.553 [Darkroom Processing Line] DEBUG net.serenitybdd.core.photography.DarkroomProcessingLine - Saving screenshot to target\site\serenity\3c340120b9dbf74ae26eb6e44f9a929a9e3b27b241b90de11126ac79b55bfe91.png
23:46:43.567 [main] DEBUG net.thucydides.core.steps.StepInterceptor - STARTING STEP: RatingSteps.onTheHomePage - validateOnHomePage
23:46:43.570 [Forwarding findElement on session 3ad9071cd849908e3839a777fdf57126 to remote] DEBUG org.asynchttpclient.netty.request.NettyRequestSender - Using pooled Channel '[id: 0xebc6d903, L:/127.0.0.1:56950 - R:localhost/127.0.0.1:58375]' for 'POST' to 'http://localhost:58375/session/3ad9071cd849908e3839a777fdf57126/element'
23:46:43.570 [Forwarding findElement on session 3ad9071cd849908e3839a777fdf57126 to remote] DEBUG org.asynchttpclient.netty.request.NettyRequestSender - Using open Channel [id: 0xebc6d903, L:/127.0.0.1:56950 - R:localhost/127.0.0.1:58375] for POST '/session/3ad9071cd849908e3839a777fdf57126/element'
23:46:44.071 [AsyncHttpClient-1-1] DEBUG org.asynchttpclient.netty.channel.DefaultChannelPool - Entry count for : http://localhost:56951 : 1
23:46:45.165 [AsyncHttpClient-1-1] DEBUG org.asynchttpclient.netty.channel.DefaultChannelPool - Entry count for : http://localhost:56951 : 1
23:46:45.573 [AsyncHttpClient-1-8] DEBUG org.asynchttpclient.netty.handler.HttpHandler - 

Request DefaultHttpRequest(decodeResult: success, version: HTTP/1.1)
POST /session/3ad9071cd849908e3839a777fdf57126/element HTTP/1.1
User-Agent: selenium/4.1.2 (java windows)
Content-Length: 140
Content-Type: application/json; charset=utf-8
host: localhost:58375
accept: */*

Response DefaultHttpResponse(decodeResult: success, version: HTTP/1.1)
HTTP/1.1 200 OK
Content-Type: application/json; charset=utf-8
cache-control: no-cache
content-length: 88

23:46:45.573 [AsyncHttpClient-1-8] DEBUG org.asynchttpclient.netty.channel.ChannelManager - Adding key: http://localhost:58375 for channel [id: 0xebc6d903, L:/127.0.0.1:56950 - R:localhost/127.0.0.1:58375]
23:46:45.577 [Forwarding isElementDisplayed on session 3ad9071cd849908e3839a777fdf57126 to remote] DEBUG org.asynchttpclient.netty.request.NettyRequestSender - Using pooled Channel '[id: 0xebc6d903, L:/127.0.0.1:56950 - R:localhost/127.0.0.1:58375]' for 'POST' to 'http://localhost:58375/session/3ad9071cd849908e3839a777fdf57126/execute/sync'
23:46:45.577 [Forwarding isElementDisplayed on session 3ad9071cd849908e3839a777fdf57126 to remote] DEBUG org.asynchttpclient.netty.request.NettyRequestSender - Using open Channel [id: 0xebc6d903, L:/127.0.0.1:56950 - R:localhost/127.0.0.1:58375] for POST '/session/3ad9071cd849908e3839a777fdf57126/execute/sync'
23:46:45.589 [AsyncHttpClient-1-8] DEBUG org.asynchttpclient.netty.handler.HttpHandler - 

Request DefaultHttpRequest(decodeResult: success, version: HTTP/1.1)
POST /session/3ad9071cd849908e3839a777fdf57126/execute/sync HTTP/1.1
User-Agent: selenium/4.1.2 (java windows)
Content-Length: 48780
Content-Type: application/json; charset=utf-8
host: localhost:58375
accept: */*

Response DefaultHttpResponse(decodeResult: success, version: HTTP/1.1)
HTTP/1.1 200 OK
Content-Type: application/json; charset=utf-8
cache-control: no-cache
content-length: 14

23:46:45.589 [AsyncHttpClient-1-8] DEBUG org.asynchttpclient.netty.channel.ChannelManager - Adding key: http://localhost:58375 for channel [id: 0xebc6d903, L:/127.0.0.1:56950 - R:localhost/127.0.0.1:58375]
23:46:45.594 [Forwarding screenshot on session 3ad9071cd849908e3839a777fdf57126 to remote] DEBUG org.asynchttpclient.netty.request.NettyRequestSender - Using pooled Channel '[id: 0xebc6d903, L:/127.0.0.1:56950 - R:localhost/127.0.0.1:58375]' for 'GET' to 'http://localhost:58375/session/3ad9071cd849908e3839a777fdf57126/screenshot'
23:46:45.594 [Forwarding screenshot on session 3ad9071cd849908e3839a777fdf57126 to remote] DEBUG org.asynchttpclient.netty.request.NettyRequestSender - Using open Channel [id: 0xebc6d903, L:/127.0.0.1:56950 - R:localhost/127.0.0.1:58375] for GET '/session/3ad9071cd849908e3839a777fdf57126/screenshot'
23:46:45.704 [AsyncHttpClient-1-8] DEBUG org.asynchttpclient.netty.handler.HttpHandler - 

Request DefaultFullHttpRequest(decodeResult: success, version: HTTP/1.1, content: EmptyByteBufBE)
GET /session/3ad9071cd849908e3839a777fdf57126/screenshot HTTP/1.1
User-Agent: selenium/4.1.2 (java windows)
Cache-Control: no-cache
Content-Type: application/json; charset=utf-8
host: localhost:58375
accept: */*

Response DefaultHttpResponse(decodeResult: success, version: HTTP/1.1)
HTTP/1.1 200 OK
Content-Type: application/json; charset=utf-8
cache-control: no-cache
content-length: 84928

23:46:45.704 [AsyncHttpClient-1-8] DEBUG org.asynchttpclient.netty.channel.ChannelManager - Adding key: http://localhost:58375 for channel [id: 0xebc6d903, L:/127.0.0.1:56950 - R:localhost/127.0.0.1:58375]
23:46:45.705 [main] DEBUG net.serenitybdd.core.photography.Darkroom - Send negative for processing for target\site\serenity\7c16a86b21e89cafed22abd81a069266226d64a8a7e23bcbc4a2da729a647f33.png
23:46:45.706 [main] DEBUG net.thucydides.core.steps.StepInterceptor - STEP DONE: validateOnHomePage
  &amp#27;[32mAnd &amp#27;[0m&amp#27;[32mI am on the home page for rating&amp#27;[0m              &amp#27;[90m# starter.stepdefinitions.RatingSteps.onTheHomePage()&amp#27;[0m
23:46:45.716 [main] DEBUG net.thucydides.core.steps.StepInterceptor - STARTING STEP: RatingSteps.clickDetailButton - clickDetailButton
23:46:45.718 [Forwarding findElement on session 3ad9071cd849908e3839a777fdf57126 to remote] DEBUG org.asynchttpclient.netty.request.NettyRequestSender - Using pooled Channel '[id: 0xebc6d903, L:/127.0.0.1:56950 - R:localhost/127.0.0.1:58375]' for 'POST' to 'http://localhost:58375/session/3ad9071cd849908e3839a777fdf57126/element'
23:46:45.718 [Forwarding findElement on session 3ad9071cd849908e3839a777fdf57126 to remote] DEBUG org.asynchttpclient.netty.request.NettyRequestSender - Using open Channel [id: 0xebc6d903, L:/127.0.0.1:56950 - R:localhost/127.0.0.1:58375] for POST '/session/3ad9071cd849908e3839a777fdf57126/element'
23:46:45.732 [AsyncHttpClient-1-8] DEBUG org.asynchttpclient.netty.handler.HttpHandler - 

Request DefaultHttpRequest(decodeResult: success, version: HTTP/1.1)
POST /session/3ad9071cd849908e3839a777fdf57126/element HTTP/1.1
User-Agent: selenium/4.1.2 (java windows)
Content-Length: 112
Content-Type: application/json; charset=utf-8
host: localhost:58375
accept: */*

Response DefaultHttpResponse(decodeResult: success, version: HTTP/1.1)
HTTP/1.1 200 OK
Content-Type: application/json; charset=utf-8
cache-control: no-cache
content-length: 88

23:46:45.733 [AsyncHttpClient-1-8] DEBUG org.asynchttpclient.netty.channel.ChannelManager - Adding key: http://localhost:58375 for channel [id: 0xebc6d903, L:/127.0.0.1:56950 - R:localhost/127.0.0.1:58375]
23:46:45.734 [Forwarding getElementTagName on session 3ad9071cd849908e3839a777fdf57126 to remote] DEBUG org.asynchttpclient.netty.request.NettyRequestSender - Using pooled Channel '[id: 0xebc6d903, L:/127.0.0.1:56950 - R:localhost/127.0.0.1:58375]' for 'GET' to 'http://localhost:58375/session/3ad9071cd849908e3839a777fdf57126/element/7aeddff1-7efa-4e4b-9e60-45abb49ab85d/name'
23:46:45.734 [Forwarding getElementTagName on session 3ad9071cd849908e3839a777fdf57126 to remote] DEBUG org.asynchttpclient.netty.request.NettyRequestSender - Using open Channel [id: 0xebc6d903, L:/127.0.0.1:56950 - R:localhost/127.0.0.1:58375] for GET '/session/3ad9071cd849908e3839a777fdf57126/element/7aeddff1-7efa-4e4b-9e60-45abb49ab85d/name'
23:46:45.741 [AsyncHttpClient-1-8] DEBUG org.asynchttpclient.netty.handler.HttpHandler - 

Request DefaultFullHttpRequest(decodeResult: success, version: HTTP/1.1, content: EmptyByteBufBE)
GET /session/3ad9071cd849908e3839a777fdf57126/element/7aeddff1-7efa-4e4b-9e60-45abb49ab85d/name HTTP/1.1
User-Agent: selenium/4.1.2 (java windows)
Cache-Control: no-cache
Content-Type: application/json; charset=utf-8
host: localhost:58375
accept: */*

Response DefaultHttpResponse(decodeResult: success, version: HTTP/1.1)
HTTP/1.1 200 OK
Content-Type: application/json; charset=utf-8
cache-control: no-cache
content-length: 18

23:46:45.741 [AsyncHttpClient-1-8] DEBUG org.asynchttpclient.netty.channel.ChannelManager - Adding key: http://localhost:58375 for channel [id: 0xebc6d903, L:/127.0.0.1:56950 - R:localhost/127.0.0.1:58375]
23:46:45.742 [Forwarding getElementTagName on session 3ad9071cd849908e3839a777fdf57126 to remote] DEBUG org.asynchttpclient.netty.request.NettyRequestSender - Using pooled Channel '[id: 0xebc6d903, L:/127.0.0.1:56950 - R:localhost/127.0.0.1:58375]' for 'GET' to 'http://localhost:58375/session/3ad9071cd849908e3839a777fdf57126/element/7aeddff1-7efa-4e4b-9e60-45abb49ab85d/name'
23:46:45.742 [Forwarding getElementTagName on session 3ad9071cd849908e3839a777fdf57126 to remote] DEBUG org.asynchttpclient.netty.request.NettyRequestSender - Using open Channel [id: 0xebc6d903, L:/127.0.0.1:56950 - R:localhost/127.0.0.1:58375] for GET '/session/3ad9071cd849908e3839a777fdf57126/element/7aeddff1-7efa-4e4b-9e60-45abb49ab85d/name'
23:46:45.748 [AsyncHttpClient-1-8] DEBUG org.asynchttpclient.netty.handler.HttpHandler - 

Request DefaultFullHttpRequest(decodeResult: success, version: HTTP/1.1, content: EmptyByteBufBE)
GET /session/3ad9071cd849908e3839a777fdf57126/element/7aeddff1-7efa-4e4b-9e60-45abb49ab85d/name HTTP/1.1
User-Agent: selenium/4.1.2 (java windows)
Cache-Control: no-cache
Content-Type: application/json; charset=utf-8
host: localhost:58375
accept: */*

Response DefaultHttpResponse(decodeResult: success, version: HTTP/1.1)
HTTP/1.1 200 OK
Content-Type: application/json; charset=utf-8
cache-control: no-cache
content-length: 18

23:46:45.748 [AsyncHttpClient-1-8] DEBUG org.asynchttpclient.netty.channel.ChannelManager - Adding key: http://localhost:58375 for channel [id: 0xebc6d903, L:/127.0.0.1:56950 - R:localhost/127.0.0.1:58375]
23:46:45.751 [Forwarding isElementEnabled on session 3ad9071cd849908e3839a777fdf57126 to remote] DEBUG org.asynchttpclient.netty.request.NettyRequestSender - Using pooled Channel '[id: 0xebc6d903, L:/127.0.0.1:56950 - R:localhost/127.0.0.1:58375]' for 'GET' to 'http://localhost:58375/session/3ad9071cd849908e3839a777fdf57126/element/7aeddff1-7efa-4e4b-9e60-45abb49ab85d/enabled'
23:46:45.751 [Forwarding isElementEnabled on session 3ad9071cd849908e3839a777fdf57126 to remote] DEBUG org.asynchttpclient.netty.request.NettyRequestSender - Using open Channel [id: 0xebc6d903, L:/127.0.0.1:56950 - R:localhost/127.0.0.1:58375] for GET '/session/3ad9071cd849908e3839a777fdf57126/element/7aeddff1-7efa-4e4b-9e60-45abb49ab85d/enabled'
23:46:45.762 [AsyncHttpClient-1-8] DEBUG org.asynchttpclient.netty.handler.HttpHandler - 

Request DefaultFullHttpRequest(decodeResult: success, version: HTTP/1.1, content: EmptyByteBufBE)
GET /session/3ad9071cd849908e3839a777fdf57126/element/7aeddff1-7efa-4e4b-9e60-45abb49ab85d/enabled HTTP/1.1
User-Agent: selenium/4.1.2 (java windows)
Cache-Control: no-cache
Content-Type: application/json; charset=utf-8
host: localhost:58375
accept: */*

Response DefaultHttpResponse(decodeResult: success, version: HTTP/1.1)
HTTP/1.1 200 OK
Content-Type: application/json; charset=utf-8
cache-control: no-cache
content-length: 14

23:46:45.762 [AsyncHttpClient-1-8] DEBUG org.asynchttpclient.netty.channel.ChannelManager - Adding key: http://localhost:58375 for channel [id: 0xebc6d903, L:/127.0.0.1:56950 - R:localhost/127.0.0.1:58375]
23:46:45.765 [Forwarding isElementEnabled on session 3ad9071cd849908e3839a777fdf57126 to remote] DEBUG org.asynchttpclient.netty.request.NettyRequestSender - Using pooled Channel '[id: 0xebc6d903, L:/127.0.0.1:56950 - R:localhost/127.0.0.1:58375]' for 'GET' to 'http://localhost:58375/session/3ad9071cd849908e3839a777fdf57126/element/7aeddff1-7efa-4e4b-9e60-45abb49ab85d/enabled'
23:46:45.765 [Forwarding isElementEnabled on session 3ad9071cd849908e3839a777fdf57126 to remote] DEBUG org.asynchttpclient.netty.request.NettyRequestSender - Using open Channel [id: 0xebc6d903, L:/127.0.0.1:56950 - R:localhost/127.0.0.1:58375] for GET '/session/3ad9071cd849908e3839a777fdf57126/element/7aeddff1-7efa-4e4b-9e60-45abb49ab85d/enabled'
23:46:45.768 [AsyncHttpClient-1-8] DEBUG org.asynchttpclient.netty.handler.HttpHandler - 

Request DefaultFullHttpRequest(decodeResult: success, version: HTTP/1.1, content: EmptyByteBufBE)
GET /session/3ad9071cd849908e3839a777fdf57126/element/7aeddff1-7efa-4e4b-9e60-45abb49ab85d/enabled HTTP/1.1
User-Agent: selenium/4.1.2 (java windows)
Cache-Control: no-cache
Content-Type: application/json; charset=utf-8
host: localhost:58375
accept: */*

Response DefaultHttpResponse(decodeResult: success, version: HTTP/1.1)
HTTP/1.1 200 OK
Content-Type: application/json; charset=utf-8
cache-control: no-cache
content-length: 14

23:46:45.768 [AsyncHttpClient-1-8] DEBUG org.asynchttpclient.netty.channel.ChannelManager - Adding key: http://localhost:58375 for channel [id: 0xebc6d903, L:/127.0.0.1:56950 - R:localhost/127.0.0.1:58375]
23:46:45.769 [Forwarding findElement on session 3ad9071cd849908e3839a777fdf57126 to remote] DEBUG org.asynchttpclient.netty.request.NettyRequestSender - Using pooled Channel '[id: 0xebc6d903, L:/127.0.0.1:56950 - R:localhost/127.0.0.1:58375]' for 'POST' to 'http://localhost:58375/session/3ad9071cd849908e3839a777fdf57126/element'
23:46:45.769 [Forwarding findElement on session 3ad9071cd849908e3839a777fdf57126 to remote] DEBUG org.asynchttpclient.netty.request.NettyRequestSender - Using open Channel [id: 0xebc6d903, L:/127.0.0.1:56950 - R:localhost/127.0.0.1:58375] for POST '/session/3ad9071cd849908e3839a777fdf57126/element'
23:46:45.777 [AsyncHttpClient-1-8] DEBUG org.asynchttpclient.netty.handler.HttpHandler - 

Request DefaultHttpRequest(decodeResult: success, version: HTTP/1.1)
POST /session/3ad9071cd849908e3839a777fdf57126/element HTTP/1.1
User-Agent: selenium/4.1.2 (java windows)
Content-Length: 112
Content-Type: application/json; charset=utf-8
host: localhost:58375
accept: */*

Response DefaultHttpResponse(decodeResult: success, version: HTTP/1.1)
HTTP/1.1 200 OK
Content-Type: application/json; charset=utf-8
cache-control: no-cache
content-length: 88

23:46:45.777 [AsyncHttpClient-1-8] DEBUG org.asynchttpclient.netty.channel.ChannelManager - Adding key: http://localhost:58375 for channel [id: 0xebc6d903, L:/127.0.0.1:56950 - R:localhost/127.0.0.1:58375]
23:46:45.778 [Forwarding clickElement on session 3ad9071cd849908e3839a777fdf57126 to remote] DEBUG org.asynchttpclient.netty.request.NettyRequestSender - Using pooled Channel '[id: 0xebc6d903, L:/127.0.0.1:56950 - R:localhost/127.0.0.1:58375]' for 'POST' to 'http://localhost:58375/session/3ad9071cd849908e3839a777fdf57126/element/7aeddff1-7efa-4e4b-9e60-45abb49ab85d/click'
23:46:45.778 [Forwarding clickElement on session 3ad9071cd849908e3839a777fdf57126 to remote] DEBUG org.asynchttpclient.netty.request.NettyRequestSender - Using open Channel [id: 0xebc6d903, L:/127.0.0.1:56950 - R:localhost/127.0.0.1:58375] for POST '/session/3ad9071cd849908e3839a777fdf57126/element/7aeddff1-7efa-4e4b-9e60-45abb49ab85d/click'
23:46:45.825 [AsyncHttpClient-1-8] DEBUG org.asynchttpclient.netty.handler.HttpHandler - 

Request DefaultHttpRequest(decodeResult: success, version: HTTP/1.1)
POST /session/3ad9071cd849908e3839a777fdf57126/element/7aeddff1-7efa-4e4b-9e60-45abb49ab85d/click HTTP/1.1
User-Agent: selenium/4.1.2 (java windows)
Content-Length: 50
Content-Type: application/json; charset=utf-8
host: localhost:58375
accept: */*

Response DefaultHttpResponse(decodeResult: success, version: HTTP/1.1)
HTTP/1.1 200 OK
Content-Type: application/json; charset=utf-8
cache-control: no-cache
content-length: 14

23:46:45.825 [AsyncHttpClient-1-8] DEBUG org.asynchttpclient.netty.channel.ChannelManager - Adding key: http://localhost:58375 for channel [id: 0xebc6d903, L:/127.0.0.1:56950 - R:localhost/127.0.0.1:58375]
23:46:45.830 [Forwarding screenshot on session 3ad9071cd849908e3839a777fdf57126 to remote] DEBUG org.asynchttpclient.netty.request.NettyRequestSender - Using pooled Channel '[id: 0xebc6d903, L:/127.0.0.1:56950 - R:localhost/127.0.0.1:58375]' for 'GET' to 'http://localhost:58375/session/3ad9071cd849908e3839a777fdf57126/screenshot'
23:46:45.830 [Forwarding screenshot on session 3ad9071cd849908e3839a777fdf57126 to remote] DEBUG org.asynchttpclient.netty.request.NettyRequestSender - Using open Channel [id: 0xebc6d903, L:/127.0.0.1:56950 - R:localhost/127.0.0.1:58375] for GET '/session/3ad9071cd849908e3839a777fdf57126/screenshot'
23:46:46.032 [AsyncHttpClient-1-8] DEBUG org.asynchttpclient.netty.handler.HttpHandler - 

Request DefaultFullHttpRequest(decodeResult: success, version: HTTP/1.1, content: EmptyByteBufBE)
GET /session/3ad9071cd849908e3839a777fdf57126/screenshot HTTP/1.1
User-Agent: selenium/4.1.2 (java windows)
Cache-Control: no-cache
Content-Type: application/json; charset=utf-8
host: localhost:58375
accept: */*

Response DefaultHttpResponse(decodeResult: success, version: HTTP/1.1)
HTTP/1.1 200 OK
Content-Type: application/json; charset=utf-8
cache-control: no-cache
content-length: 17888

23:46:46.032 [AsyncHttpClient-1-8] DEBUG org.asynchttpclient.netty.channel.ChannelManager - Adding key: http://localhost:58375 for channel [id: 0xebc6d903, L:/127.0.0.1:56950 - R:localhost/127.0.0.1:58375]
23:46:46.033 [main] DEBUG net.serenitybdd.core.photography.Darkroom - Send negative for processing for target\site\serenity\3b8afa6385ee68362222cd7d3f26222d831fa27fe36a30e75ab9c5fb12af7516.png
23:46:46.033 [main] DEBUG net.thucydides.core.steps.StepInterceptor - STEP DONE: clickDetailButton
  &amp#27;[32mAnd &amp#27;[0m&amp#27;[32mI click Detail button on a product for rating&amp#27;[0m &amp#27;[90m# starter.stepdefinitions.RatingSteps.clickDetailButton()&amp#27;[0m
23:46:46.033 [Darkroom Processing Line] DEBUG net.serenitybdd.core.photography.DarkroomProcessingLine - Processing screenshot image in /var/screenshots/screenshot-8480972399001031737
23:46:46.033 [Darkroom Processing Line] DEBUG net.serenitybdd.core.photography.DarkroomProcessingLine - Saving screenshot to target\site\serenity\3b8afa6385ee68362222cd7d3f26222d831fa27fe36a30e75ab9c5fb12af7516.png
23:46:46.041 [main] DEBUG net.thucydides.core.steps.StepInterceptor - STARTING STEP: RatingSteps.clickStarIcon - click2StarRating
23:46:46.043 [Forwarding findElement on session 3ad9071cd849908e3839a777fdf57126 to remote] DEBUG org.asynchttpclient.netty.request.NettyRequestSender - Using pooled Channel '[id: 0xebc6d903, L:/127.0.0.1:56950 - R:localhost/127.0.0.1:58375]' for 'POST' to 'http://localhost:58375/session/3ad9071cd849908e3839a777fdf57126/element'
23:46:46.043 [Forwarding findElement on session 3ad9071cd849908e3839a777fdf57126 to remote] DEBUG org.asynchttpclient.netty.request.NettyRequestSender - Using open Channel [id: 0xebc6d903, L:/127.0.0.1:56950 - R:localhost/127.0.0.1:58375] for POST '/session/3ad9071cd849908e3839a777fdf57126/element'
23:46:46.052 [AsyncHttpClient-1-8] DEBUG org.asynchttpclient.netty.handler.HttpHandler - 

Request DefaultHttpRequest(decodeResult: success, version: HTTP/1.1)
POST /session/3ad9071cd849908e3839a777fdf57126/element HTTP/1.1
User-Agent: selenium/4.1.2 (java windows)
Content-Length: 160
Content-Type: application/json; charset=utf-8
host: localhost:58375
accept: */*

Response DefaultHttpResponse(decodeResult: success, version: HTTP/1.1)
HTTP/1.1 200 OK
Content-Type: application/json; charset=utf-8
cache-control: no-cache
content-length: 88

23:46:46.052 [AsyncHttpClient-1-8] DEBUG org.asynchttpclient.netty.channel.ChannelManager - Adding key: http://localhost:58375 for channel [id: 0xebc6d903, L:/127.0.0.1:56950 - R:localhost/127.0.0.1:58375]
23:46:46.054 [Forwarding getElementTagName on session 3ad9071cd849908e3839a777fdf57126 to remote] DEBUG org.asynchttpclient.netty.request.NettyRequestSender - Using pooled Channel '[id: 0xebc6d903, L:/127.0.0.1:56950 - R:localhost/127.0.0.1:58375]' for 'GET' to 'http://localhost:58375/session/3ad9071cd849908e3839a777fdf57126/element/bdda5481-10c0-47f5-970c-546889461ac3/name'
23:46:46.054 [Forwarding getElementTagName on session 3ad9071cd849908e3839a777fdf57126 to remote] DEBUG org.asynchttpclient.netty.request.NettyRequestSender - Using open Channel [id: 0xebc6d903, L:/127.0.0.1:56950 - R:localhost/127.0.0.1:58375] for GET '/session/3ad9071cd849908e3839a777fdf57126/element/bdda5481-10c0-47f5-970c-546889461ac3/name'
23:46:46.057 [AsyncHttpClient-1-8] DEBUG org.asynchttpclient.netty.handler.HttpHandler - 

Request DefaultFullHttpRequest(decodeResult: success, version: HTTP/1.1, content: EmptyByteBufBE)
GET /session/3ad9071cd849908e3839a777fdf57126/element/bdda5481-10c0-47f5-970c-546889461ac3/name HTTP/1.1
User-Agent: selenium/4.1.2 (java windows)
Cache-Control: no-cache
Content-Type: application/json; charset=utf-8
host: localhost:58375
accept: */*

Response DefaultHttpResponse(decodeResult: success, version: HTTP/1.1)
HTTP/1.1 200 OK
Content-Type: application/json; charset=utf-8
cache-control: no-cache
content-length: 18

23:46:46.058 [AsyncHttpClient-1-8] DEBUG org.asynchttpclient.netty.channel.ChannelManager - Adding key: http://localhost:58375 for channel [id: 0xebc6d903, L:/127.0.0.1:56950 - R:localhost/127.0.0.1:58375]
23:46:46.058 [Forwarding getElementTagName on session 3ad9071cd849908e3839a777fdf57126 to remote] DEBUG org.asynchttpclient.netty.request.NettyRequestSender - Using pooled Channel '[id: 0xebc6d903, L:/127.0.0.1:56950 - R:localhost/127.0.0.1:58375]' for 'GET' to 'http://localhost:58375/session/3ad9071cd849908e3839a777fdf57126/element/bdda5481-10c0-47f5-970c-546889461ac3/name'
23:46:46.059 [Forwarding getElementTagName on session 3ad9071cd849908e3839a777fdf57126 to remote] DEBUG org.asynchttpclient.netty.request.NettyRequestSender - Using open Channel [id: 0xebc6d903, L:/127.0.0.1:56950 - R:localhost/127.0.0.1:58375] for GET '/session/3ad9071cd849908e3839a777fdf57126/element/bdda5481-10c0-47f5-970c-546889461ac3/name'
23:46:46.061 [AsyncHttpClient-1-8] DEBUG org.asynchttpclient.netty.handler.HttpHandler - 

Request DefaultFullHttpRequest(decodeResult: success, version: HTTP/1.1, content: EmptyByteBufBE)
GET /session/3ad9071cd849908e3839a777fdf57126/element/bdda5481-10c0-47f5-970c-546889461ac3/name HTTP/1.1
User-Agent: selenium/4.1.2 (java windows)
Cache-Control: no-cache
Content-Type: application/json; charset=utf-8
host: localhost:58375
accept: */*

Response DefaultHttpResponse(decodeResult: success, version: HTTP/1.1)
HTTP/1.1 200 OK
Content-Type: application/json; charset=utf-8
cache-control: no-cache
content-length: 18

23:46:46.061 [AsyncHttpClient-1-8] DEBUG org.asynchttpclient.netty.channel.ChannelManager - Adding key: http://localhost:58375 for channel [id: 0xebc6d903, L:/127.0.0.1:56950 - R:localhost/127.0.0.1:58375]
23:46:46.062 [Forwarding isElementEnabled on session 3ad9071cd849908e3839a777fdf57126 to remote] DEBUG org.asynchttpclient.netty.request.NettyRequestSender - Using pooled Channel '[id: 0xebc6d903, L:/127.0.0.1:56950 - R:localhost/127.0.0.1:58375]' for 'GET' to 'http://localhost:58375/session/3ad9071cd849908e3839a777fdf57126/element/bdda5481-10c0-47f5-970c-546889461ac3/enabled'
23:46:46.063 [Forwarding isElementEnabled on session 3ad9071cd849908e3839a777fdf57126 to remote] DEBUG org.asynchttpclient.netty.request.NettyRequestSender - Using open Channel [id: 0xebc6d903, L:/127.0.0.1:56950 - R:localhost/127.0.0.1:58375] for GET '/session/3ad9071cd849908e3839a777fdf57126/element/bdda5481-10c0-47f5-970c-546889461ac3/enabled'
23:46:46.067 [AsyncHttpClient-1-8] DEBUG org.asynchttpclient.netty.handler.HttpHandler - 

Request DefaultFullHttpRequest(decodeResult: success, version: HTTP/1.1, content: EmptyByteBufBE)
GET /session/3ad9071cd849908e3839a777fdf57126/element/bdda5481-10c0-47f5-970c-546889461ac3/enabled HTTP/1.1
User-Agent: selenium/4.1.2 (java windows)
Cache-Control: no-cache
Content-Type: application/json; charset=utf-8
host: localhost:58375
accept: */*

Response DefaultHttpResponse(decodeResult: success, version: HTTP/1.1)
HTTP/1.1 200 OK
Content-Type: application/json; charset=utf-8
cache-control: no-cache
content-length: 14

23:46:46.067 [AsyncHttpClient-1-8] DEBUG org.asynchttpclient.netty.channel.ChannelManager - Adding key: http://localhost:58375 for channel [id: 0xebc6d903, L:/127.0.0.1:56950 - R:localhost/127.0.0.1:58375]
23:46:46.068 [Forwarding isElementEnabled on session 3ad9071cd849908e3839a777fdf57126 to remote] DEBUG org.asynchttpclient.netty.request.NettyRequestSender - Using pooled Channel '[id: 0xebc6d903, L:/127.0.0.1:56950 - R:localhost/127.0.0.1:58375]' for 'GET' to 'http://localhost:58375/session/3ad9071cd849908e3839a777fdf57126/element/bdda5481-10c0-47f5-970c-546889461ac3/enabled'
23:46:46.068 [Forwarding isElementEnabled on session 3ad9071cd849908e3839a777fdf57126 to remote] DEBUG org.asynchttpclient.netty.request.NettyRequestSender - Using open Channel [id: 0xebc6d903, L:/127.0.0.1:56950 - R:localhost/127.0.0.1:58375] for GET '/session/3ad9071cd849908e3839a777fdf57126/element/bdda5481-10c0-47f5-970c-546889461ac3/enabled'
23:46:46.072 [AsyncHttpClient-1-8] DEBUG org.asynchttpclient.netty.handler.HttpHandler - 

Request DefaultFullHttpRequest(decodeResult: success, version: HTTP/1.1, content: EmptyByteBufBE)
GET /session/3ad9071cd849908e3839a777fdf57126/element/bdda5481-10c0-47f5-970c-546889461ac3/enabled HTTP/1.1
User-Agent: selenium/4.1.2 (java windows)
Cache-Control: no-cache
Content-Type: application/json; charset=utf-8
host: localhost:58375
accept: */*

Response DefaultHttpResponse(decodeResult: success, version: HTTP/1.1)
HTTP/1.1 200 OK
Content-Type: application/json; charset=utf-8
cache-control: no-cache
content-length: 14

23:46:46.072 [AsyncHttpClient-1-8] DEBUG org.asynchttpclient.netty.channel.ChannelManager - Adding key: http://localhost:58375 for channel [id: 0xebc6d903, L:/127.0.0.1:56950 - R:localhost/127.0.0.1:58375]
23:46:46.074 [Forwarding findElement on session 3ad9071cd849908e3839a777fdf57126 to remote] DEBUG org.asynchttpclient.netty.request.NettyRequestSender - Using pooled Channel '[id: 0xebc6d903, L:/127.0.0.1:56950 - R:localhost/127.0.0.1:58375]' for 'POST' to 'http://localhost:58375/session/3ad9071cd849908e3839a777fdf57126/element'
23:46:46.074 [Forwarding findElement on session 3ad9071cd849908e3839a777fdf57126 to remote] DEBUG org.asynchttpclient.netty.request.NettyRequestSender - Using open Channel [id: 0xebc6d903, L:/127.0.0.1:56950 - R:localhost/127.0.0.1:58375] for POST '/session/3ad9071cd849908e3839a777fdf57126/element'
23:46:46.077 [AsyncHttpClient-1-8] DEBUG org.asynchttpclient.netty.handler.HttpHandler - 

Request DefaultHttpRequest(decodeResult: success, version: HTTP/1.1)
POST /session/3ad9071cd849908e3839a777fdf57126/element HTTP/1.1
User-Agent: selenium/4.1.2 (java windows)
Content-Length: 160
Content-Type: application/json; charset=utf-8
host: localhost:58375
accept: */*

Response DefaultHttpResponse(decodeResult: success, version: HTTP/1.1)
HTTP/1.1 200 OK
Content-Type: application/json; charset=utf-8
cache-control: no-cache
content-length: 88

23:46:46.078 [AsyncHttpClient-1-8] DEBUG org.asynchttpclient.netty.channel.ChannelManager - Adding key: http://localhost:58375 for channel [id: 0xebc6d903, L:/127.0.0.1:56950 - R:localhost/127.0.0.1:58375]
23:46:46.078 [Forwarding clickElement on session 3ad9071cd849908e3839a777fdf57126 to remote] DEBUG org.asynchttpclient.netty.request.NettyRequestSender - Using pooled Channel '[id: 0xebc6d903, L:/127.0.0.1:56950 - R:localhost/127.0.0.1:58375]' for 'POST' to 'http://localhost:58375/session/3ad9071cd849908e3839a777fdf57126/element/bdda5481-10c0-47f5-970c-546889461ac3/click'
23:46:46.078 [Forwarding clickElement on session 3ad9071cd849908e3839a777fdf57126 to remote] DEBUG org.asynchttpclient.netty.request.NettyRequestSender - Using open Channel [id: 0xebc6d903, L:/127.0.0.1:56950 - R:localhost/127.0.0.1:58375] for POST '/session/3ad9071cd849908e3839a777fdf57126/element/bdda5481-10c0-47f5-970c-546889461ac3/click'
23:46:46.099 [AsyncHttpClient-1-8] DEBUG org.asynchttpclient.netty.handler.HttpHandler - 

Request DefaultHttpRequest(decodeResult: success, version: HTTP/1.1)
POST /session/3ad9071cd849908e3839a777fdf57126/element/bdda5481-10c0-47f5-970c-546889461ac3/click HTTP/1.1
User-Agent: selenium/4.1.2 (java windows)
Content-Length: 50
Content-Type: application/json; charset=utf-8
host: localhost:58375
accept: */*

Response DefaultHttpResponse(decodeResult: success, version: HTTP/1.1)
HTTP/1.1 200 OK
Content-Type: application/json; charset=utf-8
cache-control: no-cache
content-length: 14

23:46:46.099 [AsyncHttpClient-1-8] DEBUG org.asynchttpclient.netty.channel.ChannelManager - Adding key: http://localhost:58375 for channel [id: 0xebc6d903, L:/127.0.0.1:56950 - R:localhost/127.0.0.1:58375]
23:46:46.103 [Forwarding screenshot on session 3ad9071cd849908e3839a777fdf57126 to remote] DEBUG org.asynchttpclient.netty.request.NettyRequestSender - Using pooled Channel '[id: 0xebc6d903, L:/127.0.0.1:56950 - R:localhost/127.0.0.1:58375]' for 'GET' to 'http://localhost:58375/session/3ad9071cd849908e3839a777fdf57126/screenshot'
23:46:46.103 [Forwarding screenshot on session 3ad9071cd849908e3839a777fdf57126 to remote] DEBUG org.asynchttpclient.netty.request.NettyRequestSender - Using open Channel [id: 0xebc6d903, L:/127.0.0.1:56950 - R:localhost/127.0.0.1:58375] for GET '/session/3ad9071cd849908e3839a777fdf57126/screenshot'
23:46:46.177 [AsyncHttpClient-1-8] DEBUG org.asynchttpclient.netty.handler.HttpHandler - 

Request DefaultFullHttpRequest(decodeResult: success, version: HTTP/1.1, content: EmptyByteBufBE)
GET /session/3ad9071cd849908e3839a777fdf57126/screenshot HTTP/1.1
User-Agent: selenium/4.1.2 (java windows)
Cache-Control: no-cache
Content-Type: application/json; charset=utf-8
host: localhost:58375
accept: */*

Response DefaultHttpResponse(decodeResult: success, version: HTTP/1.1)
HTTP/1.1 200 OK
Content-Type: application/json; charset=utf-8
cache-control: no-cache
content-length: 17776

23:46:46.177 [AsyncHttpClient-1-8] DEBUG org.asynchttpclient.netty.channel.ChannelManager - Adding key: http://localhost:58375 for channel [id: 0xebc6d903, L:/127.0.0.1:56950 - R:localhost/127.0.0.1:58375]
23:46:46.178 [main] DEBUG net.serenitybdd.core.photography.Darkroom - Send negative for processing for target\site\serenity\6b73fbe605533cfa51ffb0c6965e1edb858b6f742712a6ec936cfdc5ab564cd8.png
23:46:46.179 [main] DEBUG net.thucydides.core.steps.StepInterceptor - STEP DONE: click2StarRating
  &amp#27;[32mAnd &amp#27;[0m&amp#27;[32mI click star icon for rating&amp#27;[0m                  &amp#27;[90m# starter.stepdefinitions.RatingSteps.clickStarIcon()&amp#27;[0m
23:46:46.179 [Darkroom Processing Line] DEBUG net.serenitybdd.core.photography.DarkroomProcessingLine - Processing screenshot image in /var/screenshots/screenshot-13112797493021025001
23:46:46.179 [Darkroom Processing Line] DEBUG net.serenitybdd.core.photography.DarkroomProcessingLine - Saving screenshot to target\site\serenity\6b73fbe605533cfa51ffb0c6965e1edb858b6f742712a6ec936cfdc5ab564cd8.png
23:46:46.188 [main] DEBUG net.thucydides.core.steps.StepInterceptor - STARTING STEP: RatingSteps.stillOnProductPage - stillOnProductPage
23:46:46.190 [Forwarding findElement on session 3ad9071cd849908e3839a777fdf57126 to remote] DEBUG org.asynchttpclient.netty.request.NettyRequestSender - Using pooled Channel '[id: 0xebc6d903, L:/127.0.0.1:56950 - R:localhost/127.0.0.1:58375]' for 'POST' to 'http://localhost:58375/session/3ad9071cd849908e3839a777fdf57126/element'
23:46:46.190 [Forwarding findElement on session 3ad9071cd849908e3839a777fdf57126 to remote] DEBUG org.asynchttpclient.netty.request.NettyRequestSender - Using open Channel [id: 0xebc6d903, L:/127.0.0.1:56950 - R:localhost/127.0.0.1:58375] for POST '/session/3ad9071cd849908e3839a777fdf57126/element'
23:46:46.256 [AsyncHttpClient-1-8] DEBUG org.asynchttpclient.netty.handler.HttpHandler - 

Request DefaultHttpRequest(decodeResult: success, version: HTTP/1.1)
POST /session/3ad9071cd849908e3839a777fdf57126/element HTTP/1.1
User-Agent: selenium/4.1.2 (java windows)
Content-Length: 113
Content-Type: application/json; charset=utf-8
host: localhost:58375
accept: */*

Response DefaultHttpResponse(decodeResult: success, version: HTTP/1.1)
HTTP/1.1 200 OK
Content-Type: application/json; charset=utf-8
cache-control: no-cache
content-length: 88

23:46:46.256 [AsyncHttpClient-1-8] DEBUG org.asynchttpclient.netty.channel.ChannelManager - Adding key: http://localhost:58375 for channel [id: 0xebc6d903, L:/127.0.0.1:56950 - R:localhost/127.0.0.1:58375]
23:46:46.261 [Forwarding isElementDisplayed on session 3ad9071cd849908e3839a777fdf57126 to remote] DEBUG org.asynchttpclient.netty.request.NettyRequestSender - Using pooled Channel '[id: 0xebc6d903, L:/127.0.0.1:56950 - R:localhost/127.0.0.1:58375]' for 'POST' to 'http://localhost:58375/session/3ad9071cd849908e3839a777fdf57126/execute/sync'
23:46:46.261 [Forwarding isElementDisplayed on session 3ad9071cd849908e3839a777fdf57126 to remote] DEBUG org.asynchttpclient.netty.request.NettyRequestSender - Using open Channel [id: 0xebc6d903, L:/127.0.0.1:56950 - R:localhost/127.0.0.1:58375] for POST '/session/3ad9071cd849908e3839a777fdf57126/execute/sync'
23:46:46.268 [AsyncHttpClient-1-1] DEBUG org.asynchttpclient.netty.channel.DefaultChannelPool - Entry count for : http://localhost:56951 : 1
23:46:46.269 [AsyncHttpClient-1-8] DEBUG org.asynchttpclient.netty.handler.HttpHandler - 

Request DefaultHttpRequest(decodeResult: success, version: HTTP/1.1)
POST /session/3ad9071cd849908e3839a777fdf57126/execute/sync HTTP/1.1
User-Agent: selenium/4.1.2 (java windows)
Content-Length: 48780
Content-Type: application/json; charset=utf-8
host: localhost:58375
accept: */*

Response DefaultHttpResponse(decodeResult: success, version: HTTP/1.1)
HTTP/1.1 200 OK
Content-Type: application/json; charset=utf-8
cache-control: no-cache
content-length: 14

23:46:46.269 [AsyncHttpClient-1-8] DEBUG org.asynchttpclient.netty.channel.ChannelManager - Adding key: http://localhost:58375 for channel [id: 0xebc6d903, L:/127.0.0.1:56950 - R:localhost/127.0.0.1:58375]
23:46:46.275 [Forwarding screenshot on session 3ad9071cd849908e3839a777fdf57126 to remote] DEBUG org.asynchttpclient.netty.request.NettyRequestSender - Using pooled Channel '[id: 0xebc6d903, L:/127.0.0.1:56950 - R:localhost/127.0.0.1:58375]' for 'GET' to 'http://localhost:58375/session/3ad9071cd849908e3839a777fdf57126/screenshot'
23:46:46.275 [Forwarding screenshot on session 3ad9071cd849908e3839a777fdf57126 to remote] DEBUG org.asynchttpclient.netty.request.NettyRequestSender - Using open Channel [id: 0xebc6d903, L:/127.0.0.1:56950 - R:localhost/127.0.0.1:58375] for GET '/session/3ad9071cd849908e3839a777fdf57126/screenshot'
23:46:46.347 [AsyncHttpClient-1-8] DEBUG org.asynchttpclient.netty.handler.HttpHandler - 

Request DefaultFullHttpRequest(decodeResult: success, version: HTTP/1.1, content: EmptyByteBufBE)
GET /session/3ad9071cd849908e3839a777fdf57126/screenshot HTTP/1.1
User-Agent: selenium/4.1.2 (java windows)
Cache-Control: no-cache
Content-Type: application/json; charset=utf-8
host: localhost:58375
accept: */*

Response DefaultHttpResponse(decodeResult: success, version: HTTP/1.1)
HTTP/1.1 200 OK
Content-Type: application/json; charset=utf-8
cache-control: no-cache
content-length: 36224

23:46:46.347 [AsyncHttpClient-1-8] DEBUG org.asynchttpclient.netty.channel.ChannelManager - Adding key: http://localhost:58375 for channel [id: 0xebc6d903, L:/127.0.0.1:56950 - R:localhost/127.0.0.1:58375]
23:46:46.349 [main] DEBUG net.serenitybdd.core.photography.Darkroom - Send negative for processing for target\site\serenity\909e0843dc5dd12e5727813916fa66169d3714df3a131b0d0d6fe6dd6b9c7ea1.png
23:46:46.349 [main] DEBUG net.thucydides.core.steps.StepInterceptor - STEP DONE: stillOnProductPage
  &amp#27;[32mThen &amp#27;[0m&amp#27;[32mI am still on Product Page&amp#27;[0m                   &amp#27;[90m# starter.stepdefinitions.RatingSteps.stillOnProductPage()&amp#27;[0m
23:46:46.350 [Darkroom Processing Line] DEBUG net.serenitybdd.core.photography.DarkroomProcessingLine - Processing screenshot image in /var/screenshots/screenshot-11937191502281061066
23:46:46.350 [Darkroom Processing Line] DEBUG net.serenitybdd.core.photography.DarkroomProcessingLine - Saving screenshot to target\site\serenity\909e0843dc5dd12e5727813916fa66169d3714df3a131b0d0d6fe6dd6b9c7ea1.png
23:46:46.353 [main] INFO  - 
  _____   ___   ___   _____     ___     _     ___   ___   ___   ___  
 |_   _| | __| / __| |_   _|   | _ \   /_\   / __| / __| | __| |   \ 
   | |   | _|  \__ \   | |     |  _/  / _ \  \__ \ \__ \ | _|  | |) |
   |_|   |___| |___/   |_|     |_|   /_/ \_\ |___/ |___/ |___| |___/ 

Logout an account
----------------------------------------------------------------------
23:46:46.354 [AsyncHttpClient-1-10] DEBUG org.asynchttpclient.netty.handler.WebSocketHandler - Channel Closed: [id: 0xec9639f2, L:/127.0.0.1:56958 ! R:localhost/127.0.0.1:56951] with attribute NettyResponseFuture{currentRetry=5,
	isDone=1,
	isCancelled=0,
	asyncHandler=org.asynchttpclient.ws.WebSocketUpgradeHandler@56728248,
	nettyRequest=org.asynchttpclient.netty.request.NettyRequest@137006e2,
	future=java.util.concurrent.CompletableFuture@1838ee9d[Completed normally],
	uri=ws://localhost:56951/devtools/browser/8f2e99a1-639f-45a2-b0be-2e13cdcbf07b,
	keepAlive=true,
	redirectCount=0,
	timeoutsHolder=null,
	inAuth=0,
	touch=1652546801387}
23:46:46.355 [AsyncHttpClient-1-10] DEBUG org.asynchttpclient.netty.channel.ChannelManager - Closing Channel [id: 0xec9639f2, L:/127.0.0.1:56958 ! R:localhost/127.0.0.1:56951] 
23:46:46.355 [Driver Command Executor] DEBUG org.asynchttpclient.netty.request.NettyRequestSender - Using pooled Channel '[id: 0xebc6d903, L:/127.0.0.1:56950 - R:localhost/127.0.0.1:58375]' for 'DELETE' to 'http://localhost:58375/session/3ad9071cd849908e3839a777fdf57126'
23:46:46.355 [Driver Command Executor] DEBUG org.asynchttpclient.netty.request.NettyRequestSender - Using open Channel [id: 0xebc6d903, L:/127.0.0.1:56950 - R:localhost/127.0.0.1:58375] for DELETE '/session/3ad9071cd849908e3839a777fdf57126'
23:46:46.400 [AsyncHttpClient-1-9] DEBUG org.asynchttpclient.netty.handler.HttpHandler - Unexpected I/O exception on channel [id: 0xce1c83a9, L:/127.0.0.1:56957 - R:localhost/127.0.0.1:56951]
java.io.IOException: An existing connection was forcibly closed by the remote host
	at java.base/sun.nio.ch.SocketDispatcher.read0(Native Method)
	at java.base/sun.nio.ch.SocketDispatcher.read(SocketDispatcher.java:43)
	at java.base/sun.nio.ch.IOUtil.readIntoNativeBuffer(IOUtil.java:276)
	at java.base/sun.nio.ch.IOUtil.read(IOUtil.java:233)
	at java.base/sun.nio.ch.IOUtil.read(IOUtil.java:223)
	at java.base/sun.nio.ch.SocketChannelImpl.read(SocketChannelImpl.java:358)
	at io.netty.buffer.PooledByteBuf.setBytes(PooledByteBuf.java:258)
	at io.netty.buffer.AbstractByteBuf.writeBytes(AbstractByteBuf.java:1132)
	at io.netty.channel.socket.nio.NioSocketChannel.doReadBytes(NioSocketChannel.java:350)
	at io.netty.channel.nio.AbstractNioByteChannel$NioByteUnsafe.read(AbstractNioByteChannel.java:151)
	at io.netty.channel.nio.NioEventLoop.processSelectedKey(NioEventLoop.java:722)
	at io.netty.channel.nio.NioEventLoop.processSelectedKeysOptimized(NioEventLoop.java:658)
	at io.netty.channel.nio.NioEventLoop.processSelectedKeys(NioEventLoop.java:584)
	at io.netty.channel.nio.NioEventLoop.run(NioEventLoop.java:496)
	at io.netty.util.concurrent.SingleThreadEventExecutor$4.run(SingleThreadEventExecutor.java:986)
	at io.netty.util.internal.ThreadExecutorMap$2.run(ThreadExecutorMap.java:74)
	at io.netty.util.concurrent.FastThreadLocalRunnable.run(FastThreadLocalRunnable.java:30)
	at java.base/java.lang.Thread.run(Thread.java:834)
23:46:46.400 [AsyncHttpClient-1-9] DEBUG org.asynchttpclient.netty.channel.ChannelManager - Closing Channel [id: 0xce1c83a9, L:/127.0.0.1:56957 - R:localhost/127.0.0.1:56951] 
23:46:46.400 [AsyncHttpClient-1-9] DEBUG org.asynchttpclient.netty.handler.HttpHandler - Channel Closed: [id: 0xce1c83a9, L:/127.0.0.1:56957 ! R:localhost/127.0.0.1:56951] with attribute DISCARD
23:46:46.415 [AsyncHttpClient-1-8] DEBUG org.asynchttpclient.netty.handler.HttpHandler - 

Request DefaultFullHttpRequest(decodeResult: success, version: HTTP/1.1, content: EmptyByteBufBE)
DELETE /session/3ad9071cd849908e3839a777fdf57126 HTTP/1.1
User-Agent: selenium/4.1.2 (java windows)
Content-Type: application/json; charset=utf-8
host: localhost:58375
accept: */*

Response DefaultHttpResponse(decodeResult: success, version: HTTP/1.1)
HTTP/1.1 200 OK
Content-Type: application/json; charset=utf-8
cache-control: no-cache
content-length: 14

23:46:46.415 [AsyncHttpClient-1-8] DEBUG org.asynchttpclient.netty.channel.ChannelManager - Adding key: http://localhost:58375 for channel [id: 0xebc6d903, L:/127.0.0.1:56950 - R:localhost/127.0.0.1:58375]
23:46:46.813 [AsyncHttpClient-1-8] DEBUG org.asynchttpclient.netty.handler.HttpHandler - Channel Closed: [id: 0xebc6d903, L:/127.0.0.1:56950 ! R:localhost/127.0.0.1:58375] with attribute DISCARD
]]></system-out>
    <system-err><![CDATA[Starting ChromeDriver 101.0.4951.41 (93c720db8323b3ec10d056025ab95c23a31997c9-refs/branch-heads/4951@{#904}) on port 58375
Only local connections are allowed.
Please see https://chromedriver.chromium.org/security-considerations for suggestions on keeping ChromeDriver safe.
ChromeDriver was started successfully.
May 14, 2022 11:46:41 PM org.openqa.selenium.remote.ProtocolHandshake createSession
INFO: Detected dialect: W3C
May 14, 2022 11:46:41 PM org.openqa.selenium.devtools.CdpVersionFinder findNearestMatch
WARNING: Unable to find an exact match for CDP version 101, so returning the closest version found: 97
May 14, 2022 11:46:41 PM org.openqa.selenium.devtools.CdpVersionFinder findNearestMatch
INFO: Found CDP implementation for version 101 of 97
]]></system-err>
  </testcase>
</testsuite>