<?xml version="1.0" encoding="UTF-8"?>
<testsuite xmlns:xsi="http://www.w3.org/2001/XMLSchema-instance" xsi:noNamespaceSchemaLocation="https://maven.apache.org/surefire/maven-failsafe-plugin/xsd/failsafe-test-report-3.0.xsd" version="3.0" name="starter.CucumberTestSuite" time="80.893" tests="13" errors="0" skipped="0" failures="0">
  <properties>
    <property name="sun.desktop" value="windows"/>
    <property name="awt.toolkit" value="sun.awt.windows.WToolkit"/>
    <property name="java.specification.version" value="11"/>
    <property name="webdriver.chrome.driver" value="C:\Users\saral\.cache\selenium\chromedriver\win32\101.0.4951.41\chromedriver.exe"/>
    <property name="sun.cpu.isalist" value="amd64"/>
    <property name="sun.jnu.encoding" value="Cp1252"/>
    <property name="java.class.path" value="D:\Intern\MSIB Alterra\alterra-mini-project\Serenity UI Test\target\test-classes;C:\Users\saral\.m2\repository\net\serenity-bdd\serenity-core\3.2.1\serenity-core-3.2.1.jar;C:\Users\saral\.m2\repository\net\serenity-bdd\serenity-model\3.2.1\serenity-model-3.2.1.jar;C:\Users\saral\.m2\repository\org\apache\commons\commons-text\1.9\commons-text-1.9.jar;C:\Users\saral\.m2\repository\commons-net\commons-net\3.8.0\commons-net-3.8.0.jar;C:\Users\saral\.m2\repository\com\google\guava\guava\31.1-jre\guava-31.1-jre.jar;C:\Users\saral\.m2\repository\com\google\guava\failureaccess\1.0.1\failureaccess-1.0.1.jar;C:\Users\saral\.m2\repository\com\google\guava\listenablefuture\9999.0-empty-to-avoid-conflict-with-guava\listenablefuture-9999.0-empty-to-avoid-conflict-with-guava.jar;C:\Users\saral\.m2\repository\com\google\code\findbugs\jsr305\3.0.2\jsr305-3.0.2.jar;C:\Users\saral\.m2\repository\org\checkerframework\checker-qual\3.12.0\checker-qual-3.12.0.jar;C:\Users\saral\.m2\repository\com\google\errorprone\error_prone_annotations\2.11.0\error_prone_annotations-2.11.0.jar;C:\Users\saral\.m2\repository\com\google\j2objc\j2objc-annotations\1.3\j2objc-annotations-1.3.jar;C:\Users\saral\.m2\repository\com\google\inject\guice\5.1.0\guice-5.1.0.jar;C:\Users\saral\.m2\repository\javax\inject\javax.inject\1\javax.inject-1.jar;C:\Users\saral\.m2\repository\aopalliance\aopalliance\1.0\aopalliance-1.0.jar;C:\Users\saral\.m2\repository\org\jsoup\jsoup\1.14.3\jsoup-1.14.3.jar;C:\Users\saral\.m2\repository\com\thoughtworks\xstream\xstream\1.4.19\xstream-1.4.19.jar;C:\Users\saral\.m2\repository\io\github\x-stream\mxparser\1.2.2\mxparser-1.2.2.jar;C:\Users\saral\.m2\repository\xmlpull\xmlpull\1.1.3.1\xmlpull-1.1.3.1.jar;C:\Users\saral\.m2\repository\io\cucumber\cucumber-java\7.2.3\cucumber-java-7.2.3.jar;C:\Users\saral\.m2\repository\com\typesafe\config\1.4.2\config-1.4.2.jar;C:\Users\saral\.m2\repository\org\imgscalr\imgscalr-lib\4.2\imgscalr-lib-4.2.jar;C:\Users\saral\.m2\repository\org\awaitility\awaitility\4.2.0\awaitility-4.2.0.jar;C:\Users\saral\.m2\repository\org\freemarker\freemarker\2.3.31\freemarker-2.3.31.jar;C:\Users\saral\.m2\repository\io\github\classgraph\classgraph\4.8.138\classgraph-4.8.138.jar;C:\Users\saral\.m2\repository\net\sourceforge\jexcelapi\jxl\2.6.12\jxl-2.6.12.jar;C:\Users\saral\.m2\repository\net\bytebuddy\byte-buddy\1.12.8\byte-buddy-1.12.8.jar;C:\Users\saral\.m2\repository\net\bytebuddy\byte-buddy-agent\1.12.8\byte-buddy-agent-1.12.8.jar;C:\Users\saral\.m2\repository\org\objenesis\objenesis\3.1\objenesis-3.1.jar;C:\Users\saral\.m2\repository\net\serenity-bdd\serenity-reports\3.2.1\serenity-reports-3.2.1.jar;C:\Users\saral\.m2\repository\net\serenity-bdd\serenity-stats\3.2.1\serenity-stats-3.2.1.jar;C:\Users\saral\.m2\repository\net\serenity-bdd\serenity-reports-configuration\3.2.1\serenity-reports-configuration-3.2.1.jar;C:\Users\saral\.m2\repository\com\vladsch\flexmark\flexmark-all\0.34.30\flexmark-all-0.34.30.jar;C:\Users\saral\.m2\repository\com\vladsch\flexmark\flexmark\0.34.30\flexmark-0.34.30.jar;C:\Users\saral\.m2\repository\com\vladsch\flexmark\flexmark-ext-abbreviation\0.34.30\flexmark-ext-abbreviation-0.34.30.jar;C:\Users\saral\.m2\repository\com\vladsch\flexmark\flexmark-ext-admonition\0.34.30\flexmark-ext-admonition-0.34.30.jar;C:\Users\saral\.m2\repository\com\vladsch\flexmark\flexmark-ext-anchorlink\0.34.30\flexmark-ext-anchorlink-0.34.30.jar;C:\Users\saral\.m2\repository\com\vladsch\flexmark\flexmark-ext-aside\0.34.30\flexmark-ext-aside-0.34.30.jar;C:\Users\saral\.m2\repository\com\vladsch\flexmark\flexmark-ext-attributes\0.34.30\flexmark-ext-attributes-0.34.30.jar;C:\Users\saral\.m2\repository\com\vladsch\flexmark\flexmark-ext-autolink\0.34.30\flexmark-ext-autolink-0.34.30.jar;C:\Users\saral\.m2\repository\org\nibor\autolink\autolink\0.6.0\autolink-0.6.0.jar;C:\Users\saral\.m2\repository\com\vladsch\flexmark\flexmark-ext-definition\0.34.30\flexmark-ext-definition-0.34.30.jar;C:\Users\saral\.m2\repository\com\vladsch\flexmark\flexmark-ext-emoji\0.34.30\flexmark-ext-emoji-0.34.30.jar;C:\Users\saral\.m2\repository\com\vladsch\flexmark\flexmark-ext-enumerated-reference\0.34.30\flexmark-ext-enumerated-reference-0.34.30.jar;C:\Users\saral\.m2\repository\com\vladsch\flexmark\flexmark-ext-escaped-character\0.34.30\flexmark-ext-escaped-character-0.34.30.jar;C:\Users\saral\.m2\repository\com\vladsch\flexmark\flexmark-ext-footnotes\0.34.30\flexmark-ext-footnotes-0.34.30.jar;C:\Users\saral\.m2\repository\com\vladsch\flexmark\flexmark-ext-gfm-issues\0.34.30\flexmark-ext-gfm-issues-0.34.30.jar;C:\Users\saral\.m2\repository\com\vladsch\flexmark\flexmark-ext-gfm-strikethrough\0.34.30\flexmark-ext-gfm-strikethrough-0.34.30.jar;C:\Users\saral\.m2\repository\com\vladsch\flexmark\flexmark-ext-gfm-tables\0.34.30\flexmark-ext-gfm-tables-0.34.30.jar;C:\Users\saral\.m2\repository\com\vladsch\flexmark\flexmark-ext-gfm-tasklist\0.34.30\flexmark-ext-gfm-tasklist-0.34.30.jar;C:\Users\saral\.m2\repository\com\vladsch\flexmark\flexmark-ext-gfm-users\0.34.30\flexmark-ext-gfm-users-0.34.30.jar;C:\Users\saral\.m2\repository\com\vladsch\flexmark\flexmark-ext-gitlab\0.34.30\flexmark-ext-gitlab-0.34.30.jar;C:\Users\saral\.m2\repository\com\vladsch\flexmark\flexmark-ext-jekyll-front-matter\0.34.30\flexmark-ext-jekyll-front-matter-0.34.30.jar;C:\Users\saral\.m2\repository\com\vladsch\flexmark\flexmark-ext-jekyll-tag\0.34.30\flexmark-ext-jekyll-tag-0.34.30.jar;C:\Users\saral\.m2\repository\com\vladsch\flexmark\flexmark-ext-media-tags\0.34.30\flexmark-ext-media-tags-0.34.30.jar;C:\Users\saral\.m2\repository\com\vladsch\flexmark\flexmark-test-util\0.34.30\flexmark-test-util-0.34.30.jar;C:\Users\saral\.m2\repository\com\vladsch\flexmark\flexmark-ext-ins\0.34.30\flexmark-ext-ins-0.34.30.jar;C:\Users\saral\.m2\repository\com\vladsch\flexmark\flexmark-ext-xwiki-macros\0.34.30\flexmark-ext-xwiki-macros-0.34.30.jar;C:\Users\saral\.m2\repository\com\vladsch\flexmark\flexmark-ext-superscript\0.34.30\flexmark-ext-superscript-0.34.30.jar;C:\Users\saral\.m2\repository\com\vladsch\flexmark\flexmark-ext-tables\0.34.30\flexmark-ext-tables-0.34.30.jar;C:\Users\saral\.m2\repository\com\vladsch\flexmark\flexmark-ext-toc\0.34.30\flexmark-ext-toc-0.34.30.jar;C:\Users\saral\.m2\repository\com\vladsch\flexmark\flexmark-ext-typographic\0.34.30\flexmark-ext-typographic-0.34.30.jar;C:\Users\saral\.m2\repository\com\vladsch\flexmark\flexmark-ext-wikilink\0.34.30\flexmark-ext-wikilink-0.34.30.jar;C:\Users\saral\.m2\repository\com\vladsch\flexmark\flexmark-ext-yaml-front-matter\0.34.30\flexmark-ext-yaml-front-matter-0.34.30.jar;C:\Users\saral\.m2\repository\com\vladsch\flexmark\flexmark-ext-youtube-embedded\0.34.30\flexmark-ext-youtube-embedded-0.34.30.jar;C:\Users\saral\.m2\repository\com\vladsch\flexmark\flexmark-formatter\0.34.30\flexmark-formatter-0.34.30.jar;C:\Users\saral\.m2\repository\com\vladsch\flexmark\flexmark-html-parser\0.34.30\flexmark-html-parser-0.34.30.jar;C:\Users\saral\.m2\repository\com\vladsch\flexmark\flexmark-jira-converter\0.34.30\flexmark-jira-converter-0.34.30.jar;C:\Users\saral\.m2\repository\com\vladsch\flexmark\flexmark-pdf-converter\0.34.30\flexmark-pdf-converter-0.34.30.jar;C:\Users\saral\.m2\repository\com\openhtmltopdf\openhtmltopdf-core\0.0.1-RC13\openhtmltopdf-core-0.0.1-RC13.jar;C:\Users\saral\.m2\repository\com\openhtmltopdf\openhtmltopdf-pdfbox\0.0.1-RC13\openhtmltopdf-pdfbox-0.0.1-RC13.jar;C:\Users\saral\.m2\repository\org\apache\pdfbox\pdfbox\2.0.8\pdfbox-2.0.8.jar;C:\Users\saral\.m2\repository\org\apache\pdfbox\fontbox\2.0.8\fontbox-2.0.8.jar;C:\Users\saral\.m2\repository\commons-logging\commons-logging\1.2\commons-logging-1.2.jar;C:\Users\saral\.m2\repository\org\apache\pdfbox\xmpbox\2.0.8\xmpbox-2.0.8.jar;C:\Users\saral\.m2\repository\de\rototor\pdfbox\graphics2d\0.12\graphics2d-0.12.jar;C:\Users\saral\.m2\repository\com\openhtmltopdf\openhtmltopdf-rtl-support\0.0.1-RC13\openhtmltopdf-rtl-support-0.0.1-RC13.jar;C:\Users\saral\.m2\repository\com\ibm\icu\icu4j\59.1\icu4j-59.1.jar;C:\Users\saral\.m2\repository\com\openhtmltopdf\openhtmltopdf-jsoup-dom-converter\0.0.1-RC13\openhtmltopdf-jsoup-dom-converter-0.0.1-RC13.jar;C:\Users\saral\.m2\repository\com\vladsch\flexmark\flexmark-profile-pegdown\0.34.30\flexmark-profile-pegdown-0.34.30.jar;C:\Users\saral\.m2\repository\com\vladsch\flexmark\flexmark-util\0.34.30\flexmark-util-0.34.30.jar;C:\Users\saral\.m2\repository\com\vladsch\flexmark\flexmark-youtrack-converter\0.34.30\flexmark-youtrack-converter-0.34.30.jar;C:\Users\saral\.m2\repository\es\nitaur\markdown\txtmark\0.16\txtmark-0.16.jar;C:\Users\saral\.m2\repository\net\serenity-bdd\serenity-report-resources\3.2.1\serenity-report-resources-3.2.1.jar;C:\Users\saral\.m2\repository\com\google\code\gson\gson\2.9.0\gson-2.9.0.jar;C:\Users\saral\.m2\repository\com\fasterxml\jackson\core\jackson-core\2.13.2\jackson-core-2.13.2.jar;C:\Users\saral\.m2\repository\com\fasterxml\jackson\core\jackson-databind\2.13.2\jackson-databind-2.13.2.jar;C:\Users\saral\.m2\repository\com\fasterxml\jackson\core\jackson-annotations\2.13.2\jackson-annotations-2.13.2.jar;C:\Users\saral\.m2\repository\commons-codec\commons-codec\1.15\commons-codec-1.15.jar;C:\Users\saral\.m2\repository\commons-io\commons-io\2.11.0\commons-io-2.11.0.jar;C:\Users\saral\.m2\repository\org\seleniumhq\selenium\selenium-java\4.1.2\selenium-java-4.1.2.jar;C:\Users\saral\.m2\repository\org\seleniumhq\selenium\selenium-devtools-v85\4.1.2\selenium-devtools-v85-4.1.2.jar;C:\Users\saral\.m2\repository\org\seleniumhq\selenium\selenium-devtools-v95\4.1.2\selenium-devtools-v95-4.1.2.jar;C:\Users\saral\.m2\repository\org\seleniumhq\selenium\selenium-devtools-v96\4.1.2\selenium-devtools-v96-4.1.2.jar;C:\Users\saral\.m2\repository\org\seleniumhq\selenium\selenium-devtools-v97\4.1.2\selenium-devtools-v97-4.1.2.jar;C:\Users\saral\.m2\repository\org\seleniumhq\selenium\selenium-firefox-xpi-driver\4.1.2\selenium-firefox-xpi-driver-4.1.2.jar;C:\Users\saral\.m2\repository\org\seleniumhq\selenium\selenium-opera-driver\4.1.2\selenium-opera-driver-4.1.2.jar;C:\Users\saral\.m2\repository\org\seleniumhq\selenium\selenium-remote-driver\4.1.2\selenium-remote-driver-4.1.2.jar;C:\Users\saral\.m2\repository\com\beust\jcommander\1.82\jcommander-1.82.jar;C:\Users\saral\.m2\repository\io\netty\netty-buffer\4.1.73.Final\netty-buffer-4.1.73.Final.jar;C:\Users\saral\.m2\repository\io\netty\netty-codec-http\4.1.73.Final\netty-codec-http-4.1.73.Final.jar;C:\Users\saral\.m2\repository\io\netty\netty-codec\4.1.73.Final\netty-codec-4.1.73.Final.jar;C:\Users\saral\.m2\repository\io\netty\netty-handler\4.1.73.Final\netty-handler-4.1.73.Final.jar;C:\Users\saral\.m2\repository\io\netty\netty-tcnative-classes\2.0.46.Final\netty-tcnative-classes-2.0.46.Final.jar;C:\Users\saral\.m2\repository\io\netty\netty-common\4.1.73.Final\netty-common-4.1.73.Final.jar;C:\Users\saral\.m2\repository\io\netty\netty-transport-classes-epoll\4.1.73.Final\netty-transport-classes-epoll-4.1.73.Final.jar;C:\Users\saral\.m2\repository\io\netty\netty-transport-classes-kqueue\4.1.73.Final\netty-transport-classes-kqueue-4.1.73.Final.jar;C:\Users\saral\.m2\repository\io\netty\netty-transport-native-epoll\4.1.73.Final\netty-transport-native-epoll-4.1.73.Final.jar;C:\Users\saral\.m2\repository\io\netty\netty-transport-native-kqueue\4.1.73.Final\netty-transport-native-kqueue-4.1.73.Final.jar;C:\Users\saral\.m2\repository\io\netty\netty-transport-native-unix-common\4.1.73.Final\netty-transport-native-unix-common-4.1.73.Final.jar;C:\Users\saral\.m2\repository\io\netty\netty-transport\4.1.73.Final\netty-transport-4.1.73.Final.jar;C:\Users\saral\.m2\repository\io\netty\netty-resolver\4.1.73.Final\netty-resolver-4.1.73.Final.jar;C:\Users\saral\.m2\repository\io\opentelemetry\opentelemetry-api\1.10.1\opentelemetry-api-1.10.1.jar;C:\Users\saral\.m2\repository\io\opentelemetry\opentelemetry-context\1.10.1\opentelemetry-context-1.10.1.jar;C:\Users\saral\.m2\repository\io\opentelemetry\opentelemetry-exporter-logging\1.10.1\opentelemetry-exporter-logging-1.10.1.jar;C:\Users\saral\.m2\repository\io\opentelemetry\opentelemetry-sdk-metrics\1.10.1-alpha\opentelemetry-sdk-metrics-1.10.1-alpha.jar;C:\Users\saral\.m2\repository\io\opentelemetry\opentelemetry-sdk-logs\1.10.1-alpha\opentelemetry-sdk-logs-1.10.1-alpha.jar;C:\Users\saral\.m2\repository\io\opentelemetry\opentelemetry-sdk-common\1.10.1\opentelemetry-sdk-common-1.10.1.jar;C:\Users\saral\.m2\repository\io\opentelemetry\opentelemetry-sdk-extension-autoconfigure-spi\1.10.1\opentelemetry-sdk-extension-autoconfigure-spi-1.10.1.jar;C:\Users\saral\.m2\repository\io\opentelemetry\opentelemetry-sdk-extension-autoconfigure\1.10.1-alpha\opentelemetry-sdk-extension-autoconfigure-1.10.1-alpha.jar;C:\Users\saral\.m2\repository\io\opentelemetry\opentelemetry-sdk-trace\1.10.1\opentelemetry-sdk-trace-1.10.1.jar;C:\Users\saral\.m2\repository\io\opentelemetry\opentelemetry-sdk\1.10.1\opentelemetry-sdk-1.10.1.jar;C:\Users\saral\.m2\repository\io\opentelemetry\opentelemetry-semconv\1.10.1-alpha\opentelemetry-semconv-1.10.1-alpha.jar;C:\Users\saral\.m2\repository\io\ous\jtoml\2.0.0\jtoml-2.0.0.jar;C:\Users\saral\.m2\repository\org\apache\commons\commons-exec\1.3\commons-exec-1.3.jar;C:\Users\saral\.m2\repository\org\asynchttpclient\async-http-client\2.12.3\async-http-client-2.12.3.jar;C:\Users\saral\.m2\repository\org\asynchttpclient\async-http-client-netty-utils\2.12.3\async-http-client-netty-utils-2.12.3.jar;C:\Users\saral\.m2\repository\io\netty\netty-codec-socks\4.1.60.Final\netty-codec-socks-4.1.60.Final.jar;C:\Users\saral\.m2\repository\io\netty\netty-handler-proxy\4.1.60.Final\netty-handler-proxy-4.1.60.Final.jar;C:\Users\saral\.m2\repository\io\netty\netty-transport-native-epoll\4.1.60.Final\netty-transport-native-epoll-4.1.60.Final-linux-x86_64.jar;C:\Users\saral\.m2\repository\io\netty\netty-transport-native-kqueue\4.1.60.Final\netty-transport-native-kqueue-4.1.60.Final-osx-x86_64.jar;C:\Users\saral\.m2\repository\org\reactivestreams\reactive-streams\1.0.3\reactive-streams-1.0.3.jar;C:\Users\saral\.m2\repository\com\typesafe\netty\netty-reactive-streams\2.0.4\netty-reactive-streams-2.0.4.jar;C:\Users\saral\.m2\repository\org\seleniumhq\selenium\selenium-http\4.1.2\selenium-http-4.1.2.jar;C:\Users\saral\.m2\repository\net\jodah\failsafe\2.4.4\failsafe-2.4.4.jar;C:\Users\saral\.m2\repository\org\seleniumhq\selenium\selenium-safari-driver\4.1.2\selenium-safari-driver-4.1.2.jar;C:\Users\saral\.m2\repository\org\seleniumhq\selenium\selenium-api\4.1.2\selenium-api-4.1.2.jar;C:\Users\saral\.m2\repository\org\seleniumhq\selenium\selenium-support\4.1.2\selenium-support-4.1.2.jar;C:\Users\saral\.m2\repository\com\google\auto\service\auto-service-annotations\1.0.1\auto-service-annotations-1.0.1.jar;C:\Users\saral\.m2\repository\com\google\auto\service\auto-service\1.0.1\auto-service-1.0.1.jar;C:\Users\saral\.m2\repository\com\google\auto\auto-common\1.2\auto-common-1.2.jar;C:\Users\saral\.m2\repository\org\seleniumhq\selenium\selenium-json\4.1.2\selenium-json-4.1.2.jar;C:\Users\saral\.m2\repository\org\seleniumhq\selenium\selenium-chrome-driver\4.1.2\selenium-chrome-driver-4.1.2.jar;C:\Users\saral\.m2\repository\org\seleniumhq\selenium\selenium-chromium-driver\4.1.2\selenium-chromium-driver-4.1.2.jar;C:\Users\saral\.m2\repository\org\seleniumhq\selenium\selenium-firefox-driver\4.1.2\selenium-firefox-driver-4.1.2.jar;C:\Users\saral\.m2\repository\org\seleniumhq\selenium\selenium-edge-driver\4.1.2\selenium-edge-driver-4.1.2.jar;C:\Users\saral\.m2\repository\org\seleniumhq\selenium\selenium-ie-driver\4.1.2\selenium-ie-driver-4.1.2.jar;C:\Users\saral\.m2\repository\org\projectlombok\lombok\1.18.20\lombok-1.18.20.jar;C:\Users\saral\.m2\repository\io\appium\java-client\8.0.0\java-client-8.0.0.jar;C:\Users\saral\.m2\repository\commons-validator\commons-validator\1.7\commons-validator-1.7.jar;C:\Users\saral\.m2\repository\commons-digester\commons-digester\2.1\commons-digester-2.1.jar;C:\Users\saral\.m2\repository\org\aspectj\aspectjweaver\1.9.8\aspectjweaver-1.9.8.jar;C:\Users\saral\.m2\repository\org\codehaus\groovy\groovy\3.0.10\groovy-3.0.10.jar;C:\Users\saral\.m2\repository\net\sf\opencsv\opencsv\2.0\opencsv-2.0.jar;C:\Users\saral\.m2\repository\commons-beanutils\commons-beanutils\1.9.4\commons-beanutils-1.9.4.jar;C:\Users\saral\.m2\repository\org\apache\commons\commons-lang3\3.12.0\commons-lang3-3.12.0.jar;C:\Users\saral\.m2\repository\commons-collections\commons-collections\3.2.2\commons-collections-3.2.2.jar;C:\Users\saral\.m2\repository\org\fluentlenium\fluentlenium-core\0.10.2\fluentlenium-core-0.10.2.jar;C:\Users\saral\.m2\repository\io\github\bonigarcia\webdrivermanager\5.1.0\webdrivermanager-5.1.0.jar;C:\Users\saral\.m2\repository\com\github\docker-java\docker-java\3.2.13\docker-java-3.2.13.jar;C:\Users\saral\.m2\repository\com\github\docker-java\docker-java-core\3.2.13\docker-java-core-3.2.13.jar;C:\Users\saral\.m2\repository\com\github\docker-java\docker-java-api\3.2.13\docker-java-api-3.2.13.jar;C:\Users\saral\.m2\repository\org\apache\commons\commons-compress\1.21\commons-compress-1.21.jar;C:\Users\saral\.m2\repository\org\bouncycastle\bcpkix-jdk15on\1.64\bcpkix-jdk15on-1.64.jar;C:\Users\saral\.m2\repository\org\bouncycastle\bcprov-jdk15on\1.64\bcprov-jdk15on-1.64.jar;C:\Users\saral\.m2\repository\org\slf4j\jcl-over-slf4j\1.7.30\jcl-over-slf4j-1.7.30.jar;C:\Users\saral\.m2\repository\com\github\docker-java\docker-java-transport-httpclient5\3.2.13\docker-java-transport-httpclient5-3.2.13.jar;C:\Users\saral\.m2\repository\com\github\docker-java\docker-java-transport\3.2.13\docker-java-transport-3.2.13.jar;C:\Users\saral\.m2\repository\org\apache\httpcomponents\client5\httpclient5\5.0.3\httpclient5-5.0.3.jar;C:\Users\saral\.m2\repository\org\apache\httpcomponents\core5\httpcore5\5.0.2\httpcore5-5.0.2.jar;C:\Users\saral\.m2\repository\net\java\dev\jna\jna\5.8.0\jna-5.8.0.jar;C:\Users\saral\.m2\repository\org\brotli\dec\0.1.2\dec-0.1.2.jar;C:\Users\saral\.m2\repository\com\jhlabs\filters\2.0.235\filters-2.0.235.jar;C:\Users\saral\.m2\repository\com\paulhammant\ngwebdriver\1.1.6\ngwebdriver-1.1.6.jar;C:\Users\saral\.m2\repository\joda-time\joda-time\2.8.2\joda-time-2.8.2.jar;C:\Users\saral\.m2\repository\org\hamcrest\hamcrest\2.2\hamcrest-2.2.jar;C:\Users\saral\.m2\repository\com\google\jimfs\jimfs\1.2\jimfs-1.2.jar;C:\Users\saral\.m2\repository\org\mockito\mockito-core\3.3.3\mockito-core-3.3.3.jar;C:\Users\saral\.m2\repository\javax\xml\bind\jaxb-api\2.3.1\jaxb-api-2.3.1.jar;C:\Users\saral\.m2\repository\javax\activation\javax.activation-api\1.2.0\javax.activation-api-1.2.0.jar;C:\Users\saral\.m2\repository\com\sun\xml\bind\jaxb-core\2.3.0.1\jaxb-core-2.3.0.1.jar;C:\Users\saral\.m2\repository\com\sun\xml\bind\jaxb-impl\2.3.3\jaxb-impl-2.3.3.jar;C:\Users\saral\.m2\repository\jakarta\xml\bind\jakarta.xml.bind-api\2.3.3\jakarta.xml.bind-api-2.3.3.jar;C:\Users\saral\.m2\repository\com\sun\activation\jakarta.activation\1.2.2\jakarta.activation-1.2.2.jar;C:\Users\saral\.m2\repository\javax\activation\activation\1.1.1\activation-1.1.1.jar;C:\Users\saral\.m2\repository\net\serenity-bdd\serenity-cucumber\3.2.1\serenity-cucumber-3.2.1.jar;C:\Users\saral\.m2\repository\io\cucumber\cucumber-core\7.2.3\cucumber-core-7.2.3.jar;C:\Users\saral\.m2\repository\io\cucumber\cucumber-gherkin\7.2.3\cucumber-gherkin-7.2.3.jar;C:\Users\saral\.m2\repository\io\cucumber\cucumber-gherkin-messages\7.2.3\cucumber-gherkin-messages-7.2.3.jar;C:\Users\saral\.m2\repository\io\cucumber\messages\17.1.1\messages-17.1.1.jar;C:\Users\saral\.m2\repository\io\cucumber\tag-expressions\4.1.0\tag-expressions-4.1.0.jar;C:\Users\saral\.m2\repository\io\cucumber\cucumber-expressions\15.0.1\cucumber-expressions-15.0.1.jar;C:\Users\saral\.m2\repository\io\cucumber\datatable\7.2.3\datatable-7.2.3.jar;C:\Users\saral\.m2\repository\io\cucumber\cucumber-plugin\7.2.3\cucumber-plugin-7.2.3.jar;C:\Users\saral\.m2\repository\io\cucumber\docstring\7.2.3\docstring-7.2.3.jar;C:\Users\saral\.m2\repository\io\cucumber\html-formatter\17.0.0\html-formatter-17.0.0.jar;C:\Users\saral\.m2\repository\io\cucumber\ci-environment\8.1.0\ci-environment-8.1.0.jar;C:\Users\saral\.m2\repository\io\cucumber\cucumber-junit\7.2.3\cucumber-junit-7.2.3.jar;C:\Users\saral\.m2\repository\org\apache\commons\commons-csv\1.5\commons-csv-1.5.jar;C:\Users\saral\.m2\repository\net\serenity-bdd\serenity-screenplay\3.2.1\serenity-screenplay-3.2.1.jar;C:\Users\saral\.m2\repository\net\serenity-bdd\serenity-screenplay-webdriver\3.2.1\serenity-screenplay-webdriver-3.2.1.jar;C:\Users\saral\.m2\repository\net\serenity-bdd\serenity-ensure\3.2.1\serenity-ensure-3.2.1.jar;C:\Users\saral\.m2\repository\net\serenity-bdd\serenity-junit\3.2.1\serenity-junit-3.2.1.jar;C:\Users\saral\.m2\repository\org\jetbrains\kotlin\kotlin-stdlib\1.6.0\kotlin-stdlib-1.6.0.jar;C:\Users\saral\.m2\repository\org\jetbrains\annotations\13.0\annotations-13.0.jar;C:\Users\saral\.m2\repository\org\jetbrains\kotlin\kotlin-stdlib-common\1.6.0\kotlin-stdlib-common-1.6.0.jar;C:\Users\saral\.m2\repository\org\junit\platform\junit-platform-launcher\1.8.1\junit-platform-launcher-1.8.1.jar;C:\Users\saral\.m2\repository\org\junit\platform\junit-platform-engine\1.8.1\junit-platform-engine-1.8.1.jar;C:\Users\saral\.m2\repository\org\opentest4j\opentest4j\1.2.0\opentest4j-1.2.0.jar;C:\Users\saral\.m2\repository\org\junit\platform\junit-platform-commons\1.8.1\junit-platform-commons-1.8.1.jar;C:\Users\saral\.m2\repository\org\apiguardian\apiguardian-api\1.1.2\apiguardian-api-1.1.2.jar;C:\Users\saral\.m2\repository\org\junit\jupiter\junit-jupiter-engine\5.8.2\junit-jupiter-engine-5.8.2.jar;C:\Users\saral\.m2\repository\org\junit\jupiter\junit-jupiter-api\5.8.2\junit-jupiter-api-5.8.2.jar;C:\Users\saral\.m2\repository\org\junit\vintage\junit-vintage-engine\5.8.2\junit-vintage-engine-5.8.2.jar;C:\Users\saral\.m2\repository\junit\junit\4.13.2\junit-4.13.2.jar;C:\Users\saral\.m2\repository\org\hamcrest\hamcrest-core\1.3\hamcrest-core-1.3.jar;C:\Users\saral\.m2\repository\ch\qos\logback\logback-classic\1.2.10\logback-classic-1.2.10.jar;C:\Users\saral\.m2\repository\ch\qos\logback\logback-core\1.2.10\logback-core-1.2.10.jar;C:\Users\saral\.m2\repository\org\slf4j\slf4j-api\1.7.32\slf4j-api-1.7.32.jar;C:\Users\saral\.m2\repository\org\assertj\assertj-core\3.6.2\assertj-core-3.6.2.jar;C:\Users\saral\.m2\repository\com\github\javafaker\javafaker\1.0.2\javafaker-1.0.2.jar;C:\Users\saral\.m2\repository\org\yaml\snakeyaml\1.23\snakeyaml-1.23-android.jar;C:\Users\saral\.m2\repository\com\github\mifmif\generex\1.0.2\generex-1.0.2.jar;C:\Users\saral\.m2\repository\dk\brics\automaton\automaton\1.11-8\automaton-1.11-8.jar;"/>
    <property name="java.vm.vendor" value="Oracle Corporation"/>
    <property name="sun.arch.data.model" value="64"/>
    <property name="user.variant" value=""/>
    <property name="java.vendor.url" value="https://openjdk.java.net/"/>
    <property name="user.timezone" value="Asia/Bangkok"/>
    <property name="log4j2.formatMsgNoLookups" value="true"/>
    <property name="java.vm.specification.version" value="11"/>
    <property name="os.name" value="Windows 10"/>
    <property name="sun.java.launcher" value="SUN_STANDARD"/>
    <property name="user.country" value="ID"/>
    <property name="sun.boot.library.path" value="C:\Program Files\Java\jdk-11.0.13\bin"/>
    <property name="sun.java.command" value="org.apache.maven.surefire.booter.ForkedBooter C:\Users\saral\AppData\Local\Temp\surefire3166704554454304657 2022-05-15T01-58-33_968-jvmRun1 surefire5809440585903283590tmp surefire_015661644764369135304tmp"/>
    <property name="jdk.debug" value="release"/>
    <property name="surefire.test.class.path" value="D:\Intern\MSIB Alterra\alterra-mini-project\Serenity UI Test\target\test-classes;C:\Users\saral\.m2\repository\net\serenity-bdd\serenity-core\3.2.1\serenity-core-3.2.1.jar;C:\Users\saral\.m2\repository\net\serenity-bdd\serenity-model\3.2.1\serenity-model-3.2.1.jar;C:\Users\saral\.m2\repository\org\apache\commons\commons-text\1.9\commons-text-1.9.jar;C:\Users\saral\.m2\repository\commons-net\commons-net\3.8.0\commons-net-3.8.0.jar;C:\Users\saral\.m2\repository\com\google\guava\guava\31.1-jre\guava-31.1-jre.jar;C:\Users\saral\.m2\repository\com\google\guava\failureaccess\1.0.1\failureaccess-1.0.1.jar;C:\Users\saral\.m2\repository\com\google\guava\listenablefuture\9999.0-empty-to-avoid-conflict-with-guava\listenablefuture-9999.0-empty-to-avoid-conflict-with-guava.jar;C:\Users\saral\.m2\repository\com\google\code\findbugs\jsr305\3.0.2\jsr305-3.0.2.jar;C:\Users\saral\.m2\repository\org\checkerframework\checker-qual\3.12.0\checker-qual-3.12.0.jar;C:\Users\saral\.m2\repository\com\google\errorprone\error_prone_annotations\2.11.0\error_prone_annotations-2.11.0.jar;C:\Users\saral\.m2\repository\com\google\j2objc\j2objc-annotations\1.3\j2objc-annotations-1.3.jar;C:\Users\saral\.m2\repository\com\google\inject\guice\5.1.0\guice-5.1.0.jar;C:\Users\saral\.m2\repository\javax\inject\javax.inject\1\javax.inject-1.jar;C:\Users\saral\.m2\repository\aopalliance\aopalliance\1.0\aopalliance-1.0.jar;C:\Users\saral\.m2\repository\org\jsoup\jsoup\1.14.3\jsoup-1.14.3.jar;C:\Users\saral\.m2\repository\com\thoughtworks\xstream\xstream\1.4.19\xstream-1.4.19.jar;C:\Users\saral\.m2\repository\io\github\x-stream\mxparser\1.2.2\mxparser-1.2.2.jar;C:\Users\saral\.m2\repository\xmlpull\xmlpull\1.1.3.1\xmlpull-1.1.3.1.jar;C:\Users\saral\.m2\repository\io\cucumber\cucumber-java\7.2.3\cucumber-java-7.2.3.jar;C:\Users\saral\.m2\repository\com\typesafe\config\1.4.2\config-1.4.2.jar;C:\Users\saral\.m2\repository\org\imgscalr\imgscalr-lib\4.2\imgscalr-lib-4.2.jar;C:\Users\saral\.m2\repository\org\awaitility\awaitility\4.2.0\awaitility-4.2.0.jar;C:\Users\saral\.m2\repository\org\freemarker\freemarker\2.3.31\freemarker-2.3.31.jar;C:\Users\saral\.m2\repository\io\github\classgraph\classgraph\4.8.138\classgraph-4.8.138.jar;C:\Users\saral\.m2\repository\net\sourceforge\jexcelapi\jxl\2.6.12\jxl-2.6.12.jar;C:\Users\saral\.m2\repository\net\bytebuddy\byte-buddy\1.12.8\byte-buddy-1.12.8.jar;C:\Users\saral\.m2\repository\net\bytebuddy\byte-buddy-agent\1.12.8\byte-buddy-agent-1.12.8.jar;C:\Users\saral\.m2\repository\org\objenesis\objenesis\3.1\objenesis-3.1.jar;C:\Users\saral\.m2\repository\net\serenity-bdd\serenity-reports\3.2.1\serenity-reports-3.2.1.jar;C:\Users\saral\.m2\repository\net\serenity-bdd\serenity-stats\3.2.1\serenity-stats-3.2.1.jar;C:\Users\saral\.m2\repository\net\serenity-bdd\serenity-reports-configuration\3.2.1\serenity-reports-configuration-3.2.1.jar;C:\Users\saral\.m2\repository\com\vladsch\flexmark\flexmark-all\0.34.30\flexmark-all-0.34.30.jar;C:\Users\saral\.m2\repository\com\vladsch\flexmark\flexmark\0.34.30\flexmark-0.34.30.jar;C:\Users\saral\.m2\repository\com\vladsch\flexmark\flexmark-ext-abbreviation\0.34.30\flexmark-ext-abbreviation-0.34.30.jar;C:\Users\saral\.m2\repository\com\vladsch\flexmark\flexmark-ext-admonition\0.34.30\flexmark-ext-admonition-0.34.30.jar;C:\Users\saral\.m2\repository\com\vladsch\flexmark\flexmark-ext-anchorlink\0.34.30\flexmark-ext-anchorlink-0.34.30.jar;C:\Users\saral\.m2\repository\com\vladsch\flexmark\flexmark-ext-aside\0.34.30\flexmark-ext-aside-0.34.30.jar;C:\Users\saral\.m2\repository\com\vladsch\flexmark\flexmark-ext-attributes\0.34.30\flexmark-ext-attributes-0.34.30.jar;C:\Users\saral\.m2\repository\com\vladsch\flexmark\flexmark-ext-autolink\0.34.30\flexmark-ext-autolink-0.34.30.jar;C:\Users\saral\.m2\repository\org\nibor\autolink\autolink\0.6.0\autolink-0.6.0.jar;C:\Users\saral\.m2\repository\com\vladsch\flexmark\flexmark-ext-definition\0.34.30\flexmark-ext-definition-0.34.30.jar;C:\Users\saral\.m2\repository\com\vladsch\flexmark\flexmark-ext-emoji\0.34.30\flexmark-ext-emoji-0.34.30.jar;C:\Users\saral\.m2\repository\com\vladsch\flexmark\flexmark-ext-enumerated-reference\0.34.30\flexmark-ext-enumerated-reference-0.34.30.jar;C:\Users\saral\.m2\repository\com\vladsch\flexmark\flexmark-ext-escaped-character\0.34.30\flexmark-ext-escaped-character-0.34.30.jar;C:\Users\saral\.m2\repository\com\vladsch\flexmark\flexmark-ext-footnotes\0.34.30\flexmark-ext-footnotes-0.34.30.jar;C:\Users\saral\.m2\repository\com\vladsch\flexmark\flexmark-ext-gfm-issues\0.34.30\flexmark-ext-gfm-issues-0.34.30.jar;C:\Users\saral\.m2\repository\com\vladsch\flexmark\flexmark-ext-gfm-strikethrough\0.34.30\flexmark-ext-gfm-strikethrough-0.34.30.jar;C:\Users\saral\.m2\repository\com\vladsch\flexmark\flexmark-ext-gfm-tables\0.34.30\flexmark-ext-gfm-tables-0.34.30.jar;C:\Users\saral\.m2\repository\com\vladsch\flexmark\flexmark-ext-gfm-tasklist\0.34.30\flexmark-ext-gfm-tasklist-0.34.30.jar;C:\Users\saral\.m2\repository\com\vladsch\flexmark\flexmark-ext-gfm-users\0.34.30\flexmark-ext-gfm-users-0.34.30.jar;C:\Users\saral\.m2\repository\com\vladsch\flexmark\flexmark-ext-gitlab\0.34.30\flexmark-ext-gitlab-0.34.30.jar;C:\Users\saral\.m2\repository\com\vladsch\flexmark\flexmark-ext-jekyll-front-matter\0.34.30\flexmark-ext-jekyll-front-matter-0.34.30.jar;C:\Users\saral\.m2\repository\com\vladsch\flexmark\flexmark-ext-jekyll-tag\0.34.30\flexmark-ext-jekyll-tag-0.34.30.jar;C:\Users\saral\.m2\repository\com\vladsch\flexmark\flexmark-ext-media-tags\0.34.30\flexmark-ext-media-tags-0.34.30.jar;C:\Users\saral\.m2\repository\com\vladsch\flexmark\flexmark-test-util\0.34.30\flexmark-test-util-0.34.30.jar;C:\Users\saral\.m2\repository\com\vladsch\flexmark\flexmark-ext-ins\0.34.30\flexmark-ext-ins-0.34.30.jar;C:\Users\saral\.m2\repository\com\vladsch\flexmark\flexmark-ext-xwiki-macros\0.34.30\flexmark-ext-xwiki-macros-0.34.30.jar;C:\Users\saral\.m2\repository\com\vladsch\flexmark\flexmark-ext-superscript\0.34.30\flexmark-ext-superscript-0.34.30.jar;C:\Users\saral\.m2\repository\com\vladsch\flexmark\flexmark-ext-tables\0.34.30\flexmark-ext-tables-0.34.30.jar;C:\Users\saral\.m2\repository\com\vladsch\flexmark\flexmark-ext-toc\0.34.30\flexmark-ext-toc-0.34.30.jar;C:\Users\saral\.m2\repository\com\vladsch\flexmark\flexmark-ext-typographic\0.34.30\flexmark-ext-typographic-0.34.30.jar;C:\Users\saral\.m2\repository\com\vladsch\flexmark\flexmark-ext-wikilink\0.34.30\flexmark-ext-wikilink-0.34.30.jar;C:\Users\saral\.m2\repository\com\vladsch\flexmark\flexmark-ext-yaml-front-matter\0.34.30\flexmark-ext-yaml-front-matter-0.34.30.jar;C:\Users\saral\.m2\repository\com\vladsch\flexmark\flexmark-ext-youtube-embedded\0.34.30\flexmark-ext-youtube-embedded-0.34.30.jar;C:\Users\saral\.m2\repository\com\vladsch\flexmark\flexmark-formatter\0.34.30\flexmark-formatter-0.34.30.jar;C:\Users\saral\.m2\repository\com\vladsch\flexmark\flexmark-html-parser\0.34.30\flexmark-html-parser-0.34.30.jar;C:\Users\saral\.m2\repository\com\vladsch\flexmark\flexmark-jira-converter\0.34.30\flexmark-jira-converter-0.34.30.jar;C:\Users\saral\.m2\repository\com\vladsch\flexmark\flexmark-pdf-converter\0.34.30\flexmark-pdf-converter-0.34.30.jar;C:\Users\saral\.m2\repository\com\openhtmltopdf\openhtmltopdf-core\0.0.1-RC13\openhtmltopdf-core-0.0.1-RC13.jar;C:\Users\saral\.m2\repository\com\openhtmltopdf\openhtmltopdf-pdfbox\0.0.1-RC13\openhtmltopdf-pdfbox-0.0.1-RC13.jar;C:\Users\saral\.m2\repository\org\apache\pdfbox\pdfbox\2.0.8\pdfbox-2.0.8.jar;C:\Users\saral\.m2\repository\org\apache\pdfbox\fontbox\2.0.8\fontbox-2.0.8.jar;C:\Users\saral\.m2\repository\commons-logging\commons-logging\1.2\commons-logging-1.2.jar;C:\Users\saral\.m2\repository\org\apache\pdfbox\xmpbox\2.0.8\xmpbox-2.0.8.jar;C:\Users\saral\.m2\repository\de\rototor\pdfbox\graphics2d\0.12\graphics2d-0.12.jar;C:\Users\saral\.m2\repository\com\openhtmltopdf\openhtmltopdf-rtl-support\0.0.1-RC13\openhtmltopdf-rtl-support-0.0.1-RC13.jar;C:\Users\saral\.m2\repository\com\ibm\icu\icu4j\59.1\icu4j-59.1.jar;C:\Users\saral\.m2\repository\com\openhtmltopdf\openhtmltopdf-jsoup-dom-converter\0.0.1-RC13\openhtmltopdf-jsoup-dom-converter-0.0.1-RC13.jar;C:\Users\saral\.m2\repository\com\vladsch\flexmark\flexmark-profile-pegdown\0.34.30\flexmark-profile-pegdown-0.34.30.jar;C:\Users\saral\.m2\repository\com\vladsch\flexmark\flexmark-util\0.34.30\flexmark-util-0.34.30.jar;C:\Users\saral\.m2\repository\com\vladsch\flexmark\flexmark-youtrack-converter\0.34.30\flexmark-youtrack-converter-0.34.30.jar;C:\Users\saral\.m2\repository\es\nitaur\markdown\txtmark\0.16\txtmark-0.16.jar;C:\Users\saral\.m2\repository\net\serenity-bdd\serenity-report-resources\3.2.1\serenity-report-resources-3.2.1.jar;C:\Users\saral\.m2\repository\com\google\code\gson\gson\2.9.0\gson-2.9.0.jar;C:\Users\saral\.m2\repository\com\fasterxml\jackson\core\jackson-core\2.13.2\jackson-core-2.13.2.jar;C:\Users\saral\.m2\repository\com\fasterxml\jackson\core\jackson-databind\2.13.2\jackson-databind-2.13.2.jar;C:\Users\saral\.m2\repository\com\fasterxml\jackson\core\jackson-annotations\2.13.2\jackson-annotations-2.13.2.jar;C:\Users\saral\.m2\repository\commons-codec\commons-codec\1.15\commons-codec-1.15.jar;C:\Users\saral\.m2\repository\commons-io\commons-io\2.11.0\commons-io-2.11.0.jar;C:\Users\saral\.m2\repository\org\seleniumhq\selenium\selenium-java\4.1.2\selenium-java-4.1.2.jar;C:\Users\saral\.m2\repository\org\seleniumhq\selenium\selenium-devtools-v85\4.1.2\selenium-devtools-v85-4.1.2.jar;C:\Users\saral\.m2\repository\org\seleniumhq\selenium\selenium-devtools-v95\4.1.2\selenium-devtools-v95-4.1.2.jar;C:\Users\saral\.m2\repository\org\seleniumhq\selenium\selenium-devtools-v96\4.1.2\selenium-devtools-v96-4.1.2.jar;C:\Users\saral\.m2\repository\org\seleniumhq\selenium\selenium-devtools-v97\4.1.2\selenium-devtools-v97-4.1.2.jar;C:\Users\saral\.m2\repository\org\seleniumhq\selenium\selenium-firefox-xpi-driver\4.1.2\selenium-firefox-xpi-driver-4.1.2.jar;C:\Users\saral\.m2\repository\org\seleniumhq\selenium\selenium-opera-driver\4.1.2\selenium-opera-driver-4.1.2.jar;C:\Users\saral\.m2\repository\org\seleniumhq\selenium\selenium-remote-driver\4.1.2\selenium-remote-driver-4.1.2.jar;C:\Users\saral\.m2\repository\com\beust\jcommander\1.82\jcommander-1.82.jar;C:\Users\saral\.m2\repository\io\netty\netty-buffer\4.1.73.Final\netty-buffer-4.1.73.Final.jar;C:\Users\saral\.m2\repository\io\netty\netty-codec-http\4.1.73.Final\netty-codec-http-4.1.73.Final.jar;C:\Users\saral\.m2\repository\io\netty\netty-codec\4.1.73.Final\netty-codec-4.1.73.Final.jar;C:\Users\saral\.m2\repository\io\netty\netty-handler\4.1.73.Final\netty-handler-4.1.73.Final.jar;C:\Users\saral\.m2\repository\io\netty\netty-tcnative-classes\2.0.46.Final\netty-tcnative-classes-2.0.46.Final.jar;C:\Users\saral\.m2\repository\io\netty\netty-common\4.1.73.Final\netty-common-4.1.73.Final.jar;C:\Users\saral\.m2\repository\io\netty\netty-transport-classes-epoll\4.1.73.Final\netty-transport-classes-epoll-4.1.73.Final.jar;C:\Users\saral\.m2\repository\io\netty\netty-transport-classes-kqueue\4.1.73.Final\netty-transport-classes-kqueue-4.1.73.Final.jar;C:\Users\saral\.m2\repository\io\netty\netty-transport-native-epoll\4.1.73.Final\netty-transport-native-epoll-4.1.73.Final.jar;C:\Users\saral\.m2\repository\io\netty\netty-transport-native-kqueue\4.1.73.Final\netty-transport-native-kqueue-4.1.73.Final.jar;C:\Users\saral\.m2\repository\io\netty\netty-transport-native-unix-common\4.1.73.Final\netty-transport-native-unix-common-4.1.73.Final.jar;C:\Users\saral\.m2\repository\io\netty\netty-transport\4.1.73.Final\netty-transport-4.1.73.Final.jar;C:\Users\saral\.m2\repository\io\netty\netty-resolver\4.1.73.Final\netty-resolver-4.1.73.Final.jar;C:\Users\saral\.m2\repository\io\opentelemetry\opentelemetry-api\1.10.1\opentelemetry-api-1.10.1.jar;C:\Users\saral\.m2\repository\io\opentelemetry\opentelemetry-context\1.10.1\opentelemetry-context-1.10.1.jar;C:\Users\saral\.m2\repository\io\opentelemetry\opentelemetry-exporter-logging\1.10.1\opentelemetry-exporter-logging-1.10.1.jar;C:\Users\saral\.m2\repository\io\opentelemetry\opentelemetry-sdk-metrics\1.10.1-alpha\opentelemetry-sdk-metrics-1.10.1-alpha.jar;C:\Users\saral\.m2\repository\io\opentelemetry\opentelemetry-sdk-logs\1.10.1-alpha\opentelemetry-sdk-logs-1.10.1-alpha.jar;C:\Users\saral\.m2\repository\io\opentelemetry\opentelemetry-sdk-common\1.10.1\opentelemetry-sdk-common-1.10.1.jar;C:\Users\saral\.m2\repository\io\opentelemetry\opentelemetry-sdk-extension-autoconfigure-spi\1.10.1\opentelemetry-sdk-extension-autoconfigure-spi-1.10.1.jar;C:\Users\saral\.m2\repository\io\opentelemetry\opentelemetry-sdk-extension-autoconfigure\1.10.1-alpha\opentelemetry-sdk-extension-autoconfigure-1.10.1-alpha.jar;C:\Users\saral\.m2\repository\io\opentelemetry\opentelemetry-sdk-trace\1.10.1\opentelemetry-sdk-trace-1.10.1.jar;C:\Users\saral\.m2\repository\io\opentelemetry\opentelemetry-sdk\1.10.1\opentelemetry-sdk-1.10.1.jar;C:\Users\saral\.m2\repository\io\opentelemetry\opentelemetry-semconv\1.10.1-alpha\opentelemetry-semconv-1.10.1-alpha.jar;C:\Users\saral\.m2\repository\io\ous\jtoml\2.0.0\jtoml-2.0.0.jar;C:\Users\saral\.m2\repository\org\apache\commons\commons-exec\1.3\commons-exec-1.3.jar;C:\Users\saral\.m2\repository\org\asynchttpclient\async-http-client\2.12.3\async-http-client-2.12.3.jar;C:\Users\saral\.m2\repository\org\asynchttpclient\async-http-client-netty-utils\2.12.3\async-http-client-netty-utils-2.12.3.jar;C:\Users\saral\.m2\repository\io\netty\netty-codec-socks\4.1.60.Final\netty-codec-socks-4.1.60.Final.jar;C:\Users\saral\.m2\repository\io\netty\netty-handler-proxy\4.1.60.Final\netty-handler-proxy-4.1.60.Final.jar;C:\Users\saral\.m2\repository\io\netty\netty-transport-native-epoll\4.1.60.Final\netty-transport-native-epoll-4.1.60.Final-linux-x86_64.jar;C:\Users\saral\.m2\repository\io\netty\netty-transport-native-kqueue\4.1.60.Final\netty-transport-native-kqueue-4.1.60.Final-osx-x86_64.jar;C:\Users\saral\.m2\repository\org\reactivestreams\reactive-streams\1.0.3\reactive-streams-1.0.3.jar;C:\Users\saral\.m2\repository\com\typesafe\netty\netty-reactive-streams\2.0.4\netty-reactive-streams-2.0.4.jar;C:\Users\saral\.m2\repository\org\seleniumhq\selenium\selenium-http\4.1.2\selenium-http-4.1.2.jar;C:\Users\saral\.m2\repository\net\jodah\failsafe\2.4.4\failsafe-2.4.4.jar;C:\Users\saral\.m2\repository\org\seleniumhq\selenium\selenium-safari-driver\4.1.2\selenium-safari-driver-4.1.2.jar;C:\Users\saral\.m2\repository\org\seleniumhq\selenium\selenium-api\4.1.2\selenium-api-4.1.2.jar;C:\Users\saral\.m2\repository\org\seleniumhq\selenium\selenium-support\4.1.2\selenium-support-4.1.2.jar;C:\Users\saral\.m2\repository\com\google\auto\service\auto-service-annotations\1.0.1\auto-service-annotations-1.0.1.jar;C:\Users\saral\.m2\repository\com\google\auto\service\auto-service\1.0.1\auto-service-1.0.1.jar;C:\Users\saral\.m2\repository\com\google\auto\auto-common\1.2\auto-common-1.2.jar;C:\Users\saral\.m2\repository\org\seleniumhq\selenium\selenium-json\4.1.2\selenium-json-4.1.2.jar;C:\Users\saral\.m2\repository\org\seleniumhq\selenium\selenium-chrome-driver\4.1.2\selenium-chrome-driver-4.1.2.jar;C:\Users\saral\.m2\repository\org\seleniumhq\selenium\selenium-chromium-driver\4.1.2\selenium-chromium-driver-4.1.2.jar;C:\Users\saral\.m2\repository\org\seleniumhq\selenium\selenium-firefox-driver\4.1.2\selenium-firefox-driver-4.1.2.jar;C:\Users\saral\.m2\repository\org\seleniumhq\selenium\selenium-edge-driver\4.1.2\selenium-edge-driver-4.1.2.jar;C:\Users\saral\.m2\repository\org\seleniumhq\selenium\selenium-ie-driver\4.1.2\selenium-ie-driver-4.1.2.jar;C:\Users\saral\.m2\repository\org\projectlombok\lombok\1.18.20\lombok-1.18.20.jar;C:\Users\saral\.m2\repository\io\appium\java-client\8.0.0\java-client-8.0.0.jar;C:\Users\saral\.m2\repository\commons-validator\commons-validator\1.7\commons-validator-1.7.jar;C:\Users\saral\.m2\repository\commons-digester\commons-digester\2.1\commons-digester-2.1.jar;C:\Users\saral\.m2\repository\org\aspectj\aspectjweaver\1.9.8\aspectjweaver-1.9.8.jar;C:\Users\saral\.m2\repository\org\codehaus\groovy\groovy\3.0.10\groovy-3.0.10.jar;C:\Users\saral\.m2\repository\net\sf\opencsv\opencsv\2.0\opencsv-2.0.jar;C:\Users\saral\.m2\repository\commons-beanutils\commons-beanutils\1.9.4\commons-beanutils-1.9.4.jar;C:\Users\saral\.m2\repository\org\apache\commons\commons-lang3\3.12.0\commons-lang3-3.12.0.jar;C:\Users\saral\.m2\repository\commons-collections\commons-collections\3.2.2\commons-collections-3.2.2.jar;C:\Users\saral\.m2\repository\org\fluentlenium\fluentlenium-core\0.10.2\fluentlenium-core-0.10.2.jar;C:\Users\saral\.m2\repository\io\github\bonigarcia\webdrivermanager\5.1.0\webdrivermanager-5.1.0.jar;C:\Users\saral\.m2\repository\com\github\docker-java\docker-java\3.2.13\docker-java-3.2.13.jar;C:\Users\saral\.m2\repository\com\github\docker-java\docker-java-core\3.2.13\docker-java-core-3.2.13.jar;C:\Users\saral\.m2\repository\com\github\docker-java\docker-java-api\3.2.13\docker-java-api-3.2.13.jar;C:\Users\saral\.m2\repository\org\apache\commons\commons-compress\1.21\commons-compress-1.21.jar;C:\Users\saral\.m2\repository\org\bouncycastle\bcpkix-jdk15on\1.64\bcpkix-jdk15on-1.64.jar;C:\Users\saral\.m2\repository\org\bouncycastle\bcprov-jdk15on\1.64\bcprov-jdk15on-1.64.jar;C:\Users\saral\.m2\repository\org\slf4j\jcl-over-slf4j\1.7.30\jcl-over-slf4j-1.7.30.jar;C:\Users\saral\.m2\repository\com\github\docker-java\docker-java-transport-httpclient5\3.2.13\docker-java-transport-httpclient5-3.2.13.jar;C:\Users\saral\.m2\repository\com\github\docker-java\docker-java-transport\3.2.13\docker-java-transport-3.2.13.jar;C:\Users\saral\.m2\repository\org\apache\httpcomponents\client5\httpclient5\5.0.3\httpclient5-5.0.3.jar;C:\Users\saral\.m2\repository\org\apache\httpcomponents\core5\httpcore5\5.0.2\httpcore5-5.0.2.jar;C:\Users\saral\.m2\repository\net\java\dev\jna\jna\5.8.0\jna-5.8.0.jar;C:\Users\saral\.m2\repository\org\brotli\dec\0.1.2\dec-0.1.2.jar;C:\Users\saral\.m2\repository\com\jhlabs\filters\2.0.235\filters-2.0.235.jar;C:\Users\saral\.m2\repository\com\paulhammant\ngwebdriver\1.1.6\ngwebdriver-1.1.6.jar;C:\Users\saral\.m2\repository\joda-time\joda-time\2.8.2\joda-time-2.8.2.jar;C:\Users\saral\.m2\repository\org\hamcrest\hamcrest\2.2\hamcrest-2.2.jar;C:\Users\saral\.m2\repository\com\google\jimfs\jimfs\1.2\jimfs-1.2.jar;C:\Users\saral\.m2\repository\org\mockito\mockito-core\3.3.3\mockito-core-3.3.3.jar;C:\Users\saral\.m2\repository\javax\xml\bind\jaxb-api\2.3.1\jaxb-api-2.3.1.jar;C:\Users\saral\.m2\repository\javax\activation\javax.activation-api\1.2.0\javax.activation-api-1.2.0.jar;C:\Users\saral\.m2\repository\com\sun\xml\bind\jaxb-core\2.3.0.1\jaxb-core-2.3.0.1.jar;C:\Users\saral\.m2\repository\com\sun\xml\bind\jaxb-impl\2.3.3\jaxb-impl-2.3.3.jar;C:\Users\saral\.m2\repository\jakarta\xml\bind\jakarta.xml.bind-api\2.3.3\jakarta.xml.bind-api-2.3.3.jar;C:\Users\saral\.m2\repository\com\sun\activation\jakarta.activation\1.2.2\jakarta.activation-1.2.2.jar;C:\Users\saral\.m2\repository\javax\activation\activation\1.1.1\activation-1.1.1.jar;C:\Users\saral\.m2\repository\net\serenity-bdd\serenity-cucumber\3.2.1\serenity-cucumber-3.2.1.jar;C:\Users\saral\.m2\repository\io\cucumber\cucumber-core\7.2.3\cucumber-core-7.2.3.jar;C:\Users\saral\.m2\repository\io\cucumber\cucumber-gherkin\7.2.3\cucumber-gherkin-7.2.3.jar;C:\Users\saral\.m2\repository\io\cucumber\cucumber-gherkin-messages\7.2.3\cucumber-gherkin-messages-7.2.3.jar;C:\Users\saral\.m2\repository\io\cucumber\messages\17.1.1\messages-17.1.1.jar;C:\Users\saral\.m2\repository\io\cucumber\tag-expressions\4.1.0\tag-expressions-4.1.0.jar;C:\Users\saral\.m2\repository\io\cucumber\cucumber-expressions\15.0.1\cucumber-expressions-15.0.1.jar;C:\Users\saral\.m2\repository\io\cucumber\datatable\7.2.3\datatable-7.2.3.jar;C:\Users\saral\.m2\repository\io\cucumber\cucumber-plugin\7.2.3\cucumber-plugin-7.2.3.jar;C:\Users\saral\.m2\repository\io\cucumber\docstring\7.2.3\docstring-7.2.3.jar;C:\Users\saral\.m2\repository\io\cucumber\html-formatter\17.0.0\html-formatter-17.0.0.jar;C:\Users\saral\.m2\repository\io\cucumber\ci-environment\8.1.0\ci-environment-8.1.0.jar;C:\Users\saral\.m2\repository\io\cucumber\cucumber-junit\7.2.3\cucumber-junit-7.2.3.jar;C:\Users\saral\.m2\repository\org\apache\commons\commons-csv\1.5\commons-csv-1.5.jar;C:\Users\saral\.m2\repository\net\serenity-bdd\serenity-screenplay\3.2.1\serenity-screenplay-3.2.1.jar;C:\Users\saral\.m2\repository\net\serenity-bdd\serenity-screenplay-webdriver\3.2.1\serenity-screenplay-webdriver-3.2.1.jar;C:\Users\saral\.m2\repository\net\serenity-bdd\serenity-ensure\3.2.1\serenity-ensure-3.2.1.jar;C:\Users\saral\.m2\repository\net\serenity-bdd\serenity-junit\3.2.1\serenity-junit-3.2.1.jar;C:\Users\saral\.m2\repository\org\jetbrains\kotlin\kotlin-stdlib\1.6.0\kotlin-stdlib-1.6.0.jar;C:\Users\saral\.m2\repository\org\jetbrains\annotations\13.0\annotations-13.0.jar;C:\Users\saral\.m2\repository\org\jetbrains\kotlin\kotlin-stdlib-common\1.6.0\kotlin-stdlib-common-1.6.0.jar;C:\Users\saral\.m2\repository\org\junit\platform\junit-platform-launcher\1.8.1\junit-platform-launcher-1.8.1.jar;C:\Users\saral\.m2\repository\org\junit\platform\junit-platform-engine\1.8.1\junit-platform-engine-1.8.1.jar;C:\Users\saral\.m2\repository\org\opentest4j\opentest4j\1.2.0\opentest4j-1.2.0.jar;C:\Users\saral\.m2\repository\org\junit\platform\junit-platform-commons\1.8.1\junit-platform-commons-1.8.1.jar;C:\Users\saral\.m2\repository\org\apiguardian\apiguardian-api\1.1.2\apiguardian-api-1.1.2.jar;C:\Users\saral\.m2\repository\org\junit\jupiter\junit-jupiter-engine\5.8.2\junit-jupiter-engine-5.8.2.jar;C:\Users\saral\.m2\repository\org\junit\jupiter\junit-jupiter-api\5.8.2\junit-jupiter-api-5.8.2.jar;C:\Users\saral\.m2\repository\org\junit\vintage\junit-vintage-engine\5.8.2\junit-vintage-engine-5.8.2.jar;C:\Users\saral\.m2\repository\junit\junit\4.13.2\junit-4.13.2.jar;C:\Users\saral\.m2\repository\org\hamcrest\hamcrest-core\1.3\hamcrest-core-1.3.jar;C:\Users\saral\.m2\repository\ch\qos\logback\logback-classic\1.2.10\logback-classic-1.2.10.jar;C:\Users\saral\.m2\repository\ch\qos\logback\logback-core\1.2.10\logback-core-1.2.10.jar;C:\Users\saral\.m2\repository\org\slf4j\slf4j-api\1.7.32\slf4j-api-1.7.32.jar;C:\Users\saral\.m2\repository\org\assertj\assertj-core\3.6.2\assertj-core-3.6.2.jar;C:\Users\saral\.m2\repository\com\github\javafaker\javafaker\1.0.2\javafaker-1.0.2.jar;C:\Users\saral\.m2\repository\org\yaml\snakeyaml\1.23\snakeyaml-1.23-android.jar;C:\Users\saral\.m2\repository\com\github\mifmif\generex\1.0.2\generex-1.0.2.jar;C:\Users\saral\.m2\repository\dk\brics\automaton\automaton\1.11-8\automaton-1.11-8.jar;"/>
    <property name="sun.cpu.endian" value="little"/>
    <property name="user.home" value="C:\Users\saral"/>
    <property name="user.language" value="en"/>
    <property name="java.specification.vendor" value="Oracle Corporation"/>
    <property name="jdk.module.path" value="D:\Intern\MSIB Alterra\alterra-mini-project\Serenity UI Test\target\MiniProject-1.0-SNAPSHOT.jar"/>
    <property name="java.version.date" value="2021-10-19"/>
    <property name="java.home" value="C:\Program Files\Java\jdk-11.0.13"/>
    <property name="file.separator" value="\"/>
    <property name="basedir" value="D:\Intern\MSIB Alterra\alterra-mini-project\Serenity UI Test"/>
    <property name="java.vm.compressedOopsMode" value="Zero based"/>
    <property name="line.separator" value="&#10;"/>
    <property name="java.specification.name" value="Java Platform API Specification"/>
    <property name="java.vm.specification.vendor" value="Oracle Corporation"/>
    <property name="java.awt.graphicsenv" value="sun.awt.Win32GraphicsEnvironment"/>
    <property name="surefire.real.class.path" value="C:\Users\saral\.m2\repository\org\apache\maven\surefire\surefire-booter\3.0.0-M5\surefire-booter-3.0.0-M5.jar;C:\Users\saral\.m2\repository\org\apache\maven\surefire\surefire-api\3.0.0-M5\surefire-api-3.0.0-M5.jar;C:\Users\saral\.m2\repository\org\apache\maven\surefire\surefire-logger-api\3.0.0-M5\surefire-logger-api-3.0.0-M5.jar;C:\Users\saral\.m2\repository\org\apache\maven\surefire\surefire-shared-utils\3.0.0-M4\surefire-shared-utils-3.0.0-M4.jar;C:\Users\saral\.m2\repository\org\apache\maven\surefire\surefire-extensions-spi\3.0.0-M5\surefire-extensions-spi-3.0.0-M5.jar;D:\Intern\MSIB Alterra\alterra-mini-project\Serenity UI Test\target\test-classes;C:\Users\saral\.m2\repository\net\serenity-bdd\serenity-core\3.2.1\serenity-core-3.2.1.jar;C:\Users\saral\.m2\repository\net\serenity-bdd\serenity-model\3.2.1\serenity-model-3.2.1.jar;C:\Users\saral\.m2\repository\org\apache\commons\commons-text\1.9\commons-text-1.9.jar;C:\Users\saral\.m2\repository\commons-net\commons-net\3.8.0\commons-net-3.8.0.jar;C:\Users\saral\.m2\repository\com\google\guava\guava\31.1-jre\guava-31.1-jre.jar;C:\Users\saral\.m2\repository\com\google\guava\failureaccess\1.0.1\failureaccess-1.0.1.jar;C:\Users\saral\.m2\repository\com\google\guava\listenablefuture\9999.0-empty-to-avoid-conflict-with-guava\listenablefuture-9999.0-empty-to-avoid-conflict-with-guava.jar;C:\Users\saral\.m2\repository\com\google\code\findbugs\jsr305\3.0.2\jsr305-3.0.2.jar;C:\Users\saral\.m2\repository\org\checkerframework\checker-qual\3.12.0\checker-qual-3.12.0.jar;C:\Users\saral\.m2\repository\com\google\errorprone\error_prone_annotations\2.11.0\error_prone_annotations-2.11.0.jar;C:\Users\saral\.m2\repository\com\google\j2objc\j2objc-annotations\1.3\j2objc-annotations-1.3.jar;C:\Users\saral\.m2\repository\com\google\inject\guice\5.1.0\guice-5.1.0.jar;C:\Users\saral\.m2\repository\javax\inject\javax.inject\1\javax.inject-1.jar;C:\Users\saral\.m2\repository\aopalliance\aopalliance\1.0\aopalliance-1.0.jar;C:\Users\saral\.m2\repository\org\jsoup\jsoup\1.14.3\jsoup-1.14.3.jar;C:\Users\saral\.m2\repository\com\thoughtworks\xstream\xstream\1.4.19\xstream-1.4.19.jar;C:\Users\saral\.m2\repository\io\github\x-stream\mxparser\1.2.2\mxparser-1.2.2.jar;C:\Users\saral\.m2\repository\xmlpull\xmlpull\1.1.3.1\xmlpull-1.1.3.1.jar;C:\Users\saral\.m2\repository\io\cucumber\cucumber-java\7.2.3\cucumber-java-7.2.3.jar;C:\Users\saral\.m2\repository\com\typesafe\config\1.4.2\config-1.4.2.jar;C:\Users\saral\.m2\repository\org\imgscalr\imgscalr-lib\4.2\imgscalr-lib-4.2.jar;C:\Users\saral\.m2\repository\org\awaitility\awaitility\4.2.0\awaitility-4.2.0.jar;C:\Users\saral\.m2\repository\org\freemarker\freemarker\2.3.31\freemarker-2.3.31.jar;C:\Users\saral\.m2\repository\io\github\classgraph\classgraph\4.8.138\classgraph-4.8.138.jar;C:\Users\saral\.m2\repository\net\sourceforge\jexcelapi\jxl\2.6.12\jxl-2.6.12.jar;C:\Users\saral\.m2\repository\net\bytebuddy\byte-buddy\1.12.8\byte-buddy-1.12.8.jar;C:\Users\saral\.m2\repository\net\bytebuddy\byte-buddy-agent\1.12.8\byte-buddy-agent-1.12.8.jar;C:\Users\saral\.m2\repository\org\objenesis\objenesis\3.1\objenesis-3.1.jar;C:\Users\saral\.m2\repository\net\serenity-bdd\serenity-reports\3.2.1\serenity-reports-3.2.1.jar;C:\Users\saral\.m2\repository\net\serenity-bdd\serenity-stats\3.2.1\serenity-stats-3.2.1.jar;C:\Users\saral\.m2\repository\net\serenity-bdd\serenity-reports-configuration\3.2.1\serenity-reports-configuration-3.2.1.jar;C:\Users\saral\.m2\repository\com\vladsch\flexmark\flexmark-all\0.34.30\flexmark-all-0.34.30.jar;C:\Users\saral\.m2\repository\com\vladsch\flexmark\flexmark\0.34.30\flexmark-0.34.30.jar;C:\Users\saral\.m2\repository\com\vladsch\flexmark\flexmark-ext-abbreviation\0.34.30\flexmark-ext-abbreviation-0.34.30.jar;C:\Users\saral\.m2\repository\com\vladsch\flexmark\flexmark-ext-admonition\0.34.30\flexmark-ext-admonition-0.34.30.jar;C:\Users\saral\.m2\repository\com\vladsch\flexmark\flexmark-ext-anchorlink\0.34.30\flexmark-ext-anchorlink-0.34.30.jar;C:\Users\saral\.m2\repository\com\vladsch\flexmark\flexmark-ext-aside\0.34.30\flexmark-ext-aside-0.34.30.jar;C:\Users\saral\.m2\repository\com\vladsch\flexmark\flexmark-ext-attributes\0.34.30\flexmark-ext-attributes-0.34.30.jar;C:\Users\saral\.m2\repository\com\vladsch\flexmark\flexmark-ext-autolink\0.34.30\flexmark-ext-autolink-0.34.30.jar;C:\Users\saral\.m2\repository\org\nibor\autolink\autolink\0.6.0\autolink-0.6.0.jar;C:\Users\saral\.m2\repository\com\vladsch\flexmark\flexmark-ext-definition\0.34.30\flexmark-ext-definition-0.34.30.jar;C:\Users\saral\.m2\repository\com\vladsch\flexmark\flexmark-ext-emoji\0.34.30\flexmark-ext-emoji-0.34.30.jar;C:\Users\saral\.m2\repository\com\vladsch\flexmark\flexmark-ext-enumerated-reference\0.34.30\flexmark-ext-enumerated-reference-0.34.30.jar;C:\Users\saral\.m2\repository\com\vladsch\flexmark\flexmark-ext-escaped-character\0.34.30\flexmark-ext-escaped-character-0.34.30.jar;C:\Users\saral\.m2\repository\com\vladsch\flexmark\flexmark-ext-footnotes\0.34.30\flexmark-ext-footnotes-0.34.30.jar;C:\Users\saral\.m2\repository\com\vladsch\flexmark\flexmark-ext-gfm-issues\0.34.30\flexmark-ext-gfm-issues-0.34.30.jar;C:\Users\saral\.m2\repository\com\vladsch\flexmark\flexmark-ext-gfm-strikethrough\0.34.30\flexmark-ext-gfm-strikethrough-0.34.30.jar;C:\Users\saral\.m2\repository\com\vladsch\flexmark\flexmark-ext-gfm-tables\0.34.30\flexmark-ext-gfm-tables-0.34.30.jar;C:\Users\saral\.m2\repository\com\vladsch\flexmark\flexmark-ext-gfm-tasklist\0.34.30\flexmark-ext-gfm-tasklist-0.34.30.jar;C:\Users\saral\.m2\repository\com\vladsch\flexmark\flexmark-ext-gfm-users\0.34.30\flexmark-ext-gfm-users-0.34.30.jar;C:\Users\saral\.m2\repository\com\vladsch\flexmark\flexmark-ext-gitlab\0.34.30\flexmark-ext-gitlab-0.34.30.jar;C:\Users\saral\.m2\repository\com\vladsch\flexmark\flexmark-ext-jekyll-front-matter\0.34.30\flexmark-ext-jekyll-front-matter-0.34.30.jar;C:\Users\saral\.m2\repository\com\vladsch\flexmark\flexmark-ext-jekyll-tag\0.34.30\flexmark-ext-jekyll-tag-0.34.30.jar;C:\Users\saral\.m2\repository\com\vladsch\flexmark\flexmark-ext-media-tags\0.34.30\flexmark-ext-media-tags-0.34.30.jar;C:\Users\saral\.m2\repository\com\vladsch\flexmark\flexmark-test-util\0.34.30\flexmark-test-util-0.34.30.jar;C:\Users\saral\.m2\repository\com\vladsch\flexmark\flexmark-ext-ins\0.34.30\flexmark-ext-ins-0.34.30.jar;C:\Users\saral\.m2\repository\com\vladsch\flexmark\flexmark-ext-xwiki-macros\0.34.30\flexmark-ext-xwiki-macros-0.34.30.jar;C:\Users\saral\.m2\repository\com\vladsch\flexmark\flexmark-ext-superscript\0.34.30\flexmark-ext-superscript-0.34.30.jar;C:\Users\saral\.m2\repository\com\vladsch\flexmark\flexmark-ext-tables\0.34.30\flexmark-ext-tables-0.34.30.jar;C:\Users\saral\.m2\repository\com\vladsch\flexmark\flexmark-ext-toc\0.34.30\flexmark-ext-toc-0.34.30.jar;C:\Users\saral\.m2\repository\com\vladsch\flexmark\flexmark-ext-typographic\0.34.30\flexmark-ext-typographic-0.34.30.jar;C:\Users\saral\.m2\repository\com\vladsch\flexmark\flexmark-ext-wikilink\0.34.30\flexmark-ext-wikilink-0.34.30.jar;C:\Users\saral\.m2\repository\com\vladsch\flexmark\flexmark-ext-yaml-front-matter\0.34.30\flexmark-ext-yaml-front-matter-0.34.30.jar;C:\Users\saral\.m2\repository\com\vladsch\flexmark\flexmark-ext-youtube-embedded\0.34.30\flexmark-ext-youtube-embedded-0.34.30.jar;C:\Users\saral\.m2\repository\com\vladsch\flexmark\flexmark-formatter\0.34.30\flexmark-formatter-0.34.30.jar;C:\Users\saral\.m2\repository\com\vladsch\flexmark\flexmark-html-parser\0.34.30\flexmark-html-parser-0.34.30.jar;C:\Users\saral\.m2\repository\com\vladsch\flexmark\flexmark-jira-converter\0.34.30\flexmark-jira-converter-0.34.30.jar;C:\Users\saral\.m2\repository\com\vladsch\flexmark\flexmark-pdf-converter\0.34.30\flexmark-pdf-converter-0.34.30.jar;C:\Users\saral\.m2\repository\com\openhtmltopdf\openhtmltopdf-core\0.0.1-RC13\openhtmltopdf-core-0.0.1-RC13.jar;C:\Users\saral\.m2\repository\com\openhtmltopdf\openhtmltopdf-pdfbox\0.0.1-RC13\openhtmltopdf-pdfbox-0.0.1-RC13.jar;C:\Users\saral\.m2\repository\org\apache\pdfbox\pdfbox\2.0.8\pdfbox-2.0.8.jar;C:\Users\saral\.m2\repository\org\apache\pdfbox\fontbox\2.0.8\fontbox-2.0.8.jar;C:\Users\saral\.m2\repository\commons-logging\commons-logging\1.2\commons-logging-1.2.jar;C:\Users\saral\.m2\repository\org\apache\pdfbox\xmpbox\2.0.8\xmpbox-2.0.8.jar;C:\Users\saral\.m2\repository\de\rototor\pdfbox\graphics2d\0.12\graphics2d-0.12.jar;C:\Users\saral\.m2\repository\com\openhtmltopdf\openhtmltopdf-rtl-support\0.0.1-RC13\openhtmltopdf-rtl-support-0.0.1-RC13.jar;C:\Users\saral\.m2\repository\com\ibm\icu\icu4j\59.1\icu4j-59.1.jar;C:\Users\saral\.m2\repository\com\openhtmltopdf\openhtmltopdf-jsoup-dom-converter\0.0.1-RC13\openhtmltopdf-jsoup-dom-converter-0.0.1-RC13.jar;C:\Users\saral\.m2\repository\com\vladsch\flexmark\flexmark-profile-pegdown\0.34.30\flexmark-profile-pegdown-0.34.30.jar;C:\Users\saral\.m2\repository\com\vladsch\flexmark\flexmark-util\0.34.30\flexmark-util-0.34.30.jar;C:\Users\saral\.m2\repository\com\vladsch\flexmark\flexmark-youtrack-converter\0.34.30\flexmark-youtrack-converter-0.34.30.jar;C:\Users\saral\.m2\repository\es\nitaur\markdown\txtmark\0.16\txtmark-0.16.jar;C:\Users\saral\.m2\repository\net\serenity-bdd\serenity-report-resources\3.2.1\serenity-report-resources-3.2.1.jar;C:\Users\saral\.m2\repository\com\google\code\gson\gson\2.9.0\gson-2.9.0.jar;C:\Users\saral\.m2\repository\com\fasterxml\jackson\core\jackson-core\2.13.2\jackson-core-2.13.2.jar;C:\Users\saral\.m2\repository\com\fasterxml\jackson\core\jackson-databind\2.13.2\jackson-databind-2.13.2.jar;C:\Users\saral\.m2\repository\com\fasterxml\jackson\core\jackson-annotations\2.13.2\jackson-annotations-2.13.2.jar;C:\Users\saral\.m2\repository\commons-codec\commons-codec\1.15\commons-codec-1.15.jar;C:\Users\saral\.m2\repository\commons-io\commons-io\2.11.0\commons-io-2.11.0.jar;C:\Users\saral\.m2\repository\org\seleniumhq\selenium\selenium-java\4.1.2\selenium-java-4.1.2.jar;C:\Users\saral\.m2\repository\org\seleniumhq\selenium\selenium-devtools-v85\4.1.2\selenium-devtools-v85-4.1.2.jar;C:\Users\saral\.m2\repository\org\seleniumhq\selenium\selenium-devtools-v95\4.1.2\selenium-devtools-v95-4.1.2.jar;C:\Users\saral\.m2\repository\org\seleniumhq\selenium\selenium-devtools-v96\4.1.2\selenium-devtools-v96-4.1.2.jar;C:\Users\saral\.m2\repository\org\seleniumhq\selenium\selenium-devtools-v97\4.1.2\selenium-devtools-v97-4.1.2.jar;C:\Users\saral\.m2\repository\org\seleniumhq\selenium\selenium-firefox-xpi-driver\4.1.2\selenium-firefox-xpi-driver-4.1.2.jar;C:\Users\saral\.m2\repository\org\seleniumhq\selenium\selenium-opera-driver\4.1.2\selenium-opera-driver-4.1.2.jar;C:\Users\saral\.m2\repository\org\seleniumhq\selenium\selenium-remote-driver\4.1.2\selenium-remote-driver-4.1.2.jar;C:\Users\saral\.m2\repository\com\beust\jcommander\1.82\jcommander-1.82.jar;C:\Users\saral\.m2\repository\io\netty\netty-buffer\4.1.73.Final\netty-buffer-4.1.73.Final.jar;C:\Users\saral\.m2\repository\io\netty\netty-codec-http\4.1.73.Final\netty-codec-http-4.1.73.Final.jar;C:\Users\saral\.m2\repository\io\netty\netty-codec\4.1.73.Final\netty-codec-4.1.73.Final.jar;C:\Users\saral\.m2\repository\io\netty\netty-handler\4.1.73.Final\netty-handler-4.1.73.Final.jar;C:\Users\saral\.m2\repository\io\netty\netty-tcnative-classes\2.0.46.Final\netty-tcnative-classes-2.0.46.Final.jar;C:\Users\saral\.m2\repository\io\netty\netty-common\4.1.73.Final\netty-common-4.1.73.Final.jar;C:\Users\saral\.m2\repository\io\netty\netty-transport-classes-epoll\4.1.73.Final\netty-transport-classes-epoll-4.1.73.Final.jar;C:\Users\saral\.m2\repository\io\netty\netty-transport-classes-kqueue\4.1.73.Final\netty-transport-classes-kqueue-4.1.73.Final.jar;C:\Users\saral\.m2\repository\io\netty\netty-transport-native-epoll\4.1.73.Final\netty-transport-native-epoll-4.1.73.Final.jar;C:\Users\saral\.m2\repository\io\netty\netty-transport-native-kqueue\4.1.73.Final\netty-transport-native-kqueue-4.1.73.Final.jar;C:\Users\saral\.m2\repository\io\netty\netty-transport-native-unix-common\4.1.73.Final\netty-transport-native-unix-common-4.1.73.Final.jar;C:\Users\saral\.m2\repository\io\netty\netty-transport\4.1.73.Final\netty-transport-4.1.73.Final.jar;C:\Users\saral\.m2\repository\io\netty\netty-resolver\4.1.73.Final\netty-resolver-4.1.73.Final.jar;C:\Users\saral\.m2\repository\io\opentelemetry\opentelemetry-api\1.10.1\opentelemetry-api-1.10.1.jar;C:\Users\saral\.m2\repository\io\opentelemetry\opentelemetry-context\1.10.1\opentelemetry-context-1.10.1.jar;C:\Users\saral\.m2\repository\io\opentelemetry\opentelemetry-exporter-logging\1.10.1\opentelemetry-exporter-logging-1.10.1.jar;C:\Users\saral\.m2\repository\io\opentelemetry\opentelemetry-sdk-metrics\1.10.1-alpha\opentelemetry-sdk-metrics-1.10.1-alpha.jar;C:\Users\saral\.m2\repository\io\opentelemetry\opentelemetry-sdk-logs\1.10.1-alpha\opentelemetry-sdk-logs-1.10.1-alpha.jar;C:\Users\saral\.m2\repository\io\opentelemetry\opentelemetry-sdk-common\1.10.1\opentelemetry-sdk-common-1.10.1.jar;C:\Users\saral\.m2\repository\io\opentelemetry\opentelemetry-sdk-extension-autoconfigure-spi\1.10.1\opentelemetry-sdk-extension-autoconfigure-spi-1.10.1.jar;C:\Users\saral\.m2\repository\io\opentelemetry\opentelemetry-sdk-extension-autoconfigure\1.10.1-alpha\opentelemetry-sdk-extension-autoconfigure-1.10.1-alpha.jar;C:\Users\saral\.m2\repository\io\opentelemetry\opentelemetry-sdk-trace\1.10.1\opentelemetry-sdk-trace-1.10.1.jar;C:\Users\saral\.m2\repository\io\opentelemetry\opentelemetry-sdk\1.10.1\opentelemetry-sdk-1.10.1.jar;C:\Users\saral\.m2\repository\io\opentelemetry\opentelemetry-semconv\1.10.1-alpha\opentelemetry-semconv-1.10.1-alpha.jar;C:\Users\saral\.m2\repository\io\ous\jtoml\2.0.0\jtoml-2.0.0.jar;C:\Users\saral\.m2\repository\org\apache\commons\commons-exec\1.3\commons-exec-1.3.jar;C:\Users\saral\.m2\repository\org\asynchttpclient\async-http-client\2.12.3\async-http-client-2.12.3.jar;C:\Users\saral\.m2\repository\org\asynchttpclient\async-http-client-netty-utils\2.12.3\async-http-client-netty-utils-2.12.3.jar;C:\Users\saral\.m2\repository\io\netty\netty-codec-socks\4.1.60.Final\netty-codec-socks-4.1.60.Final.jar;C:\Users\saral\.m2\repository\io\netty\netty-handler-proxy\4.1.60.Final\netty-handler-proxy-4.1.60.Final.jar;C:\Users\saral\.m2\repository\io\netty\netty-transport-native-epoll\4.1.60.Final\netty-transport-native-epoll-4.1.60.Final-linux-x86_64.jar;C:\Users\saral\.m2\repository\io\netty\netty-transport-native-kqueue\4.1.60.Final\netty-transport-native-kqueue-4.1.60.Final-osx-x86_64.jar;C:\Users\saral\.m2\repository\org\reactivestreams\reactive-streams\1.0.3\reactive-streams-1.0.3.jar;C:\Users\saral\.m2\repository\com\typesafe\netty\netty-reactive-streams\2.0.4\netty-reactive-streams-2.0.4.jar;C:\Users\saral\.m2\repository\org\seleniumhq\selenium\selenium-http\4.1.2\selenium-http-4.1.2.jar;C:\Users\saral\.m2\repository\net\jodah\failsafe\2.4.4\failsafe-2.4.4.jar;C:\Users\saral\.m2\repository\org\seleniumhq\selenium\selenium-safari-driver\4.1.2\selenium-safari-driver-4.1.2.jar;C:\Users\saral\.m2\repository\org\seleniumhq\selenium\selenium-api\4.1.2\selenium-api-4.1.2.jar;C:\Users\saral\.m2\repository\org\seleniumhq\selenium\selenium-support\4.1.2\selenium-support-4.1.2.jar;C:\Users\saral\.m2\repository\com\google\auto\service\auto-service-annotations\1.0.1\auto-service-annotations-1.0.1.jar;C:\Users\saral\.m2\repository\com\google\auto\service\auto-service\1.0.1\auto-service-1.0.1.jar;C:\Users\saral\.m2\repository\com\google\auto\auto-common\1.2\auto-common-1.2.jar;C:\Users\saral\.m2\repository\org\seleniumhq\selenium\selenium-json\4.1.2\selenium-json-4.1.2.jar;C:\Users\saral\.m2\repository\org\seleniumhq\selenium\selenium-chrome-driver\4.1.2\selenium-chrome-driver-4.1.2.jar;C:\Users\saral\.m2\repository\org\seleniumhq\selenium\selenium-chromium-driver\4.1.2\selenium-chromium-driver-4.1.2.jar;C:\Users\saral\.m2\repository\org\seleniumhq\selenium\selenium-firefox-driver\4.1.2\selenium-firefox-driver-4.1.2.jar;C:\Users\saral\.m2\repository\org\seleniumhq\selenium\selenium-edge-driver\4.1.2\selenium-edge-driver-4.1.2.jar;C:\Users\saral\.m2\repository\org\seleniumhq\selenium\selenium-ie-driver\4.1.2\selenium-ie-driver-4.1.2.jar;C:\Users\saral\.m2\repository\org\projectlombok\lombok\1.18.20\lombok-1.18.20.jar;C:\Users\saral\.m2\repository\io\appium\java-client\8.0.0\java-client-8.0.0.jar;C:\Users\saral\.m2\repository\commons-validator\commons-validator\1.7\commons-validator-1.7.jar;C:\Users\saral\.m2\repository\commons-digester\commons-digester\2.1\commons-digester-2.1.jar;C:\Users\saral\.m2\repository\org\aspectj\aspectjweaver\1.9.8\aspectjweaver-1.9.8.jar;C:\Users\saral\.m2\repository\org\codehaus\groovy\groovy\3.0.10\groovy-3.0.10.jar;C:\Users\saral\.m2\repository\net\sf\opencsv\opencsv\2.0\opencsv-2.0.jar;C:\Users\saral\.m2\repository\commons-beanutils\commons-beanutils\1.9.4\commons-beanutils-1.9.4.jar;C:\Users\saral\.m2\repository\org\apache\commons\commons-lang3\3.12.0\commons-lang3-3.12.0.jar;C:\Users\saral\.m2\repository\commons-collections\commons-collections\3.2.2\commons-collections-3.2.2.jar;C:\Users\saral\.m2\repository\org\fluentlenium\fluentlenium-core\0.10.2\fluentlenium-core-0.10.2.jar;C:\Users\saral\.m2\repository\io\github\bonigarcia\webdrivermanager\5.1.0\webdrivermanager-5.1.0.jar;C:\Users\saral\.m2\repository\com\github\docker-java\docker-java\3.2.13\docker-java-3.2.13.jar;C:\Users\saral\.m2\repository\com\github\docker-java\docker-java-core\3.2.13\docker-java-core-3.2.13.jar;C:\Users\saral\.m2\repository\com\github\docker-java\docker-java-api\3.2.13\docker-java-api-3.2.13.jar;C:\Users\saral\.m2\repository\org\apache\commons\commons-compress\1.21\commons-compress-1.21.jar;C:\Users\saral\.m2\repository\org\bouncycastle\bcpkix-jdk15on\1.64\bcpkix-jdk15on-1.64.jar;C:\Users\saral\.m2\repository\org\bouncycastle\bcprov-jdk15on\1.64\bcprov-jdk15on-1.64.jar;C:\Users\saral\.m2\repository\org\slf4j\jcl-over-slf4j\1.7.30\jcl-over-slf4j-1.7.30.jar;C:\Users\saral\.m2\repository\com\github\docker-java\docker-java-transport-httpclient5\3.2.13\docker-java-transport-httpclient5-3.2.13.jar;C:\Users\saral\.m2\repository\com\github\docker-java\docker-java-transport\3.2.13\docker-java-transport-3.2.13.jar;C:\Users\saral\.m2\repository\org\apache\httpcomponents\client5\httpclient5\5.0.3\httpclient5-5.0.3.jar;C:\Users\saral\.m2\repository\org\apache\httpcomponents\core5\httpcore5\5.0.2\httpcore5-5.0.2.jar;C:\Users\saral\.m2\repository\net\java\dev\jna\jna\5.8.0\jna-5.8.0.jar;C:\Users\saral\.m2\repository\org\brotli\dec\0.1.2\dec-0.1.2.jar;C:\Users\saral\.m2\repository\com\jhlabs\filters\2.0.235\filters-2.0.235.jar;C:\Users\saral\.m2\repository\com\paulhammant\ngwebdriver\1.1.6\ngwebdriver-1.1.6.jar;C:\Users\saral\.m2\repository\joda-time\joda-time\2.8.2\joda-time-2.8.2.jar;C:\Users\saral\.m2\repository\org\hamcrest\hamcrest\2.2\hamcrest-2.2.jar;C:\Users\saral\.m2\repository\com\google\jimfs\jimfs\1.2\jimfs-1.2.jar;C:\Users\saral\.m2\repository\org\mockito\mockito-core\3.3.3\mockito-core-3.3.3.jar;C:\Users\saral\.m2\repository\javax\xml\bind\jaxb-api\2.3.1\jaxb-api-2.3.1.jar;C:\Users\saral\.m2\repository\javax\activation\javax.activation-api\1.2.0\javax.activation-api-1.2.0.jar;C:\Users\saral\.m2\repository\com\sun\xml\bind\jaxb-core\2.3.0.1\jaxb-core-2.3.0.1.jar;C:\Users\saral\.m2\repository\com\sun\xml\bind\jaxb-impl\2.3.3\jaxb-impl-2.3.3.jar;C:\Users\saral\.m2\repository\jakarta\xml\bind\jakarta.xml.bind-api\2.3.3\jakarta.xml.bind-api-2.3.3.jar;C:\Users\saral\.m2\repository\com\sun\activation\jakarta.activation\1.2.2\jakarta.activation-1.2.2.jar;C:\Users\saral\.m2\repository\javax\activation\activation\1.1.1\activation-1.1.1.jar;C:\Users\saral\.m2\repository\net\serenity-bdd\serenity-cucumber\3.2.1\serenity-cucumber-3.2.1.jar;C:\Users\saral\.m2\repository\io\cucumber\cucumber-core\7.2.3\cucumber-core-7.2.3.jar;C:\Users\saral\.m2\repository\io\cucumber\cucumber-gherkin\7.2.3\cucumber-gherkin-7.2.3.jar;C:\Users\saral\.m2\repository\io\cucumber\cucumber-gherkin-messages\7.2.3\cucumber-gherkin-messages-7.2.3.jar;C:\Users\saral\.m2\repository\io\cucumber\messages\17.1.1\messages-17.1.1.jar;C:\Users\saral\.m2\repository\io\cucumber\tag-expressions\4.1.0\tag-expressions-4.1.0.jar;C:\Users\saral\.m2\repository\io\cucumber\cucumber-expressions\15.0.1\cucumber-expressions-15.0.1.jar;C:\Users\saral\.m2\repository\io\cucumber\datatable\7.2.3\datatable-7.2.3.jar;C:\Users\saral\.m2\repository\io\cucumber\cucumber-plugin\7.2.3\cucumber-plugin-7.2.3.jar;C:\Users\saral\.m2\repository\io\cucumber\docstring\7.2.3\docstring-7.2.3.jar;C:\Users\saral\.m2\repository\io\cucumber\html-formatter\17.0.0\html-formatter-17.0.0.jar;C:\Users\saral\.m2\repository\io\cucumber\ci-environment\8.1.0\ci-environment-8.1.0.jar;C:\Users\saral\.m2\repository\io\cucumber\cucumber-junit\7.2.3\cucumber-junit-7.2.3.jar;C:\Users\saral\.m2\repository\org\apache\commons\commons-csv\1.5\commons-csv-1.5.jar;C:\Users\saral\.m2\repository\net\serenity-bdd\serenity-screenplay\3.2.1\serenity-screenplay-3.2.1.jar;C:\Users\saral\.m2\repository\net\serenity-bdd\serenity-screenplay-webdriver\3.2.1\serenity-screenplay-webdriver-3.2.1.jar;C:\Users\saral\.m2\repository\net\serenity-bdd\serenity-ensure\3.2.1\serenity-ensure-3.2.1.jar;C:\Users\saral\.m2\repository\net\serenity-bdd\serenity-junit\3.2.1\serenity-junit-3.2.1.jar;C:\Users\saral\.m2\repository\org\jetbrains\kotlin\kotlin-stdlib\1.6.0\kotlin-stdlib-1.6.0.jar;C:\Users\saral\.m2\repository\org\jetbrains\annotations\13.0\annotations-13.0.jar;C:\Users\saral\.m2\repository\org\jetbrains\kotlin\kotlin-stdlib-common\1.6.0\kotlin-stdlib-common-1.6.0.jar;C:\Users\saral\.m2\repository\org\junit\platform\junit-platform-launcher\1.8.1\junit-platform-launcher-1.8.1.jar;C:\Users\saral\.m2\repository\org\junit\platform\junit-platform-engine\1.8.1\junit-platform-engine-1.8.1.jar;C:\Users\saral\.m2\repository\org\opentest4j\opentest4j\1.2.0\opentest4j-1.2.0.jar;C:\Users\saral\.m2\repository\org\junit\platform\junit-platform-commons\1.8.1\junit-platform-commons-1.8.1.jar;C:\Users\saral\.m2\repository\org\apiguardian\apiguardian-api\1.1.2\apiguardian-api-1.1.2.jar;C:\Users\saral\.m2\repository\org\junit\jupiter\junit-jupiter-engine\5.8.2\junit-jupiter-engine-5.8.2.jar;C:\Users\saral\.m2\repository\org\junit\jupiter\junit-jupiter-api\5.8.2\junit-jupiter-api-5.8.2.jar;C:\Users\saral\.m2\repository\org\junit\vintage\junit-vintage-engine\5.8.2\junit-vintage-engine-5.8.2.jar;C:\Users\saral\.m2\repository\junit\junit\4.13.2\junit-4.13.2.jar;C:\Users\saral\.m2\repository\org\hamcrest\hamcrest-core\1.3\hamcrest-core-1.3.jar;C:\Users\saral\.m2\repository\ch\qos\logback\logback-classic\1.2.10\logback-classic-1.2.10.jar;C:\Users\saral\.m2\repository\ch\qos\logback\logback-core\1.2.10\logback-core-1.2.10.jar;C:\Users\saral\.m2\repository\org\slf4j\slf4j-api\1.7.32\slf4j-api-1.7.32.jar;C:\Users\saral\.m2\repository\org\assertj\assertj-core\3.6.2\assertj-core-3.6.2.jar;C:\Users\saral\.m2\repository\com\github\javafaker\javafaker\1.0.2\javafaker-1.0.2.jar;C:\Users\saral\.m2\repository\org\yaml\snakeyaml\1.23\snakeyaml-1.23-android.jar;C:\Users\saral\.m2\repository\com\github\mifmif\generex\1.0.2\generex-1.0.2.jar;C:\Users\saral\.m2\repository\dk\brics\automaton\automaton\1.11-8\automaton-1.11-8.jar;C:\Users\saral\.m2\repository\org\apache\maven\surefire\surefire-junit-platform\3.0.0-M5\surefire-junit-platform-3.0.0-M5.jar;C:\Users\saral\.m2\repository\org\apache\maven\surefire\common-java5\3.0.0-M5\common-java5-3.0.0-M5.jar"/>
    <property name="user.script" value=""/>
    <property name="java.protocol.handler.pkgs" value="com.google.common"/>
    <property name="sun.management.compiler" value="HotSpot 64-Bit Tiered Compilers"/>
    <property name="java.runtime.version" value="11.0.13+10-LTS-370"/>
    <property name="user.name" value="saral"/>
    <property name="path.separator" value=";"/>
    <property name="os.version" value="10.0"/>
    <property name="java.runtime.name" value="Java(TM) SE Runtime Environment"/>
    <property name="file.encoding" value="Cp1252"/>
    <property name="webdriver.base.url" value=""/>
    <property name="java.vm.name" value="Java HotSpot(TM) 64-Bit Server VM"/>
    <property name="java.vendor.version" value="18.9"/>
    <property name="localRepository" value="C:\Users\saral\.m2\repository"/>
    <property name="java.vendor.url.bug" value="https://bugreport.java.com/bugreport/"/>
    <property name="java.io.tmpdir" value="C:\Users\saral\AppData\Local\Temp\"/>
    <property name="java.version" value="11.0.13"/>
    <property name="user.dir" value="D:\Intern\MSIB Alterra\alterra-mini-project\Serenity UI Test"/>
    <property name="os.arch" value="amd64"/>
    <property name="java.vm.specification.name" value="Java Virtual Machine Specification"/>
    <property name="java.awt.printerjob" value="sun.awt.windows.WPrinterJob"/>
    <property name="sun.os.patch.level" value=""/>
    <property name="java.library.path" value="C:\Program Files\Java\jdk-11.0.13\bin;C:\Windows\Sun\Java\bin;C:\Windows\system32;C:\Windows;C:\Program Files\Common Files\Oracle\Java\javapath;C:\Windows\system32;C:\Windows;C:\Windows\System32\Wbem;C:\Windows\System32\WindowsPowerShell\v1.0\;C:\Windows\System32\OpenSSH\;C:\Program Files (x86)\NVIDIA Corporation\PhysX\Common;C:\Program Files\NVIDIA Corporation\NVIDIA NvDLISR;D:\xampp\php;C:\ProgramData\ComposerSetup\bin;C:\Program Files\dotnet\;C:\Program Files\Git\cmd;C:\Program Files\apache-maven-3.8.5\bin;C:\Program Files\Java\jdk-11.0.13\bin;C:\Program Files\Cloudflare\Cloudflare WARP\;C:\Program Files\nodejs\;C:\Program Files (x86)\ZeroTier\One\;C:\Users\saral\AppData\Local\Microsoft\WindowsApps;C:\Users\saral\AppData\Local\Programs\Microsoft VS Code\bin;C:\Users\saral\AppData\Local\GitHubDesktop\bin;C:\Users\saral\AppData\Roaming\Composer\vendor\bin;C:\Users\saral\.dotnet\tools;C:\Users\saral\AppData\Roaming\npm;D:\Android\sdk\platform-tools;D:\Android\sdk\emulator;;."/>
    <property name="java.vendor" value="Oracle Corporation"/>
    <property name="java.vm.info" value="mixed mode"/>
    <property name="java.vm.version" value="11.0.13+10-LTS-370"/>
    <property name="sun.io.unicode.encoding" value="UnicodeLittle"/>
    <property name="java.class.version" value="55.0"/>
  </properties>
  <testcase name="Login with valid email and password" classname="Login" time="13.868">
    <system-out><![CDATA[01:58:36.232 [main] INFO io.cucumber.core.plugin.SerenityReporter - Running feature from file:///D:/Intern/MSIB%20Alterra/alterra-mini-project/Serenity%20UI%20Test/src/test/resources/features/Login.feature
01:58:36.363 [main] INFO  - 

-------------------------------------------------------------------------------------
     _______. _______ .______       _______ .__   __.  __  .___________.____    ____ 
    /       ||   ____||   _  \     |   ____||  \ |  | |  | |           |\   \  /   / 
   |   (----`|  |__   |  |_)  |    |  |__   |   \|  | |  | `---|  |----` \   \/   /  
    \   \    |   __|  |      /     |   __|  |  . `  | |  |     |  |       \_    _/   
.----)   |   |  |____ |  |\  \----.|  |____ |  |\   | |  |     |  |         |  |     
|_______/    |_______|| _| `._____||_______||__| \__| |__|     |__|         |__|    
                                                                                     
 News and tutorials at http://www.serenity-bdd.info                                  
 Documentation at https://wakaleo.gitbooks.io/the-serenity-book/content/             
 Join the Serenity Community on Gitter: https://gitter.im/serenity-bdd/serenity-core 
 Serenity BDD Support and Training at http://serenity-bdd.info/#/trainingandsupport  
-------------------------------------------------------------------------------------

01:58:36.364 [main] DEBUG net.thucydides.core.steps.StepEventBus - Test suite started for story net.thucydides.core.model.Story@23282f08
01:58:36.367 [main] INFO  - Test Suite Started: Login
01:58:36.380 [main] INFO io.cucumber.core.plugin.SerenityReporter - Running feature from file:///D:/Intern/MSIB%20Alterra/alterra-mini-project/Serenity%20UI%20Test/src/test/resources/features/Logout.feature
01:58:36.383 [main] DEBUG net.thucydides.core.steps.StepEventBus - Test suite started for story net.thucydides.core.model.Story@7960de68
01:58:36.383 [main] INFO  - Test Suite Started: Logout
01:58:36.383 [main] INFO io.cucumber.core.plugin.SerenityReporter - Running feature from file:///D:/Intern/MSIB%20Alterra/alterra-mini-project/Serenity%20UI%20Test/src/test/resources/features/Order.feature
01:58:36.386 [main] DEBUG net.thucydides.core.steps.StepEventBus - Test suite started for story net.thucydides.core.model.Story@cc4b76a8
01:58:36.386 [main] INFO  - Test Suite Started: Order
01:58:36.386 [main] INFO io.cucumber.core.plugin.SerenityReporter - Running feature from file:///D:/Intern/MSIB%20Alterra/alterra-mini-project/Serenity%20UI%20Test/src/test/resources/features/Rating.feature
01:58:36.389 [main] DEBUG net.thucydides.core.steps.StepEventBus - Test suite started for story net.thucydides.core.model.Story@6f9be80f
01:58:36.390 [main] INFO  - Test Suite Started: Ratings
01:58:36.390 [main] INFO io.cucumber.core.plugin.SerenityReporter - Running feature from file:///D:/Intern/MSIB%20Alterra/alterra-mini-project/Serenity%20UI%20Test/src/test/resources/features/Register.feature
01:58:36.394 [main] DEBUG net.thucydides.core.steps.StepEventBus - Test suite started for story net.thucydides.core.model.Story@30e75088
01:58:36.394 [main] INFO  - Test Suite Started: Register
01:58:36.395 [main] INFO io.cucumber.core.plugin.SerenityReporter - Running feature from file:///D:/Intern/MSIB%20Alterra/alterra-mini-project/Serenity%20UI%20Test/src/test/resources/features/Login.feature
01:58:36.396 [main] DEBUG net.thucydides.core.steps.StepEventBus - Test suite started for story net.thucydides.core.model.Story@23282f08
01:58:36.396 [main] INFO  - Test Suite Started: Login

Scenario: Login with valid email and password &amp#27;[90m# src/test/resources/features/Login.feature:4&amp#27;[0m
01:58:36.474 [main] INFO io.cucumber.core.plugin.SerenityReporter - Running feature from file:///D:/Intern/MSIB%20Alterra/alterra-mini-project/Serenity%20UI%20Test/src/test/resources/features/Login.feature
01:58:36.558 [main] INFO  - 
  _____   ___   ___   _____     ___   _____     _     ___   _____   ___   ___  
 |_   _| | __| / __| |_   _|   / __| |_   _|   /_\   | _ \ |_   _| | __| |   \ 
   | |   | _|  \__ \   | |     \__ \   | |    / _ \  |   /   | |   | _|  | |) |
   |_|   |___| |___/   |_|     |___/   |_|   /_/ \_\ |_|_\   |_|   |___| |___/ 

Login with valid email and password(login;login-with-valid-email-and-password)
--------------------------------------------------------------------------------
01:58:37.147 [main] DEBUG net.thucydides.core.steps.StepInterceptor - STARTING STEP: LoginSteps.onTheLoginPage - loginPage
01:58:37.174 [main] INFO net.serenitybdd.core.webdriver.driverproviders.ChromeDriverProvider - Using automatically driver download
01:58:37.696 [main] DEBUG io.github.bonigarcia.wdm.cache.ResolutionCache - Removing resolution chrome=101 from cache (expired on Sun May 15 00:15:28 ICT 2022)
01:58:37.711 [main] DEBUG org.apache.hc.client5.http.impl.classic.InternalHttpClient - ex-00000001: preparing request execution
01:58:37.715 [main] DEBUG org.apache.hc.client5.http.protocol.RequestAddCookies - Cookie spec selected: strict
01:58:37.719 [main] DEBUG org.apache.hc.client5.http.protocol.RequestAuthCache - Auth cache not set in the context
01:58:37.719 [main] DEBUG org.apache.hc.client5.http.impl.classic.ProtocolExec - ex-00000001: target auth state: UNCHALLENGED
01:58:37.719 [main] DEBUG org.apache.hc.client5.http.impl.classic.ProtocolExec - ex-00000001: proxy auth state: UNCHALLENGED
01:58:37.720 [main] DEBUG org.apache.hc.client5.http.impl.classic.ConnectExec - ex-00000001: acquiring connection with route {s}->https://raw.githubusercontent.com:443
01:58:37.720 [main] DEBUG org.apache.hc.client5.http.impl.classic.InternalHttpClient - ex-00000001: acquiring endpoint (3 MINUTES)
01:58:37.721 [main] DEBUG org.apache.hc.client5.http.impl.io.PoolingHttpClientConnectionManager - ex-00000001: endpoint lease request (3 MINUTES) [route: {s}->https://raw.githubusercontent.com:443][total available: 0; route allocated: 0 of 5; total allocated: 0 of 25]
01:58:37.723 [main] DEBUG org.apache.hc.client5.http.impl.io.PoolingHttpClientConnectionManager - ex-00000001: endpoint leased [route: {s}->https://raw.githubusercontent.com:443][total available: 0; route allocated: 1 of 5; total allocated: 1 of 25]
01:58:37.733 [main] DEBUG org.apache.hc.client5.http.impl.io.PoolingHttpClientConnectionManager - ex-00000001: acquired ep-00000000
01:58:37.733 [main] DEBUG org.apache.hc.client5.http.impl.classic.InternalHttpClient - ex-00000001: acquired endpoint ep-00000000
01:58:37.733 [main] DEBUG org.apache.hc.client5.http.impl.classic.ConnectExec - ex-00000001: opening connection {s}->https://raw.githubusercontent.com:443
01:58:37.733 [main] DEBUG org.apache.hc.client5.http.impl.classic.InternalHttpClient - ep-00000000: connecting endpoint (30 SECONDS)
01:58:37.733 [main] DEBUG org.apache.hc.client5.http.impl.io.PoolingHttpClientConnectionManager - ep-00000000: connecting endpoint to https://raw.githubusercontent.com:443 (30 SECONDS)
01:58:37.740 [main] DEBUG org.apache.hc.client5.http.impl.io.DefaultHttpClientConnectionOperator - http-outgoing-0: connecting to raw.githubusercontent.com/185.199.108.133:443
01:58:37.740 [main] DEBUG org.apache.hc.client5.http.ssl.SSLConnectionSocketFactory - Connecting socket to raw.githubusercontent.com/185.199.108.133:443 with timeout 30 SECONDS
01:58:37.772 [main] DEBUG org.apache.hc.client5.http.ssl.SSLConnectionSocketFactory - Enabled protocols: [TLSv1.3, TLSv1.2]
01:58:37.772 [main] DEBUG org.apache.hc.client5.http.ssl.SSLConnectionSocketFactory - Enabled cipher suites: [TLS_AES_256_GCM_SHA384, TLS_AES_128_GCM_SHA256, TLS_ECDHE_ECDSA_WITH_AES_256_GCM_SHA384, TLS_ECDHE_ECDSA_WITH_AES_128_GCM_SHA256, TLS_ECDHE_RSA_WITH_AES_256_GCM_SHA384, TLS_ECDHE_RSA_WITH_AES_128_GCM_SHA256, TLS_DHE_RSA_WITH_AES_256_GCM_SHA384, TLS_DHE_DSS_WITH_AES_256_GCM_SHA384, TLS_DHE_RSA_WITH_AES_128_GCM_SHA256, TLS_DHE_DSS_WITH_AES_128_GCM_SHA256, TLS_ECDHE_ECDSA_WITH_AES_256_CBC_SHA384, TLS_ECDHE_RSA_WITH_AES_256_CBC_SHA384, TLS_ECDHE_ECDSA_WITH_AES_128_CBC_SHA256, TLS_ECDHE_RSA_WITH_AES_128_CBC_SHA256, TLS_DHE_RSA_WITH_AES_256_CBC_SHA256, TLS_DHE_DSS_WITH_AES_256_CBC_SHA256, TLS_DHE_RSA_WITH_AES_128_CBC_SHA256, TLS_DHE_DSS_WITH_AES_128_CBC_SHA256, TLS_ECDH_ECDSA_WITH_AES_256_GCM_SHA384, TLS_ECDH_RSA_WITH_AES_256_GCM_SHA384, TLS_ECDH_ECDSA_WITH_AES_128_GCM_SHA256, TLS_ECDH_RSA_WITH_AES_128_GCM_SHA256, TLS_ECDH_ECDSA_WITH_AES_256_CBC_SHA384, TLS_ECDH_RSA_WITH_AES_256_CBC_SHA384, TLS_ECDH_ECDSA_WITH_AES_128_CBC_SHA256, TLS_ECDH_RSA_WITH_AES_128_CBC_SHA256, TLS_ECDHE_ECDSA_WITH_AES_256_CBC_SHA, TLS_ECDHE_RSA_WITH_AES_256_CBC_SHA, TLS_ECDHE_ECDSA_WITH_AES_128_CBC_SHA, TLS_ECDHE_RSA_WITH_AES_128_CBC_SHA, TLS_DHE_RSA_WITH_AES_256_CBC_SHA, TLS_DHE_DSS_WITH_AES_256_CBC_SHA, TLS_DHE_RSA_WITH_AES_128_CBC_SHA, TLS_DHE_DSS_WITH_AES_128_CBC_SHA, TLS_ECDH_ECDSA_WITH_AES_256_CBC_SHA, TLS_ECDH_RSA_WITH_AES_256_CBC_SHA, TLS_ECDH_ECDSA_WITH_AES_128_CBC_SHA, TLS_ECDH_RSA_WITH_AES_128_CBC_SHA, TLS_RSA_WITH_AES_256_GCM_SHA384, TLS_RSA_WITH_AES_128_GCM_SHA256, TLS_RSA_WITH_AES_256_CBC_SHA256, TLS_RSA_WITH_AES_128_CBC_SHA256, TLS_RSA_WITH_AES_256_CBC_SHA, TLS_RSA_WITH_AES_128_CBC_SHA, TLS_EMPTY_RENEGOTIATION_INFO_SCSV]
01:58:37.772 [main] DEBUG org.apache.hc.client5.http.ssl.SSLConnectionSocketFactory - Starting handshake
01:58:37.856 [main] DEBUG org.apache.hc.client5.http.ssl.SSLConnectionSocketFactory - Secure session established
01:58:37.856 [main] DEBUG org.apache.hc.client5.http.ssl.SSLConnectionSocketFactory -  negotiated protocol: TLSv1.3
01:58:37.856 [main] DEBUG org.apache.hc.client5.http.ssl.SSLConnectionSocketFactory -  negotiated cipher suite: TLS_AES_256_GCM_SHA384
01:58:37.856 [main] DEBUG org.apache.hc.client5.http.ssl.SSLConnectionSocketFactory -  peer principal: CN=*.github.io, O="GitHub, Inc.", L=San Francisco, ST=California, C=US
01:58:37.857 [main] DEBUG org.apache.hc.client5.http.ssl.SSLConnectionSocketFactory -  peer alternative names: [*.github.io, github.com, *.github.com, www.github.com, github.io, githubusercontent.com, *.githubusercontent.com]
01:58:37.857 [main] DEBUG org.apache.hc.client5.http.ssl.SSLConnectionSocketFactory -  issuer principal: CN=DigiCert TLS RSA SHA256 2020 CA1, O=DigiCert Inc, C=US
01:58:37.857 [main] DEBUG org.apache.hc.client5.http.impl.io.DefaultHttpClientConnectionOperator - http-outgoing-0: connection established 192.168.0.101:55874<->185.199.108.133:443
01:58:37.858 [main] DEBUG org.apache.hc.client5.http.impl.io.PoolingHttpClientConnectionManager - ep-00000000: connected http-outgoing-0
01:58:37.858 [main] DEBUG org.apache.hc.client5.http.impl.classic.InternalHttpClient - ep-00000000: endpoint connected
01:58:37.858 [main] DEBUG org.apache.hc.client5.http.impl.classic.MainClientExec - ex-00000001: executing GET /bonigarcia/webdrivermanager/master/src/main/resources/commands.properties HTTP/1.1
01:58:37.859 [main] DEBUG org.apache.hc.client5.http.impl.classic.InternalHttpClient - ep-00000000: start execution ex-00000001
01:58:37.859 [main] DEBUG org.apache.hc.client5.http.impl.io.PoolingHttpClientConnectionManager - ep-00000000: executing exchange ex-00000001 over http-outgoing-0
01:58:37.859 [main] DEBUG org.apache.hc.client5.http.headers - http-outgoing-0 >> GET /bonigarcia/webdrivermanager/master/src/main/resources/commands.properties HTTP/1.1
01:58:37.860 [main] DEBUG org.apache.hc.client5.http.headers - http-outgoing-0 >> user-agent: Apache-HttpClient/5.0
01:58:37.860 [main] DEBUG org.apache.hc.client5.http.headers - http-outgoing-0 >> accept-encoding: gzip, deflate, br
01:58:37.860 [main] DEBUG org.apache.hc.client5.http.headers - http-outgoing-0 >> cache-control: max-age=0
01:58:37.860 [main] DEBUG org.apache.hc.client5.http.headers - http-outgoing-0 >> connection: keep-alive
01:58:37.860 [main] DEBUG org.apache.hc.client5.http.headers - http-outgoing-0 >> Host: raw.githubusercontent.com
01:58:37.860 [main] DEBUG org.apache.hc.client5.http.wire - http-outgoing-0 >> "GET /bonigarcia/webdrivermanager/master/src/main/resources/commands.properties HTTP/1.1[\r][\n]"
01:58:37.860 [main] DEBUG org.apache.hc.client5.http.wire - http-outgoing-0 >> "user-agent: Apache-HttpClient/5.0[\r][\n]"
01:58:37.860 [main] DEBUG org.apache.hc.client5.http.wire - http-outgoing-0 >> "accept-encoding: gzip, deflate, br[\r][\n]"
01:58:37.860 [main] DEBUG org.apache.hc.client5.http.wire - http-outgoing-0 >> "cache-control: max-age=0[\r][\n]"
01:58:37.860 [main] DEBUG org.apache.hc.client5.http.wire - http-outgoing-0 >> "connection: keep-alive[\r][\n]"
01:58:37.860 [main] DEBUG org.apache.hc.client5.http.wire - http-outgoing-0 >> "Host: raw.githubusercontent.com[\r][\n]"
01:58:37.860 [main] DEBUG org.apache.hc.client5.http.wire - http-outgoing-0 >> "[\r][\n]"
01:58:37.879 [main] DEBUG org.apache.hc.client5.http.wire - http-outgoing-0 << "HTTP/1.1 200 OK[\r][\n]"
01:58:37.879 [main] DEBUG org.apache.hc.client5.http.wire - http-outgoing-0 << "Connection: keep-alive[\r][\n]"
01:58:37.879 [main] DEBUG org.apache.hc.client5.http.wire - http-outgoing-0 << "Content-Length: 723[\r][\n]"
01:58:37.879 [main] DEBUG org.apache.hc.client5.http.wire - http-outgoing-0 << "Cache-Control: max-age=300[\r][\n]"
01:58:37.879 [main] DEBUG org.apache.hc.client5.http.wire - http-outgoing-0 << "Content-Security-Policy: default-src 'none'; style-src 'unsafe-inline'; sandbox[\r][\n]"
01:58:37.879 [main] DEBUG org.apache.hc.client5.http.wire - http-outgoing-0 << "Content-Type: text/plain; charset=utf-8[\r][\n]"
01:58:37.879 [main] DEBUG org.apache.hc.client5.http.wire - http-outgoing-0 << "ETag: W/"e82b438271e9e8680c688b0b680efd0bdd22faa6d6f0a32fc1fd8accc486b67e"[\r][\n]"
01:58:37.879 [main] DEBUG org.apache.hc.client5.http.wire - http-outgoing-0 << "Strict-Transport-Security: max-age=31536000[\r][\n]"
01:58:37.879 [main] DEBUG org.apache.hc.client5.http.wire - http-outgoing-0 << "X-Content-Type-Options: nosniff[\r][\n]"
01:58:37.879 [main] DEBUG org.apache.hc.client5.http.wire - http-outgoing-0 << "X-Frame-Options: deny[\r][\n]"
01:58:37.879 [main] DEBUG org.apache.hc.client5.http.wire - http-outgoing-0 << "X-XSS-Protection: 1; mode=block[\r][\n]"
01:58:37.879 [main] DEBUG org.apache.hc.client5.http.wire - http-outgoing-0 << "X-GitHub-Request-Id: 838C:6DC1:1C99DF:2CAE53:62707C45[\r][\n]"
01:58:37.879 [main] DEBUG org.apache.hc.client5.http.wire - http-outgoing-0 << "Content-Encoding: gzip[\r][\n]"
01:58:37.880 [main] DEBUG org.apache.hc.client5.http.wire - http-outgoing-0 << "Accept-Ranges: bytes[\r][\n]"
01:58:37.880 [main] DEBUG org.apache.hc.client5.http.wire - http-outgoing-0 << "Date: Sat, 14 May 2022 18:58:39 GMT[\r][\n]"
01:58:37.880 [main] DEBUG org.apache.hc.client5.http.wire - http-outgoing-0 << "Via: 1.1 varnish[\r][\n]"
01:58:37.880 [main] DEBUG org.apache.hc.client5.http.wire - http-outgoing-0 << "X-Served-By: cache-qpg1223-QPG[\r][\n]"
01:58:37.880 [main] DEBUG org.apache.hc.client5.http.wire - http-outgoing-0 << "X-Cache: HIT[\r][\n]"
01:58:37.880 [main] DEBUG org.apache.hc.client5.http.wire - http-outgoing-0 << "X-Cache-Hits: 1[\r][\n]"
01:58:37.880 [main] DEBUG org.apache.hc.client5.http.wire - http-outgoing-0 << "X-Timer: S1652554720.598476,VS0,VE1[\r][\n]"
01:58:37.880 [main] DEBUG org.apache.hc.client5.http.wire - http-outgoing-0 << "Vary: Authorization,Accept-Encoding,Origin[\r][\n]"
01:58:37.880 [main] DEBUG org.apache.hc.client5.http.wire - http-outgoing-0 << "Access-Control-Allow-Origin: *[\r][\n]"
01:58:37.880 [main] DEBUG org.apache.hc.client5.http.wire - http-outgoing-0 << "X-Fastly-Request-ID: 71f2a178c915c5d6e2ea52ced67aefe83a85ea87[\r][\n]"
01:58:37.880 [main] DEBUG org.apache.hc.client5.http.wire - http-outgoing-0 << "Expires: Sat, 14 May 2022 19:03:39 GMT[\r][\n]"
01:58:37.880 [main] DEBUG org.apache.hc.client5.http.wire - http-outgoing-0 << "Source-Age: 294[\r][\n]"
01:58:37.880 [main] DEBUG org.apache.hc.client5.http.wire - http-outgoing-0 << "[\r][\n]"
01:58:37.882 [main] DEBUG org.apache.hc.client5.http.headers - http-outgoing-0 << HTTP/1.1 200 OK
01:58:37.882 [main] DEBUG org.apache.hc.client5.http.headers - http-outgoing-0 << Connection: keep-alive
01:58:37.882 [main] DEBUG org.apache.hc.client5.http.headers - http-outgoing-0 << Content-Length: 723
01:58:37.882 [main] DEBUG org.apache.hc.client5.http.headers - http-outgoing-0 << Cache-Control: max-age=300
01:58:37.882 [main] DEBUG org.apache.hc.client5.http.headers - http-outgoing-0 << Content-Security-Policy: default-src 'none'; style-src 'unsafe-inline'; sandbox
01:58:37.882 [main] DEBUG org.apache.hc.client5.http.headers - http-outgoing-0 << Content-Type: text/plain; charset=utf-8
01:58:37.882 [main] DEBUG org.apache.hc.client5.http.headers - http-outgoing-0 << ETag: W/"e82b438271e9e8680c688b0b680efd0bdd22faa6d6f0a32fc1fd8accc486b67e"
01:58:37.882 [main] DEBUG org.apache.hc.client5.http.headers - http-outgoing-0 << Strict-Transport-Security: max-age=31536000
01:58:37.882 [main] DEBUG org.apache.hc.client5.http.headers - http-outgoing-0 << X-Content-Type-Options: nosniff
01:58:37.882 [main] DEBUG org.apache.hc.client5.http.headers - http-outgoing-0 << X-Frame-Options: deny
01:58:37.882 [main] DEBUG org.apache.hc.client5.http.headers - http-outgoing-0 << X-XSS-Protection: 1; mode=block
01:58:37.882 [main] DEBUG org.apache.hc.client5.http.headers - http-outgoing-0 << X-GitHub-Request-Id: 838C:6DC1:1C99DF:2CAE53:62707C45
01:58:37.882 [main] DEBUG org.apache.hc.client5.http.headers - http-outgoing-0 << Content-Encoding: gzip
01:58:37.882 [main] DEBUG org.apache.hc.client5.http.headers - http-outgoing-0 << Accept-Ranges: bytes
01:58:37.882 [main] DEBUG org.apache.hc.client5.http.headers - http-outgoing-0 << Date: Sat, 14 May 2022 18:58:39 GMT
01:58:37.882 [main] DEBUG org.apache.hc.client5.http.headers - http-outgoing-0 << Via: 1.1 varnish
01:58:37.882 [main] DEBUG org.apache.hc.client5.http.headers - http-outgoing-0 << X-Served-By: cache-qpg1223-QPG
01:58:37.882 [main] DEBUG org.apache.hc.client5.http.headers - http-outgoing-0 << X-Cache: HIT
01:58:37.882 [main] DEBUG org.apache.hc.client5.http.headers - http-outgoing-0 << X-Cache-Hits: 1
01:58:37.882 [main] DEBUG org.apache.hc.client5.http.headers - http-outgoing-0 << X-Timer: S1652554720.598476,VS0,VE1
01:58:37.882 [main] DEBUG org.apache.hc.client5.http.headers - http-outgoing-0 << Vary: Authorization,Accept-Encoding,Origin
01:58:37.882 [main] DEBUG org.apache.hc.client5.http.headers - http-outgoing-0 << Access-Control-Allow-Origin: *
01:58:37.882 [main] DEBUG org.apache.hc.client5.http.headers - http-outgoing-0 << X-Fastly-Request-ID: 71f2a178c915c5d6e2ea52ced67aefe83a85ea87
01:58:37.882 [main] DEBUG org.apache.hc.client5.http.headers - http-outgoing-0 << Expires: Sat, 14 May 2022 19:03:39 GMT
01:58:37.882 [main] DEBUG org.apache.hc.client5.http.headers - http-outgoing-0 << Source-Age: 294
01:58:37.884 [main] DEBUG org.apache.hc.client5.http.impl.classic.MainClientExec - ex-00000001: connection can be kept alive for 3 MINUTES
01:58:37.887 [main] DEBUG org.apache.hc.client5.http.wire - http-outgoing-0 << "[0x1f][0xffffff8b][0x8][0x0][0x0][0x0][0x0][0x0][0x0][0x3][0xffffffb5]V]o[0xffffffda]0[0x14]}[0xffffffe7]W\[0xffffff81]*[0xffffffb5][0x12][0x1f][[M[0xffffffd3]$[0x1e]hF[0xffffffbb]i [0x18][0xffffffb4][0xffffffdd]&[0xfffffff9][0xffffffc5]$7[0xffffffc1]R[0x12]#;[0xffffff94]v[0xffffffbf]~[0xffffffb6][0xfffffff3]1[0xffffff92][0xffffff9a][0xffffffc1][0x1a]x[0xffffffcb][0xffffffb5][0xffffffaf][0xffffffcf]9[0xffffffbe][0xfffffff7]8v[0xb][0x1c][0x1e]E4[0xfffffff6]$x4[0xffffffa1][0xb]*[0xffffffb1][0xffffffd1][0xffffff82][0xfffffffb]%[0xffffff93][0xffffffe0][0xffffffb3][0x10][0xffffffc1][0xffffffe5]qBY,!Y[0xffffffea] KM8,[0x10][0xfffffff0][0x19][0xffffffdd]u[0xffffff82][0x1e][0xffffffb0][0xffffffd8]L[0xffffffcb]%[0xffffff86][0xffffffa1][0xe][0xffffffb8][0xfffffff0]P[0xffffffe8]$[0xf][0x13]t[0x13]3[0xfffffff9][0xffffff84]B2[0xffffffae][0xffffffe6]|@[0xfffffff5][0x1d][0x8][0xffffffc4][0x18][0x16][0xffffff82]o[0xffffffa4][0xffffff9a]P[0xffffff94][0xffffffe7][0xffffffce]R[0xfffffff0][0x8][0xffffffdb]p[0xffffffcb][0x4][0xfffffffa][0xfffffffc][0xffffffb9][\r][0xffffff93][0x15][\n]"
01:58:37.887 [main] DEBUG org.apache.hc.client5.http.wire - http-outgoing-0 << "[0xffffffda][0xffffff86][0xffffffa1][0x17][0xffffffa8]Q3[0xffffffcb][0xffffffd6][0xffffffd1][0xffffff85][0xffffffc6][0xfffffff7][0xffffff98][0xffffffef][0xffffffa3][0xffffffc0]8[0x1][0xffffffae]s[0x12][0x16][0x7] _d[0xffffff82][0xffffff91][0xffffff84][0xfffffff3][0x1f],[0xfffffff6][0x14]j[0x1b]F,^+[0xffffff98]1ua2[0xffffffbf]h([0xffffff8e][0xffffff94][0xffffffa2][0xffffff91]m[0xffffffa3][0xffffffeb][0xffffff9a][0xffffffb0][0xffffffbb]I[0x17]t[0xffffffdf][0xffffffbd][0xffffffef][0xffffffbb][0xffffff91][0xffffffd7]U[0xffffffbb][0xffffff82][0xffffff9e][0x3][0xffffff9b][0xffffff88][0xffffffb9][0xffffffa6]$[0xffffffa6][0xc][0xffffff9b][0xffffffa5][0xffffffe2][0xffffff83][0xffffff98]F[0xffffffd8]o[0xffffff9e]Mg[0xffffff93][0xffffffbb][0xffffffd9]`|[0xfffffffb]u4[0xffffff9c][0x7f]"}B[0xffffffce][0x8][0xffffffb9][0xffffffe3]<[0x8][0xffffff91][0xffffff90][0xffffff94][0xffffff82][0xffffff90][0xffffffc1]j[0x15]2WI[0xffffffe3]1![0x19][0xffffff91]BnB[0xffffff80][0x9]<f[0xffffffb5][0xffffffe8]=[0xffffffd1]p[0xffffffbd][[0xffffffcf][0xffffffe5][0x1b][0xfffffff4][0xffffff9c][0xffffffff][0xfffffffc][0xfffffff8][0xffffffe1][0xffffffe2][0xffffff94][0xffffffa2][0xffffffae][0xe][0x14]5[0xffffff9a]8[0xffffff83][0xffffffd1]`:[0xfffffffd]<[0xffffffb8][0x1f][0xffffff9c]R[0xffffffcf]u[0x7f]6[0xffffffbc][0xffffff83][0xffffffef][0xf][0xffffffc3][0xffffffd9]/[0xfffffff8][0xfffffff2][0xffffffcd]y s[0xffffffee]'[0x1b]*0g[0xffffffcb][0xffffffc8]nF7H][0xffffff83][0xffffff97]{[0xffffffb1]Q[0x5][\r][0xffffffb5]c[0xffffffb4][0xf][0x2][0xffffffb3][0xffffffb4][0xffffff93][0xe]C[0xffffffa7][0xffffffb3]kAD][0xffffff9d][0xffffffde][0xffffffdb][0xffffffda][0xffffff88][0xffffffec][0xffffffa5][0xffffffbc][0xffffff99][0xffffffd9][0xffffffba]t[0xffffffb5][0xffffffea]9[0xffffffea][0x10])[0xffffffb7][0xffffffca][0xffffff9e][0xfffffff2][0xffffffe2]d^N[0xffffffd8]FW[0x16][0xffffffcd][0xffffffdc]_[0x10][0xfffffff9]i|[0x1c][0xffffff93][0xffffff8e][0xfffffff9]o[0x16][0xffffff86]4'!$G[0xffffffdf]W[0xfffffff4]W*j[[0xfffffff3]xR[0xffffffae][0xffffffb6][0xc][0xffffffd0],; #[0xffffffa9][0xffffff92]5[0xffffffb5][0x7][0xffffff9c][0xffffffb5][0xffffffd0][0x7f][0xffffff90][0xffffffc7]jgs[0xfffffffc][0xffffffc2][0xb][0xffffffd9][0x0]t[0xffffff9e]^'Y[0xfffffffb][0xffffff9f][0xffffffb1][0xffffffd8]:[0xffffffbf][0xffffff8d][0xffffffa5][0xffffff9a][0xffffffad][0x7f]m[0x5]&[0xffffffaa][0xffffffa0]^[0xffffff9b][0xffffffcb][0x5]f[0xffffffae][0xffffffe0]RU[0xffffff82][0x10]MS9l[0xffffff91]4t[0xfffffffb][0xffffff8a]][0xffffffd6][0xfffffff4][0xffffff96][0xffffffa6][0xffffff9f]P[0xffffffce][0xffffffd5][0xffffffce][0xffffff93][0xffffffff][0xffffff97][0xffffffcc]p[0xfffffffd][0xfffffff3][0xffffffe8][0x1b][0xffffffcc][0xffffffa2][0xffffffd9]Q[0xffffffbe][0xffffffb2][0xffffffa3][0xffffffc7]m'[0xffffffdf][0xffffffe4][[0xfffffffb]^[0xffffffb0][0xffffff9a][0xffffffbe][0xffffffda][0xffffffda]_[0xffffffce][0xffffff80][0xffffffd2][0xffffffc1]7[0xffffffb7]][0xffffffc1]b[0xffffffee][0xffffffb5][0xffffffff]w[0xffffff83][0xffffffed][0xffffffa7];[0x15]<[0x10]4[0xffffff92][0xffffff84][0x18][\n]"
01:58:37.887 [main] DEBUG org.apache.hc.client5.http.wire - http-outgoing-0 << "BB[0xffffffba][0xffffff8e]][0xffffffb5]jo[0xffffffb9]+"[0xffffffea][0xffffffb4][0xffffffff]h"[0xffffffea]\?5[0xffffffa9][0xffffffaf]k[0xffffffec][0xffffffff]P[0xffffffea][\n]"
01:58:37.887 [main] DEBUG org.apache.hc.client5.http.wire - http-outgoing-0 << "w[0xffffffe1]K[0x13][0xffffffda][0xffffffec][0xffffff98][0xffffffe6]Y[0xfffffffd]h8m6[0xffffff9c]T[0xffffffc1][0xfffffff2][0xffffffa7][0xffffff91]z_[0xffffff95]o85p[0x1c][0x13][0xffffffe6][0xfffffff0]5[0xffffffee][0xfffffffc][0xffffff92][0xffffff96][0xffffffda][0xfffffff7][0xffffffcf][0xffffffb1][0x5][0x1d][0xffffffea]K[0xffffff9b]9[0xffffff8e][0xffffffad]e[0xfffffff7][0xffffff93][0xffffffa8]`[0xffffffda][0xffffffff][0x1a][0xffffffd2][0xffffff88][0xffffff85][0xfffffffd][0xfffffff2][0xffffff91]N[0xfffffff6]`[0xffffffdf]2[0xffffffcf][0xffffffae]E[0xffffff97][0xffffffc5][0xffffffa2][0xffffff9d][0xffffffef]'[0xffffff9d]mun.[0xffffffd3]f^[0xffffffc7][0xffffff82][0xffffffda][0xffffff82]9[0xfffffff5][0xffffffa9]`[0x5][0xffffffbc]4[0xffffffa1][0x1d]<M[0xffffffb5]A[0xffffffa7]3[[0xffffffc0][0x7f][0x0][0xffffffc1][0xffffffd0]$[0xffffff85][0x1d][\r][0x0][0x0]"
01:58:37.888 [main] DEBUG org.apache.hc.client5.http.impl.classic.InternalHttpClient - ep-00000000: releasing valid endpoint
01:58:37.888 [main] DEBUG org.apache.hc.client5.http.impl.io.PoolingHttpClientConnectionManager - ep-00000000: releasing endpoint
01:58:37.888 [main] DEBUG org.apache.hc.client5.http.impl.io.PoolingHttpClientConnectionManager - ep-00000000: connection http-outgoing-0 can be kept alive for 3 MINUTES
01:58:37.888 [main] DEBUG org.apache.hc.client5.http.impl.io.PoolingHttpClientConnectionManager - ep-00000000: connection released [route: {s}->https://raw.githubusercontent.com:443][total available: 1; route allocated: 1 of 5; total allocated: 1 of 25]
01:58:37.888 [main] DEBUG io.github.bonigarcia.wdm.versions.VersionDetector - Detecting chrome version using online commands.properties
01:58:37.890 [main] DEBUG io.github.bonigarcia.wdm.versions.Shell - Running command on the shell: [cmd.exe, /C, wmic, datafile, where, name="%PROGRAMFILES:\=\\%\\Google\\Chrome\\Application\\chrome.exe", get, Version, /value]
01:58:38.025 [main] DEBUG io.github.bonigarcia.wdm.versions.Shell - Result: Version=101.0.4951.64
01:58:38.026 [main] DEBUG io.github.bonigarcia.wdm.cache.ResolutionCache - Resolution chrome101=101.0.4951.41 in cache (valid until 14:15:13 15/05/2022 ICT)
01:58:38.028 [main] INFO io.github.bonigarcia.wdm.WebDriverManager - Using chromedriver 101.0.4951.41 (resolved driver for Chrome 101)
01:58:38.031 [main] DEBUG io.github.bonigarcia.wdm.cache.ResolutionCache - Storing resolution chrome=101 in cache (valid until 02:58:38 15/05/2022 ICT)
01:58:38.037 [main] DEBUG io.github.bonigarcia.wdm.WebDriverManager - Driver chromedriver 101.0.4951.41 found in cache
01:58:38.038 [main] INFO io.github.bonigarcia.wdm.WebDriverManager - Exporting webdriver.chrome.driver as C:\Users\saral\.cache\selenium\chromedriver\win32\101.0.4951.41\chromedriver.exe
01:58:38.471 [main] DEBUG net.thucydides.core.reflection.ClassFinder - Could not load class .starter.CucumberTestSuite
01:58:38.471 [main] DEBUG net.thucydides.core.reflection.ClassFinder - Could not load class .starter.pages.HomePage
01:58:38.471 [main] DEBUG net.thucydides.core.reflection.ClassFinder - Could not load class .starter.pages.LoginPage
01:58:38.471 [main] DEBUG net.thucydides.core.reflection.ClassFinder - Could not load class .starter.pages.LogoutPage
01:58:38.471 [main] DEBUG net.thucydides.core.reflection.ClassFinder - Could not load class .starter.pages.OrderPage
01:58:38.471 [main] DEBUG net.thucydides.core.reflection.ClassFinder - Could not load class .starter.pages.RatingPage
01:58:38.471 [main] DEBUG net.thucydides.core.reflection.ClassFinder - Could not load class .starter.pages.RegisterPage
01:58:38.471 [main] DEBUG net.thucydides.core.reflection.ClassFinder - Could not load class .starter.stepdefinitions.LoginSteps
01:58:38.471 [main] DEBUG net.thucydides.core.reflection.ClassFinder - Could not load class .starter.stepdefinitions.LogoutSteps
01:58:38.472 [main] DEBUG net.thucydides.core.reflection.ClassFinder - Could not load class .starter.stepdefinitions.OrderSteps
01:58:38.472 [main] DEBUG net.thucydides.core.reflection.ClassFinder - Could not load class .starter.stepdefinitions.RatingSteps
01:58:38.472 [main] DEBUG net.thucydides.core.reflection.ClassFinder - Could not load class .starter.stepdefinitions.RegisterSteps
01:58:38.472 [main] DEBUG net.thucydides.core.reflection.ClassFinder - Could not load class META-INF.versions.9.com.sun.istack.logging.StackHelper
01:58:38.473 [main] DEBUG net.thucydides.core.reflection.ClassFinder - Could not load class META-INF.versions.9.com.sun.xml.bind.v2.runtime.reflect.opt.AccessorInjector
01:58:38.473 [main] DEBUG net.thucydides.core.reflection.ClassFinder - Could not load class META-INF.versions.9.com.sun.xml.bind.v2.runtime.reflect.opt.Injector
01:58:38.474 [main] DEBUG net.thucydides.core.reflection.ClassFinder - Could not load class META-INF.versions.9.com.sun.xml.bind.v2.runtime.reflect.opt.OptimizedAccessorFactory
01:58:38.474 [main] DEBUG net.thucydides.core.reflection.ClassFinder - Could not load class META-INF.versions.9.com.sun.xml.bind.v2.runtime.reflect.opt.OptimizedTransducedAccessorFactory
01:58:38.474 [main] DEBUG net.thucydides.core.reflection.ClassFinder - Could not load class META-INF.versions.9.io.opentelemetry.sdk.internal.CurrentJavaVersionSpecific
01:58:38.474 [main] DEBUG net.thucydides.core.reflection.ClassFinder - Could not load class META-INF.versions.9.io.opentelemetry.sdk.internal.Java9VersionSpecific
01:58:38.475 [main] DEBUG net.thucydides.core.reflection.ClassFinder - Could not load class META-INF.versions.9.javax.xml.bind.ModuleUtil
01:58:38.475 [main] DEBUG net.thucydides.core.reflection.ClassFinder - Could not load class META-INF.versions.9.module-info
01:58:38.475 [main] DEBUG net.thucydides.core.reflection.ClassFinder - Could not load class META-INF.versions.9.org.junit.platform.commons.util.ModuleUtils
01:58:38.733 [main] DEBUG net.thucydides.core.reflection.ClassFinder - Could not load class com.google.gson.internal.
01:58:38.855 [main] DEBUG net.thucydides.core.reflection.ClassFinder - Could not load class com.sun.xml.bind.v2.runtime.output.FastInfosetStreamWriterOutput
01:58:39.146 [main] DEBUG net.thucydides.core.reflection.ClassFinder - Could not load class module-info
01:58:40.922 [main] DEBUG io.netty.util.internal.logging.InternalLoggerFactory - Using SLF4J as the default logging framework
01:58:40.926 [main] DEBUG io.netty.util.ResourceLeakDetector - -Dio.netty.leakDetection.level: simple
01:58:40.926 [main] DEBUG io.netty.util.ResourceLeakDetector - -Dio.netty.leakDetection.targetRecords: 4
01:58:40.929 [main] DEBUG io.netty.util.ResourceLeakDetectorFactory - Loaded default ResourceLeakDetector: io.netty.util.ResourceLeakDetector@23938bf7
01:58:40.943 [main] DEBUG io.netty.util.internal.PlatformDependent0 - -Dio.netty.noUnsafe: false
01:58:40.944 [main] DEBUG io.netty.util.internal.PlatformDependent0 - Java version: 11
01:58:40.944 [main] DEBUG io.netty.util.internal.PlatformDependent0 - sun.misc.Unsafe.theUnsafe: available
01:58:40.945 [main] DEBUG io.netty.util.internal.PlatformDependent0 - sun.misc.Unsafe.copyMemory: available
01:58:40.945 [main] DEBUG io.netty.util.internal.PlatformDependent0 - java.nio.Buffer.address: available
01:58:40.945 [main] DEBUG io.netty.util.internal.PlatformDependent0 - direct buffer constructor: unavailable: Reflective setAccessible(true) disabled
01:58:40.946 [main] DEBUG io.netty.util.internal.PlatformDependent0 - java.nio.Bits.unaligned: available, true
01:58:40.946 [main] DEBUG io.netty.util.internal.PlatformDependent0 - jdk.internal.misc.Unsafe.allocateUninitializedArray(int): unavailable: class io.netty.util.internal.PlatformDependent0$6 cannot access class jdk.internal.misc.Unsafe (in module java.base) because module java.base does not export jdk.internal.misc to unnamed module @35038141
01:58:40.948 [main] DEBUG io.netty.util.internal.PlatformDependent0 - java.nio.DirectByteBuffer.<init>(long, int): unavailable
01:58:40.948 [main] DEBUG io.netty.util.internal.PlatformDependent - sun.misc.Unsafe: available
01:58:40.951 [main] DEBUG io.netty.util.internal.PlatformDependent - maxDirectMemory: 4211081216 bytes (maybe)
01:58:40.951 [main] DEBUG io.netty.util.internal.PlatformDependent - -Dio.netty.tmpdir: C:\Users\saral\AppData\Local\Temp (java.io.tmpdir)
01:58:40.951 [main] DEBUG io.netty.util.internal.PlatformDependent - -Dio.netty.bitMode: 64 (sun.arch.data.model)
01:58:40.951 [main] DEBUG io.netty.util.internal.PlatformDependent - Platform: Windows
01:58:40.951 [main] DEBUG io.netty.util.internal.PlatformDependent - -Dio.netty.maxDirectMemory: -1 bytes
01:58:40.951 [main] DEBUG io.netty.util.internal.PlatformDependent - -Dio.netty.uninitializedArrayAllocationThreshold: -1
01:58:40.952 [main] DEBUG io.netty.util.internal.CleanerJava9 - java.nio.ByteBuffer.cleaner(): available
01:58:40.952 [main] DEBUG io.netty.util.internal.PlatformDependent - -Dio.netty.noPreferDirect: false
01:58:40.958 [main] DEBUG io.netty.util.internal.PlatformDependent - org.jctools-core.MpscChunkedArrayQueue: available
01:58:40.974 [main] DEBUG io.netty.util.internal.InternalThreadLocalMap - -Dio.netty.threadLocalMap.stringBuilder.initialSize: 1024
01:58:40.974 [main] DEBUG io.netty.util.internal.InternalThreadLocalMap - -Dio.netty.threadLocalMap.stringBuilder.maxSize: 4096
01:58:40.989 [main] DEBUG io.netty.handler.ssl.JdkSslContext - Default protocols (JDK): [TLSv1.3, TLSv1.2] 
01:58:40.989 [main] DEBUG io.netty.handler.ssl.JdkSslContext - Default cipher suites (JDK): [TLS_ECDHE_ECDSA_WITH_AES_256_GCM_SHA384, TLS_ECDHE_ECDSA_WITH_AES_128_GCM_SHA256, TLS_ECDHE_RSA_WITH_AES_128_GCM_SHA256, TLS_ECDHE_RSA_WITH_AES_256_GCM_SHA384, TLS_ECDHE_RSA_WITH_AES_128_CBC_SHA, TLS_ECDHE_RSA_WITH_AES_256_CBC_SHA, TLS_RSA_WITH_AES_128_GCM_SHA256, TLS_RSA_WITH_AES_128_CBC_SHA, TLS_RSA_WITH_AES_256_CBC_SHA, TLS_AES_128_GCM_SHA256, TLS_AES_256_GCM_SHA384]
01:58:41.013 [main] DEBUG io.netty.channel.MultithreadEventLoopGroup - -Dio.netty.eventLoopThreads: 16
01:58:41.022 [main] DEBUG io.netty.channel.nio.NioEventLoop - -Dio.netty.noKeySetOptimization: false
01:58:41.022 [main] DEBUG io.netty.channel.nio.NioEventLoop - -Dio.netty.selectorAutoRebuildThreshold: 512
01:58:41.055 [main] DEBUG io.netty.buffer.PooledByteBufAllocator - -Dio.netty.allocator.numHeapArenas: 16
01:58:41.055 [main] DEBUG io.netty.buffer.PooledByteBufAllocator - -Dio.netty.allocator.numDirectArenas: 16
01:58:41.055 [main] DEBUG io.netty.buffer.PooledByteBufAllocator - -Dio.netty.allocator.pageSize: 8192
01:58:41.055 [main] DEBUG io.netty.buffer.PooledByteBufAllocator - -Dio.netty.allocator.maxOrder: 11
01:58:41.055 [main] DEBUG io.netty.buffer.PooledByteBufAllocator - -Dio.netty.allocator.chunkSize: 16777216
01:58:41.055 [main] DEBUG io.netty.buffer.PooledByteBufAllocator - -Dio.netty.allocator.smallCacheSize: 256
01:58:41.055 [main] DEBUG io.netty.buffer.PooledByteBufAllocator - -Dio.netty.allocator.normalCacheSize: 64
01:58:41.055 [main] DEBUG io.netty.buffer.PooledByteBufAllocator - -Dio.netty.allocator.maxCachedBufferCapacity: 32768
01:58:41.055 [main] DEBUG io.netty.buffer.PooledByteBufAllocator - -Dio.netty.allocator.cacheTrimInterval: 8192
01:58:41.055 [main] DEBUG io.netty.buffer.PooledByteBufAllocator - -Dio.netty.allocator.cacheTrimIntervalMillis: 0
01:58:41.055 [main] DEBUG io.netty.buffer.PooledByteBufAllocator - -Dio.netty.allocator.useCacheForAllThreads: true
01:58:41.055 [main] DEBUG io.netty.buffer.PooledByteBufAllocator - -Dio.netty.allocator.maxCachedByteBuffersPerChunk: 1023
01:58:41.063 [main] DEBUG io.netty.buffer.ByteBufUtil - -Dio.netty.allocator.type: pooled
01:58:41.063 [main] DEBUG io.netty.buffer.ByteBufUtil - -Dio.netty.threadLocalDirectBufferSize: 0
01:58:41.063 [main] DEBUG io.netty.buffer.ByteBufUtil - -Dio.netty.maxThreadLocalCharBufferSize: 16384
01:58:41.212 [main] DEBUG net.serenitybdd.core.webdriver.driverproviders.ProvideNewDriver - Instantiating driver
01:58:41.212 [main] DEBUG net.serenitybdd.core.webdriver.driverproviders.ProvideNewDriver - Driver capabilities: Capabilities {acceptInsecureCerts: false, base.url: https://qa.alta.id/, browserName: chrome, chrome.driver: src/main/resources/webdrive..., driver: chrome, goog:chromeOptions: {args: [], extensions: []}}
01:58:42.416 [Forwarding newSession on session null to remote] DEBUG io.netty.channel.DefaultChannelId - -Dio.netty.processId: 21704 (auto-detected)
01:58:42.417 [Forwarding newSession on session null to remote] DEBUG io.netty.util.NetUtil - -Djava.net.preferIPv4Stack: false
01:58:42.417 [Forwarding newSession on session null to remote] DEBUG io.netty.util.NetUtil - -Djava.net.preferIPv6Addresses: false
01:58:42.530 [Forwarding newSession on session null to remote] DEBUG io.netty.util.NetUtilInitializations - Loopback interface: lo (Software Loopback Interface 1, 127.0.0.1)
01:58:42.530 [Forwarding newSession on session null to remote] DEBUG io.netty.util.NetUtil - Failed to get SOMAXCONN from sysctl and file \proc\sys\net\core\somaxconn. Default: 200
01:58:42.649 [Forwarding newSession on session null to remote] DEBUG io.netty.channel.DefaultChannelId - -Dio.netty.machineId: 04:42:1a:ff:fe:88:54:7b (auto-detected)
01:58:42.689 [AsyncHttpClient-1-2] DEBUG io.netty.buffer.AbstractByteBuf - -Dio.netty.buffer.checkAccessible: true
01:58:42.689 [AsyncHttpClient-1-2] DEBUG io.netty.buffer.AbstractByteBuf - -Dio.netty.buffer.checkBounds: true
01:58:42.689 [AsyncHttpClient-1-2] DEBUG io.netty.util.ResourceLeakDetectorFactory - Loaded default ResourceLeakDetector: io.netty.util.ResourceLeakDetector@32560378
01:58:42.698 [AsyncHttpClient-1-2] DEBUG org.asynchttpclient.netty.channel.NettyConnectListener - Using new Channel '[id: 0x7ebfbc52, L:/127.0.0.1:55917 - R:localhost/127.0.0.1:61563]' for 'POST' to '/session'
01:58:42.711 [AsyncHttpClient-1-2] DEBUG io.netty.util.Recycler - -Dio.netty.recycler.maxCapacityPerThread: 4096
01:58:42.711 [AsyncHttpClient-1-2] DEBUG io.netty.util.Recycler - -Dio.netty.recycler.ratio: 8
01:58:42.711 [AsyncHttpClient-1-2] DEBUG io.netty.util.Recycler - -Dio.netty.recycler.chunkSize: 32
01:58:42.711 [AsyncHttpClient-1-2] DEBUG io.netty.util.Recycler - -Dio.netty.recycler.blocking: false
01:58:43.452 [AsyncHttpClient-1-2] DEBUG io.netty.handler.codec.compression.Brotli - brotli4j not in the classpath; Brotli support will be unavailable.
01:58:43.452 [AsyncHttpClient-1-2] DEBUG org.asynchttpclient.netty.handler.HttpHandler - 

Request DefaultHttpRequest(decodeResult: success, version: HTTP/1.1)
POST /session HTTP/1.1
User-Agent: selenium/4.1.2 (java windows)
Content-Length: 605
Content-Type: application/json; charset=utf-8
host: localhost:61563
accept: */*

Response DefaultHttpResponse(decodeResult: success, version: HTTP/1.1)
HTTP/1.1 200 OK
Content-Type: application/json; charset=utf-8
cache-control: no-cache
content-length: 789

01:58:43.458 [AsyncHttpClient-1-2] DEBUG org.asynchttpclient.netty.channel.ChannelManager - Adding key: http://localhost:61563 for channel [id: 0x7ebfbc52, L:/127.0.0.1:55917 - R:localhost/127.0.0.1:61563]
01:58:43.512 [AsyncHttpClient-1-3] DEBUG org.asynchttpclient.netty.channel.NettyConnectListener - Using new Channel '[id: 0x78c4ca6f, L:/127.0.0.1:55926 - R:localhost/127.0.0.1:55918]' for 'GET' to '/json/version'
01:58:43.517 [AsyncHttpClient-1-3] DEBUG org.asynchttpclient.netty.handler.HttpHandler - 

Request DefaultFullHttpRequest(decodeResult: success, version: HTTP/1.1, content: EmptyByteBufBE)
GET /json/version HTTP/1.1
User-Agent: selenium/4.1.2 (java windows)
host: localhost:55918
accept: */*

Response DefaultHttpResponse(decodeResult: success, version: HTTP/1.1)
HTTP/1.1 200 OK
Content-Type: application/json; charset=UTF-8
content-length: 427

01:58:43.517 [AsyncHttpClient-1-3] DEBUG org.asynchttpclient.netty.channel.ChannelManager - Adding key: http://localhost:55918 for channel [id: 0x78c4ca6f, L:/127.0.0.1:55926 - R:localhost/127.0.0.1:55918]
01:58:43.522 [main] DEBUG io.netty.util.internal.ThreadLocalRandom - -Dio.netty.initialSeedUniquifier: 0xd6d9819c9578f14f
01:58:43.527 [AsyncHttpClient-1-4] DEBUG org.asynchttpclient.netty.channel.NettyConnectListener - Using new Channel '[id: 0x5045a053, L:/127.0.0.1:55927 - R:localhost/127.0.0.1:55918]' for 'GET' to '/devtools/browser/b545c022-f4e6-4e70-8c07-551146536d3b'
01:58:43.534 [AsyncHttpClient-1-4] DEBUG org.asynchttpclient.netty.handler.WebSocketHandler - 

Request DefaultFullHttpRequest(decodeResult: success, version: HTTP/1.1, content: EmptyByteBufBE)
GET /devtools/browser/b545c022-f4e6-4e70-8c07-551146536d3b HTTP/1.1
upgrade: websocket
connection: upgrade
sec-websocket-key: mPK01LvBZH1w9w9hgfYyqw==
sec-websocket-version: 13
origin: http://localhost:55918
host: localhost:55918
accept: */*
user-agent: AHC/2.1

Response DefaultHttpResponse(decodeResult: success, version: HTTP/1.1)
HTTP/1.1 101 WebSocket Protocol Handshake
Upgrade: WebSocket
Connection: Upgrade
Sec-WebSocket-Accept: xmnLUuZqulO80acpWX214Xl4tJ0=

01:58:44.262 [AsyncHttpClient-1-1] DEBUG org.asynchttpclient.netty.channel.DefaultChannelPool - Entry count for : http://localhost:61563 : 1
01:58:44.262 [AsyncHttpClient-1-1] DEBUG org.asynchttpclient.netty.channel.DefaultChannelPool - Entry count for : http://localhost:55918 : 1
01:58:44.299 [main] DEBUG net.thucydides.core.reflection.ClassFinder - Could not load class .starter.CucumberTestSuite
01:58:44.299 [main] DEBUG net.thucydides.core.reflection.ClassFinder - Could not load class .starter.pages.HomePage
01:58:44.300 [main] DEBUG net.thucydides.core.reflection.ClassFinder - Could not load class .starter.pages.LoginPage
01:58:44.300 [main] DEBUG net.thucydides.core.reflection.ClassFinder - Could not load class .starter.pages.LogoutPage
01:58:44.300 [main] DEBUG net.thucydides.core.reflection.ClassFinder - Could not load class .starter.pages.OrderPage
01:58:44.300 [main] DEBUG net.thucydides.core.reflection.ClassFinder - Could not load class .starter.pages.RatingPage
01:58:44.300 [main] DEBUG net.thucydides.core.reflection.ClassFinder - Could not load class .starter.pages.RegisterPage
01:58:44.300 [main] DEBUG net.thucydides.core.reflection.ClassFinder - Could not load class .starter.stepdefinitions.LoginSteps
01:58:44.300 [main] DEBUG net.thucydides.core.reflection.ClassFinder - Could not load class .starter.stepdefinitions.LogoutSteps
01:58:44.301 [main] DEBUG net.thucydides.core.reflection.ClassFinder - Could not load class .starter.stepdefinitions.OrderSteps
01:58:44.301 [main] DEBUG net.thucydides.core.reflection.ClassFinder - Could not load class .starter.stepdefinitions.RatingSteps
01:58:44.301 [main] DEBUG net.thucydides.core.reflection.ClassFinder - Could not load class .starter.stepdefinitions.RegisterSteps
01:58:44.301 [main] DEBUG net.thucydides.core.reflection.ClassFinder - Could not load class META-INF.versions.9.com.sun.istack.logging.StackHelper
01:58:44.301 [main] DEBUG net.thucydides.core.reflection.ClassFinder - Could not load class META-INF.versions.9.com.sun.xml.bind.v2.runtime.reflect.opt.AccessorInjector
01:58:44.301 [main] DEBUG net.thucydides.core.reflection.ClassFinder - Could not load class META-INF.versions.9.com.sun.xml.bind.v2.runtime.reflect.opt.Injector
01:58:44.301 [main] DEBUG net.thucydides.core.reflection.ClassFinder - Could not load class META-INF.versions.9.com.sun.xml.bind.v2.runtime.reflect.opt.OptimizedAccessorFactory
01:58:44.301 [main] DEBUG net.thucydides.core.reflection.ClassFinder - Could not load class META-INF.versions.9.com.sun.xml.bind.v2.runtime.reflect.opt.OptimizedTransducedAccessorFactory
01:58:44.301 [main] DEBUG net.thucydides.core.reflection.ClassFinder - Could not load class META-INF.versions.9.io.opentelemetry.sdk.internal.CurrentJavaVersionSpecific
01:58:44.302 [main] DEBUG net.thucydides.core.reflection.ClassFinder - Could not load class META-INF.versions.9.io.opentelemetry.sdk.internal.Java9VersionSpecific
01:58:44.302 [main] DEBUG net.thucydides.core.reflection.ClassFinder - Could not load class META-INF.versions.9.javax.xml.bind.ModuleUtil
01:58:44.302 [main] DEBUG net.thucydides.core.reflection.ClassFinder - Could not load class META-INF.versions.9.module-info
01:58:44.303 [main] DEBUG net.thucydides.core.reflection.ClassFinder - Could not load class META-INF.versions.9.org.junit.platform.commons.util.ModuleUtils
01:58:44.305 [main] DEBUG net.thucydides.core.reflection.ClassFinder - Could not load class com.google.gson.internal.
01:58:44.307 [main] DEBUG net.thucydides.core.reflection.ClassFinder - Could not load class com.sun.xml.bind.v2.runtime.output.FastInfosetStreamWriterOutput
01:58:44.311 [main] DEBUG net.thucydides.core.reflection.ClassFinder - Could not load class module-info
01:58:44.332 [Forwarding get on session 909395f9b202cba04fe46e3c312bee53 to remote] DEBUG org.asynchttpclient.netty.request.NettyRequestSender - Using pooled Channel '[id: 0x7ebfbc52, L:/127.0.0.1:55917 - R:localhost/127.0.0.1:61563]' for 'POST' to 'http://localhost:61563/session/909395f9b202cba04fe46e3c312bee53/url'
01:58:44.332 [Forwarding get on session 909395f9b202cba04fe46e3c312bee53 to remote] DEBUG org.asynchttpclient.netty.request.NettyRequestSender - Using open Channel [id: 0x7ebfbc52, L:/127.0.0.1:55917 - R:localhost/127.0.0.1:61563] for POST '/session/909395f9b202cba04fe46e3c312bee53/url'
01:58:45.361 [AsyncHttpClient-1-1] DEBUG org.asynchttpclient.netty.channel.DefaultChannelPool - Entry count for : http://localhost:55918 : 1
01:58:46.432 [AsyncHttpClient-1-2] DEBUG org.asynchttpclient.netty.handler.HttpHandler - 

Request DefaultHttpRequest(decodeResult: success, version: HTTP/1.1)
POST /session/909395f9b202cba04fe46e3c312bee53/url HTTP/1.1
User-Agent: selenium/4.1.2 (java windows)
Content-Length: 64
Content-Type: application/json; charset=utf-8
host: localhost:61563
accept: */*

Response DefaultHttpResponse(decodeResult: success, version: HTTP/1.1)
HTTP/1.1 200 OK
Content-Type: application/json; charset=utf-8
cache-control: no-cache
content-length: 14

01:58:46.432 [AsyncHttpClient-1-2] DEBUG org.asynchttpclient.netty.channel.ChannelManager - Adding key: http://localhost:61563 for channel [id: 0x7ebfbc52, L:/127.0.0.1:55917 - R:localhost/127.0.0.1:61563]
01:58:46.436 [Forwarding setTimeout on session 909395f9b202cba04fe46e3c312bee53 to remote] DEBUG org.asynchttpclient.netty.request.NettyRequestSender - Using pooled Channel '[id: 0x7ebfbc52, L:/127.0.0.1:55917 - R:localhost/127.0.0.1:61563]' for 'POST' to 'http://localhost:61563/session/909395f9b202cba04fe46e3c312bee53/timeouts'
01:58:46.436 [Forwarding setTimeout on session 909395f9b202cba04fe46e3c312bee53 to remote] DEBUG org.asynchttpclient.netty.request.NettyRequestSender - Using open Channel [id: 0x7ebfbc52, L:/127.0.0.1:55917 - R:localhost/127.0.0.1:61563] for POST '/session/909395f9b202cba04fe46e3c312bee53/timeouts'
01:58:46.437 [AsyncHttpClient-1-2] DEBUG org.asynchttpclient.netty.handler.HttpHandler - 

Request DefaultHttpRequest(decodeResult: success, version: HTTP/1.1)
POST /session/909395f9b202cba04fe46e3c312bee53/timeouts HTTP/1.1
User-Agent: selenium/4.1.2 (java windows)
Content-Length: 22
Content-Type: application/json; charset=utf-8
host: localhost:61563
accept: */*

Response DefaultHttpResponse(decodeResult: success, version: HTTP/1.1)
HTTP/1.1 200 OK
Content-Type: application/json; charset=utf-8
cache-control: no-cache
content-length: 14

01:58:46.437 [AsyncHttpClient-1-2] DEBUG org.asynchttpclient.netty.channel.ChannelManager - Adding key: http://localhost:61563 for channel [id: 0x7ebfbc52, L:/127.0.0.1:55917 - R:localhost/127.0.0.1:61563]
01:58:46.442 [Forwarding getCurrentUrl on session 909395f9b202cba04fe46e3c312bee53 to remote] DEBUG org.asynchttpclient.netty.request.NettyRequestSender - Using pooled Channel '[id: 0x7ebfbc52, L:/127.0.0.1:55917 - R:localhost/127.0.0.1:61563]' for 'GET' to 'http://localhost:61563/session/909395f9b202cba04fe46e3c312bee53/url'
01:58:46.442 [Forwarding getCurrentUrl on session 909395f9b202cba04fe46e3c312bee53 to remote] DEBUG org.asynchttpclient.netty.request.NettyRequestSender - Using open Channel [id: 0x7ebfbc52, L:/127.0.0.1:55917 - R:localhost/127.0.0.1:61563] for GET '/session/909395f9b202cba04fe46e3c312bee53/url'
01:58:46.447 [AsyncHttpClient-1-2] DEBUG org.asynchttpclient.netty.handler.HttpHandler - 

Request DefaultFullHttpRequest(decodeResult: success, version: HTTP/1.1, content: EmptyByteBufBE)
GET /session/909395f9b202cba04fe46e3c312bee53/url HTTP/1.1
User-Agent: selenium/4.1.2 (java windows)
Cache-Control: no-cache
Content-Type: application/json; charset=utf-8
host: localhost:61563
accept: */*

Response DefaultHttpResponse(decodeResult: success, version: HTTP/1.1)
HTTP/1.1 200 OK
Content-Type: application/json; charset=utf-8
cache-control: no-cache
content-length: 41

01:58:46.447 [AsyncHttpClient-1-2] DEBUG org.asynchttpclient.netty.channel.ChannelManager - Adding key: http://localhost:61563 for channel [id: 0x7ebfbc52, L:/127.0.0.1:55917 - R:localhost/127.0.0.1:61563]
01:58:46.462 [AsyncHttpClient-1-1] DEBUG org.asynchttpclient.netty.channel.DefaultChannelPool - Entry count for : http://localhost:61563 : 1
01:58:46.462 [AsyncHttpClient-1-1] DEBUG org.asynchttpclient.netty.channel.DefaultChannelPool - Entry count for : http://localhost:55918 : 1
01:58:46.463 [main] DEBUG net.serenitybdd.core.photography.Darkroom - Opening darkroom
01:58:46.463 [Darkroom Processing Line] DEBUG net.serenitybdd.core.photography.DarkroomProcessingLine - Darkroom processing line starting up
01:58:46.464 [Forwarding screenshot on session 909395f9b202cba04fe46e3c312bee53 to remote] DEBUG org.asynchttpclient.netty.request.NettyRequestSender - Using pooled Channel '[id: 0x7ebfbc52, L:/127.0.0.1:55917 - R:localhost/127.0.0.1:61563]' for 'GET' to 'http://localhost:61563/session/909395f9b202cba04fe46e3c312bee53/screenshot'
01:58:46.464 [Forwarding screenshot on session 909395f9b202cba04fe46e3c312bee53 to remote] DEBUG org.asynchttpclient.netty.request.NettyRequestSender - Using open Channel [id: 0x7ebfbc52, L:/127.0.0.1:55917 - R:localhost/127.0.0.1:61563] for GET '/session/909395f9b202cba04fe46e3c312bee53/screenshot'
01:58:46.532 [AsyncHttpClient-1-2] DEBUG org.asynchttpclient.netty.handler.HttpHandler - 

Request DefaultFullHttpRequest(decodeResult: success, version: HTTP/1.1, content: EmptyByteBufBE)
GET /session/909395f9b202cba04fe46e3c312bee53/screenshot HTTP/1.1
User-Agent: selenium/4.1.2 (java windows)
Cache-Control: no-cache
Content-Type: application/json; charset=utf-8
host: localhost:61563
accept: */*

Response DefaultHttpResponse(decodeResult: success, version: HTTP/1.1)
HTTP/1.1 200 OK
Content-Type: application/json; charset=utf-8
cache-control: no-cache
content-length: 32192

01:58:46.532 [AsyncHttpClient-1-2] DEBUG org.asynchttpclient.netty.channel.ChannelManager - Adding key: http://localhost:61563 for channel [id: 0x7ebfbc52, L:/127.0.0.1:55917 - R:localhost/127.0.0.1:61563]
01:58:46.583 [main] DEBUG net.serenitybdd.core.photography.Darkroom - Send negative for processing for target\site\serenity\4d98329a65403fb35239499910819cdb6d3d71d823e551da367b9fc52c2ec142.png
01:58:46.583 [Darkroom Processing Line] DEBUG net.serenitybdd.core.photography.DarkroomProcessingLine - Processing screenshot image in /var/screenshots/screenshot-11212658117581840399
01:58:46.583 [Darkroom Processing Line] DEBUG net.serenitybdd.core.photography.DarkroomProcessingLine - Saving screenshot to target\site\serenity\4d98329a65403fb35239499910819cdb6d3d71d823e551da367b9fc52c2ec142.png
01:58:46.586 [main] DEBUG net.thucydides.core.steps.StepInterceptor - STEP DONE: loginPage
01:58:46.594 [main] DEBUG net.thucydides.core.steps.StepInterceptor - STARTING STEP: LoginSteps.onTheLoginPage - validateOnLoginPage
01:58:46.596 [Forwarding findElement on session 909395f9b202cba04fe46e3c312bee53 to remote] DEBUG org.asynchttpclient.netty.request.NettyRequestSender - Using pooled Channel '[id: 0x7ebfbc52, L:/127.0.0.1:55917 - R:localhost/127.0.0.1:61563]' for 'POST' to 'http://localhost:61563/session/909395f9b202cba04fe46e3c312bee53/element'
01:58:46.597 [Forwarding findElement on session 909395f9b202cba04fe46e3c312bee53 to remote] DEBUG org.asynchttpclient.netty.request.NettyRequestSender - Using open Channel [id: 0x7ebfbc52, L:/127.0.0.1:55917 - R:localhost/127.0.0.1:61563] for POST '/session/909395f9b202cba04fe46e3c312bee53/element'
01:58:46.608 [AsyncHttpClient-1-2] DEBUG org.asynchttpclient.netty.handler.HttpHandler - 

Request DefaultHttpRequest(decodeResult: success, version: HTTP/1.1)
POST /session/909395f9b202cba04fe46e3c312bee53/element HTTP/1.1
User-Agent: selenium/4.1.2 (java windows)
Content-Length: 155
Content-Type: application/json; charset=utf-8
host: localhost:61563
accept: */*

Response DefaultHttpResponse(decodeResult: success, version: HTTP/1.1)
HTTP/1.1 200 OK
Content-Type: application/json; charset=utf-8
cache-control: no-cache
content-length: 88

01:58:46.608 [AsyncHttpClient-1-2] DEBUG org.asynchttpclient.netty.channel.ChannelManager - Adding key: http://localhost:61563 for channel [id: 0x7ebfbc52, L:/127.0.0.1:55917 - R:localhost/127.0.0.1:61563]
01:58:46.614 [Forwarding isElementDisplayed on session 909395f9b202cba04fe46e3c312bee53 to remote] DEBUG org.asynchttpclient.netty.request.NettyRequestSender - Using pooled Channel '[id: 0x7ebfbc52, L:/127.0.0.1:55917 - R:localhost/127.0.0.1:61563]' for 'POST' to 'http://localhost:61563/session/909395f9b202cba04fe46e3c312bee53/execute/sync'
01:58:46.614 [Forwarding isElementDisplayed on session 909395f9b202cba04fe46e3c312bee53 to remote] DEBUG org.asynchttpclient.netty.request.NettyRequestSender - Using open Channel [id: 0x7ebfbc52, L:/127.0.0.1:55917 - R:localhost/127.0.0.1:61563] for POST '/session/909395f9b202cba04fe46e3c312bee53/execute/sync'
01:58:46.626 [AsyncHttpClient-1-2] DEBUG org.asynchttpclient.netty.handler.HttpHandler - 

Request DefaultHttpRequest(decodeResult: success, version: HTTP/1.1)
POST /session/909395f9b202cba04fe46e3c312bee53/execute/sync HTTP/1.1
User-Agent: selenium/4.1.2 (java windows)
Content-Length: 48780
Content-Type: application/json; charset=utf-8
host: localhost:61563
accept: */*

Response DefaultHttpResponse(decodeResult: success, version: HTTP/1.1)
HTTP/1.1 200 OK
Content-Type: application/json; charset=utf-8
cache-control: no-cache
content-length: 14

01:58:46.626 [AsyncHttpClient-1-2] DEBUG org.asynchttpclient.netty.channel.ChannelManager - Adding key: http://localhost:61563 for channel [id: 0x7ebfbc52, L:/127.0.0.1:55917 - R:localhost/127.0.0.1:61563]
01:58:46.629 [main] DEBUG net.thucydides.core.steps.StepInterceptor - STEP DONE: validateOnLoginPage
  &amp#27;[32mGiven &amp#27;[0m&amp#27;[32mI am on the login page&amp#27;[0m                &amp#27;[90m# starter.stepdefinitions.LoginSteps.onTheLoginPage()&amp#27;[0m
01:58:46.636 [Forwarding screenshot on session 909395f9b202cba04fe46e3c312bee53 to remote] DEBUG org.asynchttpclient.netty.request.NettyRequestSender - Using pooled Channel '[id: 0x7ebfbc52, L:/127.0.0.1:55917 - R:localhost/127.0.0.1:61563]' for 'GET' to 'http://localhost:61563/session/909395f9b202cba04fe46e3c312bee53/screenshot'
01:58:46.636 [Forwarding screenshot on session 909395f9b202cba04fe46e3c312bee53 to remote] DEBUG org.asynchttpclient.netty.request.NettyRequestSender - Using open Channel [id: 0x7ebfbc52, L:/127.0.0.1:55917 - R:localhost/127.0.0.1:61563] for GET '/session/909395f9b202cba04fe46e3c312bee53/screenshot'
01:58:46.701 [AsyncHttpClient-1-2] DEBUG org.asynchttpclient.netty.handler.HttpHandler - 

Request DefaultFullHttpRequest(decodeResult: success, version: HTTP/1.1, content: EmptyByteBufBE)
GET /session/909395f9b202cba04fe46e3c312bee53/screenshot HTTP/1.1
User-Agent: selenium/4.1.2 (java windows)
Cache-Control: no-cache
Content-Type: application/json; charset=utf-8
host: localhost:61563
accept: */*

Response DefaultHttpResponse(decodeResult: success, version: HTTP/1.1)
HTTP/1.1 200 OK
Content-Type: application/json; charset=utf-8
cache-control: no-cache
content-length: 32192

01:58:46.702 [AsyncHttpClient-1-2] DEBUG org.asynchttpclient.netty.channel.ChannelManager - Adding key: http://localhost:61563 for channel [id: 0x7ebfbc52, L:/127.0.0.1:55917 - R:localhost/127.0.0.1:61563]
01:58:46.703 [main] DEBUG net.serenitybdd.core.photography.Darkroom - Send negative for processing for target\site\serenity\4d98329a65403fb35239499910819cdb6d3d71d823e551da367b9fc52c2ec142.png
01:58:46.715 [main] DEBUG net.thucydides.core.steps.StepInterceptor - STARTING STEP: LoginSteps.inputValidEmail - inputEmail
01:58:46.718 [Forwarding findElement on session 909395f9b202cba04fe46e3c312bee53 to remote] DEBUG org.asynchttpclient.netty.request.NettyRequestSender - Using pooled Channel '[id: 0x7ebfbc52, L:/127.0.0.1:55917 - R:localhost/127.0.0.1:61563]' for 'POST' to 'http://localhost:61563/session/909395f9b202cba04fe46e3c312bee53/element'
01:58:46.718 [Forwarding findElement on session 909395f9b202cba04fe46e3c312bee53 to remote] DEBUG org.asynchttpclient.netty.request.NettyRequestSender - Using open Channel [id: 0x7ebfbc52, L:/127.0.0.1:55917 - R:localhost/127.0.0.1:61563] for POST '/session/909395f9b202cba04fe46e3c312bee53/element'
01:58:46.726 [AsyncHttpClient-1-2] DEBUG org.asynchttpclient.netty.handler.HttpHandler - 

Request DefaultHttpRequest(decodeResult: success, version: HTTP/1.1)
POST /session/909395f9b202cba04fe46e3c312bee53/element HTTP/1.1
User-Agent: selenium/4.1.2 (java windows)
Content-Length: 84
Content-Type: application/json; charset=utf-8
host: localhost:61563
accept: */*

Response DefaultHttpResponse(decodeResult: success, version: HTTP/1.1)
HTTP/1.1 200 OK
Content-Type: application/json; charset=utf-8
cache-control: no-cache
content-length: 88

01:58:46.726 [AsyncHttpClient-1-2] DEBUG org.asynchttpclient.netty.channel.ChannelManager - Adding key: http://localhost:61563 for channel [id: 0x7ebfbc52, L:/127.0.0.1:55917 - R:localhost/127.0.0.1:61563]
01:58:46.727 [Forwarding clearElement on session 909395f9b202cba04fe46e3c312bee53 to remote] DEBUG org.asynchttpclient.netty.request.NettyRequestSender - Using pooled Channel '[id: 0x7ebfbc52, L:/127.0.0.1:55917 - R:localhost/127.0.0.1:61563]' for 'POST' to 'http://localhost:61563/session/909395f9b202cba04fe46e3c312bee53/element/3602524f-11db-48b0-8f12-da9fb8cc4073/clear'
01:58:46.727 [Forwarding clearElement on session 909395f9b202cba04fe46e3c312bee53 to remote] DEBUG org.asynchttpclient.netty.request.NettyRequestSender - Using open Channel [id: 0x7ebfbc52, L:/127.0.0.1:55917 - R:localhost/127.0.0.1:61563] for POST '/session/909395f9b202cba04fe46e3c312bee53/element/3602524f-11db-48b0-8f12-da9fb8cc4073/clear'
01:58:46.753 [AsyncHttpClient-1-2] DEBUG org.asynchttpclient.netty.handler.HttpHandler - 

Request DefaultHttpRequest(decodeResult: success, version: HTTP/1.1)
POST /session/909395f9b202cba04fe46e3c312bee53/element/3602524f-11db-48b0-8f12-da9fb8cc4073/clear HTTP/1.1
User-Agent: selenium/4.1.2 (java windows)
Content-Length: 50
Content-Type: application/json; charset=utf-8
host: localhost:61563
accept: */*

Response DefaultHttpResponse(decodeResult: success, version: HTTP/1.1)
HTTP/1.1 200 OK
Content-Type: application/json; charset=utf-8
cache-control: no-cache
content-length: 14

01:58:46.753 [AsyncHttpClient-1-2] DEBUG org.asynchttpclient.netty.channel.ChannelManager - Adding key: http://localhost:61563 for channel [id: 0x7ebfbc52, L:/127.0.0.1:55917 - R:localhost/127.0.0.1:61563]
01:58:46.756 [Forwarding sendKeysToElement on session 909395f9b202cba04fe46e3c312bee53 to remote] DEBUG org.asynchttpclient.netty.request.NettyRequestSender - Using pooled Channel '[id: 0x7ebfbc52, L:/127.0.0.1:55917 - R:localhost/127.0.0.1:61563]' for 'POST' to 'http://localhost:61563/session/909395f9b202cba04fe46e3c312bee53/element/3602524f-11db-48b0-8f12-da9fb8cc4073/value'
01:58:46.756 [Forwarding sendKeysToElement on session 909395f9b202cba04fe46e3c312bee53 to remote] DEBUG org.asynchttpclient.netty.request.NettyRequestSender - Using open Channel [id: 0x7ebfbc52, L:/127.0.0.1:55917 - R:localhost/127.0.0.1:61563] for POST '/session/909395f9b202cba04fe46e3c312bee53/element/3602524f-11db-48b0-8f12-da9fb8cc4073/value'
01:58:46.818 [AsyncHttpClient-1-2] DEBUG org.asynchttpclient.netty.handler.HttpHandler - 

Request DefaultHttpRequest(decodeResult: success, version: HTTP/1.1)
POST /session/909395f9b202cba04fe46e3c312bee53/element/3602524f-11db-48b0-8f12-da9fb8cc4073/value HTTP/1.1
User-Agent: selenium/4.1.2 (java windows)
Content-Length: 231
Content-Type: application/json; charset=utf-8
host: localhost:61563
accept: */*

Response DefaultHttpResponse(decodeResult: success, version: HTTP/1.1)
HTTP/1.1 200 OK
Content-Type: application/json; charset=utf-8
cache-control: no-cache
content-length: 14

01:58:46.818 [AsyncHttpClient-1-2] DEBUG org.asynchttpclient.netty.channel.ChannelManager - Adding key: http://localhost:61563 for channel [id: 0x7ebfbc52, L:/127.0.0.1:55917 - R:localhost/127.0.0.1:61563]
01:58:46.823 [Forwarding screenshot on session 909395f9b202cba04fe46e3c312bee53 to remote] DEBUG org.asynchttpclient.netty.request.NettyRequestSender - Using pooled Channel '[id: 0x7ebfbc52, L:/127.0.0.1:55917 - R:localhost/127.0.0.1:61563]' for 'GET' to 'http://localhost:61563/session/909395f9b202cba04fe46e3c312bee53/screenshot'
01:58:46.823 [Forwarding screenshot on session 909395f9b202cba04fe46e3c312bee53 to remote] DEBUG org.asynchttpclient.netty.request.NettyRequestSender - Using open Channel [id: 0x7ebfbc52, L:/127.0.0.1:55917 - R:localhost/127.0.0.1:61563] for GET '/session/909395f9b202cba04fe46e3c312bee53/screenshot'
01:58:46.904 [AsyncHttpClient-1-2] DEBUG org.asynchttpclient.netty.handler.HttpHandler - 

Request DefaultFullHttpRequest(decodeResult: success, version: HTTP/1.1, content: EmptyByteBufBE)
GET /session/909395f9b202cba04fe46e3c312bee53/screenshot HTTP/1.1
User-Agent: selenium/4.1.2 (java windows)
Cache-Control: no-cache
Content-Type: application/json; charset=utf-8
host: localhost:61563
accept: */*

Response DefaultHttpResponse(decodeResult: success, version: HTTP/1.1)
HTTP/1.1 200 OK
Content-Type: application/json; charset=utf-8
cache-control: no-cache
content-length: 37996

01:58:46.905 [AsyncHttpClient-1-2] DEBUG org.asynchttpclient.netty.channel.ChannelManager - Adding key: http://localhost:61563 for channel [id: 0x7ebfbc52, L:/127.0.0.1:55917 - R:localhost/127.0.0.1:61563]
01:58:46.907 [main] DEBUG net.serenitybdd.core.photography.Darkroom - Send negative for processing for target\site\serenity\edaef4de28b8e25f82d40ddb80f2e4b9d249905680f0438697b08ac8845b2f24.png
01:58:46.908 [main] DEBUG net.thucydides.core.steps.StepInterceptor - STEP DONE: inputEmail
  &amp#27;[32mWhen &amp#27;[0m&amp#27;[32mI input valid email&amp#27;[0m                    &amp#27;[90m# starter.stepdefinitions.LoginSteps.inputValidEmail()&amp#27;[0m
01:58:46.908 [Darkroom Processing Line] DEBUG net.serenitybdd.core.photography.DarkroomProcessingLine - Processing screenshot image in /var/screenshots/screenshot-13328121528484063623
01:58:46.908 [Darkroom Processing Line] DEBUG net.serenitybdd.core.photography.DarkroomProcessingLine - Saving screenshot to target\site\serenity\edaef4de28b8e25f82d40ddb80f2e4b9d249905680f0438697b08ac8845b2f24.png
01:58:46.919 [main] DEBUG net.thucydides.core.steps.StepInterceptor - STARTING STEP: LoginSteps.inputValidPassword - inputPassword
01:58:46.922 [Forwarding findElement on session 909395f9b202cba04fe46e3c312bee53 to remote] DEBUG org.asynchttpclient.netty.request.NettyRequestSender - Using pooled Channel '[id: 0x7ebfbc52, L:/127.0.0.1:55917 - R:localhost/127.0.0.1:61563]' for 'POST' to 'http://localhost:61563/session/909395f9b202cba04fe46e3c312bee53/element'
01:58:46.922 [Forwarding findElement on session 909395f9b202cba04fe46e3c312bee53 to remote] DEBUG org.asynchttpclient.netty.request.NettyRequestSender - Using open Channel [id: 0x7ebfbc52, L:/127.0.0.1:55917 - R:localhost/127.0.0.1:61563] for POST '/session/909395f9b202cba04fe46e3c312bee53/element'
01:58:46.931 [AsyncHttpClient-1-2] DEBUG org.asynchttpclient.netty.handler.HttpHandler - 

Request DefaultHttpRequest(decodeResult: success, version: HTTP/1.1)
POST /session/909395f9b202cba04fe46e3c312bee53/element HTTP/1.1
User-Agent: selenium/4.1.2 (java windows)
Content-Length: 87
Content-Type: application/json; charset=utf-8
host: localhost:61563
accept: */*

Response DefaultHttpResponse(decodeResult: success, version: HTTP/1.1)
HTTP/1.1 200 OK
Content-Type: application/json; charset=utf-8
cache-control: no-cache
content-length: 88

01:58:46.932 [AsyncHttpClient-1-2] DEBUG org.asynchttpclient.netty.channel.ChannelManager - Adding key: http://localhost:61563 for channel [id: 0x7ebfbc52, L:/127.0.0.1:55917 - R:localhost/127.0.0.1:61563]
01:58:46.934 [Forwarding clearElement on session 909395f9b202cba04fe46e3c312bee53 to remote] DEBUG org.asynchttpclient.netty.request.NettyRequestSender - Using pooled Channel '[id: 0x7ebfbc52, L:/127.0.0.1:55917 - R:localhost/127.0.0.1:61563]' for 'POST' to 'http://localhost:61563/session/909395f9b202cba04fe46e3c312bee53/element/bf005dc3-db9d-4c18-8915-0ca18548cf68/clear'
01:58:46.934 [Forwarding clearElement on session 909395f9b202cba04fe46e3c312bee53 to remote] DEBUG org.asynchttpclient.netty.request.NettyRequestSender - Using open Channel [id: 0x7ebfbc52, L:/127.0.0.1:55917 - R:localhost/127.0.0.1:61563] for POST '/session/909395f9b202cba04fe46e3c312bee53/element/bf005dc3-db9d-4c18-8915-0ca18548cf68/clear'
01:58:46.956 [AsyncHttpClient-1-2] DEBUG org.asynchttpclient.netty.handler.HttpHandler - 

Request DefaultHttpRequest(decodeResult: success, version: HTTP/1.1)
POST /session/909395f9b202cba04fe46e3c312bee53/element/bf005dc3-db9d-4c18-8915-0ca18548cf68/clear HTTP/1.1
User-Agent: selenium/4.1.2 (java windows)
Content-Length: 50
Content-Type: application/json; charset=utf-8
host: localhost:61563
accept: */*

Response DefaultHttpResponse(decodeResult: success, version: HTTP/1.1)
HTTP/1.1 200 OK
Content-Type: application/json; charset=utf-8
cache-control: no-cache
content-length: 14

01:58:46.956 [AsyncHttpClient-1-2] DEBUG org.asynchttpclient.netty.channel.ChannelManager - Adding key: http://localhost:61563 for channel [id: 0x7ebfbc52, L:/127.0.0.1:55917 - R:localhost/127.0.0.1:61563]
01:58:46.958 [Forwarding sendKeysToElement on session 909395f9b202cba04fe46e3c312bee53 to remote] DEBUG org.asynchttpclient.netty.request.NettyRequestSender - Using pooled Channel '[id: 0x7ebfbc52, L:/127.0.0.1:55917 - R:localhost/127.0.0.1:61563]' for 'POST' to 'http://localhost:61563/session/909395f9b202cba04fe46e3c312bee53/element/bf005dc3-db9d-4c18-8915-0ca18548cf68/value'
01:58:46.958 [Forwarding sendKeysToElement on session 909395f9b202cba04fe46e3c312bee53 to remote] DEBUG org.asynchttpclient.netty.request.NettyRequestSender - Using open Channel [id: 0x7ebfbc52, L:/127.0.0.1:55917 - R:localhost/127.0.0.1:61563] for POST '/session/909395f9b202cba04fe46e3c312bee53/element/bf005dc3-db9d-4c18-8915-0ca18548cf68/value'
01:58:47.002 [AsyncHttpClient-1-2] DEBUG org.asynchttpclient.netty.handler.HttpHandler - 

Request DefaultHttpRequest(decodeResult: success, version: HTTP/1.1)
POST /session/909395f9b202cba04fe46e3c312bee53/element/bf005dc3-db9d-4c18-8915-0ca18548cf68/value HTTP/1.1
User-Agent: selenium/4.1.2 (java windows)
Content-Length: 151
Content-Type: application/json; charset=utf-8
host: localhost:61563
accept: */*

Response DefaultHttpResponse(decodeResult: success, version: HTTP/1.1)
HTTP/1.1 200 OK
Content-Type: application/json; charset=utf-8
cache-control: no-cache
content-length: 14

01:58:47.003 [AsyncHttpClient-1-2] DEBUG org.asynchttpclient.netty.channel.ChannelManager - Adding key: http://localhost:61563 for channel [id: 0x7ebfbc52, L:/127.0.0.1:55917 - R:localhost/127.0.0.1:61563]
01:58:47.006 [Forwarding screenshot on session 909395f9b202cba04fe46e3c312bee53 to remote] DEBUG org.asynchttpclient.netty.request.NettyRequestSender - Using pooled Channel '[id: 0x7ebfbc52, L:/127.0.0.1:55917 - R:localhost/127.0.0.1:61563]' for 'GET' to 'http://localhost:61563/session/909395f9b202cba04fe46e3c312bee53/screenshot'
01:58:47.007 [Forwarding screenshot on session 909395f9b202cba04fe46e3c312bee53 to remote] DEBUG org.asynchttpclient.netty.request.NettyRequestSender - Using open Channel [id: 0x7ebfbc52, L:/127.0.0.1:55917 - R:localhost/127.0.0.1:61563] for GET '/session/909395f9b202cba04fe46e3c312bee53/screenshot'
01:58:47.092 [AsyncHttpClient-1-2] DEBUG org.asynchttpclient.netty.handler.HttpHandler - 

Request DefaultFullHttpRequest(decodeResult: success, version: HTTP/1.1, content: EmptyByteBufBE)
GET /session/909395f9b202cba04fe46e3c312bee53/screenshot HTTP/1.1
User-Agent: selenium/4.1.2 (java windows)
Cache-Control: no-cache
Content-Type: application/json; charset=utf-8
host: localhost:61563
accept: */*

Response DefaultHttpResponse(decodeResult: success, version: HTTP/1.1)
HTTP/1.1 200 OK
Content-Type: application/json; charset=utf-8
cache-control: no-cache
content-length: 40504

01:58:47.093 [AsyncHttpClient-1-2] DEBUG org.asynchttpclient.netty.channel.ChannelManager - Adding key: http://localhost:61563 for channel [id: 0x7ebfbc52, L:/127.0.0.1:55917 - R:localhost/127.0.0.1:61563]
01:58:47.096 [main] DEBUG net.serenitybdd.core.photography.Darkroom - Send negative for processing for target\site\serenity\a536c5ff3f9305c0c18650e9274084312626914ccef82f84afdd459ade253780.png
01:58:47.097 [main] DEBUG net.thucydides.core.steps.StepInterceptor - STEP DONE: inputPassword
  &amp#27;[32mAnd &amp#27;[0m&amp#27;[32mI input valid password&amp#27;[0m                  &amp#27;[90m# starter.stepdefinitions.LoginSteps.inputValidPassword()&amp#27;[0m
01:58:47.097 [Darkroom Processing Line] DEBUG net.serenitybdd.core.photography.DarkroomProcessingLine - Processing screenshot image in /var/screenshots/screenshot-1380521518688665733
01:58:47.097 [Darkroom Processing Line] DEBUG net.serenitybdd.core.photography.DarkroomProcessingLine - Saving screenshot to target\site\serenity\a536c5ff3f9305c0c18650e9274084312626914ccef82f84afdd459ade253780.png
01:58:47.108 [main] DEBUG net.thucydides.core.steps.StepInterceptor - STARTING STEP: LoginSteps.clickLoginButton - clickLoginButton
01:58:47.113 [Forwarding findElement on session 909395f9b202cba04fe46e3c312bee53 to remote] DEBUG org.asynchttpclient.netty.request.NettyRequestSender - Using pooled Channel '[id: 0x7ebfbc52, L:/127.0.0.1:55917 - R:localhost/127.0.0.1:61563]' for 'POST' to 'http://localhost:61563/session/909395f9b202cba04fe46e3c312bee53/element'
01:58:47.113 [Forwarding findElement on session 909395f9b202cba04fe46e3c312bee53 to remote] DEBUG org.asynchttpclient.netty.request.NettyRequestSender - Using open Channel [id: 0x7ebfbc52, L:/127.0.0.1:55917 - R:localhost/127.0.0.1:61563] for POST '/session/909395f9b202cba04fe46e3c312bee53/element'
01:58:47.120 [AsyncHttpClient-1-2] DEBUG org.asynchttpclient.netty.handler.HttpHandler - 

Request DefaultHttpRequest(decodeResult: success, version: HTTP/1.1)
POST /session/909395f9b202cba04fe46e3c312bee53/element HTTP/1.1
User-Agent: selenium/4.1.2 (java windows)
Content-Length: 155
Content-Type: application/json; charset=utf-8
host: localhost:61563
accept: */*

Response DefaultHttpResponse(decodeResult: success, version: HTTP/1.1)
HTTP/1.1 200 OK
Content-Type: application/json; charset=utf-8
cache-control: no-cache
content-length: 88

01:58:47.121 [AsyncHttpClient-1-2] DEBUG org.asynchttpclient.netty.channel.ChannelManager - Adding key: http://localhost:61563 for channel [id: 0x7ebfbc52, L:/127.0.0.1:55917 - R:localhost/127.0.0.1:61563]
01:58:47.123 [Forwarding getElementTagName on session 909395f9b202cba04fe46e3c312bee53 to remote] DEBUG org.asynchttpclient.netty.request.NettyRequestSender - Using pooled Channel '[id: 0x7ebfbc52, L:/127.0.0.1:55917 - R:localhost/127.0.0.1:61563]' for 'GET' to 'http://localhost:61563/session/909395f9b202cba04fe46e3c312bee53/element/319885d6-9931-43c1-863b-ade1d5ecf464/name'
01:58:47.123 [Forwarding getElementTagName on session 909395f9b202cba04fe46e3c312bee53 to remote] DEBUG org.asynchttpclient.netty.request.NettyRequestSender - Using open Channel [id: 0x7ebfbc52, L:/127.0.0.1:55917 - R:localhost/127.0.0.1:61563] for GET '/session/909395f9b202cba04fe46e3c312bee53/element/319885d6-9931-43c1-863b-ade1d5ecf464/name'
01:58:47.126 [AsyncHttpClient-1-2] DEBUG org.asynchttpclient.netty.handler.HttpHandler - 

Request DefaultFullHttpRequest(decodeResult: success, version: HTTP/1.1, content: EmptyByteBufBE)
GET /session/909395f9b202cba04fe46e3c312bee53/element/319885d6-9931-43c1-863b-ade1d5ecf464/name HTTP/1.1
User-Agent: selenium/4.1.2 (java windows)
Cache-Control: no-cache
Content-Type: application/json; charset=utf-8
host: localhost:61563
accept: */*

Response DefaultHttpResponse(decodeResult: success, version: HTTP/1.1)
HTTP/1.1 200 OK
Content-Type: application/json; charset=utf-8
cache-control: no-cache
content-length: 18

01:58:47.126 [AsyncHttpClient-1-2] DEBUG org.asynchttpclient.netty.channel.ChannelManager - Adding key: http://localhost:61563 for channel [id: 0x7ebfbc52, L:/127.0.0.1:55917 - R:localhost/127.0.0.1:61563]
01:58:47.130 [Forwarding getElementTagName on session 909395f9b202cba04fe46e3c312bee53 to remote] DEBUG org.asynchttpclient.netty.request.NettyRequestSender - Using pooled Channel '[id: 0x7ebfbc52, L:/127.0.0.1:55917 - R:localhost/127.0.0.1:61563]' for 'GET' to 'http://localhost:61563/session/909395f9b202cba04fe46e3c312bee53/element/319885d6-9931-43c1-863b-ade1d5ecf464/name'
01:58:47.130 [Forwarding getElementTagName on session 909395f9b202cba04fe46e3c312bee53 to remote] DEBUG org.asynchttpclient.netty.request.NettyRequestSender - Using open Channel [id: 0x7ebfbc52, L:/127.0.0.1:55917 - R:localhost/127.0.0.1:61563] for GET '/session/909395f9b202cba04fe46e3c312bee53/element/319885d6-9931-43c1-863b-ade1d5ecf464/name'
01:58:47.133 [AsyncHttpClient-1-2] DEBUG org.asynchttpclient.netty.handler.HttpHandler - 

Request DefaultFullHttpRequest(decodeResult: success, version: HTTP/1.1, content: EmptyByteBufBE)
GET /session/909395f9b202cba04fe46e3c312bee53/element/319885d6-9931-43c1-863b-ade1d5ecf464/name HTTP/1.1
User-Agent: selenium/4.1.2 (java windows)
Cache-Control: no-cache
Content-Type: application/json; charset=utf-8
host: localhost:61563
accept: */*

Response DefaultHttpResponse(decodeResult: success, version: HTTP/1.1)
HTTP/1.1 200 OK
Content-Type: application/json; charset=utf-8
cache-control: no-cache
content-length: 18

01:58:47.133 [AsyncHttpClient-1-2] DEBUG org.asynchttpclient.netty.channel.ChannelManager - Adding key: http://localhost:61563 for channel [id: 0x7ebfbc52, L:/127.0.0.1:55917 - R:localhost/127.0.0.1:61563]
01:58:47.139 [Forwarding isElementEnabled on session 909395f9b202cba04fe46e3c312bee53 to remote] DEBUG org.asynchttpclient.netty.request.NettyRequestSender - Using pooled Channel '[id: 0x7ebfbc52, L:/127.0.0.1:55917 - R:localhost/127.0.0.1:61563]' for 'GET' to 'http://localhost:61563/session/909395f9b202cba04fe46e3c312bee53/element/319885d6-9931-43c1-863b-ade1d5ecf464/enabled'
01:58:47.139 [Forwarding isElementEnabled on session 909395f9b202cba04fe46e3c312bee53 to remote] DEBUG org.asynchttpclient.netty.request.NettyRequestSender - Using open Channel [id: 0x7ebfbc52, L:/127.0.0.1:55917 - R:localhost/127.0.0.1:61563] for GET '/session/909395f9b202cba04fe46e3c312bee53/element/319885d6-9931-43c1-863b-ade1d5ecf464/enabled'
01:58:47.152 [AsyncHttpClient-1-2] DEBUG org.asynchttpclient.netty.handler.HttpHandler - 

Request DefaultFullHttpRequest(decodeResult: success, version: HTTP/1.1, content: EmptyByteBufBE)
GET /session/909395f9b202cba04fe46e3c312bee53/element/319885d6-9931-43c1-863b-ade1d5ecf464/enabled HTTP/1.1
User-Agent: selenium/4.1.2 (java windows)
Cache-Control: no-cache
Content-Type: application/json; charset=utf-8
host: localhost:61563
accept: */*

Response DefaultHttpResponse(decodeResult: success, version: HTTP/1.1)
HTTP/1.1 200 OK
Content-Type: application/json; charset=utf-8
cache-control: no-cache
content-length: 14

01:58:47.152 [AsyncHttpClient-1-2] DEBUG org.asynchttpclient.netty.channel.ChannelManager - Adding key: http://localhost:61563 for channel [id: 0x7ebfbc52, L:/127.0.0.1:55917 - R:localhost/127.0.0.1:61563]
01:58:47.155 [Forwarding isElementEnabled on session 909395f9b202cba04fe46e3c312bee53 to remote] DEBUG org.asynchttpclient.netty.request.NettyRequestSender - Using pooled Channel '[id: 0x7ebfbc52, L:/127.0.0.1:55917 - R:localhost/127.0.0.1:61563]' for 'GET' to 'http://localhost:61563/session/909395f9b202cba04fe46e3c312bee53/element/319885d6-9931-43c1-863b-ade1d5ecf464/enabled'
01:58:47.155 [Forwarding isElementEnabled on session 909395f9b202cba04fe46e3c312bee53 to remote] DEBUG org.asynchttpclient.netty.request.NettyRequestSender - Using open Channel [id: 0x7ebfbc52, L:/127.0.0.1:55917 - R:localhost/127.0.0.1:61563] for GET '/session/909395f9b202cba04fe46e3c312bee53/element/319885d6-9931-43c1-863b-ade1d5ecf464/enabled'
01:58:47.163 [AsyncHttpClient-1-2] DEBUG org.asynchttpclient.netty.handler.HttpHandler - 

Request DefaultFullHttpRequest(decodeResult: success, version: HTTP/1.1, content: EmptyByteBufBE)
GET /session/909395f9b202cba04fe46e3c312bee53/element/319885d6-9931-43c1-863b-ade1d5ecf464/enabled HTTP/1.1
User-Agent: selenium/4.1.2 (java windows)
Cache-Control: no-cache
Content-Type: application/json; charset=utf-8
host: localhost:61563
accept: */*

Response DefaultHttpResponse(decodeResult: success, version: HTTP/1.1)
HTTP/1.1 200 OK
Content-Type: application/json; charset=utf-8
cache-control: no-cache
content-length: 14

01:58:47.164 [AsyncHttpClient-1-2] DEBUG org.asynchttpclient.netty.channel.ChannelManager - Adding key: http://localhost:61563 for channel [id: 0x7ebfbc52, L:/127.0.0.1:55917 - R:localhost/127.0.0.1:61563]
01:58:47.166 [Forwarding findElement on session 909395f9b202cba04fe46e3c312bee53 to remote] DEBUG org.asynchttpclient.netty.request.NettyRequestSender - Using pooled Channel '[id: 0x7ebfbc52, L:/127.0.0.1:55917 - R:localhost/127.0.0.1:61563]' for 'POST' to 'http://localhost:61563/session/909395f9b202cba04fe46e3c312bee53/element'
01:58:47.166 [Forwarding findElement on session 909395f9b202cba04fe46e3c312bee53 to remote] DEBUG org.asynchttpclient.netty.request.NettyRequestSender - Using open Channel [id: 0x7ebfbc52, L:/127.0.0.1:55917 - R:localhost/127.0.0.1:61563] for POST '/session/909395f9b202cba04fe46e3c312bee53/element'
01:58:47.177 [AsyncHttpClient-1-2] DEBUG org.asynchttpclient.netty.handler.HttpHandler - 

Request DefaultHttpRequest(decodeResult: success, version: HTTP/1.1)
POST /session/909395f9b202cba04fe46e3c312bee53/element HTTP/1.1
User-Agent: selenium/4.1.2 (java windows)
Content-Length: 155
Content-Type: application/json; charset=utf-8
host: localhost:61563
accept: */*

Response DefaultHttpResponse(decodeResult: success, version: HTTP/1.1)
HTTP/1.1 200 OK
Content-Type: application/json; charset=utf-8
cache-control: no-cache
content-length: 88

01:58:47.178 [AsyncHttpClient-1-2] DEBUG org.asynchttpclient.netty.channel.ChannelManager - Adding key: http://localhost:61563 for channel [id: 0x7ebfbc52, L:/127.0.0.1:55917 - R:localhost/127.0.0.1:61563]
01:58:47.180 [Forwarding clickElement on session 909395f9b202cba04fe46e3c312bee53 to remote] DEBUG org.asynchttpclient.netty.request.NettyRequestSender - Using pooled Channel '[id: 0x7ebfbc52, L:/127.0.0.1:55917 - R:localhost/127.0.0.1:61563]' for 'POST' to 'http://localhost:61563/session/909395f9b202cba04fe46e3c312bee53/element/319885d6-9931-43c1-863b-ade1d5ecf464/click'
01:58:47.180 [Forwarding clickElement on session 909395f9b202cba04fe46e3c312bee53 to remote] DEBUG org.asynchttpclient.netty.request.NettyRequestSender - Using open Channel [id: 0x7ebfbc52, L:/127.0.0.1:55917 - R:localhost/127.0.0.1:61563] for POST '/session/909395f9b202cba04fe46e3c312bee53/element/319885d6-9931-43c1-863b-ade1d5ecf464/click'
01:58:47.222 [AsyncHttpClient-1-2] DEBUG org.asynchttpclient.netty.handler.HttpHandler - 

Request DefaultHttpRequest(decodeResult: success, version: HTTP/1.1)
POST /session/909395f9b202cba04fe46e3c312bee53/element/319885d6-9931-43c1-863b-ade1d5ecf464/click HTTP/1.1
User-Agent: selenium/4.1.2 (java windows)
Content-Length: 50
Content-Type: application/json; charset=utf-8
host: localhost:61563
accept: */*

Response DefaultHttpResponse(decodeResult: success, version: HTTP/1.1)
HTTP/1.1 200 OK
Content-Type: application/json; charset=utf-8
cache-control: no-cache
content-length: 14

01:58:47.222 [AsyncHttpClient-1-2] DEBUG org.asynchttpclient.netty.channel.ChannelManager - Adding key: http://localhost:61563 for channel [id: 0x7ebfbc52, L:/127.0.0.1:55917 - R:localhost/127.0.0.1:61563]
01:58:47.229 [Forwarding screenshot on session 909395f9b202cba04fe46e3c312bee53 to remote] DEBUG org.asynchttpclient.netty.request.NettyRequestSender - Using pooled Channel '[id: 0x7ebfbc52, L:/127.0.0.1:55917 - R:localhost/127.0.0.1:61563]' for 'GET' to 'http://localhost:61563/session/909395f9b202cba04fe46e3c312bee53/screenshot'
01:58:47.229 [Forwarding screenshot on session 909395f9b202cba04fe46e3c312bee53 to remote] DEBUG org.asynchttpclient.netty.request.NettyRequestSender - Using open Channel [id: 0x7ebfbc52, L:/127.0.0.1:55917 - R:localhost/127.0.0.1:61563] for GET '/session/909395f9b202cba04fe46e3c312bee53/screenshot'
01:58:47.312 [AsyncHttpClient-1-2] DEBUG org.asynchttpclient.netty.handler.HttpHandler - 

Request DefaultFullHttpRequest(decodeResult: success, version: HTTP/1.1, content: EmptyByteBufBE)
GET /session/909395f9b202cba04fe46e3c312bee53/screenshot HTTP/1.1
User-Agent: selenium/4.1.2 (java windows)
Cache-Control: no-cache
Content-Type: application/json; charset=utf-8
host: localhost:61563
accept: */*

Response DefaultHttpResponse(decodeResult: success, version: HTTP/1.1)
HTTP/1.1 200 OK
Content-Type: application/json; charset=utf-8
cache-control: no-cache
content-length: 39856

01:58:47.312 [AsyncHttpClient-1-2] DEBUG org.asynchttpclient.netty.channel.ChannelManager - Adding key: http://localhost:61563 for channel [id: 0x7ebfbc52, L:/127.0.0.1:55917 - R:localhost/127.0.0.1:61563]
01:58:47.314 [main] DEBUG net.serenitybdd.core.photography.Darkroom - Send negative for processing for target\site\serenity\aa66032c4e64d6f91074d399e26e5f261e36e20b74c52ee7c30a2c9013f6b2d7.png
01:58:47.316 [main] DEBUG net.thucydides.core.steps.StepInterceptor - STEP DONE: clickLoginButton
  &amp#27;[32mAnd &amp#27;[0m&amp#27;[32mI click on login button&amp#27;[0m                 &amp#27;[90m# starter.stepdefinitions.LoginSteps.clickLoginButton()&amp#27;[0m
01:58:47.316 [Darkroom Processing Line] DEBUG net.serenitybdd.core.photography.DarkroomProcessingLine - Processing screenshot image in /var/screenshots/screenshot-14718653841647941159
01:58:47.316 [Darkroom Processing Line] DEBUG net.serenitybdd.core.photography.DarkroomProcessingLine - Saving screenshot to target\site\serenity\aa66032c4e64d6f91074d399e26e5f261e36e20b74c52ee7c30a2c9013f6b2d7.png
01:58:47.330 [main] DEBUG net.thucydides.core.steps.StepInterceptor - STARTING STEP: LoginSteps.onTheHomePage - validateOnHomePage
01:58:47.332 [Forwarding findElement on session 909395f9b202cba04fe46e3c312bee53 to remote] DEBUG org.asynchttpclient.netty.request.NettyRequestSender - Using pooled Channel '[id: 0x7ebfbc52, L:/127.0.0.1:55917 - R:localhost/127.0.0.1:61563]' for 'POST' to 'http://localhost:61563/session/909395f9b202cba04fe46e3c312bee53/element'
01:58:47.332 [Forwarding findElement on session 909395f9b202cba04fe46e3c312bee53 to remote] DEBUG org.asynchttpclient.netty.request.NettyRequestSender - Using open Channel [id: 0x7ebfbc52, L:/127.0.0.1:55917 - R:localhost/127.0.0.1:61563] for POST '/session/909395f9b202cba04fe46e3c312bee53/element'
01:58:47.562 [AsyncHttpClient-1-1] DEBUG org.asynchttpclient.netty.channel.DefaultChannelPool - Entry count for : http://localhost:55918 : 1
01:58:48.665 [AsyncHttpClient-1-1] DEBUG org.asynchttpclient.netty.channel.DefaultChannelPool - Entry count for : http://localhost:55918 : 1
01:58:49.353 [AsyncHttpClient-1-2] DEBUG org.asynchttpclient.netty.handler.HttpHandler - 

Request DefaultHttpRequest(decodeResult: success, version: HTTP/1.1)
POST /session/909395f9b202cba04fe46e3c312bee53/element HTTP/1.1
User-Agent: selenium/4.1.2 (java windows)
Content-Length: 140
Content-Type: application/json; charset=utf-8
host: localhost:61563
accept: */*

Response DefaultHttpResponse(decodeResult: success, version: HTTP/1.1)
HTTP/1.1 200 OK
Content-Type: application/json; charset=utf-8
cache-control: no-cache
content-length: 88

01:58:49.353 [AsyncHttpClient-1-2] DEBUG org.asynchttpclient.netty.channel.ChannelManager - Adding key: http://localhost:61563 for channel [id: 0x7ebfbc52, L:/127.0.0.1:55917 - R:localhost/127.0.0.1:61563]
01:58:49.359 [Forwarding isElementDisplayed on session 909395f9b202cba04fe46e3c312bee53 to remote] DEBUG org.asynchttpclient.netty.request.NettyRequestSender - Using pooled Channel '[id: 0x7ebfbc52, L:/127.0.0.1:55917 - R:localhost/127.0.0.1:61563]' for 'POST' to 'http://localhost:61563/session/909395f9b202cba04fe46e3c312bee53/execute/sync'
01:58:49.360 [Forwarding isElementDisplayed on session 909395f9b202cba04fe46e3c312bee53 to remote] DEBUG org.asynchttpclient.netty.request.NettyRequestSender - Using open Channel [id: 0x7ebfbc52, L:/127.0.0.1:55917 - R:localhost/127.0.0.1:61563] for POST '/session/909395f9b202cba04fe46e3c312bee53/execute/sync'
01:58:49.370 [AsyncHttpClient-1-2] DEBUG org.asynchttpclient.netty.handler.HttpHandler - 

Request DefaultHttpRequest(decodeResult: success, version: HTTP/1.1)
POST /session/909395f9b202cba04fe46e3c312bee53/execute/sync HTTP/1.1
User-Agent: selenium/4.1.2 (java windows)
Content-Length: 48780
Content-Type: application/json; charset=utf-8
host: localhost:61563
accept: */*

Response DefaultHttpResponse(decodeResult: success, version: HTTP/1.1)
HTTP/1.1 200 OK
Content-Type: application/json; charset=utf-8
cache-control: no-cache
content-length: 14

01:58:49.371 [AsyncHttpClient-1-2] DEBUG org.asynchttpclient.netty.channel.ChannelManager - Adding key: http://localhost:61563 for channel [id: 0x7ebfbc52, L:/127.0.0.1:55917 - R:localhost/127.0.0.1:61563]
01:58:49.376 [Forwarding screenshot on session 909395f9b202cba04fe46e3c312bee53 to remote] DEBUG org.asynchttpclient.netty.request.NettyRequestSender - Using pooled Channel '[id: 0x7ebfbc52, L:/127.0.0.1:55917 - R:localhost/127.0.0.1:61563]' for 'GET' to 'http://localhost:61563/session/909395f9b202cba04fe46e3c312bee53/screenshot'
01:58:49.376 [Forwarding screenshot on session 909395f9b202cba04fe46e3c312bee53 to remote] DEBUG org.asynchttpclient.netty.request.NettyRequestSender - Using open Channel [id: 0x7ebfbc52, L:/127.0.0.1:55917 - R:localhost/127.0.0.1:61563] for GET '/session/909395f9b202cba04fe46e3c312bee53/screenshot'
01:58:49.480 [AsyncHttpClient-1-2] DEBUG org.asynchttpclient.netty.handler.HttpHandler - 

Request DefaultFullHttpRequest(decodeResult: success, version: HTTP/1.1, content: EmptyByteBufBE)
GET /session/909395f9b202cba04fe46e3c312bee53/screenshot HTTP/1.1
User-Agent: selenium/4.1.2 (java windows)
Cache-Control: no-cache
Content-Type: application/json; charset=utf-8
host: localhost:61563
accept: */*

Response DefaultHttpResponse(decodeResult: success, version: HTTP/1.1)
HTTP/1.1 200 OK
Content-Type: application/json; charset=utf-8
cache-control: no-cache
content-length: 71512

01:58:49.480 [AsyncHttpClient-1-2] DEBUG org.asynchttpclient.netty.channel.ChannelManager - Adding key: http://localhost:61563 for channel [id: 0x7ebfbc52, L:/127.0.0.1:55917 - R:localhost/127.0.0.1:61563]
01:58:49.486 [main] DEBUG net.serenitybdd.core.photography.Darkroom - Send negative for processing for target\site\serenity\136066cedc6eebd24added863f8e80ce55d00f94d17efbcc19d933d4d5613066.png
01:58:49.486 [main] DEBUG net.thucydides.core.steps.StepInterceptor - STEP DONE: validateOnHomePage
  &amp#27;[32mThen &amp#27;[0m&amp#27;[32mI am on the home page&amp#27;[0m                  &amp#27;[90m# starter.stepdefinitions.LoginSteps.onTheHomePage()&amp#27;[0m
01:58:49.486 [Darkroom Processing Line] DEBUG net.serenitybdd.core.photography.DarkroomProcessingLine - Processing screenshot image in /var/screenshots/screenshot-2421308990724202180
01:58:49.487 [Darkroom Processing Line] DEBUG net.serenitybdd.core.photography.DarkroomProcessingLine - Saving screenshot to target\site\serenity\136066cedc6eebd24added863f8e80ce55d00f94d17efbcc19d933d4d5613066.png
01:58:49.494 [main] INFO  - 
  _____   ___   ___   _____     ___     _     ___   ___   ___   ___  
 |_   _| | __| / __| |_   _|   | _ \   /_\   / __| / __| | __| |   \ 
   | |   | _|  \__ \   | |     |  _/  / _ \  \__ \ \__ \ | _|  | |) |
   |_|   |___| |___/   |_|     |_|   /_/ \_\ |___/ |___/ |___| |___/ 

Login with valid email and password
----------------------------------------------------------------------
01:58:49.597 [Driver Command Executor] DEBUG org.asynchttpclient.netty.request.NettyRequestSender - Using pooled Channel '[id: 0x7ebfbc52, L:/127.0.0.1:55917 - R:localhost/127.0.0.1:61563]' for 'DELETE' to 'http://localhost:61563/session/909395f9b202cba04fe46e3c312bee53'
01:58:49.597 [Driver Command Executor] DEBUG org.asynchttpclient.netty.request.NettyRequestSender - Using open Channel [id: 0x7ebfbc52, L:/127.0.0.1:55917 - R:localhost/127.0.0.1:61563] for DELETE '/session/909395f9b202cba04fe46e3c312bee53'
01:58:49.599 [AsyncHttpClient-1-4] DEBUG org.asynchttpclient.netty.handler.WebSocketHandler - Channel Closed: [id: 0x5045a053, L:/127.0.0.1:55927 ! R:localhost/127.0.0.1:55918] with attribute NettyResponseFuture{currentRetry=5,
	isDone=1,
	isCancelled=0,
	asyncHandler=org.asynchttpclient.ws.WebSocketUpgradeHandler@1483b092,
	nettyRequest=org.asynchttpclient.netty.request.NettyRequest@58258dd3,
	future=java.util.concurrent.CompletableFuture@78c7d9a8[Completed normally],
	uri=ws://localhost:55918/devtools/browser/b545c022-f4e6-4e70-8c07-551146536d3b,
	keepAlive=true,
	redirectCount=0,
	timeoutsHolder=null,
	inAuth=0,
	touch=1652554723549}
01:58:49.600 [AsyncHttpClient-1-4] DEBUG org.asynchttpclient.netty.channel.ChannelManager - Closing Channel [id: 0x5045a053, L:/127.0.0.1:55927 ! R:localhost/127.0.0.1:55918] 
01:58:49.654 [AsyncHttpClient-1-3] DEBUG org.asynchttpclient.netty.handler.HttpHandler - Unexpected I/O exception on channel [id: 0x78c4ca6f, L:/127.0.0.1:55926 - R:localhost/127.0.0.1:55918]
java.io.IOException: An existing connection was forcibly closed by the remote host
	at java.base/sun.nio.ch.SocketDispatcher.read0(Native Method)
	at java.base/sun.nio.ch.SocketDispatcher.read(SocketDispatcher.java:43)
	at java.base/sun.nio.ch.IOUtil.readIntoNativeBuffer(IOUtil.java:276)
	at java.base/sun.nio.ch.IOUtil.read(IOUtil.java:233)
	at java.base/sun.nio.ch.IOUtil.read(IOUtil.java:223)
	at java.base/sun.nio.ch.SocketChannelImpl.read(SocketChannelImpl.java:358)
	at io.netty.buffer.PooledByteBuf.setBytes(PooledByteBuf.java:258)
	at io.netty.buffer.AbstractByteBuf.writeBytes(AbstractByteBuf.java:1132)
	at io.netty.channel.socket.nio.NioSocketChannel.doReadBytes(NioSocketChannel.java:350)
	at io.netty.channel.nio.AbstractNioByteChannel$NioByteUnsafe.read(AbstractNioByteChannel.java:151)
	at io.netty.channel.nio.NioEventLoop.processSelectedKey(NioEventLoop.java:722)
	at io.netty.channel.nio.NioEventLoop.processSelectedKeysOptimized(NioEventLoop.java:658)
	at io.netty.channel.nio.NioEventLoop.processSelectedKeys(NioEventLoop.java:584)
	at io.netty.channel.nio.NioEventLoop.run(NioEventLoop.java:496)
	at io.netty.util.concurrent.SingleThreadEventExecutor$4.run(SingleThreadEventExecutor.java:986)
	at io.netty.util.internal.ThreadExecutorMap$2.run(ThreadExecutorMap.java:74)
	at io.netty.util.concurrent.FastThreadLocalRunnable.run(FastThreadLocalRunnable.java:30)
	at java.base/java.lang.Thread.run(Thread.java:834)
01:58:49.655 [AsyncHttpClient-1-3] DEBUG org.asynchttpclient.netty.channel.ChannelManager - Closing Channel [id: 0x78c4ca6f, L:/127.0.0.1:55926 - R:localhost/127.0.0.1:55918] 
01:58:49.656 [AsyncHttpClient-1-3] DEBUG org.asynchttpclient.netty.handler.HttpHandler - Channel Closed: [id: 0x78c4ca6f, L:/127.0.0.1:55926 ! R:localhost/127.0.0.1:55918] with attribute DISCARD
01:58:49.660 [AsyncHttpClient-1-2] DEBUG org.asynchttpclient.netty.handler.HttpHandler - 

Request DefaultFullHttpRequest(decodeResult: success, version: HTTP/1.1, content: EmptyByteBufBE)
DELETE /session/909395f9b202cba04fe46e3c312bee53 HTTP/1.1
User-Agent: selenium/4.1.2 (java windows)
Content-Type: application/json; charset=utf-8
host: localhost:61563
accept: */*

Response DefaultHttpResponse(decodeResult: success, version: HTTP/1.1)
HTTP/1.1 200 OK
Content-Type: application/json; charset=utf-8
cache-control: no-cache
content-length: 14

01:58:49.661 [AsyncHttpClient-1-2] DEBUG org.asynchttpclient.netty.channel.ChannelManager - Adding key: http://localhost:61563 for channel [id: 0x7ebfbc52, L:/127.0.0.1:55917 - R:localhost/127.0.0.1:61563]
01:58:49.739 [AsyncHttpClient-1-2] DEBUG org.asynchttpclient.netty.handler.HttpHandler - Channel Closed: [id: 0x7ebfbc52, L:/127.0.0.1:55917 ! R:localhost/127.0.0.1:61563] with attribute DISCARD
01:58:49.768 [AsyncHttpClient-1-1] DEBUG org.asynchttpclient.netty.channel.DefaultChannelPool - Entry count for : http://localhost:61563 : 1
01:58:49.768 [AsyncHttpClient-1-1] DEBUG org.asynchttpclient.netty.channel.DefaultChannelPool - Entry count for : http://localhost:55918 : 1
01:58:49.768 [AsyncHttpClient-1-1] DEBUG org.asynchttpclient.netty.channel.DefaultChannelPool - Adding Candidate expired Channel [id: 0x7ebfbc52, L:/127.0.0.1:55917 ! R:localhost/127.0.0.1:61563] isIdleTimeoutExpired=false isRemotelyClosed=true isTtlExpired=false
01:58:49.768 [AsyncHttpClient-1-1] DEBUG org.asynchttpclient.netty.channel.DefaultChannelPool - Closing Idle Channel [id: 0x7ebfbc52, L:/127.0.0.1:55917 ! R:localhost/127.0.0.1:61563]
01:58:49.768 [AsyncHttpClient-1-1] DEBUG org.asynchttpclient.netty.channel.DefaultChannelPool - Adding Candidate expired Channel [id: 0x78c4ca6f, L:/127.0.0.1:55926 ! R:localhost/127.0.0.1:55918] isIdleTimeoutExpired=false isRemotelyClosed=true isTtlExpired=false
01:58:49.768 [AsyncHttpClient-1-1] DEBUG org.asynchttpclient.netty.channel.DefaultChannelPool - Closing Idle Channel [id: 0x78c4ca6f, L:/127.0.0.1:55926 ! R:localhost/127.0.0.1:55918]
01:58:49.768 [AsyncHttpClient-1-1] DEBUG org.asynchttpclient.netty.channel.DefaultChannelPool - Closed 2 connections out of 2 in 0 ms
]]></system-out>
    <system-err><![CDATA[Starting ChromeDriver 101.0.4951.41 (93c720db8323b3ec10d056025ab95c23a31997c9-refs/branch-heads/4951@{#904}) on port 61563
Only local connections are allowed.
Please see https://chromedriver.chromium.org/security-considerations for suggestions on keeping ChromeDriver safe.
ChromeDriver was started successfully.
May 15, 2022 1:58:43 AM org.openqa.selenium.remote.ProtocolHandshake createSession
INFO: Detected dialect: W3C
May 15, 2022 1:58:43 AM org.openqa.selenium.devtools.CdpVersionFinder findNearestMatch
WARNING: Unable to find an exact match for CDP version 101, so returning the closest version found: 97
May 15, 2022 1:58:43 AM org.openqa.selenium.devtools.CdpVersionFinder findNearestMatch
INFO: Found CDP implementation for version 101 of 97
]]></system-err>
  </testcase>
  <testcase name="Login with valid email and invalid password" classname="Login" time="4.749">
    <system-out><![CDATA[
Scenario: Login with valid email and invalid password &amp#27;[90m# src/test/resources/features/Login.feature:11&amp#27;[0m
01:58:50.274 [main] INFO io.cucumber.core.plugin.SerenityReporter - Running feature from file:///D:/Intern/MSIB%20Alterra/alterra-mini-project/Serenity%20UI%20Test/src/test/resources/features/Login.feature
01:58:50.277 [main] INFO  - 
  _____   ___   ___   _____     ___   _____     _     ___   _____   ___   ___  
 |_   _| | __| / __| |_   _|   / __| |_   _|   /_\   | _ \ |_   _| | __| |   \ 
   | |   | _|  \__ \   | |     \__ \   | |    / _ \  |   /   | |   | _|  | |) |
   |_|   |___| |___/   |_|     |___/   |_|   /_/ \_\ |_|_\   |_|   |___| |___/ 

Login with valid email and invalid password(login;login-with-valid-email-and-invalid-password)
--------------------------------------------------------------------------------
01:58:50.292 [main] DEBUG net.thucydides.core.steps.StepInterceptor - STARTING STEP: LoginSteps.onTheLoginPage - loginPage
01:58:50.292 [main] INFO net.serenitybdd.core.webdriver.driverproviders.ChromeDriverProvider - Using automatically driver download
01:58:50.386 [main] DEBUG io.github.bonigarcia.wdm.cache.ResolutionCache - Resolution chrome=101 in cache (valid until 02:58:38 15/05/2022 ICT)
01:58:50.391 [main] DEBUG io.github.bonigarcia.wdm.cache.ResolutionCache - Resolution chrome101=101.0.4951.41 in cache (valid until 14:15:13 15/05/2022 ICT)
01:58:50.393 [main] INFO io.github.bonigarcia.wdm.WebDriverManager - Using chromedriver 101.0.4951.41 (resolved driver for Chrome 101)
01:58:50.405 [main] DEBUG io.github.bonigarcia.wdm.WebDriverManager - Driver chromedriver 101.0.4951.41 found in cache
01:58:50.406 [main] INFO io.github.bonigarcia.wdm.WebDriverManager - Exporting webdriver.chrome.driver as C:\Users\saral\.cache\selenium\chromedriver\win32\101.0.4951.41\chromedriver.exe
01:58:50.485 [main] DEBUG net.serenitybdd.core.webdriver.driverproviders.ProvideNewDriver - Instantiating driver
01:58:50.485 [main] DEBUG net.serenitybdd.core.webdriver.driverproviders.ProvideNewDriver - Driver capabilities: Capabilities {acceptInsecureCerts: false, base.url: https://qa.alta.id/, browserName: chrome, chrome.driver: src/main/resources/webdrive..., driver: chrome, goog:chromeOptions: {args: [], extensions: []}}
01:58:51.014 [AsyncHttpClient-1-5] DEBUG org.asynchttpclient.netty.channel.NettyConnectListener - Using new Channel '[id: 0x0cdbac01, L:/127.0.0.1:55953 - R:localhost/127.0.0.1:55284]' for 'POST' to '/session'
01:58:51.558 [AsyncHttpClient-1-5] DEBUG org.asynchttpclient.netty.handler.HttpHandler - 

Request DefaultHttpRequest(decodeResult: success, version: HTTP/1.1)
POST /session HTTP/1.1
User-Agent: selenium/4.1.2 (java windows)
Content-Length: 605
Content-Type: application/json; charset=utf-8
host: localhost:55284
accept: */*

Response DefaultHttpResponse(decodeResult: success, version: HTTP/1.1)
HTTP/1.1 200 OK
Content-Type: application/json; charset=utf-8
cache-control: no-cache
content-length: 789

01:58:51.558 [AsyncHttpClient-1-5] DEBUG org.asynchttpclient.netty.channel.ChannelManager - Adding key: http://localhost:55284 for channel [id: 0x0cdbac01, L:/127.0.0.1:55953 - R:localhost/127.0.0.1:55284]
01:58:51.565 [AsyncHttpClient-1-6] DEBUG org.asynchttpclient.netty.channel.NettyConnectListener - Using new Channel '[id: 0x9648e29c, L:/127.0.0.1:55963 - R:localhost/127.0.0.1:55955]' for 'GET' to '/json/version'
01:58:51.569 [AsyncHttpClient-1-6] DEBUG org.asynchttpclient.netty.handler.HttpHandler - 

Request DefaultFullHttpRequest(decodeResult: success, version: HTTP/1.1, content: EmptyByteBufBE)
GET /json/version HTTP/1.1
User-Agent: selenium/4.1.2 (java windows)
host: localhost:55955
accept: */*

Response DefaultHttpResponse(decodeResult: success, version: HTTP/1.1)
HTTP/1.1 200 OK
Content-Type: application/json; charset=UTF-8
content-length: 427

01:58:51.569 [AsyncHttpClient-1-6] DEBUG org.asynchttpclient.netty.channel.ChannelManager - Adding key: http://localhost:55955 for channel [id: 0x9648e29c, L:/127.0.0.1:55963 - R:localhost/127.0.0.1:55955]
01:58:51.572 [AsyncHttpClient-1-7] DEBUG org.asynchttpclient.netty.channel.NettyConnectListener - Using new Channel '[id: 0x6b776b8d, L:/127.0.0.1:55964 - R:localhost/127.0.0.1:55955]' for 'GET' to '/devtools/browser/777bf0a5-1c11-4f00-b42a-095f57f30ff4'
01:58:51.575 [AsyncHttpClient-1-7] DEBUG org.asynchttpclient.netty.handler.WebSocketHandler - 

Request DefaultFullHttpRequest(decodeResult: success, version: HTTP/1.1, content: EmptyByteBufBE)
GET /devtools/browser/777bf0a5-1c11-4f00-b42a-095f57f30ff4 HTTP/1.1
upgrade: websocket
connection: upgrade
sec-websocket-key: Tn6HiLt4s/R0m4Zwzd6Feg==
sec-websocket-version: 13
origin: http://localhost:55955
host: localhost:55955
accept: */*
user-agent: AHC/2.1

Response DefaultHttpResponse(decodeResult: success, version: HTTP/1.1)
HTTP/1.1 101 WebSocket Protocol Handshake
Upgrade: WebSocket
Connection: Upgrade
Sec-WebSocket-Accept: W0DIWYGWtz6if2jJUI9dCv6fvw4=

01:58:51.579 [Forwarding get on session dc00dab029c486d28e5e08e38e5be032 to remote] DEBUG org.asynchttpclient.netty.request.NettyRequestSender - Using pooled Channel '[id: 0x0cdbac01, L:/127.0.0.1:55953 - R:localhost/127.0.0.1:55284]' for 'POST' to 'http://localhost:55284/session/dc00dab029c486d28e5e08e38e5be032/url'
01:58:51.579 [Forwarding get on session dc00dab029c486d28e5e08e38e5be032 to remote] DEBUG org.asynchttpclient.netty.request.NettyRequestSender - Using open Channel [id: 0x0cdbac01, L:/127.0.0.1:55953 - R:localhost/127.0.0.1:55284] for POST '/session/dc00dab029c486d28e5e08e38e5be032/url'
01:58:51.963 [AsyncHttpClient-1-1] DEBUG org.asynchttpclient.netty.channel.DefaultChannelPool - Entry count for : http://localhost:55955 : 1
01:58:53.062 [AsyncHttpClient-1-1] DEBUG org.asynchttpclient.netty.channel.DefaultChannelPool - Entry count for : http://localhost:55955 : 1
01:58:53.388 [AsyncHttpClient-1-5] DEBUG org.asynchttpclient.netty.handler.HttpHandler - 

Request DefaultHttpRequest(decodeResult: success, version: HTTP/1.1)
POST /session/dc00dab029c486d28e5e08e38e5be032/url HTTP/1.1
User-Agent: selenium/4.1.2 (java windows)
Content-Length: 64
Content-Type: application/json; charset=utf-8
host: localhost:55284
accept: */*

Response DefaultHttpResponse(decodeResult: success, version: HTTP/1.1)
HTTP/1.1 200 OK
Content-Type: application/json; charset=utf-8
cache-control: no-cache
content-length: 14

01:58:53.388 [AsyncHttpClient-1-5] DEBUG org.asynchttpclient.netty.channel.ChannelManager - Adding key: http://localhost:55284 for channel [id: 0x0cdbac01, L:/127.0.0.1:55953 - R:localhost/127.0.0.1:55284]
01:58:53.391 [Forwarding setTimeout on session dc00dab029c486d28e5e08e38e5be032 to remote] DEBUG org.asynchttpclient.netty.request.NettyRequestSender - Using pooled Channel '[id: 0x0cdbac01, L:/127.0.0.1:55953 - R:localhost/127.0.0.1:55284]' for 'POST' to 'http://localhost:55284/session/dc00dab029c486d28e5e08e38e5be032/timeouts'
01:58:53.391 [Forwarding setTimeout on session dc00dab029c486d28e5e08e38e5be032 to remote] DEBUG org.asynchttpclient.netty.request.NettyRequestSender - Using open Channel [id: 0x0cdbac01, L:/127.0.0.1:55953 - R:localhost/127.0.0.1:55284] for POST '/session/dc00dab029c486d28e5e08e38e5be032/timeouts'
01:58:53.393 [AsyncHttpClient-1-5] DEBUG org.asynchttpclient.netty.handler.HttpHandler - 

Request DefaultHttpRequest(decodeResult: success, version: HTTP/1.1)
POST /session/dc00dab029c486d28e5e08e38e5be032/timeouts HTTP/1.1
User-Agent: selenium/4.1.2 (java windows)
Content-Length: 22
Content-Type: application/json; charset=utf-8
host: localhost:55284
accept: */*

Response DefaultHttpResponse(decodeResult: success, version: HTTP/1.1)
HTTP/1.1 200 OK
Content-Type: application/json; charset=utf-8
cache-control: no-cache
content-length: 14

01:58:53.393 [AsyncHttpClient-1-5] DEBUG org.asynchttpclient.netty.channel.ChannelManager - Adding key: http://localhost:55284 for channel [id: 0x0cdbac01, L:/127.0.0.1:55953 - R:localhost/127.0.0.1:55284]
01:58:53.395 [Forwarding getCurrentUrl on session dc00dab029c486d28e5e08e38e5be032 to remote] DEBUG org.asynchttpclient.netty.request.NettyRequestSender - Using pooled Channel '[id: 0x0cdbac01, L:/127.0.0.1:55953 - R:localhost/127.0.0.1:55284]' for 'GET' to 'http://localhost:55284/session/dc00dab029c486d28e5e08e38e5be032/url'
01:58:53.395 [Forwarding getCurrentUrl on session dc00dab029c486d28e5e08e38e5be032 to remote] DEBUG org.asynchttpclient.netty.request.NettyRequestSender - Using open Channel [id: 0x0cdbac01, L:/127.0.0.1:55953 - R:localhost/127.0.0.1:55284] for GET '/session/dc00dab029c486d28e5e08e38e5be032/url'
01:58:53.399 [AsyncHttpClient-1-5] DEBUG org.asynchttpclient.netty.handler.HttpHandler - 

Request DefaultFullHttpRequest(decodeResult: success, version: HTTP/1.1, content: EmptyByteBufBE)
GET /session/dc00dab029c486d28e5e08e38e5be032/url HTTP/1.1
User-Agent: selenium/4.1.2 (java windows)
Cache-Control: no-cache
Content-Type: application/json; charset=utf-8
host: localhost:55284
accept: */*

Response DefaultHttpResponse(decodeResult: success, version: HTTP/1.1)
HTTP/1.1 200 OK
Content-Type: application/json; charset=utf-8
cache-control: no-cache
content-length: 41

01:58:53.399 [AsyncHttpClient-1-5] DEBUG org.asynchttpclient.netty.channel.ChannelManager - Adding key: http://localhost:55284 for channel [id: 0x0cdbac01, L:/127.0.0.1:55953 - R:localhost/127.0.0.1:55284]
01:58:53.402 [Forwarding screenshot on session dc00dab029c486d28e5e08e38e5be032 to remote] DEBUG org.asynchttpclient.netty.request.NettyRequestSender - Using pooled Channel '[id: 0x0cdbac01, L:/127.0.0.1:55953 - R:localhost/127.0.0.1:55284]' for 'GET' to 'http://localhost:55284/session/dc00dab029c486d28e5e08e38e5be032/screenshot'
01:58:53.403 [Forwarding screenshot on session dc00dab029c486d28e5e08e38e5be032 to remote] DEBUG org.asynchttpclient.netty.request.NettyRequestSender - Using open Channel [id: 0x0cdbac01, L:/127.0.0.1:55953 - R:localhost/127.0.0.1:55284] for GET '/session/dc00dab029c486d28e5e08e38e5be032/screenshot'
01:58:53.468 [AsyncHttpClient-1-5] DEBUG org.asynchttpclient.netty.handler.HttpHandler - 

Request DefaultFullHttpRequest(decodeResult: success, version: HTTP/1.1, content: EmptyByteBufBE)
GET /session/dc00dab029c486d28e5e08e38e5be032/screenshot HTTP/1.1
User-Agent: selenium/4.1.2 (java windows)
Cache-Control: no-cache
Content-Type: application/json; charset=utf-8
host: localhost:55284
accept: */*

Response DefaultHttpResponse(decodeResult: success, version: HTTP/1.1)
HTTP/1.1 200 OK
Content-Type: application/json; charset=utf-8
cache-control: no-cache
content-length: 32192

01:58:53.468 [AsyncHttpClient-1-5] DEBUG org.asynchttpclient.netty.channel.ChannelManager - Adding key: http://localhost:55284 for channel [id: 0x0cdbac01, L:/127.0.0.1:55953 - R:localhost/127.0.0.1:55284]
01:58:53.470 [main] DEBUG net.serenitybdd.core.photography.Darkroom - Send negative for processing for target\site\serenity\4d98329a65403fb35239499910819cdb6d3d71d823e551da367b9fc52c2ec142.png
01:58:53.470 [main] DEBUG net.thucydides.core.steps.StepInterceptor - STEP DONE: loginPage
01:58:53.474 [main] DEBUG net.thucydides.core.steps.StepInterceptor - STARTING STEP: LoginSteps.onTheLoginPage - validateOnLoginPage
01:58:53.475 [Forwarding findElement on session dc00dab029c486d28e5e08e38e5be032 to remote] DEBUG org.asynchttpclient.netty.request.NettyRequestSender - Using pooled Channel '[id: 0x0cdbac01, L:/127.0.0.1:55953 - R:localhost/127.0.0.1:55284]' for 'POST' to 'http://localhost:55284/session/dc00dab029c486d28e5e08e38e5be032/element'
01:58:53.475 [Forwarding findElement on session dc00dab029c486d28e5e08e38e5be032 to remote] DEBUG org.asynchttpclient.netty.request.NettyRequestSender - Using open Channel [id: 0x0cdbac01, L:/127.0.0.1:55953 - R:localhost/127.0.0.1:55284] for POST '/session/dc00dab029c486d28e5e08e38e5be032/element'
01:58:53.484 [AsyncHttpClient-1-5] DEBUG org.asynchttpclient.netty.handler.HttpHandler - 

Request DefaultHttpRequest(decodeResult: success, version: HTTP/1.1)
POST /session/dc00dab029c486d28e5e08e38e5be032/element HTTP/1.1
User-Agent: selenium/4.1.2 (java windows)
Content-Length: 155
Content-Type: application/json; charset=utf-8
host: localhost:55284
accept: */*

Response DefaultHttpResponse(decodeResult: success, version: HTTP/1.1)
HTTP/1.1 200 OK
Content-Type: application/json; charset=utf-8
cache-control: no-cache
content-length: 88

01:58:53.485 [AsyncHttpClient-1-5] DEBUG org.asynchttpclient.netty.channel.ChannelManager - Adding key: http://localhost:55284 for channel [id: 0x0cdbac01, L:/127.0.0.1:55953 - R:localhost/127.0.0.1:55284]
01:58:53.487 [Forwarding isElementDisplayed on session dc00dab029c486d28e5e08e38e5be032 to remote] DEBUG org.asynchttpclient.netty.request.NettyRequestSender - Using pooled Channel '[id: 0x0cdbac01, L:/127.0.0.1:55953 - R:localhost/127.0.0.1:55284]' for 'POST' to 'http://localhost:55284/session/dc00dab029c486d28e5e08e38e5be032/execute/sync'
01:58:53.487 [Forwarding isElementDisplayed on session dc00dab029c486d28e5e08e38e5be032 to remote] DEBUG org.asynchttpclient.netty.request.NettyRequestSender - Using open Channel [id: 0x0cdbac01, L:/127.0.0.1:55953 - R:localhost/127.0.0.1:55284] for POST '/session/dc00dab029c486d28e5e08e38e5be032/execute/sync'
01:58:53.496 [AsyncHttpClient-1-5] DEBUG org.asynchttpclient.netty.handler.HttpHandler - 

Request DefaultHttpRequest(decodeResult: success, version: HTTP/1.1)
POST /session/dc00dab029c486d28e5e08e38e5be032/execute/sync HTTP/1.1
User-Agent: selenium/4.1.2 (java windows)
Content-Length: 48780
Content-Type: application/json; charset=utf-8
host: localhost:55284
accept: */*

Response DefaultHttpResponse(decodeResult: success, version: HTTP/1.1)
HTTP/1.1 200 OK
Content-Type: application/json; charset=utf-8
cache-control: no-cache
content-length: 14

01:58:53.496 [AsyncHttpClient-1-5] DEBUG org.asynchttpclient.netty.channel.ChannelManager - Adding key: http://localhost:55284 for channel [id: 0x0cdbac01, L:/127.0.0.1:55953 - R:localhost/127.0.0.1:55284]
01:58:53.499 [main] DEBUG net.thucydides.core.steps.StepInterceptor - STEP DONE: validateOnLoginPage
  &amp#27;[32mGiven &amp#27;[0m&amp#27;[32mI am on the login page&amp#27;[0m                        &amp#27;[90m# starter.stepdefinitions.LoginSteps.onTheLoginPage()&amp#27;[0m
01:58:53.505 [main] DEBUG net.thucydides.core.steps.StepInterceptor - STARTING STEP: LoginSteps.inputValidEmail - inputEmail
01:58:53.507 [Forwarding findElement on session dc00dab029c486d28e5e08e38e5be032 to remote] DEBUG org.asynchttpclient.netty.request.NettyRequestSender - Using pooled Channel '[id: 0x0cdbac01, L:/127.0.0.1:55953 - R:localhost/127.0.0.1:55284]' for 'POST' to 'http://localhost:55284/session/dc00dab029c486d28e5e08e38e5be032/element'
01:58:53.507 [Forwarding findElement on session dc00dab029c486d28e5e08e38e5be032 to remote] DEBUG org.asynchttpclient.netty.request.NettyRequestSender - Using open Channel [id: 0x0cdbac01, L:/127.0.0.1:55953 - R:localhost/127.0.0.1:55284] for POST '/session/dc00dab029c486d28e5e08e38e5be032/element'
01:58:53.514 [AsyncHttpClient-1-5] DEBUG org.asynchttpclient.netty.handler.HttpHandler - 

Request DefaultHttpRequest(decodeResult: success, version: HTTP/1.1)
POST /session/dc00dab029c486d28e5e08e38e5be032/element HTTP/1.1
User-Agent: selenium/4.1.2 (java windows)
Content-Length: 84
Content-Type: application/json; charset=utf-8
host: localhost:55284
accept: */*

Response DefaultHttpResponse(decodeResult: success, version: HTTP/1.1)
HTTP/1.1 200 OK
Content-Type: application/json; charset=utf-8
cache-control: no-cache
content-length: 88

01:58:53.514 [AsyncHttpClient-1-5] DEBUG org.asynchttpclient.netty.channel.ChannelManager - Adding key: http://localhost:55284 for channel [id: 0x0cdbac01, L:/127.0.0.1:55953 - R:localhost/127.0.0.1:55284]
01:58:53.516 [Forwarding clearElement on session dc00dab029c486d28e5e08e38e5be032 to remote] DEBUG org.asynchttpclient.netty.request.NettyRequestSender - Using pooled Channel '[id: 0x0cdbac01, L:/127.0.0.1:55953 - R:localhost/127.0.0.1:55284]' for 'POST' to 'http://localhost:55284/session/dc00dab029c486d28e5e08e38e5be032/element/9ee44526-b963-41fb-80b9-5b286c54d1f7/clear'
01:58:53.516 [Forwarding clearElement on session dc00dab029c486d28e5e08e38e5be032 to remote] DEBUG org.asynchttpclient.netty.request.NettyRequestSender - Using open Channel [id: 0x0cdbac01, L:/127.0.0.1:55953 - R:localhost/127.0.0.1:55284] for POST '/session/dc00dab029c486d28e5e08e38e5be032/element/9ee44526-b963-41fb-80b9-5b286c54d1f7/clear'
01:58:53.534 [AsyncHttpClient-1-5] DEBUG org.asynchttpclient.netty.handler.HttpHandler - 

Request DefaultHttpRequest(decodeResult: success, version: HTTP/1.1)
POST /session/dc00dab029c486d28e5e08e38e5be032/element/9ee44526-b963-41fb-80b9-5b286c54d1f7/clear HTTP/1.1
User-Agent: selenium/4.1.2 (java windows)
Content-Length: 50
Content-Type: application/json; charset=utf-8
host: localhost:55284
accept: */*

Response DefaultHttpResponse(decodeResult: success, version: HTTP/1.1)
HTTP/1.1 200 OK
Content-Type: application/json; charset=utf-8
cache-control: no-cache
content-length: 14

01:58:53.534 [AsyncHttpClient-1-5] DEBUG org.asynchttpclient.netty.channel.ChannelManager - Adding key: http://localhost:55284 for channel [id: 0x0cdbac01, L:/127.0.0.1:55953 - R:localhost/127.0.0.1:55284]
01:58:53.535 [Forwarding sendKeysToElement on session dc00dab029c486d28e5e08e38e5be032 to remote] DEBUG org.asynchttpclient.netty.request.NettyRequestSender - Using pooled Channel '[id: 0x0cdbac01, L:/127.0.0.1:55953 - R:localhost/127.0.0.1:55284]' for 'POST' to 'http://localhost:55284/session/dc00dab029c486d28e5e08e38e5be032/element/9ee44526-b963-41fb-80b9-5b286c54d1f7/value'
01:58:53.536 [Forwarding sendKeysToElement on session dc00dab029c486d28e5e08e38e5be032 to remote] DEBUG org.asynchttpclient.netty.request.NettyRequestSender - Using open Channel [id: 0x0cdbac01, L:/127.0.0.1:55953 - R:localhost/127.0.0.1:55284] for POST '/session/dc00dab029c486d28e5e08e38e5be032/element/9ee44526-b963-41fb-80b9-5b286c54d1f7/value'
01:58:53.602 [AsyncHttpClient-1-5] DEBUG org.asynchttpclient.netty.handler.HttpHandler - 

Request DefaultHttpRequest(decodeResult: success, version: HTTP/1.1)
POST /session/dc00dab029c486d28e5e08e38e5be032/element/9ee44526-b963-41fb-80b9-5b286c54d1f7/value HTTP/1.1
User-Agent: selenium/4.1.2 (java windows)
Content-Length: 231
Content-Type: application/json; charset=utf-8
host: localhost:55284
accept: */*

Response DefaultHttpResponse(decodeResult: success, version: HTTP/1.1)
HTTP/1.1 200 OK
Content-Type: application/json; charset=utf-8
cache-control: no-cache
content-length: 14

01:58:53.603 [AsyncHttpClient-1-5] DEBUG org.asynchttpclient.netty.channel.ChannelManager - Adding key: http://localhost:55284 for channel [id: 0x0cdbac01, L:/127.0.0.1:55953 - R:localhost/127.0.0.1:55284]
01:58:53.607 [Forwarding screenshot on session dc00dab029c486d28e5e08e38e5be032 to remote] DEBUG org.asynchttpclient.netty.request.NettyRequestSender - Using pooled Channel '[id: 0x0cdbac01, L:/127.0.0.1:55953 - R:localhost/127.0.0.1:55284]' for 'GET' to 'http://localhost:55284/session/dc00dab029c486d28e5e08e38e5be032/screenshot'
01:58:53.607 [Forwarding screenshot on session dc00dab029c486d28e5e08e38e5be032 to remote] DEBUG org.asynchttpclient.netty.request.NettyRequestSender - Using open Channel [id: 0x0cdbac01, L:/127.0.0.1:55953 - R:localhost/127.0.0.1:55284] for GET '/session/dc00dab029c486d28e5e08e38e5be032/screenshot'
01:58:53.694 [AsyncHttpClient-1-5] DEBUG org.asynchttpclient.netty.handler.HttpHandler - 

Request DefaultFullHttpRequest(decodeResult: success, version: HTTP/1.1, content: EmptyByteBufBE)
GET /session/dc00dab029c486d28e5e08e38e5be032/screenshot HTTP/1.1
User-Agent: selenium/4.1.2 (java windows)
Cache-Control: no-cache
Content-Type: application/json; charset=utf-8
host: localhost:55284
accept: */*

Response DefaultHttpResponse(decodeResult: success, version: HTTP/1.1)
HTTP/1.1 200 OK
Content-Type: application/json; charset=utf-8
cache-control: no-cache
content-length: 37936

01:58:53.695 [AsyncHttpClient-1-5] DEBUG org.asynchttpclient.netty.channel.ChannelManager - Adding key: http://localhost:55284 for channel [id: 0x0cdbac01, L:/127.0.0.1:55953 - R:localhost/127.0.0.1:55284]
01:58:53.697 [main] DEBUG net.serenitybdd.core.photography.Darkroom - Send negative for processing for target\site\serenity\89dd458a4fc314746d029a718eb8fc9eac16a06acc3a6bb2778773d67ebcc7b8.png
01:58:53.697 [main] DEBUG net.thucydides.core.steps.StepInterceptor - STEP DONE: inputEmail
  &amp#27;[32mWhen &amp#27;[0m&amp#27;[32mI input valid email&amp#27;[0m                            &amp#27;[90m# starter.stepdefinitions.LoginSteps.inputValidEmail()&amp#27;[0m
01:58:53.697 [Darkroom Processing Line] DEBUG net.serenitybdd.core.photography.DarkroomProcessingLine - Processing screenshot image in /var/screenshots/screenshot-204303978298840066
01:58:53.697 [Darkroom Processing Line] DEBUG net.serenitybdd.core.photography.DarkroomProcessingLine - Saving screenshot to target\site\serenity\89dd458a4fc314746d029a718eb8fc9eac16a06acc3a6bb2778773d67ebcc7b8.png
01:58:53.706 [main] DEBUG net.thucydides.core.steps.StepInterceptor - STARTING STEP: LoginSteps.inputInvalidPassword - inputPassword
01:58:53.709 [Forwarding findElement on session dc00dab029c486d28e5e08e38e5be032 to remote] DEBUG org.asynchttpclient.netty.request.NettyRequestSender - Using pooled Channel '[id: 0x0cdbac01, L:/127.0.0.1:55953 - R:localhost/127.0.0.1:55284]' for 'POST' to 'http://localhost:55284/session/dc00dab029c486d28e5e08e38e5be032/element'
01:58:53.709 [Forwarding findElement on session dc00dab029c486d28e5e08e38e5be032 to remote] DEBUG org.asynchttpclient.netty.request.NettyRequestSender - Using open Channel [id: 0x0cdbac01, L:/127.0.0.1:55953 - R:localhost/127.0.0.1:55284] for POST '/session/dc00dab029c486d28e5e08e38e5be032/element'
01:58:53.718 [AsyncHttpClient-1-5] DEBUG org.asynchttpclient.netty.handler.HttpHandler - 

Request DefaultHttpRequest(decodeResult: success, version: HTTP/1.1)
POST /session/dc00dab029c486d28e5e08e38e5be032/element HTTP/1.1
User-Agent: selenium/4.1.2 (java windows)
Content-Length: 87
Content-Type: application/json; charset=utf-8
host: localhost:55284
accept: */*

Response DefaultHttpResponse(decodeResult: success, version: HTTP/1.1)
HTTP/1.1 200 OK
Content-Type: application/json; charset=utf-8
cache-control: no-cache
content-length: 88

01:58:53.718 [AsyncHttpClient-1-5] DEBUG org.asynchttpclient.netty.channel.ChannelManager - Adding key: http://localhost:55284 for channel [id: 0x0cdbac01, L:/127.0.0.1:55953 - R:localhost/127.0.0.1:55284]
01:58:53.719 [Forwarding clearElement on session dc00dab029c486d28e5e08e38e5be032 to remote] DEBUG org.asynchttpclient.netty.request.NettyRequestSender - Using pooled Channel '[id: 0x0cdbac01, L:/127.0.0.1:55953 - R:localhost/127.0.0.1:55284]' for 'POST' to 'http://localhost:55284/session/dc00dab029c486d28e5e08e38e5be032/element/6924e8a9-3f71-40d5-bb27-34a4b523309c/clear'
01:58:53.719 [Forwarding clearElement on session dc00dab029c486d28e5e08e38e5be032 to remote] DEBUG org.asynchttpclient.netty.request.NettyRequestSender - Using open Channel [id: 0x0cdbac01, L:/127.0.0.1:55953 - R:localhost/127.0.0.1:55284] for POST '/session/dc00dab029c486d28e5e08e38e5be032/element/6924e8a9-3f71-40d5-bb27-34a4b523309c/clear'
01:58:53.742 [AsyncHttpClient-1-5] DEBUG org.asynchttpclient.netty.handler.HttpHandler - 

Request DefaultHttpRequest(decodeResult: success, version: HTTP/1.1)
POST /session/dc00dab029c486d28e5e08e38e5be032/element/6924e8a9-3f71-40d5-bb27-34a4b523309c/clear HTTP/1.1
User-Agent: selenium/4.1.2 (java windows)
Content-Length: 50
Content-Type: application/json; charset=utf-8
host: localhost:55284
accept: */*

Response DefaultHttpResponse(decodeResult: success, version: HTTP/1.1)
HTTP/1.1 200 OK
Content-Type: application/json; charset=utf-8
cache-control: no-cache
content-length: 14

01:58:53.742 [AsyncHttpClient-1-5] DEBUG org.asynchttpclient.netty.channel.ChannelManager - Adding key: http://localhost:55284 for channel [id: 0x0cdbac01, L:/127.0.0.1:55953 - R:localhost/127.0.0.1:55284]
01:58:53.744 [Forwarding sendKeysToElement on session dc00dab029c486d28e5e08e38e5be032 to remote] DEBUG org.asynchttpclient.netty.request.NettyRequestSender - Using pooled Channel '[id: 0x0cdbac01, L:/127.0.0.1:55953 - R:localhost/127.0.0.1:55284]' for 'POST' to 'http://localhost:55284/session/dc00dab029c486d28e5e08e38e5be032/element/6924e8a9-3f71-40d5-bb27-34a4b523309c/value'
01:58:53.744 [Forwarding sendKeysToElement on session dc00dab029c486d28e5e08e38e5be032 to remote] DEBUG org.asynchttpclient.netty.request.NettyRequestSender - Using open Channel [id: 0x0cdbac01, L:/127.0.0.1:55953 - R:localhost/127.0.0.1:55284] for POST '/session/dc00dab029c486d28e5e08e38e5be032/element/6924e8a9-3f71-40d5-bb27-34a4b523309c/value'
01:58:53.794 [AsyncHttpClient-1-5] DEBUG org.asynchttpclient.netty.handler.HttpHandler - 

Request DefaultHttpRequest(decodeResult: success, version: HTTP/1.1)
POST /session/dc00dab029c486d28e5e08e38e5be032/element/6924e8a9-3f71-40d5-bb27-34a4b523309c/value HTTP/1.1
User-Agent: selenium/4.1.2 (java windows)
Content-Length: 161
Content-Type: application/json; charset=utf-8
host: localhost:55284
accept: */*

Response DefaultHttpResponse(decodeResult: success, version: HTTP/1.1)
HTTP/1.1 200 OK
Content-Type: application/json; charset=utf-8
cache-control: no-cache
content-length: 14

01:58:53.795 [AsyncHttpClient-1-5] DEBUG org.asynchttpclient.netty.channel.ChannelManager - Adding key: http://localhost:55284 for channel [id: 0x0cdbac01, L:/127.0.0.1:55953 - R:localhost/127.0.0.1:55284]
01:58:53.798 [Forwarding screenshot on session dc00dab029c486d28e5e08e38e5be032 to remote] DEBUG org.asynchttpclient.netty.request.NettyRequestSender - Using pooled Channel '[id: 0x0cdbac01, L:/127.0.0.1:55953 - R:localhost/127.0.0.1:55284]' for 'GET' to 'http://localhost:55284/session/dc00dab029c486d28e5e08e38e5be032/screenshot'
01:58:53.798 [Forwarding screenshot on session dc00dab029c486d28e5e08e38e5be032 to remote] DEBUG org.asynchttpclient.netty.request.NettyRequestSender - Using open Channel [id: 0x0cdbac01, L:/127.0.0.1:55953 - R:localhost/127.0.0.1:55284] for GET '/session/dc00dab029c486d28e5e08e38e5be032/screenshot'
01:58:53.899 [AsyncHttpClient-1-5] DEBUG org.asynchttpclient.netty.handler.HttpHandler - 

Request DefaultFullHttpRequest(decodeResult: success, version: HTTP/1.1, content: EmptyByteBufBE)
GET /session/dc00dab029c486d28e5e08e38e5be032/screenshot HTTP/1.1
User-Agent: selenium/4.1.2 (java windows)
Cache-Control: no-cache
Content-Type: application/json; charset=utf-8
host: localhost:55284
accept: */*

Response DefaultHttpResponse(decodeResult: success, version: HTTP/1.1)
HTTP/1.1 200 OK
Content-Type: application/json; charset=utf-8
cache-control: no-cache
content-length: 41080

01:58:53.899 [AsyncHttpClient-1-5] DEBUG org.asynchttpclient.netty.channel.ChannelManager - Adding key: http://localhost:55284 for channel [id: 0x0cdbac01, L:/127.0.0.1:55953 - R:localhost/127.0.0.1:55284]
01:58:53.900 [main] DEBUG net.serenitybdd.core.photography.Darkroom - Send negative for processing for target\site\serenity\5b1e170b3ae33733c3970fd7579c517e7d5106d318fa3e28917f75e1404f1570.png
01:58:53.901 [main] DEBUG net.thucydides.core.steps.StepInterceptor - STEP DONE: inputPassword
  &amp#27;[32mAnd &amp#27;[0m&amp#27;[32mI input invalid password&amp#27;[0m                        &amp#27;[90m# starter.stepdefinitions.LoginSteps.inputInvalidPassword()&amp#27;[0m
01:58:53.901 [Darkroom Processing Line] DEBUG net.serenitybdd.core.photography.DarkroomProcessingLine - Processing screenshot image in /var/screenshots/screenshot-17400918056717863255
01:58:53.901 [Darkroom Processing Line] DEBUG net.serenitybdd.core.photography.DarkroomProcessingLine - Saving screenshot to target\site\serenity\5b1e170b3ae33733c3970fd7579c517e7d5106d318fa3e28917f75e1404f1570.png
01:58:53.910 [main] DEBUG net.thucydides.core.steps.StepInterceptor - STARTING STEP: LoginSteps.clickLoginButton - clickLoginButton
01:58:53.913 [Forwarding findElement on session dc00dab029c486d28e5e08e38e5be032 to remote] DEBUG org.asynchttpclient.netty.request.NettyRequestSender - Using pooled Channel '[id: 0x0cdbac01, L:/127.0.0.1:55953 - R:localhost/127.0.0.1:55284]' for 'POST' to 'http://localhost:55284/session/dc00dab029c486d28e5e08e38e5be032/element'
01:58:53.913 [Forwarding findElement on session dc00dab029c486d28e5e08e38e5be032 to remote] DEBUG org.asynchttpclient.netty.request.NettyRequestSender - Using open Channel [id: 0x0cdbac01, L:/127.0.0.1:55953 - R:localhost/127.0.0.1:55284] for POST '/session/dc00dab029c486d28e5e08e38e5be032/element'
01:58:53.921 [AsyncHttpClient-1-5] DEBUG org.asynchttpclient.netty.handler.HttpHandler - 

Request DefaultHttpRequest(decodeResult: success, version: HTTP/1.1)
POST /session/dc00dab029c486d28e5e08e38e5be032/element HTTP/1.1
User-Agent: selenium/4.1.2 (java windows)
Content-Length: 155
Content-Type: application/json; charset=utf-8
host: localhost:55284
accept: */*

Response DefaultHttpResponse(decodeResult: success, version: HTTP/1.1)
HTTP/1.1 200 OK
Content-Type: application/json; charset=utf-8
cache-control: no-cache
content-length: 88

01:58:53.921 [AsyncHttpClient-1-5] DEBUG org.asynchttpclient.netty.channel.ChannelManager - Adding key: http://localhost:55284 for channel [id: 0x0cdbac01, L:/127.0.0.1:55953 - R:localhost/127.0.0.1:55284]
01:58:53.923 [Forwarding getElementTagName on session dc00dab029c486d28e5e08e38e5be032 to remote] DEBUG org.asynchttpclient.netty.request.NettyRequestSender - Using pooled Channel '[id: 0x0cdbac01, L:/127.0.0.1:55953 - R:localhost/127.0.0.1:55284]' for 'GET' to 'http://localhost:55284/session/dc00dab029c486d28e5e08e38e5be032/element/903c4dbf-6dd3-4c4b-925d-05634f74f09b/name'
01:58:53.923 [Forwarding getElementTagName on session dc00dab029c486d28e5e08e38e5be032 to remote] DEBUG org.asynchttpclient.netty.request.NettyRequestSender - Using open Channel [id: 0x0cdbac01, L:/127.0.0.1:55953 - R:localhost/127.0.0.1:55284] for GET '/session/dc00dab029c486d28e5e08e38e5be032/element/903c4dbf-6dd3-4c4b-925d-05634f74f09b/name'
01:58:53.935 [AsyncHttpClient-1-5] DEBUG org.asynchttpclient.netty.handler.HttpHandler - 

Request DefaultFullHttpRequest(decodeResult: success, version: HTTP/1.1, content: EmptyByteBufBE)
GET /session/dc00dab029c486d28e5e08e38e5be032/element/903c4dbf-6dd3-4c4b-925d-05634f74f09b/name HTTP/1.1
User-Agent: selenium/4.1.2 (java windows)
Cache-Control: no-cache
Content-Type: application/json; charset=utf-8
host: localhost:55284
accept: */*

Response DefaultHttpResponse(decodeResult: success, version: HTTP/1.1)
HTTP/1.1 200 OK
Content-Type: application/json; charset=utf-8
cache-control: no-cache
content-length: 18

01:58:53.936 [AsyncHttpClient-1-5] DEBUG org.asynchttpclient.netty.channel.ChannelManager - Adding key: http://localhost:55284 for channel [id: 0x0cdbac01, L:/127.0.0.1:55953 - R:localhost/127.0.0.1:55284]
01:58:53.940 [Forwarding getElementTagName on session dc00dab029c486d28e5e08e38e5be032 to remote] DEBUG org.asynchttpclient.netty.request.NettyRequestSender - Using pooled Channel '[id: 0x0cdbac01, L:/127.0.0.1:55953 - R:localhost/127.0.0.1:55284]' for 'GET' to 'http://localhost:55284/session/dc00dab029c486d28e5e08e38e5be032/element/903c4dbf-6dd3-4c4b-925d-05634f74f09b/name'
01:58:53.940 [Forwarding getElementTagName on session dc00dab029c486d28e5e08e38e5be032 to remote] DEBUG org.asynchttpclient.netty.request.NettyRequestSender - Using open Channel [id: 0x0cdbac01, L:/127.0.0.1:55953 - R:localhost/127.0.0.1:55284] for GET '/session/dc00dab029c486d28e5e08e38e5be032/element/903c4dbf-6dd3-4c4b-925d-05634f74f09b/name'
01:58:53.947 [AsyncHttpClient-1-5] DEBUG org.asynchttpclient.netty.handler.HttpHandler - 

Request DefaultFullHttpRequest(decodeResult: success, version: HTTP/1.1, content: EmptyByteBufBE)
GET /session/dc00dab029c486d28e5e08e38e5be032/element/903c4dbf-6dd3-4c4b-925d-05634f74f09b/name HTTP/1.1
User-Agent: selenium/4.1.2 (java windows)
Cache-Control: no-cache
Content-Type: application/json; charset=utf-8
host: localhost:55284
accept: */*

Response DefaultHttpResponse(decodeResult: success, version: HTTP/1.1)
HTTP/1.1 200 OK
Content-Type: application/json; charset=utf-8
cache-control: no-cache
content-length: 18

01:58:53.947 [AsyncHttpClient-1-5] DEBUG org.asynchttpclient.netty.channel.ChannelManager - Adding key: http://localhost:55284 for channel [id: 0x0cdbac01, L:/127.0.0.1:55953 - R:localhost/127.0.0.1:55284]
01:58:53.951 [Forwarding isElementEnabled on session dc00dab029c486d28e5e08e38e5be032 to remote] DEBUG org.asynchttpclient.netty.request.NettyRequestSender - Using pooled Channel '[id: 0x0cdbac01, L:/127.0.0.1:55953 - R:localhost/127.0.0.1:55284]' for 'GET' to 'http://localhost:55284/session/dc00dab029c486d28e5e08e38e5be032/element/903c4dbf-6dd3-4c4b-925d-05634f74f09b/enabled'
01:58:53.951 [Forwarding isElementEnabled on session dc00dab029c486d28e5e08e38e5be032 to remote] DEBUG org.asynchttpclient.netty.request.NettyRequestSender - Using open Channel [id: 0x0cdbac01, L:/127.0.0.1:55953 - R:localhost/127.0.0.1:55284] for GET '/session/dc00dab029c486d28e5e08e38e5be032/element/903c4dbf-6dd3-4c4b-925d-05634f74f09b/enabled'
01:58:53.974 [AsyncHttpClient-1-5] DEBUG org.asynchttpclient.netty.handler.HttpHandler - 

Request DefaultFullHttpRequest(decodeResult: success, version: HTTP/1.1, content: EmptyByteBufBE)
GET /session/dc00dab029c486d28e5e08e38e5be032/element/903c4dbf-6dd3-4c4b-925d-05634f74f09b/enabled HTTP/1.1
User-Agent: selenium/4.1.2 (java windows)
Cache-Control: no-cache
Content-Type: application/json; charset=utf-8
host: localhost:55284
accept: */*

Response DefaultHttpResponse(decodeResult: success, version: HTTP/1.1)
HTTP/1.1 200 OK
Content-Type: application/json; charset=utf-8
cache-control: no-cache
content-length: 14

01:58:53.975 [AsyncHttpClient-1-5] DEBUG org.asynchttpclient.netty.channel.ChannelManager - Adding key: http://localhost:55284 for channel [id: 0x0cdbac01, L:/127.0.0.1:55953 - R:localhost/127.0.0.1:55284]
01:58:53.978 [Forwarding isElementEnabled on session dc00dab029c486d28e5e08e38e5be032 to remote] DEBUG org.asynchttpclient.netty.request.NettyRequestSender - Using pooled Channel '[id: 0x0cdbac01, L:/127.0.0.1:55953 - R:localhost/127.0.0.1:55284]' for 'GET' to 'http://localhost:55284/session/dc00dab029c486d28e5e08e38e5be032/element/903c4dbf-6dd3-4c4b-925d-05634f74f09b/enabled'
01:58:53.978 [Forwarding isElementEnabled on session dc00dab029c486d28e5e08e38e5be032 to remote] DEBUG org.asynchttpclient.netty.request.NettyRequestSender - Using open Channel [id: 0x0cdbac01, L:/127.0.0.1:55953 - R:localhost/127.0.0.1:55284] for GET '/session/dc00dab029c486d28e5e08e38e5be032/element/903c4dbf-6dd3-4c4b-925d-05634f74f09b/enabled'
01:58:53.992 [AsyncHttpClient-1-5] DEBUG org.asynchttpclient.netty.handler.HttpHandler - 

Request DefaultFullHttpRequest(decodeResult: success, version: HTTP/1.1, content: EmptyByteBufBE)
GET /session/dc00dab029c486d28e5e08e38e5be032/element/903c4dbf-6dd3-4c4b-925d-05634f74f09b/enabled HTTP/1.1
User-Agent: selenium/4.1.2 (java windows)
Cache-Control: no-cache
Content-Type: application/json; charset=utf-8
host: localhost:55284
accept: */*

Response DefaultHttpResponse(decodeResult: success, version: HTTP/1.1)
HTTP/1.1 200 OK
Content-Type: application/json; charset=utf-8
cache-control: no-cache
content-length: 14

01:58:53.993 [AsyncHttpClient-1-5] DEBUG org.asynchttpclient.netty.channel.ChannelManager - Adding key: http://localhost:55284 for channel [id: 0x0cdbac01, L:/127.0.0.1:55953 - R:localhost/127.0.0.1:55284]
01:58:53.997 [Forwarding findElement on session dc00dab029c486d28e5e08e38e5be032 to remote] DEBUG org.asynchttpclient.netty.request.NettyRequestSender - Using pooled Channel '[id: 0x0cdbac01, L:/127.0.0.1:55953 - R:localhost/127.0.0.1:55284]' for 'POST' to 'http://localhost:55284/session/dc00dab029c486d28e5e08e38e5be032/element'
01:58:53.997 [Forwarding findElement on session dc00dab029c486d28e5e08e38e5be032 to remote] DEBUG org.asynchttpclient.netty.request.NettyRequestSender - Using open Channel [id: 0x0cdbac01, L:/127.0.0.1:55953 - R:localhost/127.0.0.1:55284] for POST '/session/dc00dab029c486d28e5e08e38e5be032/element'
01:58:54.003 [AsyncHttpClient-1-5] DEBUG org.asynchttpclient.netty.handler.HttpHandler - 

Request DefaultHttpRequest(decodeResult: success, version: HTTP/1.1)
POST /session/dc00dab029c486d28e5e08e38e5be032/element HTTP/1.1
User-Agent: selenium/4.1.2 (java windows)
Content-Length: 155
Content-Type: application/json; charset=utf-8
host: localhost:55284
accept: */*

Response DefaultHttpResponse(decodeResult: success, version: HTTP/1.1)
HTTP/1.1 200 OK
Content-Type: application/json; charset=utf-8
cache-control: no-cache
content-length: 88

01:58:54.003 [AsyncHttpClient-1-5] DEBUG org.asynchttpclient.netty.channel.ChannelManager - Adding key: http://localhost:55284 for channel [id: 0x0cdbac01, L:/127.0.0.1:55953 - R:localhost/127.0.0.1:55284]
01:58:54.005 [Forwarding clickElement on session dc00dab029c486d28e5e08e38e5be032 to remote] DEBUG org.asynchttpclient.netty.request.NettyRequestSender - Using pooled Channel '[id: 0x0cdbac01, L:/127.0.0.1:55953 - R:localhost/127.0.0.1:55284]' for 'POST' to 'http://localhost:55284/session/dc00dab029c486d28e5e08e38e5be032/element/903c4dbf-6dd3-4c4b-925d-05634f74f09b/click'
01:58:54.005 [Forwarding clickElement on session dc00dab029c486d28e5e08e38e5be032 to remote] DEBUG org.asynchttpclient.netty.request.NettyRequestSender - Using open Channel [id: 0x0cdbac01, L:/127.0.0.1:55953 - R:localhost/127.0.0.1:55284] for POST '/session/dc00dab029c486d28e5e08e38e5be032/element/903c4dbf-6dd3-4c4b-925d-05634f74f09b/click'
01:58:54.056 [AsyncHttpClient-1-5] DEBUG org.asynchttpclient.netty.handler.HttpHandler - 

Request DefaultHttpRequest(decodeResult: success, version: HTTP/1.1)
POST /session/dc00dab029c486d28e5e08e38e5be032/element/903c4dbf-6dd3-4c4b-925d-05634f74f09b/click HTTP/1.1
User-Agent: selenium/4.1.2 (java windows)
Content-Length: 50
Content-Type: application/json; charset=utf-8
host: localhost:55284
accept: */*

Response DefaultHttpResponse(decodeResult: success, version: HTTP/1.1)
HTTP/1.1 200 OK
Content-Type: application/json; charset=utf-8
cache-control: no-cache
content-length: 14

01:58:54.056 [AsyncHttpClient-1-5] DEBUG org.asynchttpclient.netty.channel.ChannelManager - Adding key: http://localhost:55284 for channel [id: 0x0cdbac01, L:/127.0.0.1:55953 - R:localhost/127.0.0.1:55284]
01:58:54.062 [Forwarding screenshot on session dc00dab029c486d28e5e08e38e5be032 to remote] DEBUG org.asynchttpclient.netty.request.NettyRequestSender - Using pooled Channel '[id: 0x0cdbac01, L:/127.0.0.1:55953 - R:localhost/127.0.0.1:55284]' for 'GET' to 'http://localhost:55284/session/dc00dab029c486d28e5e08e38e5be032/screenshot'
01:58:54.062 [Forwarding screenshot on session dc00dab029c486d28e5e08e38e5be032 to remote] DEBUG org.asynchttpclient.netty.request.NettyRequestSender - Using open Channel [id: 0x0cdbac01, L:/127.0.0.1:55953 - R:localhost/127.0.0.1:55284] for GET '/session/dc00dab029c486d28e5e08e38e5be032/screenshot'
01:58:54.164 [AsyncHttpClient-1-5] DEBUG org.asynchttpclient.netty.handler.HttpHandler - 

Request DefaultFullHttpRequest(decodeResult: success, version: HTTP/1.1, content: EmptyByteBufBE)
GET /session/dc00dab029c486d28e5e08e38e5be032/screenshot HTTP/1.1
User-Agent: selenium/4.1.2 (java windows)
Cache-Control: no-cache
Content-Type: application/json; charset=utf-8
host: localhost:55284
accept: */*

Response DefaultHttpResponse(decodeResult: success, version: HTTP/1.1)
HTTP/1.1 200 OK
Content-Type: application/json; charset=utf-8
cache-control: no-cache
content-length: 40168

01:58:54.164 [AsyncHttpClient-1-5] DEBUG org.asynchttpclient.netty.channel.ChannelManager - Adding key: http://localhost:55284 for channel [id: 0x0cdbac01, L:/127.0.0.1:55953 - R:localhost/127.0.0.1:55284]
01:58:54.165 [main] DEBUG net.serenitybdd.core.photography.Darkroom - Send negative for processing for target\site\serenity\82e63470194e12b2c2df44c4be7ca075a1e200c5a03eeb6efb4dcd71408cc7dc.png
01:58:54.165 [main] DEBUG net.thucydides.core.steps.StepInterceptor - STEP DONE: clickLoginButton
  &amp#27;[32mAnd &amp#27;[0m&amp#27;[32mI click on login button&amp#27;[0m                         &amp#27;[90m# starter.stepdefinitions.LoginSteps.clickLoginButton()&amp#27;[0m
01:58:54.166 [Darkroom Processing Line] DEBUG net.serenitybdd.core.photography.DarkroomProcessingLine - Processing screenshot image in /var/screenshots/screenshot-15235684899899055036
01:58:54.166 [Darkroom Processing Line] DEBUG net.serenitybdd.core.photography.DarkroomProcessingLine - Saving screenshot to target\site\serenity\82e63470194e12b2c2df44c4be7ca075a1e200c5a03eeb6efb4dcd71408cc7dc.png
01:58:54.176 [AsyncHttpClient-1-1] DEBUG org.asynchttpclient.netty.channel.DefaultChannelPool - Entry count for : http://localhost:55955 : 1
01:58:54.176 [AsyncHttpClient-1-1] DEBUG org.asynchttpclient.netty.channel.DefaultChannelPool - Entry count for : http://localhost:55284 : 1
01:58:54.177 [main] DEBUG net.thucydides.core.steps.StepInterceptor - STARTING STEP: LoginSteps.stillOnTheLoginPage - loginPage
01:58:54.178 [Forwarding get on session dc00dab029c486d28e5e08e38e5be032 to remote] DEBUG org.asynchttpclient.netty.request.NettyRequestSender - Using pooled Channel '[id: 0x0cdbac01, L:/127.0.0.1:55953 - R:localhost/127.0.0.1:55284]' for 'POST' to 'http://localhost:55284/session/dc00dab029c486d28e5e08e38e5be032/url'
01:58:54.179 [Forwarding get on session dc00dab029c486d28e5e08e38e5be032 to remote] DEBUG org.asynchttpclient.netty.request.NettyRequestSender - Using open Channel [id: 0x0cdbac01, L:/127.0.0.1:55953 - R:localhost/127.0.0.1:55284] for POST '/session/dc00dab029c486d28e5e08e38e5be032/url'
01:58:54.276 [AsyncHttpClient-1-5] DEBUG org.asynchttpclient.netty.handler.HttpHandler - 

Request DefaultHttpRequest(decodeResult: success, version: HTTP/1.1)
POST /session/dc00dab029c486d28e5e08e38e5be032/url HTTP/1.1
User-Agent: selenium/4.1.2 (java windows)
Content-Length: 64
Content-Type: application/json; charset=utf-8
host: localhost:55284
accept: */*

Response DefaultHttpResponse(decodeResult: success, version: HTTP/1.1)
HTTP/1.1 200 OK
Content-Type: application/json; charset=utf-8
cache-control: no-cache
content-length: 14

01:58:54.276 [AsyncHttpClient-1-5] DEBUG org.asynchttpclient.netty.channel.ChannelManager - Adding key: http://localhost:55284 for channel [id: 0x0cdbac01, L:/127.0.0.1:55953 - R:localhost/127.0.0.1:55284]
01:58:54.278 [Forwarding getCurrentUrl on session dc00dab029c486d28e5e08e38e5be032 to remote] DEBUG org.asynchttpclient.netty.request.NettyRequestSender - Using pooled Channel '[id: 0x0cdbac01, L:/127.0.0.1:55953 - R:localhost/127.0.0.1:55284]' for 'GET' to 'http://localhost:55284/session/dc00dab029c486d28e5e08e38e5be032/url'
01:58:54.278 [Forwarding getCurrentUrl on session dc00dab029c486d28e5e08e38e5be032 to remote] DEBUG org.asynchttpclient.netty.request.NettyRequestSender - Using open Channel [id: 0x0cdbac01, L:/127.0.0.1:55953 - R:localhost/127.0.0.1:55284] for GET '/session/dc00dab029c486d28e5e08e38e5be032/url'
01:58:54.283 [AsyncHttpClient-1-5] DEBUG org.asynchttpclient.netty.handler.HttpHandler - 

Request DefaultFullHttpRequest(decodeResult: success, version: HTTP/1.1, content: EmptyByteBufBE)
GET /session/dc00dab029c486d28e5e08e38e5be032/url HTTP/1.1
User-Agent: selenium/4.1.2 (java windows)
Cache-Control: no-cache
Content-Type: application/json; charset=utf-8
host: localhost:55284
accept: */*

Response DefaultHttpResponse(decodeResult: success, version: HTTP/1.1)
HTTP/1.1 200 OK
Content-Type: application/json; charset=utf-8
cache-control: no-cache
content-length: 41

01:58:54.283 [AsyncHttpClient-1-5] DEBUG org.asynchttpclient.netty.channel.ChannelManager - Adding key: http://localhost:55284 for channel [id: 0x0cdbac01, L:/127.0.0.1:55953 - R:localhost/127.0.0.1:55284]
01:58:54.287 [Forwarding screenshot on session dc00dab029c486d28e5e08e38e5be032 to remote] DEBUG org.asynchttpclient.netty.request.NettyRequestSender - Using pooled Channel '[id: 0x0cdbac01, L:/127.0.0.1:55953 - R:localhost/127.0.0.1:55284]' for 'GET' to 'http://localhost:55284/session/dc00dab029c486d28e5e08e38e5be032/screenshot'
01:58:54.287 [Forwarding screenshot on session dc00dab029c486d28e5e08e38e5be032 to remote] DEBUG org.asynchttpclient.netty.request.NettyRequestSender - Using open Channel [id: 0x0cdbac01, L:/127.0.0.1:55953 - R:localhost/127.0.0.1:55284] for GET '/session/dc00dab029c486d28e5e08e38e5be032/screenshot'
01:58:54.357 [AsyncHttpClient-1-5] DEBUG org.asynchttpclient.netty.handler.HttpHandler - 

Request DefaultFullHttpRequest(decodeResult: success, version: HTTP/1.1, content: EmptyByteBufBE)
GET /session/dc00dab029c486d28e5e08e38e5be032/screenshot HTTP/1.1
User-Agent: selenium/4.1.2 (java windows)
Cache-Control: no-cache
Content-Type: application/json; charset=utf-8
host: localhost:55284
accept: */*

Response DefaultHttpResponse(decodeResult: success, version: HTTP/1.1)
HTTP/1.1 200 OK
Content-Type: application/json; charset=utf-8
cache-control: no-cache
content-length: 32192

01:58:54.358 [AsyncHttpClient-1-5] DEBUG org.asynchttpclient.netty.channel.ChannelManager - Adding key: http://localhost:55284 for channel [id: 0x0cdbac01, L:/127.0.0.1:55953 - R:localhost/127.0.0.1:55284]
01:58:54.359 [main] DEBUG net.serenitybdd.core.photography.Darkroom - Send negative for processing for target\site\serenity\4d98329a65403fb35239499910819cdb6d3d71d823e551da367b9fc52c2ec142.png
01:58:54.361 [main] DEBUG net.thucydides.core.steps.StepInterceptor - STEP DONE: loginPage
01:58:54.375 [main] DEBUG net.thucydides.core.steps.StepInterceptor - STARTING STEP: LoginSteps.stillOnTheLoginPage - validateStillOnLoginPage
01:58:54.376 [Forwarding findElement on session dc00dab029c486d28e5e08e38e5be032 to remote] DEBUG org.asynchttpclient.netty.request.NettyRequestSender - Using pooled Channel '[id: 0x0cdbac01, L:/127.0.0.1:55953 - R:localhost/127.0.0.1:55284]' for 'POST' to 'http://localhost:55284/session/dc00dab029c486d28e5e08e38e5be032/element'
01:58:54.377 [Forwarding findElement on session dc00dab029c486d28e5e08e38e5be032 to remote] DEBUG org.asynchttpclient.netty.request.NettyRequestSender - Using open Channel [id: 0x0cdbac01, L:/127.0.0.1:55953 - R:localhost/127.0.0.1:55284] for POST '/session/dc00dab029c486d28e5e08e38e5be032/element'
01:58:54.382 [AsyncHttpClient-1-5] DEBUG org.asynchttpclient.netty.handler.HttpHandler - 

Request DefaultHttpRequest(decodeResult: success, version: HTTP/1.1)
POST /session/dc00dab029c486d28e5e08e38e5be032/element HTTP/1.1
User-Agent: selenium/4.1.2 (java windows)
Content-Length: 155
Content-Type: application/json; charset=utf-8
host: localhost:55284
accept: */*

Response DefaultHttpResponse(decodeResult: success, version: HTTP/1.1)
HTTP/1.1 200 OK
Content-Type: application/json; charset=utf-8
cache-control: no-cache
content-length: 88

01:58:54.382 [AsyncHttpClient-1-5] DEBUG org.asynchttpclient.netty.channel.ChannelManager - Adding key: http://localhost:55284 for channel [id: 0x0cdbac01, L:/127.0.0.1:55953 - R:localhost/127.0.0.1:55284]
01:58:54.387 [Forwarding isElementDisplayed on session dc00dab029c486d28e5e08e38e5be032 to remote] DEBUG org.asynchttpclient.netty.request.NettyRequestSender - Using pooled Channel '[id: 0x0cdbac01, L:/127.0.0.1:55953 - R:localhost/127.0.0.1:55284]' for 'POST' to 'http://localhost:55284/session/dc00dab029c486d28e5e08e38e5be032/execute/sync'
01:58:54.387 [Forwarding isElementDisplayed on session dc00dab029c486d28e5e08e38e5be032 to remote] DEBUG org.asynchttpclient.netty.request.NettyRequestSender - Using open Channel [id: 0x0cdbac01, L:/127.0.0.1:55953 - R:localhost/127.0.0.1:55284] for POST '/session/dc00dab029c486d28e5e08e38e5be032/execute/sync'
01:58:54.398 [AsyncHttpClient-1-5] DEBUG org.asynchttpclient.netty.handler.HttpHandler - 

Request DefaultHttpRequest(decodeResult: success, version: HTTP/1.1)
POST /session/dc00dab029c486d28e5e08e38e5be032/execute/sync HTTP/1.1
User-Agent: selenium/4.1.2 (java windows)
Content-Length: 48780
Content-Type: application/json; charset=utf-8
host: localhost:55284
accept: */*

Response DefaultHttpResponse(decodeResult: success, version: HTTP/1.1)
HTTP/1.1 200 OK
Content-Type: application/json; charset=utf-8
cache-control: no-cache
content-length: 14

01:58:54.399 [AsyncHttpClient-1-5] DEBUG org.asynchttpclient.netty.channel.ChannelManager - Adding key: http://localhost:55284 for channel [id: 0x0cdbac01, L:/127.0.0.1:55953 - R:localhost/127.0.0.1:55284]
01:58:54.403 [main] DEBUG net.thucydides.core.steps.StepInterceptor - STEP DONE: validateStillOnLoginPage
  &amp#27;[32mThen &amp#27;[0m&amp#27;[32mI am still on the login page&amp#27;[0m                   &amp#27;[90m# starter.stepdefinitions.LoginSteps.stillOnTheLoginPage()&amp#27;[0m
01:58:54.406 [main] INFO  - 
  _____   ___   ___   _____     ___     _     ___   ___   ___   ___  
 |_   _| | __| / __| |_   _|   | _ \   /_\   / __| / __| | __| |   \ 
   | |   | _|  \__ \   | |     |  _/  / _ \  \__ \ \__ \ | _|  | |) |
   |_|   |___| |___/   |_|     |_|   /_/ \_\ |___/ |___/ |___| |___/ 

Login with valid email and invalid password
----------------------------------------------------------------------
01:58:54.407 [AsyncHttpClient-1-7] DEBUG org.asynchttpclient.netty.handler.WebSocketHandler - Channel Closed: [id: 0x6b776b8d, L:/127.0.0.1:55964 ! R:localhost/127.0.0.1:55955] with attribute NettyResponseFuture{currentRetry=5,
	isDone=1,
	isCancelled=0,
	asyncHandler=org.asynchttpclient.ws.WebSocketUpgradeHandler@5a7839f2,
	nettyRequest=org.asynchttpclient.netty.request.NettyRequest@5fdcaf1d,
	future=java.util.concurrent.CompletableFuture@22b68ee7[Completed normally],
	uri=ws://localhost:55955/devtools/browser/777bf0a5-1c11-4f00-b42a-095f57f30ff4,
	keepAlive=true,
	redirectCount=0,
	timeoutsHolder=null,
	inAuth=0,
	touch=1652554731576}
01:58:54.407 [AsyncHttpClient-1-7] DEBUG org.asynchttpclient.netty.channel.ChannelManager - Closing Channel [id: 0x6b776b8d, L:/127.0.0.1:55964 ! R:localhost/127.0.0.1:55955] 
01:58:54.407 [Driver Command Executor] DEBUG org.asynchttpclient.netty.request.NettyRequestSender - Using pooled Channel '[id: 0x0cdbac01, L:/127.0.0.1:55953 - R:localhost/127.0.0.1:55284]' for 'DELETE' to 'http://localhost:55284/session/dc00dab029c486d28e5e08e38e5be032'
01:58:54.408 [Driver Command Executor] DEBUG org.asynchttpclient.netty.request.NettyRequestSender - Using open Channel [id: 0x0cdbac01, L:/127.0.0.1:55953 - R:localhost/127.0.0.1:55284] for DELETE '/session/dc00dab029c486d28e5e08e38e5be032'
01:58:54.436 [AsyncHttpClient-1-6] DEBUG org.asynchttpclient.netty.handler.HttpHandler - Unexpected I/O exception on channel [id: 0x9648e29c, L:/127.0.0.1:55963 - R:localhost/127.0.0.1:55955]
java.io.IOException: An existing connection was forcibly closed by the remote host
	at java.base/sun.nio.ch.SocketDispatcher.read0(Native Method)
	at java.base/sun.nio.ch.SocketDispatcher.read(SocketDispatcher.java:43)
	at java.base/sun.nio.ch.IOUtil.readIntoNativeBuffer(IOUtil.java:276)
	at java.base/sun.nio.ch.IOUtil.read(IOUtil.java:233)
	at java.base/sun.nio.ch.IOUtil.read(IOUtil.java:223)
	at java.base/sun.nio.ch.SocketChannelImpl.read(SocketChannelImpl.java:358)
	at io.netty.buffer.PooledByteBuf.setBytes(PooledByteBuf.java:258)
	at io.netty.buffer.AbstractByteBuf.writeBytes(AbstractByteBuf.java:1132)
	at io.netty.channel.socket.nio.NioSocketChannel.doReadBytes(NioSocketChannel.java:350)
	at io.netty.channel.nio.AbstractNioByteChannel$NioByteUnsafe.read(AbstractNioByteChannel.java:151)
	at io.netty.channel.nio.NioEventLoop.processSelectedKey(NioEventLoop.java:722)
	at io.netty.channel.nio.NioEventLoop.processSelectedKeysOptimized(NioEventLoop.java:658)
	at io.netty.channel.nio.NioEventLoop.processSelectedKeys(NioEventLoop.java:584)
	at io.netty.channel.nio.NioEventLoop.run(NioEventLoop.java:496)
	at io.netty.util.concurrent.SingleThreadEventExecutor$4.run(SingleThreadEventExecutor.java:986)
	at io.netty.util.internal.ThreadExecutorMap$2.run(ThreadExecutorMap.java:74)
	at io.netty.util.concurrent.FastThreadLocalRunnable.run(FastThreadLocalRunnable.java:30)
	at java.base/java.lang.Thread.run(Thread.java:834)
01:58:54.436 [AsyncHttpClient-1-6] DEBUG org.asynchttpclient.netty.channel.ChannelManager - Closing Channel [id: 0x9648e29c, L:/127.0.0.1:55963 - R:localhost/127.0.0.1:55955] 
01:58:54.436 [AsyncHttpClient-1-6] DEBUG org.asynchttpclient.netty.handler.HttpHandler - Channel Closed: [id: 0x9648e29c, L:/127.0.0.1:55963 ! R:localhost/127.0.0.1:55955] with attribute DISCARD
01:58:54.446 [AsyncHttpClient-1-5] DEBUG org.asynchttpclient.netty.handler.HttpHandler - 

Request DefaultFullHttpRequest(decodeResult: success, version: HTTP/1.1, content: EmptyByteBufBE)
DELETE /session/dc00dab029c486d28e5e08e38e5be032 HTTP/1.1
User-Agent: selenium/4.1.2 (java windows)
Content-Type: application/json; charset=utf-8
host: localhost:55284
accept: */*

Response DefaultHttpResponse(decodeResult: success, version: HTTP/1.1)
HTTP/1.1 200 OK
Content-Type: application/json; charset=utf-8
cache-control: no-cache
content-length: 14

01:58:54.446 [AsyncHttpClient-1-5] DEBUG org.asynchttpclient.netty.channel.ChannelManager - Adding key: http://localhost:55284 for channel [id: 0x0cdbac01, L:/127.0.0.1:55953 - R:localhost/127.0.0.1:55284]
01:58:54.492 [AsyncHttpClient-1-5] DEBUG org.asynchttpclient.netty.handler.HttpHandler - Channel Closed: [id: 0x0cdbac01, L:/127.0.0.1:55953 ! R:localhost/127.0.0.1:55284] with attribute DISCARD
]]></system-out>
    <system-err><![CDATA[Starting ChromeDriver 101.0.4951.41 (93c720db8323b3ec10d056025ab95c23a31997c9-refs/branch-heads/4951@{#904}) on port 55284
Only local connections are allowed.
Please see https://chromedriver.chromium.org/security-considerations for suggestions on keeping ChromeDriver safe.
ChromeDriver was started successfully.
May 15, 2022 1:58:51 AM org.openqa.selenium.remote.ProtocolHandshake createSession
INFO: Detected dialect: W3C
May 15, 2022 1:58:51 AM org.openqa.selenium.devtools.CdpVersionFinder findNearestMatch
WARNING: Unable to find an exact match for CDP version 101, so returning the closest version found: 97
May 15, 2022 1:58:51 AM org.openqa.selenium.devtools.CdpVersionFinder findNearestMatch
INFO: Found CDP implementation for version 101 of 97
]]></system-err>
  </testcase>
  <testcase name="Login with invalid email and valid password" classname="Login" time="3.944">
    <system-out><![CDATA[
Scenario: Login with invalid email and valid password &amp#27;[90m# src/test/resources/features/Login.feature:18&amp#27;[0m
01:58:55.023 [main] INFO io.cucumber.core.plugin.SerenityReporter - Running feature from file:///D:/Intern/MSIB%20Alterra/alterra-mini-project/Serenity%20UI%20Test/src/test/resources/features/Login.feature
01:58:55.025 [main] INFO  - 
  _____   ___   ___   _____     ___   _____     _     ___   _____   ___   ___  
 |_   _| | __| / __| |_   _|   / __| |_   _|   /_\   | _ \ |_   _| | __| |   \ 
   | |   | _|  \__ \   | |     \__ \   | |    / _ \  |   /   | |   | _|  | |) |
   |_|   |___| |___/   |_|     |___/   |_|   /_/ \_\ |_|_\   |_|   |___| |___/ 

Login with invalid email and valid password(login;login-with-invalid-email-and-valid-password)
--------------------------------------------------------------------------------
01:58:55.041 [main] DEBUG net.thucydides.core.steps.StepInterceptor - STARTING STEP: LoginSteps.onTheLoginPage - loginPage
01:58:55.042 [main] INFO net.serenitybdd.core.webdriver.driverproviders.ChromeDriverProvider - Using automatically driver download
01:58:55.106 [main] DEBUG io.github.bonigarcia.wdm.cache.ResolutionCache - Resolution chrome=101 in cache (valid until 02:58:38 15/05/2022 ICT)
01:58:55.108 [main] DEBUG io.github.bonigarcia.wdm.cache.ResolutionCache - Resolution chrome101=101.0.4951.41 in cache (valid until 14:15:13 15/05/2022 ICT)
01:58:55.109 [main] INFO io.github.bonigarcia.wdm.WebDriverManager - Using chromedriver 101.0.4951.41 (resolved driver for Chrome 101)
01:58:55.115 [main] DEBUG io.github.bonigarcia.wdm.WebDriverManager - Driver chromedriver 101.0.4951.41 found in cache
01:58:55.115 [main] INFO io.github.bonigarcia.wdm.WebDriverManager - Exporting webdriver.chrome.driver as C:\Users\saral\.cache\selenium\chromedriver\win32\101.0.4951.41\chromedriver.exe
01:58:55.178 [main] DEBUG net.serenitybdd.core.webdriver.driverproviders.ProvideNewDriver - Instantiating driver
01:58:55.178 [main] DEBUG net.serenitybdd.core.webdriver.driverproviders.ProvideNewDriver - Driver capabilities: Capabilities {acceptInsecureCerts: false, base.url: https://qa.alta.id/, browserName: chrome, chrome.driver: src/main/resources/webdrive..., driver: chrome, goog:chromeOptions: {args: [], extensions: []}}
01:58:55.264 [AsyncHttpClient-1-1] DEBUG org.asynchttpclient.netty.channel.DefaultChannelPool - Entry count for : http://localhost:55955 : 1
01:58:55.264 [AsyncHttpClient-1-1] DEBUG org.asynchttpclient.netty.channel.DefaultChannelPool - Entry count for : http://localhost:55284 : 1
01:58:55.264 [AsyncHttpClient-1-1] DEBUG org.asynchttpclient.netty.channel.DefaultChannelPool - Adding Candidate expired Channel [id: 0x9648e29c, L:/127.0.0.1:55963 ! R:localhost/127.0.0.1:55955] isIdleTimeoutExpired=false isRemotelyClosed=true isTtlExpired=false
01:58:55.264 [AsyncHttpClient-1-1] DEBUG org.asynchttpclient.netty.channel.DefaultChannelPool - Closing Idle Channel [id: 0x9648e29c, L:/127.0.0.1:55963 ! R:localhost/127.0.0.1:55955]
01:58:55.264 [AsyncHttpClient-1-1] DEBUG org.asynchttpclient.netty.channel.DefaultChannelPool - Adding Candidate expired Channel [id: 0x0cdbac01, L:/127.0.0.1:55953 ! R:localhost/127.0.0.1:55284] isIdleTimeoutExpired=false isRemotelyClosed=true isTtlExpired=false
01:58:55.264 [AsyncHttpClient-1-1] DEBUG org.asynchttpclient.netty.channel.DefaultChannelPool - Closing Idle Channel [id: 0x0cdbac01, L:/127.0.0.1:55953 ! R:localhost/127.0.0.1:55284]
01:58:55.264 [AsyncHttpClient-1-1] DEBUG org.asynchttpclient.netty.channel.DefaultChannelPool - Closed 2 connections out of 2 in 0 ms
01:58:55.721 [AsyncHttpClient-1-8] DEBUG org.asynchttpclient.netty.channel.NettyConnectListener - Using new Channel '[id: 0x89c80a23, L:/127.0.0.1:55986 - R:localhost/127.0.0.1:63117]' for 'POST' to '/session'
01:58:56.202 [AsyncHttpClient-1-8] DEBUG org.asynchttpclient.netty.handler.HttpHandler - 

Request DefaultHttpRequest(decodeResult: success, version: HTTP/1.1)
POST /session HTTP/1.1
User-Agent: selenium/4.1.2 (java windows)
Content-Length: 605
Content-Type: application/json; charset=utf-8
host: localhost:63117
accept: */*

Response DefaultHttpResponse(decodeResult: success, version: HTTP/1.1)
HTTP/1.1 200 OK
Content-Type: application/json; charset=utf-8
cache-control: no-cache
content-length: 790

01:58:56.202 [AsyncHttpClient-1-8] DEBUG org.asynchttpclient.netty.channel.ChannelManager - Adding key: http://localhost:63117 for channel [id: 0x89c80a23, L:/127.0.0.1:55986 - R:localhost/127.0.0.1:63117]
01:58:56.207 [AsyncHttpClient-1-9] DEBUG org.asynchttpclient.netty.channel.NettyConnectListener - Using new Channel '[id: 0xcec6da31, L:/127.0.0.1:55993 - R:localhost/127.0.0.1:55987]' for 'GET' to '/json/version'
01:58:56.211 [AsyncHttpClient-1-9] DEBUG org.asynchttpclient.netty.handler.HttpHandler - 

Request DefaultFullHttpRequest(decodeResult: success, version: HTTP/1.1, content: EmptyByteBufBE)
GET /json/version HTTP/1.1
User-Agent: selenium/4.1.2 (java windows)
host: localhost:55987
accept: */*

Response DefaultHttpResponse(decodeResult: success, version: HTTP/1.1)
HTTP/1.1 200 OK
Content-Type: application/json; charset=UTF-8
content-length: 427

01:58:56.212 [AsyncHttpClient-1-9] DEBUG org.asynchttpclient.netty.channel.ChannelManager - Adding key: http://localhost:55987 for channel [id: 0xcec6da31, L:/127.0.0.1:55993 - R:localhost/127.0.0.1:55987]
01:58:56.214 [AsyncHttpClient-1-10] DEBUG org.asynchttpclient.netty.channel.NettyConnectListener - Using new Channel '[id: 0x8eca300a, L:/127.0.0.1:55994 - R:localhost/127.0.0.1:55987]' for 'GET' to '/devtools/browser/d917664e-2251-4f93-ae2f-0f7fac7f5c62'
01:58:56.218 [AsyncHttpClient-1-10] DEBUG org.asynchttpclient.netty.handler.WebSocketHandler - 

Request DefaultFullHttpRequest(decodeResult: success, version: HTTP/1.1, content: EmptyByteBufBE)
GET /devtools/browser/d917664e-2251-4f93-ae2f-0f7fac7f5c62 HTTP/1.1
upgrade: websocket
connection: upgrade
sec-websocket-key: AtbBqrOEpSY15R3D30HTKw==
sec-websocket-version: 13
origin: http://localhost:55987
host: localhost:55987
accept: */*
user-agent: AHC/2.1

Response DefaultHttpResponse(decodeResult: success, version: HTTP/1.1)
HTTP/1.1 101 WebSocket Protocol Handshake
Upgrade: WebSocket
Connection: Upgrade
Sec-WebSocket-Accept: pIh885i+9ZvlpZHuLt363vlr55k=

01:58:56.222 [Forwarding get on session d27d266a99b92de43607d8a5efa436bc to remote] DEBUG org.asynchttpclient.netty.request.NettyRequestSender - Using pooled Channel '[id: 0x89c80a23, L:/127.0.0.1:55986 - R:localhost/127.0.0.1:63117]' for 'POST' to 'http://localhost:63117/session/d27d266a99b92de43607d8a5efa436bc/url'
01:58:56.222 [Forwarding get on session d27d266a99b92de43607d8a5efa436bc to remote] DEBUG org.asynchttpclient.netty.request.NettyRequestSender - Using open Channel [id: 0x89c80a23, L:/127.0.0.1:55986 - R:localhost/127.0.0.1:63117] for POST '/session/d27d266a99b92de43607d8a5efa436bc/url'
01:58:56.364 [AsyncHttpClient-1-1] DEBUG org.asynchttpclient.netty.channel.DefaultChannelPool - Entry count for : http://localhost:55987 : 1
01:58:57.431 [AsyncHttpClient-1-8] DEBUG org.asynchttpclient.netty.handler.HttpHandler - 

Request DefaultHttpRequest(decodeResult: success, version: HTTP/1.1)
POST /session/d27d266a99b92de43607d8a5efa436bc/url HTTP/1.1
User-Agent: selenium/4.1.2 (java windows)
Content-Length: 64
Content-Type: application/json; charset=utf-8
host: localhost:63117
accept: */*

Response DefaultHttpResponse(decodeResult: success, version: HTTP/1.1)
HTTP/1.1 200 OK
Content-Type: application/json; charset=utf-8
cache-control: no-cache
content-length: 14

01:58:57.431 [AsyncHttpClient-1-8] DEBUG org.asynchttpclient.netty.channel.ChannelManager - Adding key: http://localhost:63117 for channel [id: 0x89c80a23, L:/127.0.0.1:55986 - R:localhost/127.0.0.1:63117]
01:58:57.432 [Forwarding setTimeout on session d27d266a99b92de43607d8a5efa436bc to remote] DEBUG org.asynchttpclient.netty.request.NettyRequestSender - Using pooled Channel '[id: 0x89c80a23, L:/127.0.0.1:55986 - R:localhost/127.0.0.1:63117]' for 'POST' to 'http://localhost:63117/session/d27d266a99b92de43607d8a5efa436bc/timeouts'
01:58:57.432 [Forwarding setTimeout on session d27d266a99b92de43607d8a5efa436bc to remote] DEBUG org.asynchttpclient.netty.request.NettyRequestSender - Using open Channel [id: 0x89c80a23, L:/127.0.0.1:55986 - R:localhost/127.0.0.1:63117] for POST '/session/d27d266a99b92de43607d8a5efa436bc/timeouts'
01:58:57.433 [AsyncHttpClient-1-8] DEBUG org.asynchttpclient.netty.handler.HttpHandler - 

Request DefaultHttpRequest(decodeResult: success, version: HTTP/1.1)
POST /session/d27d266a99b92de43607d8a5efa436bc/timeouts HTTP/1.1
User-Agent: selenium/4.1.2 (java windows)
Content-Length: 22
Content-Type: application/json; charset=utf-8
host: localhost:63117
accept: */*

Response DefaultHttpResponse(decodeResult: success, version: HTTP/1.1)
HTTP/1.1 200 OK
Content-Type: application/json; charset=utf-8
cache-control: no-cache
content-length: 14

01:58:57.433 [AsyncHttpClient-1-8] DEBUG org.asynchttpclient.netty.channel.ChannelManager - Adding key: http://localhost:63117 for channel [id: 0x89c80a23, L:/127.0.0.1:55986 - R:localhost/127.0.0.1:63117]
01:58:57.435 [Forwarding getCurrentUrl on session d27d266a99b92de43607d8a5efa436bc to remote] DEBUG org.asynchttpclient.netty.request.NettyRequestSender - Using pooled Channel '[id: 0x89c80a23, L:/127.0.0.1:55986 - R:localhost/127.0.0.1:63117]' for 'GET' to 'http://localhost:63117/session/d27d266a99b92de43607d8a5efa436bc/url'
01:58:57.435 [Forwarding getCurrentUrl on session d27d266a99b92de43607d8a5efa436bc to remote] DEBUG org.asynchttpclient.netty.request.NettyRequestSender - Using open Channel [id: 0x89c80a23, L:/127.0.0.1:55986 - R:localhost/127.0.0.1:63117] for GET '/session/d27d266a99b92de43607d8a5efa436bc/url'
01:58:57.437 [AsyncHttpClient-1-8] DEBUG org.asynchttpclient.netty.handler.HttpHandler - 

Request DefaultFullHttpRequest(decodeResult: success, version: HTTP/1.1, content: EmptyByteBufBE)
GET /session/d27d266a99b92de43607d8a5efa436bc/url HTTP/1.1
User-Agent: selenium/4.1.2 (java windows)
Cache-Control: no-cache
Content-Type: application/json; charset=utf-8
host: localhost:63117
accept: */*

Response DefaultHttpResponse(decodeResult: success, version: HTTP/1.1)
HTTP/1.1 200 OK
Content-Type: application/json; charset=utf-8
cache-control: no-cache
content-length: 41

01:58:57.439 [AsyncHttpClient-1-8] DEBUG org.asynchttpclient.netty.channel.ChannelManager - Adding key: http://localhost:63117 for channel [id: 0x89c80a23, L:/127.0.0.1:55986 - R:localhost/127.0.0.1:63117]
01:58:57.441 [Forwarding screenshot on session d27d266a99b92de43607d8a5efa436bc to remote] DEBUG org.asynchttpclient.netty.request.NettyRequestSender - Using pooled Channel '[id: 0x89c80a23, L:/127.0.0.1:55986 - R:localhost/127.0.0.1:63117]' for 'GET' to 'http://localhost:63117/session/d27d266a99b92de43607d8a5efa436bc/screenshot'
01:58:57.441 [Forwarding screenshot on session d27d266a99b92de43607d8a5efa436bc to remote] DEBUG org.asynchttpclient.netty.request.NettyRequestSender - Using open Channel [id: 0x89c80a23, L:/127.0.0.1:55986 - R:localhost/127.0.0.1:63117] for GET '/session/d27d266a99b92de43607d8a5efa436bc/screenshot'
01:58:57.462 [AsyncHttpClient-1-1] DEBUG org.asynchttpclient.netty.channel.DefaultChannelPool - Entry count for : http://localhost:55987 : 1
01:58:57.506 [AsyncHttpClient-1-8] DEBUG org.asynchttpclient.netty.handler.HttpHandler - 

Request DefaultFullHttpRequest(decodeResult: success, version: HTTP/1.1, content: EmptyByteBufBE)
GET /session/d27d266a99b92de43607d8a5efa436bc/screenshot HTTP/1.1
User-Agent: selenium/4.1.2 (java windows)
Cache-Control: no-cache
Content-Type: application/json; charset=utf-8
host: localhost:63117
accept: */*

Response DefaultHttpResponse(decodeResult: success, version: HTTP/1.1)
HTTP/1.1 200 OK
Content-Type: application/json; charset=utf-8
cache-control: no-cache
content-length: 32192

01:58:57.507 [AsyncHttpClient-1-8] DEBUG org.asynchttpclient.netty.channel.ChannelManager - Adding key: http://localhost:63117 for channel [id: 0x89c80a23, L:/127.0.0.1:55986 - R:localhost/127.0.0.1:63117]
01:58:57.508 [main] DEBUG net.serenitybdd.core.photography.Darkroom - Send negative for processing for target\site\serenity\4d98329a65403fb35239499910819cdb6d3d71d823e551da367b9fc52c2ec142.png
01:58:57.508 [main] DEBUG net.thucydides.core.steps.StepInterceptor - STEP DONE: loginPage
01:58:57.511 [main] DEBUG net.thucydides.core.steps.StepInterceptor - STARTING STEP: LoginSteps.onTheLoginPage - validateOnLoginPage
01:58:57.512 [Forwarding findElement on session d27d266a99b92de43607d8a5efa436bc to remote] DEBUG org.asynchttpclient.netty.request.NettyRequestSender - Using pooled Channel '[id: 0x89c80a23, L:/127.0.0.1:55986 - R:localhost/127.0.0.1:63117]' for 'POST' to 'http://localhost:63117/session/d27d266a99b92de43607d8a5efa436bc/element'
01:58:57.512 [Forwarding findElement on session d27d266a99b92de43607d8a5efa436bc to remote] DEBUG org.asynchttpclient.netty.request.NettyRequestSender - Using open Channel [id: 0x89c80a23, L:/127.0.0.1:55986 - R:localhost/127.0.0.1:63117] for POST '/session/d27d266a99b92de43607d8a5efa436bc/element'
01:58:57.521 [AsyncHttpClient-1-8] DEBUG org.asynchttpclient.netty.handler.HttpHandler - 

Request DefaultHttpRequest(decodeResult: success, version: HTTP/1.1)
POST /session/d27d266a99b92de43607d8a5efa436bc/element HTTP/1.1
User-Agent: selenium/4.1.2 (java windows)
Content-Length: 155
Content-Type: application/json; charset=utf-8
host: localhost:63117
accept: */*

Response DefaultHttpResponse(decodeResult: success, version: HTTP/1.1)
HTTP/1.1 200 OK
Content-Type: application/json; charset=utf-8
cache-control: no-cache
content-length: 88

01:58:57.521 [AsyncHttpClient-1-8] DEBUG org.asynchttpclient.netty.channel.ChannelManager - Adding key: http://localhost:63117 for channel [id: 0x89c80a23, L:/127.0.0.1:55986 - R:localhost/127.0.0.1:63117]
01:58:57.523 [Forwarding isElementDisplayed on session d27d266a99b92de43607d8a5efa436bc to remote] DEBUG org.asynchttpclient.netty.request.NettyRequestSender - Using pooled Channel '[id: 0x89c80a23, L:/127.0.0.1:55986 - R:localhost/127.0.0.1:63117]' for 'POST' to 'http://localhost:63117/session/d27d266a99b92de43607d8a5efa436bc/execute/sync'
01:58:57.523 [Forwarding isElementDisplayed on session d27d266a99b92de43607d8a5efa436bc to remote] DEBUG org.asynchttpclient.netty.request.NettyRequestSender - Using open Channel [id: 0x89c80a23, L:/127.0.0.1:55986 - R:localhost/127.0.0.1:63117] for POST '/session/d27d266a99b92de43607d8a5efa436bc/execute/sync'
01:58:57.532 [AsyncHttpClient-1-8] DEBUG org.asynchttpclient.netty.handler.HttpHandler - 

Request DefaultHttpRequest(decodeResult: success, version: HTTP/1.1)
POST /session/d27d266a99b92de43607d8a5efa436bc/execute/sync HTTP/1.1
User-Agent: selenium/4.1.2 (java windows)
Content-Length: 48780
Content-Type: application/json; charset=utf-8
host: localhost:63117
accept: */*

Response DefaultHttpResponse(decodeResult: success, version: HTTP/1.1)
HTTP/1.1 200 OK
Content-Type: application/json; charset=utf-8
cache-control: no-cache
content-length: 14

01:58:57.532 [AsyncHttpClient-1-8] DEBUG org.asynchttpclient.netty.channel.ChannelManager - Adding key: http://localhost:63117 for channel [id: 0x89c80a23, L:/127.0.0.1:55986 - R:localhost/127.0.0.1:63117]
01:58:57.534 [main] DEBUG net.thucydides.core.steps.StepInterceptor - STEP DONE: validateOnLoginPage
  &amp#27;[32mGiven &amp#27;[0m&amp#27;[32mI am on the login page&amp#27;[0m                        &amp#27;[90m# starter.stepdefinitions.LoginSteps.onTheLoginPage()&amp#27;[0m
01:58:57.541 [main] DEBUG net.thucydides.core.steps.StepInterceptor - STARTING STEP: LoginSteps.inputInvalidEmail - inputEmail
01:58:57.542 [Forwarding findElement on session d27d266a99b92de43607d8a5efa436bc to remote] DEBUG org.asynchttpclient.netty.request.NettyRequestSender - Using pooled Channel '[id: 0x89c80a23, L:/127.0.0.1:55986 - R:localhost/127.0.0.1:63117]' for 'POST' to 'http://localhost:63117/session/d27d266a99b92de43607d8a5efa436bc/element'
01:58:57.542 [Forwarding findElement on session d27d266a99b92de43607d8a5efa436bc to remote] DEBUG org.asynchttpclient.netty.request.NettyRequestSender - Using open Channel [id: 0x89c80a23, L:/127.0.0.1:55986 - R:localhost/127.0.0.1:63117] for POST '/session/d27d266a99b92de43607d8a5efa436bc/element'
01:58:57.550 [AsyncHttpClient-1-8] DEBUG org.asynchttpclient.netty.handler.HttpHandler - 

Request DefaultHttpRequest(decodeResult: success, version: HTTP/1.1)
POST /session/d27d266a99b92de43607d8a5efa436bc/element HTTP/1.1
User-Agent: selenium/4.1.2 (java windows)
Content-Length: 84
Content-Type: application/json; charset=utf-8
host: localhost:63117
accept: */*

Response DefaultHttpResponse(decodeResult: success, version: HTTP/1.1)
HTTP/1.1 200 OK
Content-Type: application/json; charset=utf-8
cache-control: no-cache
content-length: 88

01:58:57.550 [AsyncHttpClient-1-8] DEBUG org.asynchttpclient.netty.channel.ChannelManager - Adding key: http://localhost:63117 for channel [id: 0x89c80a23, L:/127.0.0.1:55986 - R:localhost/127.0.0.1:63117]
01:58:57.551 [Forwarding clearElement on session d27d266a99b92de43607d8a5efa436bc to remote] DEBUG org.asynchttpclient.netty.request.NettyRequestSender - Using pooled Channel '[id: 0x89c80a23, L:/127.0.0.1:55986 - R:localhost/127.0.0.1:63117]' for 'POST' to 'http://localhost:63117/session/d27d266a99b92de43607d8a5efa436bc/element/4aecc61d-a770-46e5-9d6a-ad9bc98620f4/clear'
01:58:57.551 [Forwarding clearElement on session d27d266a99b92de43607d8a5efa436bc to remote] DEBUG org.asynchttpclient.netty.request.NettyRequestSender - Using open Channel [id: 0x89c80a23, L:/127.0.0.1:55986 - R:localhost/127.0.0.1:63117] for POST '/session/d27d266a99b92de43607d8a5efa436bc/element/4aecc61d-a770-46e5-9d6a-ad9bc98620f4/clear'
01:58:57.570 [AsyncHttpClient-1-8] DEBUG org.asynchttpclient.netty.handler.HttpHandler - 

Request DefaultHttpRequest(decodeResult: success, version: HTTP/1.1)
POST /session/d27d266a99b92de43607d8a5efa436bc/element/4aecc61d-a770-46e5-9d6a-ad9bc98620f4/clear HTTP/1.1
User-Agent: selenium/4.1.2 (java windows)
Content-Length: 50
Content-Type: application/json; charset=utf-8
host: localhost:63117
accept: */*

Response DefaultHttpResponse(decodeResult: success, version: HTTP/1.1)
HTTP/1.1 200 OK
Content-Type: application/json; charset=utf-8
cache-control: no-cache
content-length: 14

01:58:57.570 [AsyncHttpClient-1-8] DEBUG org.asynchttpclient.netty.channel.ChannelManager - Adding key: http://localhost:63117 for channel [id: 0x89c80a23, L:/127.0.0.1:55986 - R:localhost/127.0.0.1:63117]
01:58:57.571 [Forwarding sendKeysToElement on session d27d266a99b92de43607d8a5efa436bc to remote] DEBUG org.asynchttpclient.netty.request.NettyRequestSender - Using pooled Channel '[id: 0x89c80a23, L:/127.0.0.1:55986 - R:localhost/127.0.0.1:63117]' for 'POST' to 'http://localhost:63117/session/d27d266a99b92de43607d8a5efa436bc/element/4aecc61d-a770-46e5-9d6a-ad9bc98620f4/value'
01:58:57.572 [Forwarding sendKeysToElement on session d27d266a99b92de43607d8a5efa436bc to remote] DEBUG org.asynchttpclient.netty.request.NettyRequestSender - Using open Channel [id: 0x89c80a23, L:/127.0.0.1:55986 - R:localhost/127.0.0.1:63117] for POST '/session/d27d266a99b92de43607d8a5efa436bc/element/4aecc61d-a770-46e5-9d6a-ad9bc98620f4/value'
01:58:57.632 [AsyncHttpClient-1-8] DEBUG org.asynchttpclient.netty.handler.HttpHandler - 

Request DefaultHttpRequest(decodeResult: success, version: HTTP/1.1)
POST /session/d27d266a99b92de43607d8a5efa436bc/element/4aecc61d-a770-46e5-9d6a-ad9bc98620f4/value HTTP/1.1
User-Agent: selenium/4.1.2 (java windows)
Content-Length: 231
Content-Type: application/json; charset=utf-8
host: localhost:63117
accept: */*

Response DefaultHttpResponse(decodeResult: success, version: HTTP/1.1)
HTTP/1.1 200 OK
Content-Type: application/json; charset=utf-8
cache-control: no-cache
content-length: 14

01:58:57.632 [AsyncHttpClient-1-8] DEBUG org.asynchttpclient.netty.channel.ChannelManager - Adding key: http://localhost:63117 for channel [id: 0x89c80a23, L:/127.0.0.1:55986 - R:localhost/127.0.0.1:63117]
01:58:57.635 [Forwarding screenshot on session d27d266a99b92de43607d8a5efa436bc to remote] DEBUG org.asynchttpclient.netty.request.NettyRequestSender - Using pooled Channel '[id: 0x89c80a23, L:/127.0.0.1:55986 - R:localhost/127.0.0.1:63117]' for 'GET' to 'http://localhost:63117/session/d27d266a99b92de43607d8a5efa436bc/screenshot'
01:58:57.635 [Forwarding screenshot on session d27d266a99b92de43607d8a5efa436bc to remote] DEBUG org.asynchttpclient.netty.request.NettyRequestSender - Using open Channel [id: 0x89c80a23, L:/127.0.0.1:55986 - R:localhost/127.0.0.1:63117] for GET '/session/d27d266a99b92de43607d8a5efa436bc/screenshot'
01:58:57.725 [AsyncHttpClient-1-8] DEBUG org.asynchttpclient.netty.handler.HttpHandler - 

Request DefaultFullHttpRequest(decodeResult: success, version: HTTP/1.1, content: EmptyByteBufBE)
GET /session/d27d266a99b92de43607d8a5efa436bc/screenshot HTTP/1.1
User-Agent: selenium/4.1.2 (java windows)
Cache-Control: no-cache
Content-Type: application/json; charset=utf-8
host: localhost:63117
accept: */*

Response DefaultHttpResponse(decodeResult: success, version: HTTP/1.1)
HTTP/1.1 200 OK
Content-Type: application/json; charset=utf-8
cache-control: no-cache
content-length: 38100

01:58:57.725 [AsyncHttpClient-1-8] DEBUG org.asynchttpclient.netty.channel.ChannelManager - Adding key: http://localhost:63117 for channel [id: 0x89c80a23, L:/127.0.0.1:55986 - R:localhost/127.0.0.1:63117]
01:58:57.726 [main] DEBUG net.serenitybdd.core.photography.Darkroom - Send negative for processing for target\site\serenity\e2d320b60cea875261f495ed72dccae47438844289c2a948c7415e120ebb7de2.png
01:58:57.727 [main] DEBUG net.thucydides.core.steps.StepInterceptor - STEP DONE: inputEmail
  &amp#27;[32mWhen &amp#27;[0m&amp#27;[32mI input invalid email&amp#27;[0m                          &amp#27;[90m# starter.stepdefinitions.LoginSteps.inputInvalidEmail()&amp#27;[0m
01:58:57.727 [Darkroom Processing Line] DEBUG net.serenitybdd.core.photography.DarkroomProcessingLine - Processing screenshot image in /var/screenshots/screenshot-14844184267064695119
01:58:57.727 [Darkroom Processing Line] DEBUG net.serenitybdd.core.photography.DarkroomProcessingLine - Saving screenshot to target\site\serenity\e2d320b60cea875261f495ed72dccae47438844289c2a948c7415e120ebb7de2.png
01:58:57.736 [main] DEBUG net.thucydides.core.steps.StepInterceptor - STARTING STEP: LoginSteps.inputValidPassword - inputPassword
01:58:57.737 [Forwarding findElement on session d27d266a99b92de43607d8a5efa436bc to remote] DEBUG org.asynchttpclient.netty.request.NettyRequestSender - Using pooled Channel '[id: 0x89c80a23, L:/127.0.0.1:55986 - R:localhost/127.0.0.1:63117]' for 'POST' to 'http://localhost:63117/session/d27d266a99b92de43607d8a5efa436bc/element'
01:58:57.737 [Forwarding findElement on session d27d266a99b92de43607d8a5efa436bc to remote] DEBUG org.asynchttpclient.netty.request.NettyRequestSender - Using open Channel [id: 0x89c80a23, L:/127.0.0.1:55986 - R:localhost/127.0.0.1:63117] for POST '/session/d27d266a99b92de43607d8a5efa436bc/element'
01:58:57.744 [AsyncHttpClient-1-8] DEBUG org.asynchttpclient.netty.handler.HttpHandler - 

Request DefaultHttpRequest(decodeResult: success, version: HTTP/1.1)
POST /session/d27d266a99b92de43607d8a5efa436bc/element HTTP/1.1
User-Agent: selenium/4.1.2 (java windows)
Content-Length: 87
Content-Type: application/json; charset=utf-8
host: localhost:63117
accept: */*

Response DefaultHttpResponse(decodeResult: success, version: HTTP/1.1)
HTTP/1.1 200 OK
Content-Type: application/json; charset=utf-8
cache-control: no-cache
content-length: 88

01:58:57.745 [AsyncHttpClient-1-8] DEBUG org.asynchttpclient.netty.channel.ChannelManager - Adding key: http://localhost:63117 for channel [id: 0x89c80a23, L:/127.0.0.1:55986 - R:localhost/127.0.0.1:63117]
01:58:57.745 [Forwarding clearElement on session d27d266a99b92de43607d8a5efa436bc to remote] DEBUG org.asynchttpclient.netty.request.NettyRequestSender - Using pooled Channel '[id: 0x89c80a23, L:/127.0.0.1:55986 - R:localhost/127.0.0.1:63117]' for 'POST' to 'http://localhost:63117/session/d27d266a99b92de43607d8a5efa436bc/element/26bff597-4fa0-4715-9332-c5f95af6f4b9/clear'
01:58:57.746 [Forwarding clearElement on session d27d266a99b92de43607d8a5efa436bc to remote] DEBUG org.asynchttpclient.netty.request.NettyRequestSender - Using open Channel [id: 0x89c80a23, L:/127.0.0.1:55986 - R:localhost/127.0.0.1:63117] for POST '/session/d27d266a99b92de43607d8a5efa436bc/element/26bff597-4fa0-4715-9332-c5f95af6f4b9/clear'
01:58:57.765 [AsyncHttpClient-1-8] DEBUG org.asynchttpclient.netty.handler.HttpHandler - 

Request DefaultHttpRequest(decodeResult: success, version: HTTP/1.1)
POST /session/d27d266a99b92de43607d8a5efa436bc/element/26bff597-4fa0-4715-9332-c5f95af6f4b9/clear HTTP/1.1
User-Agent: selenium/4.1.2 (java windows)
Content-Length: 50
Content-Type: application/json; charset=utf-8
host: localhost:63117
accept: */*

Response DefaultHttpResponse(decodeResult: success, version: HTTP/1.1)
HTTP/1.1 200 OK
Content-Type: application/json; charset=utf-8
cache-control: no-cache
content-length: 14

01:58:57.765 [AsyncHttpClient-1-8] DEBUG org.asynchttpclient.netty.channel.ChannelManager - Adding key: http://localhost:63117 for channel [id: 0x89c80a23, L:/127.0.0.1:55986 - R:localhost/127.0.0.1:63117]
01:58:57.767 [Forwarding sendKeysToElement on session d27d266a99b92de43607d8a5efa436bc to remote] DEBUG org.asynchttpclient.netty.request.NettyRequestSender - Using pooled Channel '[id: 0x89c80a23, L:/127.0.0.1:55986 - R:localhost/127.0.0.1:63117]' for 'POST' to 'http://localhost:63117/session/d27d266a99b92de43607d8a5efa436bc/element/26bff597-4fa0-4715-9332-c5f95af6f4b9/value'
01:58:57.767 [Forwarding sendKeysToElement on session d27d266a99b92de43607d8a5efa436bc to remote] DEBUG org.asynchttpclient.netty.request.NettyRequestSender - Using open Channel [id: 0x89c80a23, L:/127.0.0.1:55986 - R:localhost/127.0.0.1:63117] for POST '/session/d27d266a99b92de43607d8a5efa436bc/element/26bff597-4fa0-4715-9332-c5f95af6f4b9/value'
01:58:57.808 [AsyncHttpClient-1-8] DEBUG org.asynchttpclient.netty.handler.HttpHandler - 

Request DefaultHttpRequest(decodeResult: success, version: HTTP/1.1)
POST /session/d27d266a99b92de43607d8a5efa436bc/element/26bff597-4fa0-4715-9332-c5f95af6f4b9/value HTTP/1.1
User-Agent: selenium/4.1.2 (java windows)
Content-Length: 151
Content-Type: application/json; charset=utf-8
host: localhost:63117
accept: */*

Response DefaultHttpResponse(decodeResult: success, version: HTTP/1.1)
HTTP/1.1 200 OK
Content-Type: application/json; charset=utf-8
cache-control: no-cache
content-length: 14

01:58:57.808 [AsyncHttpClient-1-8] DEBUG org.asynchttpclient.netty.channel.ChannelManager - Adding key: http://localhost:63117 for channel [id: 0x89c80a23, L:/127.0.0.1:55986 - R:localhost/127.0.0.1:63117]
01:58:57.813 [Forwarding screenshot on session d27d266a99b92de43607d8a5efa436bc to remote] DEBUG org.asynchttpclient.netty.request.NettyRequestSender - Using pooled Channel '[id: 0x89c80a23, L:/127.0.0.1:55986 - R:localhost/127.0.0.1:63117]' for 'GET' to 'http://localhost:63117/session/d27d266a99b92de43607d8a5efa436bc/screenshot'
01:58:57.813 [Forwarding screenshot on session d27d266a99b92de43607d8a5efa436bc to remote] DEBUG org.asynchttpclient.netty.request.NettyRequestSender - Using open Channel [id: 0x89c80a23, L:/127.0.0.1:55986 - R:localhost/127.0.0.1:63117] for GET '/session/d27d266a99b92de43607d8a5efa436bc/screenshot'
01:58:57.899 [AsyncHttpClient-1-8] DEBUG org.asynchttpclient.netty.handler.HttpHandler - 

Request DefaultFullHttpRequest(decodeResult: success, version: HTTP/1.1, content: EmptyByteBufBE)
GET /session/d27d266a99b92de43607d8a5efa436bc/screenshot HTTP/1.1
User-Agent: selenium/4.1.2 (java windows)
Cache-Control: no-cache
Content-Type: application/json; charset=utf-8
host: localhost:63117
accept: */*

Response DefaultHttpResponse(decodeResult: success, version: HTTP/1.1)
HTTP/1.1 200 OK
Content-Type: application/json; charset=utf-8
cache-control: no-cache
content-length: 40492

01:58:57.899 [AsyncHttpClient-1-8] DEBUG org.asynchttpclient.netty.channel.ChannelManager - Adding key: http://localhost:63117 for channel [id: 0x89c80a23, L:/127.0.0.1:55986 - R:localhost/127.0.0.1:63117]
01:58:57.901 [main] DEBUG net.serenitybdd.core.photography.Darkroom - Send negative for processing for target\site\serenity\2ccf9a03b7185f06a471fec3bbbd816b8c511180c4114de24d219348282b2fa2.png
01:58:57.902 [main] DEBUG net.thucydides.core.steps.StepInterceptor - STEP DONE: inputPassword
  &amp#27;[32mAnd &amp#27;[0m&amp#27;[32mI input valid password&amp#27;[0m                          &amp#27;[90m# starter.stepdefinitions.LoginSteps.inputValidPassword()&amp#27;[0m
01:58:57.902 [Darkroom Processing Line] DEBUG net.serenitybdd.core.photography.DarkroomProcessingLine - Processing screenshot image in /var/screenshots/screenshot-3692507213999274752
01:58:57.902 [Darkroom Processing Line] DEBUG net.serenitybdd.core.photography.DarkroomProcessingLine - Saving screenshot to target\site\serenity\2ccf9a03b7185f06a471fec3bbbd816b8c511180c4114de24d219348282b2fa2.png
01:58:57.912 [main] DEBUG net.thucydides.core.steps.StepInterceptor - STARTING STEP: LoginSteps.clickLoginButton - clickLoginButton
01:58:57.914 [Forwarding findElement on session d27d266a99b92de43607d8a5efa436bc to remote] DEBUG org.asynchttpclient.netty.request.NettyRequestSender - Using pooled Channel '[id: 0x89c80a23, L:/127.0.0.1:55986 - R:localhost/127.0.0.1:63117]' for 'POST' to 'http://localhost:63117/session/d27d266a99b92de43607d8a5efa436bc/element'
01:58:57.914 [Forwarding findElement on session d27d266a99b92de43607d8a5efa436bc to remote] DEBUG org.asynchttpclient.netty.request.NettyRequestSender - Using open Channel [id: 0x89c80a23, L:/127.0.0.1:55986 - R:localhost/127.0.0.1:63117] for POST '/session/d27d266a99b92de43607d8a5efa436bc/element'
01:58:57.919 [AsyncHttpClient-1-8] DEBUG org.asynchttpclient.netty.handler.HttpHandler - 

Request DefaultHttpRequest(decodeResult: success, version: HTTP/1.1)
POST /session/d27d266a99b92de43607d8a5efa436bc/element HTTP/1.1
User-Agent: selenium/4.1.2 (java windows)
Content-Length: 155
Content-Type: application/json; charset=utf-8
host: localhost:63117
accept: */*

Response DefaultHttpResponse(decodeResult: success, version: HTTP/1.1)
HTTP/1.1 200 OK
Content-Type: application/json; charset=utf-8
cache-control: no-cache
content-length: 88

01:58:57.919 [AsyncHttpClient-1-8] DEBUG org.asynchttpclient.netty.channel.ChannelManager - Adding key: http://localhost:63117 for channel [id: 0x89c80a23, L:/127.0.0.1:55986 - R:localhost/127.0.0.1:63117]
01:58:57.921 [Forwarding getElementTagName on session d27d266a99b92de43607d8a5efa436bc to remote] DEBUG org.asynchttpclient.netty.request.NettyRequestSender - Using pooled Channel '[id: 0x89c80a23, L:/127.0.0.1:55986 - R:localhost/127.0.0.1:63117]' for 'GET' to 'http://localhost:63117/session/d27d266a99b92de43607d8a5efa436bc/element/a4079411-bf53-4f86-9238-f5a7ed396502/name'
01:58:57.922 [Forwarding getElementTagName on session d27d266a99b92de43607d8a5efa436bc to remote] DEBUG org.asynchttpclient.netty.request.NettyRequestSender - Using open Channel [id: 0x89c80a23, L:/127.0.0.1:55986 - R:localhost/127.0.0.1:63117] for GET '/session/d27d266a99b92de43607d8a5efa436bc/element/a4079411-bf53-4f86-9238-f5a7ed396502/name'
01:58:57.926 [AsyncHttpClient-1-8] DEBUG org.asynchttpclient.netty.handler.HttpHandler - 

Request DefaultFullHttpRequest(decodeResult: success, version: HTTP/1.1, content: EmptyByteBufBE)
GET /session/d27d266a99b92de43607d8a5efa436bc/element/a4079411-bf53-4f86-9238-f5a7ed396502/name HTTP/1.1
User-Agent: selenium/4.1.2 (java windows)
Cache-Control: no-cache
Content-Type: application/json; charset=utf-8
host: localhost:63117
accept: */*

Response DefaultHttpResponse(decodeResult: success, version: HTTP/1.1)
HTTP/1.1 200 OK
Content-Type: application/json; charset=utf-8
cache-control: no-cache
content-length: 18

01:58:57.926 [AsyncHttpClient-1-8] DEBUG org.asynchttpclient.netty.channel.ChannelManager - Adding key: http://localhost:63117 for channel [id: 0x89c80a23, L:/127.0.0.1:55986 - R:localhost/127.0.0.1:63117]
01:58:57.928 [Forwarding getElementTagName on session d27d266a99b92de43607d8a5efa436bc to remote] DEBUG org.asynchttpclient.netty.request.NettyRequestSender - Using pooled Channel '[id: 0x89c80a23, L:/127.0.0.1:55986 - R:localhost/127.0.0.1:63117]' for 'GET' to 'http://localhost:63117/session/d27d266a99b92de43607d8a5efa436bc/element/a4079411-bf53-4f86-9238-f5a7ed396502/name'
01:58:57.928 [Forwarding getElementTagName on session d27d266a99b92de43607d8a5efa436bc to remote] DEBUG org.asynchttpclient.netty.request.NettyRequestSender - Using open Channel [id: 0x89c80a23, L:/127.0.0.1:55986 - R:localhost/127.0.0.1:63117] for GET '/session/d27d266a99b92de43607d8a5efa436bc/element/a4079411-bf53-4f86-9238-f5a7ed396502/name'
01:58:57.931 [AsyncHttpClient-1-8] DEBUG org.asynchttpclient.netty.handler.HttpHandler - 

Request DefaultFullHttpRequest(decodeResult: success, version: HTTP/1.1, content: EmptyByteBufBE)
GET /session/d27d266a99b92de43607d8a5efa436bc/element/a4079411-bf53-4f86-9238-f5a7ed396502/name HTTP/1.1
User-Agent: selenium/4.1.2 (java windows)
Cache-Control: no-cache
Content-Type: application/json; charset=utf-8
host: localhost:63117
accept: */*

Response DefaultHttpResponse(decodeResult: success, version: HTTP/1.1)
HTTP/1.1 200 OK
Content-Type: application/json; charset=utf-8
cache-control: no-cache
content-length: 18

01:58:57.932 [AsyncHttpClient-1-8] DEBUG org.asynchttpclient.netty.channel.ChannelManager - Adding key: http://localhost:63117 for channel [id: 0x89c80a23, L:/127.0.0.1:55986 - R:localhost/127.0.0.1:63117]
01:58:57.933 [Forwarding isElementEnabled on session d27d266a99b92de43607d8a5efa436bc to remote] DEBUG org.asynchttpclient.netty.request.NettyRequestSender - Using pooled Channel '[id: 0x89c80a23, L:/127.0.0.1:55986 - R:localhost/127.0.0.1:63117]' for 'GET' to 'http://localhost:63117/session/d27d266a99b92de43607d8a5efa436bc/element/a4079411-bf53-4f86-9238-f5a7ed396502/enabled'
01:58:57.933 [Forwarding isElementEnabled on session d27d266a99b92de43607d8a5efa436bc to remote] DEBUG org.asynchttpclient.netty.request.NettyRequestSender - Using open Channel [id: 0x89c80a23, L:/127.0.0.1:55986 - R:localhost/127.0.0.1:63117] for GET '/session/d27d266a99b92de43607d8a5efa436bc/element/a4079411-bf53-4f86-9238-f5a7ed396502/enabled'
01:58:57.944 [AsyncHttpClient-1-8] DEBUG org.asynchttpclient.netty.handler.HttpHandler - 

Request DefaultFullHttpRequest(decodeResult: success, version: HTTP/1.1, content: EmptyByteBufBE)
GET /session/d27d266a99b92de43607d8a5efa436bc/element/a4079411-bf53-4f86-9238-f5a7ed396502/enabled HTTP/1.1
User-Agent: selenium/4.1.2 (java windows)
Cache-Control: no-cache
Content-Type: application/json; charset=utf-8
host: localhost:63117
accept: */*

Response DefaultHttpResponse(decodeResult: success, version: HTTP/1.1)
HTTP/1.1 200 OK
Content-Type: application/json; charset=utf-8
cache-control: no-cache
content-length: 14

01:58:57.944 [AsyncHttpClient-1-8] DEBUG org.asynchttpclient.netty.channel.ChannelManager - Adding key: http://localhost:63117 for channel [id: 0x89c80a23, L:/127.0.0.1:55986 - R:localhost/127.0.0.1:63117]
01:58:57.945 [Forwarding isElementEnabled on session d27d266a99b92de43607d8a5efa436bc to remote] DEBUG org.asynchttpclient.netty.request.NettyRequestSender - Using pooled Channel '[id: 0x89c80a23, L:/127.0.0.1:55986 - R:localhost/127.0.0.1:63117]' for 'GET' to 'http://localhost:63117/session/d27d266a99b92de43607d8a5efa436bc/element/a4079411-bf53-4f86-9238-f5a7ed396502/enabled'
01:58:57.945 [Forwarding isElementEnabled on session d27d266a99b92de43607d8a5efa436bc to remote] DEBUG org.asynchttpclient.netty.request.NettyRequestSender - Using open Channel [id: 0x89c80a23, L:/127.0.0.1:55986 - R:localhost/127.0.0.1:63117] for GET '/session/d27d266a99b92de43607d8a5efa436bc/element/a4079411-bf53-4f86-9238-f5a7ed396502/enabled'
01:58:57.953 [AsyncHttpClient-1-8] DEBUG org.asynchttpclient.netty.handler.HttpHandler - 

Request DefaultFullHttpRequest(decodeResult: success, version: HTTP/1.1, content: EmptyByteBufBE)
GET /session/d27d266a99b92de43607d8a5efa436bc/element/a4079411-bf53-4f86-9238-f5a7ed396502/enabled HTTP/1.1
User-Agent: selenium/4.1.2 (java windows)
Cache-Control: no-cache
Content-Type: application/json; charset=utf-8
host: localhost:63117
accept: */*

Response DefaultHttpResponse(decodeResult: success, version: HTTP/1.1)
HTTP/1.1 200 OK
Content-Type: application/json; charset=utf-8
cache-control: no-cache
content-length: 14

01:58:57.953 [AsyncHttpClient-1-8] DEBUG org.asynchttpclient.netty.channel.ChannelManager - Adding key: http://localhost:63117 for channel [id: 0x89c80a23, L:/127.0.0.1:55986 - R:localhost/127.0.0.1:63117]
01:58:57.955 [Forwarding findElement on session d27d266a99b92de43607d8a5efa436bc to remote] DEBUG org.asynchttpclient.netty.request.NettyRequestSender - Using pooled Channel '[id: 0x89c80a23, L:/127.0.0.1:55986 - R:localhost/127.0.0.1:63117]' for 'POST' to 'http://localhost:63117/session/d27d266a99b92de43607d8a5efa436bc/element'
01:58:57.955 [Forwarding findElement on session d27d266a99b92de43607d8a5efa436bc to remote] DEBUG org.asynchttpclient.netty.request.NettyRequestSender - Using open Channel [id: 0x89c80a23, L:/127.0.0.1:55986 - R:localhost/127.0.0.1:63117] for POST '/session/d27d266a99b92de43607d8a5efa436bc/element'
01:58:57.963 [AsyncHttpClient-1-8] DEBUG org.asynchttpclient.netty.handler.HttpHandler - 

Request DefaultHttpRequest(decodeResult: success, version: HTTP/1.1)
POST /session/d27d266a99b92de43607d8a5efa436bc/element HTTP/1.1
User-Agent: selenium/4.1.2 (java windows)
Content-Length: 155
Content-Type: application/json; charset=utf-8
host: localhost:63117
accept: */*

Response DefaultHttpResponse(decodeResult: success, version: HTTP/1.1)
HTTP/1.1 200 OK
Content-Type: application/json; charset=utf-8
cache-control: no-cache
content-length: 88

01:58:57.963 [AsyncHttpClient-1-8] DEBUG org.asynchttpclient.netty.channel.ChannelManager - Adding key: http://localhost:63117 for channel [id: 0x89c80a23, L:/127.0.0.1:55986 - R:localhost/127.0.0.1:63117]
01:58:57.965 [Forwarding clickElement on session d27d266a99b92de43607d8a5efa436bc to remote] DEBUG org.asynchttpclient.netty.request.NettyRequestSender - Using pooled Channel '[id: 0x89c80a23, L:/127.0.0.1:55986 - R:localhost/127.0.0.1:63117]' for 'POST' to 'http://localhost:63117/session/d27d266a99b92de43607d8a5efa436bc/element/a4079411-bf53-4f86-9238-f5a7ed396502/click'
01:58:57.965 [Forwarding clickElement on session d27d266a99b92de43607d8a5efa436bc to remote] DEBUG org.asynchttpclient.netty.request.NettyRequestSender - Using open Channel [id: 0x89c80a23, L:/127.0.0.1:55986 - R:localhost/127.0.0.1:63117] for POST '/session/d27d266a99b92de43607d8a5efa436bc/element/a4079411-bf53-4f86-9238-f5a7ed396502/click'
01:58:58.000 [AsyncHttpClient-1-8] DEBUG org.asynchttpclient.netty.handler.HttpHandler - 

Request DefaultHttpRequest(decodeResult: success, version: HTTP/1.1)
POST /session/d27d266a99b92de43607d8a5efa436bc/element/a4079411-bf53-4f86-9238-f5a7ed396502/click HTTP/1.1
User-Agent: selenium/4.1.2 (java windows)
Content-Length: 50
Content-Type: application/json; charset=utf-8
host: localhost:63117
accept: */*

Response DefaultHttpResponse(decodeResult: success, version: HTTP/1.1)
HTTP/1.1 200 OK
Content-Type: application/json; charset=utf-8
cache-control: no-cache
content-length: 14

01:58:58.000 [AsyncHttpClient-1-8] DEBUG org.asynchttpclient.netty.channel.ChannelManager - Adding key: http://localhost:63117 for channel [id: 0x89c80a23, L:/127.0.0.1:55986 - R:localhost/127.0.0.1:63117]
01:58:58.003 [Forwarding screenshot on session d27d266a99b92de43607d8a5efa436bc to remote] DEBUG org.asynchttpclient.netty.request.NettyRequestSender - Using pooled Channel '[id: 0x89c80a23, L:/127.0.0.1:55986 - R:localhost/127.0.0.1:63117]' for 'GET' to 'http://localhost:63117/session/d27d266a99b92de43607d8a5efa436bc/screenshot'
01:58:58.003 [Forwarding screenshot on session d27d266a99b92de43607d8a5efa436bc to remote] DEBUG org.asynchttpclient.netty.request.NettyRequestSender - Using open Channel [id: 0x89c80a23, L:/127.0.0.1:55986 - R:localhost/127.0.0.1:63117] for GET '/session/d27d266a99b92de43607d8a5efa436bc/screenshot'
01:58:58.109 [AsyncHttpClient-1-8] DEBUG org.asynchttpclient.netty.handler.HttpHandler - 

Request DefaultFullHttpRequest(decodeResult: success, version: HTTP/1.1, content: EmptyByteBufBE)
GET /session/d27d266a99b92de43607d8a5efa436bc/screenshot HTTP/1.1
User-Agent: selenium/4.1.2 (java windows)
Cache-Control: no-cache
Content-Type: application/json; charset=utf-8
host: localhost:63117
accept: */*

Response DefaultHttpResponse(decodeResult: success, version: HTTP/1.1)
HTTP/1.1 200 OK
Content-Type: application/json; charset=utf-8
cache-control: no-cache
content-length: 40028

01:58:58.110 [AsyncHttpClient-1-8] DEBUG org.asynchttpclient.netty.channel.ChannelManager - Adding key: http://localhost:63117 for channel [id: 0x89c80a23, L:/127.0.0.1:55986 - R:localhost/127.0.0.1:63117]
01:58:58.113 [main] DEBUG net.serenitybdd.core.photography.Darkroom - Send negative for processing for target\site\serenity\a1e96c54ea37a93be34558ea5be1eab0f7e43c4790390a1b172e24c30da8d800.png
01:58:58.113 [main] DEBUG net.thucydides.core.steps.StepInterceptor - STEP DONE: clickLoginButton
  &amp#27;[32mAnd &amp#27;[0m&amp#27;[32mI click on login button&amp#27;[0m                         &amp#27;[90m# starter.stepdefinitions.LoginSteps.clickLoginButton()&amp#27;[0m
01:58:58.114 [Darkroom Processing Line] DEBUG net.serenitybdd.core.photography.DarkroomProcessingLine - Processing screenshot image in /var/screenshots/screenshot-16578375051585285207
01:58:58.114 [Darkroom Processing Line] DEBUG net.serenitybdd.core.photography.DarkroomProcessingLine - Saving screenshot to target\site\serenity\a1e96c54ea37a93be34558ea5be1eab0f7e43c4790390a1b172e24c30da8d800.png
01:58:58.126 [main] DEBUG net.thucydides.core.steps.StepInterceptor - STARTING STEP: LoginSteps.stillOnTheLoginPage - loginPage
01:58:58.129 [Forwarding get on session d27d266a99b92de43607d8a5efa436bc to remote] DEBUG org.asynchttpclient.netty.request.NettyRequestSender - Using pooled Channel '[id: 0x89c80a23, L:/127.0.0.1:55986 - R:localhost/127.0.0.1:63117]' for 'POST' to 'http://localhost:63117/session/d27d266a99b92de43607d8a5efa436bc/url'
01:58:58.129 [Forwarding get on session d27d266a99b92de43607d8a5efa436bc to remote] DEBUG org.asynchttpclient.netty.request.NettyRequestSender - Using open Channel [id: 0x89c80a23, L:/127.0.0.1:55986 - R:localhost/127.0.0.1:63117] for POST '/session/d27d266a99b92de43607d8a5efa436bc/url'
01:58:58.236 [AsyncHttpClient-1-8] DEBUG org.asynchttpclient.netty.handler.HttpHandler - 

Request DefaultHttpRequest(decodeResult: success, version: HTTP/1.1)
POST /session/d27d266a99b92de43607d8a5efa436bc/url HTTP/1.1
User-Agent: selenium/4.1.2 (java windows)
Content-Length: 64
Content-Type: application/json; charset=utf-8
host: localhost:63117
accept: */*

Response DefaultHttpResponse(decodeResult: success, version: HTTP/1.1)
HTTP/1.1 200 OK
Content-Type: application/json; charset=utf-8
cache-control: no-cache
content-length: 14

01:58:58.236 [AsyncHttpClient-1-8] DEBUG org.asynchttpclient.netty.channel.ChannelManager - Adding key: http://localhost:63117 for channel [id: 0x89c80a23, L:/127.0.0.1:55986 - R:localhost/127.0.0.1:63117]
01:58:58.239 [Forwarding getCurrentUrl on session d27d266a99b92de43607d8a5efa436bc to remote] DEBUG org.asynchttpclient.netty.request.NettyRequestSender - Using pooled Channel '[id: 0x89c80a23, L:/127.0.0.1:55986 - R:localhost/127.0.0.1:63117]' for 'GET' to 'http://localhost:63117/session/d27d266a99b92de43607d8a5efa436bc/url'
01:58:58.239 [Forwarding getCurrentUrl on session d27d266a99b92de43607d8a5efa436bc to remote] DEBUG org.asynchttpclient.netty.request.NettyRequestSender - Using open Channel [id: 0x89c80a23, L:/127.0.0.1:55986 - R:localhost/127.0.0.1:63117] for GET '/session/d27d266a99b92de43607d8a5efa436bc/url'
01:58:58.242 [AsyncHttpClient-1-8] DEBUG org.asynchttpclient.netty.handler.HttpHandler - 

Request DefaultFullHttpRequest(decodeResult: success, version: HTTP/1.1, content: EmptyByteBufBE)
GET /session/d27d266a99b92de43607d8a5efa436bc/url HTTP/1.1
User-Agent: selenium/4.1.2 (java windows)
Cache-Control: no-cache
Content-Type: application/json; charset=utf-8
host: localhost:63117
accept: */*

Response DefaultHttpResponse(decodeResult: success, version: HTTP/1.1)
HTTP/1.1 200 OK
Content-Type: application/json; charset=utf-8
cache-control: no-cache
content-length: 41

01:58:58.243 [AsyncHttpClient-1-8] DEBUG org.asynchttpclient.netty.channel.ChannelManager - Adding key: http://localhost:63117 for channel [id: 0x89c80a23, L:/127.0.0.1:55986 - R:localhost/127.0.0.1:63117]
01:58:58.245 [Forwarding screenshot on session d27d266a99b92de43607d8a5efa436bc to remote] DEBUG org.asynchttpclient.netty.request.NettyRequestSender - Using pooled Channel '[id: 0x89c80a23, L:/127.0.0.1:55986 - R:localhost/127.0.0.1:63117]' for 'GET' to 'http://localhost:63117/session/d27d266a99b92de43607d8a5efa436bc/screenshot'
01:58:58.245 [Forwarding screenshot on session d27d266a99b92de43607d8a5efa436bc to remote] DEBUG org.asynchttpclient.netty.request.NettyRequestSender - Using open Channel [id: 0x89c80a23, L:/127.0.0.1:55986 - R:localhost/127.0.0.1:63117] for GET '/session/d27d266a99b92de43607d8a5efa436bc/screenshot'
01:58:58.305 [AsyncHttpClient-1-8] DEBUG org.asynchttpclient.netty.handler.HttpHandler - 

Request DefaultFullHttpRequest(decodeResult: success, version: HTTP/1.1, content: EmptyByteBufBE)
GET /session/d27d266a99b92de43607d8a5efa436bc/screenshot HTTP/1.1
User-Agent: selenium/4.1.2 (java windows)
Cache-Control: no-cache
Content-Type: application/json; charset=utf-8
host: localhost:63117
accept: */*

Response DefaultHttpResponse(decodeResult: success, version: HTTP/1.1)
HTTP/1.1 200 OK
Content-Type: application/json; charset=utf-8
cache-control: no-cache
content-length: 32164

01:58:58.306 [AsyncHttpClient-1-8] DEBUG org.asynchttpclient.netty.channel.ChannelManager - Adding key: http://localhost:63117 for channel [id: 0x89c80a23, L:/127.0.0.1:55986 - R:localhost/127.0.0.1:63117]
01:58:58.307 [main] DEBUG net.serenitybdd.core.photography.Darkroom - Send negative for processing for target\site\serenity\82e28b7fdb8d224e1fb8059922aa83f4511b7c3f8f27260736b3f72e18c817f9.png
01:58:58.307 [main] DEBUG net.thucydides.core.steps.StepInterceptor - STEP DONE: loginPage
01:58:58.307 [Darkroom Processing Line] DEBUG net.serenitybdd.core.photography.DarkroomProcessingLine - Processing screenshot image in /var/screenshots/screenshot-13298192311558312812
01:58:58.309 [Darkroom Processing Line] DEBUG net.serenitybdd.core.photography.DarkroomProcessingLine - Saving screenshot to target\site\serenity\82e28b7fdb8d224e1fb8059922aa83f4511b7c3f8f27260736b3f72e18c817f9.png
01:58:58.312 [main] DEBUG net.thucydides.core.steps.StepInterceptor - STARTING STEP: LoginSteps.stillOnTheLoginPage - validateStillOnLoginPage
01:58:58.313 [Forwarding findElement on session d27d266a99b92de43607d8a5efa436bc to remote] DEBUG org.asynchttpclient.netty.request.NettyRequestSender - Using pooled Channel '[id: 0x89c80a23, L:/127.0.0.1:55986 - R:localhost/127.0.0.1:63117]' for 'POST' to 'http://localhost:63117/session/d27d266a99b92de43607d8a5efa436bc/element'
01:58:58.313 [Forwarding findElement on session d27d266a99b92de43607d8a5efa436bc to remote] DEBUG org.asynchttpclient.netty.request.NettyRequestSender - Using open Channel [id: 0x89c80a23, L:/127.0.0.1:55986 - R:localhost/127.0.0.1:63117] for POST '/session/d27d266a99b92de43607d8a5efa436bc/element'
01:58:58.319 [AsyncHttpClient-1-8] DEBUG org.asynchttpclient.netty.handler.HttpHandler - 

Request DefaultHttpRequest(decodeResult: success, version: HTTP/1.1)
POST /session/d27d266a99b92de43607d8a5efa436bc/element HTTP/1.1
User-Agent: selenium/4.1.2 (java windows)
Content-Length: 155
Content-Type: application/json; charset=utf-8
host: localhost:63117
accept: */*

Response DefaultHttpResponse(decodeResult: success, version: HTTP/1.1)
HTTP/1.1 200 OK
Content-Type: application/json; charset=utf-8
cache-control: no-cache
content-length: 88

01:58:58.319 [AsyncHttpClient-1-8] DEBUG org.asynchttpclient.netty.channel.ChannelManager - Adding key: http://localhost:63117 for channel [id: 0x89c80a23, L:/127.0.0.1:55986 - R:localhost/127.0.0.1:63117]
01:58:58.321 [Forwarding isElementDisplayed on session d27d266a99b92de43607d8a5efa436bc to remote] DEBUG org.asynchttpclient.netty.request.NettyRequestSender - Using pooled Channel '[id: 0x89c80a23, L:/127.0.0.1:55986 - R:localhost/127.0.0.1:63117]' for 'POST' to 'http://localhost:63117/session/d27d266a99b92de43607d8a5efa436bc/execute/sync'
01:58:58.321 [Forwarding isElementDisplayed on session d27d266a99b92de43607d8a5efa436bc to remote] DEBUG org.asynchttpclient.netty.request.NettyRequestSender - Using open Channel [id: 0x89c80a23, L:/127.0.0.1:55986 - R:localhost/127.0.0.1:63117] for POST '/session/d27d266a99b92de43607d8a5efa436bc/execute/sync'
01:58:58.329 [AsyncHttpClient-1-8] DEBUG org.asynchttpclient.netty.handler.HttpHandler - 

Request DefaultHttpRequest(decodeResult: success, version: HTTP/1.1)
POST /session/d27d266a99b92de43607d8a5efa436bc/execute/sync HTTP/1.1
User-Agent: selenium/4.1.2 (java windows)
Content-Length: 48780
Content-Type: application/json; charset=utf-8
host: localhost:63117
accept: */*

Response DefaultHttpResponse(decodeResult: success, version: HTTP/1.1)
HTTP/1.1 200 OK
Content-Type: application/json; charset=utf-8
cache-control: no-cache
content-length: 14

01:58:58.329 [AsyncHttpClient-1-8] DEBUG org.asynchttpclient.netty.channel.ChannelManager - Adding key: http://localhost:63117 for channel [id: 0x89c80a23, L:/127.0.0.1:55986 - R:localhost/127.0.0.1:63117]
01:58:58.332 [main] DEBUG net.thucydides.core.steps.StepInterceptor - STEP DONE: validateStillOnLoginPage
  &amp#27;[32mThen &amp#27;[0m&amp#27;[32mI am still on the login page&amp#27;[0m                   &amp#27;[90m# starter.stepdefinitions.LoginSteps.stillOnTheLoginPage()&amp#27;[0m
01:58:58.334 [main] INFO  - 
  _____   ___   ___   _____     ___     _     ___   ___   ___   ___  
 |_   _| | __| / __| |_   _|   | _ \   /_\   / __| / __| | __| |   \ 
   | |   | _|  \__ \   | |     |  _/  / _ \  \__ \ \__ \ | _|  | |) |
   |_|   |___| |___/   |_|     |_|   /_/ \_\ |___/ |___/ |___| |___/ 

Login with invalid email and valid password
----------------------------------------------------------------------
01:58:58.335 [AsyncHttpClient-1-10] DEBUG org.asynchttpclient.netty.handler.WebSocketHandler - Channel Closed: [id: 0x8eca300a, L:/127.0.0.1:55994 ! R:localhost/127.0.0.1:55987] with attribute NettyResponseFuture{currentRetry=5,
	isDone=1,
	isCancelled=0,
	asyncHandler=org.asynchttpclient.ws.WebSocketUpgradeHandler@3a183814,
	nettyRequest=org.asynchttpclient.netty.request.NettyRequest@7f1ab133,
	future=java.util.concurrent.CompletableFuture@4dd3b6c7[Completed normally],
	uri=ws://localhost:55987/devtools/browser/d917664e-2251-4f93-ae2f-0f7fac7f5c62,
	keepAlive=true,
	redirectCount=0,
	timeoutsHolder=null,
	inAuth=0,
	touch=1652554736219}
01:58:58.336 [AsyncHttpClient-1-10] DEBUG org.asynchttpclient.netty.channel.ChannelManager - Closing Channel [id: 0x8eca300a, L:/127.0.0.1:55994 ! R:localhost/127.0.0.1:55987] 
01:58:58.336 [Driver Command Executor] DEBUG org.asynchttpclient.netty.request.NettyRequestSender - Using pooled Channel '[id: 0x89c80a23, L:/127.0.0.1:55986 - R:localhost/127.0.0.1:63117]' for 'DELETE' to 'http://localhost:63117/session/d27d266a99b92de43607d8a5efa436bc'
01:58:58.336 [Driver Command Executor] DEBUG org.asynchttpclient.netty.request.NettyRequestSender - Using open Channel [id: 0x89c80a23, L:/127.0.0.1:55986 - R:localhost/127.0.0.1:63117] for DELETE '/session/d27d266a99b92de43607d8a5efa436bc'
01:58:58.362 [AsyncHttpClient-1-9] DEBUG org.asynchttpclient.netty.handler.HttpHandler - Unexpected I/O exception on channel [id: 0xcec6da31, L:/127.0.0.1:55993 - R:localhost/127.0.0.1:55987]
java.io.IOException: An existing connection was forcibly closed by the remote host
	at java.base/sun.nio.ch.SocketDispatcher.read0(Native Method)
	at java.base/sun.nio.ch.SocketDispatcher.read(SocketDispatcher.java:43)
	at java.base/sun.nio.ch.IOUtil.readIntoNativeBuffer(IOUtil.java:276)
	at java.base/sun.nio.ch.IOUtil.read(IOUtil.java:233)
	at java.base/sun.nio.ch.IOUtil.read(IOUtil.java:223)
	at java.base/sun.nio.ch.SocketChannelImpl.read(SocketChannelImpl.java:358)
	at io.netty.buffer.PooledByteBuf.setBytes(PooledByteBuf.java:258)
	at io.netty.buffer.AbstractByteBuf.writeBytes(AbstractByteBuf.java:1132)
	at io.netty.channel.socket.nio.NioSocketChannel.doReadBytes(NioSocketChannel.java:350)
	at io.netty.channel.nio.AbstractNioByteChannel$NioByteUnsafe.read(AbstractNioByteChannel.java:151)
	at io.netty.channel.nio.NioEventLoop.processSelectedKey(NioEventLoop.java:722)
	at io.netty.channel.nio.NioEventLoop.processSelectedKeysOptimized(NioEventLoop.java:658)
	at io.netty.channel.nio.NioEventLoop.processSelectedKeys(NioEventLoop.java:584)
	at io.netty.channel.nio.NioEventLoop.run(NioEventLoop.java:496)
	at io.netty.util.concurrent.SingleThreadEventExecutor$4.run(SingleThreadEventExecutor.java:986)
	at io.netty.util.internal.ThreadExecutorMap$2.run(ThreadExecutorMap.java:74)
	at io.netty.util.concurrent.FastThreadLocalRunnable.run(FastThreadLocalRunnable.java:30)
	at java.base/java.lang.Thread.run(Thread.java:834)
01:58:58.363 [AsyncHttpClient-1-9] DEBUG org.asynchttpclient.netty.channel.ChannelManager - Closing Channel [id: 0xcec6da31, L:/127.0.0.1:55993 - R:localhost/127.0.0.1:55987] 
01:58:58.363 [AsyncHttpClient-1-9] DEBUG org.asynchttpclient.netty.handler.HttpHandler - Channel Closed: [id: 0xcec6da31, L:/127.0.0.1:55993 ! R:localhost/127.0.0.1:55987] with attribute DISCARD
01:58:58.373 [AsyncHttpClient-1-8] DEBUG org.asynchttpclient.netty.handler.HttpHandler - 

Request DefaultFullHttpRequest(decodeResult: success, version: HTTP/1.1, content: EmptyByteBufBE)
DELETE /session/d27d266a99b92de43607d8a5efa436bc HTTP/1.1
User-Agent: selenium/4.1.2 (java windows)
Content-Type: application/json; charset=utf-8
host: localhost:63117
accept: */*

Response DefaultHttpResponse(decodeResult: success, version: HTTP/1.1)
HTTP/1.1 200 OK
Content-Type: application/json; charset=utf-8
cache-control: no-cache
content-length: 14

01:58:58.373 [AsyncHttpClient-1-8] DEBUG org.asynchttpclient.netty.channel.ChannelManager - Adding key: http://localhost:63117 for channel [id: 0x89c80a23, L:/127.0.0.1:55986 - R:localhost/127.0.0.1:63117]
01:58:58.431 [AsyncHttpClient-1-8] DEBUG org.asynchttpclient.netty.handler.HttpHandler - Channel Closed: [id: 0x89c80a23, L:/127.0.0.1:55986 ! R:localhost/127.0.0.1:63117] with attribute DISCARD
01:58:58.562 [AsyncHttpClient-1-1] DEBUG org.asynchttpclient.netty.channel.DefaultChannelPool - Entry count for : http://localhost:55987 : 1
01:58:58.562 [AsyncHttpClient-1-1] DEBUG org.asynchttpclient.netty.channel.DefaultChannelPool - Entry count for : http://localhost:63117 : 1
01:58:58.562 [AsyncHttpClient-1-1] DEBUG org.asynchttpclient.netty.channel.DefaultChannelPool - Adding Candidate expired Channel [id: 0xcec6da31, L:/127.0.0.1:55993 ! R:localhost/127.0.0.1:55987] isIdleTimeoutExpired=false isRemotelyClosed=true isTtlExpired=false
01:58:58.562 [AsyncHttpClient-1-1] DEBUG org.asynchttpclient.netty.channel.DefaultChannelPool - Closing Idle Channel [id: 0xcec6da31, L:/127.0.0.1:55993 ! R:localhost/127.0.0.1:55987]
01:58:58.562 [AsyncHttpClient-1-1] DEBUG org.asynchttpclient.netty.channel.DefaultChannelPool - Adding Candidate expired Channel [id: 0x89c80a23, L:/127.0.0.1:55986 ! R:localhost/127.0.0.1:63117] isIdleTimeoutExpired=false isRemotelyClosed=true isTtlExpired=false
01:58:58.562 [AsyncHttpClient-1-1] DEBUG org.asynchttpclient.netty.channel.DefaultChannelPool - Closing Idle Channel [id: 0x89c80a23, L:/127.0.0.1:55986 ! R:localhost/127.0.0.1:63117]
01:58:58.562 [AsyncHttpClient-1-1] DEBUG org.asynchttpclient.netty.channel.DefaultChannelPool - Closed 2 connections out of 2 in 0 ms
]]></system-out>
    <system-err><![CDATA[Starting ChromeDriver 101.0.4951.41 (93c720db8323b3ec10d056025ab95c23a31997c9-refs/branch-heads/4951@{#904}) on port 63117
Only local connections are allowed.
Please see https://chromedriver.chromium.org/security-considerations for suggestions on keeping ChromeDriver safe.
ChromeDriver was started successfully.
May 15, 2022 1:58:56 AM org.openqa.selenium.remote.ProtocolHandshake createSession
INFO: Detected dialect: W3C
May 15, 2022 1:58:56 AM org.openqa.selenium.devtools.CdpVersionFinder findNearestMatch
WARNING: Unable to find an exact match for CDP version 101, so returning the closest version found: 97
May 15, 2022 1:58:56 AM org.openqa.selenium.devtools.CdpVersionFinder findNearestMatch
INFO: Found CDP implementation for version 101 of 97
]]></system-err>
  </testcase>
  <testcase name="Login with invalid email and password" classname="Login" time="3.891">
    <system-out><![CDATA[
Scenario: Login with invalid email and password &amp#27;[90m# src/test/resources/features/Login.feature:25&amp#27;[0m
01:58:58.968 [main] INFO io.cucumber.core.plugin.SerenityReporter - Running feature from file:///D:/Intern/MSIB%20Alterra/alterra-mini-project/Serenity%20UI%20Test/src/test/resources/features/Login.feature
01:58:58.969 [main] INFO  - 
  _____   ___   ___   _____     ___   _____     _     ___   _____   ___   ___  
 |_   _| | __| / __| |_   _|   / __| |_   _|   /_\   | _ \ |_   _| | __| |   \ 
   | |   | _|  \__ \   | |     \__ \   | |    / _ \  |   /   | |   | _|  | |) |
   |_|   |___| |___/   |_|     |___/   |_|   /_/ \_\ |_|_\   |_|   |___| |___/ 

Login with invalid email and password(login;login-with-invalid-email-and-password)
--------------------------------------------------------------------------------
01:58:58.984 [main] DEBUG net.thucydides.core.steps.StepInterceptor - STARTING STEP: LoginSteps.onTheLoginPage - loginPage
01:58:58.984 [main] INFO net.serenitybdd.core.webdriver.driverproviders.ChromeDriverProvider - Using automatically driver download
01:58:59.059 [main] DEBUG io.github.bonigarcia.wdm.cache.ResolutionCache - Resolution chrome=101 in cache (valid until 02:58:38 15/05/2022 ICT)
01:58:59.061 [main] DEBUG io.github.bonigarcia.wdm.cache.ResolutionCache - Resolution chrome101=101.0.4951.41 in cache (valid until 14:15:13 15/05/2022 ICT)
01:58:59.062 [main] INFO io.github.bonigarcia.wdm.WebDriverManager - Using chromedriver 101.0.4951.41 (resolved driver for Chrome 101)
01:58:59.068 [main] DEBUG io.github.bonigarcia.wdm.WebDriverManager - Driver chromedriver 101.0.4951.41 found in cache
01:58:59.068 [main] INFO io.github.bonigarcia.wdm.WebDriverManager - Exporting webdriver.chrome.driver as C:\Users\saral\.cache\selenium\chromedriver\win32\101.0.4951.41\chromedriver.exe
01:58:59.140 [main] DEBUG net.serenitybdd.core.webdriver.driverproviders.ProvideNewDriver - Instantiating driver
01:58:59.140 [main] DEBUG net.serenitybdd.core.webdriver.driverproviders.ProvideNewDriver - Driver capabilities: Capabilities {acceptInsecureCerts: false, base.url: https://qa.alta.id/, browserName: chrome, chrome.driver: src/main/resources/webdrive..., driver: chrome, goog:chromeOptions: {args: [], extensions: []}}
01:58:59.673 [AsyncHttpClient-1-11] DEBUG org.asynchttpclient.netty.channel.NettyConnectListener - Using new Channel '[id: 0x8269edba, L:/127.0.0.1:56020 - R:localhost/127.0.0.1:60090]' for 'POST' to '/session'
01:59:00.146 [AsyncHttpClient-1-11] DEBUG org.asynchttpclient.netty.handler.HttpHandler - 

Request DefaultHttpRequest(decodeResult: success, version: HTTP/1.1)
POST /session HTTP/1.1
User-Agent: selenium/4.1.2 (java windows)
Content-Length: 605
Content-Type: application/json; charset=utf-8
host: localhost:60090
accept: */*

Response DefaultHttpResponse(decodeResult: success, version: HTTP/1.1)
HTTP/1.1 200 OK
Content-Type: application/json; charset=utf-8
cache-control: no-cache
content-length: 789

01:59:00.146 [AsyncHttpClient-1-11] DEBUG org.asynchttpclient.netty.channel.ChannelManager - Adding key: http://localhost:60090 for channel [id: 0x8269edba, L:/127.0.0.1:56020 - R:localhost/127.0.0.1:60090]
01:59:00.157 [AsyncHttpClient-1-12] DEBUG org.asynchttpclient.netty.channel.NettyConnectListener - Using new Channel '[id: 0x84dc055c, L:/127.0.0.1:56027 - R:localhost/127.0.0.1:56021]' for 'GET' to '/json/version'
01:59:00.161 [AsyncHttpClient-1-12] DEBUG org.asynchttpclient.netty.handler.HttpHandler - 

Request DefaultFullHttpRequest(decodeResult: success, version: HTTP/1.1, content: EmptyByteBufBE)
GET /json/version HTTP/1.1
User-Agent: selenium/4.1.2 (java windows)
host: localhost:56021
accept: */*

Response DefaultHttpResponse(decodeResult: success, version: HTTP/1.1)
HTTP/1.1 200 OK
Content-Type: application/json; charset=UTF-8
content-length: 427

01:59:00.161 [AsyncHttpClient-1-12] DEBUG org.asynchttpclient.netty.channel.ChannelManager - Adding key: http://localhost:56021 for channel [id: 0x84dc055c, L:/127.0.0.1:56027 - R:localhost/127.0.0.1:56021]
01:59:00.163 [AsyncHttpClient-1-13] DEBUG org.asynchttpclient.netty.channel.NettyConnectListener - Using new Channel '[id: 0x31156b4e, L:/127.0.0.1:56028 - R:localhost/127.0.0.1:56021]' for 'GET' to '/devtools/browser/b0200595-059b-4ad3-a374-1218752cb353'
01:59:00.167 [AsyncHttpClient-1-13] DEBUG org.asynchttpclient.netty.handler.WebSocketHandler - 

Request DefaultFullHttpRequest(decodeResult: success, version: HTTP/1.1, content: EmptyByteBufBE)
GET /devtools/browser/b0200595-059b-4ad3-a374-1218752cb353 HTTP/1.1
upgrade: websocket
connection: upgrade
sec-websocket-key: pcxiGpI8KwPLn+QH936jzA==
sec-websocket-version: 13
origin: http://localhost:56021
host: localhost:56021
accept: */*
user-agent: AHC/2.1

Response DefaultHttpResponse(decodeResult: success, version: HTTP/1.1)
HTTP/1.1 101 WebSocket Protocol Handshake
Upgrade: WebSocket
Connection: Upgrade
Sec-WebSocket-Accept: cvl4V0OnX6zYcY3MBNeAskVn6R8=

01:59:00.171 [Forwarding get on session e12eb85bfbe4aa9d9a25d89245cbe37e to remote] DEBUG org.asynchttpclient.netty.request.NettyRequestSender - Using pooled Channel '[id: 0x8269edba, L:/127.0.0.1:56020 - R:localhost/127.0.0.1:60090]' for 'POST' to 'http://localhost:60090/session/e12eb85bfbe4aa9d9a25d89245cbe37e/url'
01:59:00.171 [Forwarding get on session e12eb85bfbe4aa9d9a25d89245cbe37e to remote] DEBUG org.asynchttpclient.netty.request.NettyRequestSender - Using open Channel [id: 0x8269edba, L:/127.0.0.1:56020 - R:localhost/127.0.0.1:60090] for POST '/session/e12eb85bfbe4aa9d9a25d89245cbe37e/url'
01:59:00.761 [AsyncHttpClient-1-1] DEBUG org.asynchttpclient.netty.channel.DefaultChannelPool - Entry count for : http://localhost:56021 : 1
01:59:01.322 [AsyncHttpClient-1-11] DEBUG org.asynchttpclient.netty.handler.HttpHandler - 

Request DefaultHttpRequest(decodeResult: success, version: HTTP/1.1)
POST /session/e12eb85bfbe4aa9d9a25d89245cbe37e/url HTTP/1.1
User-Agent: selenium/4.1.2 (java windows)
Content-Length: 64
Content-Type: application/json; charset=utf-8
host: localhost:60090
accept: */*

Response DefaultHttpResponse(decodeResult: success, version: HTTP/1.1)
HTTP/1.1 200 OK
Content-Type: application/json; charset=utf-8
cache-control: no-cache
content-length: 14

01:59:01.322 [AsyncHttpClient-1-11] DEBUG org.asynchttpclient.netty.channel.ChannelManager - Adding key: http://localhost:60090 for channel [id: 0x8269edba, L:/127.0.0.1:56020 - R:localhost/127.0.0.1:60090]
01:59:01.323 [Forwarding setTimeout on session e12eb85bfbe4aa9d9a25d89245cbe37e to remote] DEBUG org.asynchttpclient.netty.request.NettyRequestSender - Using pooled Channel '[id: 0x8269edba, L:/127.0.0.1:56020 - R:localhost/127.0.0.1:60090]' for 'POST' to 'http://localhost:60090/session/e12eb85bfbe4aa9d9a25d89245cbe37e/timeouts'
01:59:01.323 [Forwarding setTimeout on session e12eb85bfbe4aa9d9a25d89245cbe37e to remote] DEBUG org.asynchttpclient.netty.request.NettyRequestSender - Using open Channel [id: 0x8269edba, L:/127.0.0.1:56020 - R:localhost/127.0.0.1:60090] for POST '/session/e12eb85bfbe4aa9d9a25d89245cbe37e/timeouts'
01:59:01.324 [AsyncHttpClient-1-11] DEBUG org.asynchttpclient.netty.handler.HttpHandler - 

Request DefaultHttpRequest(decodeResult: success, version: HTTP/1.1)
POST /session/e12eb85bfbe4aa9d9a25d89245cbe37e/timeouts HTTP/1.1
User-Agent: selenium/4.1.2 (java windows)
Content-Length: 22
Content-Type: application/json; charset=utf-8
host: localhost:60090
accept: */*

Response DefaultHttpResponse(decodeResult: success, version: HTTP/1.1)
HTTP/1.1 200 OK
Content-Type: application/json; charset=utf-8
cache-control: no-cache
content-length: 14

01:59:01.324 [AsyncHttpClient-1-11] DEBUG org.asynchttpclient.netty.channel.ChannelManager - Adding key: http://localhost:60090 for channel [id: 0x8269edba, L:/127.0.0.1:56020 - R:localhost/127.0.0.1:60090]
01:59:01.325 [Forwarding getCurrentUrl on session e12eb85bfbe4aa9d9a25d89245cbe37e to remote] DEBUG org.asynchttpclient.netty.request.NettyRequestSender - Using pooled Channel '[id: 0x8269edba, L:/127.0.0.1:56020 - R:localhost/127.0.0.1:60090]' for 'GET' to 'http://localhost:60090/session/e12eb85bfbe4aa9d9a25d89245cbe37e/url'
01:59:01.325 [Forwarding getCurrentUrl on session e12eb85bfbe4aa9d9a25d89245cbe37e to remote] DEBUG org.asynchttpclient.netty.request.NettyRequestSender - Using open Channel [id: 0x8269edba, L:/127.0.0.1:56020 - R:localhost/127.0.0.1:60090] for GET '/session/e12eb85bfbe4aa9d9a25d89245cbe37e/url'
01:59:01.328 [AsyncHttpClient-1-11] DEBUG org.asynchttpclient.netty.handler.HttpHandler - 

Request DefaultFullHttpRequest(decodeResult: success, version: HTTP/1.1, content: EmptyByteBufBE)
GET /session/e12eb85bfbe4aa9d9a25d89245cbe37e/url HTTP/1.1
User-Agent: selenium/4.1.2 (java windows)
Cache-Control: no-cache
Content-Type: application/json; charset=utf-8
host: localhost:60090
accept: */*

Response DefaultHttpResponse(decodeResult: success, version: HTTP/1.1)
HTTP/1.1 200 OK
Content-Type: application/json; charset=utf-8
cache-control: no-cache
content-length: 41

01:59:01.328 [AsyncHttpClient-1-11] DEBUG org.asynchttpclient.netty.channel.ChannelManager - Adding key: http://localhost:60090 for channel [id: 0x8269edba, L:/127.0.0.1:56020 - R:localhost/127.0.0.1:60090]
01:59:01.331 [Forwarding screenshot on session e12eb85bfbe4aa9d9a25d89245cbe37e to remote] DEBUG org.asynchttpclient.netty.request.NettyRequestSender - Using pooled Channel '[id: 0x8269edba, L:/127.0.0.1:56020 - R:localhost/127.0.0.1:60090]' for 'GET' to 'http://localhost:60090/session/e12eb85bfbe4aa9d9a25d89245cbe37e/screenshot'
01:59:01.331 [Forwarding screenshot on session e12eb85bfbe4aa9d9a25d89245cbe37e to remote] DEBUG org.asynchttpclient.netty.request.NettyRequestSender - Using open Channel [id: 0x8269edba, L:/127.0.0.1:56020 - R:localhost/127.0.0.1:60090] for GET '/session/e12eb85bfbe4aa9d9a25d89245cbe37e/screenshot'
01:59:01.420 [AsyncHttpClient-1-11] DEBUG org.asynchttpclient.netty.handler.HttpHandler - 

Request DefaultFullHttpRequest(decodeResult: success, version: HTTP/1.1, content: EmptyByteBufBE)
GET /session/e12eb85bfbe4aa9d9a25d89245cbe37e/screenshot HTTP/1.1
User-Agent: selenium/4.1.2 (java windows)
Cache-Control: no-cache
Content-Type: application/json; charset=utf-8
host: localhost:60090
accept: */*

Response DefaultHttpResponse(decodeResult: success, version: HTTP/1.1)
HTTP/1.1 200 OK
Content-Type: application/json; charset=utf-8
cache-control: no-cache
content-length: 32192

01:59:01.420 [AsyncHttpClient-1-11] DEBUG org.asynchttpclient.netty.channel.ChannelManager - Adding key: http://localhost:60090 for channel [id: 0x8269edba, L:/127.0.0.1:56020 - R:localhost/127.0.0.1:60090]
01:59:01.421 [main] DEBUG net.serenitybdd.core.photography.Darkroom - Send negative for processing for target\site\serenity\4d98329a65403fb35239499910819cdb6d3d71d823e551da367b9fc52c2ec142.png
01:59:01.421 [main] DEBUG net.thucydides.core.steps.StepInterceptor - STEP DONE: loginPage
01:59:01.425 [main] DEBUG net.thucydides.core.steps.StepInterceptor - STARTING STEP: LoginSteps.onTheLoginPage - validateOnLoginPage
01:59:01.426 [Forwarding findElement on session e12eb85bfbe4aa9d9a25d89245cbe37e to remote] DEBUG org.asynchttpclient.netty.request.NettyRequestSender - Using pooled Channel '[id: 0x8269edba, L:/127.0.0.1:56020 - R:localhost/127.0.0.1:60090]' for 'POST' to 'http://localhost:60090/session/e12eb85bfbe4aa9d9a25d89245cbe37e/element'
01:59:01.426 [Forwarding findElement on session e12eb85bfbe4aa9d9a25d89245cbe37e to remote] DEBUG org.asynchttpclient.netty.request.NettyRequestSender - Using open Channel [id: 0x8269edba, L:/127.0.0.1:56020 - R:localhost/127.0.0.1:60090] for POST '/session/e12eb85bfbe4aa9d9a25d89245cbe37e/element'
01:59:01.433 [AsyncHttpClient-1-11] DEBUG org.asynchttpclient.netty.handler.HttpHandler - 

Request DefaultHttpRequest(decodeResult: success, version: HTTP/1.1)
POST /session/e12eb85bfbe4aa9d9a25d89245cbe37e/element HTTP/1.1
User-Agent: selenium/4.1.2 (java windows)
Content-Length: 155
Content-Type: application/json; charset=utf-8
host: localhost:60090
accept: */*

Response DefaultHttpResponse(decodeResult: success, version: HTTP/1.1)
HTTP/1.1 200 OK
Content-Type: application/json; charset=utf-8
cache-control: no-cache
content-length: 88

01:59:01.433 [AsyncHttpClient-1-11] DEBUG org.asynchttpclient.netty.channel.ChannelManager - Adding key: http://localhost:60090 for channel [id: 0x8269edba, L:/127.0.0.1:56020 - R:localhost/127.0.0.1:60090]
01:59:01.435 [Forwarding isElementDisplayed on session e12eb85bfbe4aa9d9a25d89245cbe37e to remote] DEBUG org.asynchttpclient.netty.request.NettyRequestSender - Using pooled Channel '[id: 0x8269edba, L:/127.0.0.1:56020 - R:localhost/127.0.0.1:60090]' for 'POST' to 'http://localhost:60090/session/e12eb85bfbe4aa9d9a25d89245cbe37e/execute/sync'
01:59:01.435 [Forwarding isElementDisplayed on session e12eb85bfbe4aa9d9a25d89245cbe37e to remote] DEBUG org.asynchttpclient.netty.request.NettyRequestSender - Using open Channel [id: 0x8269edba, L:/127.0.0.1:56020 - R:localhost/127.0.0.1:60090] for POST '/session/e12eb85bfbe4aa9d9a25d89245cbe37e/execute/sync'
01:59:01.445 [AsyncHttpClient-1-11] DEBUG org.asynchttpclient.netty.handler.HttpHandler - 

Request DefaultHttpRequest(decodeResult: success, version: HTTP/1.1)
POST /session/e12eb85bfbe4aa9d9a25d89245cbe37e/execute/sync HTTP/1.1
User-Agent: selenium/4.1.2 (java windows)
Content-Length: 48780
Content-Type: application/json; charset=utf-8
host: localhost:60090
accept: */*

Response DefaultHttpResponse(decodeResult: success, version: HTTP/1.1)
HTTP/1.1 200 OK
Content-Type: application/json; charset=utf-8
cache-control: no-cache
content-length: 14

01:59:01.445 [AsyncHttpClient-1-11] DEBUG org.asynchttpclient.netty.channel.ChannelManager - Adding key: http://localhost:60090 for channel [id: 0x8269edba, L:/127.0.0.1:56020 - R:localhost/127.0.0.1:60090]
01:59:01.447 [main] DEBUG net.thucydides.core.steps.StepInterceptor - STEP DONE: validateOnLoginPage
  &amp#27;[32mGiven &amp#27;[0m&amp#27;[32mI am on the login page&amp#27;[0m                  &amp#27;[90m# starter.stepdefinitions.LoginSteps.onTheLoginPage()&amp#27;[0m
01:59:01.453 [main] DEBUG net.thucydides.core.steps.StepInterceptor - STARTING STEP: LoginSteps.inputInvalidEmail - inputEmail
01:59:01.454 [Forwarding findElement on session e12eb85bfbe4aa9d9a25d89245cbe37e to remote] DEBUG org.asynchttpclient.netty.request.NettyRequestSender - Using pooled Channel '[id: 0x8269edba, L:/127.0.0.1:56020 - R:localhost/127.0.0.1:60090]' for 'POST' to 'http://localhost:60090/session/e12eb85bfbe4aa9d9a25d89245cbe37e/element'
01:59:01.455 [Forwarding findElement on session e12eb85bfbe4aa9d9a25d89245cbe37e to remote] DEBUG org.asynchttpclient.netty.request.NettyRequestSender - Using open Channel [id: 0x8269edba, L:/127.0.0.1:56020 - R:localhost/127.0.0.1:60090] for POST '/session/e12eb85bfbe4aa9d9a25d89245cbe37e/element'
01:59:01.461 [AsyncHttpClient-1-11] DEBUG org.asynchttpclient.netty.handler.HttpHandler - 

Request DefaultHttpRequest(decodeResult: success, version: HTTP/1.1)
POST /session/e12eb85bfbe4aa9d9a25d89245cbe37e/element HTTP/1.1
User-Agent: selenium/4.1.2 (java windows)
Content-Length: 84
Content-Type: application/json; charset=utf-8
host: localhost:60090
accept: */*

Response DefaultHttpResponse(decodeResult: success, version: HTTP/1.1)
HTTP/1.1 200 OK
Content-Type: application/json; charset=utf-8
cache-control: no-cache
content-length: 88

01:59:01.461 [AsyncHttpClient-1-11] DEBUG org.asynchttpclient.netty.channel.ChannelManager - Adding key: http://localhost:60090 for channel [id: 0x8269edba, L:/127.0.0.1:56020 - R:localhost/127.0.0.1:60090]
01:59:01.462 [Forwarding clearElement on session e12eb85bfbe4aa9d9a25d89245cbe37e to remote] DEBUG org.asynchttpclient.netty.request.NettyRequestSender - Using pooled Channel '[id: 0x8269edba, L:/127.0.0.1:56020 - R:localhost/127.0.0.1:60090]' for 'POST' to 'http://localhost:60090/session/e12eb85bfbe4aa9d9a25d89245cbe37e/element/dd5ae43c-e0a8-4b9a-a188-7a0c21536f69/clear'
01:59:01.462 [Forwarding clearElement on session e12eb85bfbe4aa9d9a25d89245cbe37e to remote] DEBUG org.asynchttpclient.netty.request.NettyRequestSender - Using open Channel [id: 0x8269edba, L:/127.0.0.1:56020 - R:localhost/127.0.0.1:60090] for POST '/session/e12eb85bfbe4aa9d9a25d89245cbe37e/element/dd5ae43c-e0a8-4b9a-a188-7a0c21536f69/clear'
01:59:01.479 [AsyncHttpClient-1-11] DEBUG org.asynchttpclient.netty.handler.HttpHandler - 

Request DefaultHttpRequest(decodeResult: success, version: HTTP/1.1)
POST /session/e12eb85bfbe4aa9d9a25d89245cbe37e/element/dd5ae43c-e0a8-4b9a-a188-7a0c21536f69/clear HTTP/1.1
User-Agent: selenium/4.1.2 (java windows)
Content-Length: 50
Content-Type: application/json; charset=utf-8
host: localhost:60090
accept: */*

Response DefaultHttpResponse(decodeResult: success, version: HTTP/1.1)
HTTP/1.1 200 OK
Content-Type: application/json; charset=utf-8
cache-control: no-cache
content-length: 14

01:59:01.479 [AsyncHttpClient-1-11] DEBUG org.asynchttpclient.netty.channel.ChannelManager - Adding key: http://localhost:60090 for channel [id: 0x8269edba, L:/127.0.0.1:56020 - R:localhost/127.0.0.1:60090]
01:59:01.480 [Forwarding sendKeysToElement on session e12eb85bfbe4aa9d9a25d89245cbe37e to remote] DEBUG org.asynchttpclient.netty.request.NettyRequestSender - Using pooled Channel '[id: 0x8269edba, L:/127.0.0.1:56020 - R:localhost/127.0.0.1:60090]' for 'POST' to 'http://localhost:60090/session/e12eb85bfbe4aa9d9a25d89245cbe37e/element/dd5ae43c-e0a8-4b9a-a188-7a0c21536f69/value'
01:59:01.480 [Forwarding sendKeysToElement on session e12eb85bfbe4aa9d9a25d89245cbe37e to remote] DEBUG org.asynchttpclient.netty.request.NettyRequestSender - Using open Channel [id: 0x8269edba, L:/127.0.0.1:56020 - R:localhost/127.0.0.1:60090] for POST '/session/e12eb85bfbe4aa9d9a25d89245cbe37e/element/dd5ae43c-e0a8-4b9a-a188-7a0c21536f69/value'
01:59:01.540 [AsyncHttpClient-1-11] DEBUG org.asynchttpclient.netty.handler.HttpHandler - 

Request DefaultHttpRequest(decodeResult: success, version: HTTP/1.1)
POST /session/e12eb85bfbe4aa9d9a25d89245cbe37e/element/dd5ae43c-e0a8-4b9a-a188-7a0c21536f69/value HTTP/1.1
User-Agent: selenium/4.1.2 (java windows)
Content-Length: 231
Content-Type: application/json; charset=utf-8
host: localhost:60090
accept: */*

Response DefaultHttpResponse(decodeResult: success, version: HTTP/1.1)
HTTP/1.1 200 OK
Content-Type: application/json; charset=utf-8
cache-control: no-cache
content-length: 14

01:59:01.540 [AsyncHttpClient-1-11] DEBUG org.asynchttpclient.netty.channel.ChannelManager - Adding key: http://localhost:60090 for channel [id: 0x8269edba, L:/127.0.0.1:56020 - R:localhost/127.0.0.1:60090]
01:59:01.543 [Forwarding screenshot on session e12eb85bfbe4aa9d9a25d89245cbe37e to remote] DEBUG org.asynchttpclient.netty.request.NettyRequestSender - Using pooled Channel '[id: 0x8269edba, L:/127.0.0.1:56020 - R:localhost/127.0.0.1:60090]' for 'GET' to 'http://localhost:60090/session/e12eb85bfbe4aa9d9a25d89245cbe37e/screenshot'
01:59:01.543 [Forwarding screenshot on session e12eb85bfbe4aa9d9a25d89245cbe37e to remote] DEBUG org.asynchttpclient.netty.request.NettyRequestSender - Using open Channel [id: 0x8269edba, L:/127.0.0.1:56020 - R:localhost/127.0.0.1:60090] for GET '/session/e12eb85bfbe4aa9d9a25d89245cbe37e/screenshot'
01:59:01.639 [AsyncHttpClient-1-11] DEBUG org.asynchttpclient.netty.handler.HttpHandler - 

Request DefaultFullHttpRequest(decodeResult: success, version: HTTP/1.1, content: EmptyByteBufBE)
GET /session/e12eb85bfbe4aa9d9a25d89245cbe37e/screenshot HTTP/1.1
User-Agent: selenium/4.1.2 (java windows)
Cache-Control: no-cache
Content-Type: application/json; charset=utf-8
host: localhost:60090
accept: */*

Response DefaultHttpResponse(decodeResult: success, version: HTTP/1.1)
HTTP/1.1 200 OK
Content-Type: application/json; charset=utf-8
cache-control: no-cache
content-length: 38056

01:59:01.640 [AsyncHttpClient-1-11] DEBUG org.asynchttpclient.netty.channel.ChannelManager - Adding key: http://localhost:60090 for channel [id: 0x8269edba, L:/127.0.0.1:56020 - R:localhost/127.0.0.1:60090]
01:59:01.642 [main] DEBUG net.serenitybdd.core.photography.Darkroom - Send negative for processing for target\site\serenity\2e0f20b6ec8c43ec000bae60f05d0b57e6d9c3a8ae4a0c8dba3d077dc1d45c2a.png
01:59:01.642 [main] DEBUG net.thucydides.core.steps.StepInterceptor - STEP DONE: inputEmail
  &amp#27;[32mWhen &amp#27;[0m&amp#27;[32mI input invalid email&amp#27;[0m                    &amp#27;[90m# starter.stepdefinitions.LoginSteps.inputInvalidEmail()&amp#27;[0m
01:59:01.642 [Darkroom Processing Line] DEBUG net.serenitybdd.core.photography.DarkroomProcessingLine - Processing screenshot image in /var/screenshots/screenshot-12546746016396477485
01:59:01.643 [Darkroom Processing Line] DEBUG net.serenitybdd.core.photography.DarkroomProcessingLine - Saving screenshot to target\site\serenity\2e0f20b6ec8c43ec000bae60f05d0b57e6d9c3a8ae4a0c8dba3d077dc1d45c2a.png
01:59:01.650 [main] DEBUG net.thucydides.core.steps.StepInterceptor - STARTING STEP: LoginSteps.inputInvalidPassword - inputPassword
01:59:01.653 [Forwarding findElement on session e12eb85bfbe4aa9d9a25d89245cbe37e to remote] DEBUG org.asynchttpclient.netty.request.NettyRequestSender - Using pooled Channel '[id: 0x8269edba, L:/127.0.0.1:56020 - R:localhost/127.0.0.1:60090]' for 'POST' to 'http://localhost:60090/session/e12eb85bfbe4aa9d9a25d89245cbe37e/element'
01:59:01.653 [Forwarding findElement on session e12eb85bfbe4aa9d9a25d89245cbe37e to remote] DEBUG org.asynchttpclient.netty.request.NettyRequestSender - Using open Channel [id: 0x8269edba, L:/127.0.0.1:56020 - R:localhost/127.0.0.1:60090] for POST '/session/e12eb85bfbe4aa9d9a25d89245cbe37e/element'
01:59:01.663 [AsyncHttpClient-1-11] DEBUG org.asynchttpclient.netty.handler.HttpHandler - 

Request DefaultHttpRequest(decodeResult: success, version: HTTP/1.1)
POST /session/e12eb85bfbe4aa9d9a25d89245cbe37e/element HTTP/1.1
User-Agent: selenium/4.1.2 (java windows)
Content-Length: 87
Content-Type: application/json; charset=utf-8
host: localhost:60090
accept: */*

Response DefaultHttpResponse(decodeResult: success, version: HTTP/1.1)
HTTP/1.1 200 OK
Content-Type: application/json; charset=utf-8
cache-control: no-cache
content-length: 88

01:59:01.663 [AsyncHttpClient-1-11] DEBUG org.asynchttpclient.netty.channel.ChannelManager - Adding key: http://localhost:60090 for channel [id: 0x8269edba, L:/127.0.0.1:56020 - R:localhost/127.0.0.1:60090]
01:59:01.665 [Forwarding clearElement on session e12eb85bfbe4aa9d9a25d89245cbe37e to remote] DEBUG org.asynchttpclient.netty.request.NettyRequestSender - Using pooled Channel '[id: 0x8269edba, L:/127.0.0.1:56020 - R:localhost/127.0.0.1:60090]' for 'POST' to 'http://localhost:60090/session/e12eb85bfbe4aa9d9a25d89245cbe37e/element/420b9cf9-0618-448b-82bf-1edc51f728f3/clear'
01:59:01.665 [Forwarding clearElement on session e12eb85bfbe4aa9d9a25d89245cbe37e to remote] DEBUG org.asynchttpclient.netty.request.NettyRequestSender - Using open Channel [id: 0x8269edba, L:/127.0.0.1:56020 - R:localhost/127.0.0.1:60090] for POST '/session/e12eb85bfbe4aa9d9a25d89245cbe37e/element/420b9cf9-0618-448b-82bf-1edc51f728f3/clear'
01:59:01.684 [AsyncHttpClient-1-11] DEBUG org.asynchttpclient.netty.handler.HttpHandler - 

Request DefaultHttpRequest(decodeResult: success, version: HTTP/1.1)
POST /session/e12eb85bfbe4aa9d9a25d89245cbe37e/element/420b9cf9-0618-448b-82bf-1edc51f728f3/clear HTTP/1.1
User-Agent: selenium/4.1.2 (java windows)
Content-Length: 50
Content-Type: application/json; charset=utf-8
host: localhost:60090
accept: */*

Response DefaultHttpResponse(decodeResult: success, version: HTTP/1.1)
HTTP/1.1 200 OK
Content-Type: application/json; charset=utf-8
cache-control: no-cache
content-length: 14

01:59:01.684 [AsyncHttpClient-1-11] DEBUG org.asynchttpclient.netty.channel.ChannelManager - Adding key: http://localhost:60090 for channel [id: 0x8269edba, L:/127.0.0.1:56020 - R:localhost/127.0.0.1:60090]
01:59:01.686 [Forwarding sendKeysToElement on session e12eb85bfbe4aa9d9a25d89245cbe37e to remote] DEBUG org.asynchttpclient.netty.request.NettyRequestSender - Using pooled Channel '[id: 0x8269edba, L:/127.0.0.1:56020 - R:localhost/127.0.0.1:60090]' for 'POST' to 'http://localhost:60090/session/e12eb85bfbe4aa9d9a25d89245cbe37e/element/420b9cf9-0618-448b-82bf-1edc51f728f3/value'
01:59:01.686 [Forwarding sendKeysToElement on session e12eb85bfbe4aa9d9a25d89245cbe37e to remote] DEBUG org.asynchttpclient.netty.request.NettyRequestSender - Using open Channel [id: 0x8269edba, L:/127.0.0.1:56020 - R:localhost/127.0.0.1:60090] for POST '/session/e12eb85bfbe4aa9d9a25d89245cbe37e/element/420b9cf9-0618-448b-82bf-1edc51f728f3/value'
01:59:01.731 [AsyncHttpClient-1-11] DEBUG org.asynchttpclient.netty.handler.HttpHandler - 

Request DefaultHttpRequest(decodeResult: success, version: HTTP/1.1)
POST /session/e12eb85bfbe4aa9d9a25d89245cbe37e/element/420b9cf9-0618-448b-82bf-1edc51f728f3/value HTTP/1.1
User-Agent: selenium/4.1.2 (java windows)
Content-Length: 161
Content-Type: application/json; charset=utf-8
host: localhost:60090
accept: */*

Response DefaultHttpResponse(decodeResult: success, version: HTTP/1.1)
HTTP/1.1 200 OK
Content-Type: application/json; charset=utf-8
cache-control: no-cache
content-length: 14

01:59:01.731 [AsyncHttpClient-1-11] DEBUG org.asynchttpclient.netty.channel.ChannelManager - Adding key: http://localhost:60090 for channel [id: 0x8269edba, L:/127.0.0.1:56020 - R:localhost/127.0.0.1:60090]
01:59:01.736 [Forwarding screenshot on session e12eb85bfbe4aa9d9a25d89245cbe37e to remote] DEBUG org.asynchttpclient.netty.request.NettyRequestSender - Using pooled Channel '[id: 0x8269edba, L:/127.0.0.1:56020 - R:localhost/127.0.0.1:60090]' for 'GET' to 'http://localhost:60090/session/e12eb85bfbe4aa9d9a25d89245cbe37e/screenshot'
01:59:01.736 [Forwarding screenshot on session e12eb85bfbe4aa9d9a25d89245cbe37e to remote] DEBUG org.asynchttpclient.netty.request.NettyRequestSender - Using open Channel [id: 0x8269edba, L:/127.0.0.1:56020 - R:localhost/127.0.0.1:60090] for GET '/session/e12eb85bfbe4aa9d9a25d89245cbe37e/screenshot'
01:59:01.829 [AsyncHttpClient-1-11] DEBUG org.asynchttpclient.netty.handler.HttpHandler - 

Request DefaultFullHttpRequest(decodeResult: success, version: HTTP/1.1, content: EmptyByteBufBE)
GET /session/e12eb85bfbe4aa9d9a25d89245cbe37e/screenshot HTTP/1.1
User-Agent: selenium/4.1.2 (java windows)
Cache-Control: no-cache
Content-Type: application/json; charset=utf-8
host: localhost:60090
accept: */*

Response DefaultHttpResponse(decodeResult: success, version: HTTP/1.1)
HTTP/1.1 200 OK
Content-Type: application/json; charset=utf-8
cache-control: no-cache
content-length: 41284

01:59:01.829 [AsyncHttpClient-1-11] DEBUG org.asynchttpclient.netty.channel.ChannelManager - Adding key: http://localhost:60090 for channel [id: 0x8269edba, L:/127.0.0.1:56020 - R:localhost/127.0.0.1:60090]
01:59:01.831 [main] DEBUG net.serenitybdd.core.photography.Darkroom - Send negative for processing for target\site\serenity\4a62072e4fe02872b1329e5035a7bda22448cac8c27986316a0a38292061eedc.png
01:59:01.831 [main] DEBUG net.thucydides.core.steps.StepInterceptor - STEP DONE: inputPassword
  &amp#27;[32mAnd &amp#27;[0m&amp#27;[32mI input invalid password&amp#27;[0m                  &amp#27;[90m# starter.stepdefinitions.LoginSteps.inputInvalidPassword()&amp#27;[0m
01:59:01.831 [Darkroom Processing Line] DEBUG net.serenitybdd.core.photography.DarkroomProcessingLine - Processing screenshot image in /var/screenshots/screenshot-12351997876514015996
01:59:01.831 [Darkroom Processing Line] DEBUG net.serenitybdd.core.photography.DarkroomProcessingLine - Saving screenshot to target\site\serenity\4a62072e4fe02872b1329e5035a7bda22448cac8c27986316a0a38292061eedc.png
01:59:01.840 [main] DEBUG net.thucydides.core.steps.StepInterceptor - STARTING STEP: LoginSteps.clickLoginButton - clickLoginButton
01:59:01.841 [Forwarding findElement on session e12eb85bfbe4aa9d9a25d89245cbe37e to remote] DEBUG org.asynchttpclient.netty.request.NettyRequestSender - Using pooled Channel '[id: 0x8269edba, L:/127.0.0.1:56020 - R:localhost/127.0.0.1:60090]' for 'POST' to 'http://localhost:60090/session/e12eb85bfbe4aa9d9a25d89245cbe37e/element'
01:59:01.841 [Forwarding findElement on session e12eb85bfbe4aa9d9a25d89245cbe37e to remote] DEBUG org.asynchttpclient.netty.request.NettyRequestSender - Using open Channel [id: 0x8269edba, L:/127.0.0.1:56020 - R:localhost/127.0.0.1:60090] for POST '/session/e12eb85bfbe4aa9d9a25d89245cbe37e/element'
01:59:01.849 [AsyncHttpClient-1-11] DEBUG org.asynchttpclient.netty.handler.HttpHandler - 

Request DefaultHttpRequest(decodeResult: success, version: HTTP/1.1)
POST /session/e12eb85bfbe4aa9d9a25d89245cbe37e/element HTTP/1.1
User-Agent: selenium/4.1.2 (java windows)
Content-Length: 155
Content-Type: application/json; charset=utf-8
host: localhost:60090
accept: */*

Response DefaultHttpResponse(decodeResult: success, version: HTTP/1.1)
HTTP/1.1 200 OK
Content-Type: application/json; charset=utf-8
cache-control: no-cache
content-length: 88

01:59:01.849 [AsyncHttpClient-1-11] DEBUG org.asynchttpclient.netty.channel.ChannelManager - Adding key: http://localhost:60090 for channel [id: 0x8269edba, L:/127.0.0.1:56020 - R:localhost/127.0.0.1:60090]
01:59:01.851 [Forwarding getElementTagName on session e12eb85bfbe4aa9d9a25d89245cbe37e to remote] DEBUG org.asynchttpclient.netty.request.NettyRequestSender - Using pooled Channel '[id: 0x8269edba, L:/127.0.0.1:56020 - R:localhost/127.0.0.1:60090]' for 'GET' to 'http://localhost:60090/session/e12eb85bfbe4aa9d9a25d89245cbe37e/element/b2507775-2e34-4e6f-8ba4-2e000b460bcc/name'
01:59:01.851 [Forwarding getElementTagName on session e12eb85bfbe4aa9d9a25d89245cbe37e to remote] DEBUG org.asynchttpclient.netty.request.NettyRequestSender - Using open Channel [id: 0x8269edba, L:/127.0.0.1:56020 - R:localhost/127.0.0.1:60090] for GET '/session/e12eb85bfbe4aa9d9a25d89245cbe37e/element/b2507775-2e34-4e6f-8ba4-2e000b460bcc/name'
01:59:01.854 [AsyncHttpClient-1-11] DEBUG org.asynchttpclient.netty.handler.HttpHandler - 

Request DefaultFullHttpRequest(decodeResult: success, version: HTTP/1.1, content: EmptyByteBufBE)
GET /session/e12eb85bfbe4aa9d9a25d89245cbe37e/element/b2507775-2e34-4e6f-8ba4-2e000b460bcc/name HTTP/1.1
User-Agent: selenium/4.1.2 (java windows)
Cache-Control: no-cache
Content-Type: application/json; charset=utf-8
host: localhost:60090
accept: */*

Response DefaultHttpResponse(decodeResult: success, version: HTTP/1.1)
HTTP/1.1 200 OK
Content-Type: application/json; charset=utf-8
cache-control: no-cache
content-length: 18

01:59:01.854 [AsyncHttpClient-1-11] DEBUG org.asynchttpclient.netty.channel.ChannelManager - Adding key: http://localhost:60090 for channel [id: 0x8269edba, L:/127.0.0.1:56020 - R:localhost/127.0.0.1:60090]
01:59:01.855 [Forwarding getElementTagName on session e12eb85bfbe4aa9d9a25d89245cbe37e to remote] DEBUG org.asynchttpclient.netty.request.NettyRequestSender - Using pooled Channel '[id: 0x8269edba, L:/127.0.0.1:56020 - R:localhost/127.0.0.1:60090]' for 'GET' to 'http://localhost:60090/session/e12eb85bfbe4aa9d9a25d89245cbe37e/element/b2507775-2e34-4e6f-8ba4-2e000b460bcc/name'
01:59:01.855 [Forwarding getElementTagName on session e12eb85bfbe4aa9d9a25d89245cbe37e to remote] DEBUG org.asynchttpclient.netty.request.NettyRequestSender - Using open Channel [id: 0x8269edba, L:/127.0.0.1:56020 - R:localhost/127.0.0.1:60090] for GET '/session/e12eb85bfbe4aa9d9a25d89245cbe37e/element/b2507775-2e34-4e6f-8ba4-2e000b460bcc/name'
01:59:01.859 [AsyncHttpClient-1-11] DEBUG org.asynchttpclient.netty.handler.HttpHandler - 

Request DefaultFullHttpRequest(decodeResult: success, version: HTTP/1.1, content: EmptyByteBufBE)
GET /session/e12eb85bfbe4aa9d9a25d89245cbe37e/element/b2507775-2e34-4e6f-8ba4-2e000b460bcc/name HTTP/1.1
User-Agent: selenium/4.1.2 (java windows)
Cache-Control: no-cache
Content-Type: application/json; charset=utf-8
host: localhost:60090
accept: */*

Response DefaultHttpResponse(decodeResult: success, version: HTTP/1.1)
HTTP/1.1 200 OK
Content-Type: application/json; charset=utf-8
cache-control: no-cache
content-length: 18

01:59:01.859 [AsyncHttpClient-1-11] DEBUG org.asynchttpclient.netty.channel.ChannelManager - Adding key: http://localhost:60090 for channel [id: 0x8269edba, L:/127.0.0.1:56020 - R:localhost/127.0.0.1:60090]
01:59:01.860 [Forwarding isElementEnabled on session e12eb85bfbe4aa9d9a25d89245cbe37e to remote] DEBUG org.asynchttpclient.netty.request.NettyRequestSender - Using pooled Channel '[id: 0x8269edba, L:/127.0.0.1:56020 - R:localhost/127.0.0.1:60090]' for 'GET' to 'http://localhost:60090/session/e12eb85bfbe4aa9d9a25d89245cbe37e/element/b2507775-2e34-4e6f-8ba4-2e000b460bcc/enabled'
01:59:01.860 [Forwarding isElementEnabled on session e12eb85bfbe4aa9d9a25d89245cbe37e to remote] DEBUG org.asynchttpclient.netty.request.NettyRequestSender - Using open Channel [id: 0x8269edba, L:/127.0.0.1:56020 - R:localhost/127.0.0.1:60090] for GET '/session/e12eb85bfbe4aa9d9a25d89245cbe37e/element/b2507775-2e34-4e6f-8ba4-2e000b460bcc/enabled'
01:59:01.861 [AsyncHttpClient-1-1] DEBUG org.asynchttpclient.netty.channel.DefaultChannelPool - Entry count for : http://localhost:56021 : 1
01:59:01.869 [AsyncHttpClient-1-11] DEBUG org.asynchttpclient.netty.handler.HttpHandler - 

Request DefaultFullHttpRequest(decodeResult: success, version: HTTP/1.1, content: EmptyByteBufBE)
GET /session/e12eb85bfbe4aa9d9a25d89245cbe37e/element/b2507775-2e34-4e6f-8ba4-2e000b460bcc/enabled HTTP/1.1
User-Agent: selenium/4.1.2 (java windows)
Cache-Control: no-cache
Content-Type: application/json; charset=utf-8
host: localhost:60090
accept: */*

Response DefaultHttpResponse(decodeResult: success, version: HTTP/1.1)
HTTP/1.1 200 OK
Content-Type: application/json; charset=utf-8
cache-control: no-cache
content-length: 14

01:59:01.869 [AsyncHttpClient-1-11] DEBUG org.asynchttpclient.netty.channel.ChannelManager - Adding key: http://localhost:60090 for channel [id: 0x8269edba, L:/127.0.0.1:56020 - R:localhost/127.0.0.1:60090]
01:59:01.871 [Forwarding isElementEnabled on session e12eb85bfbe4aa9d9a25d89245cbe37e to remote] DEBUG org.asynchttpclient.netty.request.NettyRequestSender - Using pooled Channel '[id: 0x8269edba, L:/127.0.0.1:56020 - R:localhost/127.0.0.1:60090]' for 'GET' to 'http://localhost:60090/session/e12eb85bfbe4aa9d9a25d89245cbe37e/element/b2507775-2e34-4e6f-8ba4-2e000b460bcc/enabled'
01:59:01.871 [Forwarding isElementEnabled on session e12eb85bfbe4aa9d9a25d89245cbe37e to remote] DEBUG org.asynchttpclient.netty.request.NettyRequestSender - Using open Channel [id: 0x8269edba, L:/127.0.0.1:56020 - R:localhost/127.0.0.1:60090] for GET '/session/e12eb85bfbe4aa9d9a25d89245cbe37e/element/b2507775-2e34-4e6f-8ba4-2e000b460bcc/enabled'
01:59:01.876 [AsyncHttpClient-1-11] DEBUG org.asynchttpclient.netty.handler.HttpHandler - 

Request DefaultFullHttpRequest(decodeResult: success, version: HTTP/1.1, content: EmptyByteBufBE)
GET /session/e12eb85bfbe4aa9d9a25d89245cbe37e/element/b2507775-2e34-4e6f-8ba4-2e000b460bcc/enabled HTTP/1.1
User-Agent: selenium/4.1.2 (java windows)
Cache-Control: no-cache
Content-Type: application/json; charset=utf-8
host: localhost:60090
accept: */*

Response DefaultHttpResponse(decodeResult: success, version: HTTP/1.1)
HTTP/1.1 200 OK
Content-Type: application/json; charset=utf-8
cache-control: no-cache
content-length: 14

01:59:01.876 [AsyncHttpClient-1-11] DEBUG org.asynchttpclient.netty.channel.ChannelManager - Adding key: http://localhost:60090 for channel [id: 0x8269edba, L:/127.0.0.1:56020 - R:localhost/127.0.0.1:60090]
01:59:01.879 [Forwarding findElement on session e12eb85bfbe4aa9d9a25d89245cbe37e to remote] DEBUG org.asynchttpclient.netty.request.NettyRequestSender - Using pooled Channel '[id: 0x8269edba, L:/127.0.0.1:56020 - R:localhost/127.0.0.1:60090]' for 'POST' to 'http://localhost:60090/session/e12eb85bfbe4aa9d9a25d89245cbe37e/element'
01:59:01.879 [Forwarding findElement on session e12eb85bfbe4aa9d9a25d89245cbe37e to remote] DEBUG org.asynchttpclient.netty.request.NettyRequestSender - Using open Channel [id: 0x8269edba, L:/127.0.0.1:56020 - R:localhost/127.0.0.1:60090] for POST '/session/e12eb85bfbe4aa9d9a25d89245cbe37e/element'
01:59:01.885 [AsyncHttpClient-1-11] DEBUG org.asynchttpclient.netty.handler.HttpHandler - 

Request DefaultHttpRequest(decodeResult: success, version: HTTP/1.1)
POST /session/e12eb85bfbe4aa9d9a25d89245cbe37e/element HTTP/1.1
User-Agent: selenium/4.1.2 (java windows)
Content-Length: 155
Content-Type: application/json; charset=utf-8
host: localhost:60090
accept: */*

Response DefaultHttpResponse(decodeResult: success, version: HTTP/1.1)
HTTP/1.1 200 OK
Content-Type: application/json; charset=utf-8
cache-control: no-cache
content-length: 88

01:59:01.885 [AsyncHttpClient-1-11] DEBUG org.asynchttpclient.netty.channel.ChannelManager - Adding key: http://localhost:60090 for channel [id: 0x8269edba, L:/127.0.0.1:56020 - R:localhost/127.0.0.1:60090]
01:59:01.886 [Forwarding clickElement on session e12eb85bfbe4aa9d9a25d89245cbe37e to remote] DEBUG org.asynchttpclient.netty.request.NettyRequestSender - Using pooled Channel '[id: 0x8269edba, L:/127.0.0.1:56020 - R:localhost/127.0.0.1:60090]' for 'POST' to 'http://localhost:60090/session/e12eb85bfbe4aa9d9a25d89245cbe37e/element/b2507775-2e34-4e6f-8ba4-2e000b460bcc/click'
01:59:01.886 [Forwarding clickElement on session e12eb85bfbe4aa9d9a25d89245cbe37e to remote] DEBUG org.asynchttpclient.netty.request.NettyRequestSender - Using open Channel [id: 0x8269edba, L:/127.0.0.1:56020 - R:localhost/127.0.0.1:60090] for POST '/session/e12eb85bfbe4aa9d9a25d89245cbe37e/element/b2507775-2e34-4e6f-8ba4-2e000b460bcc/click'
01:59:01.917 [AsyncHttpClient-1-11] DEBUG org.asynchttpclient.netty.handler.HttpHandler - 

Request DefaultHttpRequest(decodeResult: success, version: HTTP/1.1)
POST /session/e12eb85bfbe4aa9d9a25d89245cbe37e/element/b2507775-2e34-4e6f-8ba4-2e000b460bcc/click HTTP/1.1
User-Agent: selenium/4.1.2 (java windows)
Content-Length: 50
Content-Type: application/json; charset=utf-8
host: localhost:60090
accept: */*

Response DefaultHttpResponse(decodeResult: success, version: HTTP/1.1)
HTTP/1.1 200 OK
Content-Type: application/json; charset=utf-8
cache-control: no-cache
content-length: 14

01:59:01.917 [AsyncHttpClient-1-11] DEBUG org.asynchttpclient.netty.channel.ChannelManager - Adding key: http://localhost:60090 for channel [id: 0x8269edba, L:/127.0.0.1:56020 - R:localhost/127.0.0.1:60090]
01:59:01.922 [Forwarding screenshot on session e12eb85bfbe4aa9d9a25d89245cbe37e to remote] DEBUG org.asynchttpclient.netty.request.NettyRequestSender - Using pooled Channel '[id: 0x8269edba, L:/127.0.0.1:56020 - R:localhost/127.0.0.1:60090]' for 'GET' to 'http://localhost:60090/session/e12eb85bfbe4aa9d9a25d89245cbe37e/screenshot'
01:59:01.922 [Forwarding screenshot on session e12eb85bfbe4aa9d9a25d89245cbe37e to remote] DEBUG org.asynchttpclient.netty.request.NettyRequestSender - Using open Channel [id: 0x8269edba, L:/127.0.0.1:56020 - R:localhost/127.0.0.1:60090] for GET '/session/e12eb85bfbe4aa9d9a25d89245cbe37e/screenshot'
01:59:02.017 [AsyncHttpClient-1-11] DEBUG org.asynchttpclient.netty.handler.HttpHandler - 

Request DefaultFullHttpRequest(decodeResult: success, version: HTTP/1.1, content: EmptyByteBufBE)
GET /session/e12eb85bfbe4aa9d9a25d89245cbe37e/screenshot HTTP/1.1
User-Agent: selenium/4.1.2 (java windows)
Cache-Control: no-cache
Content-Type: application/json; charset=utf-8
host: localhost:60090
accept: */*

Response DefaultHttpResponse(decodeResult: success, version: HTTP/1.1)
HTTP/1.1 200 OK
Content-Type: application/json; charset=utf-8
cache-control: no-cache
content-length: 40664

01:59:02.018 [AsyncHttpClient-1-11] DEBUG org.asynchttpclient.netty.channel.ChannelManager - Adding key: http://localhost:60090 for channel [id: 0x8269edba, L:/127.0.0.1:56020 - R:localhost/127.0.0.1:60090]
01:59:02.019 [main] DEBUG net.serenitybdd.core.photography.Darkroom - Send negative for processing for target\site\serenity\079913ed108d4850cae47a8ab94094f507eb207188a284d4d5597eaf2515e79b.png
01:59:02.019 [main] DEBUG net.thucydides.core.steps.StepInterceptor - STEP DONE: clickLoginButton
  &amp#27;[32mAnd &amp#27;[0m&amp#27;[32mI click on login button&amp#27;[0m                   &amp#27;[90m# starter.stepdefinitions.LoginSteps.clickLoginButton()&amp#27;[0m
01:59:02.020 [Darkroom Processing Line] DEBUG net.serenitybdd.core.photography.DarkroomProcessingLine - Processing screenshot image in /var/screenshots/screenshot-6581946771821611388
01:59:02.020 [Darkroom Processing Line] DEBUG net.serenitybdd.core.photography.DarkroomProcessingLine - Saving screenshot to target\site\serenity\079913ed108d4850cae47a8ab94094f507eb207188a284d4d5597eaf2515e79b.png
01:59:02.027 [main] DEBUG net.thucydides.core.steps.StepInterceptor - STARTING STEP: LoginSteps.stillOnTheLoginPage - loginPage
01:59:02.029 [Forwarding get on session e12eb85bfbe4aa9d9a25d89245cbe37e to remote] DEBUG org.asynchttpclient.netty.request.NettyRequestSender - Using pooled Channel '[id: 0x8269edba, L:/127.0.0.1:56020 - R:localhost/127.0.0.1:60090]' for 'POST' to 'http://localhost:60090/session/e12eb85bfbe4aa9d9a25d89245cbe37e/url'
01:59:02.029 [Forwarding get on session e12eb85bfbe4aa9d9a25d89245cbe37e to remote] DEBUG org.asynchttpclient.netty.request.NettyRequestSender - Using open Channel [id: 0x8269edba, L:/127.0.0.1:56020 - R:localhost/127.0.0.1:60090] for POST '/session/e12eb85bfbe4aa9d9a25d89245cbe37e/url'
01:59:02.132 [AsyncHttpClient-1-11] DEBUG org.asynchttpclient.netty.handler.HttpHandler - 

Request DefaultHttpRequest(decodeResult: success, version: HTTP/1.1)
POST /session/e12eb85bfbe4aa9d9a25d89245cbe37e/url HTTP/1.1
User-Agent: selenium/4.1.2 (java windows)
Content-Length: 64
Content-Type: application/json; charset=utf-8
host: localhost:60090
accept: */*

Response DefaultHttpResponse(decodeResult: success, version: HTTP/1.1)
HTTP/1.1 200 OK
Content-Type: application/json; charset=utf-8
cache-control: no-cache
content-length: 14

01:59:02.132 [AsyncHttpClient-1-11] DEBUG org.asynchttpclient.netty.channel.ChannelManager - Adding key: http://localhost:60090 for channel [id: 0x8269edba, L:/127.0.0.1:56020 - R:localhost/127.0.0.1:60090]
01:59:02.134 [Forwarding getCurrentUrl on session e12eb85bfbe4aa9d9a25d89245cbe37e to remote] DEBUG org.asynchttpclient.netty.request.NettyRequestSender - Using pooled Channel '[id: 0x8269edba, L:/127.0.0.1:56020 - R:localhost/127.0.0.1:60090]' for 'GET' to 'http://localhost:60090/session/e12eb85bfbe4aa9d9a25d89245cbe37e/url'
01:59:02.134 [Forwarding getCurrentUrl on session e12eb85bfbe4aa9d9a25d89245cbe37e to remote] DEBUG org.asynchttpclient.netty.request.NettyRequestSender - Using open Channel [id: 0x8269edba, L:/127.0.0.1:56020 - R:localhost/127.0.0.1:60090] for GET '/session/e12eb85bfbe4aa9d9a25d89245cbe37e/url'
01:59:02.137 [AsyncHttpClient-1-11] DEBUG org.asynchttpclient.netty.handler.HttpHandler - 

Request DefaultFullHttpRequest(decodeResult: success, version: HTTP/1.1, content: EmptyByteBufBE)
GET /session/e12eb85bfbe4aa9d9a25d89245cbe37e/url HTTP/1.1
User-Agent: selenium/4.1.2 (java windows)
Cache-Control: no-cache
Content-Type: application/json; charset=utf-8
host: localhost:60090
accept: */*

Response DefaultHttpResponse(decodeResult: success, version: HTTP/1.1)
HTTP/1.1 200 OK
Content-Type: application/json; charset=utf-8
cache-control: no-cache
content-length: 41

01:59:02.137 [AsyncHttpClient-1-11] DEBUG org.asynchttpclient.netty.channel.ChannelManager - Adding key: http://localhost:60090 for channel [id: 0x8269edba, L:/127.0.0.1:56020 - R:localhost/127.0.0.1:60090]
01:59:02.141 [Forwarding screenshot on session e12eb85bfbe4aa9d9a25d89245cbe37e to remote] DEBUG org.asynchttpclient.netty.request.NettyRequestSender - Using pooled Channel '[id: 0x8269edba, L:/127.0.0.1:56020 - R:localhost/127.0.0.1:60090]' for 'GET' to 'http://localhost:60090/session/e12eb85bfbe4aa9d9a25d89245cbe37e/screenshot'
01:59:02.141 [Forwarding screenshot on session e12eb85bfbe4aa9d9a25d89245cbe37e to remote] DEBUG org.asynchttpclient.netty.request.NettyRequestSender - Using open Channel [id: 0x8269edba, L:/127.0.0.1:56020 - R:localhost/127.0.0.1:60090] for GET '/session/e12eb85bfbe4aa9d9a25d89245cbe37e/screenshot'
01:59:02.207 [AsyncHttpClient-1-11] DEBUG org.asynchttpclient.netty.handler.HttpHandler - 

Request DefaultFullHttpRequest(decodeResult: success, version: HTTP/1.1, content: EmptyByteBufBE)
GET /session/e12eb85bfbe4aa9d9a25d89245cbe37e/screenshot HTTP/1.1
User-Agent: selenium/4.1.2 (java windows)
Cache-Control: no-cache
Content-Type: application/json; charset=utf-8
host: localhost:60090
accept: */*

Response DefaultHttpResponse(decodeResult: success, version: HTTP/1.1)
HTTP/1.1 200 OK
Content-Type: application/json; charset=utf-8
cache-control: no-cache
content-length: 32192

01:59:02.207 [AsyncHttpClient-1-11] DEBUG org.asynchttpclient.netty.channel.ChannelManager - Adding key: http://localhost:60090 for channel [id: 0x8269edba, L:/127.0.0.1:56020 - R:localhost/127.0.0.1:60090]
01:59:02.208 [main] DEBUG net.serenitybdd.core.photography.Darkroom - Send negative for processing for target\site\serenity\4d98329a65403fb35239499910819cdb6d3d71d823e551da367b9fc52c2ec142.png
01:59:02.208 [main] DEBUG net.thucydides.core.steps.StepInterceptor - STEP DONE: loginPage
01:59:02.214 [main] DEBUG net.thucydides.core.steps.StepInterceptor - STARTING STEP: LoginSteps.stillOnTheLoginPage - validateStillOnLoginPage
01:59:02.214 [Forwarding findElement on session e12eb85bfbe4aa9d9a25d89245cbe37e to remote] DEBUG org.asynchttpclient.netty.request.NettyRequestSender - Using pooled Channel '[id: 0x8269edba, L:/127.0.0.1:56020 - R:localhost/127.0.0.1:60090]' for 'POST' to 'http://localhost:60090/session/e12eb85bfbe4aa9d9a25d89245cbe37e/element'
01:59:02.214 [Forwarding findElement on session e12eb85bfbe4aa9d9a25d89245cbe37e to remote] DEBUG org.asynchttpclient.netty.request.NettyRequestSender - Using open Channel [id: 0x8269edba, L:/127.0.0.1:56020 - R:localhost/127.0.0.1:60090] for POST '/session/e12eb85bfbe4aa9d9a25d89245cbe37e/element'
01:59:02.219 [AsyncHttpClient-1-11] DEBUG org.asynchttpclient.netty.handler.HttpHandler - 

Request DefaultHttpRequest(decodeResult: success, version: HTTP/1.1)
POST /session/e12eb85bfbe4aa9d9a25d89245cbe37e/element HTTP/1.1
User-Agent: selenium/4.1.2 (java windows)
Content-Length: 155
Content-Type: application/json; charset=utf-8
host: localhost:60090
accept: */*

Response DefaultHttpResponse(decodeResult: success, version: HTTP/1.1)
HTTP/1.1 200 OK
Content-Type: application/json; charset=utf-8
cache-control: no-cache
content-length: 88

01:59:02.219 [AsyncHttpClient-1-11] DEBUG org.asynchttpclient.netty.channel.ChannelManager - Adding key: http://localhost:60090 for channel [id: 0x8269edba, L:/127.0.0.1:56020 - R:localhost/127.0.0.1:60090]
01:59:02.221 [Forwarding isElementDisplayed on session e12eb85bfbe4aa9d9a25d89245cbe37e to remote] DEBUG org.asynchttpclient.netty.request.NettyRequestSender - Using pooled Channel '[id: 0x8269edba, L:/127.0.0.1:56020 - R:localhost/127.0.0.1:60090]' for 'POST' to 'http://localhost:60090/session/e12eb85bfbe4aa9d9a25d89245cbe37e/execute/sync'
01:59:02.221 [Forwarding isElementDisplayed on session e12eb85bfbe4aa9d9a25d89245cbe37e to remote] DEBUG org.asynchttpclient.netty.request.NettyRequestSender - Using open Channel [id: 0x8269edba, L:/127.0.0.1:56020 - R:localhost/127.0.0.1:60090] for POST '/session/e12eb85bfbe4aa9d9a25d89245cbe37e/execute/sync'
01:59:02.228 [AsyncHttpClient-1-11] DEBUG org.asynchttpclient.netty.handler.HttpHandler - 

Request DefaultHttpRequest(decodeResult: success, version: HTTP/1.1)
POST /session/e12eb85bfbe4aa9d9a25d89245cbe37e/execute/sync HTTP/1.1
User-Agent: selenium/4.1.2 (java windows)
Content-Length: 48780
Content-Type: application/json; charset=utf-8
host: localhost:60090
accept: */*

Response DefaultHttpResponse(decodeResult: success, version: HTTP/1.1)
HTTP/1.1 200 OK
Content-Type: application/json; charset=utf-8
cache-control: no-cache
content-length: 14

01:59:02.229 [AsyncHttpClient-1-11] DEBUG org.asynchttpclient.netty.channel.ChannelManager - Adding key: http://localhost:60090 for channel [id: 0x8269edba, L:/127.0.0.1:56020 - R:localhost/127.0.0.1:60090]
01:59:02.231 [main] DEBUG net.thucydides.core.steps.StepInterceptor - STEP DONE: validateStillOnLoginPage
  &amp#27;[32mThen &amp#27;[0m&amp#27;[32mI am still on the login page&amp#27;[0m             &amp#27;[90m# starter.stepdefinitions.LoginSteps.stillOnTheLoginPage()&amp#27;[0m
01:59:02.235 [main] INFO  - 
  _____   ___   ___   _____     ___     _     ___   ___   ___   ___  
 |_   _| | __| / __| |_   _|   | _ \   /_\   / __| / __| | __| |   \ 
   | |   | _|  \__ \   | |     |  _/  / _ \  \__ \ \__ \ | _|  | |) |
   |_|   |___| |___/   |_|     |_|   /_/ \_\ |___/ |___/ |___| |___/ 

Login with invalid email and password
----------------------------------------------------------------------
01:59:02.236 [AsyncHttpClient-1-13] DEBUG org.asynchttpclient.netty.handler.WebSocketHandler - Channel Closed: [id: 0x31156b4e, L:/127.0.0.1:56028 ! R:localhost/127.0.0.1:56021] with attribute NettyResponseFuture{currentRetry=5,
	isDone=1,
	isCancelled=0,
	asyncHandler=org.asynchttpclient.ws.WebSocketUpgradeHandler@36ae1f2c,
	nettyRequest=org.asynchttpclient.netty.request.NettyRequest@5618f49c,
	future=java.util.concurrent.CompletableFuture@4ee964eb[Completed normally],
	uri=ws://localhost:56021/devtools/browser/b0200595-059b-4ad3-a374-1218752cb353,
	keepAlive=true,
	redirectCount=0,
	timeoutsHolder=null,
	inAuth=0,
	touch=1652554740168}
01:59:02.236 [Driver Command Executor] DEBUG org.asynchttpclient.netty.request.NettyRequestSender - Using pooled Channel '[id: 0x8269edba, L:/127.0.0.1:56020 - R:localhost/127.0.0.1:60090]' for 'DELETE' to 'http://localhost:60090/session/e12eb85bfbe4aa9d9a25d89245cbe37e'
01:59:02.236 [AsyncHttpClient-1-13] DEBUG org.asynchttpclient.netty.channel.ChannelManager - Closing Channel [id: 0x31156b4e, L:/127.0.0.1:56028 ! R:localhost/127.0.0.1:56021] 
01:59:02.236 [Driver Command Executor] DEBUG org.asynchttpclient.netty.request.NettyRequestSender - Using open Channel [id: 0x8269edba, L:/127.0.0.1:56020 - R:localhost/127.0.0.1:60090] for DELETE '/session/e12eb85bfbe4aa9d9a25d89245cbe37e'
01:59:02.263 [AsyncHttpClient-1-12] DEBUG org.asynchttpclient.netty.handler.HttpHandler - Unexpected I/O exception on channel [id: 0x84dc055c, L:/127.0.0.1:56027 - R:localhost/127.0.0.1:56021]
java.io.IOException: An existing connection was forcibly closed by the remote host
	at java.base/sun.nio.ch.SocketDispatcher.read0(Native Method)
	at java.base/sun.nio.ch.SocketDispatcher.read(SocketDispatcher.java:43)
	at java.base/sun.nio.ch.IOUtil.readIntoNativeBuffer(IOUtil.java:276)
	at java.base/sun.nio.ch.IOUtil.read(IOUtil.java:233)
	at java.base/sun.nio.ch.IOUtil.read(IOUtil.java:223)
	at java.base/sun.nio.ch.SocketChannelImpl.read(SocketChannelImpl.java:358)
	at io.netty.buffer.PooledByteBuf.setBytes(PooledByteBuf.java:258)
	at io.netty.buffer.AbstractByteBuf.writeBytes(AbstractByteBuf.java:1132)
	at io.netty.channel.socket.nio.NioSocketChannel.doReadBytes(NioSocketChannel.java:350)
	at io.netty.channel.nio.AbstractNioByteChannel$NioByteUnsafe.read(AbstractNioByteChannel.java:151)
	at io.netty.channel.nio.NioEventLoop.processSelectedKey(NioEventLoop.java:722)
	at io.netty.channel.nio.NioEventLoop.processSelectedKeysOptimized(NioEventLoop.java:658)
	at io.netty.channel.nio.NioEventLoop.processSelectedKeys(NioEventLoop.java:584)
	at io.netty.channel.nio.NioEventLoop.run(NioEventLoop.java:496)
	at io.netty.util.concurrent.SingleThreadEventExecutor$4.run(SingleThreadEventExecutor.java:986)
	at io.netty.util.internal.ThreadExecutorMap$2.run(ThreadExecutorMap.java:74)
	at io.netty.util.concurrent.FastThreadLocalRunnable.run(FastThreadLocalRunnable.java:30)
	at java.base/java.lang.Thread.run(Thread.java:834)
01:59:02.263 [AsyncHttpClient-1-12] DEBUG org.asynchttpclient.netty.channel.ChannelManager - Closing Channel [id: 0x84dc055c, L:/127.0.0.1:56027 - R:localhost/127.0.0.1:56021] 
01:59:02.264 [AsyncHttpClient-1-12] DEBUG org.asynchttpclient.netty.handler.HttpHandler - Channel Closed: [id: 0x84dc055c, L:/127.0.0.1:56027 ! R:localhost/127.0.0.1:56021] with attribute DISCARD
01:59:02.279 [AsyncHttpClient-1-11] DEBUG org.asynchttpclient.netty.handler.HttpHandler - 

Request DefaultFullHttpRequest(decodeResult: success, version: HTTP/1.1, content: EmptyByteBufBE)
DELETE /session/e12eb85bfbe4aa9d9a25d89245cbe37e HTTP/1.1
User-Agent: selenium/4.1.2 (java windows)
Content-Type: application/json; charset=utf-8
host: localhost:60090
accept: */*

Response DefaultHttpResponse(decodeResult: success, version: HTTP/1.1)
HTTP/1.1 200 OK
Content-Type: application/json; charset=utf-8
cache-control: no-cache
content-length: 14

01:59:02.280 [AsyncHttpClient-1-11] DEBUG org.asynchttpclient.netty.channel.ChannelManager - Adding key: http://localhost:60090 for channel [id: 0x8269edba, L:/127.0.0.1:56020 - R:localhost/127.0.0.1:60090]
01:59:02.327 [AsyncHttpClient-1-11] DEBUG org.asynchttpclient.netty.handler.HttpHandler - Channel Closed: [id: 0x8269edba, L:/127.0.0.1:56020 ! R:localhost/127.0.0.1:60090] with attribute DISCARD
]]></system-out>
    <system-err><![CDATA[Starting ChromeDriver 101.0.4951.41 (93c720db8323b3ec10d056025ab95c23a31997c9-refs/branch-heads/4951@{#904}) on port 60090
Only local connections are allowed.
Please see https://chromedriver.chromium.org/security-considerations for suggestions on keeping ChromeDriver safe.
ChromeDriver was started successfully.
May 15, 2022 1:59:00 AM org.openqa.selenium.remote.ProtocolHandshake createSession
INFO: Detected dialect: W3C
May 15, 2022 1:59:00 AM org.openqa.selenium.devtools.CdpVersionFinder findNearestMatch
WARNING: Unable to find an exact match for CDP version 101, so returning the closest version found: 97
May 15, 2022 1:59:00 AM org.openqa.selenium.devtools.CdpVersionFinder findNearestMatch
INFO: Found CDP implementation for version 101 of 97
]]></system-err>
  </testcase>
  <testcase name="Logout an account" classname="Logout" time="7.761">
    <system-out><![CDATA[01:59:02.855 [main] INFO io.cucumber.core.plugin.SerenityReporter - Running feature from file:///D:/Intern/MSIB%20Alterra/alterra-mini-project/Serenity%20UI%20Test/src/test/resources/features/Logout.feature
01:59:02.856 [main] DEBUG net.thucydides.core.steps.StepEventBus - Test suite started for story net.thucydides.core.model.Story@7960de68
01:59:02.857 [main] INFO  - Test Suite Started: Logout

Scenario: Logout an account               &amp#27;[90m# src/test/resources/features/Logout.feature:3&amp#27;[0m
01:59:02.863 [main] INFO io.cucumber.core.plugin.SerenityReporter - Running feature from file:///D:/Intern/MSIB%20Alterra/alterra-mini-project/Serenity%20UI%20Test/src/test/resources/features/Logout.feature
01:59:02.865 [main] INFO  - 
  _____   ___   ___   _____     ___   _____     _     ___   _____   ___   ___  
 |_   _| | __| / __| |_   _|   / __| |_   _|   /_\   | _ \ |_   _| | __| |   \ 
   | |   | _|  \__ \   | |     \__ \   | |    / _ \  |   /   | |   | _|  | |) |
   |_|   |___| |___/   |_|     |___/   |_|   /_/ \_\ |_|_\   |_|   |___| |___/ 

Logout an account(logout;logout-an-account)
--------------------------------------------------------------------------------
01:59:02.930 [main] DEBUG net.thucydides.core.steps.StepInterceptor - STARTING STEP: LogoutSteps.onTheLoginPage - loginPage
01:59:02.930 [main] INFO net.serenitybdd.core.webdriver.driverproviders.ChromeDriverProvider - Using automatically driver download
01:59:02.963 [AsyncHttpClient-1-1] DEBUG org.asynchttpclient.netty.channel.DefaultChannelPool - Entry count for : http://localhost:56021 : 1
01:59:02.963 [AsyncHttpClient-1-1] DEBUG org.asynchttpclient.netty.channel.DefaultChannelPool - Entry count for : http://localhost:60090 : 1
01:59:02.963 [AsyncHttpClient-1-1] DEBUG org.asynchttpclient.netty.channel.DefaultChannelPool - Adding Candidate expired Channel [id: 0x84dc055c, L:/127.0.0.1:56027 ! R:localhost/127.0.0.1:56021] isIdleTimeoutExpired=false isRemotelyClosed=true isTtlExpired=false
01:59:02.963 [AsyncHttpClient-1-1] DEBUG org.asynchttpclient.netty.channel.DefaultChannelPool - Closing Idle Channel [id: 0x84dc055c, L:/127.0.0.1:56027 ! R:localhost/127.0.0.1:56021]
01:59:02.963 [AsyncHttpClient-1-1] DEBUG org.asynchttpclient.netty.channel.DefaultChannelPool - Adding Candidate expired Channel [id: 0x8269edba, L:/127.0.0.1:56020 ! R:localhost/127.0.0.1:60090] isIdleTimeoutExpired=false isRemotelyClosed=true isTtlExpired=false
01:59:02.963 [AsyncHttpClient-1-1] DEBUG org.asynchttpclient.netty.channel.DefaultChannelPool - Closing Idle Channel [id: 0x8269edba, L:/127.0.0.1:56020 ! R:localhost/127.0.0.1:60090]
01:59:02.963 [AsyncHttpClient-1-1] DEBUG org.asynchttpclient.netty.channel.DefaultChannelPool - Closed 2 connections out of 2 in 0 ms
01:59:03.003 [main] DEBUG io.github.bonigarcia.wdm.cache.ResolutionCache - Resolution chrome=101 in cache (valid until 02:58:38 15/05/2022 ICT)
01:59:03.005 [main] DEBUG io.github.bonigarcia.wdm.cache.ResolutionCache - Resolution chrome101=101.0.4951.41 in cache (valid until 14:15:13 15/05/2022 ICT)
01:59:03.006 [main] INFO io.github.bonigarcia.wdm.WebDriverManager - Using chromedriver 101.0.4951.41 (resolved driver for Chrome 101)
01:59:03.012 [main] DEBUG io.github.bonigarcia.wdm.WebDriverManager - Driver chromedriver 101.0.4951.41 found in cache
01:59:03.013 [main] INFO io.github.bonigarcia.wdm.WebDriverManager - Exporting webdriver.chrome.driver as C:\Users\saral\.cache\selenium\chromedriver\win32\101.0.4951.41\chromedriver.exe
01:59:03.087 [main] DEBUG net.serenitybdd.core.webdriver.driverproviders.ProvideNewDriver - Instantiating driver
01:59:03.088 [main] DEBUG net.serenitybdd.core.webdriver.driverproviders.ProvideNewDriver - Driver capabilities: Capabilities {acceptInsecureCerts: false, base.url: https://qa.alta.id/, browserName: chrome, chrome.driver: src/main/resources/webdrive..., driver: chrome, goog:chromeOptions: {args: [], extensions: []}}
01:59:03.615 [AsyncHttpClient-1-14] DEBUG org.asynchttpclient.netty.channel.NettyConnectListener - Using new Channel '[id: 0xf562f304, L:/127.0.0.1:56048 - R:localhost/127.0.0.1:58968]' for 'POST' to '/session'
01:59:04.175 [AsyncHttpClient-1-14] DEBUG org.asynchttpclient.netty.handler.HttpHandler - 

Request DefaultHttpRequest(decodeResult: success, version: HTTP/1.1)
POST /session HTTP/1.1
User-Agent: selenium/4.1.2 (java windows)
Content-Length: 605
Content-Type: application/json; charset=utf-8
host: localhost:58968
accept: */*

Response DefaultHttpResponse(decodeResult: success, version: HTTP/1.1)
HTTP/1.1 200 OK
Content-Type: application/json; charset=utf-8
cache-control: no-cache
content-length: 790

01:59:04.175 [AsyncHttpClient-1-14] DEBUG org.asynchttpclient.netty.channel.ChannelManager - Adding key: http://localhost:58968 for channel [id: 0xf562f304, L:/127.0.0.1:56048 - R:localhost/127.0.0.1:58968]
01:59:04.179 [AsyncHttpClient-1-15] DEBUG org.asynchttpclient.netty.channel.NettyConnectListener - Using new Channel '[id: 0xd6b1062d, L:/127.0.0.1:56055 - R:localhost/127.0.0.1:56049]' for 'GET' to '/json/version'
01:59:04.183 [AsyncHttpClient-1-15] DEBUG org.asynchttpclient.netty.handler.HttpHandler - 

Request DefaultFullHttpRequest(decodeResult: success, version: HTTP/1.1, content: EmptyByteBufBE)
GET /json/version HTTP/1.1
User-Agent: selenium/4.1.2 (java windows)
host: localhost:56049
accept: */*

Response DefaultHttpResponse(decodeResult: success, version: HTTP/1.1)
HTTP/1.1 200 OK
Content-Type: application/json; charset=UTF-8
content-length: 427

01:59:04.183 [AsyncHttpClient-1-15] DEBUG org.asynchttpclient.netty.channel.ChannelManager - Adding key: http://localhost:56049 for channel [id: 0xd6b1062d, L:/127.0.0.1:56055 - R:localhost/127.0.0.1:56049]
01:59:04.184 [AsyncHttpClient-1-16] DEBUG org.asynchttpclient.netty.channel.NettyConnectListener - Using new Channel '[id: 0x61e17db1, L:/127.0.0.1:56056 - R:localhost/127.0.0.1:56049]' for 'GET' to '/devtools/browser/99e4a644-3d91-49ea-a43e-ca6ec31dc2ad'
01:59:04.187 [AsyncHttpClient-1-16] DEBUG org.asynchttpclient.netty.handler.WebSocketHandler - 

Request DefaultFullHttpRequest(decodeResult: success, version: HTTP/1.1, content: EmptyByteBufBE)
GET /devtools/browser/99e4a644-3d91-49ea-a43e-ca6ec31dc2ad HTTP/1.1
upgrade: websocket
connection: upgrade
sec-websocket-key: BIISAPOfOb57CprPn5PudA==
sec-websocket-version: 13
origin: http://localhost:56049
host: localhost:56049
accept: */*
user-agent: AHC/2.1

Response DefaultHttpResponse(decodeResult: success, version: HTTP/1.1)
HTTP/1.1 101 WebSocket Protocol Handshake
Upgrade: WebSocket
Connection: Upgrade
Sec-WebSocket-Accept: /z5CNJCSQV1P0nh0hvOxDD46+Yc=

01:59:04.190 [Forwarding get on session 8149e9e0cf1334e14fbc8583df12e134 to remote] DEBUG org.asynchttpclient.netty.request.NettyRequestSender - Using pooled Channel '[id: 0xf562f304, L:/127.0.0.1:56048 - R:localhost/127.0.0.1:58968]' for 'POST' to 'http://localhost:58968/session/8149e9e0cf1334e14fbc8583df12e134/url'
01:59:04.190 [Forwarding get on session 8149e9e0cf1334e14fbc8583df12e134 to remote] DEBUG org.asynchttpclient.netty.request.NettyRequestSender - Using open Channel [id: 0xf562f304, L:/127.0.0.1:56048 - R:localhost/127.0.0.1:58968] for POST '/session/8149e9e0cf1334e14fbc8583df12e134/url'
01:59:05.161 [AsyncHttpClient-1-1] DEBUG org.asynchttpclient.netty.channel.DefaultChannelPool - Entry count for : http://localhost:56049 : 1
01:59:05.366 [AsyncHttpClient-1-14] DEBUG org.asynchttpclient.netty.handler.HttpHandler - 

Request DefaultHttpRequest(decodeResult: success, version: HTTP/1.1)
POST /session/8149e9e0cf1334e14fbc8583df12e134/url HTTP/1.1
User-Agent: selenium/4.1.2 (java windows)
Content-Length: 64
Content-Type: application/json; charset=utf-8
host: localhost:58968
accept: */*

Response DefaultHttpResponse(decodeResult: success, version: HTTP/1.1)
HTTP/1.1 200 OK
Content-Type: application/json; charset=utf-8
cache-control: no-cache
content-length: 14

01:59:05.366 [AsyncHttpClient-1-14] DEBUG org.asynchttpclient.netty.channel.ChannelManager - Adding key: http://localhost:58968 for channel [id: 0xf562f304, L:/127.0.0.1:56048 - R:localhost/127.0.0.1:58968]
01:59:05.367 [Forwarding setTimeout on session 8149e9e0cf1334e14fbc8583df12e134 to remote] DEBUG org.asynchttpclient.netty.request.NettyRequestSender - Using pooled Channel '[id: 0xf562f304, L:/127.0.0.1:56048 - R:localhost/127.0.0.1:58968]' for 'POST' to 'http://localhost:58968/session/8149e9e0cf1334e14fbc8583df12e134/timeouts'
01:59:05.367 [Forwarding setTimeout on session 8149e9e0cf1334e14fbc8583df12e134 to remote] DEBUG org.asynchttpclient.netty.request.NettyRequestSender - Using open Channel [id: 0xf562f304, L:/127.0.0.1:56048 - R:localhost/127.0.0.1:58968] for POST '/session/8149e9e0cf1334e14fbc8583df12e134/timeouts'
01:59:05.368 [AsyncHttpClient-1-14] DEBUG org.asynchttpclient.netty.handler.HttpHandler - 

Request DefaultHttpRequest(decodeResult: success, version: HTTP/1.1)
POST /session/8149e9e0cf1334e14fbc8583df12e134/timeouts HTTP/1.1
User-Agent: selenium/4.1.2 (java windows)
Content-Length: 22
Content-Type: application/json; charset=utf-8
host: localhost:58968
accept: */*

Response DefaultHttpResponse(decodeResult: success, version: HTTP/1.1)
HTTP/1.1 200 OK
Content-Type: application/json; charset=utf-8
cache-control: no-cache
content-length: 14

01:59:05.368 [AsyncHttpClient-1-14] DEBUG org.asynchttpclient.netty.channel.ChannelManager - Adding key: http://localhost:58968 for channel [id: 0xf562f304, L:/127.0.0.1:56048 - R:localhost/127.0.0.1:58968]
01:59:05.369 [Forwarding getCurrentUrl on session 8149e9e0cf1334e14fbc8583df12e134 to remote] DEBUG org.asynchttpclient.netty.request.NettyRequestSender - Using pooled Channel '[id: 0xf562f304, L:/127.0.0.1:56048 - R:localhost/127.0.0.1:58968]' for 'GET' to 'http://localhost:58968/session/8149e9e0cf1334e14fbc8583df12e134/url'
01:59:05.369 [Forwarding getCurrentUrl on session 8149e9e0cf1334e14fbc8583df12e134 to remote] DEBUG org.asynchttpclient.netty.request.NettyRequestSender - Using open Channel [id: 0xf562f304, L:/127.0.0.1:56048 - R:localhost/127.0.0.1:58968] for GET '/session/8149e9e0cf1334e14fbc8583df12e134/url'
01:59:05.371 [AsyncHttpClient-1-14] DEBUG org.asynchttpclient.netty.handler.HttpHandler - 

Request DefaultFullHttpRequest(decodeResult: success, version: HTTP/1.1, content: EmptyByteBufBE)
GET /session/8149e9e0cf1334e14fbc8583df12e134/url HTTP/1.1
User-Agent: selenium/4.1.2 (java windows)
Cache-Control: no-cache
Content-Type: application/json; charset=utf-8
host: localhost:58968
accept: */*

Response DefaultHttpResponse(decodeResult: success, version: HTTP/1.1)
HTTP/1.1 200 OK
Content-Type: application/json; charset=utf-8
cache-control: no-cache
content-length: 41

01:59:05.371 [AsyncHttpClient-1-14] DEBUG org.asynchttpclient.netty.channel.ChannelManager - Adding key: http://localhost:58968 for channel [id: 0xf562f304, L:/127.0.0.1:56048 - R:localhost/127.0.0.1:58968]
01:59:05.373 [main] DEBUG net.serenitybdd.core.photography.Darkroom - Opening darkroom
01:59:05.374 [Darkroom Processing Line] DEBUG net.serenitybdd.core.photography.DarkroomProcessingLine - Darkroom processing line starting up
01:59:05.374 [Forwarding screenshot on session 8149e9e0cf1334e14fbc8583df12e134 to remote] DEBUG org.asynchttpclient.netty.request.NettyRequestSender - Using pooled Channel '[id: 0xf562f304, L:/127.0.0.1:56048 - R:localhost/127.0.0.1:58968]' for 'GET' to 'http://localhost:58968/session/8149e9e0cf1334e14fbc8583df12e134/screenshot'
01:59:05.374 [Forwarding screenshot on session 8149e9e0cf1334e14fbc8583df12e134 to remote] DEBUG org.asynchttpclient.netty.request.NettyRequestSender - Using open Channel [id: 0xf562f304, L:/127.0.0.1:56048 - R:localhost/127.0.0.1:58968] for GET '/session/8149e9e0cf1334e14fbc8583df12e134/screenshot'
01:59:05.472 [AsyncHttpClient-1-14] DEBUG org.asynchttpclient.netty.handler.HttpHandler - 

Request DefaultFullHttpRequest(decodeResult: success, version: HTTP/1.1, content: EmptyByteBufBE)
GET /session/8149e9e0cf1334e14fbc8583df12e134/screenshot HTTP/1.1
User-Agent: selenium/4.1.2 (java windows)
Cache-Control: no-cache
Content-Type: application/json; charset=utf-8
host: localhost:58968
accept: */*

Response DefaultHttpResponse(decodeResult: success, version: HTTP/1.1)
HTTP/1.1 200 OK
Content-Type: application/json; charset=utf-8
cache-control: no-cache
content-length: 32192

01:59:05.472 [AsyncHttpClient-1-14] DEBUG org.asynchttpclient.netty.channel.ChannelManager - Adding key: http://localhost:58968 for channel [id: 0xf562f304, L:/127.0.0.1:56048 - R:localhost/127.0.0.1:58968]
01:59:05.473 [main] DEBUG net.serenitybdd.core.photography.Darkroom - Send negative for processing for target\site\serenity\4d98329a65403fb35239499910819cdb6d3d71d823e551da367b9fc52c2ec142.png
01:59:05.473 [main] DEBUG net.thucydides.core.steps.StepInterceptor - STEP DONE: loginPage
01:59:05.476 [main] DEBUG net.thucydides.core.steps.StepInterceptor - STARTING STEP: LogoutSteps.onTheLoginPage - validateOnLoginPage
01:59:05.477 [Forwarding findElement on session 8149e9e0cf1334e14fbc8583df12e134 to remote] DEBUG org.asynchttpclient.netty.request.NettyRequestSender - Using pooled Channel '[id: 0xf562f304, L:/127.0.0.1:56048 - R:localhost/127.0.0.1:58968]' for 'POST' to 'http://localhost:58968/session/8149e9e0cf1334e14fbc8583df12e134/element'
01:59:05.477 [Forwarding findElement on session 8149e9e0cf1334e14fbc8583df12e134 to remote] DEBUG org.asynchttpclient.netty.request.NettyRequestSender - Using open Channel [id: 0xf562f304, L:/127.0.0.1:56048 - R:localhost/127.0.0.1:58968] for POST '/session/8149e9e0cf1334e14fbc8583df12e134/element'
01:59:05.485 [AsyncHttpClient-1-14] DEBUG org.asynchttpclient.netty.handler.HttpHandler - 

Request DefaultHttpRequest(decodeResult: success, version: HTTP/1.1)
POST /session/8149e9e0cf1334e14fbc8583df12e134/element HTTP/1.1
User-Agent: selenium/4.1.2 (java windows)
Content-Length: 155
Content-Type: application/json; charset=utf-8
host: localhost:58968
accept: */*

Response DefaultHttpResponse(decodeResult: success, version: HTTP/1.1)
HTTP/1.1 200 OK
Content-Type: application/json; charset=utf-8
cache-control: no-cache
content-length: 88

01:59:05.486 [AsyncHttpClient-1-14] DEBUG org.asynchttpclient.netty.channel.ChannelManager - Adding key: http://localhost:58968 for channel [id: 0xf562f304, L:/127.0.0.1:56048 - R:localhost/127.0.0.1:58968]
01:59:05.488 [Forwarding isElementDisplayed on session 8149e9e0cf1334e14fbc8583df12e134 to remote] DEBUG org.asynchttpclient.netty.request.NettyRequestSender - Using pooled Channel '[id: 0xf562f304, L:/127.0.0.1:56048 - R:localhost/127.0.0.1:58968]' for 'POST' to 'http://localhost:58968/session/8149e9e0cf1334e14fbc8583df12e134/execute/sync'
01:59:05.488 [Forwarding isElementDisplayed on session 8149e9e0cf1334e14fbc8583df12e134 to remote] DEBUG org.asynchttpclient.netty.request.NettyRequestSender - Using open Channel [id: 0xf562f304, L:/127.0.0.1:56048 - R:localhost/127.0.0.1:58968] for POST '/session/8149e9e0cf1334e14fbc8583df12e134/execute/sync'
01:59:05.496 [AsyncHttpClient-1-14] DEBUG org.asynchttpclient.netty.handler.HttpHandler - 

Request DefaultHttpRequest(decodeResult: success, version: HTTP/1.1)
POST /session/8149e9e0cf1334e14fbc8583df12e134/execute/sync HTTP/1.1
User-Agent: selenium/4.1.2 (java windows)
Content-Length: 48780
Content-Type: application/json; charset=utf-8
host: localhost:58968
accept: */*

Response DefaultHttpResponse(decodeResult: success, version: HTTP/1.1)
HTTP/1.1 200 OK
Content-Type: application/json; charset=utf-8
cache-control: no-cache
content-length: 14

01:59:05.496 [AsyncHttpClient-1-14] DEBUG org.asynchttpclient.netty.channel.ChannelManager - Adding key: http://localhost:58968 for channel [id: 0xf562f304, L:/127.0.0.1:56048 - R:localhost/127.0.0.1:58968]
01:59:05.499 [main] DEBUG net.thucydides.core.steps.StepInterceptor - STEP DONE: validateOnLoginPage
  &amp#27;[32mGiven &amp#27;[0m&amp#27;[32mI am on the login page for logout&amp#27;[0m &amp#27;[90m# starter.stepdefinitions.LogoutSteps.onTheLoginPage()&amp#27;[0m
01:59:05.504 [main] DEBUG net.thucydides.core.steps.StepInterceptor - STARTING STEP: LogoutSteps.inputValidEmail - inputEmail
01:59:05.505 [Forwarding findElement on session 8149e9e0cf1334e14fbc8583df12e134 to remote] DEBUG org.asynchttpclient.netty.request.NettyRequestSender - Using pooled Channel '[id: 0xf562f304, L:/127.0.0.1:56048 - R:localhost/127.0.0.1:58968]' for 'POST' to 'http://localhost:58968/session/8149e9e0cf1334e14fbc8583df12e134/element'
01:59:05.505 [Forwarding findElement on session 8149e9e0cf1334e14fbc8583df12e134 to remote] DEBUG org.asynchttpclient.netty.request.NettyRequestSender - Using open Channel [id: 0xf562f304, L:/127.0.0.1:56048 - R:localhost/127.0.0.1:58968] for POST '/session/8149e9e0cf1334e14fbc8583df12e134/element'
01:59:05.513 [AsyncHttpClient-1-14] DEBUG org.asynchttpclient.netty.handler.HttpHandler - 

Request DefaultHttpRequest(decodeResult: success, version: HTTP/1.1)
POST /session/8149e9e0cf1334e14fbc8583df12e134/element HTTP/1.1
User-Agent: selenium/4.1.2 (java windows)
Content-Length: 84
Content-Type: application/json; charset=utf-8
host: localhost:58968
accept: */*

Response DefaultHttpResponse(decodeResult: success, version: HTTP/1.1)
HTTP/1.1 200 OK
Content-Type: application/json; charset=utf-8
cache-control: no-cache
content-length: 88

01:59:05.513 [AsyncHttpClient-1-14] DEBUG org.asynchttpclient.netty.channel.ChannelManager - Adding key: http://localhost:58968 for channel [id: 0xf562f304, L:/127.0.0.1:56048 - R:localhost/127.0.0.1:58968]
01:59:05.515 [Forwarding clearElement on session 8149e9e0cf1334e14fbc8583df12e134 to remote] DEBUG org.asynchttpclient.netty.request.NettyRequestSender - Using pooled Channel '[id: 0xf562f304, L:/127.0.0.1:56048 - R:localhost/127.0.0.1:58968]' for 'POST' to 'http://localhost:58968/session/8149e9e0cf1334e14fbc8583df12e134/element/a2e1a03b-9af1-4a50-a16b-f551e027883e/clear'
01:59:05.515 [Forwarding clearElement on session 8149e9e0cf1334e14fbc8583df12e134 to remote] DEBUG org.asynchttpclient.netty.request.NettyRequestSender - Using open Channel [id: 0xf562f304, L:/127.0.0.1:56048 - R:localhost/127.0.0.1:58968] for POST '/session/8149e9e0cf1334e14fbc8583df12e134/element/a2e1a03b-9af1-4a50-a16b-f551e027883e/clear'
01:59:05.533 [AsyncHttpClient-1-14] DEBUG org.asynchttpclient.netty.handler.HttpHandler - 

Request DefaultHttpRequest(decodeResult: success, version: HTTP/1.1)
POST /session/8149e9e0cf1334e14fbc8583df12e134/element/a2e1a03b-9af1-4a50-a16b-f551e027883e/clear HTTP/1.1
User-Agent: selenium/4.1.2 (java windows)
Content-Length: 50
Content-Type: application/json; charset=utf-8
host: localhost:58968
accept: */*

Response DefaultHttpResponse(decodeResult: success, version: HTTP/1.1)
HTTP/1.1 200 OK
Content-Type: application/json; charset=utf-8
cache-control: no-cache
content-length: 14

01:59:05.533 [AsyncHttpClient-1-14] DEBUG org.asynchttpclient.netty.channel.ChannelManager - Adding key: http://localhost:58968 for channel [id: 0xf562f304, L:/127.0.0.1:56048 - R:localhost/127.0.0.1:58968]
01:59:05.534 [Forwarding sendKeysToElement on session 8149e9e0cf1334e14fbc8583df12e134 to remote] DEBUG org.asynchttpclient.netty.request.NettyRequestSender - Using pooled Channel '[id: 0xf562f304, L:/127.0.0.1:56048 - R:localhost/127.0.0.1:58968]' for 'POST' to 'http://localhost:58968/session/8149e9e0cf1334e14fbc8583df12e134/element/a2e1a03b-9af1-4a50-a16b-f551e027883e/value'
01:59:05.534 [Forwarding sendKeysToElement on session 8149e9e0cf1334e14fbc8583df12e134 to remote] DEBUG org.asynchttpclient.netty.request.NettyRequestSender - Using open Channel [id: 0xf562f304, L:/127.0.0.1:56048 - R:localhost/127.0.0.1:58968] for POST '/session/8149e9e0cf1334e14fbc8583df12e134/element/a2e1a03b-9af1-4a50-a16b-f551e027883e/value'
01:59:05.603 [AsyncHttpClient-1-14] DEBUG org.asynchttpclient.netty.handler.HttpHandler - 

Request DefaultHttpRequest(decodeResult: success, version: HTTP/1.1)
POST /session/8149e9e0cf1334e14fbc8583df12e134/element/a2e1a03b-9af1-4a50-a16b-f551e027883e/value HTTP/1.1
User-Agent: selenium/4.1.2 (java windows)
Content-Length: 231
Content-Type: application/json; charset=utf-8
host: localhost:58968
accept: */*

Response DefaultHttpResponse(decodeResult: success, version: HTTP/1.1)
HTTP/1.1 200 OK
Content-Type: application/json; charset=utf-8
cache-control: no-cache
content-length: 14

01:59:05.603 [AsyncHttpClient-1-14] DEBUG org.asynchttpclient.netty.channel.ChannelManager - Adding key: http://localhost:58968 for channel [id: 0xf562f304, L:/127.0.0.1:56048 - R:localhost/127.0.0.1:58968]
01:59:05.609 [Forwarding screenshot on session 8149e9e0cf1334e14fbc8583df12e134 to remote] DEBUG org.asynchttpclient.netty.request.NettyRequestSender - Using pooled Channel '[id: 0xf562f304, L:/127.0.0.1:56048 - R:localhost/127.0.0.1:58968]' for 'GET' to 'http://localhost:58968/session/8149e9e0cf1334e14fbc8583df12e134/screenshot'
01:59:05.609 [Forwarding screenshot on session 8149e9e0cf1334e14fbc8583df12e134 to remote] DEBUG org.asynchttpclient.netty.request.NettyRequestSender - Using open Channel [id: 0xf562f304, L:/127.0.0.1:56048 - R:localhost/127.0.0.1:58968] for GET '/session/8149e9e0cf1334e14fbc8583df12e134/screenshot'
01:59:05.696 [AsyncHttpClient-1-14] DEBUG org.asynchttpclient.netty.handler.HttpHandler - 

Request DefaultFullHttpRequest(decodeResult: success, version: HTTP/1.1, content: EmptyByteBufBE)
GET /session/8149e9e0cf1334e14fbc8583df12e134/screenshot HTTP/1.1
User-Agent: selenium/4.1.2 (java windows)
Cache-Control: no-cache
Content-Type: application/json; charset=utf-8
host: localhost:58968
accept: */*

Response DefaultHttpResponse(decodeResult: success, version: HTTP/1.1)
HTTP/1.1 200 OK
Content-Type: application/json; charset=utf-8
cache-control: no-cache
content-length: 38012

01:59:05.696 [AsyncHttpClient-1-14] DEBUG org.asynchttpclient.netty.channel.ChannelManager - Adding key: http://localhost:58968 for channel [id: 0xf562f304, L:/127.0.0.1:56048 - R:localhost/127.0.0.1:58968]
01:59:05.698 [main] DEBUG net.serenitybdd.core.photography.Darkroom - Send negative for processing for target\site\serenity\7ddaf75bb1fca6ff13e5fd4e5684cd881d59157a78fef4829952299a2d6e3d22.png
01:59:05.698 [main] DEBUG net.thucydides.core.steps.StepInterceptor - STEP DONE: inputEmail
  &amp#27;[32mWhen &amp#27;[0m&amp#27;[32mI input valid email for logout&amp#27;[0m     &amp#27;[90m# starter.stepdefinitions.LogoutSteps.inputValidEmail()&amp#27;[0m
01:59:05.698 [Darkroom Processing Line] DEBUG net.serenitybdd.core.photography.DarkroomProcessingLine - Processing screenshot image in /var/screenshots/screenshot-14871930497247649726
01:59:05.698 [Darkroom Processing Line] DEBUG net.serenitybdd.core.photography.DarkroomProcessingLine - Saving screenshot to target\site\serenity\7ddaf75bb1fca6ff13e5fd4e5684cd881d59157a78fef4829952299a2d6e3d22.png
01:59:05.717 [main] DEBUG net.thucydides.core.steps.StepInterceptor - STARTING STEP: LogoutSteps.inputValidPassword - inputPassword
01:59:05.720 [Forwarding findElement on session 8149e9e0cf1334e14fbc8583df12e134 to remote] DEBUG org.asynchttpclient.netty.request.NettyRequestSender - Using pooled Channel '[id: 0xf562f304, L:/127.0.0.1:56048 - R:localhost/127.0.0.1:58968]' for 'POST' to 'http://localhost:58968/session/8149e9e0cf1334e14fbc8583df12e134/element'
01:59:05.720 [Forwarding findElement on session 8149e9e0cf1334e14fbc8583df12e134 to remote] DEBUG org.asynchttpclient.netty.request.NettyRequestSender - Using open Channel [id: 0xf562f304, L:/127.0.0.1:56048 - R:localhost/127.0.0.1:58968] for POST '/session/8149e9e0cf1334e14fbc8583df12e134/element'
01:59:05.727 [AsyncHttpClient-1-14] DEBUG org.asynchttpclient.netty.handler.HttpHandler - 

Request DefaultHttpRequest(decodeResult: success, version: HTTP/1.1)
POST /session/8149e9e0cf1334e14fbc8583df12e134/element HTTP/1.1
User-Agent: selenium/4.1.2 (java windows)
Content-Length: 87
Content-Type: application/json; charset=utf-8
host: localhost:58968
accept: */*

Response DefaultHttpResponse(decodeResult: success, version: HTTP/1.1)
HTTP/1.1 200 OK
Content-Type: application/json; charset=utf-8
cache-control: no-cache
content-length: 88

01:59:05.727 [AsyncHttpClient-1-14] DEBUG org.asynchttpclient.netty.channel.ChannelManager - Adding key: http://localhost:58968 for channel [id: 0xf562f304, L:/127.0.0.1:56048 - R:localhost/127.0.0.1:58968]
01:59:05.728 [Forwarding clearElement on session 8149e9e0cf1334e14fbc8583df12e134 to remote] DEBUG org.asynchttpclient.netty.request.NettyRequestSender - Using pooled Channel '[id: 0xf562f304, L:/127.0.0.1:56048 - R:localhost/127.0.0.1:58968]' for 'POST' to 'http://localhost:58968/session/8149e9e0cf1334e14fbc8583df12e134/element/bff4175b-9381-466a-8978-e66332895f28/clear'
01:59:05.728 [Forwarding clearElement on session 8149e9e0cf1334e14fbc8583df12e134 to remote] DEBUG org.asynchttpclient.netty.request.NettyRequestSender - Using open Channel [id: 0xf562f304, L:/127.0.0.1:56048 - R:localhost/127.0.0.1:58968] for POST '/session/8149e9e0cf1334e14fbc8583df12e134/element/bff4175b-9381-466a-8978-e66332895f28/clear'
01:59:05.747 [AsyncHttpClient-1-14] DEBUG org.asynchttpclient.netty.handler.HttpHandler - 

Request DefaultHttpRequest(decodeResult: success, version: HTTP/1.1)
POST /session/8149e9e0cf1334e14fbc8583df12e134/element/bff4175b-9381-466a-8978-e66332895f28/clear HTTP/1.1
User-Agent: selenium/4.1.2 (java windows)
Content-Length: 50
Content-Type: application/json; charset=utf-8
host: localhost:58968
accept: */*

Response DefaultHttpResponse(decodeResult: success, version: HTTP/1.1)
HTTP/1.1 200 OK
Content-Type: application/json; charset=utf-8
cache-control: no-cache
content-length: 14

01:59:05.747 [AsyncHttpClient-1-14] DEBUG org.asynchttpclient.netty.channel.ChannelManager - Adding key: http://localhost:58968 for channel [id: 0xf562f304, L:/127.0.0.1:56048 - R:localhost/127.0.0.1:58968]
01:59:05.750 [Forwarding sendKeysToElement on session 8149e9e0cf1334e14fbc8583df12e134 to remote] DEBUG org.asynchttpclient.netty.request.NettyRequestSender - Using pooled Channel '[id: 0xf562f304, L:/127.0.0.1:56048 - R:localhost/127.0.0.1:58968]' for 'POST' to 'http://localhost:58968/session/8149e9e0cf1334e14fbc8583df12e134/element/bff4175b-9381-466a-8978-e66332895f28/value'
01:59:05.750 [Forwarding sendKeysToElement on session 8149e9e0cf1334e14fbc8583df12e134 to remote] DEBUG org.asynchttpclient.netty.request.NettyRequestSender - Using open Channel [id: 0xf562f304, L:/127.0.0.1:56048 - R:localhost/127.0.0.1:58968] for POST '/session/8149e9e0cf1334e14fbc8583df12e134/element/bff4175b-9381-466a-8978-e66332895f28/value'
01:59:05.791 [AsyncHttpClient-1-14] DEBUG org.asynchttpclient.netty.handler.HttpHandler - 

Request DefaultHttpRequest(decodeResult: success, version: HTTP/1.1)
POST /session/8149e9e0cf1334e14fbc8583df12e134/element/bff4175b-9381-466a-8978-e66332895f28/value HTTP/1.1
User-Agent: selenium/4.1.2 (java windows)
Content-Length: 151
Content-Type: application/json; charset=utf-8
host: localhost:58968
accept: */*

Response DefaultHttpResponse(decodeResult: success, version: HTTP/1.1)
HTTP/1.1 200 OK
Content-Type: application/json; charset=utf-8
cache-control: no-cache
content-length: 14

01:59:05.792 [AsyncHttpClient-1-14] DEBUG org.asynchttpclient.netty.channel.ChannelManager - Adding key: http://localhost:58968 for channel [id: 0xf562f304, L:/127.0.0.1:56048 - R:localhost/127.0.0.1:58968]
01:59:05.796 [Forwarding screenshot on session 8149e9e0cf1334e14fbc8583df12e134 to remote] DEBUG org.asynchttpclient.netty.request.NettyRequestSender - Using pooled Channel '[id: 0xf562f304, L:/127.0.0.1:56048 - R:localhost/127.0.0.1:58968]' for 'GET' to 'http://localhost:58968/session/8149e9e0cf1334e14fbc8583df12e134/screenshot'
01:59:05.796 [Forwarding screenshot on session 8149e9e0cf1334e14fbc8583df12e134 to remote] DEBUG org.asynchttpclient.netty.request.NettyRequestSender - Using open Channel [id: 0xf562f304, L:/127.0.0.1:56048 - R:localhost/127.0.0.1:58968] for GET '/session/8149e9e0cf1334e14fbc8583df12e134/screenshot'
01:59:05.888 [AsyncHttpClient-1-14] DEBUG org.asynchttpclient.netty.handler.HttpHandler - 

Request DefaultFullHttpRequest(decodeResult: success, version: HTTP/1.1, content: EmptyByteBufBE)
GET /session/8149e9e0cf1334e14fbc8583df12e134/screenshot HTTP/1.1
User-Agent: selenium/4.1.2 (java windows)
Cache-Control: no-cache
Content-Type: application/json; charset=utf-8
host: localhost:58968
accept: */*

Response DefaultHttpResponse(decodeResult: success, version: HTTP/1.1)
HTTP/1.1 200 OK
Content-Type: application/json; charset=utf-8
cache-control: no-cache
content-length: 40528

01:59:05.888 [AsyncHttpClient-1-14] DEBUG org.asynchttpclient.netty.channel.ChannelManager - Adding key: http://localhost:58968 for channel [id: 0xf562f304, L:/127.0.0.1:56048 - R:localhost/127.0.0.1:58968]
01:59:05.890 [main] DEBUG net.serenitybdd.core.photography.Darkroom - Send negative for processing for target\site\serenity\586141d5a140073d6000ce0f5c9431893f2dde05ab72fa83ab9e9fb8e5cf3d84.png
01:59:05.890 [main] DEBUG net.thucydides.core.steps.StepInterceptor - STEP DONE: inputPassword
  &amp#27;[32mAnd &amp#27;[0m&amp#27;[32mI input valid password for logout&amp#27;[0m   &amp#27;[90m# starter.stepdefinitions.LogoutSteps.inputValidPassword()&amp#27;[0m
01:59:05.890 [Darkroom Processing Line] DEBUG net.serenitybdd.core.photography.DarkroomProcessingLine - Processing screenshot image in /var/screenshots/screenshot-7961287800901288972
01:59:05.890 [Darkroom Processing Line] DEBUG net.serenitybdd.core.photography.DarkroomProcessingLine - Saving screenshot to target\site\serenity\586141d5a140073d6000ce0f5c9431893f2dde05ab72fa83ab9e9fb8e5cf3d84.png
01:59:05.900 [main] DEBUG net.thucydides.core.steps.StepInterceptor - STARTING STEP: LogoutSteps.clickLoginButton - clickLoginButton
01:59:05.902 [Forwarding findElement on session 8149e9e0cf1334e14fbc8583df12e134 to remote] DEBUG org.asynchttpclient.netty.request.NettyRequestSender - Using pooled Channel '[id: 0xf562f304, L:/127.0.0.1:56048 - R:localhost/127.0.0.1:58968]' for 'POST' to 'http://localhost:58968/session/8149e9e0cf1334e14fbc8583df12e134/element'
01:59:05.902 [Forwarding findElement on session 8149e9e0cf1334e14fbc8583df12e134 to remote] DEBUG org.asynchttpclient.netty.request.NettyRequestSender - Using open Channel [id: 0xf562f304, L:/127.0.0.1:56048 - R:localhost/127.0.0.1:58968] for POST '/session/8149e9e0cf1334e14fbc8583df12e134/element'
01:59:05.910 [AsyncHttpClient-1-14] DEBUG org.asynchttpclient.netty.handler.HttpHandler - 

Request DefaultHttpRequest(decodeResult: success, version: HTTP/1.1)
POST /session/8149e9e0cf1334e14fbc8583df12e134/element HTTP/1.1
User-Agent: selenium/4.1.2 (java windows)
Content-Length: 155
Content-Type: application/json; charset=utf-8
host: localhost:58968
accept: */*

Response DefaultHttpResponse(decodeResult: success, version: HTTP/1.1)
HTTP/1.1 200 OK
Content-Type: application/json; charset=utf-8
cache-control: no-cache
content-length: 88

01:59:05.910 [AsyncHttpClient-1-14] DEBUG org.asynchttpclient.netty.channel.ChannelManager - Adding key: http://localhost:58968 for channel [id: 0xf562f304, L:/127.0.0.1:56048 - R:localhost/127.0.0.1:58968]
01:59:05.911 [Forwarding getElementTagName on session 8149e9e0cf1334e14fbc8583df12e134 to remote] DEBUG org.asynchttpclient.netty.request.NettyRequestSender - Using pooled Channel '[id: 0xf562f304, L:/127.0.0.1:56048 - R:localhost/127.0.0.1:58968]' for 'GET' to 'http://localhost:58968/session/8149e9e0cf1334e14fbc8583df12e134/element/b355da4a-7353-4318-b96c-a2bd8a2866b5/name'
01:59:05.911 [Forwarding getElementTagName on session 8149e9e0cf1334e14fbc8583df12e134 to remote] DEBUG org.asynchttpclient.netty.request.NettyRequestSender - Using open Channel [id: 0xf562f304, L:/127.0.0.1:56048 - R:localhost/127.0.0.1:58968] for GET '/session/8149e9e0cf1334e14fbc8583df12e134/element/b355da4a-7353-4318-b96c-a2bd8a2866b5/name'
01:59:05.917 [AsyncHttpClient-1-14] DEBUG org.asynchttpclient.netty.handler.HttpHandler - 

Request DefaultFullHttpRequest(decodeResult: success, version: HTTP/1.1, content: EmptyByteBufBE)
GET /session/8149e9e0cf1334e14fbc8583df12e134/element/b355da4a-7353-4318-b96c-a2bd8a2866b5/name HTTP/1.1
User-Agent: selenium/4.1.2 (java windows)
Cache-Control: no-cache
Content-Type: application/json; charset=utf-8
host: localhost:58968
accept: */*

Response DefaultHttpResponse(decodeResult: success, version: HTTP/1.1)
HTTP/1.1 200 OK
Content-Type: application/json; charset=utf-8
cache-control: no-cache
content-length: 18

01:59:05.917 [AsyncHttpClient-1-14] DEBUG org.asynchttpclient.netty.channel.ChannelManager - Adding key: http://localhost:58968 for channel [id: 0xf562f304, L:/127.0.0.1:56048 - R:localhost/127.0.0.1:58968]
01:59:05.918 [Forwarding getElementTagName on session 8149e9e0cf1334e14fbc8583df12e134 to remote] DEBUG org.asynchttpclient.netty.request.NettyRequestSender - Using pooled Channel '[id: 0xf562f304, L:/127.0.0.1:56048 - R:localhost/127.0.0.1:58968]' for 'GET' to 'http://localhost:58968/session/8149e9e0cf1334e14fbc8583df12e134/element/b355da4a-7353-4318-b96c-a2bd8a2866b5/name'
01:59:05.918 [Forwarding getElementTagName on session 8149e9e0cf1334e14fbc8583df12e134 to remote] DEBUG org.asynchttpclient.netty.request.NettyRequestSender - Using open Channel [id: 0xf562f304, L:/127.0.0.1:56048 - R:localhost/127.0.0.1:58968] for GET '/session/8149e9e0cf1334e14fbc8583df12e134/element/b355da4a-7353-4318-b96c-a2bd8a2866b5/name'
01:59:05.923 [AsyncHttpClient-1-14] DEBUG org.asynchttpclient.netty.handler.HttpHandler - 

Request DefaultFullHttpRequest(decodeResult: success, version: HTTP/1.1, content: EmptyByteBufBE)
GET /session/8149e9e0cf1334e14fbc8583df12e134/element/b355da4a-7353-4318-b96c-a2bd8a2866b5/name HTTP/1.1
User-Agent: selenium/4.1.2 (java windows)
Cache-Control: no-cache
Content-Type: application/json; charset=utf-8
host: localhost:58968
accept: */*

Response DefaultHttpResponse(decodeResult: success, version: HTTP/1.1)
HTTP/1.1 200 OK
Content-Type: application/json; charset=utf-8
cache-control: no-cache
content-length: 18

01:59:05.924 [AsyncHttpClient-1-14] DEBUG org.asynchttpclient.netty.channel.ChannelManager - Adding key: http://localhost:58968 for channel [id: 0xf562f304, L:/127.0.0.1:56048 - R:localhost/127.0.0.1:58968]
01:59:05.926 [Forwarding isElementEnabled on session 8149e9e0cf1334e14fbc8583df12e134 to remote] DEBUG org.asynchttpclient.netty.request.NettyRequestSender - Using pooled Channel '[id: 0xf562f304, L:/127.0.0.1:56048 - R:localhost/127.0.0.1:58968]' for 'GET' to 'http://localhost:58968/session/8149e9e0cf1334e14fbc8583df12e134/element/b355da4a-7353-4318-b96c-a2bd8a2866b5/enabled'
01:59:05.926 [Forwarding isElementEnabled on session 8149e9e0cf1334e14fbc8583df12e134 to remote] DEBUG org.asynchttpclient.netty.request.NettyRequestSender - Using open Channel [id: 0xf562f304, L:/127.0.0.1:56048 - R:localhost/127.0.0.1:58968] for GET '/session/8149e9e0cf1334e14fbc8583df12e134/element/b355da4a-7353-4318-b96c-a2bd8a2866b5/enabled'
01:59:05.939 [AsyncHttpClient-1-14] DEBUG org.asynchttpclient.netty.handler.HttpHandler - 

Request DefaultFullHttpRequest(decodeResult: success, version: HTTP/1.1, content: EmptyByteBufBE)
GET /session/8149e9e0cf1334e14fbc8583df12e134/element/b355da4a-7353-4318-b96c-a2bd8a2866b5/enabled HTTP/1.1
User-Agent: selenium/4.1.2 (java windows)
Cache-Control: no-cache
Content-Type: application/json; charset=utf-8
host: localhost:58968
accept: */*

Response DefaultHttpResponse(decodeResult: success, version: HTTP/1.1)
HTTP/1.1 200 OK
Content-Type: application/json; charset=utf-8
cache-control: no-cache
content-length: 14

01:59:05.939 [AsyncHttpClient-1-14] DEBUG org.asynchttpclient.netty.channel.ChannelManager - Adding key: http://localhost:58968 for channel [id: 0xf562f304, L:/127.0.0.1:56048 - R:localhost/127.0.0.1:58968]
01:59:05.942 [Forwarding isElementEnabled on session 8149e9e0cf1334e14fbc8583df12e134 to remote] DEBUG org.asynchttpclient.netty.request.NettyRequestSender - Using pooled Channel '[id: 0xf562f304, L:/127.0.0.1:56048 - R:localhost/127.0.0.1:58968]' for 'GET' to 'http://localhost:58968/session/8149e9e0cf1334e14fbc8583df12e134/element/b355da4a-7353-4318-b96c-a2bd8a2866b5/enabled'
01:59:05.942 [Forwarding isElementEnabled on session 8149e9e0cf1334e14fbc8583df12e134 to remote] DEBUG org.asynchttpclient.netty.request.NettyRequestSender - Using open Channel [id: 0xf562f304, L:/127.0.0.1:56048 - R:localhost/127.0.0.1:58968] for GET '/session/8149e9e0cf1334e14fbc8583df12e134/element/b355da4a-7353-4318-b96c-a2bd8a2866b5/enabled'
01:59:05.948 [AsyncHttpClient-1-14] DEBUG org.asynchttpclient.netty.handler.HttpHandler - 

Request DefaultFullHttpRequest(decodeResult: success, version: HTTP/1.1, content: EmptyByteBufBE)
GET /session/8149e9e0cf1334e14fbc8583df12e134/element/b355da4a-7353-4318-b96c-a2bd8a2866b5/enabled HTTP/1.1
User-Agent: selenium/4.1.2 (java windows)
Cache-Control: no-cache
Content-Type: application/json; charset=utf-8
host: localhost:58968
accept: */*

Response DefaultHttpResponse(decodeResult: success, version: HTTP/1.1)
HTTP/1.1 200 OK
Content-Type: application/json; charset=utf-8
cache-control: no-cache
content-length: 14

01:59:05.949 [AsyncHttpClient-1-14] DEBUG org.asynchttpclient.netty.channel.ChannelManager - Adding key: http://localhost:58968 for channel [id: 0xf562f304, L:/127.0.0.1:56048 - R:localhost/127.0.0.1:58968]
01:59:05.951 [Forwarding findElement on session 8149e9e0cf1334e14fbc8583df12e134 to remote] DEBUG org.asynchttpclient.netty.request.NettyRequestSender - Using pooled Channel '[id: 0xf562f304, L:/127.0.0.1:56048 - R:localhost/127.0.0.1:58968]' for 'POST' to 'http://localhost:58968/session/8149e9e0cf1334e14fbc8583df12e134/element'
01:59:05.951 [Forwarding findElement on session 8149e9e0cf1334e14fbc8583df12e134 to remote] DEBUG org.asynchttpclient.netty.request.NettyRequestSender - Using open Channel [id: 0xf562f304, L:/127.0.0.1:56048 - R:localhost/127.0.0.1:58968] for POST '/session/8149e9e0cf1334e14fbc8583df12e134/element'
01:59:05.958 [AsyncHttpClient-1-14] DEBUG org.asynchttpclient.netty.handler.HttpHandler - 

Request DefaultHttpRequest(decodeResult: success, version: HTTP/1.1)
POST /session/8149e9e0cf1334e14fbc8583df12e134/element HTTP/1.1
User-Agent: selenium/4.1.2 (java windows)
Content-Length: 155
Content-Type: application/json; charset=utf-8
host: localhost:58968
accept: */*

Response DefaultHttpResponse(decodeResult: success, version: HTTP/1.1)
HTTP/1.1 200 OK
Content-Type: application/json; charset=utf-8
cache-control: no-cache
content-length: 88

01:59:05.958 [AsyncHttpClient-1-14] DEBUG org.asynchttpclient.netty.channel.ChannelManager - Adding key: http://localhost:58968 for channel [id: 0xf562f304, L:/127.0.0.1:56048 - R:localhost/127.0.0.1:58968]
01:59:05.960 [Forwarding clickElement on session 8149e9e0cf1334e14fbc8583df12e134 to remote] DEBUG org.asynchttpclient.netty.request.NettyRequestSender - Using pooled Channel '[id: 0xf562f304, L:/127.0.0.1:56048 - R:localhost/127.0.0.1:58968]' for 'POST' to 'http://localhost:58968/session/8149e9e0cf1334e14fbc8583df12e134/element/b355da4a-7353-4318-b96c-a2bd8a2866b5/click'
01:59:05.960 [Forwarding clickElement on session 8149e9e0cf1334e14fbc8583df12e134 to remote] DEBUG org.asynchttpclient.netty.request.NettyRequestSender - Using open Channel [id: 0xf562f304, L:/127.0.0.1:56048 - R:localhost/127.0.0.1:58968] for POST '/session/8149e9e0cf1334e14fbc8583df12e134/element/b355da4a-7353-4318-b96c-a2bd8a2866b5/click'
01:59:05.999 [AsyncHttpClient-1-14] DEBUG org.asynchttpclient.netty.handler.HttpHandler - 

Request DefaultHttpRequest(decodeResult: success, version: HTTP/1.1)
POST /session/8149e9e0cf1334e14fbc8583df12e134/element/b355da4a-7353-4318-b96c-a2bd8a2866b5/click HTTP/1.1
User-Agent: selenium/4.1.2 (java windows)
Content-Length: 50
Content-Type: application/json; charset=utf-8
host: localhost:58968
accept: */*

Response DefaultHttpResponse(decodeResult: success, version: HTTP/1.1)
HTTP/1.1 200 OK
Content-Type: application/json; charset=utf-8
cache-control: no-cache
content-length: 14

01:59:05.999 [AsyncHttpClient-1-14] DEBUG org.asynchttpclient.netty.channel.ChannelManager - Adding key: http://localhost:58968 for channel [id: 0xf562f304, L:/127.0.0.1:56048 - R:localhost/127.0.0.1:58968]
01:59:06.002 [Forwarding screenshot on session 8149e9e0cf1334e14fbc8583df12e134 to remote] DEBUG org.asynchttpclient.netty.request.NettyRequestSender - Using pooled Channel '[id: 0xf562f304, L:/127.0.0.1:56048 - R:localhost/127.0.0.1:58968]' for 'GET' to 'http://localhost:58968/session/8149e9e0cf1334e14fbc8583df12e134/screenshot'
01:59:06.002 [Forwarding screenshot on session 8149e9e0cf1334e14fbc8583df12e134 to remote] DEBUG org.asynchttpclient.netty.request.NettyRequestSender - Using open Channel [id: 0xf562f304, L:/127.0.0.1:56048 - R:localhost/127.0.0.1:58968] for GET '/session/8149e9e0cf1334e14fbc8583df12e134/screenshot'
01:59:06.118 [AsyncHttpClient-1-14] DEBUG org.asynchttpclient.netty.handler.HttpHandler - 

Request DefaultFullHttpRequest(decodeResult: success, version: HTTP/1.1, content: EmptyByteBufBE)
GET /session/8149e9e0cf1334e14fbc8583df12e134/screenshot HTTP/1.1
User-Agent: selenium/4.1.2 (java windows)
Cache-Control: no-cache
Content-Type: application/json; charset=utf-8
host: localhost:58968
accept: */*

Response DefaultHttpResponse(decodeResult: success, version: HTTP/1.1)
HTTP/1.1 200 OK
Content-Type: application/json; charset=utf-8
cache-control: no-cache
content-length: 39960

01:59:06.119 [AsyncHttpClient-1-14] DEBUG org.asynchttpclient.netty.channel.ChannelManager - Adding key: http://localhost:58968 for channel [id: 0xf562f304, L:/127.0.0.1:56048 - R:localhost/127.0.0.1:58968]
01:59:06.120 [main] DEBUG net.serenitybdd.core.photography.Darkroom - Send negative for processing for target\site\serenity\d5aabf4e8c5a88bcb3d2be7991b5dae01ee97962f49ecd50424706f1164d9ffa.png
01:59:06.120 [main] DEBUG net.thucydides.core.steps.StepInterceptor - STEP DONE: clickLoginButton
  &amp#27;[32mAnd &amp#27;[0m&amp#27;[32mI click on login button for logout&amp#27;[0m  &amp#27;[90m# starter.stepdefinitions.LogoutSteps.clickLoginButton()&amp#27;[0m
01:59:06.122 [Darkroom Processing Line] DEBUG net.serenitybdd.core.photography.DarkroomProcessingLine - Processing screenshot image in /var/screenshots/screenshot-9086960734904413657
01:59:06.122 [Darkroom Processing Line] DEBUG net.serenitybdd.core.photography.DarkroomProcessingLine - Saving screenshot to target\site\serenity\d5aabf4e8c5a88bcb3d2be7991b5dae01ee97962f49ecd50424706f1164d9ffa.png
01:59:06.132 [main] DEBUG net.thucydides.core.steps.StepInterceptor - STARTING STEP: LogoutSteps.onTheHomePage - validateOnHomePage
01:59:06.133 [Forwarding findElement on session 8149e9e0cf1334e14fbc8583df12e134 to remote] DEBUG org.asynchttpclient.netty.request.NettyRequestSender - Using pooled Channel '[id: 0xf562f304, L:/127.0.0.1:56048 - R:localhost/127.0.0.1:58968]' for 'POST' to 'http://localhost:58968/session/8149e9e0cf1334e14fbc8583df12e134/element'
01:59:06.133 [Forwarding findElement on session 8149e9e0cf1334e14fbc8583df12e134 to remote] DEBUG org.asynchttpclient.netty.request.NettyRequestSender - Using open Channel [id: 0xf562f304, L:/127.0.0.1:56048 - R:localhost/127.0.0.1:58968] for POST '/session/8149e9e0cf1334e14fbc8583df12e134/element'
01:59:06.262 [AsyncHttpClient-1-1] DEBUG org.asynchttpclient.netty.channel.DefaultChannelPool - Entry count for : http://localhost:56049 : 1
01:59:07.361 [AsyncHttpClient-1-1] DEBUG org.asynchttpclient.netty.channel.DefaultChannelPool - Entry count for : http://localhost:56049 : 1
01:59:08.461 [AsyncHttpClient-1-1] DEBUG org.asynchttpclient.netty.channel.DefaultChannelPool - Entry count for : http://localhost:56049 : 1
01:59:08.476 [AsyncHttpClient-1-14] DEBUG org.asynchttpclient.netty.handler.HttpHandler - 

Request DefaultHttpRequest(decodeResult: success, version: HTTP/1.1)
POST /session/8149e9e0cf1334e14fbc8583df12e134/element HTTP/1.1
User-Agent: selenium/4.1.2 (java windows)
Content-Length: 140
Content-Type: application/json; charset=utf-8
host: localhost:58968
accept: */*

Response DefaultHttpResponse(decodeResult: success, version: HTTP/1.1)
HTTP/1.1 200 OK
Content-Type: application/json; charset=utf-8
cache-control: no-cache
content-length: 88

01:59:08.476 [AsyncHttpClient-1-14] DEBUG org.asynchttpclient.netty.channel.ChannelManager - Adding key: http://localhost:58968 for channel [id: 0xf562f304, L:/127.0.0.1:56048 - R:localhost/127.0.0.1:58968]
01:59:08.480 [Forwarding isElementDisplayed on session 8149e9e0cf1334e14fbc8583df12e134 to remote] DEBUG org.asynchttpclient.netty.request.NettyRequestSender - Using pooled Channel '[id: 0xf562f304, L:/127.0.0.1:56048 - R:localhost/127.0.0.1:58968]' for 'POST' to 'http://localhost:58968/session/8149e9e0cf1334e14fbc8583df12e134/execute/sync'
01:59:08.480 [Forwarding isElementDisplayed on session 8149e9e0cf1334e14fbc8583df12e134 to remote] DEBUG org.asynchttpclient.netty.request.NettyRequestSender - Using open Channel [id: 0xf562f304, L:/127.0.0.1:56048 - R:localhost/127.0.0.1:58968] for POST '/session/8149e9e0cf1334e14fbc8583df12e134/execute/sync'
01:59:08.490 [AsyncHttpClient-1-14] DEBUG org.asynchttpclient.netty.handler.HttpHandler - 

Request DefaultHttpRequest(decodeResult: success, version: HTTP/1.1)
POST /session/8149e9e0cf1334e14fbc8583df12e134/execute/sync HTTP/1.1
User-Agent: selenium/4.1.2 (java windows)
Content-Length: 48780
Content-Type: application/json; charset=utf-8
host: localhost:58968
accept: */*

Response DefaultHttpResponse(decodeResult: success, version: HTTP/1.1)
HTTP/1.1 200 OK
Content-Type: application/json; charset=utf-8
cache-control: no-cache
content-length: 14

01:59:08.490 [AsyncHttpClient-1-14] DEBUG org.asynchttpclient.netty.channel.ChannelManager - Adding key: http://localhost:58968 for channel [id: 0xf562f304, L:/127.0.0.1:56048 - R:localhost/127.0.0.1:58968]
01:59:08.492 [Forwarding screenshot on session 8149e9e0cf1334e14fbc8583df12e134 to remote] DEBUG org.asynchttpclient.netty.request.NettyRequestSender - Using pooled Channel '[id: 0xf562f304, L:/127.0.0.1:56048 - R:localhost/127.0.0.1:58968]' for 'GET' to 'http://localhost:58968/session/8149e9e0cf1334e14fbc8583df12e134/screenshot'
01:59:08.492 [Forwarding screenshot on session 8149e9e0cf1334e14fbc8583df12e134 to remote] DEBUG org.asynchttpclient.netty.request.NettyRequestSender - Using open Channel [id: 0xf562f304, L:/127.0.0.1:56048 - R:localhost/127.0.0.1:58968] for GET '/session/8149e9e0cf1334e14fbc8583df12e134/screenshot'
01:59:08.589 [AsyncHttpClient-1-14] DEBUG org.asynchttpclient.netty.handler.HttpHandler - 

Request DefaultFullHttpRequest(decodeResult: success, version: HTTP/1.1, content: EmptyByteBufBE)
GET /session/8149e9e0cf1334e14fbc8583df12e134/screenshot HTTP/1.1
User-Agent: selenium/4.1.2 (java windows)
Cache-Control: no-cache
Content-Type: application/json; charset=utf-8
host: localhost:58968
accept: */*

Response DefaultHttpResponse(decodeResult: success, version: HTTP/1.1)
HTTP/1.1 200 OK
Content-Type: application/json; charset=utf-8
cache-control: no-cache
content-length: 71468

01:59:08.589 [AsyncHttpClient-1-14] DEBUG org.asynchttpclient.netty.channel.ChannelManager - Adding key: http://localhost:58968 for channel [id: 0xf562f304, L:/127.0.0.1:56048 - R:localhost/127.0.0.1:58968]
01:59:08.591 [main] DEBUG net.serenitybdd.core.photography.Darkroom - Send negative for processing for target\site\serenity\cd89c9bc56e6031d69f79915b8e613b6209f0aba5b1e3499ec64229f1d3b72c4.png
01:59:08.591 [main] DEBUG net.thucydides.core.steps.StepInterceptor - STEP DONE: validateOnHomePage
  &amp#27;[32mAnd &amp#27;[0m&amp#27;[32mI am on the home page for logout&amp#27;[0m    &amp#27;[90m# starter.stepdefinitions.LogoutSteps.onTheHomePage()&amp#27;[0m
01:59:08.591 [Darkroom Processing Line] DEBUG net.serenitybdd.core.photography.DarkroomProcessingLine - Processing screenshot image in /var/screenshots/screenshot-13913641847746492371
01:59:08.591 [Darkroom Processing Line] DEBUG net.serenitybdd.core.photography.DarkroomProcessingLine - Saving screenshot to target\site\serenity\cd89c9bc56e6031d69f79915b8e613b6209f0aba5b1e3499ec64229f1d3b72c4.png
01:59:08.601 [main] DEBUG net.thucydides.core.steps.StepInterceptor - STARTING STEP: LogoutSteps.clickProfileIcon - clickProfileIcon
01:59:08.602 [Forwarding findElement on session 8149e9e0cf1334e14fbc8583df12e134 to remote] DEBUG org.asynchttpclient.netty.request.NettyRequestSender - Using pooled Channel '[id: 0xf562f304, L:/127.0.0.1:56048 - R:localhost/127.0.0.1:58968]' for 'POST' to 'http://localhost:58968/session/8149e9e0cf1334e14fbc8583df12e134/element'
01:59:08.603 [Forwarding findElement on session 8149e9e0cf1334e14fbc8583df12e134 to remote] DEBUG org.asynchttpclient.netty.request.NettyRequestSender - Using open Channel [id: 0xf562f304, L:/127.0.0.1:56048 - R:localhost/127.0.0.1:58968] for POST '/session/8149e9e0cf1334e14fbc8583df12e134/element'
01:59:08.618 [AsyncHttpClient-1-14] DEBUG org.asynchttpclient.netty.handler.HttpHandler - 

Request DefaultHttpRequest(decodeResult: success, version: HTTP/1.1)
POST /session/8149e9e0cf1334e14fbc8583df12e134/element HTTP/1.1
User-Agent: selenium/4.1.2 (java windows)
Content-Length: 103
Content-Type: application/json; charset=utf-8
host: localhost:58968
accept: */*

Response DefaultHttpResponse(decodeResult: success, version: HTTP/1.1)
HTTP/1.1 200 OK
Content-Type: application/json; charset=utf-8
cache-control: no-cache
content-length: 88

01:59:08.618 [AsyncHttpClient-1-14] DEBUG org.asynchttpclient.netty.channel.ChannelManager - Adding key: http://localhost:58968 for channel [id: 0xf562f304, L:/127.0.0.1:56048 - R:localhost/127.0.0.1:58968]
01:59:08.618 [Forwarding getElementTagName on session 8149e9e0cf1334e14fbc8583df12e134 to remote] DEBUG org.asynchttpclient.netty.request.NettyRequestSender - Using pooled Channel '[id: 0xf562f304, L:/127.0.0.1:56048 - R:localhost/127.0.0.1:58968]' for 'GET' to 'http://localhost:58968/session/8149e9e0cf1334e14fbc8583df12e134/element/fb272412-bb43-43d0-b6bd-2e6acbd71e14/name'
01:59:08.619 [Forwarding getElementTagName on session 8149e9e0cf1334e14fbc8583df12e134 to remote] DEBUG org.asynchttpclient.netty.request.NettyRequestSender - Using open Channel [id: 0xf562f304, L:/127.0.0.1:56048 - R:localhost/127.0.0.1:58968] for GET '/session/8149e9e0cf1334e14fbc8583df12e134/element/fb272412-bb43-43d0-b6bd-2e6acbd71e14/name'
01:59:08.626 [AsyncHttpClient-1-14] DEBUG org.asynchttpclient.netty.handler.HttpHandler - 

Request DefaultFullHttpRequest(decodeResult: success, version: HTTP/1.1, content: EmptyByteBufBE)
GET /session/8149e9e0cf1334e14fbc8583df12e134/element/fb272412-bb43-43d0-b6bd-2e6acbd71e14/name HTTP/1.1
User-Agent: selenium/4.1.2 (java windows)
Cache-Control: no-cache
Content-Type: application/json; charset=utf-8
host: localhost:58968
accept: */*

Response DefaultHttpResponse(decodeResult: success, version: HTTP/1.1)
HTTP/1.1 200 OK
Content-Type: application/json; charset=utf-8
cache-control: no-cache
content-length: 13

01:59:08.626 [AsyncHttpClient-1-14] DEBUG org.asynchttpclient.netty.channel.ChannelManager - Adding key: http://localhost:58968 for channel [id: 0xf562f304, L:/127.0.0.1:56048 - R:localhost/127.0.0.1:58968]
01:59:08.629 [Forwarding getElementTagName on session 8149e9e0cf1334e14fbc8583df12e134 to remote] DEBUG org.asynchttpclient.netty.request.NettyRequestSender - Using pooled Channel '[id: 0xf562f304, L:/127.0.0.1:56048 - R:localhost/127.0.0.1:58968]' for 'GET' to 'http://localhost:58968/session/8149e9e0cf1334e14fbc8583df12e134/element/fb272412-bb43-43d0-b6bd-2e6acbd71e14/name'
01:59:08.629 [Forwarding getElementTagName on session 8149e9e0cf1334e14fbc8583df12e134 to remote] DEBUG org.asynchttpclient.netty.request.NettyRequestSender - Using open Channel [id: 0xf562f304, L:/127.0.0.1:56048 - R:localhost/127.0.0.1:58968] for GET '/session/8149e9e0cf1334e14fbc8583df12e134/element/fb272412-bb43-43d0-b6bd-2e6acbd71e14/name'
01:59:08.633 [AsyncHttpClient-1-14] DEBUG org.asynchttpclient.netty.handler.HttpHandler - 

Request DefaultFullHttpRequest(decodeResult: success, version: HTTP/1.1, content: EmptyByteBufBE)
GET /session/8149e9e0cf1334e14fbc8583df12e134/element/fb272412-bb43-43d0-b6bd-2e6acbd71e14/name HTTP/1.1
User-Agent: selenium/4.1.2 (java windows)
Cache-Control: no-cache
Content-Type: application/json; charset=utf-8
host: localhost:58968
accept: */*

Response DefaultHttpResponse(decodeResult: success, version: HTTP/1.1)
HTTP/1.1 200 OK
Content-Type: application/json; charset=utf-8
cache-control: no-cache
content-length: 13

01:59:08.633 [AsyncHttpClient-1-14] DEBUG org.asynchttpclient.netty.channel.ChannelManager - Adding key: http://localhost:58968 for channel [id: 0xf562f304, L:/127.0.0.1:56048 - R:localhost/127.0.0.1:58968]
01:59:08.635 [Forwarding findElement on session 8149e9e0cf1334e14fbc8583df12e134 to remote] DEBUG org.asynchttpclient.netty.request.NettyRequestSender - Using pooled Channel '[id: 0xf562f304, L:/127.0.0.1:56048 - R:localhost/127.0.0.1:58968]' for 'POST' to 'http://localhost:58968/session/8149e9e0cf1334e14fbc8583df12e134/element'
01:59:08.635 [Forwarding findElement on session 8149e9e0cf1334e14fbc8583df12e134 to remote] DEBUG org.asynchttpclient.netty.request.NettyRequestSender - Using open Channel [id: 0xf562f304, L:/127.0.0.1:56048 - R:localhost/127.0.0.1:58968] for POST '/session/8149e9e0cf1334e14fbc8583df12e134/element'
01:59:08.652 [AsyncHttpClient-1-14] DEBUG org.asynchttpclient.netty.handler.HttpHandler - 

Request DefaultHttpRequest(decodeResult: success, version: HTTP/1.1)
POST /session/8149e9e0cf1334e14fbc8583df12e134/element HTTP/1.1
User-Agent: selenium/4.1.2 (java windows)
Content-Length: 103
Content-Type: application/json; charset=utf-8
host: localhost:58968
accept: */*

Response DefaultHttpResponse(decodeResult: success, version: HTTP/1.1)
HTTP/1.1 200 OK
Content-Type: application/json; charset=utf-8
cache-control: no-cache
content-length: 88

01:59:08.652 [AsyncHttpClient-1-14] DEBUG org.asynchttpclient.netty.channel.ChannelManager - Adding key: http://localhost:58968 for channel [id: 0xf562f304, L:/127.0.0.1:56048 - R:localhost/127.0.0.1:58968]
01:59:08.653 [Forwarding clickElement on session 8149e9e0cf1334e14fbc8583df12e134 to remote] DEBUG org.asynchttpclient.netty.request.NettyRequestSender - Using pooled Channel '[id: 0xf562f304, L:/127.0.0.1:56048 - R:localhost/127.0.0.1:58968]' for 'POST' to 'http://localhost:58968/session/8149e9e0cf1334e14fbc8583df12e134/element/fb272412-bb43-43d0-b6bd-2e6acbd71e14/click'
01:59:08.653 [Forwarding clickElement on session 8149e9e0cf1334e14fbc8583df12e134 to remote] DEBUG org.asynchttpclient.netty.request.NettyRequestSender - Using open Channel [id: 0xf562f304, L:/127.0.0.1:56048 - R:localhost/127.0.0.1:58968] for POST '/session/8149e9e0cf1334e14fbc8583df12e134/element/fb272412-bb43-43d0-b6bd-2e6acbd71e14/click'
01:59:08.710 [AsyncHttpClient-1-14] DEBUG org.asynchttpclient.netty.handler.HttpHandler - 

Request DefaultHttpRequest(decodeResult: success, version: HTTP/1.1)
POST /session/8149e9e0cf1334e14fbc8583df12e134/element/fb272412-bb43-43d0-b6bd-2e6acbd71e14/click HTTP/1.1
User-Agent: selenium/4.1.2 (java windows)
Content-Length: 50
Content-Type: application/json; charset=utf-8
host: localhost:58968
accept: */*

Response DefaultHttpResponse(decodeResult: success, version: HTTP/1.1)
HTTP/1.1 200 OK
Content-Type: application/json; charset=utf-8
cache-control: no-cache
content-length: 14

01:59:08.710 [AsyncHttpClient-1-14] DEBUG org.asynchttpclient.netty.channel.ChannelManager - Adding key: http://localhost:58968 for channel [id: 0xf562f304, L:/127.0.0.1:56048 - R:localhost/127.0.0.1:58968]
01:59:08.714 [Forwarding screenshot on session 8149e9e0cf1334e14fbc8583df12e134 to remote] DEBUG org.asynchttpclient.netty.request.NettyRequestSender - Using pooled Channel '[id: 0xf562f304, L:/127.0.0.1:56048 - R:localhost/127.0.0.1:58968]' for 'GET' to 'http://localhost:58968/session/8149e9e0cf1334e14fbc8583df12e134/screenshot'
01:59:08.714 [Forwarding screenshot on session 8149e9e0cf1334e14fbc8583df12e134 to remote] DEBUG org.asynchttpclient.netty.request.NettyRequestSender - Using open Channel [id: 0xf562f304, L:/127.0.0.1:56048 - R:localhost/127.0.0.1:58968] for GET '/session/8149e9e0cf1334e14fbc8583df12e134/screenshot'
01:59:08.878 [AsyncHttpClient-1-14] DEBUG org.asynchttpclient.netty.handler.HttpHandler - 

Request DefaultFullHttpRequest(decodeResult: success, version: HTTP/1.1, content: EmptyByteBufBE)
GET /session/8149e9e0cf1334e14fbc8583df12e134/screenshot HTTP/1.1
User-Agent: selenium/4.1.2 (java windows)
Cache-Control: no-cache
Content-Type: application/json; charset=utf-8
host: localhost:58968
accept: */*

Response DefaultHttpResponse(decodeResult: success, version: HTTP/1.1)
HTTP/1.1 200 OK
Content-Type: application/json; charset=utf-8
cache-control: no-cache
content-length: 83372

01:59:08.879 [AsyncHttpClient-1-14] DEBUG org.asynchttpclient.netty.channel.ChannelManager - Adding key: http://localhost:58968 for channel [id: 0xf562f304, L:/127.0.0.1:56048 - R:localhost/127.0.0.1:58968]
01:59:08.882 [main] DEBUG net.serenitybdd.core.photography.Darkroom - Send negative for processing for target\site\serenity\84054d9e9a10e652e78df591ea20e81f94889492f3a6a9f599faa4b0b27e133b.png
01:59:08.882 [main] DEBUG net.thucydides.core.steps.StepInterceptor - STEP DONE: clickProfileIcon
  &amp#27;[32mAnd &amp#27;[0m&amp#27;[32mI click on profile icon&amp#27;[0m             &amp#27;[90m# starter.stepdefinitions.LogoutSteps.clickProfileIcon()&amp#27;[0m
01:59:08.882 [Darkroom Processing Line] DEBUG net.serenitybdd.core.photography.DarkroomProcessingLine - Processing screenshot image in /var/screenshots/screenshot-2388577459871536095
01:59:08.882 [Darkroom Processing Line] DEBUG net.serenitybdd.core.photography.DarkroomProcessingLine - Saving screenshot to target\site\serenity\84054d9e9a10e652e78df591ea20e81f94889492f3a6a9f599faa4b0b27e133b.png
01:59:08.896 [main] DEBUG net.thucydides.core.steps.StepInterceptor - STARTING STEP: LogoutSteps.clickLogout - clickLogout
01:59:08.898 [Forwarding findElement on session 8149e9e0cf1334e14fbc8583df12e134 to remote] DEBUG org.asynchttpclient.netty.request.NettyRequestSender - Using pooled Channel '[id: 0xf562f304, L:/127.0.0.1:56048 - R:localhost/127.0.0.1:58968]' for 'POST' to 'http://localhost:58968/session/8149e9e0cf1334e14fbc8583df12e134/element'
01:59:08.898 [Forwarding findElement on session 8149e9e0cf1334e14fbc8583df12e134 to remote] DEBUG org.asynchttpclient.netty.request.NettyRequestSender - Using open Channel [id: 0xf562f304, L:/127.0.0.1:56048 - R:localhost/127.0.0.1:58968] for POST '/session/8149e9e0cf1334e14fbc8583df12e134/element'
01:59:08.919 [AsyncHttpClient-1-14] DEBUG org.asynchttpclient.netty.handler.HttpHandler - 

Request DefaultHttpRequest(decodeResult: success, version: HTTP/1.1)
POST /session/8149e9e0cf1334e14fbc8583df12e134/element HTTP/1.1
User-Agent: selenium/4.1.2 (java windows)
Content-Length: 107
Content-Type: application/json; charset=utf-8
host: localhost:58968
accept: */*

Response DefaultHttpResponse(decodeResult: success, version: HTTP/1.1)
HTTP/1.1 200 OK
Content-Type: application/json; charset=utf-8
cache-control: no-cache
content-length: 88

01:59:08.920 [AsyncHttpClient-1-14] DEBUG org.asynchttpclient.netty.channel.ChannelManager - Adding key: http://localhost:58968 for channel [id: 0xf562f304, L:/127.0.0.1:56048 - R:localhost/127.0.0.1:58968]
01:59:08.921 [Forwarding getElementTagName on session 8149e9e0cf1334e14fbc8583df12e134 to remote] DEBUG org.asynchttpclient.netty.request.NettyRequestSender - Using pooled Channel '[id: 0xf562f304, L:/127.0.0.1:56048 - R:localhost/127.0.0.1:58968]' for 'GET' to 'http://localhost:58968/session/8149e9e0cf1334e14fbc8583df12e134/element/27733c66-e20f-463c-8e1b-63985d8e0343/name'
01:59:08.921 [Forwarding getElementTagName on session 8149e9e0cf1334e14fbc8583df12e134 to remote] DEBUG org.asynchttpclient.netty.request.NettyRequestSender - Using open Channel [id: 0xf562f304, L:/127.0.0.1:56048 - R:localhost/127.0.0.1:58968] for GET '/session/8149e9e0cf1334e14fbc8583df12e134/element/27733c66-e20f-463c-8e1b-63985d8e0343/name'
01:59:08.924 [AsyncHttpClient-1-14] DEBUG org.asynchttpclient.netty.handler.HttpHandler - 

Request DefaultFullHttpRequest(decodeResult: success, version: HTTP/1.1, content: EmptyByteBufBE)
GET /session/8149e9e0cf1334e14fbc8583df12e134/element/27733c66-e20f-463c-8e1b-63985d8e0343/name HTTP/1.1
User-Agent: selenium/4.1.2 (java windows)
Cache-Control: no-cache
Content-Type: application/json; charset=utf-8
host: localhost:58968
accept: */*

Response DefaultHttpResponse(decodeResult: success, version: HTTP/1.1)
HTTP/1.1 200 OK
Content-Type: application/json; charset=utf-8
cache-control: no-cache
content-length: 13

01:59:08.924 [AsyncHttpClient-1-14] DEBUG org.asynchttpclient.netty.channel.ChannelManager - Adding key: http://localhost:58968 for channel [id: 0xf562f304, L:/127.0.0.1:56048 - R:localhost/127.0.0.1:58968]
01:59:08.925 [Forwarding getElementTagName on session 8149e9e0cf1334e14fbc8583df12e134 to remote] DEBUG org.asynchttpclient.netty.request.NettyRequestSender - Using pooled Channel '[id: 0xf562f304, L:/127.0.0.1:56048 - R:localhost/127.0.0.1:58968]' for 'GET' to 'http://localhost:58968/session/8149e9e0cf1334e14fbc8583df12e134/element/27733c66-e20f-463c-8e1b-63985d8e0343/name'
01:59:08.925 [Forwarding getElementTagName on session 8149e9e0cf1334e14fbc8583df12e134 to remote] DEBUG org.asynchttpclient.netty.request.NettyRequestSender - Using open Channel [id: 0xf562f304, L:/127.0.0.1:56048 - R:localhost/127.0.0.1:58968] for GET '/session/8149e9e0cf1334e14fbc8583df12e134/element/27733c66-e20f-463c-8e1b-63985d8e0343/name'
01:59:08.932 [AsyncHttpClient-1-14] DEBUG org.asynchttpclient.netty.handler.HttpHandler - 

Request DefaultFullHttpRequest(decodeResult: success, version: HTTP/1.1, content: EmptyByteBufBE)
GET /session/8149e9e0cf1334e14fbc8583df12e134/element/27733c66-e20f-463c-8e1b-63985d8e0343/name HTTP/1.1
User-Agent: selenium/4.1.2 (java windows)
Cache-Control: no-cache
Content-Type: application/json; charset=utf-8
host: localhost:58968
accept: */*

Response DefaultHttpResponse(decodeResult: success, version: HTTP/1.1)
HTTP/1.1 200 OK
Content-Type: application/json; charset=utf-8
cache-control: no-cache
content-length: 13

01:59:08.933 [AsyncHttpClient-1-14] DEBUG org.asynchttpclient.netty.channel.ChannelManager - Adding key: http://localhost:58968 for channel [id: 0xf562f304, L:/127.0.0.1:56048 - R:localhost/127.0.0.1:58968]
01:59:08.935 [Forwarding findElement on session 8149e9e0cf1334e14fbc8583df12e134 to remote] DEBUG org.asynchttpclient.netty.request.NettyRequestSender - Using pooled Channel '[id: 0xf562f304, L:/127.0.0.1:56048 - R:localhost/127.0.0.1:58968]' for 'POST' to 'http://localhost:58968/session/8149e9e0cf1334e14fbc8583df12e134/element'
01:59:08.935 [Forwarding findElement on session 8149e9e0cf1334e14fbc8583df12e134 to remote] DEBUG org.asynchttpclient.netty.request.NettyRequestSender - Using open Channel [id: 0xf562f304, L:/127.0.0.1:56048 - R:localhost/127.0.0.1:58968] for POST '/session/8149e9e0cf1334e14fbc8583df12e134/element'
01:59:08.952 [AsyncHttpClient-1-14] DEBUG org.asynchttpclient.netty.handler.HttpHandler - 

Request DefaultHttpRequest(decodeResult: success, version: HTTP/1.1)
POST /session/8149e9e0cf1334e14fbc8583df12e134/element HTTP/1.1
User-Agent: selenium/4.1.2 (java windows)
Content-Length: 107
Content-Type: application/json; charset=utf-8
host: localhost:58968
accept: */*

Response DefaultHttpResponse(decodeResult: success, version: HTTP/1.1)
HTTP/1.1 200 OK
Content-Type: application/json; charset=utf-8
cache-control: no-cache
content-length: 88

01:59:08.952 [AsyncHttpClient-1-14] DEBUG org.asynchttpclient.netty.channel.ChannelManager - Adding key: http://localhost:58968 for channel [id: 0xf562f304, L:/127.0.0.1:56048 - R:localhost/127.0.0.1:58968]
01:59:08.953 [Forwarding clickElement on session 8149e9e0cf1334e14fbc8583df12e134 to remote] DEBUG org.asynchttpclient.netty.request.NettyRequestSender - Using pooled Channel '[id: 0xf562f304, L:/127.0.0.1:56048 - R:localhost/127.0.0.1:58968]' for 'POST' to 'http://localhost:58968/session/8149e9e0cf1334e14fbc8583df12e134/element/27733c66-e20f-463c-8e1b-63985d8e0343/click'
01:59:08.953 [Forwarding clickElement on session 8149e9e0cf1334e14fbc8583df12e134 to remote] DEBUG org.asynchttpclient.netty.request.NettyRequestSender - Using open Channel [id: 0xf562f304, L:/127.0.0.1:56048 - R:localhost/127.0.0.1:58968] for POST '/session/8149e9e0cf1334e14fbc8583df12e134/element/27733c66-e20f-463c-8e1b-63985d8e0343/click'
01:59:09.161 [AsyncHttpClient-1-14] DEBUG org.asynchttpclient.netty.handler.HttpHandler - 

Request DefaultHttpRequest(decodeResult: success, version: HTTP/1.1)
POST /session/8149e9e0cf1334e14fbc8583df12e134/element/27733c66-e20f-463c-8e1b-63985d8e0343/click HTTP/1.1
User-Agent: selenium/4.1.2 (java windows)
Content-Length: 50
Content-Type: application/json; charset=utf-8
host: localhost:58968
accept: */*

Response DefaultHttpResponse(decodeResult: success, version: HTTP/1.1)
HTTP/1.1 200 OK
Content-Type: application/json; charset=utf-8
cache-control: no-cache
content-length: 14

01:59:09.161 [AsyncHttpClient-1-14] DEBUG org.asynchttpclient.netty.channel.ChannelManager - Adding key: http://localhost:58968 for channel [id: 0xf562f304, L:/127.0.0.1:56048 - R:localhost/127.0.0.1:58968]
01:59:09.164 [Forwarding screenshot on session 8149e9e0cf1334e14fbc8583df12e134 to remote] DEBUG org.asynchttpclient.netty.request.NettyRequestSender - Using pooled Channel '[id: 0xf562f304, L:/127.0.0.1:56048 - R:localhost/127.0.0.1:58968]' for 'GET' to 'http://localhost:58968/session/8149e9e0cf1334e14fbc8583df12e134/screenshot'
01:59:09.165 [Forwarding screenshot on session 8149e9e0cf1334e14fbc8583df12e134 to remote] DEBUG org.asynchttpclient.netty.request.NettyRequestSender - Using open Channel [id: 0xf562f304, L:/127.0.0.1:56048 - R:localhost/127.0.0.1:58968] for GET '/session/8149e9e0cf1334e14fbc8583df12e134/screenshot'
01:59:09.254 [AsyncHttpClient-1-14] DEBUG org.asynchttpclient.netty.handler.HttpHandler - 

Request DefaultFullHttpRequest(decodeResult: success, version: HTTP/1.1, content: EmptyByteBufBE)
GET /session/8149e9e0cf1334e14fbc8583df12e134/screenshot HTTP/1.1
User-Agent: selenium/4.1.2 (java windows)
Cache-Control: no-cache
Content-Type: application/json; charset=utf-8
host: localhost:58968
accept: */*

Response DefaultHttpResponse(decodeResult: success, version: HTTP/1.1)
HTTP/1.1 200 OK
Content-Type: application/json; charset=utf-8
cache-control: no-cache
content-length: 32192

01:59:09.255 [AsyncHttpClient-1-14] DEBUG org.asynchttpclient.netty.channel.ChannelManager - Adding key: http://localhost:58968 for channel [id: 0xf562f304, L:/127.0.0.1:56048 - R:localhost/127.0.0.1:58968]
01:59:09.257 [main] DEBUG net.serenitybdd.core.photography.Darkroom - Send negative for processing for target\site\serenity\4d98329a65403fb35239499910819cdb6d3d71d823e551da367b9fc52c2ec142.png
01:59:09.257 [main] DEBUG net.thucydides.core.steps.StepInterceptor - STEP DONE: clickLogout
  &amp#27;[32mAnd &amp#27;[0m&amp#27;[32mI click on logout&amp#27;[0m                   &amp#27;[90m# starter.stepdefinitions.LogoutSteps.clickLogout()&amp#27;[0m
01:59:09.264 [main] DEBUG net.thucydides.core.steps.StepInterceptor - STARTING STEP: LogoutSteps.onLoginPageAfterLogout - validateStillOnLoginPage
01:59:09.265 [Forwarding findElement on session 8149e9e0cf1334e14fbc8583df12e134 to remote] DEBUG org.asynchttpclient.netty.request.NettyRequestSender - Using pooled Channel '[id: 0xf562f304, L:/127.0.0.1:56048 - R:localhost/127.0.0.1:58968]' for 'POST' to 'http://localhost:58968/session/8149e9e0cf1334e14fbc8583df12e134/element'
01:59:09.265 [Forwarding findElement on session 8149e9e0cf1334e14fbc8583df12e134 to remote] DEBUG org.asynchttpclient.netty.request.NettyRequestSender - Using open Channel [id: 0xf562f304, L:/127.0.0.1:56048 - R:localhost/127.0.0.1:58968] for POST '/session/8149e9e0cf1334e14fbc8583df12e134/element'
01:59:09.273 [AsyncHttpClient-1-14] DEBUG org.asynchttpclient.netty.handler.HttpHandler - 

Request DefaultHttpRequest(decodeResult: success, version: HTTP/1.1)
POST /session/8149e9e0cf1334e14fbc8583df12e134/element HTTP/1.1
User-Agent: selenium/4.1.2 (java windows)
Content-Length: 155
Content-Type: application/json; charset=utf-8
host: localhost:58968
accept: */*

Response DefaultHttpResponse(decodeResult: success, version: HTTP/1.1)
HTTP/1.1 200 OK
Content-Type: application/json; charset=utf-8
cache-control: no-cache
content-length: 88

01:59:09.273 [AsyncHttpClient-1-14] DEBUG org.asynchttpclient.netty.channel.ChannelManager - Adding key: http://localhost:58968 for channel [id: 0xf562f304, L:/127.0.0.1:56048 - R:localhost/127.0.0.1:58968]
01:59:09.275 [Forwarding isElementDisplayed on session 8149e9e0cf1334e14fbc8583df12e134 to remote] DEBUG org.asynchttpclient.netty.request.NettyRequestSender - Using pooled Channel '[id: 0xf562f304, L:/127.0.0.1:56048 - R:localhost/127.0.0.1:58968]' for 'POST' to 'http://localhost:58968/session/8149e9e0cf1334e14fbc8583df12e134/execute/sync'
01:59:09.275 [Forwarding isElementDisplayed on session 8149e9e0cf1334e14fbc8583df12e134 to remote] DEBUG org.asynchttpclient.netty.request.NettyRequestSender - Using open Channel [id: 0xf562f304, L:/127.0.0.1:56048 - R:localhost/127.0.0.1:58968] for POST '/session/8149e9e0cf1334e14fbc8583df12e134/execute/sync'
01:59:09.281 [AsyncHttpClient-1-14] DEBUG org.asynchttpclient.netty.handler.HttpHandler - 

Request DefaultHttpRequest(decodeResult: success, version: HTTP/1.1)
POST /session/8149e9e0cf1334e14fbc8583df12e134/execute/sync HTTP/1.1
User-Agent: selenium/4.1.2 (java windows)
Content-Length: 48780
Content-Type: application/json; charset=utf-8
host: localhost:58968
accept: */*

Response DefaultHttpResponse(decodeResult: success, version: HTTP/1.1)
HTTP/1.1 200 OK
Content-Type: application/json; charset=utf-8
cache-control: no-cache
content-length: 14

01:59:09.281 [AsyncHttpClient-1-14] DEBUG org.asynchttpclient.netty.channel.ChannelManager - Adding key: http://localhost:58968 for channel [id: 0xf562f304, L:/127.0.0.1:56048 - R:localhost/127.0.0.1:58968]
01:59:09.283 [main] DEBUG net.thucydides.core.steps.StepInterceptor - STEP DONE: validateStillOnLoginPage
  &amp#27;[32mThen &amp#27;[0m&amp#27;[32mI am on login page after logout&amp#27;[0m    &amp#27;[90m# starter.stepdefinitions.LogoutSteps.onLoginPageAfterLogout()&amp#27;[0m
01:59:09.286 [main] INFO  - 
  _____   ___   ___   _____     ___     _     ___   ___   ___   ___  
 |_   _| | __| / __| |_   _|   | _ \   /_\   / __| / __| | __| |   \ 
   | |   | _|  \__ \   | |     |  _/  / _ \  \__ \ \__ \ | _|  | |) |
   |_|   |___| |___/   |_|     |_|   /_/ \_\ |___/ |___/ |___| |___/ 

Logout an account
----------------------------------------------------------------------
01:59:09.287 [AsyncHttpClient-1-16] DEBUG org.asynchttpclient.netty.handler.WebSocketHandler - Channel Closed: [id: 0x61e17db1, L:/127.0.0.1:56056 ! R:localhost/127.0.0.1:56049] with attribute NettyResponseFuture{currentRetry=5,
	isDone=1,
	isCancelled=0,
	asyncHandler=org.asynchttpclient.ws.WebSocketUpgradeHandler@31cb071a,
	nettyRequest=org.asynchttpclient.netty.request.NettyRequest@74c98f47,
	future=java.util.concurrent.CompletableFuture@54b9ed88[Completed normally],
	uri=ws://localhost:56049/devtools/browser/99e4a644-3d91-49ea-a43e-ca6ec31dc2ad,
	keepAlive=true,
	redirectCount=0,
	timeoutsHolder=null,
	inAuth=0,
	touch=1652554744188}
01:59:09.287 [AsyncHttpClient-1-16] DEBUG org.asynchttpclient.netty.channel.ChannelManager - Closing Channel [id: 0x61e17db1, L:/127.0.0.1:56056 ! R:localhost/127.0.0.1:56049] 
01:59:09.287 [Driver Command Executor] DEBUG org.asynchttpclient.netty.request.NettyRequestSender - Using pooled Channel '[id: 0xf562f304, L:/127.0.0.1:56048 - R:localhost/127.0.0.1:58968]' for 'DELETE' to 'http://localhost:58968/session/8149e9e0cf1334e14fbc8583df12e134'
01:59:09.287 [Driver Command Executor] DEBUG org.asynchttpclient.netty.request.NettyRequestSender - Using open Channel [id: 0xf562f304, L:/127.0.0.1:56048 - R:localhost/127.0.0.1:58968] for DELETE '/session/8149e9e0cf1334e14fbc8583df12e134'
01:59:09.335 [AsyncHttpClient-1-15] DEBUG org.asynchttpclient.netty.handler.HttpHandler - Unexpected I/O exception on channel [id: 0xd6b1062d, L:/127.0.0.1:56055 - R:localhost/127.0.0.1:56049]
java.io.IOException: An existing connection was forcibly closed by the remote host
	at java.base/sun.nio.ch.SocketDispatcher.read0(Native Method)
	at java.base/sun.nio.ch.SocketDispatcher.read(SocketDispatcher.java:43)
	at java.base/sun.nio.ch.IOUtil.readIntoNativeBuffer(IOUtil.java:276)
	at java.base/sun.nio.ch.IOUtil.read(IOUtil.java:233)
	at java.base/sun.nio.ch.IOUtil.read(IOUtil.java:223)
	at java.base/sun.nio.ch.SocketChannelImpl.read(SocketChannelImpl.java:358)
	at io.netty.buffer.PooledByteBuf.setBytes(PooledByteBuf.java:258)
	at io.netty.buffer.AbstractByteBuf.writeBytes(AbstractByteBuf.java:1132)
	at io.netty.channel.socket.nio.NioSocketChannel.doReadBytes(NioSocketChannel.java:350)
	at io.netty.channel.nio.AbstractNioByteChannel$NioByteUnsafe.read(AbstractNioByteChannel.java:151)
	at io.netty.channel.nio.NioEventLoop.processSelectedKey(NioEventLoop.java:722)
	at io.netty.channel.nio.NioEventLoop.processSelectedKeysOptimized(NioEventLoop.java:658)
	at io.netty.channel.nio.NioEventLoop.processSelectedKeys(NioEventLoop.java:584)
	at io.netty.channel.nio.NioEventLoop.run(NioEventLoop.java:496)
	at io.netty.util.concurrent.SingleThreadEventExecutor$4.run(SingleThreadEventExecutor.java:986)
	at io.netty.util.internal.ThreadExecutorMap$2.run(ThreadExecutorMap.java:74)
	at io.netty.util.concurrent.FastThreadLocalRunnable.run(FastThreadLocalRunnable.java:30)
	at java.base/java.lang.Thread.run(Thread.java:834)
01:59:09.335 [AsyncHttpClient-1-15] DEBUG org.asynchttpclient.netty.channel.ChannelManager - Closing Channel [id: 0xd6b1062d, L:/127.0.0.1:56055 - R:localhost/127.0.0.1:56049] 
01:59:09.335 [AsyncHttpClient-1-15] DEBUG org.asynchttpclient.netty.handler.HttpHandler - Channel Closed: [id: 0xd6b1062d, L:/127.0.0.1:56055 ! R:localhost/127.0.0.1:56049] with attribute DISCARD
01:59:09.369 [AsyncHttpClient-1-14] DEBUG org.asynchttpclient.netty.handler.HttpHandler - 

Request DefaultFullHttpRequest(decodeResult: success, version: HTTP/1.1, content: EmptyByteBufBE)
DELETE /session/8149e9e0cf1334e14fbc8583df12e134 HTTP/1.1
User-Agent: selenium/4.1.2 (java windows)
Content-Type: application/json; charset=utf-8
host: localhost:58968
accept: */*

Response DefaultHttpResponse(decodeResult: success, version: HTTP/1.1)
HTTP/1.1 200 OK
Content-Type: application/json; charset=utf-8
cache-control: no-cache
content-length: 14

01:59:09.369 [AsyncHttpClient-1-14] DEBUG org.asynchttpclient.netty.channel.ChannelManager - Adding key: http://localhost:58968 for channel [id: 0xf562f304, L:/127.0.0.1:56048 - R:localhost/127.0.0.1:58968]
01:59:09.561 [AsyncHttpClient-1-1] DEBUG org.asynchttpclient.netty.channel.DefaultChannelPool - Entry count for : http://localhost:56049 : 1
01:59:09.561 [AsyncHttpClient-1-1] DEBUG org.asynchttpclient.netty.channel.DefaultChannelPool - Entry count for : http://localhost:58968 : 1
01:59:09.561 [AsyncHttpClient-1-1] DEBUG org.asynchttpclient.netty.channel.DefaultChannelPool - Adding Candidate expired Channel [id: 0xd6b1062d, L:/127.0.0.1:56055 ! R:localhost/127.0.0.1:56049] isIdleTimeoutExpired=false isRemotelyClosed=true isTtlExpired=false
01:59:09.561 [AsyncHttpClient-1-1] DEBUG org.asynchttpclient.netty.channel.DefaultChannelPool - Closing Idle Channel [id: 0xd6b1062d, L:/127.0.0.1:56055 ! R:localhost/127.0.0.1:56049]
01:59:09.561 [AsyncHttpClient-1-1] DEBUG org.asynchttpclient.netty.channel.DefaultChannelPool - Closed 1 connections out of 2 in 0 ms
01:59:10.089 [AsyncHttpClient-1-14] DEBUG org.asynchttpclient.netty.handler.HttpHandler - Channel Closed: [id: 0xf562f304, L:/127.0.0.1:56048 ! R:localhost/127.0.0.1:58968] with attribute DISCARD
]]></system-out>
    <system-err><![CDATA[Starting ChromeDriver 101.0.4951.41 (93c720db8323b3ec10d056025ab95c23a31997c9-refs/branch-heads/4951@{#904}) on port 58968
Only local connections are allowed.
Please see https://chromedriver.chromium.org/security-considerations for suggestions on keeping ChromeDriver safe.
ChromeDriver was started successfully.
May 15, 2022 1:59:04 AM org.openqa.selenium.remote.ProtocolHandshake createSession
INFO: Detected dialect: W3C
May 15, 2022 1:59:04 AM org.openqa.selenium.devtools.CdpVersionFinder findNearestMatch
WARNING: Unable to find an exact match for CDP version 101, so returning the closest version found: 97
May 15, 2022 1:59:04 AM org.openqa.selenium.devtools.CdpVersionFinder findNearestMatch
INFO: Found CDP implementation for version 101 of 97
]]></system-err>
  </testcase>
  <testcase name="Order without login" classname="Order" time="5.692">
    <system-out><![CDATA[01:59:10.619 [main] INFO io.cucumber.core.plugin.SerenityReporter - Running feature from file:///D:/Intern/MSIB%20Alterra/alterra-mini-project/Serenity%20UI%20Test/src/test/resources/features/Order.feature
01:59:10.621 [main] DEBUG net.thucydides.core.steps.StepEventBus - Test suite started for story net.thucydides.core.model.Story@cc4b76a8
01:59:10.621 [main] INFO  - Test Suite Started: Order

Scenario: Order without login              &amp#27;[90m# src/test/resources/features/Order.feature:3&amp#27;[0m
01:59:10.626 [main] INFO io.cucumber.core.plugin.SerenityReporter - Running feature from file:///D:/Intern/MSIB%20Alterra/alterra-mini-project/Serenity%20UI%20Test/src/test/resources/features/Order.feature
01:59:10.627 [main] INFO  - 
  _____   ___   ___   _____     ___   _____     _     ___   _____   ___   ___  
 |_   _| | __| / __| |_   _|   / __| |_   _|   /_\   | _ \ |_   _| | __| |   \ 
   | |   | _|  \__ \   | |     \__ \   | |    / _ \  |   /   | |   | _|  | |) |
   |_|   |___| |___/   |_|     |___/   |_|   /_/ \_\ |_|_\   |_|   |___| |___/ 

Order without login(order;order-without-login)
--------------------------------------------------------------------------------
01:59:10.664 [AsyncHttpClient-1-1] DEBUG org.asynchttpclient.netty.channel.DefaultChannelPool - Entry count for : http://localhost:58968 : 1
01:59:10.664 [AsyncHttpClient-1-1] DEBUG org.asynchttpclient.netty.channel.DefaultChannelPool - Adding Candidate expired Channel [id: 0xf562f304, L:/127.0.0.1:56048 ! R:localhost/127.0.0.1:58968] isIdleTimeoutExpired=false isRemotelyClosed=true isTtlExpired=false
01:59:10.664 [AsyncHttpClient-1-1] DEBUG org.asynchttpclient.netty.channel.DefaultChannelPool - Closing Idle Channel [id: 0xf562f304, L:/127.0.0.1:56048 ! R:localhost/127.0.0.1:58968]
01:59:10.664 [AsyncHttpClient-1-1] DEBUG org.asynchttpclient.netty.channel.DefaultChannelPool - Closed 1 connections out of 1 in 0 ms
01:59:10.681 [main] DEBUG net.thucydides.core.steps.StepInterceptor - STARTING STEP: OrderSteps.onTheHomePage - homePage
01:59:10.681 [main] INFO net.serenitybdd.core.webdriver.driverproviders.ChromeDriverProvider - Using automatically driver download
01:59:10.756 [main] DEBUG io.github.bonigarcia.wdm.cache.ResolutionCache - Resolution chrome=101 in cache (valid until 02:58:38 15/05/2022 ICT)
01:59:10.758 [main] DEBUG io.github.bonigarcia.wdm.cache.ResolutionCache - Resolution chrome101=101.0.4951.41 in cache (valid until 14:15:13 15/05/2022 ICT)
01:59:10.760 [main] INFO io.github.bonigarcia.wdm.WebDriverManager - Using chromedriver 101.0.4951.41 (resolved driver for Chrome 101)
01:59:10.765 [main] DEBUG io.github.bonigarcia.wdm.WebDriverManager - Driver chromedriver 101.0.4951.41 found in cache
01:59:10.766 [main] INFO io.github.bonigarcia.wdm.WebDriverManager - Exporting webdriver.chrome.driver as C:\Users\saral\.cache\selenium\chromedriver\win32\101.0.4951.41\chromedriver.exe
01:59:10.838 [main] DEBUG net.serenitybdd.core.webdriver.driverproviders.ProvideNewDriver - Instantiating driver
01:59:10.838 [main] DEBUG net.serenitybdd.core.webdriver.driverproviders.ProvideNewDriver - Driver capabilities: Capabilities {acceptInsecureCerts: false, base.url: https://qa.alta.id/, browserName: chrome, chrome.driver: src/main/resources/webdrive..., driver: chrome, goog:chromeOptions: {args: [], extensions: []}}
01:59:11.370 [AsyncHttpClient-1-17] DEBUG org.asynchttpclient.netty.channel.NettyConnectListener - Using new Channel '[id: 0x939a02b5, L:/127.0.0.1:56085 - R:localhost/127.0.0.1:63286]' for 'POST' to '/session'
01:59:11.847 [AsyncHttpClient-1-17] DEBUG org.asynchttpclient.netty.handler.HttpHandler - 

Request DefaultHttpRequest(decodeResult: success, version: HTTP/1.1)
POST /session HTTP/1.1
User-Agent: selenium/4.1.2 (java windows)
Content-Length: 605
Content-Type: application/json; charset=utf-8
host: localhost:63286
accept: */*

Response DefaultHttpResponse(decodeResult: success, version: HTTP/1.1)
HTTP/1.1 200 OK
Content-Type: application/json; charset=utf-8
cache-control: no-cache
content-length: 790

01:59:11.848 [AsyncHttpClient-1-17] DEBUG org.asynchttpclient.netty.channel.ChannelManager - Adding key: http://localhost:63286 for channel [id: 0x939a02b5, L:/127.0.0.1:56085 - R:localhost/127.0.0.1:63286]
01:59:11.852 [AsyncHttpClient-1-2] DEBUG org.asynchttpclient.netty.channel.NettyConnectListener - Using new Channel '[id: 0xacc49aaf, L:/127.0.0.1:56093 - R:localhost/127.0.0.1:56087]' for 'GET' to '/json/version'
01:59:11.852 [AsyncHttpClient-1-2] DEBUG org.asynchttpclient.netty.handler.HttpHandler - 

Request DefaultFullHttpRequest(decodeResult: success, version: HTTP/1.1, content: EmptyByteBufBE)
GET /json/version HTTP/1.1
User-Agent: selenium/4.1.2 (java windows)
host: localhost:56087
accept: */*

Response DefaultHttpResponse(decodeResult: success, version: HTTP/1.1)
HTTP/1.1 200 OK
Content-Type: application/json; charset=UTF-8
content-length: 427

01:59:11.852 [AsyncHttpClient-1-2] DEBUG org.asynchttpclient.netty.channel.ChannelManager - Adding key: http://localhost:56087 for channel [id: 0xacc49aaf, L:/127.0.0.1:56093 - R:localhost/127.0.0.1:56087]
01:59:11.854 [AsyncHttpClient-1-3] DEBUG org.asynchttpclient.netty.channel.NettyConnectListener - Using new Channel '[id: 0x27bc0df0, L:/127.0.0.1:56094 - R:localhost/127.0.0.1:56087]' for 'GET' to '/devtools/browser/a494a5b2-796c-47fc-bd64-a076a2770414'
01:59:11.855 [AsyncHttpClient-1-3] DEBUG org.asynchttpclient.netty.handler.WebSocketHandler - 

Request DefaultFullHttpRequest(decodeResult: success, version: HTTP/1.1, content: EmptyByteBufBE)
GET /devtools/browser/a494a5b2-796c-47fc-bd64-a076a2770414 HTTP/1.1
upgrade: websocket
connection: upgrade
sec-websocket-key: EAoJtvvpO7tJ7cvGFRYzhw==
sec-websocket-version: 13
origin: http://localhost:56087
host: localhost:56087
accept: */*
user-agent: AHC/2.1

Response DefaultHttpResponse(decodeResult: success, version: HTTP/1.1)
HTTP/1.1 101 WebSocket Protocol Handshake
Upgrade: WebSocket
Connection: Upgrade
Sec-WebSocket-Accept: 0VoiBnZe9evOkz//0sCdTxW9JE8=

01:59:11.858 [Forwarding get on session 98f84024afef6b438e9754f7af3a253c to remote] DEBUG org.asynchttpclient.netty.request.NettyRequestSender - Using pooled Channel '[id: 0x939a02b5, L:/127.0.0.1:56085 - R:localhost/127.0.0.1:63286]' for 'POST' to 'http://localhost:63286/session/98f84024afef6b438e9754f7af3a253c/url'
01:59:11.859 [Forwarding get on session 98f84024afef6b438e9754f7af3a253c to remote] DEBUG org.asynchttpclient.netty.request.NettyRequestSender - Using open Channel [id: 0x939a02b5, L:/127.0.0.1:56085 - R:localhost/127.0.0.1:63286] for POST '/session/98f84024afef6b438e9754f7af3a253c/url'
01:59:12.862 [AsyncHttpClient-1-1] DEBUG org.asynchttpclient.netty.channel.DefaultChannelPool - Entry count for : http://localhost:56087 : 1
01:59:13.122 [AsyncHttpClient-1-17] DEBUG org.asynchttpclient.netty.handler.HttpHandler - 

Request DefaultHttpRequest(decodeResult: success, version: HTTP/1.1)
POST /session/98f84024afef6b438e9754f7af3a253c/url HTTP/1.1
User-Agent: selenium/4.1.2 (java windows)
Content-Length: 49
Content-Type: application/json; charset=utf-8
host: localhost:63286
accept: */*

Response DefaultHttpResponse(decodeResult: success, version: HTTP/1.1)
HTTP/1.1 200 OK
Content-Type: application/json; charset=utf-8
cache-control: no-cache
content-length: 14

01:59:13.122 [AsyncHttpClient-1-17] DEBUG org.asynchttpclient.netty.channel.ChannelManager - Adding key: http://localhost:63286 for channel [id: 0x939a02b5, L:/127.0.0.1:56085 - R:localhost/127.0.0.1:63286]
01:59:13.124 [Forwarding setTimeout on session 98f84024afef6b438e9754f7af3a253c to remote] DEBUG org.asynchttpclient.netty.request.NettyRequestSender - Using pooled Channel '[id: 0x939a02b5, L:/127.0.0.1:56085 - R:localhost/127.0.0.1:63286]' for 'POST' to 'http://localhost:63286/session/98f84024afef6b438e9754f7af3a253c/timeouts'
01:59:13.124 [Forwarding setTimeout on session 98f84024afef6b438e9754f7af3a253c to remote] DEBUG org.asynchttpclient.netty.request.NettyRequestSender - Using open Channel [id: 0x939a02b5, L:/127.0.0.1:56085 - R:localhost/127.0.0.1:63286] for POST '/session/98f84024afef6b438e9754f7af3a253c/timeouts'
01:59:13.125 [AsyncHttpClient-1-17] DEBUG org.asynchttpclient.netty.handler.HttpHandler - 

Request DefaultHttpRequest(decodeResult: success, version: HTTP/1.1)
POST /session/98f84024afef6b438e9754f7af3a253c/timeouts HTTP/1.1
User-Agent: selenium/4.1.2 (java windows)
Content-Length: 22
Content-Type: application/json; charset=utf-8
host: localhost:63286
accept: */*

Response DefaultHttpResponse(decodeResult: success, version: HTTP/1.1)
HTTP/1.1 200 OK
Content-Type: application/json; charset=utf-8
cache-control: no-cache
content-length: 14

01:59:13.125 [AsyncHttpClient-1-17] DEBUG org.asynchttpclient.netty.channel.ChannelManager - Adding key: http://localhost:63286 for channel [id: 0x939a02b5, L:/127.0.0.1:56085 - R:localhost/127.0.0.1:63286]
01:59:13.128 [Forwarding getCurrentUrl on session 98f84024afef6b438e9754f7af3a253c to remote] DEBUG org.asynchttpclient.netty.request.NettyRequestSender - Using pooled Channel '[id: 0x939a02b5, L:/127.0.0.1:56085 - R:localhost/127.0.0.1:63286]' for 'GET' to 'http://localhost:63286/session/98f84024afef6b438e9754f7af3a253c/url'
01:59:13.128 [Forwarding getCurrentUrl on session 98f84024afef6b438e9754f7af3a253c to remote] DEBUG org.asynchttpclient.netty.request.NettyRequestSender - Using open Channel [id: 0x939a02b5, L:/127.0.0.1:56085 - R:localhost/127.0.0.1:63286] for GET '/session/98f84024afef6b438e9754f7af3a253c/url'
01:59:13.131 [AsyncHttpClient-1-17] DEBUG org.asynchttpclient.netty.handler.HttpHandler - 

Request DefaultFullHttpRequest(decodeResult: success, version: HTTP/1.1, content: EmptyByteBufBE)
GET /session/98f84024afef6b438e9754f7af3a253c/url HTTP/1.1
User-Agent: selenium/4.1.2 (java windows)
Cache-Control: no-cache
Content-Type: application/json; charset=utf-8
host: localhost:63286
accept: */*

Response DefaultHttpResponse(decodeResult: success, version: HTTP/1.1)
HTTP/1.1 200 OK
Content-Type: application/json; charset=utf-8
cache-control: no-cache
content-length: 31

01:59:13.131 [AsyncHttpClient-1-17] DEBUG org.asynchttpclient.netty.channel.ChannelManager - Adding key: http://localhost:63286 for channel [id: 0x939a02b5, L:/127.0.0.1:56085 - R:localhost/127.0.0.1:63286]
01:59:13.135 [main] DEBUG net.serenitybdd.core.photography.Darkroom - Opening darkroom
01:59:13.136 [Darkroom Processing Line] DEBUG net.serenitybdd.core.photography.DarkroomProcessingLine - Darkroom processing line starting up
01:59:13.136 [Forwarding screenshot on session 98f84024afef6b438e9754f7af3a253c to remote] DEBUG org.asynchttpclient.netty.request.NettyRequestSender - Using pooled Channel '[id: 0x939a02b5, L:/127.0.0.1:56085 - R:localhost/127.0.0.1:63286]' for 'GET' to 'http://localhost:63286/session/98f84024afef6b438e9754f7af3a253c/screenshot'
01:59:13.136 [Forwarding screenshot on session 98f84024afef6b438e9754f7af3a253c to remote] DEBUG org.asynchttpclient.netty.request.NettyRequestSender - Using open Channel [id: 0x939a02b5, L:/127.0.0.1:56085 - R:localhost/127.0.0.1:63286] for GET '/session/98f84024afef6b438e9754f7af3a253c/screenshot'
01:59:13.235 [AsyncHttpClient-1-17] DEBUG org.asynchttpclient.netty.handler.HttpHandler - 

Request DefaultFullHttpRequest(decodeResult: success, version: HTTP/1.1, content: EmptyByteBufBE)
GET /session/98f84024afef6b438e9754f7af3a253c/screenshot HTTP/1.1
User-Agent: selenium/4.1.2 (java windows)
Cache-Control: no-cache
Content-Type: application/json; charset=utf-8
host: localhost:63286
accept: */*

Response DefaultHttpResponse(decodeResult: success, version: HTTP/1.1)
HTTP/1.1 200 OK
Content-Type: application/json; charset=utf-8
cache-control: no-cache
content-length: 33672

01:59:13.236 [AsyncHttpClient-1-17] DEBUG org.asynchttpclient.netty.channel.ChannelManager - Adding key: http://localhost:63286 for channel [id: 0x939a02b5, L:/127.0.0.1:56085 - R:localhost/127.0.0.1:63286]
01:59:13.237 [main] DEBUG net.serenitybdd.core.photography.Darkroom - Send negative for processing for target\site\serenity\be344fdcee9a9de199d3cea927df4d43fbd6a5a630bc89c79b477ba8432c5348.png
01:59:13.237 [main] DEBUG net.thucydides.core.steps.StepInterceptor - STEP DONE: homePage
01:59:13.237 [Darkroom Processing Line] DEBUG net.serenitybdd.core.photography.DarkroomProcessingLine - Processing screenshot image in /var/screenshots/screenshot-11898524850368816546
01:59:13.237 [Darkroom Processing Line] DEBUG net.serenitybdd.core.photography.DarkroomProcessingLine - Saving screenshot to target\site\serenity\be344fdcee9a9de199d3cea927df4d43fbd6a5a630bc89c79b477ba8432c5348.png
01:59:13.241 [main] DEBUG net.thucydides.core.steps.StepInterceptor - STARTING STEP: OrderSteps.onTheHomePage - validateOnHomePage
01:59:13.244 [Forwarding findElement on session 98f84024afef6b438e9754f7af3a253c to remote] DEBUG org.asynchttpclient.netty.request.NettyRequestSender - Using pooled Channel '[id: 0x939a02b5, L:/127.0.0.1:56085 - R:localhost/127.0.0.1:63286]' for 'POST' to 'http://localhost:63286/session/98f84024afef6b438e9754f7af3a253c/element'
01:59:13.244 [Forwarding findElement on session 98f84024afef6b438e9754f7af3a253c to remote] DEBUG org.asynchttpclient.netty.request.NettyRequestSender - Using open Channel [id: 0x939a02b5, L:/127.0.0.1:56085 - R:localhost/127.0.0.1:63286] for POST '/session/98f84024afef6b438e9754f7af3a253c/element'
01:59:13.965 [AsyncHttpClient-1-1] DEBUG org.asynchttpclient.netty.channel.DefaultChannelPool - Entry count for : http://localhost:56087 : 1
01:59:14.775 [AsyncHttpClient-1-17] DEBUG org.asynchttpclient.netty.handler.HttpHandler - 

Request DefaultHttpRequest(decodeResult: success, version: HTTP/1.1)
POST /session/98f84024afef6b438e9754f7af3a253c/element HTTP/1.1
User-Agent: selenium/4.1.2 (java windows)
Content-Length: 140
Content-Type: application/json; charset=utf-8
host: localhost:63286
accept: */*

Response DefaultHttpResponse(decodeResult: success, version: HTTP/1.1)
HTTP/1.1 200 OK
Content-Type: application/json; charset=utf-8
cache-control: no-cache
content-length: 88

01:59:14.776 [AsyncHttpClient-1-17] DEBUG org.asynchttpclient.netty.channel.ChannelManager - Adding key: http://localhost:63286 for channel [id: 0x939a02b5, L:/127.0.0.1:56085 - R:localhost/127.0.0.1:63286]
01:59:14.778 [Forwarding isElementDisplayed on session 98f84024afef6b438e9754f7af3a253c to remote] DEBUG org.asynchttpclient.netty.request.NettyRequestSender - Using pooled Channel '[id: 0x939a02b5, L:/127.0.0.1:56085 - R:localhost/127.0.0.1:63286]' for 'POST' to 'http://localhost:63286/session/98f84024afef6b438e9754f7af3a253c/execute/sync'
01:59:14.778 [Forwarding isElementDisplayed on session 98f84024afef6b438e9754f7af3a253c to remote] DEBUG org.asynchttpclient.netty.request.NettyRequestSender - Using open Channel [id: 0x939a02b5, L:/127.0.0.1:56085 - R:localhost/127.0.0.1:63286] for POST '/session/98f84024afef6b438e9754f7af3a253c/execute/sync'
01:59:14.788 [AsyncHttpClient-1-17] DEBUG org.asynchttpclient.netty.handler.HttpHandler - 

Request DefaultHttpRequest(decodeResult: success, version: HTTP/1.1)
POST /session/98f84024afef6b438e9754f7af3a253c/execute/sync HTTP/1.1
User-Agent: selenium/4.1.2 (java windows)
Content-Length: 48780
Content-Type: application/json; charset=utf-8
host: localhost:63286
accept: */*

Response DefaultHttpResponse(decodeResult: success, version: HTTP/1.1)
HTTP/1.1 200 OK
Content-Type: application/json; charset=utf-8
cache-control: no-cache
content-length: 14

01:59:14.788 [AsyncHttpClient-1-17] DEBUG org.asynchttpclient.netty.channel.ChannelManager - Adding key: http://localhost:63286 for channel [id: 0x939a02b5, L:/127.0.0.1:56085 - R:localhost/127.0.0.1:63286]
01:59:14.790 [Forwarding screenshot on session 98f84024afef6b438e9754f7af3a253c to remote] DEBUG org.asynchttpclient.netty.request.NettyRequestSender - Using pooled Channel '[id: 0x939a02b5, L:/127.0.0.1:56085 - R:localhost/127.0.0.1:63286]' for 'GET' to 'http://localhost:63286/session/98f84024afef6b438e9754f7af3a253c/screenshot'
01:59:14.790 [Forwarding screenshot on session 98f84024afef6b438e9754f7af3a253c to remote] DEBUG org.asynchttpclient.netty.request.NettyRequestSender - Using open Channel [id: 0x939a02b5, L:/127.0.0.1:56085 - R:localhost/127.0.0.1:63286] for GET '/session/98f84024afef6b438e9754f7af3a253c/screenshot'
01:59:14.855 [AsyncHttpClient-1-17] DEBUG org.asynchttpclient.netty.handler.HttpHandler - 

Request DefaultFullHttpRequest(decodeResult: success, version: HTTP/1.1, content: EmptyByteBufBE)
GET /session/98f84024afef6b438e9754f7af3a253c/screenshot HTTP/1.1
User-Agent: selenium/4.1.2 (java windows)
Cache-Control: no-cache
Content-Type: application/json; charset=utf-8
host: localhost:63286
accept: */*

Response DefaultHttpResponse(decodeResult: success, version: HTTP/1.1)
HTTP/1.1 200 OK
Content-Type: application/json; charset=utf-8
cache-control: no-cache
content-length: 70852

01:59:14.855 [AsyncHttpClient-1-17] DEBUG org.asynchttpclient.netty.channel.ChannelManager - Adding key: http://localhost:63286 for channel [id: 0x939a02b5, L:/127.0.0.1:56085 - R:localhost/127.0.0.1:63286]
01:59:14.856 [main] DEBUG net.serenitybdd.core.photography.Darkroom - Send negative for processing for target\site\serenity\b0c8be144a0caf514a0f3adc26246eb642254dac46a2eb309df8dc6d69e77bf0.png
01:59:14.856 [main] DEBUG net.thucydides.core.steps.StepInterceptor - STEP DONE: validateOnHomePage
  &amp#27;[32mGiven &amp#27;[0m&amp#27;[32mI am on the home page for order&amp#27;[0m    &amp#27;[90m# starter.stepdefinitions.OrderSteps.onTheHomePage()&amp#27;[0m
01:59:14.857 [Darkroom Processing Line] DEBUG net.serenitybdd.core.photography.DarkroomProcessingLine - Processing screenshot image in /var/screenshots/screenshot-15705301093373438848
01:59:14.857 [Darkroom Processing Line] DEBUG net.serenitybdd.core.photography.DarkroomProcessingLine - Saving screenshot to target\site\serenity\b0c8be144a0caf514a0f3adc26246eb642254dac46a2eb309df8dc6d69e77bf0.png
01:59:14.863 [main] DEBUG net.thucydides.core.steps.StepInterceptor - STARTING STEP: OrderSteps.clickBeliButton - clickBeliButton
01:59:14.865 [Forwarding findElement on session 98f84024afef6b438e9754f7af3a253c to remote] DEBUG org.asynchttpclient.netty.request.NettyRequestSender - Using pooled Channel '[id: 0x939a02b5, L:/127.0.0.1:56085 - R:localhost/127.0.0.1:63286]' for 'POST' to 'http://localhost:63286/session/98f84024afef6b438e9754f7af3a253c/element'
01:59:14.865 [Forwarding findElement on session 98f84024afef6b438e9754f7af3a253c to remote] DEBUG org.asynchttpclient.netty.request.NettyRequestSender - Using open Channel [id: 0x939a02b5, L:/127.0.0.1:56085 - R:localhost/127.0.0.1:63286] for POST '/session/98f84024afef6b438e9754f7af3a253c/element'
01:59:14.875 [AsyncHttpClient-1-17] DEBUG org.asynchttpclient.netty.handler.HttpHandler - 

Request DefaultHttpRequest(decodeResult: success, version: HTTP/1.1)
POST /session/98f84024afef6b438e9754f7af3a253c/element HTTP/1.1
User-Agent: selenium/4.1.2 (java windows)
Content-Length: 140
Content-Type: application/json; charset=utf-8
host: localhost:63286
accept: */*

Response DefaultHttpResponse(decodeResult: success, version: HTTP/1.1)
HTTP/1.1 200 OK
Content-Type: application/json; charset=utf-8
cache-control: no-cache
content-length: 88

01:59:14.875 [AsyncHttpClient-1-17] DEBUG org.asynchttpclient.netty.channel.ChannelManager - Adding key: http://localhost:63286 for channel [id: 0x939a02b5, L:/127.0.0.1:56085 - R:localhost/127.0.0.1:63286]
01:59:14.876 [Forwarding getElementTagName on session 98f84024afef6b438e9754f7af3a253c to remote] DEBUG org.asynchttpclient.netty.request.NettyRequestSender - Using pooled Channel '[id: 0x939a02b5, L:/127.0.0.1:56085 - R:localhost/127.0.0.1:63286]' for 'GET' to 'http://localhost:63286/session/98f84024afef6b438e9754f7af3a253c/element/b0bb35d3-05c6-47af-8245-e125b8ca737c/name'
01:59:14.876 [Forwarding getElementTagName on session 98f84024afef6b438e9754f7af3a253c to remote] DEBUG org.asynchttpclient.netty.request.NettyRequestSender - Using open Channel [id: 0x939a02b5, L:/127.0.0.1:56085 - R:localhost/127.0.0.1:63286] for GET '/session/98f84024afef6b438e9754f7af3a253c/element/b0bb35d3-05c6-47af-8245-e125b8ca737c/name'
01:59:14.879 [AsyncHttpClient-1-17] DEBUG org.asynchttpclient.netty.handler.HttpHandler - 

Request DefaultFullHttpRequest(decodeResult: success, version: HTTP/1.1, content: EmptyByteBufBE)
GET /session/98f84024afef6b438e9754f7af3a253c/element/b0bb35d3-05c6-47af-8245-e125b8ca737c/name HTTP/1.1
User-Agent: selenium/4.1.2 (java windows)
Cache-Control: no-cache
Content-Type: application/json; charset=utf-8
host: localhost:63286
accept: */*

Response DefaultHttpResponse(decodeResult: success, version: HTTP/1.1)
HTTP/1.1 200 OK
Content-Type: application/json; charset=utf-8
cache-control: no-cache
content-length: 18

01:59:14.879 [AsyncHttpClient-1-17] DEBUG org.asynchttpclient.netty.channel.ChannelManager - Adding key: http://localhost:63286 for channel [id: 0x939a02b5, L:/127.0.0.1:56085 - R:localhost/127.0.0.1:63286]
01:59:14.880 [Forwarding getElementTagName on session 98f84024afef6b438e9754f7af3a253c to remote] DEBUG org.asynchttpclient.netty.request.NettyRequestSender - Using pooled Channel '[id: 0x939a02b5, L:/127.0.0.1:56085 - R:localhost/127.0.0.1:63286]' for 'GET' to 'http://localhost:63286/session/98f84024afef6b438e9754f7af3a253c/element/b0bb35d3-05c6-47af-8245-e125b8ca737c/name'
01:59:14.880 [Forwarding getElementTagName on session 98f84024afef6b438e9754f7af3a253c to remote] DEBUG org.asynchttpclient.netty.request.NettyRequestSender - Using open Channel [id: 0x939a02b5, L:/127.0.0.1:56085 - R:localhost/127.0.0.1:63286] for GET '/session/98f84024afef6b438e9754f7af3a253c/element/b0bb35d3-05c6-47af-8245-e125b8ca737c/name'
01:59:14.882 [AsyncHttpClient-1-17] DEBUG org.asynchttpclient.netty.handler.HttpHandler - 

Request DefaultFullHttpRequest(decodeResult: success, version: HTTP/1.1, content: EmptyByteBufBE)
GET /session/98f84024afef6b438e9754f7af3a253c/element/b0bb35d3-05c6-47af-8245-e125b8ca737c/name HTTP/1.1
User-Agent: selenium/4.1.2 (java windows)
Cache-Control: no-cache
Content-Type: application/json; charset=utf-8
host: localhost:63286
accept: */*

Response DefaultHttpResponse(decodeResult: success, version: HTTP/1.1)
HTTP/1.1 200 OK
Content-Type: application/json; charset=utf-8
cache-control: no-cache
content-length: 18

01:59:14.882 [AsyncHttpClient-1-17] DEBUG org.asynchttpclient.netty.channel.ChannelManager - Adding key: http://localhost:63286 for channel [id: 0x939a02b5, L:/127.0.0.1:56085 - R:localhost/127.0.0.1:63286]
01:59:14.883 [Forwarding isElementEnabled on session 98f84024afef6b438e9754f7af3a253c to remote] DEBUG org.asynchttpclient.netty.request.NettyRequestSender - Using pooled Channel '[id: 0x939a02b5, L:/127.0.0.1:56085 - R:localhost/127.0.0.1:63286]' for 'GET' to 'http://localhost:63286/session/98f84024afef6b438e9754f7af3a253c/element/b0bb35d3-05c6-47af-8245-e125b8ca737c/enabled'
01:59:14.883 [Forwarding isElementEnabled on session 98f84024afef6b438e9754f7af3a253c to remote] DEBUG org.asynchttpclient.netty.request.NettyRequestSender - Using open Channel [id: 0x939a02b5, L:/127.0.0.1:56085 - R:localhost/127.0.0.1:63286] for GET '/session/98f84024afef6b438e9754f7af3a253c/element/b0bb35d3-05c6-47af-8245-e125b8ca737c/enabled'
01:59:14.887 [AsyncHttpClient-1-17] DEBUG org.asynchttpclient.netty.handler.HttpHandler - 

Request DefaultFullHttpRequest(decodeResult: success, version: HTTP/1.1, content: EmptyByteBufBE)
GET /session/98f84024afef6b438e9754f7af3a253c/element/b0bb35d3-05c6-47af-8245-e125b8ca737c/enabled HTTP/1.1
User-Agent: selenium/4.1.2 (java windows)
Cache-Control: no-cache
Content-Type: application/json; charset=utf-8
host: localhost:63286
accept: */*

Response DefaultHttpResponse(decodeResult: success, version: HTTP/1.1)
HTTP/1.1 200 OK
Content-Type: application/json; charset=utf-8
cache-control: no-cache
content-length: 14

01:59:14.887 [AsyncHttpClient-1-17] DEBUG org.asynchttpclient.netty.channel.ChannelManager - Adding key: http://localhost:63286 for channel [id: 0x939a02b5, L:/127.0.0.1:56085 - R:localhost/127.0.0.1:63286]
01:59:14.888 [Forwarding isElementEnabled on session 98f84024afef6b438e9754f7af3a253c to remote] DEBUG org.asynchttpclient.netty.request.NettyRequestSender - Using pooled Channel '[id: 0x939a02b5, L:/127.0.0.1:56085 - R:localhost/127.0.0.1:63286]' for 'GET' to 'http://localhost:63286/session/98f84024afef6b438e9754f7af3a253c/element/b0bb35d3-05c6-47af-8245-e125b8ca737c/enabled'
01:59:14.888 [Forwarding isElementEnabled on session 98f84024afef6b438e9754f7af3a253c to remote] DEBUG org.asynchttpclient.netty.request.NettyRequestSender - Using open Channel [id: 0x939a02b5, L:/127.0.0.1:56085 - R:localhost/127.0.0.1:63286] for GET '/session/98f84024afef6b438e9754f7af3a253c/element/b0bb35d3-05c6-47af-8245-e125b8ca737c/enabled'
01:59:14.890 [AsyncHttpClient-1-17] DEBUG org.asynchttpclient.netty.handler.HttpHandler - 

Request DefaultFullHttpRequest(decodeResult: success, version: HTTP/1.1, content: EmptyByteBufBE)
GET /session/98f84024afef6b438e9754f7af3a253c/element/b0bb35d3-05c6-47af-8245-e125b8ca737c/enabled HTTP/1.1
User-Agent: selenium/4.1.2 (java windows)
Cache-Control: no-cache
Content-Type: application/json; charset=utf-8
host: localhost:63286
accept: */*

Response DefaultHttpResponse(decodeResult: success, version: HTTP/1.1)
HTTP/1.1 200 OK
Content-Type: application/json; charset=utf-8
cache-control: no-cache
content-length: 14

01:59:14.890 [AsyncHttpClient-1-17] DEBUG org.asynchttpclient.netty.channel.ChannelManager - Adding key: http://localhost:63286 for channel [id: 0x939a02b5, L:/127.0.0.1:56085 - R:localhost/127.0.0.1:63286]
01:59:14.891 [Forwarding findElement on session 98f84024afef6b438e9754f7af3a253c to remote] DEBUG org.asynchttpclient.netty.request.NettyRequestSender - Using pooled Channel '[id: 0x939a02b5, L:/127.0.0.1:56085 - R:localhost/127.0.0.1:63286]' for 'POST' to 'http://localhost:63286/session/98f84024afef6b438e9754f7af3a253c/element'
01:59:14.891 [Forwarding findElement on session 98f84024afef6b438e9754f7af3a253c to remote] DEBUG org.asynchttpclient.netty.request.NettyRequestSender - Using open Channel [id: 0x939a02b5, L:/127.0.0.1:56085 - R:localhost/127.0.0.1:63286] for POST '/session/98f84024afef6b438e9754f7af3a253c/element'
01:59:14.899 [AsyncHttpClient-1-17] DEBUG org.asynchttpclient.netty.handler.HttpHandler - 

Request DefaultHttpRequest(decodeResult: success, version: HTTP/1.1)
POST /session/98f84024afef6b438e9754f7af3a253c/element HTTP/1.1
User-Agent: selenium/4.1.2 (java windows)
Content-Length: 140
Content-Type: application/json; charset=utf-8
host: localhost:63286
accept: */*

Response DefaultHttpResponse(decodeResult: success, version: HTTP/1.1)
HTTP/1.1 200 OK
Content-Type: application/json; charset=utf-8
cache-control: no-cache
content-length: 88

01:59:14.899 [AsyncHttpClient-1-17] DEBUG org.asynchttpclient.netty.channel.ChannelManager - Adding key: http://localhost:63286 for channel [id: 0x939a02b5, L:/127.0.0.1:56085 - R:localhost/127.0.0.1:63286]
01:59:14.900 [Forwarding clickElement on session 98f84024afef6b438e9754f7af3a253c to remote] DEBUG org.asynchttpclient.netty.request.NettyRequestSender - Using pooled Channel '[id: 0x939a02b5, L:/127.0.0.1:56085 - R:localhost/127.0.0.1:63286]' for 'POST' to 'http://localhost:63286/session/98f84024afef6b438e9754f7af3a253c/element/b0bb35d3-05c6-47af-8245-e125b8ca737c/click'
01:59:14.900 [Forwarding clickElement on session 98f84024afef6b438e9754f7af3a253c to remote] DEBUG org.asynchttpclient.netty.request.NettyRequestSender - Using open Channel [id: 0x939a02b5, L:/127.0.0.1:56085 - R:localhost/127.0.0.1:63286] for POST '/session/98f84024afef6b438e9754f7af3a253c/element/b0bb35d3-05c6-47af-8245-e125b8ca737c/click'
01:59:14.959 [AsyncHttpClient-1-17] DEBUG org.asynchttpclient.netty.handler.HttpHandler - 

Request DefaultHttpRequest(decodeResult: success, version: HTTP/1.1)
POST /session/98f84024afef6b438e9754f7af3a253c/element/b0bb35d3-05c6-47af-8245-e125b8ca737c/click HTTP/1.1
User-Agent: selenium/4.1.2 (java windows)
Content-Length: 50
Content-Type: application/json; charset=utf-8
host: localhost:63286
accept: */*

Response DefaultHttpResponse(decodeResult: success, version: HTTP/1.1)
HTTP/1.1 200 OK
Content-Type: application/json; charset=utf-8
cache-control: no-cache
content-length: 14

01:59:14.959 [AsyncHttpClient-1-17] DEBUG org.asynchttpclient.netty.channel.ChannelManager - Adding key: http://localhost:63286 for channel [id: 0x939a02b5, L:/127.0.0.1:56085 - R:localhost/127.0.0.1:63286]
01:59:14.963 [Forwarding screenshot on session 98f84024afef6b438e9754f7af3a253c to remote] DEBUG org.asynchttpclient.netty.request.NettyRequestSender - Using pooled Channel '[id: 0x939a02b5, L:/127.0.0.1:56085 - R:localhost/127.0.0.1:63286]' for 'GET' to 'http://localhost:63286/session/98f84024afef6b438e9754f7af3a253c/screenshot'
01:59:14.963 [Forwarding screenshot on session 98f84024afef6b438e9754f7af3a253c to remote] DEBUG org.asynchttpclient.netty.request.NettyRequestSender - Using open Channel [id: 0x939a02b5, L:/127.0.0.1:56085 - R:localhost/127.0.0.1:63286] for GET '/session/98f84024afef6b438e9754f7af3a253c/screenshot'
01:59:15.050 [AsyncHttpClient-1-17] DEBUG org.asynchttpclient.netty.handler.HttpHandler - 

Request DefaultFullHttpRequest(decodeResult: success, version: HTTP/1.1, content: EmptyByteBufBE)
GET /session/98f84024afef6b438e9754f7af3a253c/screenshot HTTP/1.1
User-Agent: selenium/4.1.2 (java windows)
Cache-Control: no-cache
Content-Type: application/json; charset=utf-8
host: localhost:63286
accept: */*

Response DefaultHttpResponse(decodeResult: success, version: HTTP/1.1)
HTTP/1.1 200 OK
Content-Type: application/json; charset=utf-8
cache-control: no-cache
content-length: 72392

01:59:15.050 [AsyncHttpClient-1-17] DEBUG org.asynchttpclient.netty.channel.ChannelManager - Adding key: http://localhost:63286 for channel [id: 0x939a02b5, L:/127.0.0.1:56085 - R:localhost/127.0.0.1:63286]
01:59:15.052 [main] DEBUG net.serenitybdd.core.photography.Darkroom - Send negative for processing for target\site\serenity\9ca650b66b4cc5a6e13e619a04208b87786cc73fec5d1582df250fdd0b6957b0.png
01:59:15.053 [main] DEBUG net.thucydides.core.steps.StepInterceptor - STEP DONE: clickBeliButton
  &amp#27;[32mWhen &amp#27;[0m&amp#27;[32mI click on Beli button on a product&amp#27;[0m &amp#27;[90m# starter.stepdefinitions.OrderSteps.clickBeliButton()&amp#27;[0m
01:59:15.053 [Darkroom Processing Line] DEBUG net.serenitybdd.core.photography.DarkroomProcessingLine - Processing screenshot image in /var/screenshots/screenshot-10528988358363936604
01:59:15.053 [Darkroom Processing Line] DEBUG net.serenitybdd.core.photography.DarkroomProcessingLine - Saving screenshot to target\site\serenity\9ca650b66b4cc5a6e13e619a04208b87786cc73fec5d1582df250fdd0b6957b0.png
01:59:15.063 [main] DEBUG net.thucydides.core.steps.StepInterceptor - STARTING STEP: OrderSteps.clickCartIcon - clickCartIcon
01:59:15.066 [Forwarding findElement on session 98f84024afef6b438e9754f7af3a253c to remote] DEBUG org.asynchttpclient.netty.request.NettyRequestSender - Using pooled Channel '[id: 0x939a02b5, L:/127.0.0.1:56085 - R:localhost/127.0.0.1:63286]' for 'POST' to 'http://localhost:63286/session/98f84024afef6b438e9754f7af3a253c/element'
01:59:15.066 [Forwarding findElement on session 98f84024afef6b438e9754f7af3a253c to remote] DEBUG org.asynchttpclient.netty.request.NettyRequestSender - Using open Channel [id: 0x939a02b5, L:/127.0.0.1:56085 - R:localhost/127.0.0.1:63286] for POST '/session/98f84024afef6b438e9754f7af3a253c/element'
01:59:15.069 [AsyncHttpClient-1-1] DEBUG org.asynchttpclient.netty.channel.DefaultChannelPool - Entry count for : http://localhost:56087 : 1
01:59:15.095 [AsyncHttpClient-1-17] DEBUG org.asynchttpclient.netty.handler.HttpHandler - 

Request DefaultHttpRequest(decodeResult: success, version: HTTP/1.1)
POST /session/98f84024afef6b438e9754f7af3a253c/element HTTP/1.1
User-Agent: selenium/4.1.2 (java windows)
Content-Length: 112
Content-Type: application/json; charset=utf-8
host: localhost:63286
accept: */*

Response DefaultHttpResponse(decodeResult: success, version: HTTP/1.1)
HTTP/1.1 200 OK
Content-Type: application/json; charset=utf-8
cache-control: no-cache
content-length: 88

01:59:15.095 [AsyncHttpClient-1-17] DEBUG org.asynchttpclient.netty.channel.ChannelManager - Adding key: http://localhost:63286 for channel [id: 0x939a02b5, L:/127.0.0.1:56085 - R:localhost/127.0.0.1:63286]
01:59:15.096 [Forwarding getElementTagName on session 98f84024afef6b438e9754f7af3a253c to remote] DEBUG org.asynchttpclient.netty.request.NettyRequestSender - Using pooled Channel '[id: 0x939a02b5, L:/127.0.0.1:56085 - R:localhost/127.0.0.1:63286]' for 'GET' to 'http://localhost:63286/session/98f84024afef6b438e9754f7af3a253c/element/4bd4c477-0c7b-40a0-a271-40a4411aa48f/name'
01:59:15.096 [Forwarding getElementTagName on session 98f84024afef6b438e9754f7af3a253c to remote] DEBUG org.asynchttpclient.netty.request.NettyRequestSender - Using open Channel [id: 0x939a02b5, L:/127.0.0.1:56085 - R:localhost/127.0.0.1:63286] for GET '/session/98f84024afef6b438e9754f7af3a253c/element/4bd4c477-0c7b-40a0-a271-40a4411aa48f/name'
01:59:15.100 [AsyncHttpClient-1-17] DEBUG org.asynchttpclient.netty.handler.HttpHandler - 

Request DefaultFullHttpRequest(decodeResult: success, version: HTTP/1.1, content: EmptyByteBufBE)
GET /session/98f84024afef6b438e9754f7af3a253c/element/4bd4c477-0c7b-40a0-a271-40a4411aa48f/name HTTP/1.1
User-Agent: selenium/4.1.2 (java windows)
Cache-Control: no-cache
Content-Type: application/json; charset=utf-8
host: localhost:63286
accept: */*

Response DefaultHttpResponse(decodeResult: success, version: HTTP/1.1)
HTTP/1.1 200 OK
Content-Type: application/json; charset=utf-8
cache-control: no-cache
content-length: 13

01:59:15.101 [AsyncHttpClient-1-17] DEBUG org.asynchttpclient.netty.channel.ChannelManager - Adding key: http://localhost:63286 for channel [id: 0x939a02b5, L:/127.0.0.1:56085 - R:localhost/127.0.0.1:63286]
01:59:15.102 [Forwarding getElementTagName on session 98f84024afef6b438e9754f7af3a253c to remote] DEBUG org.asynchttpclient.netty.request.NettyRequestSender - Using pooled Channel '[id: 0x939a02b5, L:/127.0.0.1:56085 - R:localhost/127.0.0.1:63286]' for 'GET' to 'http://localhost:63286/session/98f84024afef6b438e9754f7af3a253c/element/4bd4c477-0c7b-40a0-a271-40a4411aa48f/name'
01:59:15.102 [Forwarding getElementTagName on session 98f84024afef6b438e9754f7af3a253c to remote] DEBUG org.asynchttpclient.netty.request.NettyRequestSender - Using open Channel [id: 0x939a02b5, L:/127.0.0.1:56085 - R:localhost/127.0.0.1:63286] for GET '/session/98f84024afef6b438e9754f7af3a253c/element/4bd4c477-0c7b-40a0-a271-40a4411aa48f/name'
01:59:15.105 [AsyncHttpClient-1-17] DEBUG org.asynchttpclient.netty.handler.HttpHandler - 

Request DefaultFullHttpRequest(decodeResult: success, version: HTTP/1.1, content: EmptyByteBufBE)
GET /session/98f84024afef6b438e9754f7af3a253c/element/4bd4c477-0c7b-40a0-a271-40a4411aa48f/name HTTP/1.1
User-Agent: selenium/4.1.2 (java windows)
Cache-Control: no-cache
Content-Type: application/json; charset=utf-8
host: localhost:63286
accept: */*

Response DefaultHttpResponse(decodeResult: success, version: HTTP/1.1)
HTTP/1.1 200 OK
Content-Type: application/json; charset=utf-8
cache-control: no-cache
content-length: 13

01:59:15.106 [AsyncHttpClient-1-17] DEBUG org.asynchttpclient.netty.channel.ChannelManager - Adding key: http://localhost:63286 for channel [id: 0x939a02b5, L:/127.0.0.1:56085 - R:localhost/127.0.0.1:63286]
01:59:15.109 [Forwarding findElement on session 98f84024afef6b438e9754f7af3a253c to remote] DEBUG org.asynchttpclient.netty.request.NettyRequestSender - Using pooled Channel '[id: 0x939a02b5, L:/127.0.0.1:56085 - R:localhost/127.0.0.1:63286]' for 'POST' to 'http://localhost:63286/session/98f84024afef6b438e9754f7af3a253c/element'
01:59:15.109 [Forwarding findElement on session 98f84024afef6b438e9754f7af3a253c to remote] DEBUG org.asynchttpclient.netty.request.NettyRequestSender - Using open Channel [id: 0x939a02b5, L:/127.0.0.1:56085 - R:localhost/127.0.0.1:63286] for POST '/session/98f84024afef6b438e9754f7af3a253c/element'
01:59:15.121 [AsyncHttpClient-1-17] DEBUG org.asynchttpclient.netty.handler.HttpHandler - 

Request DefaultHttpRequest(decodeResult: success, version: HTTP/1.1)
POST /session/98f84024afef6b438e9754f7af3a253c/element HTTP/1.1
User-Agent: selenium/4.1.2 (java windows)
Content-Length: 112
Content-Type: application/json; charset=utf-8
host: localhost:63286
accept: */*

Response DefaultHttpResponse(decodeResult: success, version: HTTP/1.1)
HTTP/1.1 200 OK
Content-Type: application/json; charset=utf-8
cache-control: no-cache
content-length: 88

01:59:15.122 [AsyncHttpClient-1-17] DEBUG org.asynchttpclient.netty.channel.ChannelManager - Adding key: http://localhost:63286 for channel [id: 0x939a02b5, L:/127.0.0.1:56085 - R:localhost/127.0.0.1:63286]
01:59:15.123 [Forwarding clickElement on session 98f84024afef6b438e9754f7af3a253c to remote] DEBUG org.asynchttpclient.netty.request.NettyRequestSender - Using pooled Channel '[id: 0x939a02b5, L:/127.0.0.1:56085 - R:localhost/127.0.0.1:63286]' for 'POST' to 'http://localhost:63286/session/98f84024afef6b438e9754f7af3a253c/element/4bd4c477-0c7b-40a0-a271-40a4411aa48f/click'
01:59:15.123 [Forwarding clickElement on session 98f84024afef6b438e9754f7af3a253c to remote] DEBUG org.asynchttpclient.netty.request.NettyRequestSender - Using open Channel [id: 0x939a02b5, L:/127.0.0.1:56085 - R:localhost/127.0.0.1:63286] for POST '/session/98f84024afef6b438e9754f7af3a253c/element/4bd4c477-0c7b-40a0-a271-40a4411aa48f/click'
01:59:15.170 [AsyncHttpClient-1-17] DEBUG org.asynchttpclient.netty.handler.HttpHandler - 

Request DefaultHttpRequest(decodeResult: success, version: HTTP/1.1)
POST /session/98f84024afef6b438e9754f7af3a253c/element/4bd4c477-0c7b-40a0-a271-40a4411aa48f/click HTTP/1.1
User-Agent: selenium/4.1.2 (java windows)
Content-Length: 50
Content-Type: application/json; charset=utf-8
host: localhost:63286
accept: */*

Response DefaultHttpResponse(decodeResult: success, version: HTTP/1.1)
HTTP/1.1 200 OK
Content-Type: application/json; charset=utf-8
cache-control: no-cache
content-length: 14

01:59:15.171 [AsyncHttpClient-1-17] DEBUG org.asynchttpclient.netty.channel.ChannelManager - Adding key: http://localhost:63286 for channel [id: 0x939a02b5, L:/127.0.0.1:56085 - R:localhost/127.0.0.1:63286]
01:59:15.174 [Forwarding screenshot on session 98f84024afef6b438e9754f7af3a253c to remote] DEBUG org.asynchttpclient.netty.request.NettyRequestSender - Using pooled Channel '[id: 0x939a02b5, L:/127.0.0.1:56085 - R:localhost/127.0.0.1:63286]' for 'GET' to 'http://localhost:63286/session/98f84024afef6b438e9754f7af3a253c/screenshot'
01:59:15.174 [Forwarding screenshot on session 98f84024afef6b438e9754f7af3a253c to remote] DEBUG org.asynchttpclient.netty.request.NettyRequestSender - Using open Channel [id: 0x939a02b5, L:/127.0.0.1:56085 - R:localhost/127.0.0.1:63286] for GET '/session/98f84024afef6b438e9754f7af3a253c/screenshot'
01:59:15.455 [AsyncHttpClient-1-17] DEBUG org.asynchttpclient.netty.handler.HttpHandler - 

Request DefaultFullHttpRequest(decodeResult: success, version: HTTP/1.1, content: EmptyByteBufBE)
GET /session/98f84024afef6b438e9754f7af3a253c/screenshot HTTP/1.1
User-Agent: selenium/4.1.2 (java windows)
Cache-Control: no-cache
Content-Type: application/json; charset=utf-8
host: localhost:63286
accept: */*

Response DefaultHttpResponse(decodeResult: success, version: HTTP/1.1)
HTTP/1.1 200 OK
Content-Type: application/json; charset=utf-8
cache-control: no-cache
content-length: 43400

01:59:15.455 [AsyncHttpClient-1-17] DEBUG org.asynchttpclient.netty.channel.ChannelManager - Adding key: http://localhost:63286 for channel [id: 0x939a02b5, L:/127.0.0.1:56085 - R:localhost/127.0.0.1:63286]
01:59:15.456 [main] DEBUG net.serenitybdd.core.photography.Darkroom - Send negative for processing for target\site\serenity\a4b1e306cefe7dd3a51006e797d66e7dca4bd70a26a19a004b6ee567c0dfeb5e.png
01:59:15.456 [main] DEBUG net.thucydides.core.steps.StepInterceptor - STEP DONE: clickCartIcon
  &amp#27;[32mAnd &amp#27;[0m&amp#27;[32mI click on Cart button&amp#27;[0m               &amp#27;[90m# starter.stepdefinitions.OrderSteps.clickCartIcon()&amp#27;[0m
01:59:15.457 [Darkroom Processing Line] DEBUG net.serenitybdd.core.photography.DarkroomProcessingLine - Processing screenshot image in /var/screenshots/screenshot-6598689931727916811
01:59:15.457 [Darkroom Processing Line] DEBUG net.serenitybdd.core.photography.DarkroomProcessingLine - Saving screenshot to target\site\serenity\a4b1e306cefe7dd3a51006e797d66e7dca4bd70a26a19a004b6ee567c0dfeb5e.png
01:59:15.465 [main] DEBUG net.thucydides.core.steps.StepInterceptor - STARTING STEP: OrderSteps.clickBayarButton - clickBayarButton
01:59:15.466 [Forwarding findElement on session 98f84024afef6b438e9754f7af3a253c to remote] DEBUG org.asynchttpclient.netty.request.NettyRequestSender - Using pooled Channel '[id: 0x939a02b5, L:/127.0.0.1:56085 - R:localhost/127.0.0.1:63286]' for 'POST' to 'http://localhost:63286/session/98f84024afef6b438e9754f7af3a253c/element'
01:59:15.466 [Forwarding findElement on session 98f84024afef6b438e9754f7af3a253c to remote] DEBUG org.asynchttpclient.netty.request.NettyRequestSender - Using open Channel [id: 0x939a02b5, L:/127.0.0.1:56085 - R:localhost/127.0.0.1:63286] for POST '/session/98f84024afef6b438e9754f7af3a253c/element'
01:59:15.474 [AsyncHttpClient-1-17] DEBUG org.asynchttpclient.netty.handler.HttpHandler - 

Request DefaultHttpRequest(decodeResult: success, version: HTTP/1.1)
POST /session/98f84024afef6b438e9754f7af3a253c/element HTTP/1.1
User-Agent: selenium/4.1.2 (java windows)
Content-Length: 134
Content-Type: application/json; charset=utf-8
host: localhost:63286
accept: */*

Response DefaultHttpResponse(decodeResult: success, version: HTTP/1.1)
HTTP/1.1 200 OK
Content-Type: application/json; charset=utf-8
cache-control: no-cache
content-length: 88

01:59:15.474 [AsyncHttpClient-1-17] DEBUG org.asynchttpclient.netty.channel.ChannelManager - Adding key: http://localhost:63286 for channel [id: 0x939a02b5, L:/127.0.0.1:56085 - R:localhost/127.0.0.1:63286]
01:59:15.476 [Forwarding getElementTagName on session 98f84024afef6b438e9754f7af3a253c to remote] DEBUG org.asynchttpclient.netty.request.NettyRequestSender - Using pooled Channel '[id: 0x939a02b5, L:/127.0.0.1:56085 - R:localhost/127.0.0.1:63286]' for 'GET' to 'http://localhost:63286/session/98f84024afef6b438e9754f7af3a253c/element/af6f5ad0-53c9-481d-bc42-81190cf8e276/name'
01:59:15.476 [Forwarding getElementTagName on session 98f84024afef6b438e9754f7af3a253c to remote] DEBUG org.asynchttpclient.netty.request.NettyRequestSender - Using open Channel [id: 0x939a02b5, L:/127.0.0.1:56085 - R:localhost/127.0.0.1:63286] for GET '/session/98f84024afef6b438e9754f7af3a253c/element/af6f5ad0-53c9-481d-bc42-81190cf8e276/name'
01:59:15.479 [AsyncHttpClient-1-17] DEBUG org.asynchttpclient.netty.handler.HttpHandler - 

Request DefaultFullHttpRequest(decodeResult: success, version: HTTP/1.1, content: EmptyByteBufBE)
GET /session/98f84024afef6b438e9754f7af3a253c/element/af6f5ad0-53c9-481d-bc42-81190cf8e276/name HTTP/1.1
User-Agent: selenium/4.1.2 (java windows)
Cache-Control: no-cache
Content-Type: application/json; charset=utf-8
host: localhost:63286
accept: */*

Response DefaultHttpResponse(decodeResult: success, version: HTTP/1.1)
HTTP/1.1 200 OK
Content-Type: application/json; charset=utf-8
cache-control: no-cache
content-length: 18

01:59:15.479 [AsyncHttpClient-1-17] DEBUG org.asynchttpclient.netty.channel.ChannelManager - Adding key: http://localhost:63286 for channel [id: 0x939a02b5, L:/127.0.0.1:56085 - R:localhost/127.0.0.1:63286]
01:59:15.480 [Forwarding getElementTagName on session 98f84024afef6b438e9754f7af3a253c to remote] DEBUG org.asynchttpclient.netty.request.NettyRequestSender - Using pooled Channel '[id: 0x939a02b5, L:/127.0.0.1:56085 - R:localhost/127.0.0.1:63286]' for 'GET' to 'http://localhost:63286/session/98f84024afef6b438e9754f7af3a253c/element/af6f5ad0-53c9-481d-bc42-81190cf8e276/name'
01:59:15.480 [Forwarding getElementTagName on session 98f84024afef6b438e9754f7af3a253c to remote] DEBUG org.asynchttpclient.netty.request.NettyRequestSender - Using open Channel [id: 0x939a02b5, L:/127.0.0.1:56085 - R:localhost/127.0.0.1:63286] for GET '/session/98f84024afef6b438e9754f7af3a253c/element/af6f5ad0-53c9-481d-bc42-81190cf8e276/name'
01:59:15.481 [AsyncHttpClient-1-17] DEBUG org.asynchttpclient.netty.handler.HttpHandler - 

Request DefaultFullHttpRequest(decodeResult: success, version: HTTP/1.1, content: EmptyByteBufBE)
GET /session/98f84024afef6b438e9754f7af3a253c/element/af6f5ad0-53c9-481d-bc42-81190cf8e276/name HTTP/1.1
User-Agent: selenium/4.1.2 (java windows)
Cache-Control: no-cache
Content-Type: application/json; charset=utf-8
host: localhost:63286
accept: */*

Response DefaultHttpResponse(decodeResult: success, version: HTTP/1.1)
HTTP/1.1 200 OK
Content-Type: application/json; charset=utf-8
cache-control: no-cache
content-length: 18

01:59:15.481 [AsyncHttpClient-1-17] DEBUG org.asynchttpclient.netty.channel.ChannelManager - Adding key: http://localhost:63286 for channel [id: 0x939a02b5, L:/127.0.0.1:56085 - R:localhost/127.0.0.1:63286]
01:59:15.483 [Forwarding isElementEnabled on session 98f84024afef6b438e9754f7af3a253c to remote] DEBUG org.asynchttpclient.netty.request.NettyRequestSender - Using pooled Channel '[id: 0x939a02b5, L:/127.0.0.1:56085 - R:localhost/127.0.0.1:63286]' for 'GET' to 'http://localhost:63286/session/98f84024afef6b438e9754f7af3a253c/element/af6f5ad0-53c9-481d-bc42-81190cf8e276/enabled'
01:59:15.483 [Forwarding isElementEnabled on session 98f84024afef6b438e9754f7af3a253c to remote] DEBUG org.asynchttpclient.netty.request.NettyRequestSender - Using open Channel [id: 0x939a02b5, L:/127.0.0.1:56085 - R:localhost/127.0.0.1:63286] for GET '/session/98f84024afef6b438e9754f7af3a253c/element/af6f5ad0-53c9-481d-bc42-81190cf8e276/enabled'
01:59:15.487 [AsyncHttpClient-1-17] DEBUG org.asynchttpclient.netty.handler.HttpHandler - 

Request DefaultFullHttpRequest(decodeResult: success, version: HTTP/1.1, content: EmptyByteBufBE)
GET /session/98f84024afef6b438e9754f7af3a253c/element/af6f5ad0-53c9-481d-bc42-81190cf8e276/enabled HTTP/1.1
User-Agent: selenium/4.1.2 (java windows)
Cache-Control: no-cache
Content-Type: application/json; charset=utf-8
host: localhost:63286
accept: */*

Response DefaultHttpResponse(decodeResult: success, version: HTTP/1.1)
HTTP/1.1 200 OK
Content-Type: application/json; charset=utf-8
cache-control: no-cache
content-length: 14

01:59:15.487 [AsyncHttpClient-1-17] DEBUG org.asynchttpclient.netty.channel.ChannelManager - Adding key: http://localhost:63286 for channel [id: 0x939a02b5, L:/127.0.0.1:56085 - R:localhost/127.0.0.1:63286]
01:59:15.488 [Forwarding isElementEnabled on session 98f84024afef6b438e9754f7af3a253c to remote] DEBUG org.asynchttpclient.netty.request.NettyRequestSender - Using pooled Channel '[id: 0x939a02b5, L:/127.0.0.1:56085 - R:localhost/127.0.0.1:63286]' for 'GET' to 'http://localhost:63286/session/98f84024afef6b438e9754f7af3a253c/element/af6f5ad0-53c9-481d-bc42-81190cf8e276/enabled'
01:59:15.488 [Forwarding isElementEnabled on session 98f84024afef6b438e9754f7af3a253c to remote] DEBUG org.asynchttpclient.netty.request.NettyRequestSender - Using open Channel [id: 0x939a02b5, L:/127.0.0.1:56085 - R:localhost/127.0.0.1:63286] for GET '/session/98f84024afef6b438e9754f7af3a253c/element/af6f5ad0-53c9-481d-bc42-81190cf8e276/enabled'
01:59:15.491 [AsyncHttpClient-1-17] DEBUG org.asynchttpclient.netty.handler.HttpHandler - 

Request DefaultFullHttpRequest(decodeResult: success, version: HTTP/1.1, content: EmptyByteBufBE)
GET /session/98f84024afef6b438e9754f7af3a253c/element/af6f5ad0-53c9-481d-bc42-81190cf8e276/enabled HTTP/1.1
User-Agent: selenium/4.1.2 (java windows)
Cache-Control: no-cache
Content-Type: application/json; charset=utf-8
host: localhost:63286
accept: */*

Response DefaultHttpResponse(decodeResult: success, version: HTTP/1.1)
HTTP/1.1 200 OK
Content-Type: application/json; charset=utf-8
cache-control: no-cache
content-length: 14

01:59:15.492 [AsyncHttpClient-1-17] DEBUG org.asynchttpclient.netty.channel.ChannelManager - Adding key: http://localhost:63286 for channel [id: 0x939a02b5, L:/127.0.0.1:56085 - R:localhost/127.0.0.1:63286]
01:59:15.492 [Forwarding findElement on session 98f84024afef6b438e9754f7af3a253c to remote] DEBUG org.asynchttpclient.netty.request.NettyRequestSender - Using pooled Channel '[id: 0x939a02b5, L:/127.0.0.1:56085 - R:localhost/127.0.0.1:63286]' for 'POST' to 'http://localhost:63286/session/98f84024afef6b438e9754f7af3a253c/element'
01:59:15.493 [Forwarding findElement on session 98f84024afef6b438e9754f7af3a253c to remote] DEBUG org.asynchttpclient.netty.request.NettyRequestSender - Using open Channel [id: 0x939a02b5, L:/127.0.0.1:56085 - R:localhost/127.0.0.1:63286] for POST '/session/98f84024afef6b438e9754f7af3a253c/element'
01:59:15.496 [AsyncHttpClient-1-17] DEBUG org.asynchttpclient.netty.handler.HttpHandler - 

Request DefaultHttpRequest(decodeResult: success, version: HTTP/1.1)
POST /session/98f84024afef6b438e9754f7af3a253c/element HTTP/1.1
User-Agent: selenium/4.1.2 (java windows)
Content-Length: 134
Content-Type: application/json; charset=utf-8
host: localhost:63286
accept: */*

Response DefaultHttpResponse(decodeResult: success, version: HTTP/1.1)
HTTP/1.1 200 OK
Content-Type: application/json; charset=utf-8
cache-control: no-cache
content-length: 88

01:59:15.497 [AsyncHttpClient-1-17] DEBUG org.asynchttpclient.netty.channel.ChannelManager - Adding key: http://localhost:63286 for channel [id: 0x939a02b5, L:/127.0.0.1:56085 - R:localhost/127.0.0.1:63286]
01:59:15.497 [Forwarding clickElement on session 98f84024afef6b438e9754f7af3a253c to remote] DEBUG org.asynchttpclient.netty.request.NettyRequestSender - Using pooled Channel '[id: 0x939a02b5, L:/127.0.0.1:56085 - R:localhost/127.0.0.1:63286]' for 'POST' to 'http://localhost:63286/session/98f84024afef6b438e9754f7af3a253c/element/af6f5ad0-53c9-481d-bc42-81190cf8e276/click'
01:59:15.497 [Forwarding clickElement on session 98f84024afef6b438e9754f7af3a253c to remote] DEBUG org.asynchttpclient.netty.request.NettyRequestSender - Using open Channel [id: 0x939a02b5, L:/127.0.0.1:56085 - R:localhost/127.0.0.1:63286] for POST '/session/98f84024afef6b438e9754f7af3a253c/element/af6f5ad0-53c9-481d-bc42-81190cf8e276/click'
01:59:15.518 [AsyncHttpClient-1-17] DEBUG org.asynchttpclient.netty.handler.HttpHandler - 

Request DefaultHttpRequest(decodeResult: success, version: HTTP/1.1)
POST /session/98f84024afef6b438e9754f7af3a253c/element/af6f5ad0-53c9-481d-bc42-81190cf8e276/click HTTP/1.1
User-Agent: selenium/4.1.2 (java windows)
Content-Length: 50
Content-Type: application/json; charset=utf-8
host: localhost:63286
accept: */*

Response DefaultHttpResponse(decodeResult: success, version: HTTP/1.1)
HTTP/1.1 200 OK
Content-Type: application/json; charset=utf-8
cache-control: no-cache
content-length: 14

01:59:15.518 [AsyncHttpClient-1-17] DEBUG org.asynchttpclient.netty.channel.ChannelManager - Adding key: http://localhost:63286 for channel [id: 0x939a02b5, L:/127.0.0.1:56085 - R:localhost/127.0.0.1:63286]
01:59:15.521 [Forwarding screenshot on session 98f84024afef6b438e9754f7af3a253c to remote] DEBUG org.asynchttpclient.netty.request.NettyRequestSender - Using pooled Channel '[id: 0x939a02b5, L:/127.0.0.1:56085 - R:localhost/127.0.0.1:63286]' for 'GET' to 'http://localhost:63286/session/98f84024afef6b438e9754f7af3a253c/screenshot'
01:59:15.522 [Forwarding screenshot on session 98f84024afef6b438e9754f7af3a253c to remote] DEBUG org.asynchttpclient.netty.request.NettyRequestSender - Using open Channel [id: 0x939a02b5, L:/127.0.0.1:56085 - R:localhost/127.0.0.1:63286] for GET '/session/98f84024afef6b438e9754f7af3a253c/screenshot'
01:59:15.638 [AsyncHttpClient-1-17] DEBUG org.asynchttpclient.netty.handler.HttpHandler - 

Request DefaultFullHttpRequest(decodeResult: success, version: HTTP/1.1, content: EmptyByteBufBE)
GET /session/98f84024afef6b438e9754f7af3a253c/screenshot HTTP/1.1
User-Agent: selenium/4.1.2 (java windows)
Cache-Control: no-cache
Content-Type: application/json; charset=utf-8
host: localhost:63286
accept: */*

Response DefaultHttpResponse(decodeResult: success, version: HTTP/1.1)
HTTP/1.1 200 OK
Content-Type: application/json; charset=utf-8
cache-control: no-cache
content-length: 34156

01:59:15.638 [AsyncHttpClient-1-17] DEBUG org.asynchttpclient.netty.channel.ChannelManager - Adding key: http://localhost:63286 for channel [id: 0x939a02b5, L:/127.0.0.1:56085 - R:localhost/127.0.0.1:63286]
01:59:15.639 [main] DEBUG net.serenitybdd.core.photography.Darkroom - Send negative for processing for target\site\serenity\c283f07694f9a1ea28bf2cb09405fb1e1d440f7127fa442ae60f1227c6da4d92.png
01:59:15.639 [main] DEBUG net.thucydides.core.steps.StepInterceptor - STEP DONE: clickBayarButton
  &amp#27;[32mAnd &amp#27;[0m&amp#27;[32mI click on Bayar button&amp#27;[0m              &amp#27;[90m# starter.stepdefinitions.OrderSteps.clickBayarButton()&amp#27;[0m
01:59:15.639 [Darkroom Processing Line] DEBUG net.serenitybdd.core.photography.DarkroomProcessingLine - Processing screenshot image in /var/screenshots/screenshot-7469884239589380731
01:59:15.639 [Darkroom Processing Line] DEBUG net.serenitybdd.core.photography.DarkroomProcessingLine - Saving screenshot to target\site\serenity\c283f07694f9a1ea28bf2cb09405fb1e1d440f7127fa442ae60f1227c6da4d92.png
01:59:15.647 [main] DEBUG net.thucydides.core.steps.StepInterceptor - STARTING STEP: OrderSteps.validateOnLoginPage - validateOnLoginPage
01:59:15.648 [Forwarding findElement on session 98f84024afef6b438e9754f7af3a253c to remote] DEBUG org.asynchttpclient.netty.request.NettyRequestSender - Using pooled Channel '[id: 0x939a02b5, L:/127.0.0.1:56085 - R:localhost/127.0.0.1:63286]' for 'POST' to 'http://localhost:63286/session/98f84024afef6b438e9754f7af3a253c/element'
01:59:15.648 [Forwarding findElement on session 98f84024afef6b438e9754f7af3a253c to remote] DEBUG org.asynchttpclient.netty.request.NettyRequestSender - Using open Channel [id: 0x939a02b5, L:/127.0.0.1:56085 - R:localhost/127.0.0.1:63286] for POST '/session/98f84024afef6b438e9754f7af3a253c/element'
01:59:15.657 [AsyncHttpClient-1-17] DEBUG org.asynchttpclient.netty.handler.HttpHandler - 

Request DefaultHttpRequest(decodeResult: success, version: HTTP/1.1)
POST /session/98f84024afef6b438e9754f7af3a253c/element HTTP/1.1
User-Agent: selenium/4.1.2 (java windows)
Content-Length: 155
Content-Type: application/json; charset=utf-8
host: localhost:63286
accept: */*

Response DefaultHttpResponse(decodeResult: success, version: HTTP/1.1)
HTTP/1.1 200 OK
Content-Type: application/json; charset=utf-8
cache-control: no-cache
content-length: 88

01:59:15.657 [AsyncHttpClient-1-17] DEBUG org.asynchttpclient.netty.channel.ChannelManager - Adding key: http://localhost:63286 for channel [id: 0x939a02b5, L:/127.0.0.1:56085 - R:localhost/127.0.0.1:63286]
01:59:15.658 [Forwarding isElementDisplayed on session 98f84024afef6b438e9754f7af3a253c to remote] DEBUG org.asynchttpclient.netty.request.NettyRequestSender - Using pooled Channel '[id: 0x939a02b5, L:/127.0.0.1:56085 - R:localhost/127.0.0.1:63286]' for 'POST' to 'http://localhost:63286/session/98f84024afef6b438e9754f7af3a253c/execute/sync'
01:59:15.659 [Forwarding isElementDisplayed on session 98f84024afef6b438e9754f7af3a253c to remote] DEBUG org.asynchttpclient.netty.request.NettyRequestSender - Using open Channel [id: 0x939a02b5, L:/127.0.0.1:56085 - R:localhost/127.0.0.1:63286] for POST '/session/98f84024afef6b438e9754f7af3a253c/execute/sync'
01:59:15.668 [AsyncHttpClient-1-17] DEBUG org.asynchttpclient.netty.handler.HttpHandler - 

Request DefaultHttpRequest(decodeResult: success, version: HTTP/1.1)
POST /session/98f84024afef6b438e9754f7af3a253c/execute/sync HTTP/1.1
User-Agent: selenium/4.1.2 (java windows)
Content-Length: 48780
Content-Type: application/json; charset=utf-8
host: localhost:63286
accept: */*

Response DefaultHttpResponse(decodeResult: success, version: HTTP/1.1)
HTTP/1.1 200 OK
Content-Type: application/json; charset=utf-8
cache-control: no-cache
content-length: 14

01:59:15.668 [AsyncHttpClient-1-17] DEBUG org.asynchttpclient.netty.channel.ChannelManager - Adding key: http://localhost:63286 for channel [id: 0x939a02b5, L:/127.0.0.1:56085 - R:localhost/127.0.0.1:63286]
01:59:15.671 [main] DEBUG net.thucydides.core.steps.StepInterceptor - STEP DONE: validateOnLoginPage
  &amp#27;[32mThen &amp#27;[0m&amp#27;[32mI am directed to Login page&amp#27;[0m         &amp#27;[90m# starter.stepdefinitions.OrderSteps.validateOnLoginPage()&amp#27;[0m
01:59:15.673 [main] INFO  - 
  _____   ___   ___   _____     ___     _     ___   ___   ___   ___  
 |_   _| | __| / __| |_   _|   | _ \   /_\   / __| / __| | __| |   \ 
   | |   | _|  \__ \   | |     |  _/  / _ \  \__ \ \__ \ | _|  | |) |
   |_|   |___| |___/   |_|     |_|   /_/ \_\ |___/ |___/ |___| |___/ 

Order without login
----------------------------------------------------------------------
01:59:15.674 [AsyncHttpClient-1-3] DEBUG org.asynchttpclient.netty.handler.WebSocketHandler - Channel Closed: [id: 0x27bc0df0, L:/127.0.0.1:56094 ! R:localhost/127.0.0.1:56087] with attribute NettyResponseFuture{currentRetry=5,
	isDone=1,
	isCancelled=0,
	asyncHandler=org.asynchttpclient.ws.WebSocketUpgradeHandler@50dfca6d,
	nettyRequest=org.asynchttpclient.netty.request.NettyRequest@276c4dbb,
	future=java.util.concurrent.CompletableFuture@2f68f294[Completed normally],
	uri=ws://localhost:56087/devtools/browser/a494a5b2-796c-47fc-bd64-a076a2770414,
	keepAlive=true,
	redirectCount=0,
	timeoutsHolder=null,
	inAuth=0,
	touch=1652554751855}
01:59:15.674 [Driver Command Executor] DEBUG org.asynchttpclient.netty.request.NettyRequestSender - Using pooled Channel '[id: 0x939a02b5, L:/127.0.0.1:56085 - R:localhost/127.0.0.1:63286]' for 'DELETE' to 'http://localhost:63286/session/98f84024afef6b438e9754f7af3a253c'
01:59:15.674 [AsyncHttpClient-1-3] DEBUG org.asynchttpclient.netty.channel.ChannelManager - Closing Channel [id: 0x27bc0df0, L:/127.0.0.1:56094 ! R:localhost/127.0.0.1:56087] 
01:59:15.674 [Driver Command Executor] DEBUG org.asynchttpclient.netty.request.NettyRequestSender - Using open Channel [id: 0x939a02b5, L:/127.0.0.1:56085 - R:localhost/127.0.0.1:63286] for DELETE '/session/98f84024afef6b438e9754f7af3a253c'
01:59:15.708 [AsyncHttpClient-1-2] DEBUG org.asynchttpclient.netty.handler.HttpHandler - Unexpected I/O exception on channel [id: 0xacc49aaf, L:/127.0.0.1:56093 - R:localhost/127.0.0.1:56087]
java.io.IOException: An existing connection was forcibly closed by the remote host
	at java.base/sun.nio.ch.SocketDispatcher.read0(Native Method)
	at java.base/sun.nio.ch.SocketDispatcher.read(SocketDispatcher.java:43)
	at java.base/sun.nio.ch.IOUtil.readIntoNativeBuffer(IOUtil.java:276)
	at java.base/sun.nio.ch.IOUtil.read(IOUtil.java:233)
	at java.base/sun.nio.ch.IOUtil.read(IOUtil.java:223)
	at java.base/sun.nio.ch.SocketChannelImpl.read(SocketChannelImpl.java:358)
	at io.netty.buffer.PooledByteBuf.setBytes(PooledByteBuf.java:258)
	at io.netty.buffer.AbstractByteBuf.writeBytes(AbstractByteBuf.java:1132)
	at io.netty.channel.socket.nio.NioSocketChannel.doReadBytes(NioSocketChannel.java:350)
	at io.netty.channel.nio.AbstractNioByteChannel$NioByteUnsafe.read(AbstractNioByteChannel.java:151)
	at io.netty.channel.nio.NioEventLoop.processSelectedKey(NioEventLoop.java:722)
	at io.netty.channel.nio.NioEventLoop.processSelectedKeysOptimized(NioEventLoop.java:658)
	at io.netty.channel.nio.NioEventLoop.processSelectedKeys(NioEventLoop.java:584)
	at io.netty.channel.nio.NioEventLoop.run(NioEventLoop.java:496)
	at io.netty.util.concurrent.SingleThreadEventExecutor$4.run(SingleThreadEventExecutor.java:986)
	at io.netty.util.internal.ThreadExecutorMap$2.run(ThreadExecutorMap.java:74)
	at io.netty.util.concurrent.FastThreadLocalRunnable.run(FastThreadLocalRunnable.java:30)
	at java.base/java.lang.Thread.run(Thread.java:834)
01:59:15.708 [AsyncHttpClient-1-2] DEBUG org.asynchttpclient.netty.channel.ChannelManager - Closing Channel [id: 0xacc49aaf, L:/127.0.0.1:56093 - R:localhost/127.0.0.1:56087] 
01:59:15.709 [AsyncHttpClient-1-2] DEBUG org.asynchttpclient.netty.handler.HttpHandler - Channel Closed: [id: 0xacc49aaf, L:/127.0.0.1:56093 ! R:localhost/127.0.0.1:56087] with attribute DISCARD
01:59:15.718 [AsyncHttpClient-1-17] DEBUG org.asynchttpclient.netty.handler.HttpHandler - 

Request DefaultFullHttpRequest(decodeResult: success, version: HTTP/1.1, content: EmptyByteBufBE)
DELETE /session/98f84024afef6b438e9754f7af3a253c HTTP/1.1
User-Agent: selenium/4.1.2 (java windows)
Content-Type: application/json; charset=utf-8
host: localhost:63286
accept: */*

Response DefaultHttpResponse(decodeResult: success, version: HTTP/1.1)
HTTP/1.1 200 OK
Content-Type: application/json; charset=utf-8
cache-control: no-cache
content-length: 14

01:59:15.718 [AsyncHttpClient-1-17] DEBUG org.asynchttpclient.netty.channel.ChannelManager - Adding key: http://localhost:63286 for channel [id: 0x939a02b5, L:/127.0.0.1:56085 - R:localhost/127.0.0.1:63286]
01:59:15.786 [AsyncHttpClient-1-17] DEBUG org.asynchttpclient.netty.handler.HttpHandler - Channel Closed: [id: 0x939a02b5, L:/127.0.0.1:56085 ! R:localhost/127.0.0.1:63286] with attribute DISCARD
01:59:16.162 [AsyncHttpClient-1-1] DEBUG org.asynchttpclient.netty.channel.DefaultChannelPool - Entry count for : http://localhost:63286 : 1
01:59:16.162 [AsyncHttpClient-1-1] DEBUG org.asynchttpclient.netty.channel.DefaultChannelPool - Entry count for : http://localhost:56087 : 1
01:59:16.162 [AsyncHttpClient-1-1] DEBUG org.asynchttpclient.netty.channel.DefaultChannelPool - Adding Candidate expired Channel [id: 0x939a02b5, L:/127.0.0.1:56085 ! R:localhost/127.0.0.1:63286] isIdleTimeoutExpired=false isRemotelyClosed=true isTtlExpired=false
01:59:16.162 [AsyncHttpClient-1-1] DEBUG org.asynchttpclient.netty.channel.DefaultChannelPool - Closing Idle Channel [id: 0x939a02b5, L:/127.0.0.1:56085 ! R:localhost/127.0.0.1:63286]
01:59:16.162 [AsyncHttpClient-1-1] DEBUG org.asynchttpclient.netty.channel.DefaultChannelPool - Adding Candidate expired Channel [id: 0xacc49aaf, L:/127.0.0.1:56093 ! R:localhost/127.0.0.1:56087] isIdleTimeoutExpired=false isRemotelyClosed=true isTtlExpired=false
01:59:16.162 [AsyncHttpClient-1-1] DEBUG org.asynchttpclient.netty.channel.DefaultChannelPool - Closing Idle Channel [id: 0xacc49aaf, L:/127.0.0.1:56093 ! R:localhost/127.0.0.1:56087]
01:59:16.162 [AsyncHttpClient-1-1] DEBUG org.asynchttpclient.netty.channel.DefaultChannelPool - Closed 2 connections out of 2 in 0 ms
]]></system-out>
    <system-err><![CDATA[Starting ChromeDriver 101.0.4951.41 (93c720db8323b3ec10d056025ab95c23a31997c9-refs/branch-heads/4951@{#904}) on port 63286
Only local connections are allowed.
Please see https://chromedriver.chromium.org/security-considerations for suggestions on keeping ChromeDriver safe.
ChromeDriver was started successfully.
May 15, 2022 1:59:11 AM org.openqa.selenium.remote.ProtocolHandshake createSession
INFO: Detected dialect: W3C
May 15, 2022 1:59:11 AM org.openqa.selenium.devtools.CdpVersionFinder findNearestMatch
WARNING: Unable to find an exact match for CDP version 101, so returning the closest version found: 97
May 15, 2022 1:59:11 AM org.openqa.selenium.devtools.CdpVersionFinder findNearestMatch
INFO: Found CDP implementation for version 101 of 97
]]></system-err>
  </testcase>
  <testcase name="Order normally" classname="Order" time="6.355">
    <system-out><![CDATA[
Scenario: Order normally                  &amp#27;[90m# src/test/resources/features/Order.feature:10&amp#27;[0m
01:59:16.317 [main] INFO io.cucumber.core.plugin.SerenityReporter - Running feature from file:///D:/Intern/MSIB%20Alterra/alterra-mini-project/Serenity%20UI%20Test/src/test/resources/features/Order.feature
01:59:16.318 [main] INFO  - 
  _____   ___   ___   _____     ___   _____     _     ___   _____   ___   ___  
 |_   _| | __| / __| |_   _|   / __| |_   _|   /_\   | _ \ |_   _| | __| |   \ 
   | |   | _|  \__ \   | |     \__ \   | |    / _ \  |   /   | |   | _|  | |) |
   |_|   |___| |___/   |_|     |___/   |_|   /_/ \_\ |_|_\   |_|   |___| |___/ 

Order normally(order;order-normally)
--------------------------------------------------------------------------------
01:59:16.332 [main] DEBUG net.thucydides.core.steps.StepInterceptor - STARTING STEP: OrderSteps.onLoginPage - loginPage
01:59:16.333 [main] INFO net.serenitybdd.core.webdriver.driverproviders.ChromeDriverProvider - Using automatically driver download
01:59:16.399 [main] DEBUG io.github.bonigarcia.wdm.cache.ResolutionCache - Resolution chrome=101 in cache (valid until 02:58:38 15/05/2022 ICT)
01:59:16.401 [main] DEBUG io.github.bonigarcia.wdm.cache.ResolutionCache - Resolution chrome101=101.0.4951.41 in cache (valid until 14:15:13 15/05/2022 ICT)
01:59:16.402 [main] INFO io.github.bonigarcia.wdm.WebDriverManager - Using chromedriver 101.0.4951.41 (resolved driver for Chrome 101)
01:59:16.406 [main] DEBUG io.github.bonigarcia.wdm.WebDriverManager - Driver chromedriver 101.0.4951.41 found in cache
01:59:16.406 [main] INFO io.github.bonigarcia.wdm.WebDriverManager - Exporting webdriver.chrome.driver as C:\Users\saral\.cache\selenium\chromedriver\win32\101.0.4951.41\chromedriver.exe
01:59:16.471 [main] DEBUG net.serenitybdd.core.webdriver.driverproviders.ProvideNewDriver - Instantiating driver
01:59:16.471 [main] DEBUG net.serenitybdd.core.webdriver.driverproviders.ProvideNewDriver - Driver capabilities: Capabilities {acceptInsecureCerts: false, base.url: https://qa.alta.id/, browserName: chrome, chrome.driver: src/main/resources/webdrive..., driver: chrome, goog:chromeOptions: {args: [], extensions: []}}
01:59:17.002 [AsyncHttpClient-1-4] DEBUG org.asynchttpclient.netty.channel.NettyConnectListener - Using new Channel '[id: 0xc5162119, L:/127.0.0.1:56120 - R:localhost/127.0.0.1:60340]' for 'POST' to '/session'
01:59:17.468 [AsyncHttpClient-1-4] DEBUG org.asynchttpclient.netty.handler.HttpHandler - 

Request DefaultHttpRequest(decodeResult: success, version: HTTP/1.1)
POST /session HTTP/1.1
User-Agent: selenium/4.1.2 (java windows)
Content-Length: 605
Content-Type: application/json; charset=utf-8
host: localhost:60340
accept: */*

Response DefaultHttpResponse(decodeResult: success, version: HTTP/1.1)
HTTP/1.1 200 OK
Content-Type: application/json; charset=utf-8
cache-control: no-cache
content-length: 790

01:59:17.468 [AsyncHttpClient-1-4] DEBUG org.asynchttpclient.netty.channel.ChannelManager - Adding key: http://localhost:60340 for channel [id: 0xc5162119, L:/127.0.0.1:56120 - R:localhost/127.0.0.1:60340]
01:59:17.472 [AsyncHttpClient-1-5] DEBUG org.asynchttpclient.netty.channel.NettyConnectListener - Using new Channel '[id: 0xbea6e9cc, L:/127.0.0.1:56127 - R:localhost/127.0.0.1:56121]' for 'GET' to '/json/version'
01:59:17.472 [AsyncHttpClient-1-5] DEBUG org.asynchttpclient.netty.handler.HttpHandler - 

Request DefaultFullHttpRequest(decodeResult: success, version: HTTP/1.1, content: EmptyByteBufBE)
GET /json/version HTTP/1.1
User-Agent: selenium/4.1.2 (java windows)
host: localhost:56121
accept: */*

Response DefaultHttpResponse(decodeResult: success, version: HTTP/1.1)
HTTP/1.1 200 OK
Content-Type: application/json; charset=UTF-8
content-length: 427

01:59:17.472 [AsyncHttpClient-1-5] DEBUG org.asynchttpclient.netty.channel.ChannelManager - Adding key: http://localhost:56121 for channel [id: 0xbea6e9cc, L:/127.0.0.1:56127 - R:localhost/127.0.0.1:56121]
01:59:17.473 [AsyncHttpClient-1-6] DEBUG org.asynchttpclient.netty.channel.NettyConnectListener - Using new Channel '[id: 0xb09a9ac7, L:/127.0.0.1:56128 - R:localhost/127.0.0.1:56121]' for 'GET' to '/devtools/browser/affe84fc-0aa6-44aa-9456-1def2e5692cd'
01:59:17.474 [AsyncHttpClient-1-6] DEBUG org.asynchttpclient.netty.handler.WebSocketHandler - 

Request DefaultFullHttpRequest(decodeResult: success, version: HTTP/1.1, content: EmptyByteBufBE)
GET /devtools/browser/affe84fc-0aa6-44aa-9456-1def2e5692cd HTTP/1.1
upgrade: websocket
connection: upgrade
sec-websocket-key: 9TfshHMmZefefF595iKDow==
sec-websocket-version: 13
origin: http://localhost:56121
host: localhost:56121
accept: */*
user-agent: AHC/2.1

Response DefaultHttpResponse(decodeResult: success, version: HTTP/1.1)
HTTP/1.1 101 WebSocket Protocol Handshake
Upgrade: WebSocket
Connection: Upgrade
Sec-WebSocket-Accept: jDeG57WkPTEPEa9mUstaSkyOqtc=

01:59:17.475 [Forwarding get on session fc112fdf8e4d1721c95775cae78a6c3c to remote] DEBUG org.asynchttpclient.netty.request.NettyRequestSender - Using pooled Channel '[id: 0xc5162119, L:/127.0.0.1:56120 - R:localhost/127.0.0.1:60340]' for 'POST' to 'http://localhost:60340/session/fc112fdf8e4d1721c95775cae78a6c3c/url'
01:59:17.475 [Forwarding get on session fc112fdf8e4d1721c95775cae78a6c3c to remote] DEBUG org.asynchttpclient.netty.request.NettyRequestSender - Using open Channel [id: 0xc5162119, L:/127.0.0.1:56120 - R:localhost/127.0.0.1:60340] for POST '/session/fc112fdf8e4d1721c95775cae78a6c3c/url'
01:59:18.370 [AsyncHttpClient-1-1] DEBUG org.asynchttpclient.netty.channel.DefaultChannelPool - Entry count for : http://localhost:56121 : 1
01:59:18.493 [AsyncHttpClient-1-4] DEBUG org.asynchttpclient.netty.handler.HttpHandler - 

Request DefaultHttpRequest(decodeResult: success, version: HTTP/1.1)
POST /session/fc112fdf8e4d1721c95775cae78a6c3c/url HTTP/1.1
User-Agent: selenium/4.1.2 (java windows)
Content-Length: 64
Content-Type: application/json; charset=utf-8
host: localhost:60340
accept: */*

Response DefaultHttpResponse(decodeResult: success, version: HTTP/1.1)
HTTP/1.1 200 OK
Content-Type: application/json; charset=utf-8
cache-control: no-cache
content-length: 14

01:59:18.493 [AsyncHttpClient-1-4] DEBUG org.asynchttpclient.netty.channel.ChannelManager - Adding key: http://localhost:60340 for channel [id: 0xc5162119, L:/127.0.0.1:56120 - R:localhost/127.0.0.1:60340]
01:59:18.494 [Forwarding setTimeout on session fc112fdf8e4d1721c95775cae78a6c3c to remote] DEBUG org.asynchttpclient.netty.request.NettyRequestSender - Using pooled Channel '[id: 0xc5162119, L:/127.0.0.1:56120 - R:localhost/127.0.0.1:60340]' for 'POST' to 'http://localhost:60340/session/fc112fdf8e4d1721c95775cae78a6c3c/timeouts'
01:59:18.494 [Forwarding setTimeout on session fc112fdf8e4d1721c95775cae78a6c3c to remote] DEBUG org.asynchttpclient.netty.request.NettyRequestSender - Using open Channel [id: 0xc5162119, L:/127.0.0.1:56120 - R:localhost/127.0.0.1:60340] for POST '/session/fc112fdf8e4d1721c95775cae78a6c3c/timeouts'
01:59:18.495 [AsyncHttpClient-1-4] DEBUG org.asynchttpclient.netty.handler.HttpHandler - 

Request DefaultHttpRequest(decodeResult: success, version: HTTP/1.1)
POST /session/fc112fdf8e4d1721c95775cae78a6c3c/timeouts HTTP/1.1
User-Agent: selenium/4.1.2 (java windows)
Content-Length: 22
Content-Type: application/json; charset=utf-8
host: localhost:60340
accept: */*

Response DefaultHttpResponse(decodeResult: success, version: HTTP/1.1)
HTTP/1.1 200 OK
Content-Type: application/json; charset=utf-8
cache-control: no-cache
content-length: 14

01:59:18.495 [AsyncHttpClient-1-4] DEBUG org.asynchttpclient.netty.channel.ChannelManager - Adding key: http://localhost:60340 for channel [id: 0xc5162119, L:/127.0.0.1:56120 - R:localhost/127.0.0.1:60340]
01:59:18.497 [Forwarding getCurrentUrl on session fc112fdf8e4d1721c95775cae78a6c3c to remote] DEBUG org.asynchttpclient.netty.request.NettyRequestSender - Using pooled Channel '[id: 0xc5162119, L:/127.0.0.1:56120 - R:localhost/127.0.0.1:60340]' for 'GET' to 'http://localhost:60340/session/fc112fdf8e4d1721c95775cae78a6c3c/url'
01:59:18.497 [Forwarding getCurrentUrl on session fc112fdf8e4d1721c95775cae78a6c3c to remote] DEBUG org.asynchttpclient.netty.request.NettyRequestSender - Using open Channel [id: 0xc5162119, L:/127.0.0.1:56120 - R:localhost/127.0.0.1:60340] for GET '/session/fc112fdf8e4d1721c95775cae78a6c3c/url'
01:59:18.500 [AsyncHttpClient-1-4] DEBUG org.asynchttpclient.netty.handler.HttpHandler - 

Request DefaultFullHttpRequest(decodeResult: success, version: HTTP/1.1, content: EmptyByteBufBE)
GET /session/fc112fdf8e4d1721c95775cae78a6c3c/url HTTP/1.1
User-Agent: selenium/4.1.2 (java windows)
Cache-Control: no-cache
Content-Type: application/json; charset=utf-8
host: localhost:60340
accept: */*

Response DefaultHttpResponse(decodeResult: success, version: HTTP/1.1)
HTTP/1.1 200 OK
Content-Type: application/json; charset=utf-8
cache-control: no-cache
content-length: 41

01:59:18.500 [AsyncHttpClient-1-4] DEBUG org.asynchttpclient.netty.channel.ChannelManager - Adding key: http://localhost:60340 for channel [id: 0xc5162119, L:/127.0.0.1:56120 - R:localhost/127.0.0.1:60340]
01:59:18.502 [Forwarding screenshot on session fc112fdf8e4d1721c95775cae78a6c3c to remote] DEBUG org.asynchttpclient.netty.request.NettyRequestSender - Using pooled Channel '[id: 0xc5162119, L:/127.0.0.1:56120 - R:localhost/127.0.0.1:60340]' for 'GET' to 'http://localhost:60340/session/fc112fdf8e4d1721c95775cae78a6c3c/screenshot'
01:59:18.502 [Forwarding screenshot on session fc112fdf8e4d1721c95775cae78a6c3c to remote] DEBUG org.asynchttpclient.netty.request.NettyRequestSender - Using open Channel [id: 0xc5162119, L:/127.0.0.1:56120 - R:localhost/127.0.0.1:60340] for GET '/session/fc112fdf8e4d1721c95775cae78a6c3c/screenshot'
01:59:18.609 [AsyncHttpClient-1-4] DEBUG org.asynchttpclient.netty.handler.HttpHandler - 

Request DefaultFullHttpRequest(decodeResult: success, version: HTTP/1.1, content: EmptyByteBufBE)
GET /session/fc112fdf8e4d1721c95775cae78a6c3c/screenshot HTTP/1.1
User-Agent: selenium/4.1.2 (java windows)
Cache-Control: no-cache
Content-Type: application/json; charset=utf-8
host: localhost:60340
accept: */*

Response DefaultHttpResponse(decodeResult: success, version: HTTP/1.1)
HTTP/1.1 200 OK
Content-Type: application/json; charset=utf-8
cache-control: no-cache
content-length: 32192

01:59:18.609 [AsyncHttpClient-1-4] DEBUG org.asynchttpclient.netty.channel.ChannelManager - Adding key: http://localhost:60340 for channel [id: 0xc5162119, L:/127.0.0.1:56120 - R:localhost/127.0.0.1:60340]
01:59:18.610 [main] DEBUG net.serenitybdd.core.photography.Darkroom - Send negative for processing for target\site\serenity\4d98329a65403fb35239499910819cdb6d3d71d823e551da367b9fc52c2ec142.png
01:59:18.610 [main] DEBUG net.thucydides.core.steps.StepInterceptor - STEP DONE: loginPage
01:59:18.613 [main] DEBUG net.thucydides.core.steps.StepInterceptor - STARTING STEP: OrderSteps.onLoginPage - validateOnLoginPage
01:59:18.614 [Forwarding findElement on session fc112fdf8e4d1721c95775cae78a6c3c to remote] DEBUG org.asynchttpclient.netty.request.NettyRequestSender - Using pooled Channel '[id: 0xc5162119, L:/127.0.0.1:56120 - R:localhost/127.0.0.1:60340]' for 'POST' to 'http://localhost:60340/session/fc112fdf8e4d1721c95775cae78a6c3c/element'
01:59:18.614 [Forwarding findElement on session fc112fdf8e4d1721c95775cae78a6c3c to remote] DEBUG org.asynchttpclient.netty.request.NettyRequestSender - Using open Channel [id: 0xc5162119, L:/127.0.0.1:56120 - R:localhost/127.0.0.1:60340] for POST '/session/fc112fdf8e4d1721c95775cae78a6c3c/element'
01:59:18.621 [AsyncHttpClient-1-4] DEBUG org.asynchttpclient.netty.handler.HttpHandler - 

Request DefaultHttpRequest(decodeResult: success, version: HTTP/1.1)
POST /session/fc112fdf8e4d1721c95775cae78a6c3c/element HTTP/1.1
User-Agent: selenium/4.1.2 (java windows)
Content-Length: 155
Content-Type: application/json; charset=utf-8
host: localhost:60340
accept: */*

Response DefaultHttpResponse(decodeResult: success, version: HTTP/1.1)
HTTP/1.1 200 OK
Content-Type: application/json; charset=utf-8
cache-control: no-cache
content-length: 88

01:59:18.621 [AsyncHttpClient-1-4] DEBUG org.asynchttpclient.netty.channel.ChannelManager - Adding key: http://localhost:60340 for channel [id: 0xc5162119, L:/127.0.0.1:56120 - R:localhost/127.0.0.1:60340]
01:59:18.623 [Forwarding isElementDisplayed on session fc112fdf8e4d1721c95775cae78a6c3c to remote] DEBUG org.asynchttpclient.netty.request.NettyRequestSender - Using pooled Channel '[id: 0xc5162119, L:/127.0.0.1:56120 - R:localhost/127.0.0.1:60340]' for 'POST' to 'http://localhost:60340/session/fc112fdf8e4d1721c95775cae78a6c3c/execute/sync'
01:59:18.623 [Forwarding isElementDisplayed on session fc112fdf8e4d1721c95775cae78a6c3c to remote] DEBUG org.asynchttpclient.netty.request.NettyRequestSender - Using open Channel [id: 0xc5162119, L:/127.0.0.1:56120 - R:localhost/127.0.0.1:60340] for POST '/session/fc112fdf8e4d1721c95775cae78a6c3c/execute/sync'
01:59:18.631 [AsyncHttpClient-1-4] DEBUG org.asynchttpclient.netty.handler.HttpHandler - 

Request DefaultHttpRequest(decodeResult: success, version: HTTP/1.1)
POST /session/fc112fdf8e4d1721c95775cae78a6c3c/execute/sync HTTP/1.1
User-Agent: selenium/4.1.2 (java windows)
Content-Length: 48780
Content-Type: application/json; charset=utf-8
host: localhost:60340
accept: */*

Response DefaultHttpResponse(decodeResult: success, version: HTTP/1.1)
HTTP/1.1 200 OK
Content-Type: application/json; charset=utf-8
cache-control: no-cache
content-length: 14

01:59:18.631 [AsyncHttpClient-1-4] DEBUG org.asynchttpclient.netty.channel.ChannelManager - Adding key: http://localhost:60340 for channel [id: 0xc5162119, L:/127.0.0.1:56120 - R:localhost/127.0.0.1:60340]
01:59:18.633 [main] DEBUG net.thucydides.core.steps.StepInterceptor - STEP DONE: validateOnLoginPage
  &amp#27;[32mGiven &amp#27;[0m&amp#27;[32mI am on the login page for order&amp#27;[0m  &amp#27;[90m# starter.stepdefinitions.OrderSteps.onLoginPage()&amp#27;[0m
01:59:18.640 [main] DEBUG net.thucydides.core.steps.StepInterceptor - STARTING STEP: OrderSteps.inputValidEmail - inputEmail
01:59:18.641 [Forwarding findElement on session fc112fdf8e4d1721c95775cae78a6c3c to remote] DEBUG org.asynchttpclient.netty.request.NettyRequestSender - Using pooled Channel '[id: 0xc5162119, L:/127.0.0.1:56120 - R:localhost/127.0.0.1:60340]' for 'POST' to 'http://localhost:60340/session/fc112fdf8e4d1721c95775cae78a6c3c/element'
01:59:18.641 [Forwarding findElement on session fc112fdf8e4d1721c95775cae78a6c3c to remote] DEBUG org.asynchttpclient.netty.request.NettyRequestSender - Using open Channel [id: 0xc5162119, L:/127.0.0.1:56120 - R:localhost/127.0.0.1:60340] for POST '/session/fc112fdf8e4d1721c95775cae78a6c3c/element'
01:59:18.648 [AsyncHttpClient-1-4] DEBUG org.asynchttpclient.netty.handler.HttpHandler - 

Request DefaultHttpRequest(decodeResult: success, version: HTTP/1.1)
POST /session/fc112fdf8e4d1721c95775cae78a6c3c/element HTTP/1.1
User-Agent: selenium/4.1.2 (java windows)
Content-Length: 84
Content-Type: application/json; charset=utf-8
host: localhost:60340
accept: */*

Response DefaultHttpResponse(decodeResult: success, version: HTTP/1.1)
HTTP/1.1 200 OK
Content-Type: application/json; charset=utf-8
cache-control: no-cache
content-length: 88

01:59:18.648 [AsyncHttpClient-1-4] DEBUG org.asynchttpclient.netty.channel.ChannelManager - Adding key: http://localhost:60340 for channel [id: 0xc5162119, L:/127.0.0.1:56120 - R:localhost/127.0.0.1:60340]
01:59:18.649 [Forwarding clearElement on session fc112fdf8e4d1721c95775cae78a6c3c to remote] DEBUG org.asynchttpclient.netty.request.NettyRequestSender - Using pooled Channel '[id: 0xc5162119, L:/127.0.0.1:56120 - R:localhost/127.0.0.1:60340]' for 'POST' to 'http://localhost:60340/session/fc112fdf8e4d1721c95775cae78a6c3c/element/272e25c8-8690-4e83-b14d-82e3d3c3f885/clear'
01:59:18.649 [Forwarding clearElement on session fc112fdf8e4d1721c95775cae78a6c3c to remote] DEBUG org.asynchttpclient.netty.request.NettyRequestSender - Using open Channel [id: 0xc5162119, L:/127.0.0.1:56120 - R:localhost/127.0.0.1:60340] for POST '/session/fc112fdf8e4d1721c95775cae78a6c3c/element/272e25c8-8690-4e83-b14d-82e3d3c3f885/clear'
01:59:18.664 [AsyncHttpClient-1-4] DEBUG org.asynchttpclient.netty.handler.HttpHandler - 

Request DefaultHttpRequest(decodeResult: success, version: HTTP/1.1)
POST /session/fc112fdf8e4d1721c95775cae78a6c3c/element/272e25c8-8690-4e83-b14d-82e3d3c3f885/clear HTTP/1.1
User-Agent: selenium/4.1.2 (java windows)
Content-Length: 50
Content-Type: application/json; charset=utf-8
host: localhost:60340
accept: */*

Response DefaultHttpResponse(decodeResult: success, version: HTTP/1.1)
HTTP/1.1 200 OK
Content-Type: application/json; charset=utf-8
cache-control: no-cache
content-length: 14

01:59:18.664 [AsyncHttpClient-1-4] DEBUG org.asynchttpclient.netty.channel.ChannelManager - Adding key: http://localhost:60340 for channel [id: 0xc5162119, L:/127.0.0.1:56120 - R:localhost/127.0.0.1:60340]
01:59:18.666 [Forwarding sendKeysToElement on session fc112fdf8e4d1721c95775cae78a6c3c to remote] DEBUG org.asynchttpclient.netty.request.NettyRequestSender - Using pooled Channel '[id: 0xc5162119, L:/127.0.0.1:56120 - R:localhost/127.0.0.1:60340]' for 'POST' to 'http://localhost:60340/session/fc112fdf8e4d1721c95775cae78a6c3c/element/272e25c8-8690-4e83-b14d-82e3d3c3f885/value'
01:59:18.666 [Forwarding sendKeysToElement on session fc112fdf8e4d1721c95775cae78a6c3c to remote] DEBUG org.asynchttpclient.netty.request.NettyRequestSender - Using open Channel [id: 0xc5162119, L:/127.0.0.1:56120 - R:localhost/127.0.0.1:60340] for POST '/session/fc112fdf8e4d1721c95775cae78a6c3c/element/272e25c8-8690-4e83-b14d-82e3d3c3f885/value'
01:59:18.725 [AsyncHttpClient-1-4] DEBUG org.asynchttpclient.netty.handler.HttpHandler - 

Request DefaultHttpRequest(decodeResult: success, version: HTTP/1.1)
POST /session/fc112fdf8e4d1721c95775cae78a6c3c/element/272e25c8-8690-4e83-b14d-82e3d3c3f885/value HTTP/1.1
User-Agent: selenium/4.1.2 (java windows)
Content-Length: 231
Content-Type: application/json; charset=utf-8
host: localhost:60340
accept: */*

Response DefaultHttpResponse(decodeResult: success, version: HTTP/1.1)
HTTP/1.1 200 OK
Content-Type: application/json; charset=utf-8
cache-control: no-cache
content-length: 14

01:59:18.725 [AsyncHttpClient-1-4] DEBUG org.asynchttpclient.netty.channel.ChannelManager - Adding key: http://localhost:60340 for channel [id: 0xc5162119, L:/127.0.0.1:56120 - R:localhost/127.0.0.1:60340]
01:59:18.729 [Forwarding screenshot on session fc112fdf8e4d1721c95775cae78a6c3c to remote] DEBUG org.asynchttpclient.netty.request.NettyRequestSender - Using pooled Channel '[id: 0xc5162119, L:/127.0.0.1:56120 - R:localhost/127.0.0.1:60340]' for 'GET' to 'http://localhost:60340/session/fc112fdf8e4d1721c95775cae78a6c3c/screenshot'
01:59:18.729 [Forwarding screenshot on session fc112fdf8e4d1721c95775cae78a6c3c to remote] DEBUG org.asynchttpclient.netty.request.NettyRequestSender - Using open Channel [id: 0xc5162119, L:/127.0.0.1:56120 - R:localhost/127.0.0.1:60340] for GET '/session/fc112fdf8e4d1721c95775cae78a6c3c/screenshot'
01:59:18.822 [AsyncHttpClient-1-4] DEBUG org.asynchttpclient.netty.handler.HttpHandler - 

Request DefaultFullHttpRequest(decodeResult: success, version: HTTP/1.1, content: EmptyByteBufBE)
GET /session/fc112fdf8e4d1721c95775cae78a6c3c/screenshot HTTP/1.1
User-Agent: selenium/4.1.2 (java windows)
Cache-Control: no-cache
Content-Type: application/json; charset=utf-8
host: localhost:60340
accept: */*

Response DefaultHttpResponse(decodeResult: success, version: HTTP/1.1)
HTTP/1.1 200 OK
Content-Type: application/json; charset=utf-8
cache-control: no-cache
content-length: 37900

01:59:18.822 [AsyncHttpClient-1-4] DEBUG org.asynchttpclient.netty.channel.ChannelManager - Adding key: http://localhost:60340 for channel [id: 0xc5162119, L:/127.0.0.1:56120 - R:localhost/127.0.0.1:60340]
01:59:18.823 [main] DEBUG net.serenitybdd.core.photography.Darkroom - Send negative for processing for target\site\serenity\944b3a711f82867dc37696cb689ef621ca76606a2aa511d6e4098b2ca6682da5.png
01:59:18.823 [main] DEBUG net.thucydides.core.steps.StepInterceptor - STEP DONE: inputEmail
  &amp#27;[32mWhen &amp#27;[0m&amp#27;[32mI input valid email for order&amp#27;[0m      &amp#27;[90m# starter.stepdefinitions.OrderSteps.inputValidEmail()&amp#27;[0m
01:59:18.823 [Darkroom Processing Line] DEBUG net.serenitybdd.core.photography.DarkroomProcessingLine - Processing screenshot image in /var/screenshots/screenshot-12039130619315711695
01:59:18.823 [Darkroom Processing Line] DEBUG net.serenitybdd.core.photography.DarkroomProcessingLine - Saving screenshot to target\site\serenity\944b3a711f82867dc37696cb689ef621ca76606a2aa511d6e4098b2ca6682da5.png
01:59:18.830 [main] DEBUG net.thucydides.core.steps.StepInterceptor - STARTING STEP: OrderSteps.inputValidPassword - inputPassword
01:59:18.833 [Forwarding findElement on session fc112fdf8e4d1721c95775cae78a6c3c to remote] DEBUG org.asynchttpclient.netty.request.NettyRequestSender - Using pooled Channel '[id: 0xc5162119, L:/127.0.0.1:56120 - R:localhost/127.0.0.1:60340]' for 'POST' to 'http://localhost:60340/session/fc112fdf8e4d1721c95775cae78a6c3c/element'
01:59:18.833 [Forwarding findElement on session fc112fdf8e4d1721c95775cae78a6c3c to remote] DEBUG org.asynchttpclient.netty.request.NettyRequestSender - Using open Channel [id: 0xc5162119, L:/127.0.0.1:56120 - R:localhost/127.0.0.1:60340] for POST '/session/fc112fdf8e4d1721c95775cae78a6c3c/element'
01:59:18.841 [AsyncHttpClient-1-4] DEBUG org.asynchttpclient.netty.handler.HttpHandler - 

Request DefaultHttpRequest(decodeResult: success, version: HTTP/1.1)
POST /session/fc112fdf8e4d1721c95775cae78a6c3c/element HTTP/1.1
User-Agent: selenium/4.1.2 (java windows)
Content-Length: 87
Content-Type: application/json; charset=utf-8
host: localhost:60340
accept: */*

Response DefaultHttpResponse(decodeResult: success, version: HTTP/1.1)
HTTP/1.1 200 OK
Content-Type: application/json; charset=utf-8
cache-control: no-cache
content-length: 88

01:59:18.841 [AsyncHttpClient-1-4] DEBUG org.asynchttpclient.netty.channel.ChannelManager - Adding key: http://localhost:60340 for channel [id: 0xc5162119, L:/127.0.0.1:56120 - R:localhost/127.0.0.1:60340]
01:59:18.842 [Forwarding clearElement on session fc112fdf8e4d1721c95775cae78a6c3c to remote] DEBUG org.asynchttpclient.netty.request.NettyRequestSender - Using pooled Channel '[id: 0xc5162119, L:/127.0.0.1:56120 - R:localhost/127.0.0.1:60340]' for 'POST' to 'http://localhost:60340/session/fc112fdf8e4d1721c95775cae78a6c3c/element/762dd0f3-8b12-42c1-b099-689a087cfe59/clear'
01:59:18.842 [Forwarding clearElement on session fc112fdf8e4d1721c95775cae78a6c3c to remote] DEBUG org.asynchttpclient.netty.request.NettyRequestSender - Using open Channel [id: 0xc5162119, L:/127.0.0.1:56120 - R:localhost/127.0.0.1:60340] for POST '/session/fc112fdf8e4d1721c95775cae78a6c3c/element/762dd0f3-8b12-42c1-b099-689a087cfe59/clear'
01:59:18.864 [AsyncHttpClient-1-4] DEBUG org.asynchttpclient.netty.handler.HttpHandler - 

Request DefaultHttpRequest(decodeResult: success, version: HTTP/1.1)
POST /session/fc112fdf8e4d1721c95775cae78a6c3c/element/762dd0f3-8b12-42c1-b099-689a087cfe59/clear HTTP/1.1
User-Agent: selenium/4.1.2 (java windows)
Content-Length: 50
Content-Type: application/json; charset=utf-8
host: localhost:60340
accept: */*

Response DefaultHttpResponse(decodeResult: success, version: HTTP/1.1)
HTTP/1.1 200 OK
Content-Type: application/json; charset=utf-8
cache-control: no-cache
content-length: 14

01:59:18.864 [AsyncHttpClient-1-4] DEBUG org.asynchttpclient.netty.channel.ChannelManager - Adding key: http://localhost:60340 for channel [id: 0xc5162119, L:/127.0.0.1:56120 - R:localhost/127.0.0.1:60340]
01:59:18.865 [Forwarding sendKeysToElement on session fc112fdf8e4d1721c95775cae78a6c3c to remote] DEBUG org.asynchttpclient.netty.request.NettyRequestSender - Using pooled Channel '[id: 0xc5162119, L:/127.0.0.1:56120 - R:localhost/127.0.0.1:60340]' for 'POST' to 'http://localhost:60340/session/fc112fdf8e4d1721c95775cae78a6c3c/element/762dd0f3-8b12-42c1-b099-689a087cfe59/value'
01:59:18.865 [Forwarding sendKeysToElement on session fc112fdf8e4d1721c95775cae78a6c3c to remote] DEBUG org.asynchttpclient.netty.request.NettyRequestSender - Using open Channel [id: 0xc5162119, L:/127.0.0.1:56120 - R:localhost/127.0.0.1:60340] for POST '/session/fc112fdf8e4d1721c95775cae78a6c3c/element/762dd0f3-8b12-42c1-b099-689a087cfe59/value'
01:59:18.906 [AsyncHttpClient-1-4] DEBUG org.asynchttpclient.netty.handler.HttpHandler - 

Request DefaultHttpRequest(decodeResult: success, version: HTTP/1.1)
POST /session/fc112fdf8e4d1721c95775cae78a6c3c/element/762dd0f3-8b12-42c1-b099-689a087cfe59/value HTTP/1.1
User-Agent: selenium/4.1.2 (java windows)
Content-Length: 151
Content-Type: application/json; charset=utf-8
host: localhost:60340
accept: */*

Response DefaultHttpResponse(decodeResult: success, version: HTTP/1.1)
HTTP/1.1 200 OK
Content-Type: application/json; charset=utf-8
cache-control: no-cache
content-length: 14

01:59:18.906 [AsyncHttpClient-1-4] DEBUG org.asynchttpclient.netty.channel.ChannelManager - Adding key: http://localhost:60340 for channel [id: 0xc5162119, L:/127.0.0.1:56120 - R:localhost/127.0.0.1:60340]
01:59:18.910 [Forwarding screenshot on session fc112fdf8e4d1721c95775cae78a6c3c to remote] DEBUG org.asynchttpclient.netty.request.NettyRequestSender - Using pooled Channel '[id: 0xc5162119, L:/127.0.0.1:56120 - R:localhost/127.0.0.1:60340]' for 'GET' to 'http://localhost:60340/session/fc112fdf8e4d1721c95775cae78a6c3c/screenshot'
01:59:18.910 [Forwarding screenshot on session fc112fdf8e4d1721c95775cae78a6c3c to remote] DEBUG org.asynchttpclient.netty.request.NettyRequestSender - Using open Channel [id: 0xc5162119, L:/127.0.0.1:56120 - R:localhost/127.0.0.1:60340] for GET '/session/fc112fdf8e4d1721c95775cae78a6c3c/screenshot'
01:59:19.004 [AsyncHttpClient-1-4] DEBUG org.asynchttpclient.netty.handler.HttpHandler - 

Request DefaultFullHttpRequest(decodeResult: success, version: HTTP/1.1, content: EmptyByteBufBE)
GET /session/fc112fdf8e4d1721c95775cae78a6c3c/screenshot HTTP/1.1
User-Agent: selenium/4.1.2 (java windows)
Cache-Control: no-cache
Content-Type: application/json; charset=utf-8
host: localhost:60340
accept: */*

Response DefaultHttpResponse(decodeResult: success, version: HTTP/1.1)
HTTP/1.1 200 OK
Content-Type: application/json; charset=utf-8
cache-control: no-cache
content-length: 40704

01:59:19.004 [AsyncHttpClient-1-4] DEBUG org.asynchttpclient.netty.channel.ChannelManager - Adding key: http://localhost:60340 for channel [id: 0xc5162119, L:/127.0.0.1:56120 - R:localhost/127.0.0.1:60340]
01:59:19.013 [main] DEBUG net.serenitybdd.core.photography.Darkroom - Send negative for processing for target\site\serenity\9a4192f7f9df5b6c31eb711e2b24a54f0dfa45d26f0fd6de76f74e9d5fc61d51.png
01:59:19.013 [main] DEBUG net.thucydides.core.steps.StepInterceptor - STEP DONE: inputPassword
  &amp#27;[32mAnd &amp#27;[0m&amp#27;[32mI input valid password for order&amp#27;[0m    &amp#27;[90m# starter.stepdefinitions.OrderSteps.inputValidPassword()&amp#27;[0m
01:59:19.014 [Darkroom Processing Line] DEBUG net.serenitybdd.core.photography.DarkroomProcessingLine - Processing screenshot image in /var/screenshots/screenshot-11029920217171197312
01:59:19.014 [Darkroom Processing Line] DEBUG net.serenitybdd.core.photography.DarkroomProcessingLine - Saving screenshot to target\site\serenity\9a4192f7f9df5b6c31eb711e2b24a54f0dfa45d26f0fd6de76f74e9d5fc61d51.png
01:59:19.022 [main] DEBUG net.thucydides.core.steps.StepInterceptor - STARTING STEP: OrderSteps.clickOnLoginButoon - clickLoginButton
01:59:19.024 [Forwarding findElement on session fc112fdf8e4d1721c95775cae78a6c3c to remote] DEBUG org.asynchttpclient.netty.request.NettyRequestSender - Using pooled Channel '[id: 0xc5162119, L:/127.0.0.1:56120 - R:localhost/127.0.0.1:60340]' for 'POST' to 'http://localhost:60340/session/fc112fdf8e4d1721c95775cae78a6c3c/element'
01:59:19.024 [Forwarding findElement on session fc112fdf8e4d1721c95775cae78a6c3c to remote] DEBUG org.asynchttpclient.netty.request.NettyRequestSender - Using open Channel [id: 0xc5162119, L:/127.0.0.1:56120 - R:localhost/127.0.0.1:60340] for POST '/session/fc112fdf8e4d1721c95775cae78a6c3c/element'
01:59:19.031 [AsyncHttpClient-1-4] DEBUG org.asynchttpclient.netty.handler.HttpHandler - 

Request DefaultHttpRequest(decodeResult: success, version: HTTP/1.1)
POST /session/fc112fdf8e4d1721c95775cae78a6c3c/element HTTP/1.1
User-Agent: selenium/4.1.2 (java windows)
Content-Length: 155
Content-Type: application/json; charset=utf-8
host: localhost:60340
accept: */*

Response DefaultHttpResponse(decodeResult: success, version: HTTP/1.1)
HTTP/1.1 200 OK
Content-Type: application/json; charset=utf-8
cache-control: no-cache
content-length: 88

01:59:19.031 [AsyncHttpClient-1-4] DEBUG org.asynchttpclient.netty.channel.ChannelManager - Adding key: http://localhost:60340 for channel [id: 0xc5162119, L:/127.0.0.1:56120 - R:localhost/127.0.0.1:60340]
01:59:19.032 [Forwarding getElementTagName on session fc112fdf8e4d1721c95775cae78a6c3c to remote] DEBUG org.asynchttpclient.netty.request.NettyRequestSender - Using pooled Channel '[id: 0xc5162119, L:/127.0.0.1:56120 - R:localhost/127.0.0.1:60340]' for 'GET' to 'http://localhost:60340/session/fc112fdf8e4d1721c95775cae78a6c3c/element/8f68c31a-ea1e-492f-9358-f61d37ccc613/name'
01:59:19.032 [Forwarding getElementTagName on session fc112fdf8e4d1721c95775cae78a6c3c to remote] DEBUG org.asynchttpclient.netty.request.NettyRequestSender - Using open Channel [id: 0xc5162119, L:/127.0.0.1:56120 - R:localhost/127.0.0.1:60340] for GET '/session/fc112fdf8e4d1721c95775cae78a6c3c/element/8f68c31a-ea1e-492f-9358-f61d37ccc613/name'
01:59:19.036 [AsyncHttpClient-1-4] DEBUG org.asynchttpclient.netty.handler.HttpHandler - 

Request DefaultFullHttpRequest(decodeResult: success, version: HTTP/1.1, content: EmptyByteBufBE)
GET /session/fc112fdf8e4d1721c95775cae78a6c3c/element/8f68c31a-ea1e-492f-9358-f61d37ccc613/name HTTP/1.1
User-Agent: selenium/4.1.2 (java windows)
Cache-Control: no-cache
Content-Type: application/json; charset=utf-8
host: localhost:60340
accept: */*

Response DefaultHttpResponse(decodeResult: success, version: HTTP/1.1)
HTTP/1.1 200 OK
Content-Type: application/json; charset=utf-8
cache-control: no-cache
content-length: 18

01:59:19.037 [AsyncHttpClient-1-4] DEBUG org.asynchttpclient.netty.channel.ChannelManager - Adding key: http://localhost:60340 for channel [id: 0xc5162119, L:/127.0.0.1:56120 - R:localhost/127.0.0.1:60340]
01:59:19.038 [Forwarding getElementTagName on session fc112fdf8e4d1721c95775cae78a6c3c to remote] DEBUG org.asynchttpclient.netty.request.NettyRequestSender - Using pooled Channel '[id: 0xc5162119, L:/127.0.0.1:56120 - R:localhost/127.0.0.1:60340]' for 'GET' to 'http://localhost:60340/session/fc112fdf8e4d1721c95775cae78a6c3c/element/8f68c31a-ea1e-492f-9358-f61d37ccc613/name'
01:59:19.038 [Forwarding getElementTagName on session fc112fdf8e4d1721c95775cae78a6c3c to remote] DEBUG org.asynchttpclient.netty.request.NettyRequestSender - Using open Channel [id: 0xc5162119, L:/127.0.0.1:56120 - R:localhost/127.0.0.1:60340] for GET '/session/fc112fdf8e4d1721c95775cae78a6c3c/element/8f68c31a-ea1e-492f-9358-f61d37ccc613/name'
01:59:19.043 [AsyncHttpClient-1-4] DEBUG org.asynchttpclient.netty.handler.HttpHandler - 

Request DefaultFullHttpRequest(decodeResult: success, version: HTTP/1.1, content: EmptyByteBufBE)
GET /session/fc112fdf8e4d1721c95775cae78a6c3c/element/8f68c31a-ea1e-492f-9358-f61d37ccc613/name HTTP/1.1
User-Agent: selenium/4.1.2 (java windows)
Cache-Control: no-cache
Content-Type: application/json; charset=utf-8
host: localhost:60340
accept: */*

Response DefaultHttpResponse(decodeResult: success, version: HTTP/1.1)
HTTP/1.1 200 OK
Content-Type: application/json; charset=utf-8
cache-control: no-cache
content-length: 18

01:59:19.043 [AsyncHttpClient-1-4] DEBUG org.asynchttpclient.netty.channel.ChannelManager - Adding key: http://localhost:60340 for channel [id: 0xc5162119, L:/127.0.0.1:56120 - R:localhost/127.0.0.1:60340]
01:59:19.044 [Forwarding isElementEnabled on session fc112fdf8e4d1721c95775cae78a6c3c to remote] DEBUG org.asynchttpclient.netty.request.NettyRequestSender - Using pooled Channel '[id: 0xc5162119, L:/127.0.0.1:56120 - R:localhost/127.0.0.1:60340]' for 'GET' to 'http://localhost:60340/session/fc112fdf8e4d1721c95775cae78a6c3c/element/8f68c31a-ea1e-492f-9358-f61d37ccc613/enabled'
01:59:19.044 [Forwarding isElementEnabled on session fc112fdf8e4d1721c95775cae78a6c3c to remote] DEBUG org.asynchttpclient.netty.request.NettyRequestSender - Using open Channel [id: 0xc5162119, L:/127.0.0.1:56120 - R:localhost/127.0.0.1:60340] for GET '/session/fc112fdf8e4d1721c95775cae78a6c3c/element/8f68c31a-ea1e-492f-9358-f61d37ccc613/enabled'
01:59:19.051 [AsyncHttpClient-1-4] DEBUG org.asynchttpclient.netty.handler.HttpHandler - 

Request DefaultFullHttpRequest(decodeResult: success, version: HTTP/1.1, content: EmptyByteBufBE)
GET /session/fc112fdf8e4d1721c95775cae78a6c3c/element/8f68c31a-ea1e-492f-9358-f61d37ccc613/enabled HTTP/1.1
User-Agent: selenium/4.1.2 (java windows)
Cache-Control: no-cache
Content-Type: application/json; charset=utf-8
host: localhost:60340
accept: */*

Response DefaultHttpResponse(decodeResult: success, version: HTTP/1.1)
HTTP/1.1 200 OK
Content-Type: application/json; charset=utf-8
cache-control: no-cache
content-length: 14

01:59:19.051 [AsyncHttpClient-1-4] DEBUG org.asynchttpclient.netty.channel.ChannelManager - Adding key: http://localhost:60340 for channel [id: 0xc5162119, L:/127.0.0.1:56120 - R:localhost/127.0.0.1:60340]
01:59:19.053 [Forwarding isElementEnabled on session fc112fdf8e4d1721c95775cae78a6c3c to remote] DEBUG org.asynchttpclient.netty.request.NettyRequestSender - Using pooled Channel '[id: 0xc5162119, L:/127.0.0.1:56120 - R:localhost/127.0.0.1:60340]' for 'GET' to 'http://localhost:60340/session/fc112fdf8e4d1721c95775cae78a6c3c/element/8f68c31a-ea1e-492f-9358-f61d37ccc613/enabled'
01:59:19.053 [Forwarding isElementEnabled on session fc112fdf8e4d1721c95775cae78a6c3c to remote] DEBUG org.asynchttpclient.netty.request.NettyRequestSender - Using open Channel [id: 0xc5162119, L:/127.0.0.1:56120 - R:localhost/127.0.0.1:60340] for GET '/session/fc112fdf8e4d1721c95775cae78a6c3c/element/8f68c31a-ea1e-492f-9358-f61d37ccc613/enabled'
01:59:19.059 [AsyncHttpClient-1-4] DEBUG org.asynchttpclient.netty.handler.HttpHandler - 

Request DefaultFullHttpRequest(decodeResult: success, version: HTTP/1.1, content: EmptyByteBufBE)
GET /session/fc112fdf8e4d1721c95775cae78a6c3c/element/8f68c31a-ea1e-492f-9358-f61d37ccc613/enabled HTTP/1.1
User-Agent: selenium/4.1.2 (java windows)
Cache-Control: no-cache
Content-Type: application/json; charset=utf-8
host: localhost:60340
accept: */*

Response DefaultHttpResponse(decodeResult: success, version: HTTP/1.1)
HTTP/1.1 200 OK
Content-Type: application/json; charset=utf-8
cache-control: no-cache
content-length: 14

01:59:19.060 [AsyncHttpClient-1-4] DEBUG org.asynchttpclient.netty.channel.ChannelManager - Adding key: http://localhost:60340 for channel [id: 0xc5162119, L:/127.0.0.1:56120 - R:localhost/127.0.0.1:60340]
01:59:19.063 [Forwarding findElement on session fc112fdf8e4d1721c95775cae78a6c3c to remote] DEBUG org.asynchttpclient.netty.request.NettyRequestSender - Using pooled Channel '[id: 0xc5162119, L:/127.0.0.1:56120 - R:localhost/127.0.0.1:60340]' for 'POST' to 'http://localhost:60340/session/fc112fdf8e4d1721c95775cae78a6c3c/element'
01:59:19.063 [Forwarding findElement on session fc112fdf8e4d1721c95775cae78a6c3c to remote] DEBUG org.asynchttpclient.netty.request.NettyRequestSender - Using open Channel [id: 0xc5162119, L:/127.0.0.1:56120 - R:localhost/127.0.0.1:60340] for POST '/session/fc112fdf8e4d1721c95775cae78a6c3c/element'
01:59:19.071 [AsyncHttpClient-1-4] DEBUG org.asynchttpclient.netty.handler.HttpHandler - 

Request DefaultHttpRequest(decodeResult: success, version: HTTP/1.1)
POST /session/fc112fdf8e4d1721c95775cae78a6c3c/element HTTP/1.1
User-Agent: selenium/4.1.2 (java windows)
Content-Length: 155
Content-Type: application/json; charset=utf-8
host: localhost:60340
accept: */*

Response DefaultHttpResponse(decodeResult: success, version: HTTP/1.1)
HTTP/1.1 200 OK
Content-Type: application/json; charset=utf-8
cache-control: no-cache
content-length: 88

01:59:19.071 [AsyncHttpClient-1-4] DEBUG org.asynchttpclient.netty.channel.ChannelManager - Adding key: http://localhost:60340 for channel [id: 0xc5162119, L:/127.0.0.1:56120 - R:localhost/127.0.0.1:60340]
01:59:19.072 [Forwarding clickElement on session fc112fdf8e4d1721c95775cae78a6c3c to remote] DEBUG org.asynchttpclient.netty.request.NettyRequestSender - Using pooled Channel '[id: 0xc5162119, L:/127.0.0.1:56120 - R:localhost/127.0.0.1:60340]' for 'POST' to 'http://localhost:60340/session/fc112fdf8e4d1721c95775cae78a6c3c/element/8f68c31a-ea1e-492f-9358-f61d37ccc613/click'
01:59:19.072 [Forwarding clickElement on session fc112fdf8e4d1721c95775cae78a6c3c to remote] DEBUG org.asynchttpclient.netty.request.NettyRequestSender - Using open Channel [id: 0xc5162119, L:/127.0.0.1:56120 - R:localhost/127.0.0.1:60340] for POST '/session/fc112fdf8e4d1721c95775cae78a6c3c/element/8f68c31a-ea1e-492f-9358-f61d37ccc613/click'
01:59:19.106 [AsyncHttpClient-1-4] DEBUG org.asynchttpclient.netty.handler.HttpHandler - 

Request DefaultHttpRequest(decodeResult: success, version: HTTP/1.1)
POST /session/fc112fdf8e4d1721c95775cae78a6c3c/element/8f68c31a-ea1e-492f-9358-f61d37ccc613/click HTTP/1.1
User-Agent: selenium/4.1.2 (java windows)
Content-Length: 50
Content-Type: application/json; charset=utf-8
host: localhost:60340
accept: */*

Response DefaultHttpResponse(decodeResult: success, version: HTTP/1.1)
HTTP/1.1 200 OK
Content-Type: application/json; charset=utf-8
cache-control: no-cache
content-length: 14

01:59:19.106 [AsyncHttpClient-1-4] DEBUG org.asynchttpclient.netty.channel.ChannelManager - Adding key: http://localhost:60340 for channel [id: 0xc5162119, L:/127.0.0.1:56120 - R:localhost/127.0.0.1:60340]
01:59:19.109 [Forwarding screenshot on session fc112fdf8e4d1721c95775cae78a6c3c to remote] DEBUG org.asynchttpclient.netty.request.NettyRequestSender - Using pooled Channel '[id: 0xc5162119, L:/127.0.0.1:56120 - R:localhost/127.0.0.1:60340]' for 'GET' to 'http://localhost:60340/session/fc112fdf8e4d1721c95775cae78a6c3c/screenshot'
01:59:19.109 [Forwarding screenshot on session fc112fdf8e4d1721c95775cae78a6c3c to remote] DEBUG org.asynchttpclient.netty.request.NettyRequestSender - Using open Channel [id: 0xc5162119, L:/127.0.0.1:56120 - R:localhost/127.0.0.1:60340] for GET '/session/fc112fdf8e4d1721c95775cae78a6c3c/screenshot'
01:59:19.220 [AsyncHttpClient-1-4] DEBUG org.asynchttpclient.netty.handler.HttpHandler - 

Request DefaultFullHttpRequest(decodeResult: success, version: HTTP/1.1, content: EmptyByteBufBE)
GET /session/fc112fdf8e4d1721c95775cae78a6c3c/screenshot HTTP/1.1
User-Agent: selenium/4.1.2 (java windows)
Cache-Control: no-cache
Content-Type: application/json; charset=utf-8
host: localhost:60340
accept: */*

Response DefaultHttpResponse(decodeResult: success, version: HTTP/1.1)
HTTP/1.1 200 OK
Content-Type: application/json; charset=utf-8
cache-control: no-cache
content-length: 40012

01:59:19.221 [AsyncHttpClient-1-4] DEBUG org.asynchttpclient.netty.channel.ChannelManager - Adding key: http://localhost:60340 for channel [id: 0xc5162119, L:/127.0.0.1:56120 - R:localhost/127.0.0.1:60340]
01:59:19.221 [main] DEBUG net.serenitybdd.core.photography.Darkroom - Send negative for processing for target\site\serenity\a44f822d74b7c2b8dfaf0b964b1dbc91e2c0d0c0e5ec78176227238212908f99.png
01:59:19.223 [main] DEBUG net.thucydides.core.steps.StepInterceptor - STEP DONE: clickLoginButton
  &amp#27;[32mAnd &amp#27;[0m&amp#27;[32mI click on login button for order&amp#27;[0m   &amp#27;[90m# starter.stepdefinitions.OrderSteps.clickOnLoginButoon()&amp#27;[0m
01:59:19.223 [Darkroom Processing Line] DEBUG net.serenitybdd.core.photography.DarkroomProcessingLine - Processing screenshot image in /var/screenshots/screenshot-4145418117787717705
01:59:19.223 [Darkroom Processing Line] DEBUG net.serenitybdd.core.photography.DarkroomProcessingLine - Saving screenshot to target\site\serenity\a44f822d74b7c2b8dfaf0b964b1dbc91e2c0d0c0e5ec78176227238212908f99.png
01:59:19.232 [main] DEBUG net.thucydides.core.steps.StepInterceptor - STARTING STEP: OrderSteps.onTheHomePage - homePage
01:59:19.232 [Forwarding get on session fc112fdf8e4d1721c95775cae78a6c3c to remote] DEBUG org.asynchttpclient.netty.request.NettyRequestSender - Using pooled Channel '[id: 0xc5162119, L:/127.0.0.1:56120 - R:localhost/127.0.0.1:60340]' for 'POST' to 'http://localhost:60340/session/fc112fdf8e4d1721c95775cae78a6c3c/url'
01:59:19.232 [Forwarding get on session fc112fdf8e4d1721c95775cae78a6c3c to remote] DEBUG org.asynchttpclient.netty.request.NettyRequestSender - Using open Channel [id: 0xc5162119, L:/127.0.0.1:56120 - R:localhost/127.0.0.1:60340] for POST '/session/fc112fdf8e4d1721c95775cae78a6c3c/url'
01:59:19.352 [AsyncHttpClient-1-4] DEBUG org.asynchttpclient.netty.handler.HttpHandler - 

Request DefaultHttpRequest(decodeResult: success, version: HTTP/1.1)
POST /session/fc112fdf8e4d1721c95775cae78a6c3c/url HTTP/1.1
User-Agent: selenium/4.1.2 (java windows)
Content-Length: 49
Content-Type: application/json; charset=utf-8
host: localhost:60340
accept: */*

Response DefaultHttpResponse(decodeResult: success, version: HTTP/1.1)
HTTP/1.1 200 OK
Content-Type: application/json; charset=utf-8
cache-control: no-cache
content-length: 14

01:59:19.352 [AsyncHttpClient-1-4] DEBUG org.asynchttpclient.netty.channel.ChannelManager - Adding key: http://localhost:60340 for channel [id: 0xc5162119, L:/127.0.0.1:56120 - R:localhost/127.0.0.1:60340]
01:59:19.356 [Forwarding getCurrentUrl on session fc112fdf8e4d1721c95775cae78a6c3c to remote] DEBUG org.asynchttpclient.netty.request.NettyRequestSender - Using pooled Channel '[id: 0xc5162119, L:/127.0.0.1:56120 - R:localhost/127.0.0.1:60340]' for 'GET' to 'http://localhost:60340/session/fc112fdf8e4d1721c95775cae78a6c3c/url'
01:59:19.356 [Forwarding getCurrentUrl on session fc112fdf8e4d1721c95775cae78a6c3c to remote] DEBUG org.asynchttpclient.netty.request.NettyRequestSender - Using open Channel [id: 0xc5162119, L:/127.0.0.1:56120 - R:localhost/127.0.0.1:60340] for GET '/session/fc112fdf8e4d1721c95775cae78a6c3c/url'
01:59:19.360 [AsyncHttpClient-1-4] DEBUG org.asynchttpclient.netty.handler.HttpHandler - 

Request DefaultFullHttpRequest(decodeResult: success, version: HTTP/1.1, content: EmptyByteBufBE)
GET /session/fc112fdf8e4d1721c95775cae78a6c3c/url HTTP/1.1
User-Agent: selenium/4.1.2 (java windows)
Cache-Control: no-cache
Content-Type: application/json; charset=utf-8
host: localhost:60340
accept: */*

Response DefaultHttpResponse(decodeResult: success, version: HTTP/1.1)
HTTP/1.1 200 OK
Content-Type: application/json; charset=utf-8
cache-control: no-cache
content-length: 31

01:59:19.361 [AsyncHttpClient-1-4] DEBUG org.asynchttpclient.netty.channel.ChannelManager - Adding key: http://localhost:60340 for channel [id: 0xc5162119, L:/127.0.0.1:56120 - R:localhost/127.0.0.1:60340]
01:59:19.364 [Forwarding screenshot on session fc112fdf8e4d1721c95775cae78a6c3c to remote] DEBUG org.asynchttpclient.netty.request.NettyRequestSender - Using pooled Channel '[id: 0xc5162119, L:/127.0.0.1:56120 - R:localhost/127.0.0.1:60340]' for 'GET' to 'http://localhost:60340/session/fc112fdf8e4d1721c95775cae78a6c3c/screenshot'
01:59:19.364 [Forwarding screenshot on session fc112fdf8e4d1721c95775cae78a6c3c to remote] DEBUG org.asynchttpclient.netty.request.NettyRequestSender - Using open Channel [id: 0xc5162119, L:/127.0.0.1:56120 - R:localhost/127.0.0.1:60340] for GET '/session/fc112fdf8e4d1721c95775cae78a6c3c/screenshot'
01:59:19.443 [AsyncHttpClient-1-4] DEBUG org.asynchttpclient.netty.handler.HttpHandler - 

Request DefaultFullHttpRequest(decodeResult: success, version: HTTP/1.1, content: EmptyByteBufBE)
GET /session/fc112fdf8e4d1721c95775cae78a6c3c/screenshot HTTP/1.1
User-Agent: selenium/4.1.2 (java windows)
Cache-Control: no-cache
Content-Type: application/json; charset=utf-8
host: localhost:60340
accept: */*

Response DefaultHttpResponse(decodeResult: success, version: HTTP/1.1)
HTTP/1.1 200 OK
Content-Type: application/json; charset=utf-8
cache-control: no-cache
content-length: 26012

01:59:19.443 [AsyncHttpClient-1-4] DEBUG org.asynchttpclient.netty.channel.ChannelManager - Adding key: http://localhost:60340 for channel [id: 0xc5162119, L:/127.0.0.1:56120 - R:localhost/127.0.0.1:60340]
01:59:19.445 [main] DEBUG net.serenitybdd.core.photography.Darkroom - Send negative for processing for target\site\serenity\809759b520b1b1ea6f7971f8ada8d67378969c26a12f3499aa659607947f4fd2.png
01:59:19.445 [main] DEBUG net.thucydides.core.steps.StepInterceptor - STEP DONE: homePage
01:59:19.445 [Darkroom Processing Line] DEBUG net.serenitybdd.core.photography.DarkroomProcessingLine - Processing screenshot image in /var/screenshots/screenshot-11172207688555062560
01:59:19.445 [Darkroom Processing Line] DEBUG net.serenitybdd.core.photography.DarkroomProcessingLine - Saving screenshot to target\site\serenity\809759b520b1b1ea6f7971f8ada8d67378969c26a12f3499aa659607947f4fd2.png
01:59:19.449 [main] DEBUG net.thucydides.core.steps.StepInterceptor - STARTING STEP: OrderSteps.onTheHomePage - validateOnHomePage
01:59:19.451 [Forwarding findElement on session fc112fdf8e4d1721c95775cae78a6c3c to remote] DEBUG org.asynchttpclient.netty.request.NettyRequestSender - Using pooled Channel '[id: 0xc5162119, L:/127.0.0.1:56120 - R:localhost/127.0.0.1:60340]' for 'POST' to 'http://localhost:60340/session/fc112fdf8e4d1721c95775cae78a6c3c/element'
01:59:19.451 [Forwarding findElement on session fc112fdf8e4d1721c95775cae78a6c3c to remote] DEBUG org.asynchttpclient.netty.request.NettyRequestSender - Using open Channel [id: 0xc5162119, L:/127.0.0.1:56120 - R:localhost/127.0.0.1:60340] for POST '/session/fc112fdf8e4d1721c95775cae78a6c3c/element'
01:59:19.462 [AsyncHttpClient-1-1] DEBUG org.asynchttpclient.netty.channel.DefaultChannelPool - Entry count for : http://localhost:56121 : 1
01:59:20.565 [AsyncHttpClient-1-1] DEBUG org.asynchttpclient.netty.channel.DefaultChannelPool - Entry count for : http://localhost:56121 : 1
01:59:21.146 [AsyncHttpClient-1-4] DEBUG org.asynchttpclient.netty.handler.HttpHandler - 

Request DefaultHttpRequest(decodeResult: success, version: HTTP/1.1)
POST /session/fc112fdf8e4d1721c95775cae78a6c3c/element HTTP/1.1
User-Agent: selenium/4.1.2 (java windows)
Content-Length: 140
Content-Type: application/json; charset=utf-8
host: localhost:60340
accept: */*

Response DefaultHttpResponse(decodeResult: success, version: HTTP/1.1)
HTTP/1.1 200 OK
Content-Type: application/json; charset=utf-8
cache-control: no-cache
content-length: 88

01:59:21.146 [AsyncHttpClient-1-4] DEBUG org.asynchttpclient.netty.channel.ChannelManager - Adding key: http://localhost:60340 for channel [id: 0xc5162119, L:/127.0.0.1:56120 - R:localhost/127.0.0.1:60340]
01:59:21.148 [Forwarding isElementDisplayed on session fc112fdf8e4d1721c95775cae78a6c3c to remote] DEBUG org.asynchttpclient.netty.request.NettyRequestSender - Using pooled Channel '[id: 0xc5162119, L:/127.0.0.1:56120 - R:localhost/127.0.0.1:60340]' for 'POST' to 'http://localhost:60340/session/fc112fdf8e4d1721c95775cae78a6c3c/execute/sync'
01:59:21.148 [Forwarding isElementDisplayed on session fc112fdf8e4d1721c95775cae78a6c3c to remote] DEBUG org.asynchttpclient.netty.request.NettyRequestSender - Using open Channel [id: 0xc5162119, L:/127.0.0.1:56120 - R:localhost/127.0.0.1:60340] for POST '/session/fc112fdf8e4d1721c95775cae78a6c3c/execute/sync'
01:59:21.155 [AsyncHttpClient-1-4] DEBUG org.asynchttpclient.netty.handler.HttpHandler - 

Request DefaultHttpRequest(decodeResult: success, version: HTTP/1.1)
POST /session/fc112fdf8e4d1721c95775cae78a6c3c/execute/sync HTTP/1.1
User-Agent: selenium/4.1.2 (java windows)
Content-Length: 48780
Content-Type: application/json; charset=utf-8
host: localhost:60340
accept: */*

Response DefaultHttpResponse(decodeResult: success, version: HTTP/1.1)
HTTP/1.1 200 OK
Content-Type: application/json; charset=utf-8
cache-control: no-cache
content-length: 14

01:59:21.155 [AsyncHttpClient-1-4] DEBUG org.asynchttpclient.netty.channel.ChannelManager - Adding key: http://localhost:60340 for channel [id: 0xc5162119, L:/127.0.0.1:56120 - R:localhost/127.0.0.1:60340]
01:59:21.158 [Forwarding screenshot on session fc112fdf8e4d1721c95775cae78a6c3c to remote] DEBUG org.asynchttpclient.netty.request.NettyRequestSender - Using pooled Channel '[id: 0xc5162119, L:/127.0.0.1:56120 - R:localhost/127.0.0.1:60340]' for 'GET' to 'http://localhost:60340/session/fc112fdf8e4d1721c95775cae78a6c3c/screenshot'
01:59:21.158 [Forwarding screenshot on session fc112fdf8e4d1721c95775cae78a6c3c to remote] DEBUG org.asynchttpclient.netty.request.NettyRequestSender - Using open Channel [id: 0xc5162119, L:/127.0.0.1:56120 - R:localhost/127.0.0.1:60340] for GET '/session/fc112fdf8e4d1721c95775cae78a6c3c/screenshot'
01:59:21.218 [AsyncHttpClient-1-4] DEBUG org.asynchttpclient.netty.handler.HttpHandler - 

Request DefaultFullHttpRequest(decodeResult: success, version: HTTP/1.1, content: EmptyByteBufBE)
GET /session/fc112fdf8e4d1721c95775cae78a6c3c/screenshot HTTP/1.1
User-Agent: selenium/4.1.2 (java windows)
Cache-Control: no-cache
Content-Type: application/json; charset=utf-8
host: localhost:60340
accept: */*

Response DefaultHttpResponse(decodeResult: success, version: HTTP/1.1)
HTTP/1.1 200 OK
Content-Type: application/json; charset=utf-8
cache-control: no-cache
content-length: 70816

01:59:21.218 [AsyncHttpClient-1-4] DEBUG org.asynchttpclient.netty.channel.ChannelManager - Adding key: http://localhost:60340 for channel [id: 0xc5162119, L:/127.0.0.1:56120 - R:localhost/127.0.0.1:60340]
01:59:21.219 [main] DEBUG net.serenitybdd.core.photography.Darkroom - Send negative for processing for target\site\serenity\015070499b2e82ec19f0a0e83e10c4253204b7d204d6a75cda323f2c6fac1246.png
01:59:21.220 [main] DEBUG net.thucydides.core.steps.StepInterceptor - STEP DONE: validateOnHomePage
  &amp#27;[32mAnd &amp#27;[0m&amp#27;[32mI am on the home page for order&amp#27;[0m     &amp#27;[90m# starter.stepdefinitions.OrderSteps.onTheHomePage()&amp#27;[0m
01:59:21.220 [Darkroom Processing Line] DEBUG net.serenitybdd.core.photography.DarkroomProcessingLine - Processing screenshot image in /var/screenshots/screenshot-17872640213222520015
01:59:21.220 [Darkroom Processing Line] DEBUG net.serenitybdd.core.photography.DarkroomProcessingLine - Saving screenshot to target\site\serenity\015070499b2e82ec19f0a0e83e10c4253204b7d204d6a75cda323f2c6fac1246.png
01:59:21.226 [main] DEBUG net.thucydides.core.steps.StepInterceptor - STARTING STEP: OrderSteps.clickBeliButton - clickBeliButton
01:59:21.227 [Forwarding findElement on session fc112fdf8e4d1721c95775cae78a6c3c to remote] DEBUG org.asynchttpclient.netty.request.NettyRequestSender - Using pooled Channel '[id: 0xc5162119, L:/127.0.0.1:56120 - R:localhost/127.0.0.1:60340]' for 'POST' to 'http://localhost:60340/session/fc112fdf8e4d1721c95775cae78a6c3c/element'
01:59:21.227 [Forwarding findElement on session fc112fdf8e4d1721c95775cae78a6c3c to remote] DEBUG org.asynchttpclient.netty.request.NettyRequestSender - Using open Channel [id: 0xc5162119, L:/127.0.0.1:56120 - R:localhost/127.0.0.1:60340] for POST '/session/fc112fdf8e4d1721c95775cae78a6c3c/element'
01:59:21.236 [AsyncHttpClient-1-4] DEBUG org.asynchttpclient.netty.handler.HttpHandler - 

Request DefaultHttpRequest(decodeResult: success, version: HTTP/1.1)
POST /session/fc112fdf8e4d1721c95775cae78a6c3c/element HTTP/1.1
User-Agent: selenium/4.1.2 (java windows)
Content-Length: 140
Content-Type: application/json; charset=utf-8
host: localhost:60340
accept: */*

Response DefaultHttpResponse(decodeResult: success, version: HTTP/1.1)
HTTP/1.1 200 OK
Content-Type: application/json; charset=utf-8
cache-control: no-cache
content-length: 88

01:59:21.236 [AsyncHttpClient-1-4] DEBUG org.asynchttpclient.netty.channel.ChannelManager - Adding key: http://localhost:60340 for channel [id: 0xc5162119, L:/127.0.0.1:56120 - R:localhost/127.0.0.1:60340]
01:59:21.237 [Forwarding getElementTagName on session fc112fdf8e4d1721c95775cae78a6c3c to remote] DEBUG org.asynchttpclient.netty.request.NettyRequestSender - Using pooled Channel '[id: 0xc5162119, L:/127.0.0.1:56120 - R:localhost/127.0.0.1:60340]' for 'GET' to 'http://localhost:60340/session/fc112fdf8e4d1721c95775cae78a6c3c/element/5f30894b-3f5e-4196-984d-d56f8fc1bbd6/name'
01:59:21.237 [Forwarding getElementTagName on session fc112fdf8e4d1721c95775cae78a6c3c to remote] DEBUG org.asynchttpclient.netty.request.NettyRequestSender - Using open Channel [id: 0xc5162119, L:/127.0.0.1:56120 - R:localhost/127.0.0.1:60340] for GET '/session/fc112fdf8e4d1721c95775cae78a6c3c/element/5f30894b-3f5e-4196-984d-d56f8fc1bbd6/name'
01:59:21.239 [AsyncHttpClient-1-4] DEBUG org.asynchttpclient.netty.handler.HttpHandler - 

Request DefaultFullHttpRequest(decodeResult: success, version: HTTP/1.1, content: EmptyByteBufBE)
GET /session/fc112fdf8e4d1721c95775cae78a6c3c/element/5f30894b-3f5e-4196-984d-d56f8fc1bbd6/name HTTP/1.1
User-Agent: selenium/4.1.2 (java windows)
Cache-Control: no-cache
Content-Type: application/json; charset=utf-8
host: localhost:60340
accept: */*

Response DefaultHttpResponse(decodeResult: success, version: HTTP/1.1)
HTTP/1.1 200 OK
Content-Type: application/json; charset=utf-8
cache-control: no-cache
content-length: 18

01:59:21.239 [AsyncHttpClient-1-4] DEBUG org.asynchttpclient.netty.channel.ChannelManager - Adding key: http://localhost:60340 for channel [id: 0xc5162119, L:/127.0.0.1:56120 - R:localhost/127.0.0.1:60340]
01:59:21.240 [Forwarding getElementTagName on session fc112fdf8e4d1721c95775cae78a6c3c to remote] DEBUG org.asynchttpclient.netty.request.NettyRequestSender - Using pooled Channel '[id: 0xc5162119, L:/127.0.0.1:56120 - R:localhost/127.0.0.1:60340]' for 'GET' to 'http://localhost:60340/session/fc112fdf8e4d1721c95775cae78a6c3c/element/5f30894b-3f5e-4196-984d-d56f8fc1bbd6/name'
01:59:21.240 [Forwarding getElementTagName on session fc112fdf8e4d1721c95775cae78a6c3c to remote] DEBUG org.asynchttpclient.netty.request.NettyRequestSender - Using open Channel [id: 0xc5162119, L:/127.0.0.1:56120 - R:localhost/127.0.0.1:60340] for GET '/session/fc112fdf8e4d1721c95775cae78a6c3c/element/5f30894b-3f5e-4196-984d-d56f8fc1bbd6/name'
01:59:21.241 [AsyncHttpClient-1-4] DEBUG org.asynchttpclient.netty.handler.HttpHandler - 

Request DefaultFullHttpRequest(decodeResult: success, version: HTTP/1.1, content: EmptyByteBufBE)
GET /session/fc112fdf8e4d1721c95775cae78a6c3c/element/5f30894b-3f5e-4196-984d-d56f8fc1bbd6/name HTTP/1.1
User-Agent: selenium/4.1.2 (java windows)
Cache-Control: no-cache
Content-Type: application/json; charset=utf-8
host: localhost:60340
accept: */*

Response DefaultHttpResponse(decodeResult: success, version: HTTP/1.1)
HTTP/1.1 200 OK
Content-Type: application/json; charset=utf-8
cache-control: no-cache
content-length: 18

01:59:21.241 [AsyncHttpClient-1-4] DEBUG org.asynchttpclient.netty.channel.ChannelManager - Adding key: http://localhost:60340 for channel [id: 0xc5162119, L:/127.0.0.1:56120 - R:localhost/127.0.0.1:60340]
01:59:21.242 [Forwarding isElementEnabled on session fc112fdf8e4d1721c95775cae78a6c3c to remote] DEBUG org.asynchttpclient.netty.request.NettyRequestSender - Using pooled Channel '[id: 0xc5162119, L:/127.0.0.1:56120 - R:localhost/127.0.0.1:60340]' for 'GET' to 'http://localhost:60340/session/fc112fdf8e4d1721c95775cae78a6c3c/element/5f30894b-3f5e-4196-984d-d56f8fc1bbd6/enabled'
01:59:21.242 [Forwarding isElementEnabled on session fc112fdf8e4d1721c95775cae78a6c3c to remote] DEBUG org.asynchttpclient.netty.request.NettyRequestSender - Using open Channel [id: 0xc5162119, L:/127.0.0.1:56120 - R:localhost/127.0.0.1:60340] for GET '/session/fc112fdf8e4d1721c95775cae78a6c3c/element/5f30894b-3f5e-4196-984d-d56f8fc1bbd6/enabled'
01:59:21.246 [AsyncHttpClient-1-4] DEBUG org.asynchttpclient.netty.handler.HttpHandler - 

Request DefaultFullHttpRequest(decodeResult: success, version: HTTP/1.1, content: EmptyByteBufBE)
GET /session/fc112fdf8e4d1721c95775cae78a6c3c/element/5f30894b-3f5e-4196-984d-d56f8fc1bbd6/enabled HTTP/1.1
User-Agent: selenium/4.1.2 (java windows)
Cache-Control: no-cache
Content-Type: application/json; charset=utf-8
host: localhost:60340
accept: */*

Response DefaultHttpResponse(decodeResult: success, version: HTTP/1.1)
HTTP/1.1 200 OK
Content-Type: application/json; charset=utf-8
cache-control: no-cache
content-length: 14

01:59:21.246 [AsyncHttpClient-1-4] DEBUG org.asynchttpclient.netty.channel.ChannelManager - Adding key: http://localhost:60340 for channel [id: 0xc5162119, L:/127.0.0.1:56120 - R:localhost/127.0.0.1:60340]
01:59:21.247 [Forwarding isElementEnabled on session fc112fdf8e4d1721c95775cae78a6c3c to remote] DEBUG org.asynchttpclient.netty.request.NettyRequestSender - Using pooled Channel '[id: 0xc5162119, L:/127.0.0.1:56120 - R:localhost/127.0.0.1:60340]' for 'GET' to 'http://localhost:60340/session/fc112fdf8e4d1721c95775cae78a6c3c/element/5f30894b-3f5e-4196-984d-d56f8fc1bbd6/enabled'
01:59:21.247 [Forwarding isElementEnabled on session fc112fdf8e4d1721c95775cae78a6c3c to remote] DEBUG org.asynchttpclient.netty.request.NettyRequestSender - Using open Channel [id: 0xc5162119, L:/127.0.0.1:56120 - R:localhost/127.0.0.1:60340] for GET '/session/fc112fdf8e4d1721c95775cae78a6c3c/element/5f30894b-3f5e-4196-984d-d56f8fc1bbd6/enabled'
01:59:21.249 [AsyncHttpClient-1-4] DEBUG org.asynchttpclient.netty.handler.HttpHandler - 

Request DefaultFullHttpRequest(decodeResult: success, version: HTTP/1.1, content: EmptyByteBufBE)
GET /session/fc112fdf8e4d1721c95775cae78a6c3c/element/5f30894b-3f5e-4196-984d-d56f8fc1bbd6/enabled HTTP/1.1
User-Agent: selenium/4.1.2 (java windows)
Cache-Control: no-cache
Content-Type: application/json; charset=utf-8
host: localhost:60340
accept: */*

Response DefaultHttpResponse(decodeResult: success, version: HTTP/1.1)
HTTP/1.1 200 OK
Content-Type: application/json; charset=utf-8
cache-control: no-cache
content-length: 14

01:59:21.249 [AsyncHttpClient-1-4] DEBUG org.asynchttpclient.netty.channel.ChannelManager - Adding key: http://localhost:60340 for channel [id: 0xc5162119, L:/127.0.0.1:56120 - R:localhost/127.0.0.1:60340]
01:59:21.250 [Forwarding findElement on session fc112fdf8e4d1721c95775cae78a6c3c to remote] DEBUG org.asynchttpclient.netty.request.NettyRequestSender - Using pooled Channel '[id: 0xc5162119, L:/127.0.0.1:56120 - R:localhost/127.0.0.1:60340]' for 'POST' to 'http://localhost:60340/session/fc112fdf8e4d1721c95775cae78a6c3c/element'
01:59:21.250 [Forwarding findElement on session fc112fdf8e4d1721c95775cae78a6c3c to remote] DEBUG org.asynchttpclient.netty.request.NettyRequestSender - Using open Channel [id: 0xc5162119, L:/127.0.0.1:56120 - R:localhost/127.0.0.1:60340] for POST '/session/fc112fdf8e4d1721c95775cae78a6c3c/element'
01:59:21.258 [AsyncHttpClient-1-4] DEBUG org.asynchttpclient.netty.handler.HttpHandler - 

Request DefaultHttpRequest(decodeResult: success, version: HTTP/1.1)
POST /session/fc112fdf8e4d1721c95775cae78a6c3c/element HTTP/1.1
User-Agent: selenium/4.1.2 (java windows)
Content-Length: 140
Content-Type: application/json; charset=utf-8
host: localhost:60340
accept: */*

Response DefaultHttpResponse(decodeResult: success, version: HTTP/1.1)
HTTP/1.1 200 OK
Content-Type: application/json; charset=utf-8
cache-control: no-cache
content-length: 88

01:59:21.258 [AsyncHttpClient-1-4] DEBUG org.asynchttpclient.netty.channel.ChannelManager - Adding key: http://localhost:60340 for channel [id: 0xc5162119, L:/127.0.0.1:56120 - R:localhost/127.0.0.1:60340]
01:59:21.259 [Forwarding clickElement on session fc112fdf8e4d1721c95775cae78a6c3c to remote] DEBUG org.asynchttpclient.netty.request.NettyRequestSender - Using pooled Channel '[id: 0xc5162119, L:/127.0.0.1:56120 - R:localhost/127.0.0.1:60340]' for 'POST' to 'http://localhost:60340/session/fc112fdf8e4d1721c95775cae78a6c3c/element/5f30894b-3f5e-4196-984d-d56f8fc1bbd6/click'
01:59:21.259 [Forwarding clickElement on session fc112fdf8e4d1721c95775cae78a6c3c to remote] DEBUG org.asynchttpclient.netty.request.NettyRequestSender - Using open Channel [id: 0xc5162119, L:/127.0.0.1:56120 - R:localhost/127.0.0.1:60340] for POST '/session/fc112fdf8e4d1721c95775cae78a6c3c/element/5f30894b-3f5e-4196-984d-d56f8fc1bbd6/click'
01:59:21.315 [AsyncHttpClient-1-4] DEBUG org.asynchttpclient.netty.handler.HttpHandler - 

Request DefaultHttpRequest(decodeResult: success, version: HTTP/1.1)
POST /session/fc112fdf8e4d1721c95775cae78a6c3c/element/5f30894b-3f5e-4196-984d-d56f8fc1bbd6/click HTTP/1.1
User-Agent: selenium/4.1.2 (java windows)
Content-Length: 50
Content-Type: application/json; charset=utf-8
host: localhost:60340
accept: */*

Response DefaultHttpResponse(decodeResult: success, version: HTTP/1.1)
HTTP/1.1 200 OK
Content-Type: application/json; charset=utf-8
cache-control: no-cache
content-length: 14

01:59:21.315 [AsyncHttpClient-1-4] DEBUG org.asynchttpclient.netty.channel.ChannelManager - Adding key: http://localhost:60340 for channel [id: 0xc5162119, L:/127.0.0.1:56120 - R:localhost/127.0.0.1:60340]
01:59:21.320 [Forwarding screenshot on session fc112fdf8e4d1721c95775cae78a6c3c to remote] DEBUG org.asynchttpclient.netty.request.NettyRequestSender - Using pooled Channel '[id: 0xc5162119, L:/127.0.0.1:56120 - R:localhost/127.0.0.1:60340]' for 'GET' to 'http://localhost:60340/session/fc112fdf8e4d1721c95775cae78a6c3c/screenshot'
01:59:21.321 [Forwarding screenshot on session fc112fdf8e4d1721c95775cae78a6c3c to remote] DEBUG org.asynchttpclient.netty.request.NettyRequestSender - Using open Channel [id: 0xc5162119, L:/127.0.0.1:56120 - R:localhost/127.0.0.1:60340] for GET '/session/fc112fdf8e4d1721c95775cae78a6c3c/screenshot'
01:59:21.414 [AsyncHttpClient-1-4] DEBUG org.asynchttpclient.netty.handler.HttpHandler - 

Request DefaultFullHttpRequest(decodeResult: success, version: HTTP/1.1, content: EmptyByteBufBE)
GET /session/fc112fdf8e4d1721c95775cae78a6c3c/screenshot HTTP/1.1
User-Agent: selenium/4.1.2 (java windows)
Cache-Control: no-cache
Content-Type: application/json; charset=utf-8
host: localhost:60340
accept: */*

Response DefaultHttpResponse(decodeResult: success, version: HTTP/1.1)
HTTP/1.1 200 OK
Content-Type: application/json; charset=utf-8
cache-control: no-cache
content-length: 72464

01:59:21.414 [AsyncHttpClient-1-4] DEBUG org.asynchttpclient.netty.channel.ChannelManager - Adding key: http://localhost:60340 for channel [id: 0xc5162119, L:/127.0.0.1:56120 - R:localhost/127.0.0.1:60340]
01:59:21.416 [main] DEBUG net.serenitybdd.core.photography.Darkroom - Send negative for processing for target\site\serenity\bf06f58ad8b7258d2c387cd7a445c9e2ffe850d023486b07549dd6dd7cedb807.png
01:59:21.416 [main] DEBUG net.thucydides.core.steps.StepInterceptor - STEP DONE: clickBeliButton
  &amp#27;[32mAnd &amp#27;[0m&amp#27;[32mI click on Beli button on a product&amp#27;[0m &amp#27;[90m# starter.stepdefinitions.OrderSteps.clickBeliButton()&amp#27;[0m
01:59:21.417 [Darkroom Processing Line] DEBUG net.serenitybdd.core.photography.DarkroomProcessingLine - Processing screenshot image in /var/screenshots/screenshot-12788497737455532589
01:59:21.417 [Darkroom Processing Line] DEBUG net.serenitybdd.core.photography.DarkroomProcessingLine - Saving screenshot to target\site\serenity\bf06f58ad8b7258d2c387cd7a445c9e2ffe850d023486b07549dd6dd7cedb807.png
01:59:21.424 [main] DEBUG net.thucydides.core.steps.StepInterceptor - STARTING STEP: OrderSteps.clickCartIcon - clickCartIcon
01:59:21.427 [Forwarding findElement on session fc112fdf8e4d1721c95775cae78a6c3c to remote] DEBUG org.asynchttpclient.netty.request.NettyRequestSender - Using pooled Channel '[id: 0xc5162119, L:/127.0.0.1:56120 - R:localhost/127.0.0.1:60340]' for 'POST' to 'http://localhost:60340/session/fc112fdf8e4d1721c95775cae78a6c3c/element'
01:59:21.427 [Forwarding findElement on session fc112fdf8e4d1721c95775cae78a6c3c to remote] DEBUG org.asynchttpclient.netty.request.NettyRequestSender - Using open Channel [id: 0xc5162119, L:/127.0.0.1:56120 - R:localhost/127.0.0.1:60340] for POST '/session/fc112fdf8e4d1721c95775cae78a6c3c/element'
01:59:21.446 [AsyncHttpClient-1-4] DEBUG org.asynchttpclient.netty.handler.HttpHandler - 

Request DefaultHttpRequest(decodeResult: success, version: HTTP/1.1)
POST /session/fc112fdf8e4d1721c95775cae78a6c3c/element HTTP/1.1
User-Agent: selenium/4.1.2 (java windows)
Content-Length: 112
Content-Type: application/json; charset=utf-8
host: localhost:60340
accept: */*

Response DefaultHttpResponse(decodeResult: success, version: HTTP/1.1)
HTTP/1.1 200 OK
Content-Type: application/json; charset=utf-8
cache-control: no-cache
content-length: 88

01:59:21.446 [AsyncHttpClient-1-4] DEBUG org.asynchttpclient.netty.channel.ChannelManager - Adding key: http://localhost:60340 for channel [id: 0xc5162119, L:/127.0.0.1:56120 - R:localhost/127.0.0.1:60340]
01:59:21.447 [Forwarding getElementTagName on session fc112fdf8e4d1721c95775cae78a6c3c to remote] DEBUG org.asynchttpclient.netty.request.NettyRequestSender - Using pooled Channel '[id: 0xc5162119, L:/127.0.0.1:56120 - R:localhost/127.0.0.1:60340]' for 'GET' to 'http://localhost:60340/session/fc112fdf8e4d1721c95775cae78a6c3c/element/6b96d13f-3381-4f45-a34e-e551887b74ed/name'
01:59:21.447 [Forwarding getElementTagName on session fc112fdf8e4d1721c95775cae78a6c3c to remote] DEBUG org.asynchttpclient.netty.request.NettyRequestSender - Using open Channel [id: 0xc5162119, L:/127.0.0.1:56120 - R:localhost/127.0.0.1:60340] for GET '/session/fc112fdf8e4d1721c95775cae78a6c3c/element/6b96d13f-3381-4f45-a34e-e551887b74ed/name'
01:59:21.451 [AsyncHttpClient-1-4] DEBUG org.asynchttpclient.netty.handler.HttpHandler - 

Request DefaultFullHttpRequest(decodeResult: success, version: HTTP/1.1, content: EmptyByteBufBE)
GET /session/fc112fdf8e4d1721c95775cae78a6c3c/element/6b96d13f-3381-4f45-a34e-e551887b74ed/name HTTP/1.1
User-Agent: selenium/4.1.2 (java windows)
Cache-Control: no-cache
Content-Type: application/json; charset=utf-8
host: localhost:60340
accept: */*

Response DefaultHttpResponse(decodeResult: success, version: HTTP/1.1)
HTTP/1.1 200 OK
Content-Type: application/json; charset=utf-8
cache-control: no-cache
content-length: 13

01:59:21.451 [AsyncHttpClient-1-4] DEBUG org.asynchttpclient.netty.channel.ChannelManager - Adding key: http://localhost:60340 for channel [id: 0xc5162119, L:/127.0.0.1:56120 - R:localhost/127.0.0.1:60340]
01:59:21.452 [Forwarding getElementTagName on session fc112fdf8e4d1721c95775cae78a6c3c to remote] DEBUG org.asynchttpclient.netty.request.NettyRequestSender - Using pooled Channel '[id: 0xc5162119, L:/127.0.0.1:56120 - R:localhost/127.0.0.1:60340]' for 'GET' to 'http://localhost:60340/session/fc112fdf8e4d1721c95775cae78a6c3c/element/6b96d13f-3381-4f45-a34e-e551887b74ed/name'
01:59:21.452 [Forwarding getElementTagName on session fc112fdf8e4d1721c95775cae78a6c3c to remote] DEBUG org.asynchttpclient.netty.request.NettyRequestSender - Using open Channel [id: 0xc5162119, L:/127.0.0.1:56120 - R:localhost/127.0.0.1:60340] for GET '/session/fc112fdf8e4d1721c95775cae78a6c3c/element/6b96d13f-3381-4f45-a34e-e551887b74ed/name'
01:59:21.455 [AsyncHttpClient-1-4] DEBUG org.asynchttpclient.netty.handler.HttpHandler - 

Request DefaultFullHttpRequest(decodeResult: success, version: HTTP/1.1, content: EmptyByteBufBE)
GET /session/fc112fdf8e4d1721c95775cae78a6c3c/element/6b96d13f-3381-4f45-a34e-e551887b74ed/name HTTP/1.1
User-Agent: selenium/4.1.2 (java windows)
Cache-Control: no-cache
Content-Type: application/json; charset=utf-8
host: localhost:60340
accept: */*

Response DefaultHttpResponse(decodeResult: success, version: HTTP/1.1)
HTTP/1.1 200 OK
Content-Type: application/json; charset=utf-8
cache-control: no-cache
content-length: 13

01:59:21.455 [AsyncHttpClient-1-4] DEBUG org.asynchttpclient.netty.channel.ChannelManager - Adding key: http://localhost:60340 for channel [id: 0xc5162119, L:/127.0.0.1:56120 - R:localhost/127.0.0.1:60340]
01:59:21.457 [Forwarding findElement on session fc112fdf8e4d1721c95775cae78a6c3c to remote] DEBUG org.asynchttpclient.netty.request.NettyRequestSender - Using pooled Channel '[id: 0xc5162119, L:/127.0.0.1:56120 - R:localhost/127.0.0.1:60340]' for 'POST' to 'http://localhost:60340/session/fc112fdf8e4d1721c95775cae78a6c3c/element'
01:59:21.457 [Forwarding findElement on session fc112fdf8e4d1721c95775cae78a6c3c to remote] DEBUG org.asynchttpclient.netty.request.NettyRequestSender - Using open Channel [id: 0xc5162119, L:/127.0.0.1:56120 - R:localhost/127.0.0.1:60340] for POST '/session/fc112fdf8e4d1721c95775cae78a6c3c/element'
01:59:21.466 [AsyncHttpClient-1-4] DEBUG org.asynchttpclient.netty.handler.HttpHandler - 

Request DefaultHttpRequest(decodeResult: success, version: HTTP/1.1)
POST /session/fc112fdf8e4d1721c95775cae78a6c3c/element HTTP/1.1
User-Agent: selenium/4.1.2 (java windows)
Content-Length: 112
Content-Type: application/json; charset=utf-8
host: localhost:60340
accept: */*

Response DefaultHttpResponse(decodeResult: success, version: HTTP/1.1)
HTTP/1.1 200 OK
Content-Type: application/json; charset=utf-8
cache-control: no-cache
content-length: 88

01:59:21.466 [AsyncHttpClient-1-4] DEBUG org.asynchttpclient.netty.channel.ChannelManager - Adding key: http://localhost:60340 for channel [id: 0xc5162119, L:/127.0.0.1:56120 - R:localhost/127.0.0.1:60340]
01:59:21.467 [Forwarding clickElement on session fc112fdf8e4d1721c95775cae78a6c3c to remote] DEBUG org.asynchttpclient.netty.request.NettyRequestSender - Using pooled Channel '[id: 0xc5162119, L:/127.0.0.1:56120 - R:localhost/127.0.0.1:60340]' for 'POST' to 'http://localhost:60340/session/fc112fdf8e4d1721c95775cae78a6c3c/element/6b96d13f-3381-4f45-a34e-e551887b74ed/click'
01:59:21.467 [Forwarding clickElement on session fc112fdf8e4d1721c95775cae78a6c3c to remote] DEBUG org.asynchttpclient.netty.request.NettyRequestSender - Using open Channel [id: 0xc5162119, L:/127.0.0.1:56120 - R:localhost/127.0.0.1:60340] for POST '/session/fc112fdf8e4d1721c95775cae78a6c3c/element/6b96d13f-3381-4f45-a34e-e551887b74ed/click'
01:59:21.514 [AsyncHttpClient-1-4] DEBUG org.asynchttpclient.netty.handler.HttpHandler - 

Request DefaultHttpRequest(decodeResult: success, version: HTTP/1.1)
POST /session/fc112fdf8e4d1721c95775cae78a6c3c/element/6b96d13f-3381-4f45-a34e-e551887b74ed/click HTTP/1.1
User-Agent: selenium/4.1.2 (java windows)
Content-Length: 50
Content-Type: application/json; charset=utf-8
host: localhost:60340
accept: */*

Response DefaultHttpResponse(decodeResult: success, version: HTTP/1.1)
HTTP/1.1 200 OK
Content-Type: application/json; charset=utf-8
cache-control: no-cache
content-length: 14

01:59:21.514 [AsyncHttpClient-1-4] DEBUG org.asynchttpclient.netty.channel.ChannelManager - Adding key: http://localhost:60340 for channel [id: 0xc5162119, L:/127.0.0.1:56120 - R:localhost/127.0.0.1:60340]
01:59:21.517 [Forwarding screenshot on session fc112fdf8e4d1721c95775cae78a6c3c to remote] DEBUG org.asynchttpclient.netty.request.NettyRequestSender - Using pooled Channel '[id: 0xc5162119, L:/127.0.0.1:56120 - R:localhost/127.0.0.1:60340]' for 'GET' to 'http://localhost:60340/session/fc112fdf8e4d1721c95775cae78a6c3c/screenshot'
01:59:21.517 [Forwarding screenshot on session fc112fdf8e4d1721c95775cae78a6c3c to remote] DEBUG org.asynchttpclient.netty.request.NettyRequestSender - Using open Channel [id: 0xc5162119, L:/127.0.0.1:56120 - R:localhost/127.0.0.1:60340] for GET '/session/fc112fdf8e4d1721c95775cae78a6c3c/screenshot'
01:59:21.662 [AsyncHttpClient-1-1] DEBUG org.asynchttpclient.netty.channel.DefaultChannelPool - Entry count for : http://localhost:56121 : 1
01:59:21.727 [AsyncHttpClient-1-4] DEBUG org.asynchttpclient.netty.handler.HttpHandler - 

Request DefaultFullHttpRequest(decodeResult: success, version: HTTP/1.1, content: EmptyByteBufBE)
GET /session/fc112fdf8e4d1721c95775cae78a6c3c/screenshot HTTP/1.1
User-Agent: selenium/4.1.2 (java windows)
Cache-Control: no-cache
Content-Type: application/json; charset=utf-8
host: localhost:60340
accept: */*

Response DefaultHttpResponse(decodeResult: success, version: HTTP/1.1)
HTTP/1.1 200 OK
Content-Type: application/json; charset=utf-8
cache-control: no-cache
content-length: 44012

01:59:21.727 [AsyncHttpClient-1-4] DEBUG org.asynchttpclient.netty.channel.ChannelManager - Adding key: http://localhost:60340 for channel [id: 0xc5162119, L:/127.0.0.1:56120 - R:localhost/127.0.0.1:60340]
01:59:21.729 [main] DEBUG net.serenitybdd.core.photography.Darkroom - Send negative for processing for target\site\serenity\3586703ff4c77644ea54a0ded547c843af4f40233196f4dc4fc9f19f3949ba55.png
01:59:21.729 [main] DEBUG net.thucydides.core.steps.StepInterceptor - STEP DONE: clickCartIcon
  &amp#27;[32mAnd &amp#27;[0m&amp#27;[32mI click on Cart button&amp#27;[0m              &amp#27;[90m# starter.stepdefinitions.OrderSteps.clickCartIcon()&amp#27;[0m
01:59:21.729 [Darkroom Processing Line] DEBUG net.serenitybdd.core.photography.DarkroomProcessingLine - Processing screenshot image in /var/screenshots/screenshot-2698971305422442453
01:59:21.729 [Darkroom Processing Line] DEBUG net.serenitybdd.core.photography.DarkroomProcessingLine - Saving screenshot to target\site\serenity\3586703ff4c77644ea54a0ded547c843af4f40233196f4dc4fc9f19f3949ba55.png
01:59:21.746 [main] DEBUG net.thucydides.core.steps.StepInterceptor - STARTING STEP: OrderSteps.clickBayarButton - clickBayarButton
01:59:21.749 [Forwarding findElement on session fc112fdf8e4d1721c95775cae78a6c3c to remote] DEBUG org.asynchttpclient.netty.request.NettyRequestSender - Using pooled Channel '[id: 0xc5162119, L:/127.0.0.1:56120 - R:localhost/127.0.0.1:60340]' for 'POST' to 'http://localhost:60340/session/fc112fdf8e4d1721c95775cae78a6c3c/element'
01:59:21.749 [Forwarding findElement on session fc112fdf8e4d1721c95775cae78a6c3c to remote] DEBUG org.asynchttpclient.netty.request.NettyRequestSender - Using open Channel [id: 0xc5162119, L:/127.0.0.1:56120 - R:localhost/127.0.0.1:60340] for POST '/session/fc112fdf8e4d1721c95775cae78a6c3c/element'
01:59:21.760 [AsyncHttpClient-1-4] DEBUG org.asynchttpclient.netty.handler.HttpHandler - 

Request DefaultHttpRequest(decodeResult: success, version: HTTP/1.1)
POST /session/fc112fdf8e4d1721c95775cae78a6c3c/element HTTP/1.1
User-Agent: selenium/4.1.2 (java windows)
Content-Length: 134
Content-Type: application/json; charset=utf-8
host: localhost:60340
accept: */*

Response DefaultHttpResponse(decodeResult: success, version: HTTP/1.1)
HTTP/1.1 200 OK
Content-Type: application/json; charset=utf-8
cache-control: no-cache
content-length: 88

01:59:21.760 [AsyncHttpClient-1-4] DEBUG org.asynchttpclient.netty.channel.ChannelManager - Adding key: http://localhost:60340 for channel [id: 0xc5162119, L:/127.0.0.1:56120 - R:localhost/127.0.0.1:60340]
01:59:21.760 [Forwarding getElementTagName on session fc112fdf8e4d1721c95775cae78a6c3c to remote] DEBUG org.asynchttpclient.netty.request.NettyRequestSender - Using pooled Channel '[id: 0xc5162119, L:/127.0.0.1:56120 - R:localhost/127.0.0.1:60340]' for 'GET' to 'http://localhost:60340/session/fc112fdf8e4d1721c95775cae78a6c3c/element/69465491-fceb-49a5-b1de-62925c1bf9f3/name'
01:59:21.761 [Forwarding getElementTagName on session fc112fdf8e4d1721c95775cae78a6c3c to remote] DEBUG org.asynchttpclient.netty.request.NettyRequestSender - Using open Channel [id: 0xc5162119, L:/127.0.0.1:56120 - R:localhost/127.0.0.1:60340] for GET '/session/fc112fdf8e4d1721c95775cae78a6c3c/element/69465491-fceb-49a5-b1de-62925c1bf9f3/name'
01:59:21.765 [AsyncHttpClient-1-4] DEBUG org.asynchttpclient.netty.handler.HttpHandler - 

Request DefaultFullHttpRequest(decodeResult: success, version: HTTP/1.1, content: EmptyByteBufBE)
GET /session/fc112fdf8e4d1721c95775cae78a6c3c/element/69465491-fceb-49a5-b1de-62925c1bf9f3/name HTTP/1.1
User-Agent: selenium/4.1.2 (java windows)
Cache-Control: no-cache
Content-Type: application/json; charset=utf-8
host: localhost:60340
accept: */*

Response DefaultHttpResponse(decodeResult: success, version: HTTP/1.1)
HTTP/1.1 200 OK
Content-Type: application/json; charset=utf-8
cache-control: no-cache
content-length: 18

01:59:21.765 [AsyncHttpClient-1-4] DEBUG org.asynchttpclient.netty.channel.ChannelManager - Adding key: http://localhost:60340 for channel [id: 0xc5162119, L:/127.0.0.1:56120 - R:localhost/127.0.0.1:60340]
01:59:21.767 [Forwarding getElementTagName on session fc112fdf8e4d1721c95775cae78a6c3c to remote] DEBUG org.asynchttpclient.netty.request.NettyRequestSender - Using pooled Channel '[id: 0xc5162119, L:/127.0.0.1:56120 - R:localhost/127.0.0.1:60340]' for 'GET' to 'http://localhost:60340/session/fc112fdf8e4d1721c95775cae78a6c3c/element/69465491-fceb-49a5-b1de-62925c1bf9f3/name'
01:59:21.767 [Forwarding getElementTagName on session fc112fdf8e4d1721c95775cae78a6c3c to remote] DEBUG org.asynchttpclient.netty.request.NettyRequestSender - Using open Channel [id: 0xc5162119, L:/127.0.0.1:56120 - R:localhost/127.0.0.1:60340] for GET '/session/fc112fdf8e4d1721c95775cae78a6c3c/element/69465491-fceb-49a5-b1de-62925c1bf9f3/name'
01:59:21.771 [AsyncHttpClient-1-4] DEBUG org.asynchttpclient.netty.handler.HttpHandler - 

Request DefaultFullHttpRequest(decodeResult: success, version: HTTP/1.1, content: EmptyByteBufBE)
GET /session/fc112fdf8e4d1721c95775cae78a6c3c/element/69465491-fceb-49a5-b1de-62925c1bf9f3/name HTTP/1.1
User-Agent: selenium/4.1.2 (java windows)
Cache-Control: no-cache
Content-Type: application/json; charset=utf-8
host: localhost:60340
accept: */*

Response DefaultHttpResponse(decodeResult: success, version: HTTP/1.1)
HTTP/1.1 200 OK
Content-Type: application/json; charset=utf-8
cache-control: no-cache
content-length: 18

01:59:21.771 [AsyncHttpClient-1-4] DEBUG org.asynchttpclient.netty.channel.ChannelManager - Adding key: http://localhost:60340 for channel [id: 0xc5162119, L:/127.0.0.1:56120 - R:localhost/127.0.0.1:60340]
01:59:21.772 [Forwarding isElementEnabled on session fc112fdf8e4d1721c95775cae78a6c3c to remote] DEBUG org.asynchttpclient.netty.request.NettyRequestSender - Using pooled Channel '[id: 0xc5162119, L:/127.0.0.1:56120 - R:localhost/127.0.0.1:60340]' for 'GET' to 'http://localhost:60340/session/fc112fdf8e4d1721c95775cae78a6c3c/element/69465491-fceb-49a5-b1de-62925c1bf9f3/enabled'
01:59:21.772 [Forwarding isElementEnabled on session fc112fdf8e4d1721c95775cae78a6c3c to remote] DEBUG org.asynchttpclient.netty.request.NettyRequestSender - Using open Channel [id: 0xc5162119, L:/127.0.0.1:56120 - R:localhost/127.0.0.1:60340] for GET '/session/fc112fdf8e4d1721c95775cae78a6c3c/element/69465491-fceb-49a5-b1de-62925c1bf9f3/enabled'
01:59:21.779 [AsyncHttpClient-1-4] DEBUG org.asynchttpclient.netty.handler.HttpHandler - 

Request DefaultFullHttpRequest(decodeResult: success, version: HTTP/1.1, content: EmptyByteBufBE)
GET /session/fc112fdf8e4d1721c95775cae78a6c3c/element/69465491-fceb-49a5-b1de-62925c1bf9f3/enabled HTTP/1.1
User-Agent: selenium/4.1.2 (java windows)
Cache-Control: no-cache
Content-Type: application/json; charset=utf-8
host: localhost:60340
accept: */*

Response DefaultHttpResponse(decodeResult: success, version: HTTP/1.1)
HTTP/1.1 200 OK
Content-Type: application/json; charset=utf-8
cache-control: no-cache
content-length: 14

01:59:21.779 [AsyncHttpClient-1-4] DEBUG org.asynchttpclient.netty.channel.ChannelManager - Adding key: http://localhost:60340 for channel [id: 0xc5162119, L:/127.0.0.1:56120 - R:localhost/127.0.0.1:60340]
01:59:21.781 [Forwarding isElementEnabled on session fc112fdf8e4d1721c95775cae78a6c3c to remote] DEBUG org.asynchttpclient.netty.request.NettyRequestSender - Using pooled Channel '[id: 0xc5162119, L:/127.0.0.1:56120 - R:localhost/127.0.0.1:60340]' for 'GET' to 'http://localhost:60340/session/fc112fdf8e4d1721c95775cae78a6c3c/element/69465491-fceb-49a5-b1de-62925c1bf9f3/enabled'
01:59:21.781 [Forwarding isElementEnabled on session fc112fdf8e4d1721c95775cae78a6c3c to remote] DEBUG org.asynchttpclient.netty.request.NettyRequestSender - Using open Channel [id: 0xc5162119, L:/127.0.0.1:56120 - R:localhost/127.0.0.1:60340] for GET '/session/fc112fdf8e4d1721c95775cae78a6c3c/element/69465491-fceb-49a5-b1de-62925c1bf9f3/enabled'
01:59:21.787 [AsyncHttpClient-1-4] DEBUG org.asynchttpclient.netty.handler.HttpHandler - 

Request DefaultFullHttpRequest(decodeResult: success, version: HTTP/1.1, content: EmptyByteBufBE)
GET /session/fc112fdf8e4d1721c95775cae78a6c3c/element/69465491-fceb-49a5-b1de-62925c1bf9f3/enabled HTTP/1.1
User-Agent: selenium/4.1.2 (java windows)
Cache-Control: no-cache
Content-Type: application/json; charset=utf-8
host: localhost:60340
accept: */*

Response DefaultHttpResponse(decodeResult: success, version: HTTP/1.1)
HTTP/1.1 200 OK
Content-Type: application/json; charset=utf-8
cache-control: no-cache
content-length: 14

01:59:21.787 [AsyncHttpClient-1-4] DEBUG org.asynchttpclient.netty.channel.ChannelManager - Adding key: http://localhost:60340 for channel [id: 0xc5162119, L:/127.0.0.1:56120 - R:localhost/127.0.0.1:60340]
01:59:21.788 [Forwarding findElement on session fc112fdf8e4d1721c95775cae78a6c3c to remote] DEBUG org.asynchttpclient.netty.request.NettyRequestSender - Using pooled Channel '[id: 0xc5162119, L:/127.0.0.1:56120 - R:localhost/127.0.0.1:60340]' for 'POST' to 'http://localhost:60340/session/fc112fdf8e4d1721c95775cae78a6c3c/element'
01:59:21.788 [Forwarding findElement on session fc112fdf8e4d1721c95775cae78a6c3c to remote] DEBUG org.asynchttpclient.netty.request.NettyRequestSender - Using open Channel [id: 0xc5162119, L:/127.0.0.1:56120 - R:localhost/127.0.0.1:60340] for POST '/session/fc112fdf8e4d1721c95775cae78a6c3c/element'
01:59:21.794 [AsyncHttpClient-1-4] DEBUG org.asynchttpclient.netty.handler.HttpHandler - 

Request DefaultHttpRequest(decodeResult: success, version: HTTP/1.1)
POST /session/fc112fdf8e4d1721c95775cae78a6c3c/element HTTP/1.1
User-Agent: selenium/4.1.2 (java windows)
Content-Length: 134
Content-Type: application/json; charset=utf-8
host: localhost:60340
accept: */*

Response DefaultHttpResponse(decodeResult: success, version: HTTP/1.1)
HTTP/1.1 200 OK
Content-Type: application/json; charset=utf-8
cache-control: no-cache
content-length: 88

01:59:21.794 [AsyncHttpClient-1-4] DEBUG org.asynchttpclient.netty.channel.ChannelManager - Adding key: http://localhost:60340 for channel [id: 0xc5162119, L:/127.0.0.1:56120 - R:localhost/127.0.0.1:60340]
01:59:21.795 [Forwarding clickElement on session fc112fdf8e4d1721c95775cae78a6c3c to remote] DEBUG org.asynchttpclient.netty.request.NettyRequestSender - Using pooled Channel '[id: 0xc5162119, L:/127.0.0.1:56120 - R:localhost/127.0.0.1:60340]' for 'POST' to 'http://localhost:60340/session/fc112fdf8e4d1721c95775cae78a6c3c/element/69465491-fceb-49a5-b1de-62925c1bf9f3/click'
01:59:21.795 [Forwarding clickElement on session fc112fdf8e4d1721c95775cae78a6c3c to remote] DEBUG org.asynchttpclient.netty.request.NettyRequestSender - Using open Channel [id: 0xc5162119, L:/127.0.0.1:56120 - R:localhost/127.0.0.1:60340] for POST '/session/fc112fdf8e4d1721c95775cae78a6c3c/element/69465491-fceb-49a5-b1de-62925c1bf9f3/click'
01:59:21.817 [AsyncHttpClient-1-4] DEBUG org.asynchttpclient.netty.handler.HttpHandler - 

Request DefaultHttpRequest(decodeResult: success, version: HTTP/1.1)
POST /session/fc112fdf8e4d1721c95775cae78a6c3c/element/69465491-fceb-49a5-b1de-62925c1bf9f3/click HTTP/1.1
User-Agent: selenium/4.1.2 (java windows)
Content-Length: 50
Content-Type: application/json; charset=utf-8
host: localhost:60340
accept: */*

Response DefaultHttpResponse(decodeResult: success, version: HTTP/1.1)
HTTP/1.1 200 OK
Content-Type: application/json; charset=utf-8
cache-control: no-cache
content-length: 14

01:59:21.818 [AsyncHttpClient-1-4] DEBUG org.asynchttpclient.netty.channel.ChannelManager - Adding key: http://localhost:60340 for channel [id: 0xc5162119, L:/127.0.0.1:56120 - R:localhost/127.0.0.1:60340]
01:59:21.822 [Forwarding screenshot on session fc112fdf8e4d1721c95775cae78a6c3c to remote] DEBUG org.asynchttpclient.netty.request.NettyRequestSender - Using pooled Channel '[id: 0xc5162119, L:/127.0.0.1:56120 - R:localhost/127.0.0.1:60340]' for 'GET' to 'http://localhost:60340/session/fc112fdf8e4d1721c95775cae78a6c3c/screenshot'
01:59:21.822 [Forwarding screenshot on session fc112fdf8e4d1721c95775cae78a6c3c to remote] DEBUG org.asynchttpclient.netty.request.NettyRequestSender - Using open Channel [id: 0xc5162119, L:/127.0.0.1:56120 - R:localhost/127.0.0.1:60340] for GET '/session/fc112fdf8e4d1721c95775cae78a6c3c/screenshot'
01:59:22.014 [AsyncHttpClient-1-4] DEBUG org.asynchttpclient.netty.handler.HttpHandler - 

Request DefaultFullHttpRequest(decodeResult: success, version: HTTP/1.1, content: EmptyByteBufBE)
GET /session/fc112fdf8e4d1721c95775cae78a6c3c/screenshot HTTP/1.1
User-Agent: selenium/4.1.2 (java windows)
Cache-Control: no-cache
Content-Type: application/json; charset=utf-8
host: localhost:60340
accept: */*

Response DefaultHttpResponse(decodeResult: success, version: HTTP/1.1)
HTTP/1.1 200 OK
Content-Type: application/json; charset=utf-8
cache-control: no-cache
content-length: 38896

01:59:22.015 [AsyncHttpClient-1-4] DEBUG org.asynchttpclient.netty.channel.ChannelManager - Adding key: http://localhost:60340 for channel [id: 0xc5162119, L:/127.0.0.1:56120 - R:localhost/127.0.0.1:60340]
01:59:22.016 [main] DEBUG net.serenitybdd.core.photography.Darkroom - Send negative for processing for target\site\serenity\ce8dd9e4b5cabd3f9af03fd43c978f22c8990b9af66e7d9e8c3317f0d6b882c3.png
01:59:22.016 [main] DEBUG net.thucydides.core.steps.StepInterceptor - STEP DONE: clickBayarButton
  &amp#27;[32mAnd &amp#27;[0m&amp#27;[32mI click on Bayar button&amp#27;[0m             &amp#27;[90m# starter.stepdefinitions.OrderSteps.clickBayarButton()&amp#27;[0m
01:59:22.016 [Darkroom Processing Line] DEBUG net.serenitybdd.core.photography.DarkroomProcessingLine - Processing screenshot image in /var/screenshots/screenshot-4778552554971630269
01:59:22.016 [Darkroom Processing Line] DEBUG net.serenitybdd.core.photography.DarkroomProcessingLine - Saving screenshot to target\site\serenity\ce8dd9e4b5cabd3f9af03fd43c978f22c8990b9af66e7d9e8c3317f0d6b882c3.png
01:59:22.028 [main] DEBUG net.thucydides.core.steps.StepInterceptor - STARTING STEP: OrderSteps.onTransactionPage - validateOnTransactionPage
01:59:22.029 [Forwarding findElement on session fc112fdf8e4d1721c95775cae78a6c3c to remote] DEBUG org.asynchttpclient.netty.request.NettyRequestSender - Using pooled Channel '[id: 0xc5162119, L:/127.0.0.1:56120 - R:localhost/127.0.0.1:60340]' for 'POST' to 'http://localhost:60340/session/fc112fdf8e4d1721c95775cae78a6c3c/element'
01:59:22.029 [Forwarding findElement on session fc112fdf8e4d1721c95775cae78a6c3c to remote] DEBUG org.asynchttpclient.netty.request.NettyRequestSender - Using open Channel [id: 0xc5162119, L:/127.0.0.1:56120 - R:localhost/127.0.0.1:60340] for POST '/session/fc112fdf8e4d1721c95775cae78a6c3c/element'
01:59:22.037 [AsyncHttpClient-1-4] DEBUG org.asynchttpclient.netty.handler.HttpHandler - 

Request DefaultHttpRequest(decodeResult: success, version: HTTP/1.1)
POST /session/fc112fdf8e4d1721c95775cae78a6c3c/element HTTP/1.1
User-Agent: selenium/4.1.2 (java windows)
Content-Length: 108
Content-Type: application/json; charset=utf-8
host: localhost:60340
accept: */*

Response DefaultHttpResponse(decodeResult: success, version: HTTP/1.1)
HTTP/1.1 200 OK
Content-Type: application/json; charset=utf-8
cache-control: no-cache
content-length: 88

01:59:22.037 [AsyncHttpClient-1-4] DEBUG org.asynchttpclient.netty.channel.ChannelManager - Adding key: http://localhost:60340 for channel [id: 0xc5162119, L:/127.0.0.1:56120 - R:localhost/127.0.0.1:60340]
01:59:22.039 [Forwarding isElementDisplayed on session fc112fdf8e4d1721c95775cae78a6c3c to remote] DEBUG org.asynchttpclient.netty.request.NettyRequestSender - Using pooled Channel '[id: 0xc5162119, L:/127.0.0.1:56120 - R:localhost/127.0.0.1:60340]' for 'POST' to 'http://localhost:60340/session/fc112fdf8e4d1721c95775cae78a6c3c/execute/sync'
01:59:22.039 [Forwarding isElementDisplayed on session fc112fdf8e4d1721c95775cae78a6c3c to remote] DEBUG org.asynchttpclient.netty.request.NettyRequestSender - Using open Channel [id: 0xc5162119, L:/127.0.0.1:56120 - R:localhost/127.0.0.1:60340] for POST '/session/fc112fdf8e4d1721c95775cae78a6c3c/execute/sync'
01:59:22.045 [AsyncHttpClient-1-4] DEBUG org.asynchttpclient.netty.handler.HttpHandler - 

Request DefaultHttpRequest(decodeResult: success, version: HTTP/1.1)
POST /session/fc112fdf8e4d1721c95775cae78a6c3c/execute/sync HTTP/1.1
User-Agent: selenium/4.1.2 (java windows)
Content-Length: 48780
Content-Type: application/json; charset=utf-8
host: localhost:60340
accept: */*

Response DefaultHttpResponse(decodeResult: success, version: HTTP/1.1)
HTTP/1.1 200 OK
Content-Type: application/json; charset=utf-8
cache-control: no-cache
content-length: 14

01:59:22.045 [AsyncHttpClient-1-4] DEBUG org.asynchttpclient.netty.channel.ChannelManager - Adding key: http://localhost:60340 for channel [id: 0xc5162119, L:/127.0.0.1:56120 - R:localhost/127.0.0.1:60340]
01:59:22.047 [main] DEBUG net.thucydides.core.steps.StepInterceptor - STEP DONE: validateOnTransactionPage
  &amp#27;[32mThen &amp#27;[0m&amp#27;[32mI am on the Transaction page&amp#27;[0m       &amp#27;[90m# starter.stepdefinitions.OrderSteps.onTransactionPage()&amp#27;[0m
01:59:22.049 [main] INFO  - 
  _____   ___   ___   _____     ___     _     ___   ___   ___   ___  
 |_   _| | __| / __| |_   _|   | _ \   /_\   / __| / __| | __| |   \ 
   | |   | _|  \__ \   | |     |  _/  / _ \  \__ \ \__ \ | _|  | |) |
   |_|   |___| |___/   |_|     |_|   /_/ \_\ |___/ |___/ |___| |___/ 

Order normally
----------------------------------------------------------------------
01:59:22.051 [AsyncHttpClient-1-6] DEBUG org.asynchttpclient.netty.handler.WebSocketHandler - Channel Closed: [id: 0xb09a9ac7, L:/127.0.0.1:56128 ! R:localhost/127.0.0.1:56121] with attribute NettyResponseFuture{currentRetry=5,
	isDone=1,
	isCancelled=0,
	asyncHandler=org.asynchttpclient.ws.WebSocketUpgradeHandler@4a7fe7c7,
	nettyRequest=org.asynchttpclient.netty.request.NettyRequest@64b5c4a4,
	future=java.util.concurrent.CompletableFuture@328a2982[Completed normally],
	uri=ws://localhost:56121/devtools/browser/affe84fc-0aa6-44aa-9456-1def2e5692cd,
	keepAlive=true,
	redirectCount=0,
	timeoutsHolder=null,
	inAuth=0,
	touch=1652554757474}
01:59:22.051 [AsyncHttpClient-1-6] DEBUG org.asynchttpclient.netty.channel.ChannelManager - Closing Channel [id: 0xb09a9ac7, L:/127.0.0.1:56128 ! R:localhost/127.0.0.1:56121] 
01:59:22.051 [Driver Command Executor] DEBUG org.asynchttpclient.netty.request.NettyRequestSender - Using pooled Channel '[id: 0xc5162119, L:/127.0.0.1:56120 - R:localhost/127.0.0.1:60340]' for 'DELETE' to 'http://localhost:60340/session/fc112fdf8e4d1721c95775cae78a6c3c'
01:59:22.051 [Driver Command Executor] DEBUG org.asynchttpclient.netty.request.NettyRequestSender - Using open Channel [id: 0xc5162119, L:/127.0.0.1:56120 - R:localhost/127.0.0.1:60340] for DELETE '/session/fc112fdf8e4d1721c95775cae78a6c3c'
01:59:22.089 [AsyncHttpClient-1-5] DEBUG org.asynchttpclient.netty.handler.HttpHandler - Unexpected I/O exception on channel [id: 0xbea6e9cc, L:/127.0.0.1:56127 - R:localhost/127.0.0.1:56121]
java.io.IOException: An existing connection was forcibly closed by the remote host
	at java.base/sun.nio.ch.SocketDispatcher.read0(Native Method)
	at java.base/sun.nio.ch.SocketDispatcher.read(SocketDispatcher.java:43)
	at java.base/sun.nio.ch.IOUtil.readIntoNativeBuffer(IOUtil.java:276)
	at java.base/sun.nio.ch.IOUtil.read(IOUtil.java:233)
	at java.base/sun.nio.ch.IOUtil.read(IOUtil.java:223)
	at java.base/sun.nio.ch.SocketChannelImpl.read(SocketChannelImpl.java:358)
	at io.netty.buffer.PooledByteBuf.setBytes(PooledByteBuf.java:258)
	at io.netty.buffer.AbstractByteBuf.writeBytes(AbstractByteBuf.java:1132)
	at io.netty.channel.socket.nio.NioSocketChannel.doReadBytes(NioSocketChannel.java:350)
	at io.netty.channel.nio.AbstractNioByteChannel$NioByteUnsafe.read(AbstractNioByteChannel.java:151)
	at io.netty.channel.nio.NioEventLoop.processSelectedKey(NioEventLoop.java:722)
	at io.netty.channel.nio.NioEventLoop.processSelectedKeysOptimized(NioEventLoop.java:658)
	at io.netty.channel.nio.NioEventLoop.processSelectedKeys(NioEventLoop.java:584)
	at io.netty.channel.nio.NioEventLoop.run(NioEventLoop.java:496)
	at io.netty.util.concurrent.SingleThreadEventExecutor$4.run(SingleThreadEventExecutor.java:986)
	at io.netty.util.internal.ThreadExecutorMap$2.run(ThreadExecutorMap.java:74)
	at io.netty.util.concurrent.FastThreadLocalRunnable.run(FastThreadLocalRunnable.java:30)
	at java.base/java.lang.Thread.run(Thread.java:834)
01:59:22.089 [AsyncHttpClient-1-5] DEBUG org.asynchttpclient.netty.channel.ChannelManager - Closing Channel [id: 0xbea6e9cc, L:/127.0.0.1:56127 - R:localhost/127.0.0.1:56121] 
01:59:22.089 [AsyncHttpClient-1-5] DEBUG org.asynchttpclient.netty.handler.HttpHandler - Channel Closed: [id: 0xbea6e9cc, L:/127.0.0.1:56127 ! R:localhost/127.0.0.1:56121] with attribute DISCARD
01:59:22.103 [AsyncHttpClient-1-4] DEBUG org.asynchttpclient.netty.handler.HttpHandler - 

Request DefaultFullHttpRequest(decodeResult: success, version: HTTP/1.1, content: EmptyByteBufBE)
DELETE /session/fc112fdf8e4d1721c95775cae78a6c3c HTTP/1.1
User-Agent: selenium/4.1.2 (java windows)
Content-Type: application/json; charset=utf-8
host: localhost:60340
accept: */*

Response DefaultHttpResponse(decodeResult: success, version: HTTP/1.1)
HTTP/1.1 200 OK
Content-Type: application/json; charset=utf-8
cache-control: no-cache
content-length: 14

01:59:22.103 [AsyncHttpClient-1-4] DEBUG org.asynchttpclient.netty.channel.ChannelManager - Adding key: http://localhost:60340 for channel [id: 0xc5162119, L:/127.0.0.1:56120 - R:localhost/127.0.0.1:60340]
01:59:22.155 [AsyncHttpClient-1-4] DEBUG org.asynchttpclient.netty.handler.HttpHandler - Channel Closed: [id: 0xc5162119, L:/127.0.0.1:56120 ! R:localhost/127.0.0.1:60340] with attribute DISCARD
]]></system-out>
    <system-err><![CDATA[Starting ChromeDriver 101.0.4951.41 (93c720db8323b3ec10d056025ab95c23a31997c9-refs/branch-heads/4951@{#904}) on port 60340
Only local connections are allowed.
Please see https://chromedriver.chromium.org/security-considerations for suggestions on keeping ChromeDriver safe.
ChromeDriver was started successfully.
May 15, 2022 1:59:17 AM org.openqa.selenium.remote.ProtocolHandshake createSession
INFO: Detected dialect: W3C
May 15, 2022 1:59:17 AM org.openqa.selenium.devtools.CdpVersionFinder findNearestMatch
WARNING: Unable to find an exact match for CDP version 101, so returning the closest version found: 97
May 15, 2022 1:59:17 AM org.openqa.selenium.devtools.CdpVersionFinder findNearestMatch
INFO: Found CDP implementation for version 101 of 97
]]></system-err>
  </testcase>
  <testcase name="Order and reduce the product quantity" classname="Order" time="6.653">
    <system-out><![CDATA[
Scenario: Order and reduce the product quantity &amp#27;[90m# src/test/resources/features/Order.feature:21&amp#27;[0m
01:59:22.671 [main] INFO io.cucumber.core.plugin.SerenityReporter - Running feature from file:///D:/Intern/MSIB%20Alterra/alterra-mini-project/Serenity%20UI%20Test/src/test/resources/features/Order.feature
01:59:22.672 [main] INFO  - 
  _____   ___   ___   _____     ___   _____     _     ___   _____   ___   ___  
 |_   _| | __| / __| |_   _|   / __| |_   _|   /_\   | _ \ |_   _| | __| |   \ 
   | |   | _|  \__ \   | |     \__ \   | |    / _ \  |   /   | |   | _|  | |) |
   |_|   |___| |___/   |_|     |___/   |_|   /_/ \_\ |_|_\   |_|   |___| |___/ 

Order and reduce the product quantity(order;order-and-reduce-the-product-quantity)
--------------------------------------------------------------------------------
01:59:22.686 [main] DEBUG net.thucydides.core.steps.StepInterceptor - STARTING STEP: OrderSteps.onLoginPage - loginPage
01:59:22.686 [main] INFO net.serenitybdd.core.webdriver.driverproviders.ChromeDriverProvider - Using automatically driver download
01:59:22.751 [main] DEBUG io.github.bonigarcia.wdm.cache.ResolutionCache - Resolution chrome=101 in cache (valid until 02:58:38 15/05/2022 ICT)
01:59:22.753 [main] DEBUG io.github.bonigarcia.wdm.cache.ResolutionCache - Resolution chrome101=101.0.4951.41 in cache (valid until 14:15:13 15/05/2022 ICT)
01:59:22.754 [main] INFO io.github.bonigarcia.wdm.WebDriverManager - Using chromedriver 101.0.4951.41 (resolved driver for Chrome 101)
01:59:22.758 [main] DEBUG io.github.bonigarcia.wdm.WebDriverManager - Driver chromedriver 101.0.4951.41 found in cache
01:59:22.758 [main] INFO io.github.bonigarcia.wdm.WebDriverManager - Exporting webdriver.chrome.driver as C:\Users\saral\.cache\selenium\chromedriver\win32\101.0.4951.41\chromedriver.exe
01:59:22.762 [AsyncHttpClient-1-1] DEBUG org.asynchttpclient.netty.channel.DefaultChannelPool - Entry count for : http://localhost:60340 : 1
01:59:22.762 [AsyncHttpClient-1-1] DEBUG org.asynchttpclient.netty.channel.DefaultChannelPool - Entry count for : http://localhost:56121 : 1
01:59:22.762 [AsyncHttpClient-1-1] DEBUG org.asynchttpclient.netty.channel.DefaultChannelPool - Adding Candidate expired Channel [id: 0xc5162119, L:/127.0.0.1:56120 ! R:localhost/127.0.0.1:60340] isIdleTimeoutExpired=false isRemotelyClosed=true isTtlExpired=false
01:59:22.762 [AsyncHttpClient-1-1] DEBUG org.asynchttpclient.netty.channel.DefaultChannelPool - Closing Idle Channel [id: 0xc5162119, L:/127.0.0.1:56120 ! R:localhost/127.0.0.1:60340]
01:59:22.762 [AsyncHttpClient-1-1] DEBUG org.asynchttpclient.netty.channel.DefaultChannelPool - Adding Candidate expired Channel [id: 0xbea6e9cc, L:/127.0.0.1:56127 ! R:localhost/127.0.0.1:56121] isIdleTimeoutExpired=false isRemotelyClosed=true isTtlExpired=false
01:59:22.762 [AsyncHttpClient-1-1] DEBUG org.asynchttpclient.netty.channel.DefaultChannelPool - Closing Idle Channel [id: 0xbea6e9cc, L:/127.0.0.1:56127 ! R:localhost/127.0.0.1:56121]
01:59:22.762 [AsyncHttpClient-1-1] DEBUG org.asynchttpclient.netty.channel.DefaultChannelPool - Closed 2 connections out of 2 in 0 ms
01:59:22.821 [main] DEBUG net.serenitybdd.core.webdriver.driverproviders.ProvideNewDriver - Instantiating driver
01:59:22.821 [main] DEBUG net.serenitybdd.core.webdriver.driverproviders.ProvideNewDriver - Driver capabilities: Capabilities {acceptInsecureCerts: false, base.url: https://qa.alta.id/, browserName: chrome, chrome.driver: src/main/resources/webdrive..., driver: chrome, goog:chromeOptions: {args: [], extensions: []}}
01:59:23.356 [AsyncHttpClient-1-7] DEBUG org.asynchttpclient.netty.channel.NettyConnectListener - Using new Channel '[id: 0xf3605471, L:/127.0.0.1:56156 - R:localhost/127.0.0.1:50638]' for 'POST' to '/session'
01:59:23.902 [AsyncHttpClient-1-7] DEBUG org.asynchttpclient.netty.handler.HttpHandler - 

Request DefaultHttpRequest(decodeResult: success, version: HTTP/1.1)
POST /session HTTP/1.1
User-Agent: selenium/4.1.2 (java windows)
Content-Length: 605
Content-Type: application/json; charset=utf-8
host: localhost:50638
accept: */*

Response DefaultHttpResponse(decodeResult: success, version: HTTP/1.1)
HTTP/1.1 200 OK
Content-Type: application/json; charset=utf-8
cache-control: no-cache
content-length: 788

01:59:23.902 [AsyncHttpClient-1-7] DEBUG org.asynchttpclient.netty.channel.ChannelManager - Adding key: http://localhost:50638 for channel [id: 0xf3605471, L:/127.0.0.1:56156 - R:localhost/127.0.0.1:50638]
01:59:23.906 [AsyncHttpClient-1-8] DEBUG org.asynchttpclient.netty.channel.NettyConnectListener - Using new Channel '[id: 0x024c2c27, L:/127.0.0.1:56163 - R:localhost/127.0.0.1:56157]' for 'GET' to '/json/version'
01:59:23.906 [AsyncHttpClient-1-8] DEBUG org.asynchttpclient.netty.handler.HttpHandler - 

Request DefaultFullHttpRequest(decodeResult: success, version: HTTP/1.1, content: EmptyByteBufBE)
GET /json/version HTTP/1.1
User-Agent: selenium/4.1.2 (java windows)
host: localhost:56157
accept: */*

Response DefaultHttpResponse(decodeResult: success, version: HTTP/1.1)
HTTP/1.1 200 OK
Content-Type: application/json; charset=UTF-8
content-length: 427

01:59:23.906 [AsyncHttpClient-1-8] DEBUG org.asynchttpclient.netty.channel.ChannelManager - Adding key: http://localhost:56157 for channel [id: 0x024c2c27, L:/127.0.0.1:56163 - R:localhost/127.0.0.1:56157]
01:59:23.908 [AsyncHttpClient-1-9] DEBUG org.asynchttpclient.netty.channel.NettyConnectListener - Using new Channel '[id: 0x977e68ce, L:/127.0.0.1:56164 - R:localhost/127.0.0.1:56157]' for 'GET' to '/devtools/browser/bdb56ef0-0dd0-4907-9c82-1c0efd213f03'
01:59:23.908 [AsyncHttpClient-1-9] DEBUG org.asynchttpclient.netty.handler.WebSocketHandler - 

Request DefaultFullHttpRequest(decodeResult: success, version: HTTP/1.1, content: EmptyByteBufBE)
GET /devtools/browser/bdb56ef0-0dd0-4907-9c82-1c0efd213f03 HTTP/1.1
upgrade: websocket
connection: upgrade
sec-websocket-key: Uf9URWDA3I/Lo9r4nlwbfA==
sec-websocket-version: 13
origin: http://localhost:56157
host: localhost:56157
accept: */*
user-agent: AHC/2.1

Response DefaultHttpResponse(decodeResult: success, version: HTTP/1.1)
HTTP/1.1 101 WebSocket Protocol Handshake
Upgrade: WebSocket
Connection: Upgrade
Sec-WebSocket-Accept: Fu7GLj8fq9jIoieGlXF4Fv0LTwY=

01:59:23.911 [Forwarding get on session 23e3304affe5f1f90f1a1d129218c02b to remote] DEBUG org.asynchttpclient.netty.request.NettyRequestSender - Using pooled Channel '[id: 0xf3605471, L:/127.0.0.1:56156 - R:localhost/127.0.0.1:50638]' for 'POST' to 'http://localhost:50638/session/23e3304affe5f1f90f1a1d129218c02b/url'
01:59:23.911 [Forwarding get on session 23e3304affe5f1f90f1a1d129218c02b to remote] DEBUG org.asynchttpclient.netty.request.NettyRequestSender - Using open Channel [id: 0xf3605471, L:/127.0.0.1:56156 - R:localhost/127.0.0.1:50638] for POST '/session/23e3304affe5f1f90f1a1d129218c02b/url'
01:59:24.961 [AsyncHttpClient-1-1] DEBUG org.asynchttpclient.netty.channel.DefaultChannelPool - Entry count for : http://localhost:56157 : 1
01:59:24.974 [AsyncHttpClient-1-7] DEBUG org.asynchttpclient.netty.handler.HttpHandler - 

Request DefaultHttpRequest(decodeResult: success, version: HTTP/1.1)
POST /session/23e3304affe5f1f90f1a1d129218c02b/url HTTP/1.1
User-Agent: selenium/4.1.2 (java windows)
Content-Length: 64
Content-Type: application/json; charset=utf-8
host: localhost:50638
accept: */*

Response DefaultHttpResponse(decodeResult: success, version: HTTP/1.1)
HTTP/1.1 200 OK
Content-Type: application/json; charset=utf-8
cache-control: no-cache
content-length: 14

01:59:24.974 [AsyncHttpClient-1-7] DEBUG org.asynchttpclient.netty.channel.ChannelManager - Adding key: http://localhost:50638 for channel [id: 0xf3605471, L:/127.0.0.1:56156 - R:localhost/127.0.0.1:50638]
01:59:24.975 [Forwarding setTimeout on session 23e3304affe5f1f90f1a1d129218c02b to remote] DEBUG org.asynchttpclient.netty.request.NettyRequestSender - Using pooled Channel '[id: 0xf3605471, L:/127.0.0.1:56156 - R:localhost/127.0.0.1:50638]' for 'POST' to 'http://localhost:50638/session/23e3304affe5f1f90f1a1d129218c02b/timeouts'
01:59:24.975 [Forwarding setTimeout on session 23e3304affe5f1f90f1a1d129218c02b to remote] DEBUG org.asynchttpclient.netty.request.NettyRequestSender - Using open Channel [id: 0xf3605471, L:/127.0.0.1:56156 - R:localhost/127.0.0.1:50638] for POST '/session/23e3304affe5f1f90f1a1d129218c02b/timeouts'
01:59:24.975 [AsyncHttpClient-1-7] DEBUG org.asynchttpclient.netty.handler.HttpHandler - 

Request DefaultHttpRequest(decodeResult: success, version: HTTP/1.1)
POST /session/23e3304affe5f1f90f1a1d129218c02b/timeouts HTTP/1.1
User-Agent: selenium/4.1.2 (java windows)
Content-Length: 22
Content-Type: application/json; charset=utf-8
host: localhost:50638
accept: */*

Response DefaultHttpResponse(decodeResult: success, version: HTTP/1.1)
HTTP/1.1 200 OK
Content-Type: application/json; charset=utf-8
cache-control: no-cache
content-length: 14

01:59:24.975 [AsyncHttpClient-1-7] DEBUG org.asynchttpclient.netty.channel.ChannelManager - Adding key: http://localhost:50638 for channel [id: 0xf3605471, L:/127.0.0.1:56156 - R:localhost/127.0.0.1:50638]
01:59:24.976 [Forwarding getCurrentUrl on session 23e3304affe5f1f90f1a1d129218c02b to remote] DEBUG org.asynchttpclient.netty.request.NettyRequestSender - Using pooled Channel '[id: 0xf3605471, L:/127.0.0.1:56156 - R:localhost/127.0.0.1:50638]' for 'GET' to 'http://localhost:50638/session/23e3304affe5f1f90f1a1d129218c02b/url'
01:59:24.976 [Forwarding getCurrentUrl on session 23e3304affe5f1f90f1a1d129218c02b to remote] DEBUG org.asynchttpclient.netty.request.NettyRequestSender - Using open Channel [id: 0xf3605471, L:/127.0.0.1:56156 - R:localhost/127.0.0.1:50638] for GET '/session/23e3304affe5f1f90f1a1d129218c02b/url'
01:59:24.978 [AsyncHttpClient-1-7] DEBUG org.asynchttpclient.netty.handler.HttpHandler - 

Request DefaultFullHttpRequest(decodeResult: success, version: HTTP/1.1, content: EmptyByteBufBE)
GET /session/23e3304affe5f1f90f1a1d129218c02b/url HTTP/1.1
User-Agent: selenium/4.1.2 (java windows)
Cache-Control: no-cache
Content-Type: application/json; charset=utf-8
host: localhost:50638
accept: */*

Response DefaultHttpResponse(decodeResult: success, version: HTTP/1.1)
HTTP/1.1 200 OK
Content-Type: application/json; charset=utf-8
cache-control: no-cache
content-length: 41

01:59:24.978 [AsyncHttpClient-1-7] DEBUG org.asynchttpclient.netty.channel.ChannelManager - Adding key: http://localhost:50638 for channel [id: 0xf3605471, L:/127.0.0.1:56156 - R:localhost/127.0.0.1:50638]
01:59:24.982 [Forwarding screenshot on session 23e3304affe5f1f90f1a1d129218c02b to remote] DEBUG org.asynchttpclient.netty.request.NettyRequestSender - Using pooled Channel '[id: 0xf3605471, L:/127.0.0.1:56156 - R:localhost/127.0.0.1:50638]' for 'GET' to 'http://localhost:50638/session/23e3304affe5f1f90f1a1d129218c02b/screenshot'
01:59:24.982 [Forwarding screenshot on session 23e3304affe5f1f90f1a1d129218c02b to remote] DEBUG org.asynchttpclient.netty.request.NettyRequestSender - Using open Channel [id: 0xf3605471, L:/127.0.0.1:56156 - R:localhost/127.0.0.1:50638] for GET '/session/23e3304affe5f1f90f1a1d129218c02b/screenshot'
01:59:25.081 [AsyncHttpClient-1-7] DEBUG org.asynchttpclient.netty.handler.HttpHandler - 

Request DefaultFullHttpRequest(decodeResult: success, version: HTTP/1.1, content: EmptyByteBufBE)
GET /session/23e3304affe5f1f90f1a1d129218c02b/screenshot HTTP/1.1
User-Agent: selenium/4.1.2 (java windows)
Cache-Control: no-cache
Content-Type: application/json; charset=utf-8
host: localhost:50638
accept: */*

Response DefaultHttpResponse(decodeResult: success, version: HTTP/1.1)
HTTP/1.1 200 OK
Content-Type: application/json; charset=utf-8
cache-control: no-cache
content-length: 32192

01:59:25.081 [AsyncHttpClient-1-7] DEBUG org.asynchttpclient.netty.channel.ChannelManager - Adding key: http://localhost:50638 for channel [id: 0xf3605471, L:/127.0.0.1:56156 - R:localhost/127.0.0.1:50638]
01:59:25.082 [main] DEBUG net.serenitybdd.core.photography.Darkroom - Send negative for processing for target\site\serenity\4d98329a65403fb35239499910819cdb6d3d71d823e551da367b9fc52c2ec142.png
01:59:25.082 [main] DEBUG net.thucydides.core.steps.StepInterceptor - STEP DONE: loginPage
01:59:25.084 [main] DEBUG net.thucydides.core.steps.StepInterceptor - STARTING STEP: OrderSteps.onLoginPage - validateOnLoginPage
01:59:25.085 [Forwarding findElement on session 23e3304affe5f1f90f1a1d129218c02b to remote] DEBUG org.asynchttpclient.netty.request.NettyRequestSender - Using pooled Channel '[id: 0xf3605471, L:/127.0.0.1:56156 - R:localhost/127.0.0.1:50638]' for 'POST' to 'http://localhost:50638/session/23e3304affe5f1f90f1a1d129218c02b/element'
01:59:25.085 [Forwarding findElement on session 23e3304affe5f1f90f1a1d129218c02b to remote] DEBUG org.asynchttpclient.netty.request.NettyRequestSender - Using open Channel [id: 0xf3605471, L:/127.0.0.1:56156 - R:localhost/127.0.0.1:50638] for POST '/session/23e3304affe5f1f90f1a1d129218c02b/element'
01:59:25.091 [AsyncHttpClient-1-7] DEBUG org.asynchttpclient.netty.handler.HttpHandler - 

Request DefaultHttpRequest(decodeResult: success, version: HTTP/1.1)
POST /session/23e3304affe5f1f90f1a1d129218c02b/element HTTP/1.1
User-Agent: selenium/4.1.2 (java windows)
Content-Length: 155
Content-Type: application/json; charset=utf-8
host: localhost:50638
accept: */*

Response DefaultHttpResponse(decodeResult: success, version: HTTP/1.1)
HTTP/1.1 200 OK
Content-Type: application/json; charset=utf-8
cache-control: no-cache
content-length: 88

01:59:25.091 [AsyncHttpClient-1-7] DEBUG org.asynchttpclient.netty.channel.ChannelManager - Adding key: http://localhost:50638 for channel [id: 0xf3605471, L:/127.0.0.1:56156 - R:localhost/127.0.0.1:50638]
01:59:25.093 [Forwarding isElementDisplayed on session 23e3304affe5f1f90f1a1d129218c02b to remote] DEBUG org.asynchttpclient.netty.request.NettyRequestSender - Using pooled Channel '[id: 0xf3605471, L:/127.0.0.1:56156 - R:localhost/127.0.0.1:50638]' for 'POST' to 'http://localhost:50638/session/23e3304affe5f1f90f1a1d129218c02b/execute/sync'
01:59:25.093 [Forwarding isElementDisplayed on session 23e3304affe5f1f90f1a1d129218c02b to remote] DEBUG org.asynchttpclient.netty.request.NettyRequestSender - Using open Channel [id: 0xf3605471, L:/127.0.0.1:56156 - R:localhost/127.0.0.1:50638] for POST '/session/23e3304affe5f1f90f1a1d129218c02b/execute/sync'
01:59:25.102 [AsyncHttpClient-1-7] DEBUG org.asynchttpclient.netty.handler.HttpHandler - 

Request DefaultHttpRequest(decodeResult: success, version: HTTP/1.1)
POST /session/23e3304affe5f1f90f1a1d129218c02b/execute/sync HTTP/1.1
User-Agent: selenium/4.1.2 (java windows)
Content-Length: 48780
Content-Type: application/json; charset=utf-8
host: localhost:50638
accept: */*

Response DefaultHttpResponse(decodeResult: success, version: HTTP/1.1)
HTTP/1.1 200 OK
Content-Type: application/json; charset=utf-8
cache-control: no-cache
content-length: 14

01:59:25.102 [AsyncHttpClient-1-7] DEBUG org.asynchttpclient.netty.channel.ChannelManager - Adding key: http://localhost:50638 for channel [id: 0xf3605471, L:/127.0.0.1:56156 - R:localhost/127.0.0.1:50638]
01:59:25.104 [main] DEBUG net.thucydides.core.steps.StepInterceptor - STEP DONE: validateOnLoginPage
  &amp#27;[32mGiven &amp#27;[0m&amp#27;[32mI am on the login page for order&amp#27;[0m        &amp#27;[90m# starter.stepdefinitions.OrderSteps.onLoginPage()&amp#27;[0m
01:59:25.110 [main] DEBUG net.thucydides.core.steps.StepInterceptor - STARTING STEP: OrderSteps.inputValidEmail - inputEmail
01:59:25.111 [Forwarding findElement on session 23e3304affe5f1f90f1a1d129218c02b to remote] DEBUG org.asynchttpclient.netty.request.NettyRequestSender - Using pooled Channel '[id: 0xf3605471, L:/127.0.0.1:56156 - R:localhost/127.0.0.1:50638]' for 'POST' to 'http://localhost:50638/session/23e3304affe5f1f90f1a1d129218c02b/element'
01:59:25.111 [Forwarding findElement on session 23e3304affe5f1f90f1a1d129218c02b to remote] DEBUG org.asynchttpclient.netty.request.NettyRequestSender - Using open Channel [id: 0xf3605471, L:/127.0.0.1:56156 - R:localhost/127.0.0.1:50638] for POST '/session/23e3304affe5f1f90f1a1d129218c02b/element'
01:59:25.117 [AsyncHttpClient-1-7] DEBUG org.asynchttpclient.netty.handler.HttpHandler - 

Request DefaultHttpRequest(decodeResult: success, version: HTTP/1.1)
POST /session/23e3304affe5f1f90f1a1d129218c02b/element HTTP/1.1
User-Agent: selenium/4.1.2 (java windows)
Content-Length: 84
Content-Type: application/json; charset=utf-8
host: localhost:50638
accept: */*

Response DefaultHttpResponse(decodeResult: success, version: HTTP/1.1)
HTTP/1.1 200 OK
Content-Type: application/json; charset=utf-8
cache-control: no-cache
content-length: 88

01:59:25.117 [AsyncHttpClient-1-7] DEBUG org.asynchttpclient.netty.channel.ChannelManager - Adding key: http://localhost:50638 for channel [id: 0xf3605471, L:/127.0.0.1:56156 - R:localhost/127.0.0.1:50638]
01:59:25.118 [Forwarding clearElement on session 23e3304affe5f1f90f1a1d129218c02b to remote] DEBUG org.asynchttpclient.netty.request.NettyRequestSender - Using pooled Channel '[id: 0xf3605471, L:/127.0.0.1:56156 - R:localhost/127.0.0.1:50638]' for 'POST' to 'http://localhost:50638/session/23e3304affe5f1f90f1a1d129218c02b/element/88daa047-6026-4d18-a8db-48468552c07f/clear'
01:59:25.118 [Forwarding clearElement on session 23e3304affe5f1f90f1a1d129218c02b to remote] DEBUG org.asynchttpclient.netty.request.NettyRequestSender - Using open Channel [id: 0xf3605471, L:/127.0.0.1:56156 - R:localhost/127.0.0.1:50638] for POST '/session/23e3304affe5f1f90f1a1d129218c02b/element/88daa047-6026-4d18-a8db-48468552c07f/clear'
01:59:25.134 [AsyncHttpClient-1-7] DEBUG org.asynchttpclient.netty.handler.HttpHandler - 

Request DefaultHttpRequest(decodeResult: success, version: HTTP/1.1)
POST /session/23e3304affe5f1f90f1a1d129218c02b/element/88daa047-6026-4d18-a8db-48468552c07f/clear HTTP/1.1
User-Agent: selenium/4.1.2 (java windows)
Content-Length: 50
Content-Type: application/json; charset=utf-8
host: localhost:50638
accept: */*

Response DefaultHttpResponse(decodeResult: success, version: HTTP/1.1)
HTTP/1.1 200 OK
Content-Type: application/json; charset=utf-8
cache-control: no-cache
content-length: 14

01:59:25.134 [AsyncHttpClient-1-7] DEBUG org.asynchttpclient.netty.channel.ChannelManager - Adding key: http://localhost:50638 for channel [id: 0xf3605471, L:/127.0.0.1:56156 - R:localhost/127.0.0.1:50638]
01:59:25.136 [Forwarding sendKeysToElement on session 23e3304affe5f1f90f1a1d129218c02b to remote] DEBUG org.asynchttpclient.netty.request.NettyRequestSender - Using pooled Channel '[id: 0xf3605471, L:/127.0.0.1:56156 - R:localhost/127.0.0.1:50638]' for 'POST' to 'http://localhost:50638/session/23e3304affe5f1f90f1a1d129218c02b/element/88daa047-6026-4d18-a8db-48468552c07f/value'
01:59:25.136 [Forwarding sendKeysToElement on session 23e3304affe5f1f90f1a1d129218c02b to remote] DEBUG org.asynchttpclient.netty.request.NettyRequestSender - Using open Channel [id: 0xf3605471, L:/127.0.0.1:56156 - R:localhost/127.0.0.1:50638] for POST '/session/23e3304affe5f1f90f1a1d129218c02b/element/88daa047-6026-4d18-a8db-48468552c07f/value'
01:59:25.195 [AsyncHttpClient-1-7] DEBUG org.asynchttpclient.netty.handler.HttpHandler - 

Request DefaultHttpRequest(decodeResult: success, version: HTTP/1.1)
POST /session/23e3304affe5f1f90f1a1d129218c02b/element/88daa047-6026-4d18-a8db-48468552c07f/value HTTP/1.1
User-Agent: selenium/4.1.2 (java windows)
Content-Length: 231
Content-Type: application/json; charset=utf-8
host: localhost:50638
accept: */*

Response DefaultHttpResponse(decodeResult: success, version: HTTP/1.1)
HTTP/1.1 200 OK
Content-Type: application/json; charset=utf-8
cache-control: no-cache
content-length: 14

01:59:25.195 [AsyncHttpClient-1-7] DEBUG org.asynchttpclient.netty.channel.ChannelManager - Adding key: http://localhost:50638 for channel [id: 0xf3605471, L:/127.0.0.1:56156 - R:localhost/127.0.0.1:50638]
01:59:25.198 [Forwarding screenshot on session 23e3304affe5f1f90f1a1d129218c02b to remote] DEBUG org.asynchttpclient.netty.request.NettyRequestSender - Using pooled Channel '[id: 0xf3605471, L:/127.0.0.1:56156 - R:localhost/127.0.0.1:50638]' for 'GET' to 'http://localhost:50638/session/23e3304affe5f1f90f1a1d129218c02b/screenshot'
01:59:25.198 [Forwarding screenshot on session 23e3304affe5f1f90f1a1d129218c02b to remote] DEBUG org.asynchttpclient.netty.request.NettyRequestSender - Using open Channel [id: 0xf3605471, L:/127.0.0.1:56156 - R:localhost/127.0.0.1:50638] for GET '/session/23e3304affe5f1f90f1a1d129218c02b/screenshot'
01:59:25.295 [AsyncHttpClient-1-7] DEBUG org.asynchttpclient.netty.handler.HttpHandler - 

Request DefaultFullHttpRequest(decodeResult: success, version: HTTP/1.1, content: EmptyByteBufBE)
GET /session/23e3304affe5f1f90f1a1d129218c02b/screenshot HTTP/1.1
User-Agent: selenium/4.1.2 (java windows)
Cache-Control: no-cache
Content-Type: application/json; charset=utf-8
host: localhost:50638
accept: */*

Response DefaultHttpResponse(decodeResult: success, version: HTTP/1.1)
HTTP/1.1 200 OK
Content-Type: application/json; charset=utf-8
cache-control: no-cache
content-length: 37964

01:59:25.296 [AsyncHttpClient-1-7] DEBUG org.asynchttpclient.netty.channel.ChannelManager - Adding key: http://localhost:50638 for channel [id: 0xf3605471, L:/127.0.0.1:56156 - R:localhost/127.0.0.1:50638]
01:59:25.298 [main] DEBUG net.serenitybdd.core.photography.Darkroom - Send negative for processing for target\site\serenity\2bbe2312f51d66438fd99b885709596de94f875cc26b4ef2be8f5a5aa287bd2a.png
01:59:25.298 [main] DEBUG net.thucydides.core.steps.StepInterceptor - STEP DONE: inputEmail
  &amp#27;[32mWhen &amp#27;[0m&amp#27;[32mI input valid email for order&amp#27;[0m            &amp#27;[90m# starter.stepdefinitions.OrderSteps.inputValidEmail()&amp#27;[0m
01:59:25.298 [Darkroom Processing Line] DEBUG net.serenitybdd.core.photography.DarkroomProcessingLine - Processing screenshot image in /var/screenshots/screenshot-17685012193526419780
01:59:25.298 [Darkroom Processing Line] DEBUG net.serenitybdd.core.photography.DarkroomProcessingLine - Saving screenshot to target\site\serenity\2bbe2312f51d66438fd99b885709596de94f875cc26b4ef2be8f5a5aa287bd2a.png
01:59:25.305 [main] DEBUG net.thucydides.core.steps.StepInterceptor - STARTING STEP: OrderSteps.inputValidPassword - inputPassword
01:59:25.306 [Forwarding findElement on session 23e3304affe5f1f90f1a1d129218c02b to remote] DEBUG org.asynchttpclient.netty.request.NettyRequestSender - Using pooled Channel '[id: 0xf3605471, L:/127.0.0.1:56156 - R:localhost/127.0.0.1:50638]' for 'POST' to 'http://localhost:50638/session/23e3304affe5f1f90f1a1d129218c02b/element'
01:59:25.306 [Forwarding findElement on session 23e3304affe5f1f90f1a1d129218c02b to remote] DEBUG org.asynchttpclient.netty.request.NettyRequestSender - Using open Channel [id: 0xf3605471, L:/127.0.0.1:56156 - R:localhost/127.0.0.1:50638] for POST '/session/23e3304affe5f1f90f1a1d129218c02b/element'
01:59:25.314 [AsyncHttpClient-1-7] DEBUG org.asynchttpclient.netty.handler.HttpHandler - 

Request DefaultHttpRequest(decodeResult: success, version: HTTP/1.1)
POST /session/23e3304affe5f1f90f1a1d129218c02b/element HTTP/1.1
User-Agent: selenium/4.1.2 (java windows)
Content-Length: 87
Content-Type: application/json; charset=utf-8
host: localhost:50638
accept: */*

Response DefaultHttpResponse(decodeResult: success, version: HTTP/1.1)
HTTP/1.1 200 OK
Content-Type: application/json; charset=utf-8
cache-control: no-cache
content-length: 88

01:59:25.314 [AsyncHttpClient-1-7] DEBUG org.asynchttpclient.netty.channel.ChannelManager - Adding key: http://localhost:50638 for channel [id: 0xf3605471, L:/127.0.0.1:56156 - R:localhost/127.0.0.1:50638]
01:59:25.314 [Forwarding clearElement on session 23e3304affe5f1f90f1a1d129218c02b to remote] DEBUG org.asynchttpclient.netty.request.NettyRequestSender - Using pooled Channel '[id: 0xf3605471, L:/127.0.0.1:56156 - R:localhost/127.0.0.1:50638]' for 'POST' to 'http://localhost:50638/session/23e3304affe5f1f90f1a1d129218c02b/element/fcef651c-dd0d-4699-9940-c76590b0cf18/clear'
01:59:25.315 [Forwarding clearElement on session 23e3304affe5f1f90f1a1d129218c02b to remote] DEBUG org.asynchttpclient.netty.request.NettyRequestSender - Using open Channel [id: 0xf3605471, L:/127.0.0.1:56156 - R:localhost/127.0.0.1:50638] for POST '/session/23e3304affe5f1f90f1a1d129218c02b/element/fcef651c-dd0d-4699-9940-c76590b0cf18/clear'
01:59:25.335 [AsyncHttpClient-1-7] DEBUG org.asynchttpclient.netty.handler.HttpHandler - 

Request DefaultHttpRequest(decodeResult: success, version: HTTP/1.1)
POST /session/23e3304affe5f1f90f1a1d129218c02b/element/fcef651c-dd0d-4699-9940-c76590b0cf18/clear HTTP/1.1
User-Agent: selenium/4.1.2 (java windows)
Content-Length: 50
Content-Type: application/json; charset=utf-8
host: localhost:50638
accept: */*

Response DefaultHttpResponse(decodeResult: success, version: HTTP/1.1)
HTTP/1.1 200 OK
Content-Type: application/json; charset=utf-8
cache-control: no-cache
content-length: 14

01:59:25.335 [AsyncHttpClient-1-7] DEBUG org.asynchttpclient.netty.channel.ChannelManager - Adding key: http://localhost:50638 for channel [id: 0xf3605471, L:/127.0.0.1:56156 - R:localhost/127.0.0.1:50638]
01:59:25.337 [Forwarding sendKeysToElement on session 23e3304affe5f1f90f1a1d129218c02b to remote] DEBUG org.asynchttpclient.netty.request.NettyRequestSender - Using pooled Channel '[id: 0xf3605471, L:/127.0.0.1:56156 - R:localhost/127.0.0.1:50638]' for 'POST' to 'http://localhost:50638/session/23e3304affe5f1f90f1a1d129218c02b/element/fcef651c-dd0d-4699-9940-c76590b0cf18/value'
01:59:25.337 [Forwarding sendKeysToElement on session 23e3304affe5f1f90f1a1d129218c02b to remote] DEBUG org.asynchttpclient.netty.request.NettyRequestSender - Using open Channel [id: 0xf3605471, L:/127.0.0.1:56156 - R:localhost/127.0.0.1:50638] for POST '/session/23e3304affe5f1f90f1a1d129218c02b/element/fcef651c-dd0d-4699-9940-c76590b0cf18/value'
01:59:25.378 [AsyncHttpClient-1-7] DEBUG org.asynchttpclient.netty.handler.HttpHandler - 

Request DefaultHttpRequest(decodeResult: success, version: HTTP/1.1)
POST /session/23e3304affe5f1f90f1a1d129218c02b/element/fcef651c-dd0d-4699-9940-c76590b0cf18/value HTTP/1.1
User-Agent: selenium/4.1.2 (java windows)
Content-Length: 151
Content-Type: application/json; charset=utf-8
host: localhost:50638
accept: */*

Response DefaultHttpResponse(decodeResult: success, version: HTTP/1.1)
HTTP/1.1 200 OK
Content-Type: application/json; charset=utf-8
cache-control: no-cache
content-length: 14

01:59:25.379 [AsyncHttpClient-1-7] DEBUG org.asynchttpclient.netty.channel.ChannelManager - Adding key: http://localhost:50638 for channel [id: 0xf3605471, L:/127.0.0.1:56156 - R:localhost/127.0.0.1:50638]
01:59:25.382 [Forwarding screenshot on session 23e3304affe5f1f90f1a1d129218c02b to remote] DEBUG org.asynchttpclient.netty.request.NettyRequestSender - Using pooled Channel '[id: 0xf3605471, L:/127.0.0.1:56156 - R:localhost/127.0.0.1:50638]' for 'GET' to 'http://localhost:50638/session/23e3304affe5f1f90f1a1d129218c02b/screenshot'
01:59:25.382 [Forwarding screenshot on session 23e3304affe5f1f90f1a1d129218c02b to remote] DEBUG org.asynchttpclient.netty.request.NettyRequestSender - Using open Channel [id: 0xf3605471, L:/127.0.0.1:56156 - R:localhost/127.0.0.1:50638] for GET '/session/23e3304affe5f1f90f1a1d129218c02b/screenshot'
01:59:25.479 [AsyncHttpClient-1-7] DEBUG org.asynchttpclient.netty.handler.HttpHandler - 

Request DefaultFullHttpRequest(decodeResult: success, version: HTTP/1.1, content: EmptyByteBufBE)
GET /session/23e3304affe5f1f90f1a1d129218c02b/screenshot HTTP/1.1
User-Agent: selenium/4.1.2 (java windows)
Cache-Control: no-cache
Content-Type: application/json; charset=utf-8
host: localhost:50638
accept: */*

Response DefaultHttpResponse(decodeResult: success, version: HTTP/1.1)
HTTP/1.1 200 OK
Content-Type: application/json; charset=utf-8
cache-control: no-cache
content-length: 40480

01:59:25.480 [AsyncHttpClient-1-7] DEBUG org.asynchttpclient.netty.channel.ChannelManager - Adding key: http://localhost:50638 for channel [id: 0xf3605471, L:/127.0.0.1:56156 - R:localhost/127.0.0.1:50638]
01:59:25.481 [main] DEBUG net.serenitybdd.core.photography.Darkroom - Send negative for processing for target\site\serenity\676a0d259d3f6390cf9a39be159292de6923195b8f6883d0d470f31810fc3f9e.png
01:59:25.481 [main] DEBUG net.thucydides.core.steps.StepInterceptor - STEP DONE: inputPassword
  &amp#27;[32mAnd &amp#27;[0m&amp#27;[32mI input valid password for order&amp#27;[0m          &amp#27;[90m# starter.stepdefinitions.OrderSteps.inputValidPassword()&amp#27;[0m
01:59:25.481 [Darkroom Processing Line] DEBUG net.serenitybdd.core.photography.DarkroomProcessingLine - Processing screenshot image in /var/screenshots/screenshot-13012818671871273862
01:59:25.481 [Darkroom Processing Line] DEBUG net.serenitybdd.core.photography.DarkroomProcessingLine - Saving screenshot to target\site\serenity\676a0d259d3f6390cf9a39be159292de6923195b8f6883d0d470f31810fc3f9e.png
01:59:25.490 [main] DEBUG net.thucydides.core.steps.StepInterceptor - STARTING STEP: OrderSteps.clickOnLoginButoon - clickLoginButton
01:59:25.491 [Forwarding findElement on session 23e3304affe5f1f90f1a1d129218c02b to remote] DEBUG org.asynchttpclient.netty.request.NettyRequestSender - Using pooled Channel '[id: 0xf3605471, L:/127.0.0.1:56156 - R:localhost/127.0.0.1:50638]' for 'POST' to 'http://localhost:50638/session/23e3304affe5f1f90f1a1d129218c02b/element'
01:59:25.491 [Forwarding findElement on session 23e3304affe5f1f90f1a1d129218c02b to remote] DEBUG org.asynchttpclient.netty.request.NettyRequestSender - Using open Channel [id: 0xf3605471, L:/127.0.0.1:56156 - R:localhost/127.0.0.1:50638] for POST '/session/23e3304affe5f1f90f1a1d129218c02b/element'
01:59:25.497 [AsyncHttpClient-1-7] DEBUG org.asynchttpclient.netty.handler.HttpHandler - 

Request DefaultHttpRequest(decodeResult: success, version: HTTP/1.1)
POST /session/23e3304affe5f1f90f1a1d129218c02b/element HTTP/1.1
User-Agent: selenium/4.1.2 (java windows)
Content-Length: 155
Content-Type: application/json; charset=utf-8
host: localhost:50638
accept: */*

Response DefaultHttpResponse(decodeResult: success, version: HTTP/1.1)
HTTP/1.1 200 OK
Content-Type: application/json; charset=utf-8
cache-control: no-cache
content-length: 88

01:59:25.499 [AsyncHttpClient-1-7] DEBUG org.asynchttpclient.netty.channel.ChannelManager - Adding key: http://localhost:50638 for channel [id: 0xf3605471, L:/127.0.0.1:56156 - R:localhost/127.0.0.1:50638]
01:59:25.500 [Forwarding getElementTagName on session 23e3304affe5f1f90f1a1d129218c02b to remote] DEBUG org.asynchttpclient.netty.request.NettyRequestSender - Using pooled Channel '[id: 0xf3605471, L:/127.0.0.1:56156 - R:localhost/127.0.0.1:50638]' for 'GET' to 'http://localhost:50638/session/23e3304affe5f1f90f1a1d129218c02b/element/d2f04651-f8e4-4b14-8753-63db6a2696d9/name'
01:59:25.500 [Forwarding getElementTagName on session 23e3304affe5f1f90f1a1d129218c02b to remote] DEBUG org.asynchttpclient.netty.request.NettyRequestSender - Using open Channel [id: 0xf3605471, L:/127.0.0.1:56156 - R:localhost/127.0.0.1:50638] for GET '/session/23e3304affe5f1f90f1a1d129218c02b/element/d2f04651-f8e4-4b14-8753-63db6a2696d9/name'
01:59:25.502 [AsyncHttpClient-1-7] DEBUG org.asynchttpclient.netty.handler.HttpHandler - 

Request DefaultFullHttpRequest(decodeResult: success, version: HTTP/1.1, content: EmptyByteBufBE)
GET /session/23e3304affe5f1f90f1a1d129218c02b/element/d2f04651-f8e4-4b14-8753-63db6a2696d9/name HTTP/1.1
User-Agent: selenium/4.1.2 (java windows)
Cache-Control: no-cache
Content-Type: application/json; charset=utf-8
host: localhost:50638
accept: */*

Response DefaultHttpResponse(decodeResult: success, version: HTTP/1.1)
HTTP/1.1 200 OK
Content-Type: application/json; charset=utf-8
cache-control: no-cache
content-length: 18

01:59:25.502 [AsyncHttpClient-1-7] DEBUG org.asynchttpclient.netty.channel.ChannelManager - Adding key: http://localhost:50638 for channel [id: 0xf3605471, L:/127.0.0.1:56156 - R:localhost/127.0.0.1:50638]
01:59:25.503 [Forwarding getElementTagName on session 23e3304affe5f1f90f1a1d129218c02b to remote] DEBUG org.asynchttpclient.netty.request.NettyRequestSender - Using pooled Channel '[id: 0xf3605471, L:/127.0.0.1:56156 - R:localhost/127.0.0.1:50638]' for 'GET' to 'http://localhost:50638/session/23e3304affe5f1f90f1a1d129218c02b/element/d2f04651-f8e4-4b14-8753-63db6a2696d9/name'
01:59:25.503 [Forwarding getElementTagName on session 23e3304affe5f1f90f1a1d129218c02b to remote] DEBUG org.asynchttpclient.netty.request.NettyRequestSender - Using open Channel [id: 0xf3605471, L:/127.0.0.1:56156 - R:localhost/127.0.0.1:50638] for GET '/session/23e3304affe5f1f90f1a1d129218c02b/element/d2f04651-f8e4-4b14-8753-63db6a2696d9/name'
01:59:25.507 [AsyncHttpClient-1-7] DEBUG org.asynchttpclient.netty.handler.HttpHandler - 

Request DefaultFullHttpRequest(decodeResult: success, version: HTTP/1.1, content: EmptyByteBufBE)
GET /session/23e3304affe5f1f90f1a1d129218c02b/element/d2f04651-f8e4-4b14-8753-63db6a2696d9/name HTTP/1.1
User-Agent: selenium/4.1.2 (java windows)
Cache-Control: no-cache
Content-Type: application/json; charset=utf-8
host: localhost:50638
accept: */*

Response DefaultHttpResponse(decodeResult: success, version: HTTP/1.1)
HTTP/1.1 200 OK
Content-Type: application/json; charset=utf-8
cache-control: no-cache
content-length: 18

01:59:25.507 [AsyncHttpClient-1-7] DEBUG org.asynchttpclient.netty.channel.ChannelManager - Adding key: http://localhost:50638 for channel [id: 0xf3605471, L:/127.0.0.1:56156 - R:localhost/127.0.0.1:50638]
01:59:25.509 [Forwarding isElementEnabled on session 23e3304affe5f1f90f1a1d129218c02b to remote] DEBUG org.asynchttpclient.netty.request.NettyRequestSender - Using pooled Channel '[id: 0xf3605471, L:/127.0.0.1:56156 - R:localhost/127.0.0.1:50638]' for 'GET' to 'http://localhost:50638/session/23e3304affe5f1f90f1a1d129218c02b/element/d2f04651-f8e4-4b14-8753-63db6a2696d9/enabled'
01:59:25.509 [Forwarding isElementEnabled on session 23e3304affe5f1f90f1a1d129218c02b to remote] DEBUG org.asynchttpclient.netty.request.NettyRequestSender - Using open Channel [id: 0xf3605471, L:/127.0.0.1:56156 - R:localhost/127.0.0.1:50638] for GET '/session/23e3304affe5f1f90f1a1d129218c02b/element/d2f04651-f8e4-4b14-8753-63db6a2696d9/enabled'
01:59:25.517 [AsyncHttpClient-1-7] DEBUG org.asynchttpclient.netty.handler.HttpHandler - 

Request DefaultFullHttpRequest(decodeResult: success, version: HTTP/1.1, content: EmptyByteBufBE)
GET /session/23e3304affe5f1f90f1a1d129218c02b/element/d2f04651-f8e4-4b14-8753-63db6a2696d9/enabled HTTP/1.1
User-Agent: selenium/4.1.2 (java windows)
Cache-Control: no-cache
Content-Type: application/json; charset=utf-8
host: localhost:50638
accept: */*

Response DefaultHttpResponse(decodeResult: success, version: HTTP/1.1)
HTTP/1.1 200 OK
Content-Type: application/json; charset=utf-8
cache-control: no-cache
content-length: 14

01:59:25.517 [AsyncHttpClient-1-7] DEBUG org.asynchttpclient.netty.channel.ChannelManager - Adding key: http://localhost:50638 for channel [id: 0xf3605471, L:/127.0.0.1:56156 - R:localhost/127.0.0.1:50638]
01:59:25.520 [Forwarding isElementEnabled on session 23e3304affe5f1f90f1a1d129218c02b to remote] DEBUG org.asynchttpclient.netty.request.NettyRequestSender - Using pooled Channel '[id: 0xf3605471, L:/127.0.0.1:56156 - R:localhost/127.0.0.1:50638]' for 'GET' to 'http://localhost:50638/session/23e3304affe5f1f90f1a1d129218c02b/element/d2f04651-f8e4-4b14-8753-63db6a2696d9/enabled'
01:59:25.520 [Forwarding isElementEnabled on session 23e3304affe5f1f90f1a1d129218c02b to remote] DEBUG org.asynchttpclient.netty.request.NettyRequestSender - Using open Channel [id: 0xf3605471, L:/127.0.0.1:56156 - R:localhost/127.0.0.1:50638] for GET '/session/23e3304affe5f1f90f1a1d129218c02b/element/d2f04651-f8e4-4b14-8753-63db6a2696d9/enabled'
01:59:25.524 [AsyncHttpClient-1-7] DEBUG org.asynchttpclient.netty.handler.HttpHandler - 

Request DefaultFullHttpRequest(decodeResult: success, version: HTTP/1.1, content: EmptyByteBufBE)
GET /session/23e3304affe5f1f90f1a1d129218c02b/element/d2f04651-f8e4-4b14-8753-63db6a2696d9/enabled HTTP/1.1
User-Agent: selenium/4.1.2 (java windows)
Cache-Control: no-cache
Content-Type: application/json; charset=utf-8
host: localhost:50638
accept: */*

Response DefaultHttpResponse(decodeResult: success, version: HTTP/1.1)
HTTP/1.1 200 OK
Content-Type: application/json; charset=utf-8
cache-control: no-cache
content-length: 14

01:59:25.524 [AsyncHttpClient-1-7] DEBUG org.asynchttpclient.netty.channel.ChannelManager - Adding key: http://localhost:50638 for channel [id: 0xf3605471, L:/127.0.0.1:56156 - R:localhost/127.0.0.1:50638]
01:59:25.527 [Forwarding findElement on session 23e3304affe5f1f90f1a1d129218c02b to remote] DEBUG org.asynchttpclient.netty.request.NettyRequestSender - Using pooled Channel '[id: 0xf3605471, L:/127.0.0.1:56156 - R:localhost/127.0.0.1:50638]' for 'POST' to 'http://localhost:50638/session/23e3304affe5f1f90f1a1d129218c02b/element'
01:59:25.527 [Forwarding findElement on session 23e3304affe5f1f90f1a1d129218c02b to remote] DEBUG org.asynchttpclient.netty.request.NettyRequestSender - Using open Channel [id: 0xf3605471, L:/127.0.0.1:56156 - R:localhost/127.0.0.1:50638] for POST '/session/23e3304affe5f1f90f1a1d129218c02b/element'
01:59:25.531 [AsyncHttpClient-1-7] DEBUG org.asynchttpclient.netty.handler.HttpHandler - 

Request DefaultHttpRequest(decodeResult: success, version: HTTP/1.1)
POST /session/23e3304affe5f1f90f1a1d129218c02b/element HTTP/1.1
User-Agent: selenium/4.1.2 (java windows)
Content-Length: 155
Content-Type: application/json; charset=utf-8
host: localhost:50638
accept: */*

Response DefaultHttpResponse(decodeResult: success, version: HTTP/1.1)
HTTP/1.1 200 OK
Content-Type: application/json; charset=utf-8
cache-control: no-cache
content-length: 88

01:59:25.531 [AsyncHttpClient-1-7] DEBUG org.asynchttpclient.netty.channel.ChannelManager - Adding key: http://localhost:50638 for channel [id: 0xf3605471, L:/127.0.0.1:56156 - R:localhost/127.0.0.1:50638]
01:59:25.532 [Forwarding clickElement on session 23e3304affe5f1f90f1a1d129218c02b to remote] DEBUG org.asynchttpclient.netty.request.NettyRequestSender - Using pooled Channel '[id: 0xf3605471, L:/127.0.0.1:56156 - R:localhost/127.0.0.1:50638]' for 'POST' to 'http://localhost:50638/session/23e3304affe5f1f90f1a1d129218c02b/element/d2f04651-f8e4-4b14-8753-63db6a2696d9/click'
01:59:25.532 [Forwarding clickElement on session 23e3304affe5f1f90f1a1d129218c02b to remote] DEBUG org.asynchttpclient.netty.request.NettyRequestSender - Using open Channel [id: 0xf3605471, L:/127.0.0.1:56156 - R:localhost/127.0.0.1:50638] for POST '/session/23e3304affe5f1f90f1a1d129218c02b/element/d2f04651-f8e4-4b14-8753-63db6a2696d9/click'
01:59:25.570 [AsyncHttpClient-1-7] DEBUG org.asynchttpclient.netty.handler.HttpHandler - 

Request DefaultHttpRequest(decodeResult: success, version: HTTP/1.1)
POST /session/23e3304affe5f1f90f1a1d129218c02b/element/d2f04651-f8e4-4b14-8753-63db6a2696d9/click HTTP/1.1
User-Agent: selenium/4.1.2 (java windows)
Content-Length: 50
Content-Type: application/json; charset=utf-8
host: localhost:50638
accept: */*

Response DefaultHttpResponse(decodeResult: success, version: HTTP/1.1)
HTTP/1.1 200 OK
Content-Type: application/json; charset=utf-8
cache-control: no-cache
content-length: 14

01:59:25.570 [AsyncHttpClient-1-7] DEBUG org.asynchttpclient.netty.channel.ChannelManager - Adding key: http://localhost:50638 for channel [id: 0xf3605471, L:/127.0.0.1:56156 - R:localhost/127.0.0.1:50638]
01:59:25.573 [Forwarding screenshot on session 23e3304affe5f1f90f1a1d129218c02b to remote] DEBUG org.asynchttpclient.netty.request.NettyRequestSender - Using pooled Channel '[id: 0xf3605471, L:/127.0.0.1:56156 - R:localhost/127.0.0.1:50638]' for 'GET' to 'http://localhost:50638/session/23e3304affe5f1f90f1a1d129218c02b/screenshot'
01:59:25.573 [Forwarding screenshot on session 23e3304affe5f1f90f1a1d129218c02b to remote] DEBUG org.asynchttpclient.netty.request.NettyRequestSender - Using open Channel [id: 0xf3605471, L:/127.0.0.1:56156 - R:localhost/127.0.0.1:50638] for GET '/session/23e3304affe5f1f90f1a1d129218c02b/screenshot'
01:59:25.692 [AsyncHttpClient-1-7] DEBUG org.asynchttpclient.netty.handler.HttpHandler - 

Request DefaultFullHttpRequest(decodeResult: success, version: HTTP/1.1, content: EmptyByteBufBE)
GET /session/23e3304affe5f1f90f1a1d129218c02b/screenshot HTTP/1.1
User-Agent: selenium/4.1.2 (java windows)
Cache-Control: no-cache
Content-Type: application/json; charset=utf-8
host: localhost:50638
accept: */*

Response DefaultHttpResponse(decodeResult: success, version: HTTP/1.1)
HTTP/1.1 200 OK
Content-Type: application/json; charset=utf-8
cache-control: no-cache
content-length: 40076

01:59:25.692 [AsyncHttpClient-1-7] DEBUG org.asynchttpclient.netty.channel.ChannelManager - Adding key: http://localhost:50638 for channel [id: 0xf3605471, L:/127.0.0.1:56156 - R:localhost/127.0.0.1:50638]
01:59:25.694 [main] DEBUG net.serenitybdd.core.photography.Darkroom - Send negative for processing for target\site\serenity\24282629b79aa18fbef91b5c130c106f5b0bdb9f3c6e54f2748e444b84710f45.png
01:59:25.695 [main] DEBUG net.thucydides.core.steps.StepInterceptor - STEP DONE: clickLoginButton
  &amp#27;[32mAnd &amp#27;[0m&amp#27;[32mI click on login button for order&amp#27;[0m         &amp#27;[90m# starter.stepdefinitions.OrderSteps.clickOnLoginButoon()&amp#27;[0m
01:59:25.695 [Darkroom Processing Line] DEBUG net.serenitybdd.core.photography.DarkroomProcessingLine - Processing screenshot image in /var/screenshots/screenshot-16452751475391642761
01:59:25.695 [Darkroom Processing Line] DEBUG net.serenitybdd.core.photography.DarkroomProcessingLine - Saving screenshot to target\site\serenity\24282629b79aa18fbef91b5c130c106f5b0bdb9f3c6e54f2748e444b84710f45.png
01:59:25.705 [main] DEBUG net.thucydides.core.steps.StepInterceptor - STARTING STEP: OrderSteps.onTheHomePage - homePage
01:59:25.706 [Forwarding get on session 23e3304affe5f1f90f1a1d129218c02b to remote] DEBUG org.asynchttpclient.netty.request.NettyRequestSender - Using pooled Channel '[id: 0xf3605471, L:/127.0.0.1:56156 - R:localhost/127.0.0.1:50638]' for 'POST' to 'http://localhost:50638/session/23e3304affe5f1f90f1a1d129218c02b/url'
01:59:25.706 [Forwarding get on session 23e3304affe5f1f90f1a1d129218c02b to remote] DEBUG org.asynchttpclient.netty.request.NettyRequestSender - Using open Channel [id: 0xf3605471, L:/127.0.0.1:56156 - R:localhost/127.0.0.1:50638] for POST '/session/23e3304affe5f1f90f1a1d129218c02b/url'
01:59:25.830 [AsyncHttpClient-1-7] DEBUG org.asynchttpclient.netty.handler.HttpHandler - 

Request DefaultHttpRequest(decodeResult: success, version: HTTP/1.1)
POST /session/23e3304affe5f1f90f1a1d129218c02b/url HTTP/1.1
User-Agent: selenium/4.1.2 (java windows)
Content-Length: 49
Content-Type: application/json; charset=utf-8
host: localhost:50638
accept: */*

Response DefaultHttpResponse(decodeResult: success, version: HTTP/1.1)
HTTP/1.1 200 OK
Content-Type: application/json; charset=utf-8
cache-control: no-cache
content-length: 14

01:59:25.830 [AsyncHttpClient-1-7] DEBUG org.asynchttpclient.netty.channel.ChannelManager - Adding key: http://localhost:50638 for channel [id: 0xf3605471, L:/127.0.0.1:56156 - R:localhost/127.0.0.1:50638]
01:59:25.834 [Forwarding getCurrentUrl on session 23e3304affe5f1f90f1a1d129218c02b to remote] DEBUG org.asynchttpclient.netty.request.NettyRequestSender - Using pooled Channel '[id: 0xf3605471, L:/127.0.0.1:56156 - R:localhost/127.0.0.1:50638]' for 'GET' to 'http://localhost:50638/session/23e3304affe5f1f90f1a1d129218c02b/url'
01:59:25.834 [Forwarding getCurrentUrl on session 23e3304affe5f1f90f1a1d129218c02b to remote] DEBUG org.asynchttpclient.netty.request.NettyRequestSender - Using open Channel [id: 0xf3605471, L:/127.0.0.1:56156 - R:localhost/127.0.0.1:50638] for GET '/session/23e3304affe5f1f90f1a1d129218c02b/url'
01:59:25.835 [AsyncHttpClient-1-7] DEBUG org.asynchttpclient.netty.handler.HttpHandler - 

Request DefaultFullHttpRequest(decodeResult: success, version: HTTP/1.1, content: EmptyByteBufBE)
GET /session/23e3304affe5f1f90f1a1d129218c02b/url HTTP/1.1
User-Agent: selenium/4.1.2 (java windows)
Cache-Control: no-cache
Content-Type: application/json; charset=utf-8
host: localhost:50638
accept: */*

Response DefaultHttpResponse(decodeResult: success, version: HTTP/1.1)
HTTP/1.1 200 OK
Content-Type: application/json; charset=utf-8
cache-control: no-cache
content-length: 31

01:59:25.836 [AsyncHttpClient-1-7] DEBUG org.asynchttpclient.netty.channel.ChannelManager - Adding key: http://localhost:50638 for channel [id: 0xf3605471, L:/127.0.0.1:56156 - R:localhost/127.0.0.1:50638]
01:59:25.840 [Forwarding screenshot on session 23e3304affe5f1f90f1a1d129218c02b to remote] DEBUG org.asynchttpclient.netty.request.NettyRequestSender - Using pooled Channel '[id: 0xf3605471, L:/127.0.0.1:56156 - R:localhost/127.0.0.1:50638]' for 'GET' to 'http://localhost:50638/session/23e3304affe5f1f90f1a1d129218c02b/screenshot'
01:59:25.840 [Forwarding screenshot on session 23e3304affe5f1f90f1a1d129218c02b to remote] DEBUG org.asynchttpclient.netty.request.NettyRequestSender - Using open Channel [id: 0xf3605471, L:/127.0.0.1:56156 - R:localhost/127.0.0.1:50638] for GET '/session/23e3304affe5f1f90f1a1d129218c02b/screenshot'
01:59:25.925 [AsyncHttpClient-1-7] DEBUG org.asynchttpclient.netty.handler.HttpHandler - 

Request DefaultFullHttpRequest(decodeResult: success, version: HTTP/1.1, content: EmptyByteBufBE)
GET /session/23e3304affe5f1f90f1a1d129218c02b/screenshot HTTP/1.1
User-Agent: selenium/4.1.2 (java windows)
Cache-Control: no-cache
Content-Type: application/json; charset=utf-8
host: localhost:50638
accept: */*

Response DefaultHttpResponse(decodeResult: success, version: HTTP/1.1)
HTTP/1.1 200 OK
Content-Type: application/json; charset=utf-8
cache-control: no-cache
content-length: 26012

01:59:25.925 [AsyncHttpClient-1-7] DEBUG org.asynchttpclient.netty.channel.ChannelManager - Adding key: http://localhost:50638 for channel [id: 0xf3605471, L:/127.0.0.1:56156 - R:localhost/127.0.0.1:50638]
01:59:25.926 [main] DEBUG net.serenitybdd.core.photography.Darkroom - Send negative for processing for target\site\serenity\809759b520b1b1ea6f7971f8ada8d67378969c26a12f3499aa659607947f4fd2.png
01:59:25.926 [main] DEBUG net.thucydides.core.steps.StepInterceptor - STEP DONE: homePage
01:59:25.930 [main] DEBUG net.thucydides.core.steps.StepInterceptor - STARTING STEP: OrderSteps.onTheHomePage - validateOnHomePage
01:59:25.932 [Forwarding findElement on session 23e3304affe5f1f90f1a1d129218c02b to remote] DEBUG org.asynchttpclient.netty.request.NettyRequestSender - Using pooled Channel '[id: 0xf3605471, L:/127.0.0.1:56156 - R:localhost/127.0.0.1:50638]' for 'POST' to 'http://localhost:50638/session/23e3304affe5f1f90f1a1d129218c02b/element'
01:59:25.932 [Forwarding findElement on session 23e3304affe5f1f90f1a1d129218c02b to remote] DEBUG org.asynchttpclient.netty.request.NettyRequestSender - Using open Channel [id: 0xf3605471, L:/127.0.0.1:56156 - R:localhost/127.0.0.1:50638] for POST '/session/23e3304affe5f1f90f1a1d129218c02b/element'
01:59:26.063 [AsyncHttpClient-1-1] DEBUG org.asynchttpclient.netty.channel.DefaultChannelPool - Entry count for : http://localhost:56157 : 1
01:59:27.164 [AsyncHttpClient-1-1] DEBUG org.asynchttpclient.netty.channel.DefaultChannelPool - Entry count for : http://localhost:56157 : 1
01:59:27.634 [AsyncHttpClient-1-7] DEBUG org.asynchttpclient.netty.handler.HttpHandler - 

Request DefaultHttpRequest(decodeResult: success, version: HTTP/1.1)
POST /session/23e3304affe5f1f90f1a1d129218c02b/element HTTP/1.1
User-Agent: selenium/4.1.2 (java windows)
Content-Length: 140
Content-Type: application/json; charset=utf-8
host: localhost:50638
accept: */*

Response DefaultHttpResponse(decodeResult: success, version: HTTP/1.1)
HTTP/1.1 200 OK
Content-Type: application/json; charset=utf-8
cache-control: no-cache
content-length: 88

01:59:27.634 [AsyncHttpClient-1-7] DEBUG org.asynchttpclient.netty.channel.ChannelManager - Adding key: http://localhost:50638 for channel [id: 0xf3605471, L:/127.0.0.1:56156 - R:localhost/127.0.0.1:50638]
01:59:27.636 [Forwarding isElementDisplayed on session 23e3304affe5f1f90f1a1d129218c02b to remote] DEBUG org.asynchttpclient.netty.request.NettyRequestSender - Using pooled Channel '[id: 0xf3605471, L:/127.0.0.1:56156 - R:localhost/127.0.0.1:50638]' for 'POST' to 'http://localhost:50638/session/23e3304affe5f1f90f1a1d129218c02b/execute/sync'
01:59:27.636 [Forwarding isElementDisplayed on session 23e3304affe5f1f90f1a1d129218c02b to remote] DEBUG org.asynchttpclient.netty.request.NettyRequestSender - Using open Channel [id: 0xf3605471, L:/127.0.0.1:56156 - R:localhost/127.0.0.1:50638] for POST '/session/23e3304affe5f1f90f1a1d129218c02b/execute/sync'
01:59:27.645 [AsyncHttpClient-1-7] DEBUG org.asynchttpclient.netty.handler.HttpHandler - 

Request DefaultHttpRequest(decodeResult: success, version: HTTP/1.1)
POST /session/23e3304affe5f1f90f1a1d129218c02b/execute/sync HTTP/1.1
User-Agent: selenium/4.1.2 (java windows)
Content-Length: 48780
Content-Type: application/json; charset=utf-8
host: localhost:50638
accept: */*

Response DefaultHttpResponse(decodeResult: success, version: HTTP/1.1)
HTTP/1.1 200 OK
Content-Type: application/json; charset=utf-8
cache-control: no-cache
content-length: 14

01:59:27.645 [AsyncHttpClient-1-7] DEBUG org.asynchttpclient.netty.channel.ChannelManager - Adding key: http://localhost:50638 for channel [id: 0xf3605471, L:/127.0.0.1:56156 - R:localhost/127.0.0.1:50638]
01:59:27.648 [Forwarding screenshot on session 23e3304affe5f1f90f1a1d129218c02b to remote] DEBUG org.asynchttpclient.netty.request.NettyRequestSender - Using pooled Channel '[id: 0xf3605471, L:/127.0.0.1:56156 - R:localhost/127.0.0.1:50638]' for 'GET' to 'http://localhost:50638/session/23e3304affe5f1f90f1a1d129218c02b/screenshot'
01:59:27.648 [Forwarding screenshot on session 23e3304affe5f1f90f1a1d129218c02b to remote] DEBUG org.asynchttpclient.netty.request.NettyRequestSender - Using open Channel [id: 0xf3605471, L:/127.0.0.1:56156 - R:localhost/127.0.0.1:50638] for GET '/session/23e3304affe5f1f90f1a1d129218c02b/screenshot'
01:59:27.728 [AsyncHttpClient-1-7] DEBUG org.asynchttpclient.netty.handler.HttpHandler - 

Request DefaultFullHttpRequest(decodeResult: success, version: HTTP/1.1, content: EmptyByteBufBE)
GET /session/23e3304affe5f1f90f1a1d129218c02b/screenshot HTTP/1.1
User-Agent: selenium/4.1.2 (java windows)
Cache-Control: no-cache
Content-Type: application/json; charset=utf-8
host: localhost:50638
accept: */*

Response DefaultHttpResponse(decodeResult: success, version: HTTP/1.1)
HTTP/1.1 200 OK
Content-Type: application/json; charset=utf-8
cache-control: no-cache
content-length: 70816

01:59:27.728 [AsyncHttpClient-1-7] DEBUG org.asynchttpclient.netty.channel.ChannelManager - Adding key: http://localhost:50638 for channel [id: 0xf3605471, L:/127.0.0.1:56156 - R:localhost/127.0.0.1:50638]
01:59:27.730 [main] DEBUG net.serenitybdd.core.photography.Darkroom - Send negative for processing for target\site\serenity\015070499b2e82ec19f0a0e83e10c4253204b7d204d6a75cda323f2c6fac1246.png
01:59:27.730 [main] DEBUG net.thucydides.core.steps.StepInterceptor - STEP DONE: validateOnHomePage
  &amp#27;[32mAnd &amp#27;[0m&amp#27;[32mI am on the home page for order&amp#27;[0m           &amp#27;[90m# starter.stepdefinitions.OrderSteps.onTheHomePage()&amp#27;[0m
01:59:27.736 [main] DEBUG net.thucydides.core.steps.StepInterceptor - STARTING STEP: OrderSteps.clickBeliButton - clickBeliButton
01:59:27.737 [Forwarding findElement on session 23e3304affe5f1f90f1a1d129218c02b to remote] DEBUG org.asynchttpclient.netty.request.NettyRequestSender - Using pooled Channel '[id: 0xf3605471, L:/127.0.0.1:56156 - R:localhost/127.0.0.1:50638]' for 'POST' to 'http://localhost:50638/session/23e3304affe5f1f90f1a1d129218c02b/element'
01:59:27.737 [Forwarding findElement on session 23e3304affe5f1f90f1a1d129218c02b to remote] DEBUG org.asynchttpclient.netty.request.NettyRequestSender - Using open Channel [id: 0xf3605471, L:/127.0.0.1:56156 - R:localhost/127.0.0.1:50638] for POST '/session/23e3304affe5f1f90f1a1d129218c02b/element'
01:59:27.746 [AsyncHttpClient-1-7] DEBUG org.asynchttpclient.netty.handler.HttpHandler - 

Request DefaultHttpRequest(decodeResult: success, version: HTTP/1.1)
POST /session/23e3304affe5f1f90f1a1d129218c02b/element HTTP/1.1
User-Agent: selenium/4.1.2 (java windows)
Content-Length: 140
Content-Type: application/json; charset=utf-8
host: localhost:50638
accept: */*

Response DefaultHttpResponse(decodeResult: success, version: HTTP/1.1)
HTTP/1.1 200 OK
Content-Type: application/json; charset=utf-8
cache-control: no-cache
content-length: 88

01:59:27.746 [AsyncHttpClient-1-7] DEBUG org.asynchttpclient.netty.channel.ChannelManager - Adding key: http://localhost:50638 for channel [id: 0xf3605471, L:/127.0.0.1:56156 - R:localhost/127.0.0.1:50638]
01:59:27.747 [Forwarding getElementTagName on session 23e3304affe5f1f90f1a1d129218c02b to remote] DEBUG org.asynchttpclient.netty.request.NettyRequestSender - Using pooled Channel '[id: 0xf3605471, L:/127.0.0.1:56156 - R:localhost/127.0.0.1:50638]' for 'GET' to 'http://localhost:50638/session/23e3304affe5f1f90f1a1d129218c02b/element/31ef4819-a19a-4941-a2d7-4baea240e3d1/name'
01:59:27.747 [Forwarding getElementTagName on session 23e3304affe5f1f90f1a1d129218c02b to remote] DEBUG org.asynchttpclient.netty.request.NettyRequestSender - Using open Channel [id: 0xf3605471, L:/127.0.0.1:56156 - R:localhost/127.0.0.1:50638] for GET '/session/23e3304affe5f1f90f1a1d129218c02b/element/31ef4819-a19a-4941-a2d7-4baea240e3d1/name'
01:59:27.750 [AsyncHttpClient-1-7] DEBUG org.asynchttpclient.netty.handler.HttpHandler - 

Request DefaultFullHttpRequest(decodeResult: success, version: HTTP/1.1, content: EmptyByteBufBE)
GET /session/23e3304affe5f1f90f1a1d129218c02b/element/31ef4819-a19a-4941-a2d7-4baea240e3d1/name HTTP/1.1
User-Agent: selenium/4.1.2 (java windows)
Cache-Control: no-cache
Content-Type: application/json; charset=utf-8
host: localhost:50638
accept: */*

Response DefaultHttpResponse(decodeResult: success, version: HTTP/1.1)
HTTP/1.1 200 OK
Content-Type: application/json; charset=utf-8
cache-control: no-cache
content-length: 18

01:59:27.750 [AsyncHttpClient-1-7] DEBUG org.asynchttpclient.netty.channel.ChannelManager - Adding key: http://localhost:50638 for channel [id: 0xf3605471, L:/127.0.0.1:56156 - R:localhost/127.0.0.1:50638]
01:59:27.751 [Forwarding getElementTagName on session 23e3304affe5f1f90f1a1d129218c02b to remote] DEBUG org.asynchttpclient.netty.request.NettyRequestSender - Using pooled Channel '[id: 0xf3605471, L:/127.0.0.1:56156 - R:localhost/127.0.0.1:50638]' for 'GET' to 'http://localhost:50638/session/23e3304affe5f1f90f1a1d129218c02b/element/31ef4819-a19a-4941-a2d7-4baea240e3d1/name'
01:59:27.751 [Forwarding getElementTagName on session 23e3304affe5f1f90f1a1d129218c02b to remote] DEBUG org.asynchttpclient.netty.request.NettyRequestSender - Using open Channel [id: 0xf3605471, L:/127.0.0.1:56156 - R:localhost/127.0.0.1:50638] for GET '/session/23e3304affe5f1f90f1a1d129218c02b/element/31ef4819-a19a-4941-a2d7-4baea240e3d1/name'
01:59:27.753 [AsyncHttpClient-1-7] DEBUG org.asynchttpclient.netty.handler.HttpHandler - 

Request DefaultFullHttpRequest(decodeResult: success, version: HTTP/1.1, content: EmptyByteBufBE)
GET /session/23e3304affe5f1f90f1a1d129218c02b/element/31ef4819-a19a-4941-a2d7-4baea240e3d1/name HTTP/1.1
User-Agent: selenium/4.1.2 (java windows)
Cache-Control: no-cache
Content-Type: application/json; charset=utf-8
host: localhost:50638
accept: */*

Response DefaultHttpResponse(decodeResult: success, version: HTTP/1.1)
HTTP/1.1 200 OK
Content-Type: application/json; charset=utf-8
cache-control: no-cache
content-length: 18

01:59:27.753 [AsyncHttpClient-1-7] DEBUG org.asynchttpclient.netty.channel.ChannelManager - Adding key: http://localhost:50638 for channel [id: 0xf3605471, L:/127.0.0.1:56156 - R:localhost/127.0.0.1:50638]
01:59:27.754 [Forwarding isElementEnabled on session 23e3304affe5f1f90f1a1d129218c02b to remote] DEBUG org.asynchttpclient.netty.request.NettyRequestSender - Using pooled Channel '[id: 0xf3605471, L:/127.0.0.1:56156 - R:localhost/127.0.0.1:50638]' for 'GET' to 'http://localhost:50638/session/23e3304affe5f1f90f1a1d129218c02b/element/31ef4819-a19a-4941-a2d7-4baea240e3d1/enabled'
01:59:27.754 [Forwarding isElementEnabled on session 23e3304affe5f1f90f1a1d129218c02b to remote] DEBUG org.asynchttpclient.netty.request.NettyRequestSender - Using open Channel [id: 0xf3605471, L:/127.0.0.1:56156 - R:localhost/127.0.0.1:50638] for GET '/session/23e3304affe5f1f90f1a1d129218c02b/element/31ef4819-a19a-4941-a2d7-4baea240e3d1/enabled'
01:59:27.758 [AsyncHttpClient-1-7] DEBUG org.asynchttpclient.netty.handler.HttpHandler - 

Request DefaultFullHttpRequest(decodeResult: success, version: HTTP/1.1, content: EmptyByteBufBE)
GET /session/23e3304affe5f1f90f1a1d129218c02b/element/31ef4819-a19a-4941-a2d7-4baea240e3d1/enabled HTTP/1.1
User-Agent: selenium/4.1.2 (java windows)
Cache-Control: no-cache
Content-Type: application/json; charset=utf-8
host: localhost:50638
accept: */*

Response DefaultHttpResponse(decodeResult: success, version: HTTP/1.1)
HTTP/1.1 200 OK
Content-Type: application/json; charset=utf-8
cache-control: no-cache
content-length: 14

01:59:27.758 [AsyncHttpClient-1-7] DEBUG org.asynchttpclient.netty.channel.ChannelManager - Adding key: http://localhost:50638 for channel [id: 0xf3605471, L:/127.0.0.1:56156 - R:localhost/127.0.0.1:50638]
01:59:27.759 [Forwarding isElementEnabled on session 23e3304affe5f1f90f1a1d129218c02b to remote] DEBUG org.asynchttpclient.netty.request.NettyRequestSender - Using pooled Channel '[id: 0xf3605471, L:/127.0.0.1:56156 - R:localhost/127.0.0.1:50638]' for 'GET' to 'http://localhost:50638/session/23e3304affe5f1f90f1a1d129218c02b/element/31ef4819-a19a-4941-a2d7-4baea240e3d1/enabled'
01:59:27.759 [Forwarding isElementEnabled on session 23e3304affe5f1f90f1a1d129218c02b to remote] DEBUG org.asynchttpclient.netty.request.NettyRequestSender - Using open Channel [id: 0xf3605471, L:/127.0.0.1:56156 - R:localhost/127.0.0.1:50638] for GET '/session/23e3304affe5f1f90f1a1d129218c02b/element/31ef4819-a19a-4941-a2d7-4baea240e3d1/enabled'
01:59:27.762 [AsyncHttpClient-1-7] DEBUG org.asynchttpclient.netty.handler.HttpHandler - 

Request DefaultFullHttpRequest(decodeResult: success, version: HTTP/1.1, content: EmptyByteBufBE)
GET /session/23e3304affe5f1f90f1a1d129218c02b/element/31ef4819-a19a-4941-a2d7-4baea240e3d1/enabled HTTP/1.1
User-Agent: selenium/4.1.2 (java windows)
Cache-Control: no-cache
Content-Type: application/json; charset=utf-8
host: localhost:50638
accept: */*

Response DefaultHttpResponse(decodeResult: success, version: HTTP/1.1)
HTTP/1.1 200 OK
Content-Type: application/json; charset=utf-8
cache-control: no-cache
content-length: 14

01:59:27.762 [AsyncHttpClient-1-7] DEBUG org.asynchttpclient.netty.channel.ChannelManager - Adding key: http://localhost:50638 for channel [id: 0xf3605471, L:/127.0.0.1:56156 - R:localhost/127.0.0.1:50638]
01:59:27.763 [Forwarding findElement on session 23e3304affe5f1f90f1a1d129218c02b to remote] DEBUG org.asynchttpclient.netty.request.NettyRequestSender - Using pooled Channel '[id: 0xf3605471, L:/127.0.0.1:56156 - R:localhost/127.0.0.1:50638]' for 'POST' to 'http://localhost:50638/session/23e3304affe5f1f90f1a1d129218c02b/element'
01:59:27.763 [Forwarding findElement on session 23e3304affe5f1f90f1a1d129218c02b to remote] DEBUG org.asynchttpclient.netty.request.NettyRequestSender - Using open Channel [id: 0xf3605471, L:/127.0.0.1:56156 - R:localhost/127.0.0.1:50638] for POST '/session/23e3304affe5f1f90f1a1d129218c02b/element'
01:59:27.770 [AsyncHttpClient-1-7] DEBUG org.asynchttpclient.netty.handler.HttpHandler - 

Request DefaultHttpRequest(decodeResult: success, version: HTTP/1.1)
POST /session/23e3304affe5f1f90f1a1d129218c02b/element HTTP/1.1
User-Agent: selenium/4.1.2 (java windows)
Content-Length: 140
Content-Type: application/json; charset=utf-8
host: localhost:50638
accept: */*

Response DefaultHttpResponse(decodeResult: success, version: HTTP/1.1)
HTTP/1.1 200 OK
Content-Type: application/json; charset=utf-8
cache-control: no-cache
content-length: 88

01:59:27.770 [AsyncHttpClient-1-7] DEBUG org.asynchttpclient.netty.channel.ChannelManager - Adding key: http://localhost:50638 for channel [id: 0xf3605471, L:/127.0.0.1:56156 - R:localhost/127.0.0.1:50638]
01:59:27.771 [Forwarding clickElement on session 23e3304affe5f1f90f1a1d129218c02b to remote] DEBUG org.asynchttpclient.netty.request.NettyRequestSender - Using pooled Channel '[id: 0xf3605471, L:/127.0.0.1:56156 - R:localhost/127.0.0.1:50638]' for 'POST' to 'http://localhost:50638/session/23e3304affe5f1f90f1a1d129218c02b/element/31ef4819-a19a-4941-a2d7-4baea240e3d1/click'
01:59:27.771 [Forwarding clickElement on session 23e3304affe5f1f90f1a1d129218c02b to remote] DEBUG org.asynchttpclient.netty.request.NettyRequestSender - Using open Channel [id: 0xf3605471, L:/127.0.0.1:56156 - R:localhost/127.0.0.1:50638] for POST '/session/23e3304affe5f1f90f1a1d129218c02b/element/31ef4819-a19a-4941-a2d7-4baea240e3d1/click'
01:59:27.827 [AsyncHttpClient-1-7] DEBUG org.asynchttpclient.netty.handler.HttpHandler - 

Request DefaultHttpRequest(decodeResult: success, version: HTTP/1.1)
POST /session/23e3304affe5f1f90f1a1d129218c02b/element/31ef4819-a19a-4941-a2d7-4baea240e3d1/click HTTP/1.1
User-Agent: selenium/4.1.2 (java windows)
Content-Length: 50
Content-Type: application/json; charset=utf-8
host: localhost:50638
accept: */*

Response DefaultHttpResponse(decodeResult: success, version: HTTP/1.1)
HTTP/1.1 200 OK
Content-Type: application/json; charset=utf-8
cache-control: no-cache
content-length: 14

01:59:27.827 [AsyncHttpClient-1-7] DEBUG org.asynchttpclient.netty.channel.ChannelManager - Adding key: http://localhost:50638 for channel [id: 0xf3605471, L:/127.0.0.1:56156 - R:localhost/127.0.0.1:50638]
01:59:27.831 [Forwarding screenshot on session 23e3304affe5f1f90f1a1d129218c02b to remote] DEBUG org.asynchttpclient.netty.request.NettyRequestSender - Using pooled Channel '[id: 0xf3605471, L:/127.0.0.1:56156 - R:localhost/127.0.0.1:50638]' for 'GET' to 'http://localhost:50638/session/23e3304affe5f1f90f1a1d129218c02b/screenshot'
01:59:27.831 [Forwarding screenshot on session 23e3304affe5f1f90f1a1d129218c02b to remote] DEBUG org.asynchttpclient.netty.request.NettyRequestSender - Using open Channel [id: 0xf3605471, L:/127.0.0.1:56156 - R:localhost/127.0.0.1:50638] for GET '/session/23e3304affe5f1f90f1a1d129218c02b/screenshot'
01:59:27.918 [AsyncHttpClient-1-7] DEBUG org.asynchttpclient.netty.handler.HttpHandler - 

Request DefaultFullHttpRequest(decodeResult: success, version: HTTP/1.1, content: EmptyByteBufBE)
GET /session/23e3304affe5f1f90f1a1d129218c02b/screenshot HTTP/1.1
User-Agent: selenium/4.1.2 (java windows)
Cache-Control: no-cache
Content-Type: application/json; charset=utf-8
host: localhost:50638
accept: */*

Response DefaultHttpResponse(decodeResult: success, version: HTTP/1.1)
HTTP/1.1 200 OK
Content-Type: application/json; charset=utf-8
cache-control: no-cache
content-length: 72360

01:59:27.918 [AsyncHttpClient-1-7] DEBUG org.asynchttpclient.netty.channel.ChannelManager - Adding key: http://localhost:50638 for channel [id: 0xf3605471, L:/127.0.0.1:56156 - R:localhost/127.0.0.1:50638]
01:59:27.921 [main] DEBUG net.serenitybdd.core.photography.Darkroom - Send negative for processing for target\site\serenity\9158bb476b52f0141a8fadaf34965fc0b86ea61fc1275f9698f802f0bcb1e17a.png
01:59:27.921 [main] DEBUG net.thucydides.core.steps.StepInterceptor - STEP DONE: clickBeliButton
  &amp#27;[32mAnd &amp#27;[0m&amp#27;[32mI click on Beli button on a product&amp#27;[0m       &amp#27;[90m# starter.stepdefinitions.OrderSteps.clickBeliButton()&amp#27;[0m
01:59:27.921 [Darkroom Processing Line] DEBUG net.serenitybdd.core.photography.DarkroomProcessingLine - Processing screenshot image in /var/screenshots/screenshot-17879064286007323318
01:59:27.921 [Darkroom Processing Line] DEBUG net.serenitybdd.core.photography.DarkroomProcessingLine - Saving screenshot to target\site\serenity\9158bb476b52f0141a8fadaf34965fc0b86ea61fc1275f9698f802f0bcb1e17a.png
01:59:27.929 [main] DEBUG net.thucydides.core.steps.StepInterceptor - STARTING STEP: OrderSteps.clickCartIcon - clickCartIcon
01:59:27.931 [Forwarding findElement on session 23e3304affe5f1f90f1a1d129218c02b to remote] DEBUG org.asynchttpclient.netty.request.NettyRequestSender - Using pooled Channel '[id: 0xf3605471, L:/127.0.0.1:56156 - R:localhost/127.0.0.1:50638]' for 'POST' to 'http://localhost:50638/session/23e3304affe5f1f90f1a1d129218c02b/element'
01:59:27.931 [Forwarding findElement on session 23e3304affe5f1f90f1a1d129218c02b to remote] DEBUG org.asynchttpclient.netty.request.NettyRequestSender - Using open Channel [id: 0xf3605471, L:/127.0.0.1:56156 - R:localhost/127.0.0.1:50638] for POST '/session/23e3304affe5f1f90f1a1d129218c02b/element'
01:59:27.951 [AsyncHttpClient-1-7] DEBUG org.asynchttpclient.netty.handler.HttpHandler - 

Request DefaultHttpRequest(decodeResult: success, version: HTTP/1.1)
POST /session/23e3304affe5f1f90f1a1d129218c02b/element HTTP/1.1
User-Agent: selenium/4.1.2 (java windows)
Content-Length: 112
Content-Type: application/json; charset=utf-8
host: localhost:50638
accept: */*

Response DefaultHttpResponse(decodeResult: success, version: HTTP/1.1)
HTTP/1.1 200 OK
Content-Type: application/json; charset=utf-8
cache-control: no-cache
content-length: 88

01:59:27.951 [AsyncHttpClient-1-7] DEBUG org.asynchttpclient.netty.channel.ChannelManager - Adding key: http://localhost:50638 for channel [id: 0xf3605471, L:/127.0.0.1:56156 - R:localhost/127.0.0.1:50638]
01:59:27.952 [Forwarding getElementTagName on session 23e3304affe5f1f90f1a1d129218c02b to remote] DEBUG org.asynchttpclient.netty.request.NettyRequestSender - Using pooled Channel '[id: 0xf3605471, L:/127.0.0.1:56156 - R:localhost/127.0.0.1:50638]' for 'GET' to 'http://localhost:50638/session/23e3304affe5f1f90f1a1d129218c02b/element/6caa07d6-536e-4dbd-a7cd-4c136ed95668/name'
01:59:27.952 [Forwarding getElementTagName on session 23e3304affe5f1f90f1a1d129218c02b to remote] DEBUG org.asynchttpclient.netty.request.NettyRequestSender - Using open Channel [id: 0xf3605471, L:/127.0.0.1:56156 - R:localhost/127.0.0.1:50638] for GET '/session/23e3304affe5f1f90f1a1d129218c02b/element/6caa07d6-536e-4dbd-a7cd-4c136ed95668/name'
01:59:27.955 [AsyncHttpClient-1-7] DEBUG org.asynchttpclient.netty.handler.HttpHandler - 

Request DefaultFullHttpRequest(decodeResult: success, version: HTTP/1.1, content: EmptyByteBufBE)
GET /session/23e3304affe5f1f90f1a1d129218c02b/element/6caa07d6-536e-4dbd-a7cd-4c136ed95668/name HTTP/1.1
User-Agent: selenium/4.1.2 (java windows)
Cache-Control: no-cache
Content-Type: application/json; charset=utf-8
host: localhost:50638
accept: */*

Response DefaultHttpResponse(decodeResult: success, version: HTTP/1.1)
HTTP/1.1 200 OK
Content-Type: application/json; charset=utf-8
cache-control: no-cache
content-length: 13

01:59:27.955 [AsyncHttpClient-1-7] DEBUG org.asynchttpclient.netty.channel.ChannelManager - Adding key: http://localhost:50638 for channel [id: 0xf3605471, L:/127.0.0.1:56156 - R:localhost/127.0.0.1:50638]
01:59:27.956 [Forwarding getElementTagName on session 23e3304affe5f1f90f1a1d129218c02b to remote] DEBUG org.asynchttpclient.netty.request.NettyRequestSender - Using pooled Channel '[id: 0xf3605471, L:/127.0.0.1:56156 - R:localhost/127.0.0.1:50638]' for 'GET' to 'http://localhost:50638/session/23e3304affe5f1f90f1a1d129218c02b/element/6caa07d6-536e-4dbd-a7cd-4c136ed95668/name'
01:59:27.956 [Forwarding getElementTagName on session 23e3304affe5f1f90f1a1d129218c02b to remote] DEBUG org.asynchttpclient.netty.request.NettyRequestSender - Using open Channel [id: 0xf3605471, L:/127.0.0.1:56156 - R:localhost/127.0.0.1:50638] for GET '/session/23e3304affe5f1f90f1a1d129218c02b/element/6caa07d6-536e-4dbd-a7cd-4c136ed95668/name'
01:59:27.958 [AsyncHttpClient-1-7] DEBUG org.asynchttpclient.netty.handler.HttpHandler - 

Request DefaultFullHttpRequest(decodeResult: success, version: HTTP/1.1, content: EmptyByteBufBE)
GET /session/23e3304affe5f1f90f1a1d129218c02b/element/6caa07d6-536e-4dbd-a7cd-4c136ed95668/name HTTP/1.1
User-Agent: selenium/4.1.2 (java windows)
Cache-Control: no-cache
Content-Type: application/json; charset=utf-8
host: localhost:50638
accept: */*

Response DefaultHttpResponse(decodeResult: success, version: HTTP/1.1)
HTTP/1.1 200 OK
Content-Type: application/json; charset=utf-8
cache-control: no-cache
content-length: 13

01:59:27.958 [AsyncHttpClient-1-7] DEBUG org.asynchttpclient.netty.channel.ChannelManager - Adding key: http://localhost:50638 for channel [id: 0xf3605471, L:/127.0.0.1:56156 - R:localhost/127.0.0.1:50638]
01:59:27.959 [Forwarding findElement on session 23e3304affe5f1f90f1a1d129218c02b to remote] DEBUG org.asynchttpclient.netty.request.NettyRequestSender - Using pooled Channel '[id: 0xf3605471, L:/127.0.0.1:56156 - R:localhost/127.0.0.1:50638]' for 'POST' to 'http://localhost:50638/session/23e3304affe5f1f90f1a1d129218c02b/element'
01:59:27.959 [Forwarding findElement on session 23e3304affe5f1f90f1a1d129218c02b to remote] DEBUG org.asynchttpclient.netty.request.NettyRequestSender - Using open Channel [id: 0xf3605471, L:/127.0.0.1:56156 - R:localhost/127.0.0.1:50638] for POST '/session/23e3304affe5f1f90f1a1d129218c02b/element'
01:59:27.969 [AsyncHttpClient-1-7] DEBUG org.asynchttpclient.netty.handler.HttpHandler - 

Request DefaultHttpRequest(decodeResult: success, version: HTTP/1.1)
POST /session/23e3304affe5f1f90f1a1d129218c02b/element HTTP/1.1
User-Agent: selenium/4.1.2 (java windows)
Content-Length: 112
Content-Type: application/json; charset=utf-8
host: localhost:50638
accept: */*

Response DefaultHttpResponse(decodeResult: success, version: HTTP/1.1)
HTTP/1.1 200 OK
Content-Type: application/json; charset=utf-8
cache-control: no-cache
content-length: 88

01:59:27.969 [AsyncHttpClient-1-7] DEBUG org.asynchttpclient.netty.channel.ChannelManager - Adding key: http://localhost:50638 for channel [id: 0xf3605471, L:/127.0.0.1:56156 - R:localhost/127.0.0.1:50638]
01:59:27.970 [Forwarding clickElement on session 23e3304affe5f1f90f1a1d129218c02b to remote] DEBUG org.asynchttpclient.netty.request.NettyRequestSender - Using pooled Channel '[id: 0xf3605471, L:/127.0.0.1:56156 - R:localhost/127.0.0.1:50638]' for 'POST' to 'http://localhost:50638/session/23e3304affe5f1f90f1a1d129218c02b/element/6caa07d6-536e-4dbd-a7cd-4c136ed95668/click'
01:59:27.970 [Forwarding clickElement on session 23e3304affe5f1f90f1a1d129218c02b to remote] DEBUG org.asynchttpclient.netty.request.NettyRequestSender - Using open Channel [id: 0xf3605471, L:/127.0.0.1:56156 - R:localhost/127.0.0.1:50638] for POST '/session/23e3304affe5f1f90f1a1d129218c02b/element/6caa07d6-536e-4dbd-a7cd-4c136ed95668/click'
01:59:28.004 [AsyncHttpClient-1-7] DEBUG org.asynchttpclient.netty.handler.HttpHandler - 

Request DefaultHttpRequest(decodeResult: success, version: HTTP/1.1)
POST /session/23e3304affe5f1f90f1a1d129218c02b/element/6caa07d6-536e-4dbd-a7cd-4c136ed95668/click HTTP/1.1
User-Agent: selenium/4.1.2 (java windows)
Content-Length: 50
Content-Type: application/json; charset=utf-8
host: localhost:50638
accept: */*

Response DefaultHttpResponse(decodeResult: success, version: HTTP/1.1)
HTTP/1.1 200 OK
Content-Type: application/json; charset=utf-8
cache-control: no-cache
content-length: 14

01:59:28.004 [AsyncHttpClient-1-7] DEBUG org.asynchttpclient.netty.channel.ChannelManager - Adding key: http://localhost:50638 for channel [id: 0xf3605471, L:/127.0.0.1:56156 - R:localhost/127.0.0.1:50638]
01:59:28.009 [Forwarding screenshot on session 23e3304affe5f1f90f1a1d129218c02b to remote] DEBUG org.asynchttpclient.netty.request.NettyRequestSender - Using pooled Channel '[id: 0xf3605471, L:/127.0.0.1:56156 - R:localhost/127.0.0.1:50638]' for 'GET' to 'http://localhost:50638/session/23e3304affe5f1f90f1a1d129218c02b/screenshot'
01:59:28.009 [Forwarding screenshot on session 23e3304affe5f1f90f1a1d129218c02b to remote] DEBUG org.asynchttpclient.netty.request.NettyRequestSender - Using open Channel [id: 0xf3605471, L:/127.0.0.1:56156 - R:localhost/127.0.0.1:50638] for GET '/session/23e3304affe5f1f90f1a1d129218c02b/screenshot'
01:59:28.237 [AsyncHttpClient-1-7] DEBUG org.asynchttpclient.netty.handler.HttpHandler - 

Request DefaultFullHttpRequest(decodeResult: success, version: HTTP/1.1, content: EmptyByteBufBE)
GET /session/23e3304affe5f1f90f1a1d129218c02b/screenshot HTTP/1.1
User-Agent: selenium/4.1.2 (java windows)
Cache-Control: no-cache
Content-Type: application/json; charset=utf-8
host: localhost:50638
accept: */*

Response DefaultHttpResponse(decodeResult: success, version: HTTP/1.1)
HTTP/1.1 200 OK
Content-Type: application/json; charset=utf-8
cache-control: no-cache
content-length: 43804

01:59:28.238 [AsyncHttpClient-1-7] DEBUG org.asynchttpclient.netty.channel.ChannelManager - Adding key: http://localhost:50638 for channel [id: 0xf3605471, L:/127.0.0.1:56156 - R:localhost/127.0.0.1:50638]
01:59:28.240 [main] DEBUG net.serenitybdd.core.photography.Darkroom - Send negative for processing for target\site\serenity\e6dc32141720c08382f4ebd30a589aeba3550b3fed00521c4115f5adc7a9c0d4.png
01:59:28.241 [main] DEBUG net.thucydides.core.steps.StepInterceptor - STEP DONE: clickCartIcon
  &amp#27;[32mAnd &amp#27;[0m&amp#27;[32mI click on Cart button&amp#27;[0m                    &amp#27;[90m# starter.stepdefinitions.OrderSteps.clickCartIcon()&amp#27;[0m
01:59:28.241 [Darkroom Processing Line] DEBUG net.serenitybdd.core.photography.DarkroomProcessingLine - Processing screenshot image in /var/screenshots/screenshot-6643753500243076680
01:59:28.241 [Darkroom Processing Line] DEBUG net.serenitybdd.core.photography.DarkroomProcessingLine - Saving screenshot to target\site\serenity\e6dc32141720c08382f4ebd30a589aeba3550b3fed00521c4115f5adc7a9c0d4.png
01:59:28.252 [main] DEBUG net.thucydides.core.steps.StepInterceptor - STARTING STEP: OrderSteps.clickReduceButton - clickReduceButton
01:59:28.258 [Forwarding findElement on session 23e3304affe5f1f90f1a1d129218c02b to remote] DEBUG org.asynchttpclient.netty.request.NettyRequestSender - Using pooled Channel '[id: 0xf3605471, L:/127.0.0.1:56156 - R:localhost/127.0.0.1:50638]' for 'POST' to 'http://localhost:50638/session/23e3304affe5f1f90f1a1d129218c02b/element'
01:59:28.258 [Forwarding findElement on session 23e3304affe5f1f90f1a1d129218c02b to remote] DEBUG org.asynchttpclient.netty.request.NettyRequestSender - Using open Channel [id: 0xf3605471, L:/127.0.0.1:56156 - R:localhost/127.0.0.1:50638] for POST '/session/23e3304affe5f1f90f1a1d129218c02b/element'
01:59:28.261 [AsyncHttpClient-1-1] DEBUG org.asynchttpclient.netty.channel.DefaultChannelPool - Entry count for : http://localhost:56157 : 1
01:59:28.269 [AsyncHttpClient-1-7] DEBUG org.asynchttpclient.netty.handler.HttpHandler - 

Request DefaultHttpRequest(decodeResult: success, version: HTTP/1.1)
POST /session/23e3304affe5f1f90f1a1d129218c02b/element HTTP/1.1
User-Agent: selenium/4.1.2 (java windows)
Content-Length: 136
Content-Type: application/json; charset=utf-8
host: localhost:50638
accept: */*

Response DefaultHttpResponse(decodeResult: success, version: HTTP/1.1)
HTTP/1.1 200 OK
Content-Type: application/json; charset=utf-8
cache-control: no-cache
content-length: 88

01:59:28.269 [AsyncHttpClient-1-7] DEBUG org.asynchttpclient.netty.channel.ChannelManager - Adding key: http://localhost:50638 for channel [id: 0xf3605471, L:/127.0.0.1:56156 - R:localhost/127.0.0.1:50638]
01:59:28.271 [Forwarding getElementTagName on session 23e3304affe5f1f90f1a1d129218c02b to remote] DEBUG org.asynchttpclient.netty.request.NettyRequestSender - Using pooled Channel '[id: 0xf3605471, L:/127.0.0.1:56156 - R:localhost/127.0.0.1:50638]' for 'GET' to 'http://localhost:50638/session/23e3304affe5f1f90f1a1d129218c02b/element/78984809-4e8a-4eb0-b356-76ec243a7199/name'
01:59:28.271 [Forwarding getElementTagName on session 23e3304affe5f1f90f1a1d129218c02b to remote] DEBUG org.asynchttpclient.netty.request.NettyRequestSender - Using open Channel [id: 0xf3605471, L:/127.0.0.1:56156 - R:localhost/127.0.0.1:50638] for GET '/session/23e3304affe5f1f90f1a1d129218c02b/element/78984809-4e8a-4eb0-b356-76ec243a7199/name'
01:59:28.275 [AsyncHttpClient-1-7] DEBUG org.asynchttpclient.netty.handler.HttpHandler - 

Request DefaultFullHttpRequest(decodeResult: success, version: HTTP/1.1, content: EmptyByteBufBE)
GET /session/23e3304affe5f1f90f1a1d129218c02b/element/78984809-4e8a-4eb0-b356-76ec243a7199/name HTTP/1.1
User-Agent: selenium/4.1.2 (java windows)
Cache-Control: no-cache
Content-Type: application/json; charset=utf-8
host: localhost:50638
accept: */*

Response DefaultHttpResponse(decodeResult: success, version: HTTP/1.1)
HTTP/1.1 200 OK
Content-Type: application/json; charset=utf-8
cache-control: no-cache
content-length: 18

01:59:28.275 [AsyncHttpClient-1-7] DEBUG org.asynchttpclient.netty.channel.ChannelManager - Adding key: http://localhost:50638 for channel [id: 0xf3605471, L:/127.0.0.1:56156 - R:localhost/127.0.0.1:50638]
01:59:28.276 [Forwarding getElementTagName on session 23e3304affe5f1f90f1a1d129218c02b to remote] DEBUG org.asynchttpclient.netty.request.NettyRequestSender - Using pooled Channel '[id: 0xf3605471, L:/127.0.0.1:56156 - R:localhost/127.0.0.1:50638]' for 'GET' to 'http://localhost:50638/session/23e3304affe5f1f90f1a1d129218c02b/element/78984809-4e8a-4eb0-b356-76ec243a7199/name'
01:59:28.276 [Forwarding getElementTagName on session 23e3304affe5f1f90f1a1d129218c02b to remote] DEBUG org.asynchttpclient.netty.request.NettyRequestSender - Using open Channel [id: 0xf3605471, L:/127.0.0.1:56156 - R:localhost/127.0.0.1:50638] for GET '/session/23e3304affe5f1f90f1a1d129218c02b/element/78984809-4e8a-4eb0-b356-76ec243a7199/name'
01:59:28.279 [AsyncHttpClient-1-7] DEBUG org.asynchttpclient.netty.handler.HttpHandler - 

Request DefaultFullHttpRequest(decodeResult: success, version: HTTP/1.1, content: EmptyByteBufBE)
GET /session/23e3304affe5f1f90f1a1d129218c02b/element/78984809-4e8a-4eb0-b356-76ec243a7199/name HTTP/1.1
User-Agent: selenium/4.1.2 (java windows)
Cache-Control: no-cache
Content-Type: application/json; charset=utf-8
host: localhost:50638
accept: */*

Response DefaultHttpResponse(decodeResult: success, version: HTTP/1.1)
HTTP/1.1 200 OK
Content-Type: application/json; charset=utf-8
cache-control: no-cache
content-length: 18

01:59:28.279 [AsyncHttpClient-1-7] DEBUG org.asynchttpclient.netty.channel.ChannelManager - Adding key: http://localhost:50638 for channel [id: 0xf3605471, L:/127.0.0.1:56156 - R:localhost/127.0.0.1:50638]
01:59:28.280 [Forwarding isElementEnabled on session 23e3304affe5f1f90f1a1d129218c02b to remote] DEBUG org.asynchttpclient.netty.request.NettyRequestSender - Using pooled Channel '[id: 0xf3605471, L:/127.0.0.1:56156 - R:localhost/127.0.0.1:50638]' for 'GET' to 'http://localhost:50638/session/23e3304affe5f1f90f1a1d129218c02b/element/78984809-4e8a-4eb0-b356-76ec243a7199/enabled'
01:59:28.280 [Forwarding isElementEnabled on session 23e3304affe5f1f90f1a1d129218c02b to remote] DEBUG org.asynchttpclient.netty.request.NettyRequestSender - Using open Channel [id: 0xf3605471, L:/127.0.0.1:56156 - R:localhost/127.0.0.1:50638] for GET '/session/23e3304affe5f1f90f1a1d129218c02b/element/78984809-4e8a-4eb0-b356-76ec243a7199/enabled'
01:59:28.287 [AsyncHttpClient-1-7] DEBUG org.asynchttpclient.netty.handler.HttpHandler - 

Request DefaultFullHttpRequest(decodeResult: success, version: HTTP/1.1, content: EmptyByteBufBE)
GET /session/23e3304affe5f1f90f1a1d129218c02b/element/78984809-4e8a-4eb0-b356-76ec243a7199/enabled HTTP/1.1
User-Agent: selenium/4.1.2 (java windows)
Cache-Control: no-cache
Content-Type: application/json; charset=utf-8
host: localhost:50638
accept: */*

Response DefaultHttpResponse(decodeResult: success, version: HTTP/1.1)
HTTP/1.1 200 OK
Content-Type: application/json; charset=utf-8
cache-control: no-cache
content-length: 14

01:59:28.287 [AsyncHttpClient-1-7] DEBUG org.asynchttpclient.netty.channel.ChannelManager - Adding key: http://localhost:50638 for channel [id: 0xf3605471, L:/127.0.0.1:56156 - R:localhost/127.0.0.1:50638]
01:59:28.289 [Forwarding isElementEnabled on session 23e3304affe5f1f90f1a1d129218c02b to remote] DEBUG org.asynchttpclient.netty.request.NettyRequestSender - Using pooled Channel '[id: 0xf3605471, L:/127.0.0.1:56156 - R:localhost/127.0.0.1:50638]' for 'GET' to 'http://localhost:50638/session/23e3304affe5f1f90f1a1d129218c02b/element/78984809-4e8a-4eb0-b356-76ec243a7199/enabled'
01:59:28.289 [Forwarding isElementEnabled on session 23e3304affe5f1f90f1a1d129218c02b to remote] DEBUG org.asynchttpclient.netty.request.NettyRequestSender - Using open Channel [id: 0xf3605471, L:/127.0.0.1:56156 - R:localhost/127.0.0.1:50638] for GET '/session/23e3304affe5f1f90f1a1d129218c02b/element/78984809-4e8a-4eb0-b356-76ec243a7199/enabled'
01:59:28.294 [AsyncHttpClient-1-7] DEBUG org.asynchttpclient.netty.handler.HttpHandler - 

Request DefaultFullHttpRequest(decodeResult: success, version: HTTP/1.1, content: EmptyByteBufBE)
GET /session/23e3304affe5f1f90f1a1d129218c02b/element/78984809-4e8a-4eb0-b356-76ec243a7199/enabled HTTP/1.1
User-Agent: selenium/4.1.2 (java windows)
Cache-Control: no-cache
Content-Type: application/json; charset=utf-8
host: localhost:50638
accept: */*

Response DefaultHttpResponse(decodeResult: success, version: HTTP/1.1)
HTTP/1.1 200 OK
Content-Type: application/json; charset=utf-8
cache-control: no-cache
content-length: 14

01:59:28.294 [AsyncHttpClient-1-7] DEBUG org.asynchttpclient.netty.channel.ChannelManager - Adding key: http://localhost:50638 for channel [id: 0xf3605471, L:/127.0.0.1:56156 - R:localhost/127.0.0.1:50638]
01:59:28.296 [Forwarding findElement on session 23e3304affe5f1f90f1a1d129218c02b to remote] DEBUG org.asynchttpclient.netty.request.NettyRequestSender - Using pooled Channel '[id: 0xf3605471, L:/127.0.0.1:56156 - R:localhost/127.0.0.1:50638]' for 'POST' to 'http://localhost:50638/session/23e3304affe5f1f90f1a1d129218c02b/element'
01:59:28.296 [Forwarding findElement on session 23e3304affe5f1f90f1a1d129218c02b to remote] DEBUG org.asynchttpclient.netty.request.NettyRequestSender - Using open Channel [id: 0xf3605471, L:/127.0.0.1:56156 - R:localhost/127.0.0.1:50638] for POST '/session/23e3304affe5f1f90f1a1d129218c02b/element'
01:59:28.303 [AsyncHttpClient-1-7] DEBUG org.asynchttpclient.netty.handler.HttpHandler - 

Request DefaultHttpRequest(decodeResult: success, version: HTTP/1.1)
POST /session/23e3304affe5f1f90f1a1d129218c02b/element HTTP/1.1
User-Agent: selenium/4.1.2 (java windows)
Content-Length: 136
Content-Type: application/json; charset=utf-8
host: localhost:50638
accept: */*

Response DefaultHttpResponse(decodeResult: success, version: HTTP/1.1)
HTTP/1.1 200 OK
Content-Type: application/json; charset=utf-8
cache-control: no-cache
content-length: 88

01:59:28.303 [AsyncHttpClient-1-7] DEBUG org.asynchttpclient.netty.channel.ChannelManager - Adding key: http://localhost:50638 for channel [id: 0xf3605471, L:/127.0.0.1:56156 - R:localhost/127.0.0.1:50638]
01:59:28.304 [Forwarding clickElement on session 23e3304affe5f1f90f1a1d129218c02b to remote] DEBUG org.asynchttpclient.netty.request.NettyRequestSender - Using pooled Channel '[id: 0xf3605471, L:/127.0.0.1:56156 - R:localhost/127.0.0.1:50638]' for 'POST' to 'http://localhost:50638/session/23e3304affe5f1f90f1a1d129218c02b/element/78984809-4e8a-4eb0-b356-76ec243a7199/click'
01:59:28.304 [Forwarding clickElement on session 23e3304affe5f1f90f1a1d129218c02b to remote] DEBUG org.asynchttpclient.netty.request.NettyRequestSender - Using open Channel [id: 0xf3605471, L:/127.0.0.1:56156 - R:localhost/127.0.0.1:50638] for POST '/session/23e3304affe5f1f90f1a1d129218c02b/element/78984809-4e8a-4eb0-b356-76ec243a7199/click'
01:59:28.336 [AsyncHttpClient-1-7] DEBUG org.asynchttpclient.netty.handler.HttpHandler - 

Request DefaultHttpRequest(decodeResult: success, version: HTTP/1.1)
POST /session/23e3304affe5f1f90f1a1d129218c02b/element/78984809-4e8a-4eb0-b356-76ec243a7199/click HTTP/1.1
User-Agent: selenium/4.1.2 (java windows)
Content-Length: 50
Content-Type: application/json; charset=utf-8
host: localhost:50638
accept: */*

Response DefaultHttpResponse(decodeResult: success, version: HTTP/1.1)
HTTP/1.1 200 OK
Content-Type: application/json; charset=utf-8
cache-control: no-cache
content-length: 14

01:59:28.336 [AsyncHttpClient-1-7] DEBUG org.asynchttpclient.netty.channel.ChannelManager - Adding key: http://localhost:50638 for channel [id: 0xf3605471, L:/127.0.0.1:56156 - R:localhost/127.0.0.1:50638]
01:59:28.342 [Forwarding screenshot on session 23e3304affe5f1f90f1a1d129218c02b to remote] DEBUG org.asynchttpclient.netty.request.NettyRequestSender - Using pooled Channel '[id: 0xf3605471, L:/127.0.0.1:56156 - R:localhost/127.0.0.1:50638]' for 'GET' to 'http://localhost:50638/session/23e3304affe5f1f90f1a1d129218c02b/screenshot'
01:59:28.342 [Forwarding screenshot on session 23e3304affe5f1f90f1a1d129218c02b to remote] DEBUG org.asynchttpclient.netty.request.NettyRequestSender - Using open Channel [id: 0xf3605471, L:/127.0.0.1:56156 - R:localhost/127.0.0.1:50638] for GET '/session/23e3304affe5f1f90f1a1d129218c02b/screenshot'
01:59:28.463 [AsyncHttpClient-1-7] DEBUG org.asynchttpclient.netty.handler.HttpHandler - 

Request DefaultFullHttpRequest(decodeResult: success, version: HTTP/1.1, content: EmptyByteBufBE)
GET /session/23e3304affe5f1f90f1a1d129218c02b/screenshot HTTP/1.1
User-Agent: selenium/4.1.2 (java windows)
Cache-Control: no-cache
Content-Type: application/json; charset=utf-8
host: localhost:50638
accept: */*

Response DefaultHttpResponse(decodeResult: success, version: HTTP/1.1)
HTTP/1.1 200 OK
Content-Type: application/json; charset=utf-8
cache-control: no-cache
content-length: 24212

01:59:28.463 [AsyncHttpClient-1-7] DEBUG org.asynchttpclient.netty.channel.ChannelManager - Adding key: http://localhost:50638 for channel [id: 0xf3605471, L:/127.0.0.1:56156 - R:localhost/127.0.0.1:50638]
01:59:28.464 [main] DEBUG net.serenitybdd.core.photography.Darkroom - Send negative for processing for target\site\serenity\72ebd7604493fcb8a39282449798b97291614d464e698386b3c13c0fc1fbbfb1.png
01:59:28.464 [main] DEBUG net.thucydides.core.steps.StepInterceptor - STEP DONE: clickReduceButton
  &amp#27;[32mAnd &amp#27;[0m&amp#27;[32mI click on reduce button&amp#27;[0m                  &amp#27;[90m# starter.stepdefinitions.OrderSteps.clickReduceButton()&amp#27;[0m
01:59:28.465 [Darkroom Processing Line] DEBUG net.serenitybdd.core.photography.DarkroomProcessingLine - Processing screenshot image in /var/screenshots/screenshot-17942794791007218711
01:59:28.465 [Darkroom Processing Line] DEBUG net.serenitybdd.core.photography.DarkroomProcessingLine - Saving screenshot to target\site\serenity\72ebd7604493fcb8a39282449798b97291614d464e698386b3c13c0fc1fbbfb1.png
01:59:28.473 [main] DEBUG net.thucydides.core.steps.StepInterceptor - STARTING STEP: OrderSteps.orderEmptyAlertShowed - orderEmptyAlertShowed
01:59:28.475 [Forwarding findElement on session 23e3304affe5f1f90f1a1d129218c02b to remote] DEBUG org.asynchttpclient.netty.request.NettyRequestSender - Using pooled Channel '[id: 0xf3605471, L:/127.0.0.1:56156 - R:localhost/127.0.0.1:50638]' for 'POST' to 'http://localhost:50638/session/23e3304affe5f1f90f1a1d129218c02b/element'
01:59:28.475 [Forwarding findElement on session 23e3304affe5f1f90f1a1d129218c02b to remote] DEBUG org.asynchttpclient.netty.request.NettyRequestSender - Using open Channel [id: 0xf3605471, L:/127.0.0.1:56156 - R:localhost/127.0.0.1:50638] for POST '/session/23e3304affe5f1f90f1a1d129218c02b/element'
01:59:28.484 [AsyncHttpClient-1-7] DEBUG org.asynchttpclient.netty.handler.HttpHandler - 

Request DefaultHttpRequest(decodeResult: success, version: HTTP/1.1)
POST /session/23e3304affe5f1f90f1a1d129218c02b/element HTTP/1.1
User-Agent: selenium/4.1.2 (java windows)
Content-Length: 137
Content-Type: application/json; charset=utf-8
host: localhost:50638
accept: */*

Response DefaultHttpResponse(decodeResult: success, version: HTTP/1.1)
HTTP/1.1 200 OK
Content-Type: application/json; charset=utf-8
cache-control: no-cache
content-length: 88

01:59:28.484 [AsyncHttpClient-1-7] DEBUG org.asynchttpclient.netty.channel.ChannelManager - Adding key: http://localhost:50638 for channel [id: 0xf3605471, L:/127.0.0.1:56156 - R:localhost/127.0.0.1:50638]
01:59:28.485 [Forwarding getElementTagName on session 23e3304affe5f1f90f1a1d129218c02b to remote] DEBUG org.asynchttpclient.netty.request.NettyRequestSender - Using pooled Channel '[id: 0xf3605471, L:/127.0.0.1:56156 - R:localhost/127.0.0.1:50638]' for 'GET' to 'http://localhost:50638/session/23e3304affe5f1f90f1a1d129218c02b/element/1e72f0a7-4b38-4ac1-ac7f-082bad47bbac/name'
01:59:28.485 [Forwarding getElementTagName on session 23e3304affe5f1f90f1a1d129218c02b to remote] DEBUG org.asynchttpclient.netty.request.NettyRequestSender - Using open Channel [id: 0xf3605471, L:/127.0.0.1:56156 - R:localhost/127.0.0.1:50638] for GET '/session/23e3304affe5f1f90f1a1d129218c02b/element/1e72f0a7-4b38-4ac1-ac7f-082bad47bbac/name'
01:59:28.488 [AsyncHttpClient-1-7] DEBUG org.asynchttpclient.netty.handler.HttpHandler - 

Request DefaultFullHttpRequest(decodeResult: success, version: HTTP/1.1, content: EmptyByteBufBE)
GET /session/23e3304affe5f1f90f1a1d129218c02b/element/1e72f0a7-4b38-4ac1-ac7f-082bad47bbac/name HTTP/1.1
User-Agent: selenium/4.1.2 (java windows)
Cache-Control: no-cache
Content-Type: application/json; charset=utf-8
host: localhost:50638
accept: */*

Response DefaultHttpResponse(decodeResult: success, version: HTTP/1.1)
HTTP/1.1 200 OK
Content-Type: application/json; charset=utf-8
cache-control: no-cache
content-length: 15

01:59:28.488 [AsyncHttpClient-1-7] DEBUG org.asynchttpclient.netty.channel.ChannelManager - Adding key: http://localhost:50638 for channel [id: 0xf3605471, L:/127.0.0.1:56156 - R:localhost/127.0.0.1:50638]
01:59:28.490 [Forwarding getElementTagName on session 23e3304affe5f1f90f1a1d129218c02b to remote] DEBUG org.asynchttpclient.netty.request.NettyRequestSender - Using pooled Channel '[id: 0xf3605471, L:/127.0.0.1:56156 - R:localhost/127.0.0.1:50638]' for 'GET' to 'http://localhost:50638/session/23e3304affe5f1f90f1a1d129218c02b/element/1e72f0a7-4b38-4ac1-ac7f-082bad47bbac/name'
01:59:28.490 [Forwarding getElementTagName on session 23e3304affe5f1f90f1a1d129218c02b to remote] DEBUG org.asynchttpclient.netty.request.NettyRequestSender - Using open Channel [id: 0xf3605471, L:/127.0.0.1:56156 - R:localhost/127.0.0.1:50638] for GET '/session/23e3304affe5f1f90f1a1d129218c02b/element/1e72f0a7-4b38-4ac1-ac7f-082bad47bbac/name'
01:59:28.492 [AsyncHttpClient-1-7] DEBUG org.asynchttpclient.netty.handler.HttpHandler - 

Request DefaultFullHttpRequest(decodeResult: success, version: HTTP/1.1, content: EmptyByteBufBE)
GET /session/23e3304affe5f1f90f1a1d129218c02b/element/1e72f0a7-4b38-4ac1-ac7f-082bad47bbac/name HTTP/1.1
User-Agent: selenium/4.1.2 (java windows)
Cache-Control: no-cache
Content-Type: application/json; charset=utf-8
host: localhost:50638
accept: */*

Response DefaultHttpResponse(decodeResult: success, version: HTTP/1.1)
HTTP/1.1 200 OK
Content-Type: application/json; charset=utf-8
cache-control: no-cache
content-length: 15

01:59:28.492 [AsyncHttpClient-1-7] DEBUG org.asynchttpclient.netty.channel.ChannelManager - Adding key: http://localhost:50638 for channel [id: 0xf3605471, L:/127.0.0.1:56156 - R:localhost/127.0.0.1:50638]
01:59:28.493 [Forwarding findElement on session 23e3304affe5f1f90f1a1d129218c02b to remote] DEBUG org.asynchttpclient.netty.request.NettyRequestSender - Using pooled Channel '[id: 0xf3605471, L:/127.0.0.1:56156 - R:localhost/127.0.0.1:50638]' for 'POST' to 'http://localhost:50638/session/23e3304affe5f1f90f1a1d129218c02b/element'
01:59:28.493 [Forwarding findElement on session 23e3304affe5f1f90f1a1d129218c02b to remote] DEBUG org.asynchttpclient.netty.request.NettyRequestSender - Using open Channel [id: 0xf3605471, L:/127.0.0.1:56156 - R:localhost/127.0.0.1:50638] for POST '/session/23e3304affe5f1f90f1a1d129218c02b/element'
01:59:28.497 [AsyncHttpClient-1-7] DEBUG org.asynchttpclient.netty.handler.HttpHandler - 

Request DefaultHttpRequest(decodeResult: success, version: HTTP/1.1)
POST /session/23e3304affe5f1f90f1a1d129218c02b/element HTTP/1.1
User-Agent: selenium/4.1.2 (java windows)
Content-Length: 137
Content-Type: application/json; charset=utf-8
host: localhost:50638
accept: */*

Response DefaultHttpResponse(decodeResult: success, version: HTTP/1.1)
HTTP/1.1 200 OK
Content-Type: application/json; charset=utf-8
cache-control: no-cache
content-length: 88

01:59:28.498 [AsyncHttpClient-1-7] DEBUG org.asynchttpclient.netty.channel.ChannelManager - Adding key: http://localhost:50638 for channel [id: 0xf3605471, L:/127.0.0.1:56156 - R:localhost/127.0.0.1:50638]
01:59:28.499 [Forwarding clickElement on session 23e3304affe5f1f90f1a1d129218c02b to remote] DEBUG org.asynchttpclient.netty.request.NettyRequestSender - Using pooled Channel '[id: 0xf3605471, L:/127.0.0.1:56156 - R:localhost/127.0.0.1:50638]' for 'POST' to 'http://localhost:50638/session/23e3304affe5f1f90f1a1d129218c02b/element/1e72f0a7-4b38-4ac1-ac7f-082bad47bbac/click'
01:59:28.499 [Forwarding clickElement on session 23e3304affe5f1f90f1a1d129218c02b to remote] DEBUG org.asynchttpclient.netty.request.NettyRequestSender - Using open Channel [id: 0xf3605471, L:/127.0.0.1:56156 - R:localhost/127.0.0.1:50638] for POST '/session/23e3304affe5f1f90f1a1d129218c02b/element/1e72f0a7-4b38-4ac1-ac7f-082bad47bbac/click'
01:59:28.558 [AsyncHttpClient-1-7] DEBUG org.asynchttpclient.netty.handler.HttpHandler - 

Request DefaultHttpRequest(decodeResult: success, version: HTTP/1.1)
POST /session/23e3304affe5f1f90f1a1d129218c02b/element/1e72f0a7-4b38-4ac1-ac7f-082bad47bbac/click HTTP/1.1
User-Agent: selenium/4.1.2 (java windows)
Content-Length: 50
Content-Type: application/json; charset=utf-8
host: localhost:50638
accept: */*

Response DefaultHttpResponse(decodeResult: success, version: HTTP/1.1)
HTTP/1.1 200 OK
Content-Type: application/json; charset=utf-8
cache-control: no-cache
content-length: 14

01:59:28.558 [AsyncHttpClient-1-7] DEBUG org.asynchttpclient.netty.channel.ChannelManager - Adding key: http://localhost:50638 for channel [id: 0xf3605471, L:/127.0.0.1:56156 - R:localhost/127.0.0.1:50638]
01:59:28.561 [Forwarding screenshot on session 23e3304affe5f1f90f1a1d129218c02b to remote] DEBUG org.asynchttpclient.netty.request.NettyRequestSender - Using pooled Channel '[id: 0xf3605471, L:/127.0.0.1:56156 - R:localhost/127.0.0.1:50638]' for 'GET' to 'http://localhost:50638/session/23e3304affe5f1f90f1a1d129218c02b/screenshot'
01:59:28.561 [Forwarding screenshot on session 23e3304affe5f1f90f1a1d129218c02b to remote] DEBUG org.asynchttpclient.netty.request.NettyRequestSender - Using open Channel [id: 0xf3605471, L:/127.0.0.1:56156 - R:localhost/127.0.0.1:50638] for GET '/session/23e3304affe5f1f90f1a1d129218c02b/screenshot'
01:59:28.660 [AsyncHttpClient-1-7] DEBUG org.asynchttpclient.netty.handler.HttpHandler - 

Request DefaultFullHttpRequest(decodeResult: success, version: HTTP/1.1, content: EmptyByteBufBE)
GET /session/23e3304affe5f1f90f1a1d129218c02b/screenshot HTTP/1.1
User-Agent: selenium/4.1.2 (java windows)
Cache-Control: no-cache
Content-Type: application/json; charset=utf-8
host: localhost:50638
accept: */*

Response DefaultHttpResponse(decodeResult: success, version: HTTP/1.1)
HTTP/1.1 200 OK
Content-Type: application/json; charset=utf-8
cache-control: no-cache
content-length: 22280

01:59:28.660 [AsyncHttpClient-1-7] DEBUG org.asynchttpclient.netty.channel.ChannelManager - Adding key: http://localhost:50638 for channel [id: 0xf3605471, L:/127.0.0.1:56156 - R:localhost/127.0.0.1:50638]
01:59:28.660 [main] DEBUG net.serenitybdd.core.photography.Darkroom - Send negative for processing for target\site\serenity\688028c389ed30df361fc7d150d055d2e2827eccd20e248333d223328d89b3c2.png
01:59:28.661 [main] DEBUG net.thucydides.core.steps.StepInterceptor - STEP DONE: orderEmptyAlertShowed
  &amp#27;[32mThen &amp#27;[0m&amp#27;[32mThe order is empty message showed&amp#27;[0m        &amp#27;[90m# starter.stepdefinitions.OrderSteps.orderEmptyAlertShowed()&amp#27;[0m
01:59:28.661 [Darkroom Processing Line] DEBUG net.serenitybdd.core.photography.DarkroomProcessingLine - Processing screenshot image in /var/screenshots/screenshot-8235512638441551424
01:59:28.661 [Darkroom Processing Line] DEBUG net.serenitybdd.core.photography.DarkroomProcessingLine - Saving screenshot to target\site\serenity\688028c389ed30df361fc7d150d055d2e2827eccd20e248333d223328d89b3c2.png
01:59:28.670 [main] INFO  - 
  _____   ___   ___   _____     ___     _     ___   ___   ___   ___  
 |_   _| | __| / __| |_   _|   | _ \   /_\   / __| / __| | __| |   \ 
   | |   | _|  \__ \   | |     |  _/  / _ \  \__ \ \__ \ | _|  | |) |
   |_|   |___| |___/   |_|     |_|   /_/ \_\ |___/ |___/ |___| |___/ 

Order and reduce the product quantity
----------------------------------------------------------------------
01:59:28.671 [AsyncHttpClient-1-9] DEBUG org.asynchttpclient.netty.handler.WebSocketHandler - Channel Closed: [id: 0x977e68ce, L:/127.0.0.1:56164 ! R:localhost/127.0.0.1:56157] with attribute NettyResponseFuture{currentRetry=5,
	isDone=1,
	isCancelled=0,
	asyncHandler=org.asynchttpclient.ws.WebSocketUpgradeHandler@1b80ce0e,
	nettyRequest=org.asynchttpclient.netty.request.NettyRequest@41da9683,
	future=java.util.concurrent.CompletableFuture@63d067bc[Completed normally],
	uri=ws://localhost:56157/devtools/browser/bdb56ef0-0dd0-4907-9c82-1c0efd213f03,
	keepAlive=true,
	redirectCount=0,
	timeoutsHolder=null,
	inAuth=0,
	touch=1652554763909}
01:59:28.671 [AsyncHttpClient-1-9] DEBUG org.asynchttpclient.netty.channel.ChannelManager - Closing Channel [id: 0x977e68ce, L:/127.0.0.1:56164 ! R:localhost/127.0.0.1:56157] 
01:59:28.672 [Driver Command Executor] DEBUG org.asynchttpclient.netty.request.NettyRequestSender - Using pooled Channel '[id: 0xf3605471, L:/127.0.0.1:56156 - R:localhost/127.0.0.1:50638]' for 'DELETE' to 'http://localhost:50638/session/23e3304affe5f1f90f1a1d129218c02b'
01:59:28.672 [Driver Command Executor] DEBUG org.asynchttpclient.netty.request.NettyRequestSender - Using open Channel [id: 0xf3605471, L:/127.0.0.1:56156 - R:localhost/127.0.0.1:50638] for DELETE '/session/23e3304affe5f1f90f1a1d129218c02b'
01:59:28.710 [AsyncHttpClient-1-8] DEBUG org.asynchttpclient.netty.handler.HttpHandler - Unexpected I/O exception on channel [id: 0x024c2c27, L:/127.0.0.1:56163 - R:localhost/127.0.0.1:56157]
java.io.IOException: An existing connection was forcibly closed by the remote host
	at java.base/sun.nio.ch.SocketDispatcher.read0(Native Method)
	at java.base/sun.nio.ch.SocketDispatcher.read(SocketDispatcher.java:43)
	at java.base/sun.nio.ch.IOUtil.readIntoNativeBuffer(IOUtil.java:276)
	at java.base/sun.nio.ch.IOUtil.read(IOUtil.java:233)
	at java.base/sun.nio.ch.IOUtil.read(IOUtil.java:223)
	at java.base/sun.nio.ch.SocketChannelImpl.read(SocketChannelImpl.java:358)
	at io.netty.buffer.PooledByteBuf.setBytes(PooledByteBuf.java:258)
	at io.netty.buffer.AbstractByteBuf.writeBytes(AbstractByteBuf.java:1132)
	at io.netty.channel.socket.nio.NioSocketChannel.doReadBytes(NioSocketChannel.java:350)
	at io.netty.channel.nio.AbstractNioByteChannel$NioByteUnsafe.read(AbstractNioByteChannel.java:151)
	at io.netty.channel.nio.NioEventLoop.processSelectedKey(NioEventLoop.java:722)
	at io.netty.channel.nio.NioEventLoop.processSelectedKeysOptimized(NioEventLoop.java:658)
	at io.netty.channel.nio.NioEventLoop.processSelectedKeys(NioEventLoop.java:584)
	at io.netty.channel.nio.NioEventLoop.run(NioEventLoop.java:496)
	at io.netty.util.concurrent.SingleThreadEventExecutor$4.run(SingleThreadEventExecutor.java:986)
	at io.netty.util.internal.ThreadExecutorMap$2.run(ThreadExecutorMap.java:74)
	at io.netty.util.concurrent.FastThreadLocalRunnable.run(FastThreadLocalRunnable.java:30)
	at java.base/java.lang.Thread.run(Thread.java:834)
01:59:28.710 [AsyncHttpClient-1-8] DEBUG org.asynchttpclient.netty.channel.ChannelManager - Closing Channel [id: 0x024c2c27, L:/127.0.0.1:56163 - R:localhost/127.0.0.1:56157] 
01:59:28.710 [AsyncHttpClient-1-8] DEBUG org.asynchttpclient.netty.handler.HttpHandler - Channel Closed: [id: 0x024c2c27, L:/127.0.0.1:56163 ! R:localhost/127.0.0.1:56157] with attribute DISCARD
01:59:28.724 [AsyncHttpClient-1-7] DEBUG org.asynchttpclient.netty.handler.HttpHandler - 

Request DefaultFullHttpRequest(decodeResult: success, version: HTTP/1.1, content: EmptyByteBufBE)
DELETE /session/23e3304affe5f1f90f1a1d129218c02b HTTP/1.1
User-Agent: selenium/4.1.2 (java windows)
Content-Type: application/json; charset=utf-8
host: localhost:50638
accept: */*

Response DefaultHttpResponse(decodeResult: success, version: HTTP/1.1)
HTTP/1.1 200 OK
Content-Type: application/json; charset=utf-8
cache-control: no-cache
content-length: 14

01:59:28.724 [AsyncHttpClient-1-7] DEBUG org.asynchttpclient.netty.channel.ChannelManager - Adding key: http://localhost:50638 for channel [id: 0xf3605471, L:/127.0.0.1:56156 - R:localhost/127.0.0.1:50638]
01:59:28.793 [AsyncHttpClient-1-7] DEBUG org.asynchttpclient.netty.handler.HttpHandler - Channel Closed: [id: 0xf3605471, L:/127.0.0.1:56156 ! R:localhost/127.0.0.1:50638] with attribute DISCARD
]]></system-out>
    <system-err><![CDATA[Starting ChromeDriver 101.0.4951.41 (93c720db8323b3ec10d056025ab95c23a31997c9-refs/branch-heads/4951@{#904}) on port 50638
Only local connections are allowed.
Please see https://chromedriver.chromium.org/security-considerations for suggestions on keeping ChromeDriver safe.
ChromeDriver was started successfully.
May 15, 2022 1:59:23 AM org.openqa.selenium.remote.ProtocolHandshake createSession
INFO: Detected dialect: W3C
May 15, 2022 1:59:23 AM org.openqa.selenium.devtools.CdpVersionFinder findNearestMatch
WARNING: Unable to find an exact match for CDP version 101, so returning the closest version found: 97
May 15, 2022 1:59:23 AM org.openqa.selenium.devtools.CdpVersionFinder findNearestMatch
INFO: Found CDP implementation for version 101 of 97
]]></system-err>
  </testcase>
  <testcase name="Logout an account" classname="Ratings" time="7.008">
    <system-out><![CDATA[01:59:29.321 [main] INFO io.cucumber.core.plugin.SerenityReporter - Running feature from file:///D:/Intern/MSIB%20Alterra/alterra-mini-project/Serenity%20UI%20Test/src/test/resources/features/Rating.feature
01:59:29.322 [main] DEBUG net.thucydides.core.steps.StepEventBus - Test suite started for story net.thucydides.core.model.Story@6f9be80f
01:59:29.322 [main] INFO  - Test Suite Started: Ratings

Scenario: Logout an account                         &amp#27;[90m# src/test/resources/features/Rating.feature:3&amp#27;[0m
01:59:29.328 [main] INFO io.cucumber.core.plugin.SerenityReporter - Running feature from file:///D:/Intern/MSIB%20Alterra/alterra-mini-project/Serenity%20UI%20Test/src/test/resources/features/Rating.feature
01:59:29.328 [main] INFO  - 
  _____   ___   ___   _____     ___   _____     _     ___   _____   ___   ___  
 |_   _| | __| / __| |_   _|   / __| |_   _|   /_\   | _ \ |_   _| | __| |   \ 
   | |   | _|  \__ \   | |     \__ \   | |    / _ \  |   /   | |   | _|  | |) |
   |_|   |___| |___/   |_|     |___/   |_|   /_/ \_\ |_|_\   |_|   |___| |___/ 

Logout an account(ratings;logout-an-account)
--------------------------------------------------------------------------------
01:59:29.367 [AsyncHttpClient-1-1] DEBUG org.asynchttpclient.netty.channel.DefaultChannelPool - Entry count for : http://localhost:56157 : 1
01:59:29.367 [AsyncHttpClient-1-1] DEBUG org.asynchttpclient.netty.channel.DefaultChannelPool - Entry count for : http://localhost:50638 : 1
01:59:29.367 [AsyncHttpClient-1-1] DEBUG org.asynchttpclient.netty.channel.DefaultChannelPool - Adding Candidate expired Channel [id: 0x024c2c27, L:/127.0.0.1:56163 ! R:localhost/127.0.0.1:56157] isIdleTimeoutExpired=false isRemotelyClosed=true isTtlExpired=false
01:59:29.367 [AsyncHttpClient-1-1] DEBUG org.asynchttpclient.netty.channel.DefaultChannelPool - Closing Idle Channel [id: 0x024c2c27, L:/127.0.0.1:56163 ! R:localhost/127.0.0.1:56157]
01:59:29.367 [AsyncHttpClient-1-1] DEBUG org.asynchttpclient.netty.channel.DefaultChannelPool - Adding Candidate expired Channel [id: 0xf3605471, L:/127.0.0.1:56156 ! R:localhost/127.0.0.1:50638] isIdleTimeoutExpired=false isRemotelyClosed=true isTtlExpired=false
01:59:29.368 [AsyncHttpClient-1-1] DEBUG org.asynchttpclient.netty.channel.DefaultChannelPool - Closing Idle Channel [id: 0xf3605471, L:/127.0.0.1:56156 ! R:localhost/127.0.0.1:50638]
01:59:29.368 [AsyncHttpClient-1-1] DEBUG org.asynchttpclient.netty.channel.DefaultChannelPool - Closed 2 connections out of 2 in 1 ms
01:59:29.373 [main] DEBUG net.thucydides.core.steps.StepInterceptor - STARTING STEP: RatingSteps.onTheLoginPage - loginPage
01:59:29.373 [main] INFO net.serenitybdd.core.webdriver.driverproviders.ChromeDriverProvider - Using automatically driver download
01:59:29.437 [main] DEBUG io.github.bonigarcia.wdm.cache.ResolutionCache - Resolution chrome=101 in cache (valid until 02:58:38 15/05/2022 ICT)
01:59:29.439 [main] DEBUG io.github.bonigarcia.wdm.cache.ResolutionCache - Resolution chrome101=101.0.4951.41 in cache (valid until 14:15:13 15/05/2022 ICT)
01:59:29.439 [main] INFO io.github.bonigarcia.wdm.WebDriverManager - Using chromedriver 101.0.4951.41 (resolved driver for Chrome 101)
01:59:29.444 [main] DEBUG io.github.bonigarcia.wdm.WebDriverManager - Driver chromedriver 101.0.4951.41 found in cache
01:59:29.444 [main] INFO io.github.bonigarcia.wdm.WebDriverManager - Exporting webdriver.chrome.driver as C:\Users\saral\.cache\selenium\chromedriver\win32\101.0.4951.41\chromedriver.exe
01:59:29.506 [main] DEBUG net.serenitybdd.core.webdriver.driverproviders.ProvideNewDriver - Instantiating driver
01:59:29.506 [main] DEBUG net.serenitybdd.core.webdriver.driverproviders.ProvideNewDriver - Driver capabilities: Capabilities {acceptInsecureCerts: false, base.url: https://qa.alta.id/, browserName: chrome, chrome.driver: src/main/resources/webdrive..., driver: chrome, goog:chromeOptions: {args: [], extensions: []}}
01:59:30.040 [AsyncHttpClient-1-10] DEBUG org.asynchttpclient.netty.channel.NettyConnectListener - Using new Channel '[id: 0xf236355b, L:/127.0.0.1:56190 - R:localhost/127.0.0.1:59196]' for 'POST' to '/session'
01:59:30.598 [AsyncHttpClient-1-10] DEBUG org.asynchttpclient.netty.handler.HttpHandler - 

Request DefaultHttpRequest(decodeResult: success, version: HTTP/1.1)
POST /session HTTP/1.1
User-Agent: selenium/4.1.2 (java windows)
Content-Length: 605
Content-Type: application/json; charset=utf-8
host: localhost:59196
accept: */*

Response DefaultHttpResponse(decodeResult: success, version: HTTP/1.1)
HTTP/1.1 200 OK
Content-Type: application/json; charset=utf-8
cache-control: no-cache
content-length: 789

01:59:30.599 [AsyncHttpClient-1-10] DEBUG org.asynchttpclient.netty.channel.ChannelManager - Adding key: http://localhost:59196 for channel [id: 0xf236355b, L:/127.0.0.1:56190 - R:localhost/127.0.0.1:59196]
01:59:30.602 [AsyncHttpClient-1-11] DEBUG org.asynchttpclient.netty.channel.NettyConnectListener - Using new Channel '[id: 0x21cc4a44, L:/127.0.0.1:56197 - R:localhost/127.0.0.1:56191]' for 'GET' to '/json/version'
01:59:30.603 [AsyncHttpClient-1-11] DEBUG org.asynchttpclient.netty.handler.HttpHandler - 

Request DefaultFullHttpRequest(decodeResult: success, version: HTTP/1.1, content: EmptyByteBufBE)
GET /json/version HTTP/1.1
User-Agent: selenium/4.1.2 (java windows)
host: localhost:56191
accept: */*

Response DefaultHttpResponse(decodeResult: success, version: HTTP/1.1)
HTTP/1.1 200 OK
Content-Type: application/json; charset=UTF-8
content-length: 427

01:59:30.603 [AsyncHttpClient-1-11] DEBUG org.asynchttpclient.netty.channel.ChannelManager - Adding key: http://localhost:56191 for channel [id: 0x21cc4a44, L:/127.0.0.1:56197 - R:localhost/127.0.0.1:56191]
01:59:30.604 [AsyncHttpClient-1-12] DEBUG org.asynchttpclient.netty.channel.NettyConnectListener - Using new Channel '[id: 0xd3effd42, L:/127.0.0.1:56198 - R:localhost/127.0.0.1:56191]' for 'GET' to '/devtools/browser/5346d4c5-bf13-43cc-81a7-1f6df5c3aa10'
01:59:30.604 [AsyncHttpClient-1-12] DEBUG org.asynchttpclient.netty.handler.WebSocketHandler - 

Request DefaultFullHttpRequest(decodeResult: success, version: HTTP/1.1, content: EmptyByteBufBE)
GET /devtools/browser/5346d4c5-bf13-43cc-81a7-1f6df5c3aa10 HTTP/1.1
upgrade: websocket
connection: upgrade
sec-websocket-key: Vh8FPZFJAht4gAtzqFKGHQ==
sec-websocket-version: 13
origin: http://localhost:56191
host: localhost:56191
accept: */*
user-agent: AHC/2.1

Response DefaultHttpResponse(decodeResult: success, version: HTTP/1.1)
HTTP/1.1 101 WebSocket Protocol Handshake
Upgrade: WebSocket
Connection: Upgrade
Sec-WebSocket-Accept: 6AqcQc3GX8dd0VTMpP09hGymaDE=

01:59:30.608 [Forwarding get on session 6982e071b2148582eef085eaa5c2e96a to remote] DEBUG org.asynchttpclient.netty.request.NettyRequestSender - Using pooled Channel '[id: 0xf236355b, L:/127.0.0.1:56190 - R:localhost/127.0.0.1:59196]' for 'POST' to 'http://localhost:59196/session/6982e071b2148582eef085eaa5c2e96a/url'
01:59:30.608 [Forwarding get on session 6982e071b2148582eef085eaa5c2e96a to remote] DEBUG org.asynchttpclient.netty.request.NettyRequestSender - Using open Channel [id: 0xf236355b, L:/127.0.0.1:56190 - R:localhost/127.0.0.1:59196] for POST '/session/6982e071b2148582eef085eaa5c2e96a/url'
01:59:31.568 [AsyncHttpClient-1-1] DEBUG org.asynchttpclient.netty.channel.DefaultChannelPool - Entry count for : http://localhost:56191 : 1
01:59:32.439 [AsyncHttpClient-1-10] DEBUG org.asynchttpclient.netty.handler.HttpHandler - 

Request DefaultHttpRequest(decodeResult: success, version: HTTP/1.1)
POST /session/6982e071b2148582eef085eaa5c2e96a/url HTTP/1.1
User-Agent: selenium/4.1.2 (java windows)
Content-Length: 64
Content-Type: application/json; charset=utf-8
host: localhost:59196
accept: */*

Response DefaultHttpResponse(decodeResult: success, version: HTTP/1.1)
HTTP/1.1 200 OK
Content-Type: application/json; charset=utf-8
cache-control: no-cache
content-length: 14

01:59:32.439 [AsyncHttpClient-1-10] DEBUG org.asynchttpclient.netty.channel.ChannelManager - Adding key: http://localhost:59196 for channel [id: 0xf236355b, L:/127.0.0.1:56190 - R:localhost/127.0.0.1:59196]
01:59:32.440 [Forwarding setTimeout on session 6982e071b2148582eef085eaa5c2e96a to remote] DEBUG org.asynchttpclient.netty.request.NettyRequestSender - Using pooled Channel '[id: 0xf236355b, L:/127.0.0.1:56190 - R:localhost/127.0.0.1:59196]' for 'POST' to 'http://localhost:59196/session/6982e071b2148582eef085eaa5c2e96a/timeouts'
01:59:32.440 [Forwarding setTimeout on session 6982e071b2148582eef085eaa5c2e96a to remote] DEBUG org.asynchttpclient.netty.request.NettyRequestSender - Using open Channel [id: 0xf236355b, L:/127.0.0.1:56190 - R:localhost/127.0.0.1:59196] for POST '/session/6982e071b2148582eef085eaa5c2e96a/timeouts'
01:59:32.441 [AsyncHttpClient-1-10] DEBUG org.asynchttpclient.netty.handler.HttpHandler - 

Request DefaultHttpRequest(decodeResult: success, version: HTTP/1.1)
POST /session/6982e071b2148582eef085eaa5c2e96a/timeouts HTTP/1.1
User-Agent: selenium/4.1.2 (java windows)
Content-Length: 22
Content-Type: application/json; charset=utf-8
host: localhost:59196
accept: */*

Response DefaultHttpResponse(decodeResult: success, version: HTTP/1.1)
HTTP/1.1 200 OK
Content-Type: application/json; charset=utf-8
cache-control: no-cache
content-length: 14

01:59:32.441 [AsyncHttpClient-1-10] DEBUG org.asynchttpclient.netty.channel.ChannelManager - Adding key: http://localhost:59196 for channel [id: 0xf236355b, L:/127.0.0.1:56190 - R:localhost/127.0.0.1:59196]
01:59:32.443 [Forwarding getCurrentUrl on session 6982e071b2148582eef085eaa5c2e96a to remote] DEBUG org.asynchttpclient.netty.request.NettyRequestSender - Using pooled Channel '[id: 0xf236355b, L:/127.0.0.1:56190 - R:localhost/127.0.0.1:59196]' for 'GET' to 'http://localhost:59196/session/6982e071b2148582eef085eaa5c2e96a/url'
01:59:32.443 [Forwarding getCurrentUrl on session 6982e071b2148582eef085eaa5c2e96a to remote] DEBUG org.asynchttpclient.netty.request.NettyRequestSender - Using open Channel [id: 0xf236355b, L:/127.0.0.1:56190 - R:localhost/127.0.0.1:59196] for GET '/session/6982e071b2148582eef085eaa5c2e96a/url'
01:59:32.446 [AsyncHttpClient-1-10] DEBUG org.asynchttpclient.netty.handler.HttpHandler - 

Request DefaultFullHttpRequest(decodeResult: success, version: HTTP/1.1, content: EmptyByteBufBE)
GET /session/6982e071b2148582eef085eaa5c2e96a/url HTTP/1.1
User-Agent: selenium/4.1.2 (java windows)
Cache-Control: no-cache
Content-Type: application/json; charset=utf-8
host: localhost:59196
accept: */*

Response DefaultHttpResponse(decodeResult: success, version: HTTP/1.1)
HTTP/1.1 200 OK
Content-Type: application/json; charset=utf-8
cache-control: no-cache
content-length: 41

01:59:32.446 [AsyncHttpClient-1-10] DEBUG org.asynchttpclient.netty.channel.ChannelManager - Adding key: http://localhost:59196 for channel [id: 0xf236355b, L:/127.0.0.1:56190 - R:localhost/127.0.0.1:59196]
01:59:32.449 [main] DEBUG net.serenitybdd.core.photography.Darkroom - Opening darkroom
01:59:32.449 [Darkroom Processing Line] DEBUG net.serenitybdd.core.photography.DarkroomProcessingLine - Darkroom processing line starting up
01:59:32.450 [Forwarding screenshot on session 6982e071b2148582eef085eaa5c2e96a to remote] DEBUG org.asynchttpclient.netty.request.NettyRequestSender - Using pooled Channel '[id: 0xf236355b, L:/127.0.0.1:56190 - R:localhost/127.0.0.1:59196]' for 'GET' to 'http://localhost:59196/session/6982e071b2148582eef085eaa5c2e96a/screenshot'
01:59:32.450 [Forwarding screenshot on session 6982e071b2148582eef085eaa5c2e96a to remote] DEBUG org.asynchttpclient.netty.request.NettyRequestSender - Using open Channel [id: 0xf236355b, L:/127.0.0.1:56190 - R:localhost/127.0.0.1:59196] for GET '/session/6982e071b2148582eef085eaa5c2e96a/screenshot'
01:59:32.516 [AsyncHttpClient-1-10] DEBUG org.asynchttpclient.netty.handler.HttpHandler - 

Request DefaultFullHttpRequest(decodeResult: success, version: HTTP/1.1, content: EmptyByteBufBE)
GET /session/6982e071b2148582eef085eaa5c2e96a/screenshot HTTP/1.1
User-Agent: selenium/4.1.2 (java windows)
Cache-Control: no-cache
Content-Type: application/json; charset=utf-8
host: localhost:59196
accept: */*

Response DefaultHttpResponse(decodeResult: success, version: HTTP/1.1)
HTTP/1.1 200 OK
Content-Type: application/json; charset=utf-8
cache-control: no-cache
content-length: 32192

01:59:32.516 [AsyncHttpClient-1-10] DEBUG org.asynchttpclient.netty.channel.ChannelManager - Adding key: http://localhost:59196 for channel [id: 0xf236355b, L:/127.0.0.1:56190 - R:localhost/127.0.0.1:59196]
01:59:32.517 [main] DEBUG net.serenitybdd.core.photography.Darkroom - Send negative for processing for target\site\serenity\4d98329a65403fb35239499910819cdb6d3d71d823e551da367b9fc52c2ec142.png
01:59:32.517 [main] DEBUG net.thucydides.core.steps.StepInterceptor - STEP DONE: loginPage
01:59:32.520 [main] DEBUG net.thucydides.core.steps.StepInterceptor - STARTING STEP: RatingSteps.onTheLoginPage - validateOnLoginPage
01:59:32.520 [Forwarding findElement on session 6982e071b2148582eef085eaa5c2e96a to remote] DEBUG org.asynchttpclient.netty.request.NettyRequestSender - Using pooled Channel '[id: 0xf236355b, L:/127.0.0.1:56190 - R:localhost/127.0.0.1:59196]' for 'POST' to 'http://localhost:59196/session/6982e071b2148582eef085eaa5c2e96a/element'
01:59:32.520 [Forwarding findElement on session 6982e071b2148582eef085eaa5c2e96a to remote] DEBUG org.asynchttpclient.netty.request.NettyRequestSender - Using open Channel [id: 0xf236355b, L:/127.0.0.1:56190 - R:localhost/127.0.0.1:59196] for POST '/session/6982e071b2148582eef085eaa5c2e96a/element'
01:59:32.528 [AsyncHttpClient-1-10] DEBUG org.asynchttpclient.netty.handler.HttpHandler - 

Request DefaultHttpRequest(decodeResult: success, version: HTTP/1.1)
POST /session/6982e071b2148582eef085eaa5c2e96a/element HTTP/1.1
User-Agent: selenium/4.1.2 (java windows)
Content-Length: 155
Content-Type: application/json; charset=utf-8
host: localhost:59196
accept: */*

Response DefaultHttpResponse(decodeResult: success, version: HTTP/1.1)
HTTP/1.1 200 OK
Content-Type: application/json; charset=utf-8
cache-control: no-cache
content-length: 88

01:59:32.528 [AsyncHttpClient-1-10] DEBUG org.asynchttpclient.netty.channel.ChannelManager - Adding key: http://localhost:59196 for channel [id: 0xf236355b, L:/127.0.0.1:56190 - R:localhost/127.0.0.1:59196]
01:59:32.530 [Forwarding isElementDisplayed on session 6982e071b2148582eef085eaa5c2e96a to remote] DEBUG org.asynchttpclient.netty.request.NettyRequestSender - Using pooled Channel '[id: 0xf236355b, L:/127.0.0.1:56190 - R:localhost/127.0.0.1:59196]' for 'POST' to 'http://localhost:59196/session/6982e071b2148582eef085eaa5c2e96a/execute/sync'
01:59:32.530 [Forwarding isElementDisplayed on session 6982e071b2148582eef085eaa5c2e96a to remote] DEBUG org.asynchttpclient.netty.request.NettyRequestSender - Using open Channel [id: 0xf236355b, L:/127.0.0.1:56190 - R:localhost/127.0.0.1:59196] for POST '/session/6982e071b2148582eef085eaa5c2e96a/execute/sync'
01:59:32.537 [AsyncHttpClient-1-10] DEBUG org.asynchttpclient.netty.handler.HttpHandler - 

Request DefaultHttpRequest(decodeResult: success, version: HTTP/1.1)
POST /session/6982e071b2148582eef085eaa5c2e96a/execute/sync HTTP/1.1
User-Agent: selenium/4.1.2 (java windows)
Content-Length: 48780
Content-Type: application/json; charset=utf-8
host: localhost:59196
accept: */*

Response DefaultHttpResponse(decodeResult: success, version: HTTP/1.1)
HTTP/1.1 200 OK
Content-Type: application/json; charset=utf-8
cache-control: no-cache
content-length: 14

01:59:32.537 [AsyncHttpClient-1-10] DEBUG org.asynchttpclient.netty.channel.ChannelManager - Adding key: http://localhost:59196 for channel [id: 0xf236355b, L:/127.0.0.1:56190 - R:localhost/127.0.0.1:59196]
01:59:32.539 [main] DEBUG net.thucydides.core.steps.StepInterceptor - STEP DONE: validateOnLoginPage
  &amp#27;[32mGiven &amp#27;[0m&amp#27;[32mI am on the login page for rating&amp#27;[0m           &amp#27;[90m# starter.stepdefinitions.RatingSteps.onTheLoginPage()&amp#27;[0m
01:59:32.545 [main] DEBUG net.thucydides.core.steps.StepInterceptor - STARTING STEP: RatingSteps.inputValidEmail - inputEmail
01:59:32.546 [Forwarding findElement on session 6982e071b2148582eef085eaa5c2e96a to remote] DEBUG org.asynchttpclient.netty.request.NettyRequestSender - Using pooled Channel '[id: 0xf236355b, L:/127.0.0.1:56190 - R:localhost/127.0.0.1:59196]' for 'POST' to 'http://localhost:59196/session/6982e071b2148582eef085eaa5c2e96a/element'
01:59:32.546 [Forwarding findElement on session 6982e071b2148582eef085eaa5c2e96a to remote] DEBUG org.asynchttpclient.netty.request.NettyRequestSender - Using open Channel [id: 0xf236355b, L:/127.0.0.1:56190 - R:localhost/127.0.0.1:59196] for POST '/session/6982e071b2148582eef085eaa5c2e96a/element'
01:59:32.552 [AsyncHttpClient-1-10] DEBUG org.asynchttpclient.netty.handler.HttpHandler - 

Request DefaultHttpRequest(decodeResult: success, version: HTTP/1.1)
POST /session/6982e071b2148582eef085eaa5c2e96a/element HTTP/1.1
User-Agent: selenium/4.1.2 (java windows)
Content-Length: 84
Content-Type: application/json; charset=utf-8
host: localhost:59196
accept: */*

Response DefaultHttpResponse(decodeResult: success, version: HTTP/1.1)
HTTP/1.1 200 OK
Content-Type: application/json; charset=utf-8
cache-control: no-cache
content-length: 88

01:59:32.552 [AsyncHttpClient-1-10] DEBUG org.asynchttpclient.netty.channel.ChannelManager - Adding key: http://localhost:59196 for channel [id: 0xf236355b, L:/127.0.0.1:56190 - R:localhost/127.0.0.1:59196]
01:59:32.553 [Forwarding clearElement on session 6982e071b2148582eef085eaa5c2e96a to remote] DEBUG org.asynchttpclient.netty.request.NettyRequestSender - Using pooled Channel '[id: 0xf236355b, L:/127.0.0.1:56190 - R:localhost/127.0.0.1:59196]' for 'POST' to 'http://localhost:59196/session/6982e071b2148582eef085eaa5c2e96a/element/3c6b4bfd-4054-4955-818b-bcef82738c02/clear'
01:59:32.553 [Forwarding clearElement on session 6982e071b2148582eef085eaa5c2e96a to remote] DEBUG org.asynchttpclient.netty.request.NettyRequestSender - Using open Channel [id: 0xf236355b, L:/127.0.0.1:56190 - R:localhost/127.0.0.1:59196] for POST '/session/6982e071b2148582eef085eaa5c2e96a/element/3c6b4bfd-4054-4955-818b-bcef82738c02/clear'
01:59:32.569 [AsyncHttpClient-1-10] DEBUG org.asynchttpclient.netty.handler.HttpHandler - 

Request DefaultHttpRequest(decodeResult: success, version: HTTP/1.1)
POST /session/6982e071b2148582eef085eaa5c2e96a/element/3c6b4bfd-4054-4955-818b-bcef82738c02/clear HTTP/1.1
User-Agent: selenium/4.1.2 (java windows)
Content-Length: 50
Content-Type: application/json; charset=utf-8
host: localhost:59196
accept: */*

Response DefaultHttpResponse(decodeResult: success, version: HTTP/1.1)
HTTP/1.1 200 OK
Content-Type: application/json; charset=utf-8
cache-control: no-cache
content-length: 14

01:59:32.569 [AsyncHttpClient-1-10] DEBUG org.asynchttpclient.netty.channel.ChannelManager - Adding key: http://localhost:59196 for channel [id: 0xf236355b, L:/127.0.0.1:56190 - R:localhost/127.0.0.1:59196]
01:59:32.570 [Forwarding sendKeysToElement on session 6982e071b2148582eef085eaa5c2e96a to remote] DEBUG org.asynchttpclient.netty.request.NettyRequestSender - Using pooled Channel '[id: 0xf236355b, L:/127.0.0.1:56190 - R:localhost/127.0.0.1:59196]' for 'POST' to 'http://localhost:59196/session/6982e071b2148582eef085eaa5c2e96a/element/3c6b4bfd-4054-4955-818b-bcef82738c02/value'
01:59:32.570 [Forwarding sendKeysToElement on session 6982e071b2148582eef085eaa5c2e96a to remote] DEBUG org.asynchttpclient.netty.request.NettyRequestSender - Using open Channel [id: 0xf236355b, L:/127.0.0.1:56190 - R:localhost/127.0.0.1:59196] for POST '/session/6982e071b2148582eef085eaa5c2e96a/element/3c6b4bfd-4054-4955-818b-bcef82738c02/value'
01:59:32.629 [AsyncHttpClient-1-10] DEBUG org.asynchttpclient.netty.handler.HttpHandler - 

Request DefaultHttpRequest(decodeResult: success, version: HTTP/1.1)
POST /session/6982e071b2148582eef085eaa5c2e96a/element/3c6b4bfd-4054-4955-818b-bcef82738c02/value HTTP/1.1
User-Agent: selenium/4.1.2 (java windows)
Content-Length: 231
Content-Type: application/json; charset=utf-8
host: localhost:59196
accept: */*

Response DefaultHttpResponse(decodeResult: success, version: HTTP/1.1)
HTTP/1.1 200 OK
Content-Type: application/json; charset=utf-8
cache-control: no-cache
content-length: 14

01:59:32.629 [AsyncHttpClient-1-10] DEBUG org.asynchttpclient.netty.channel.ChannelManager - Adding key: http://localhost:59196 for channel [id: 0xf236355b, L:/127.0.0.1:56190 - R:localhost/127.0.0.1:59196]
01:59:32.631 [Forwarding screenshot on session 6982e071b2148582eef085eaa5c2e96a to remote] DEBUG org.asynchttpclient.netty.request.NettyRequestSender - Using pooled Channel '[id: 0xf236355b, L:/127.0.0.1:56190 - R:localhost/127.0.0.1:59196]' for 'GET' to 'http://localhost:59196/session/6982e071b2148582eef085eaa5c2e96a/screenshot'
01:59:32.632 [Forwarding screenshot on session 6982e071b2148582eef085eaa5c2e96a to remote] DEBUG org.asynchttpclient.netty.request.NettyRequestSender - Using open Channel [id: 0xf236355b, L:/127.0.0.1:56190 - R:localhost/127.0.0.1:59196] for GET '/session/6982e071b2148582eef085eaa5c2e96a/screenshot'
01:59:32.666 [AsyncHttpClient-1-1] DEBUG org.asynchttpclient.netty.channel.DefaultChannelPool - Entry count for : http://localhost:56191 : 1
01:59:32.715 [AsyncHttpClient-1-10] DEBUG org.asynchttpclient.netty.handler.HttpHandler - 

Request DefaultFullHttpRequest(decodeResult: success, version: HTTP/1.1, content: EmptyByteBufBE)
GET /session/6982e071b2148582eef085eaa5c2e96a/screenshot HTTP/1.1
User-Agent: selenium/4.1.2 (java windows)
Cache-Control: no-cache
Content-Type: application/json; charset=utf-8
host: localhost:59196
accept: */*

Response DefaultHttpResponse(decodeResult: success, version: HTTP/1.1)
HTTP/1.1 200 OK
Content-Type: application/json; charset=utf-8
cache-control: no-cache
content-length: 38032

01:59:32.715 [AsyncHttpClient-1-10] DEBUG org.asynchttpclient.netty.channel.ChannelManager - Adding key: http://localhost:59196 for channel [id: 0xf236355b, L:/127.0.0.1:56190 - R:localhost/127.0.0.1:59196]
01:59:32.716 [main] DEBUG net.serenitybdd.core.photography.Darkroom - Send negative for processing for target\site\serenity\41e25651b4c5112f89186e612cea19dc572ebb09bf1fad6db9e5b89385373ff0.png
01:59:32.716 [main] DEBUG net.thucydides.core.steps.StepInterceptor - STEP DONE: inputEmail
  &amp#27;[32mWhen &amp#27;[0m&amp#27;[32mI input valid email for rating&amp#27;[0m               &amp#27;[90m# starter.stepdefinitions.RatingSteps.inputValidEmail()&amp#27;[0m
01:59:32.717 [Darkroom Processing Line] DEBUG net.serenitybdd.core.photography.DarkroomProcessingLine - Processing screenshot image in /var/screenshots/screenshot-15475918650705668940
01:59:32.717 [Darkroom Processing Line] DEBUG net.serenitybdd.core.photography.DarkroomProcessingLine - Saving screenshot to target\site\serenity\41e25651b4c5112f89186e612cea19dc572ebb09bf1fad6db9e5b89385373ff0.png
01:59:32.724 [main] DEBUG net.thucydides.core.steps.StepInterceptor - STARTING STEP: RatingSteps.inputValidPassword - inputPassword
01:59:32.726 [Forwarding findElement on session 6982e071b2148582eef085eaa5c2e96a to remote] DEBUG org.asynchttpclient.netty.request.NettyRequestSender - Using pooled Channel '[id: 0xf236355b, L:/127.0.0.1:56190 - R:localhost/127.0.0.1:59196]' for 'POST' to 'http://localhost:59196/session/6982e071b2148582eef085eaa5c2e96a/element'
01:59:32.726 [Forwarding findElement on session 6982e071b2148582eef085eaa5c2e96a to remote] DEBUG org.asynchttpclient.netty.request.NettyRequestSender - Using open Channel [id: 0xf236355b, L:/127.0.0.1:56190 - R:localhost/127.0.0.1:59196] for POST '/session/6982e071b2148582eef085eaa5c2e96a/element'
01:59:32.734 [AsyncHttpClient-1-10] DEBUG org.asynchttpclient.netty.handler.HttpHandler - 

Request DefaultHttpRequest(decodeResult: success, version: HTTP/1.1)
POST /session/6982e071b2148582eef085eaa5c2e96a/element HTTP/1.1
User-Agent: selenium/4.1.2 (java windows)
Content-Length: 87
Content-Type: application/json; charset=utf-8
host: localhost:59196
accept: */*

Response DefaultHttpResponse(decodeResult: success, version: HTTP/1.1)
HTTP/1.1 200 OK
Content-Type: application/json; charset=utf-8
cache-control: no-cache
content-length: 88

01:59:32.734 [AsyncHttpClient-1-10] DEBUG org.asynchttpclient.netty.channel.ChannelManager - Adding key: http://localhost:59196 for channel [id: 0xf236355b, L:/127.0.0.1:56190 - R:localhost/127.0.0.1:59196]
01:59:32.735 [Forwarding clearElement on session 6982e071b2148582eef085eaa5c2e96a to remote] DEBUG org.asynchttpclient.netty.request.NettyRequestSender - Using pooled Channel '[id: 0xf236355b, L:/127.0.0.1:56190 - R:localhost/127.0.0.1:59196]' for 'POST' to 'http://localhost:59196/session/6982e071b2148582eef085eaa5c2e96a/element/c664f1a4-79c6-4b52-8d2b-de8148216aaa/clear'
01:59:32.735 [Forwarding clearElement on session 6982e071b2148582eef085eaa5c2e96a to remote] DEBUG org.asynchttpclient.netty.request.NettyRequestSender - Using open Channel [id: 0xf236355b, L:/127.0.0.1:56190 - R:localhost/127.0.0.1:59196] for POST '/session/6982e071b2148582eef085eaa5c2e96a/element/c664f1a4-79c6-4b52-8d2b-de8148216aaa/clear'
01:59:32.753 [AsyncHttpClient-1-10] DEBUG org.asynchttpclient.netty.handler.HttpHandler - 

Request DefaultHttpRequest(decodeResult: success, version: HTTP/1.1)
POST /session/6982e071b2148582eef085eaa5c2e96a/element/c664f1a4-79c6-4b52-8d2b-de8148216aaa/clear HTTP/1.1
User-Agent: selenium/4.1.2 (java windows)
Content-Length: 50
Content-Type: application/json; charset=utf-8
host: localhost:59196
accept: */*

Response DefaultHttpResponse(decodeResult: success, version: HTTP/1.1)
HTTP/1.1 200 OK
Content-Type: application/json; charset=utf-8
cache-control: no-cache
content-length: 14

01:59:32.753 [AsyncHttpClient-1-10] DEBUG org.asynchttpclient.netty.channel.ChannelManager - Adding key: http://localhost:59196 for channel [id: 0xf236355b, L:/127.0.0.1:56190 - R:localhost/127.0.0.1:59196]
01:59:32.755 [Forwarding sendKeysToElement on session 6982e071b2148582eef085eaa5c2e96a to remote] DEBUG org.asynchttpclient.netty.request.NettyRequestSender - Using pooled Channel '[id: 0xf236355b, L:/127.0.0.1:56190 - R:localhost/127.0.0.1:59196]' for 'POST' to 'http://localhost:59196/session/6982e071b2148582eef085eaa5c2e96a/element/c664f1a4-79c6-4b52-8d2b-de8148216aaa/value'
01:59:32.756 [Forwarding sendKeysToElement on session 6982e071b2148582eef085eaa5c2e96a to remote] DEBUG org.asynchttpclient.netty.request.NettyRequestSender - Using open Channel [id: 0xf236355b, L:/127.0.0.1:56190 - R:localhost/127.0.0.1:59196] for POST '/session/6982e071b2148582eef085eaa5c2e96a/element/c664f1a4-79c6-4b52-8d2b-de8148216aaa/value'
01:59:32.797 [AsyncHttpClient-1-10] DEBUG org.asynchttpclient.netty.handler.HttpHandler - 

Request DefaultHttpRequest(decodeResult: success, version: HTTP/1.1)
POST /session/6982e071b2148582eef085eaa5c2e96a/element/c664f1a4-79c6-4b52-8d2b-de8148216aaa/value HTTP/1.1
User-Agent: selenium/4.1.2 (java windows)
Content-Length: 151
Content-Type: application/json; charset=utf-8
host: localhost:59196
accept: */*

Response DefaultHttpResponse(decodeResult: success, version: HTTP/1.1)
HTTP/1.1 200 OK
Content-Type: application/json; charset=utf-8
cache-control: no-cache
content-length: 14

01:59:32.797 [AsyncHttpClient-1-10] DEBUG org.asynchttpclient.netty.channel.ChannelManager - Adding key: http://localhost:59196 for channel [id: 0xf236355b, L:/127.0.0.1:56190 - R:localhost/127.0.0.1:59196]
01:59:32.800 [Forwarding screenshot on session 6982e071b2148582eef085eaa5c2e96a to remote] DEBUG org.asynchttpclient.netty.request.NettyRequestSender - Using pooled Channel '[id: 0xf236355b, L:/127.0.0.1:56190 - R:localhost/127.0.0.1:59196]' for 'GET' to 'http://localhost:59196/session/6982e071b2148582eef085eaa5c2e96a/screenshot'
01:59:32.800 [Forwarding screenshot on session 6982e071b2148582eef085eaa5c2e96a to remote] DEBUG org.asynchttpclient.netty.request.NettyRequestSender - Using open Channel [id: 0xf236355b, L:/127.0.0.1:56190 - R:localhost/127.0.0.1:59196] for GET '/session/6982e071b2148582eef085eaa5c2e96a/screenshot'
01:59:32.894 [AsyncHttpClient-1-10] DEBUG org.asynchttpclient.netty.handler.HttpHandler - 

Request DefaultFullHttpRequest(decodeResult: success, version: HTTP/1.1, content: EmptyByteBufBE)
GET /session/6982e071b2148582eef085eaa5c2e96a/screenshot HTTP/1.1
User-Agent: selenium/4.1.2 (java windows)
Cache-Control: no-cache
Content-Type: application/json; charset=utf-8
host: localhost:59196
accept: */*

Response DefaultHttpResponse(decodeResult: success, version: HTTP/1.1)
HTTP/1.1 200 OK
Content-Type: application/json; charset=utf-8
cache-control: no-cache
content-length: 40508

01:59:32.894 [AsyncHttpClient-1-10] DEBUG org.asynchttpclient.netty.channel.ChannelManager - Adding key: http://localhost:59196 for channel [id: 0xf236355b, L:/127.0.0.1:56190 - R:localhost/127.0.0.1:59196]
01:59:32.895 [main] DEBUG net.serenitybdd.core.photography.Darkroom - Send negative for processing for target\site\serenity\99193dff59cdcd5fbc1e17c02068b67d99b47f3365f52e8b75810295006e6e6a.png
01:59:32.895 [main] DEBUG net.thucydides.core.steps.StepInterceptor - STEP DONE: inputPassword
  &amp#27;[32mAnd &amp#27;[0m&amp#27;[32mI input valid password for rating&amp#27;[0m             &amp#27;[90m# starter.stepdefinitions.RatingSteps.inputValidPassword()&amp#27;[0m
01:59:32.896 [Darkroom Processing Line] DEBUG net.serenitybdd.core.photography.DarkroomProcessingLine - Processing screenshot image in /var/screenshots/screenshot-14854151642597466873
01:59:32.896 [Darkroom Processing Line] DEBUG net.serenitybdd.core.photography.DarkroomProcessingLine - Saving screenshot to target\site\serenity\99193dff59cdcd5fbc1e17c02068b67d99b47f3365f52e8b75810295006e6e6a.png
01:59:32.903 [main] DEBUG net.thucydides.core.steps.StepInterceptor - STARTING STEP: RatingSteps.clickLoginButton - clickLoginButton
01:59:32.905 [Forwarding findElement on session 6982e071b2148582eef085eaa5c2e96a to remote] DEBUG org.asynchttpclient.netty.request.NettyRequestSender - Using pooled Channel '[id: 0xf236355b, L:/127.0.0.1:56190 - R:localhost/127.0.0.1:59196]' for 'POST' to 'http://localhost:59196/session/6982e071b2148582eef085eaa5c2e96a/element'
01:59:32.905 [Forwarding findElement on session 6982e071b2148582eef085eaa5c2e96a to remote] DEBUG org.asynchttpclient.netty.request.NettyRequestSender - Using open Channel [id: 0xf236355b, L:/127.0.0.1:56190 - R:localhost/127.0.0.1:59196] for POST '/session/6982e071b2148582eef085eaa5c2e96a/element'
01:59:32.911 [AsyncHttpClient-1-10] DEBUG org.asynchttpclient.netty.handler.HttpHandler - 

Request DefaultHttpRequest(decodeResult: success, version: HTTP/1.1)
POST /session/6982e071b2148582eef085eaa5c2e96a/element HTTP/1.1
User-Agent: selenium/4.1.2 (java windows)
Content-Length: 155
Content-Type: application/json; charset=utf-8
host: localhost:59196
accept: */*

Response DefaultHttpResponse(decodeResult: success, version: HTTP/1.1)
HTTP/1.1 200 OK
Content-Type: application/json; charset=utf-8
cache-control: no-cache
content-length: 88

01:59:32.911 [AsyncHttpClient-1-10] DEBUG org.asynchttpclient.netty.channel.ChannelManager - Adding key: http://localhost:59196 for channel [id: 0xf236355b, L:/127.0.0.1:56190 - R:localhost/127.0.0.1:59196]
01:59:32.912 [Forwarding getElementTagName on session 6982e071b2148582eef085eaa5c2e96a to remote] DEBUG org.asynchttpclient.netty.request.NettyRequestSender - Using pooled Channel '[id: 0xf236355b, L:/127.0.0.1:56190 - R:localhost/127.0.0.1:59196]' for 'GET' to 'http://localhost:59196/session/6982e071b2148582eef085eaa5c2e96a/element/6e8777ca-6926-44af-a2ce-3690e2e91460/name'
01:59:32.912 [Forwarding getElementTagName on session 6982e071b2148582eef085eaa5c2e96a to remote] DEBUG org.asynchttpclient.netty.request.NettyRequestSender - Using open Channel [id: 0xf236355b, L:/127.0.0.1:56190 - R:localhost/127.0.0.1:59196] for GET '/session/6982e071b2148582eef085eaa5c2e96a/element/6e8777ca-6926-44af-a2ce-3690e2e91460/name'
01:59:32.916 [AsyncHttpClient-1-10] DEBUG org.asynchttpclient.netty.handler.HttpHandler - 

Request DefaultFullHttpRequest(decodeResult: success, version: HTTP/1.1, content: EmptyByteBufBE)
GET /session/6982e071b2148582eef085eaa5c2e96a/element/6e8777ca-6926-44af-a2ce-3690e2e91460/name HTTP/1.1
User-Agent: selenium/4.1.2 (java windows)
Cache-Control: no-cache
Content-Type: application/json; charset=utf-8
host: localhost:59196
accept: */*

Response DefaultHttpResponse(decodeResult: success, version: HTTP/1.1)
HTTP/1.1 200 OK
Content-Type: application/json; charset=utf-8
cache-control: no-cache
content-length: 18

01:59:32.916 [AsyncHttpClient-1-10] DEBUG org.asynchttpclient.netty.channel.ChannelManager - Adding key: http://localhost:59196 for channel [id: 0xf236355b, L:/127.0.0.1:56190 - R:localhost/127.0.0.1:59196]
01:59:32.916 [Forwarding getElementTagName on session 6982e071b2148582eef085eaa5c2e96a to remote] DEBUG org.asynchttpclient.netty.request.NettyRequestSender - Using pooled Channel '[id: 0xf236355b, L:/127.0.0.1:56190 - R:localhost/127.0.0.1:59196]' for 'GET' to 'http://localhost:59196/session/6982e071b2148582eef085eaa5c2e96a/element/6e8777ca-6926-44af-a2ce-3690e2e91460/name'
01:59:32.918 [Forwarding getElementTagName on session 6982e071b2148582eef085eaa5c2e96a to remote] DEBUG org.asynchttpclient.netty.request.NettyRequestSender - Using open Channel [id: 0xf236355b, L:/127.0.0.1:56190 - R:localhost/127.0.0.1:59196] for GET '/session/6982e071b2148582eef085eaa5c2e96a/element/6e8777ca-6926-44af-a2ce-3690e2e91460/name'
01:59:32.920 [AsyncHttpClient-1-10] DEBUG org.asynchttpclient.netty.handler.HttpHandler - 

Request DefaultFullHttpRequest(decodeResult: success, version: HTTP/1.1, content: EmptyByteBufBE)
GET /session/6982e071b2148582eef085eaa5c2e96a/element/6e8777ca-6926-44af-a2ce-3690e2e91460/name HTTP/1.1
User-Agent: selenium/4.1.2 (java windows)
Cache-Control: no-cache
Content-Type: application/json; charset=utf-8
host: localhost:59196
accept: */*

Response DefaultHttpResponse(decodeResult: success, version: HTTP/1.1)
HTTP/1.1 200 OK
Content-Type: application/json; charset=utf-8
cache-control: no-cache
content-length: 18

01:59:32.920 [AsyncHttpClient-1-10] DEBUG org.asynchttpclient.netty.channel.ChannelManager - Adding key: http://localhost:59196 for channel [id: 0xf236355b, L:/127.0.0.1:56190 - R:localhost/127.0.0.1:59196]
01:59:32.922 [Forwarding isElementEnabled on session 6982e071b2148582eef085eaa5c2e96a to remote] DEBUG org.asynchttpclient.netty.request.NettyRequestSender - Using pooled Channel '[id: 0xf236355b, L:/127.0.0.1:56190 - R:localhost/127.0.0.1:59196]' for 'GET' to 'http://localhost:59196/session/6982e071b2148582eef085eaa5c2e96a/element/6e8777ca-6926-44af-a2ce-3690e2e91460/enabled'
01:59:32.922 [Forwarding isElementEnabled on session 6982e071b2148582eef085eaa5c2e96a to remote] DEBUG org.asynchttpclient.netty.request.NettyRequestSender - Using open Channel [id: 0xf236355b, L:/127.0.0.1:56190 - R:localhost/127.0.0.1:59196] for GET '/session/6982e071b2148582eef085eaa5c2e96a/element/6e8777ca-6926-44af-a2ce-3690e2e91460/enabled'
01:59:32.928 [AsyncHttpClient-1-10] DEBUG org.asynchttpclient.netty.handler.HttpHandler - 

Request DefaultFullHttpRequest(decodeResult: success, version: HTTP/1.1, content: EmptyByteBufBE)
GET /session/6982e071b2148582eef085eaa5c2e96a/element/6e8777ca-6926-44af-a2ce-3690e2e91460/enabled HTTP/1.1
User-Agent: selenium/4.1.2 (java windows)
Cache-Control: no-cache
Content-Type: application/json; charset=utf-8
host: localhost:59196
accept: */*

Response DefaultHttpResponse(decodeResult: success, version: HTTP/1.1)
HTTP/1.1 200 OK
Content-Type: application/json; charset=utf-8
cache-control: no-cache
content-length: 14

01:59:32.930 [AsyncHttpClient-1-10] DEBUG org.asynchttpclient.netty.channel.ChannelManager - Adding key: http://localhost:59196 for channel [id: 0xf236355b, L:/127.0.0.1:56190 - R:localhost/127.0.0.1:59196]
01:59:32.931 [Forwarding isElementEnabled on session 6982e071b2148582eef085eaa5c2e96a to remote] DEBUG org.asynchttpclient.netty.request.NettyRequestSender - Using pooled Channel '[id: 0xf236355b, L:/127.0.0.1:56190 - R:localhost/127.0.0.1:59196]' for 'GET' to 'http://localhost:59196/session/6982e071b2148582eef085eaa5c2e96a/element/6e8777ca-6926-44af-a2ce-3690e2e91460/enabled'
01:59:32.931 [Forwarding isElementEnabled on session 6982e071b2148582eef085eaa5c2e96a to remote] DEBUG org.asynchttpclient.netty.request.NettyRequestSender - Using open Channel [id: 0xf236355b, L:/127.0.0.1:56190 - R:localhost/127.0.0.1:59196] for GET '/session/6982e071b2148582eef085eaa5c2e96a/element/6e8777ca-6926-44af-a2ce-3690e2e91460/enabled'
01:59:32.938 [AsyncHttpClient-1-10] DEBUG org.asynchttpclient.netty.handler.HttpHandler - 

Request DefaultFullHttpRequest(decodeResult: success, version: HTTP/1.1, content: EmptyByteBufBE)
GET /session/6982e071b2148582eef085eaa5c2e96a/element/6e8777ca-6926-44af-a2ce-3690e2e91460/enabled HTTP/1.1
User-Agent: selenium/4.1.2 (java windows)
Cache-Control: no-cache
Content-Type: application/json; charset=utf-8
host: localhost:59196
accept: */*

Response DefaultHttpResponse(decodeResult: success, version: HTTP/1.1)
HTTP/1.1 200 OK
Content-Type: application/json; charset=utf-8
cache-control: no-cache
content-length: 14

01:59:32.938 [AsyncHttpClient-1-10] DEBUG org.asynchttpclient.netty.channel.ChannelManager - Adding key: http://localhost:59196 for channel [id: 0xf236355b, L:/127.0.0.1:56190 - R:localhost/127.0.0.1:59196]
01:59:32.940 [Forwarding findElement on session 6982e071b2148582eef085eaa5c2e96a to remote] DEBUG org.asynchttpclient.netty.request.NettyRequestSender - Using pooled Channel '[id: 0xf236355b, L:/127.0.0.1:56190 - R:localhost/127.0.0.1:59196]' for 'POST' to 'http://localhost:59196/session/6982e071b2148582eef085eaa5c2e96a/element'
01:59:32.940 [Forwarding findElement on session 6982e071b2148582eef085eaa5c2e96a to remote] DEBUG org.asynchttpclient.netty.request.NettyRequestSender - Using open Channel [id: 0xf236355b, L:/127.0.0.1:56190 - R:localhost/127.0.0.1:59196] for POST '/session/6982e071b2148582eef085eaa5c2e96a/element'
01:59:32.950 [AsyncHttpClient-1-10] DEBUG org.asynchttpclient.netty.handler.HttpHandler - 

Request DefaultHttpRequest(decodeResult: success, version: HTTP/1.1)
POST /session/6982e071b2148582eef085eaa5c2e96a/element HTTP/1.1
User-Agent: selenium/4.1.2 (java windows)
Content-Length: 155
Content-Type: application/json; charset=utf-8
host: localhost:59196
accept: */*

Response DefaultHttpResponse(decodeResult: success, version: HTTP/1.1)
HTTP/1.1 200 OK
Content-Type: application/json; charset=utf-8
cache-control: no-cache
content-length: 88

01:59:32.951 [AsyncHttpClient-1-10] DEBUG org.asynchttpclient.netty.channel.ChannelManager - Adding key: http://localhost:59196 for channel [id: 0xf236355b, L:/127.0.0.1:56190 - R:localhost/127.0.0.1:59196]
01:59:32.952 [Forwarding clickElement on session 6982e071b2148582eef085eaa5c2e96a to remote] DEBUG org.asynchttpclient.netty.request.NettyRequestSender - Using pooled Channel '[id: 0xf236355b, L:/127.0.0.1:56190 - R:localhost/127.0.0.1:59196]' for 'POST' to 'http://localhost:59196/session/6982e071b2148582eef085eaa5c2e96a/element/6e8777ca-6926-44af-a2ce-3690e2e91460/click'
01:59:32.952 [Forwarding clickElement on session 6982e071b2148582eef085eaa5c2e96a to remote] DEBUG org.asynchttpclient.netty.request.NettyRequestSender - Using open Channel [id: 0xf236355b, L:/127.0.0.1:56190 - R:localhost/127.0.0.1:59196] for POST '/session/6982e071b2148582eef085eaa5c2e96a/element/6e8777ca-6926-44af-a2ce-3690e2e91460/click'
01:59:32.988 [AsyncHttpClient-1-10] DEBUG org.asynchttpclient.netty.handler.HttpHandler - 

Request DefaultHttpRequest(decodeResult: success, version: HTTP/1.1)
POST /session/6982e071b2148582eef085eaa5c2e96a/element/6e8777ca-6926-44af-a2ce-3690e2e91460/click HTTP/1.1
User-Agent: selenium/4.1.2 (java windows)
Content-Length: 50
Content-Type: application/json; charset=utf-8
host: localhost:59196
accept: */*

Response DefaultHttpResponse(decodeResult: success, version: HTTP/1.1)
HTTP/1.1 200 OK
Content-Type: application/json; charset=utf-8
cache-control: no-cache
content-length: 14

01:59:32.988 [AsyncHttpClient-1-10] DEBUG org.asynchttpclient.netty.channel.ChannelManager - Adding key: http://localhost:59196 for channel [id: 0xf236355b, L:/127.0.0.1:56190 - R:localhost/127.0.0.1:59196]
01:59:32.993 [Forwarding screenshot on session 6982e071b2148582eef085eaa5c2e96a to remote] DEBUG org.asynchttpclient.netty.request.NettyRequestSender - Using pooled Channel '[id: 0xf236355b, L:/127.0.0.1:56190 - R:localhost/127.0.0.1:59196]' for 'GET' to 'http://localhost:59196/session/6982e071b2148582eef085eaa5c2e96a/screenshot'
01:59:32.993 [Forwarding screenshot on session 6982e071b2148582eef085eaa5c2e96a to remote] DEBUG org.asynchttpclient.netty.request.NettyRequestSender - Using open Channel [id: 0xf236355b, L:/127.0.0.1:56190 - R:localhost/127.0.0.1:59196] for GET '/session/6982e071b2148582eef085eaa5c2e96a/screenshot'
01:59:33.104 [AsyncHttpClient-1-10] DEBUG org.asynchttpclient.netty.handler.HttpHandler - 

Request DefaultFullHttpRequest(decodeResult: success, version: HTTP/1.1, content: EmptyByteBufBE)
GET /session/6982e071b2148582eef085eaa5c2e96a/screenshot HTTP/1.1
User-Agent: selenium/4.1.2 (java windows)
Cache-Control: no-cache
Content-Type: application/json; charset=utf-8
host: localhost:59196
accept: */*

Response DefaultHttpResponse(decodeResult: success, version: HTTP/1.1)
HTTP/1.1 200 OK
Content-Type: application/json; charset=utf-8
cache-control: no-cache
content-length: 40100

01:59:33.104 [AsyncHttpClient-1-10] DEBUG org.asynchttpclient.netty.channel.ChannelManager - Adding key: http://localhost:59196 for channel [id: 0xf236355b, L:/127.0.0.1:56190 - R:localhost/127.0.0.1:59196]
01:59:33.105 [main] DEBUG net.serenitybdd.core.photography.Darkroom - Send negative for processing for target\site\serenity\e8840263e8ede60985efe3b8664bbd51db496b1b8597f51aba298d52dc3b259e.png
01:59:33.106 [main] DEBUG net.thucydides.core.steps.StepInterceptor - STEP DONE: clickLoginButton
  &amp#27;[32mAnd &amp#27;[0m&amp#27;[32mI click on login button for rating&amp#27;[0m            &amp#27;[90m# starter.stepdefinitions.RatingSteps.clickLoginButton()&amp#27;[0m
01:59:33.106 [Darkroom Processing Line] DEBUG net.serenitybdd.core.photography.DarkroomProcessingLine - Processing screenshot image in /var/screenshots/screenshot-7472548437932340449
01:59:33.106 [Darkroom Processing Line] DEBUG net.serenitybdd.core.photography.DarkroomProcessingLine - Saving screenshot to target\site\serenity\e8840263e8ede60985efe3b8664bbd51db496b1b8597f51aba298d52dc3b259e.png
01:59:33.117 [main] DEBUG net.thucydides.core.steps.StepInterceptor - STARTING STEP: RatingSteps.onTheHomePage - validateOnHomePage
01:59:33.118 [Forwarding findElement on session 6982e071b2148582eef085eaa5c2e96a to remote] DEBUG org.asynchttpclient.netty.request.NettyRequestSender - Using pooled Channel '[id: 0xf236355b, L:/127.0.0.1:56190 - R:localhost/127.0.0.1:59196]' for 'POST' to 'http://localhost:59196/session/6982e071b2148582eef085eaa5c2e96a/element'
01:59:33.118 [Forwarding findElement on session 6982e071b2148582eef085eaa5c2e96a to remote] DEBUG org.asynchttpclient.netty.request.NettyRequestSender - Using open Channel [id: 0xf236355b, L:/127.0.0.1:56190 - R:localhost/127.0.0.1:59196] for POST '/session/6982e071b2148582eef085eaa5c2e96a/element'
01:59:33.765 [AsyncHttpClient-1-1] DEBUG org.asynchttpclient.netty.channel.DefaultChannelPool - Entry count for : http://localhost:56191 : 1
01:59:34.861 [AsyncHttpClient-1-1] DEBUG org.asynchttpclient.netty.channel.DefaultChannelPool - Entry count for : http://localhost:56191 : 1
01:59:34.953 [AsyncHttpClient-1-10] DEBUG org.asynchttpclient.netty.handler.HttpHandler - 

Request DefaultHttpRequest(decodeResult: success, version: HTTP/1.1)
POST /session/6982e071b2148582eef085eaa5c2e96a/element HTTP/1.1
User-Agent: selenium/4.1.2 (java windows)
Content-Length: 140
Content-Type: application/json; charset=utf-8
host: localhost:59196
accept: */*

Response DefaultHttpResponse(decodeResult: success, version: HTTP/1.1)
HTTP/1.1 200 OK
Content-Type: application/json; charset=utf-8
cache-control: no-cache
content-length: 88

01:59:34.953 [AsyncHttpClient-1-10] DEBUG org.asynchttpclient.netty.channel.ChannelManager - Adding key: http://localhost:59196 for channel [id: 0xf236355b, L:/127.0.0.1:56190 - R:localhost/127.0.0.1:59196]
01:59:34.956 [Forwarding isElementDisplayed on session 6982e071b2148582eef085eaa5c2e96a to remote] DEBUG org.asynchttpclient.netty.request.NettyRequestSender - Using pooled Channel '[id: 0xf236355b, L:/127.0.0.1:56190 - R:localhost/127.0.0.1:59196]' for 'POST' to 'http://localhost:59196/session/6982e071b2148582eef085eaa5c2e96a/execute/sync'
01:59:34.956 [Forwarding isElementDisplayed on session 6982e071b2148582eef085eaa5c2e96a to remote] DEBUG org.asynchttpclient.netty.request.NettyRequestSender - Using open Channel [id: 0xf236355b, L:/127.0.0.1:56190 - R:localhost/127.0.0.1:59196] for POST '/session/6982e071b2148582eef085eaa5c2e96a/execute/sync'
01:59:34.966 [AsyncHttpClient-1-10] DEBUG org.asynchttpclient.netty.handler.HttpHandler - 

Request DefaultHttpRequest(decodeResult: success, version: HTTP/1.1)
POST /session/6982e071b2148582eef085eaa5c2e96a/execute/sync HTTP/1.1
User-Agent: selenium/4.1.2 (java windows)
Content-Length: 48780
Content-Type: application/json; charset=utf-8
host: localhost:59196
accept: */*

Response DefaultHttpResponse(decodeResult: success, version: HTTP/1.1)
HTTP/1.1 200 OK
Content-Type: application/json; charset=utf-8
cache-control: no-cache
content-length: 14

01:59:34.966 [AsyncHttpClient-1-10] DEBUG org.asynchttpclient.netty.channel.ChannelManager - Adding key: http://localhost:59196 for channel [id: 0xf236355b, L:/127.0.0.1:56190 - R:localhost/127.0.0.1:59196]
01:59:34.969 [Forwarding screenshot on session 6982e071b2148582eef085eaa5c2e96a to remote] DEBUG org.asynchttpclient.netty.request.NettyRequestSender - Using pooled Channel '[id: 0xf236355b, L:/127.0.0.1:56190 - R:localhost/127.0.0.1:59196]' for 'GET' to 'http://localhost:59196/session/6982e071b2148582eef085eaa5c2e96a/screenshot'
01:59:34.969 [Forwarding screenshot on session 6982e071b2148582eef085eaa5c2e96a to remote] DEBUG org.asynchttpclient.netty.request.NettyRequestSender - Using open Channel [id: 0xf236355b, L:/127.0.0.1:56190 - R:localhost/127.0.0.1:59196] for GET '/session/6982e071b2148582eef085eaa5c2e96a/screenshot'
01:59:35.058 [AsyncHttpClient-1-10] DEBUG org.asynchttpclient.netty.handler.HttpHandler - 

Request DefaultFullHttpRequest(decodeResult: success, version: HTTP/1.1, content: EmptyByteBufBE)
GET /session/6982e071b2148582eef085eaa5c2e96a/screenshot HTTP/1.1
User-Agent: selenium/4.1.2 (java windows)
Cache-Control: no-cache
Content-Type: application/json; charset=utf-8
host: localhost:59196
accept: */*

Response DefaultHttpResponse(decodeResult: success, version: HTTP/1.1)
HTTP/1.1 200 OK
Content-Type: application/json; charset=utf-8
cache-control: no-cache
content-length: 71468

01:59:35.058 [AsyncHttpClient-1-10] DEBUG org.asynchttpclient.netty.channel.ChannelManager - Adding key: http://localhost:59196 for channel [id: 0xf236355b, L:/127.0.0.1:56190 - R:localhost/127.0.0.1:59196]
01:59:35.060 [main] DEBUG net.serenitybdd.core.photography.Darkroom - Send negative for processing for target\site\serenity\cd89c9bc56e6031d69f79915b8e613b6209f0aba5b1e3499ec64229f1d3b72c4.png
01:59:35.060 [main] DEBUG net.thucydides.core.steps.StepInterceptor - STEP DONE: validateOnHomePage
  &amp#27;[32mAnd &amp#27;[0m&amp#27;[32mI am on the home page for rating&amp#27;[0m              &amp#27;[90m# starter.stepdefinitions.RatingSteps.onTheHomePage()&amp#27;[0m
01:59:35.067 [main] DEBUG net.thucydides.core.steps.StepInterceptor - STARTING STEP: RatingSteps.clickDetailButton - clickDetailButton
01:59:35.068 [Forwarding findElement on session 6982e071b2148582eef085eaa5c2e96a to remote] DEBUG org.asynchttpclient.netty.request.NettyRequestSender - Using pooled Channel '[id: 0xf236355b, L:/127.0.0.1:56190 - R:localhost/127.0.0.1:59196]' for 'POST' to 'http://localhost:59196/session/6982e071b2148582eef085eaa5c2e96a/element'
01:59:35.068 [Forwarding findElement on session 6982e071b2148582eef085eaa5c2e96a to remote] DEBUG org.asynchttpclient.netty.request.NettyRequestSender - Using open Channel [id: 0xf236355b, L:/127.0.0.1:56190 - R:localhost/127.0.0.1:59196] for POST '/session/6982e071b2148582eef085eaa5c2e96a/element'
01:59:35.078 [AsyncHttpClient-1-10] DEBUG org.asynchttpclient.netty.handler.HttpHandler - 

Request DefaultHttpRequest(decodeResult: success, version: HTTP/1.1)
POST /session/6982e071b2148582eef085eaa5c2e96a/element HTTP/1.1
User-Agent: selenium/4.1.2 (java windows)
Content-Length: 112
Content-Type: application/json; charset=utf-8
host: localhost:59196
accept: */*

Response DefaultHttpResponse(decodeResult: success, version: HTTP/1.1)
HTTP/1.1 200 OK
Content-Type: application/json; charset=utf-8
cache-control: no-cache
content-length: 88

01:59:35.080 [AsyncHttpClient-1-10] DEBUG org.asynchttpclient.netty.channel.ChannelManager - Adding key: http://localhost:59196 for channel [id: 0xf236355b, L:/127.0.0.1:56190 - R:localhost/127.0.0.1:59196]
01:59:35.081 [Forwarding getElementTagName on session 6982e071b2148582eef085eaa5c2e96a to remote] DEBUG org.asynchttpclient.netty.request.NettyRequestSender - Using pooled Channel '[id: 0xf236355b, L:/127.0.0.1:56190 - R:localhost/127.0.0.1:59196]' for 'GET' to 'http://localhost:59196/session/6982e071b2148582eef085eaa5c2e96a/element/198eb6a1-d937-4379-949b-fdd4fae517d2/name'
01:59:35.081 [Forwarding getElementTagName on session 6982e071b2148582eef085eaa5c2e96a to remote] DEBUG org.asynchttpclient.netty.request.NettyRequestSender - Using open Channel [id: 0xf236355b, L:/127.0.0.1:56190 - R:localhost/127.0.0.1:59196] for GET '/session/6982e071b2148582eef085eaa5c2e96a/element/198eb6a1-d937-4379-949b-fdd4fae517d2/name'
01:59:35.084 [AsyncHttpClient-1-10] DEBUG org.asynchttpclient.netty.handler.HttpHandler - 

Request DefaultFullHttpRequest(decodeResult: success, version: HTTP/1.1, content: EmptyByteBufBE)
GET /session/6982e071b2148582eef085eaa5c2e96a/element/198eb6a1-d937-4379-949b-fdd4fae517d2/name HTTP/1.1
User-Agent: selenium/4.1.2 (java windows)
Cache-Control: no-cache
Content-Type: application/json; charset=utf-8
host: localhost:59196
accept: */*

Response DefaultHttpResponse(decodeResult: success, version: HTTP/1.1)
HTTP/1.1 200 OK
Content-Type: application/json; charset=utf-8
cache-control: no-cache
content-length: 18

01:59:35.085 [AsyncHttpClient-1-10] DEBUG org.asynchttpclient.netty.channel.ChannelManager - Adding key: http://localhost:59196 for channel [id: 0xf236355b, L:/127.0.0.1:56190 - R:localhost/127.0.0.1:59196]
01:59:35.085 [Forwarding getElementTagName on session 6982e071b2148582eef085eaa5c2e96a to remote] DEBUG org.asynchttpclient.netty.request.NettyRequestSender - Using pooled Channel '[id: 0xf236355b, L:/127.0.0.1:56190 - R:localhost/127.0.0.1:59196]' for 'GET' to 'http://localhost:59196/session/6982e071b2148582eef085eaa5c2e96a/element/198eb6a1-d937-4379-949b-fdd4fae517d2/name'
01:59:35.085 [Forwarding getElementTagName on session 6982e071b2148582eef085eaa5c2e96a to remote] DEBUG org.asynchttpclient.netty.request.NettyRequestSender - Using open Channel [id: 0xf236355b, L:/127.0.0.1:56190 - R:localhost/127.0.0.1:59196] for GET '/session/6982e071b2148582eef085eaa5c2e96a/element/198eb6a1-d937-4379-949b-fdd4fae517d2/name'
01:59:35.088 [AsyncHttpClient-1-10] DEBUG org.asynchttpclient.netty.handler.HttpHandler - 

Request DefaultFullHttpRequest(decodeResult: success, version: HTTP/1.1, content: EmptyByteBufBE)
GET /session/6982e071b2148582eef085eaa5c2e96a/element/198eb6a1-d937-4379-949b-fdd4fae517d2/name HTTP/1.1
User-Agent: selenium/4.1.2 (java windows)
Cache-Control: no-cache
Content-Type: application/json; charset=utf-8
host: localhost:59196
accept: */*

Response DefaultHttpResponse(decodeResult: success, version: HTTP/1.1)
HTTP/1.1 200 OK
Content-Type: application/json; charset=utf-8
cache-control: no-cache
content-length: 18

01:59:35.088 [AsyncHttpClient-1-10] DEBUG org.asynchttpclient.netty.channel.ChannelManager - Adding key: http://localhost:59196 for channel [id: 0xf236355b, L:/127.0.0.1:56190 - R:localhost/127.0.0.1:59196]
01:59:35.089 [Forwarding isElementEnabled on session 6982e071b2148582eef085eaa5c2e96a to remote] DEBUG org.asynchttpclient.netty.request.NettyRequestSender - Using pooled Channel '[id: 0xf236355b, L:/127.0.0.1:56190 - R:localhost/127.0.0.1:59196]' for 'GET' to 'http://localhost:59196/session/6982e071b2148582eef085eaa5c2e96a/element/198eb6a1-d937-4379-949b-fdd4fae517d2/enabled'
01:59:35.089 [Forwarding isElementEnabled on session 6982e071b2148582eef085eaa5c2e96a to remote] DEBUG org.asynchttpclient.netty.request.NettyRequestSender - Using open Channel [id: 0xf236355b, L:/127.0.0.1:56190 - R:localhost/127.0.0.1:59196] for GET '/session/6982e071b2148582eef085eaa5c2e96a/element/198eb6a1-d937-4379-949b-fdd4fae517d2/enabled'
01:59:35.096 [AsyncHttpClient-1-10] DEBUG org.asynchttpclient.netty.handler.HttpHandler - 

Request DefaultFullHttpRequest(decodeResult: success, version: HTTP/1.1, content: EmptyByteBufBE)
GET /session/6982e071b2148582eef085eaa5c2e96a/element/198eb6a1-d937-4379-949b-fdd4fae517d2/enabled HTTP/1.1
User-Agent: selenium/4.1.2 (java windows)
Cache-Control: no-cache
Content-Type: application/json; charset=utf-8
host: localhost:59196
accept: */*

Response DefaultHttpResponse(decodeResult: success, version: HTTP/1.1)
HTTP/1.1 200 OK
Content-Type: application/json; charset=utf-8
cache-control: no-cache
content-length: 14

01:59:35.097 [AsyncHttpClient-1-10] DEBUG org.asynchttpclient.netty.channel.ChannelManager - Adding key: http://localhost:59196 for channel [id: 0xf236355b, L:/127.0.0.1:56190 - R:localhost/127.0.0.1:59196]
01:59:35.097 [Forwarding isElementEnabled on session 6982e071b2148582eef085eaa5c2e96a to remote] DEBUG org.asynchttpclient.netty.request.NettyRequestSender - Using pooled Channel '[id: 0xf236355b, L:/127.0.0.1:56190 - R:localhost/127.0.0.1:59196]' for 'GET' to 'http://localhost:59196/session/6982e071b2148582eef085eaa5c2e96a/element/198eb6a1-d937-4379-949b-fdd4fae517d2/enabled'
01:59:35.097 [Forwarding isElementEnabled on session 6982e071b2148582eef085eaa5c2e96a to remote] DEBUG org.asynchttpclient.netty.request.NettyRequestSender - Using open Channel [id: 0xf236355b, L:/127.0.0.1:56190 - R:localhost/127.0.0.1:59196] for GET '/session/6982e071b2148582eef085eaa5c2e96a/element/198eb6a1-d937-4379-949b-fdd4fae517d2/enabled'
01:59:35.103 [AsyncHttpClient-1-10] DEBUG org.asynchttpclient.netty.handler.HttpHandler - 

Request DefaultFullHttpRequest(decodeResult: success, version: HTTP/1.1, content: EmptyByteBufBE)
GET /session/6982e071b2148582eef085eaa5c2e96a/element/198eb6a1-d937-4379-949b-fdd4fae517d2/enabled HTTP/1.1
User-Agent: selenium/4.1.2 (java windows)
Cache-Control: no-cache
Content-Type: application/json; charset=utf-8
host: localhost:59196
accept: */*

Response DefaultHttpResponse(decodeResult: success, version: HTTP/1.1)
HTTP/1.1 200 OK
Content-Type: application/json; charset=utf-8
cache-control: no-cache
content-length: 14

01:59:35.103 [AsyncHttpClient-1-10] DEBUG org.asynchttpclient.netty.channel.ChannelManager - Adding key: http://localhost:59196 for channel [id: 0xf236355b, L:/127.0.0.1:56190 - R:localhost/127.0.0.1:59196]
01:59:35.104 [Forwarding findElement on session 6982e071b2148582eef085eaa5c2e96a to remote] DEBUG org.asynchttpclient.netty.request.NettyRequestSender - Using pooled Channel '[id: 0xf236355b, L:/127.0.0.1:56190 - R:localhost/127.0.0.1:59196]' for 'POST' to 'http://localhost:59196/session/6982e071b2148582eef085eaa5c2e96a/element'
01:59:35.104 [Forwarding findElement on session 6982e071b2148582eef085eaa5c2e96a to remote] DEBUG org.asynchttpclient.netty.request.NettyRequestSender - Using open Channel [id: 0xf236355b, L:/127.0.0.1:56190 - R:localhost/127.0.0.1:59196] for POST '/session/6982e071b2148582eef085eaa5c2e96a/element'
01:59:35.115 [AsyncHttpClient-1-10] DEBUG org.asynchttpclient.netty.handler.HttpHandler - 

Request DefaultHttpRequest(decodeResult: success, version: HTTP/1.1)
POST /session/6982e071b2148582eef085eaa5c2e96a/element HTTP/1.1
User-Agent: selenium/4.1.2 (java windows)
Content-Length: 112
Content-Type: application/json; charset=utf-8
host: localhost:59196
accept: */*

Response DefaultHttpResponse(decodeResult: success, version: HTTP/1.1)
HTTP/1.1 200 OK
Content-Type: application/json; charset=utf-8
cache-control: no-cache
content-length: 88

01:59:35.115 [AsyncHttpClient-1-10] DEBUG org.asynchttpclient.netty.channel.ChannelManager - Adding key: http://localhost:59196 for channel [id: 0xf236355b, L:/127.0.0.1:56190 - R:localhost/127.0.0.1:59196]
01:59:35.116 [Forwarding clickElement on session 6982e071b2148582eef085eaa5c2e96a to remote] DEBUG org.asynchttpclient.netty.request.NettyRequestSender - Using pooled Channel '[id: 0xf236355b, L:/127.0.0.1:56190 - R:localhost/127.0.0.1:59196]' for 'POST' to 'http://localhost:59196/session/6982e071b2148582eef085eaa5c2e96a/element/198eb6a1-d937-4379-949b-fdd4fae517d2/click'
01:59:35.116 [Forwarding clickElement on session 6982e071b2148582eef085eaa5c2e96a to remote] DEBUG org.asynchttpclient.netty.request.NettyRequestSender - Using open Channel [id: 0xf236355b, L:/127.0.0.1:56190 - R:localhost/127.0.0.1:59196] for POST '/session/6982e071b2148582eef085eaa5c2e96a/element/198eb6a1-d937-4379-949b-fdd4fae517d2/click'
01:59:35.171 [AsyncHttpClient-1-10] DEBUG org.asynchttpclient.netty.handler.HttpHandler - 

Request DefaultHttpRequest(decodeResult: success, version: HTTP/1.1)
POST /session/6982e071b2148582eef085eaa5c2e96a/element/198eb6a1-d937-4379-949b-fdd4fae517d2/click HTTP/1.1
User-Agent: selenium/4.1.2 (java windows)
Content-Length: 50
Content-Type: application/json; charset=utf-8
host: localhost:59196
accept: */*

Response DefaultHttpResponse(decodeResult: success, version: HTTP/1.1)
HTTP/1.1 200 OK
Content-Type: application/json; charset=utf-8
cache-control: no-cache
content-length: 14

01:59:35.171 [AsyncHttpClient-1-10] DEBUG org.asynchttpclient.netty.channel.ChannelManager - Adding key: http://localhost:59196 for channel [id: 0xf236355b, L:/127.0.0.1:56190 - R:localhost/127.0.0.1:59196]
01:59:35.174 [Forwarding screenshot on session 6982e071b2148582eef085eaa5c2e96a to remote] DEBUG org.asynchttpclient.netty.request.NettyRequestSender - Using pooled Channel '[id: 0xf236355b, L:/127.0.0.1:56190 - R:localhost/127.0.0.1:59196]' for 'GET' to 'http://localhost:59196/session/6982e071b2148582eef085eaa5c2e96a/screenshot'
01:59:35.174 [Forwarding screenshot on session 6982e071b2148582eef085eaa5c2e96a to remote] DEBUG org.asynchttpclient.netty.request.NettyRequestSender - Using open Channel [id: 0xf236355b, L:/127.0.0.1:56190 - R:localhost/127.0.0.1:59196] for GET '/session/6982e071b2148582eef085eaa5c2e96a/screenshot'
01:59:35.356 [AsyncHttpClient-1-10] DEBUG org.asynchttpclient.netty.handler.HttpHandler - 

Request DefaultFullHttpRequest(decodeResult: success, version: HTTP/1.1, content: EmptyByteBufBE)
GET /session/6982e071b2148582eef085eaa5c2e96a/screenshot HTTP/1.1
User-Agent: selenium/4.1.2 (java windows)
Cache-Control: no-cache
Content-Type: application/json; charset=utf-8
host: localhost:59196
accept: */*

Response DefaultHttpResponse(decodeResult: success, version: HTTP/1.1)
HTTP/1.1 200 OK
Content-Type: application/json; charset=utf-8
cache-control: no-cache
content-length: 17888

01:59:35.356 [AsyncHttpClient-1-10] DEBUG org.asynchttpclient.netty.channel.ChannelManager - Adding key: http://localhost:59196 for channel [id: 0xf236355b, L:/127.0.0.1:56190 - R:localhost/127.0.0.1:59196]
01:59:35.357 [main] DEBUG net.serenitybdd.core.photography.Darkroom - Send negative for processing for target\site\serenity\3b8afa6385ee68362222cd7d3f26222d831fa27fe36a30e75ab9c5fb12af7516.png
01:59:35.357 [main] DEBUG net.thucydides.core.steps.StepInterceptor - STEP DONE: clickDetailButton
  &amp#27;[32mAnd &amp#27;[0m&amp#27;[32mI click Detail button on a product for rating&amp#27;[0m &amp#27;[90m# starter.stepdefinitions.RatingSteps.clickDetailButton()&amp#27;[0m
01:59:35.357 [Darkroom Processing Line] DEBUG net.serenitybdd.core.photography.DarkroomProcessingLine - Processing screenshot image in /var/screenshots/screenshot-6488643566700693847
01:59:35.357 [Darkroom Processing Line] DEBUG net.serenitybdd.core.photography.DarkroomProcessingLine - Saving screenshot to target\site\serenity\3b8afa6385ee68362222cd7d3f26222d831fa27fe36a30e75ab9c5fb12af7516.png
01:59:35.364 [main] DEBUG net.thucydides.core.steps.StepInterceptor - STARTING STEP: RatingSteps.clickStarIcon - click2StarRating
01:59:35.365 [Forwarding findElement on session 6982e071b2148582eef085eaa5c2e96a to remote] DEBUG org.asynchttpclient.netty.request.NettyRequestSender - Using pooled Channel '[id: 0xf236355b, L:/127.0.0.1:56190 - R:localhost/127.0.0.1:59196]' for 'POST' to 'http://localhost:59196/session/6982e071b2148582eef085eaa5c2e96a/element'
01:59:35.365 [Forwarding findElement on session 6982e071b2148582eef085eaa5c2e96a to remote] DEBUG org.asynchttpclient.netty.request.NettyRequestSender - Using open Channel [id: 0xf236355b, L:/127.0.0.1:56190 - R:localhost/127.0.0.1:59196] for POST '/session/6982e071b2148582eef085eaa5c2e96a/element'
01:59:35.371 [AsyncHttpClient-1-10] DEBUG org.asynchttpclient.netty.handler.HttpHandler - 

Request DefaultHttpRequest(decodeResult: success, version: HTTP/1.1)
POST /session/6982e071b2148582eef085eaa5c2e96a/element HTTP/1.1
User-Agent: selenium/4.1.2 (java windows)
Content-Length: 160
Content-Type: application/json; charset=utf-8
host: localhost:59196
accept: */*

Response DefaultHttpResponse(decodeResult: success, version: HTTP/1.1)
HTTP/1.1 200 OK
Content-Type: application/json; charset=utf-8
cache-control: no-cache
content-length: 88

01:59:35.372 [AsyncHttpClient-1-10] DEBUG org.asynchttpclient.netty.channel.ChannelManager - Adding key: http://localhost:59196 for channel [id: 0xf236355b, L:/127.0.0.1:56190 - R:localhost/127.0.0.1:59196]
01:59:35.372 [Forwarding getElementTagName on session 6982e071b2148582eef085eaa5c2e96a to remote] DEBUG org.asynchttpclient.netty.request.NettyRequestSender - Using pooled Channel '[id: 0xf236355b, L:/127.0.0.1:56190 - R:localhost/127.0.0.1:59196]' for 'GET' to 'http://localhost:59196/session/6982e071b2148582eef085eaa5c2e96a/element/60d011cb-49cd-4874-8343-9263634d4142/name'
01:59:35.372 [Forwarding getElementTagName on session 6982e071b2148582eef085eaa5c2e96a to remote] DEBUG org.asynchttpclient.netty.request.NettyRequestSender - Using open Channel [id: 0xf236355b, L:/127.0.0.1:56190 - R:localhost/127.0.0.1:59196] for GET '/session/6982e071b2148582eef085eaa5c2e96a/element/60d011cb-49cd-4874-8343-9263634d4142/name'
01:59:35.375 [AsyncHttpClient-1-10] DEBUG org.asynchttpclient.netty.handler.HttpHandler - 

Request DefaultFullHttpRequest(decodeResult: success, version: HTTP/1.1, content: EmptyByteBufBE)
GET /session/6982e071b2148582eef085eaa5c2e96a/element/60d011cb-49cd-4874-8343-9263634d4142/name HTTP/1.1
User-Agent: selenium/4.1.2 (java windows)
Cache-Control: no-cache
Content-Type: application/json; charset=utf-8
host: localhost:59196
accept: */*

Response DefaultHttpResponse(decodeResult: success, version: HTTP/1.1)
HTTP/1.1 200 OK
Content-Type: application/json; charset=utf-8
cache-control: no-cache
content-length: 18

01:59:35.375 [AsyncHttpClient-1-10] DEBUG org.asynchttpclient.netty.channel.ChannelManager - Adding key: http://localhost:59196 for channel [id: 0xf236355b, L:/127.0.0.1:56190 - R:localhost/127.0.0.1:59196]
01:59:35.376 [Forwarding getElementTagName on session 6982e071b2148582eef085eaa5c2e96a to remote] DEBUG org.asynchttpclient.netty.request.NettyRequestSender - Using pooled Channel '[id: 0xf236355b, L:/127.0.0.1:56190 - R:localhost/127.0.0.1:59196]' for 'GET' to 'http://localhost:59196/session/6982e071b2148582eef085eaa5c2e96a/element/60d011cb-49cd-4874-8343-9263634d4142/name'
01:59:35.376 [Forwarding getElementTagName on session 6982e071b2148582eef085eaa5c2e96a to remote] DEBUG org.asynchttpclient.netty.request.NettyRequestSender - Using open Channel [id: 0xf236355b, L:/127.0.0.1:56190 - R:localhost/127.0.0.1:59196] for GET '/session/6982e071b2148582eef085eaa5c2e96a/element/60d011cb-49cd-4874-8343-9263634d4142/name'
01:59:35.379 [AsyncHttpClient-1-10] DEBUG org.asynchttpclient.netty.handler.HttpHandler - 

Request DefaultFullHttpRequest(decodeResult: success, version: HTTP/1.1, content: EmptyByteBufBE)
GET /session/6982e071b2148582eef085eaa5c2e96a/element/60d011cb-49cd-4874-8343-9263634d4142/name HTTP/1.1
User-Agent: selenium/4.1.2 (java windows)
Cache-Control: no-cache
Content-Type: application/json; charset=utf-8
host: localhost:59196
accept: */*

Response DefaultHttpResponse(decodeResult: success, version: HTTP/1.1)
HTTP/1.1 200 OK
Content-Type: application/json; charset=utf-8
cache-control: no-cache
content-length: 18

01:59:35.379 [AsyncHttpClient-1-10] DEBUG org.asynchttpclient.netty.channel.ChannelManager - Adding key: http://localhost:59196 for channel [id: 0xf236355b, L:/127.0.0.1:56190 - R:localhost/127.0.0.1:59196]
01:59:35.381 [Forwarding isElementEnabled on session 6982e071b2148582eef085eaa5c2e96a to remote] DEBUG org.asynchttpclient.netty.request.NettyRequestSender - Using pooled Channel '[id: 0xf236355b, L:/127.0.0.1:56190 - R:localhost/127.0.0.1:59196]' for 'GET' to 'http://localhost:59196/session/6982e071b2148582eef085eaa5c2e96a/element/60d011cb-49cd-4874-8343-9263634d4142/enabled'
01:59:35.381 [Forwarding isElementEnabled on session 6982e071b2148582eef085eaa5c2e96a to remote] DEBUG org.asynchttpclient.netty.request.NettyRequestSender - Using open Channel [id: 0xf236355b, L:/127.0.0.1:56190 - R:localhost/127.0.0.1:59196] for GET '/session/6982e071b2148582eef085eaa5c2e96a/element/60d011cb-49cd-4874-8343-9263634d4142/enabled'
01:59:35.385 [AsyncHttpClient-1-10] DEBUG org.asynchttpclient.netty.handler.HttpHandler - 

Request DefaultFullHttpRequest(decodeResult: success, version: HTTP/1.1, content: EmptyByteBufBE)
GET /session/6982e071b2148582eef085eaa5c2e96a/element/60d011cb-49cd-4874-8343-9263634d4142/enabled HTTP/1.1
User-Agent: selenium/4.1.2 (java windows)
Cache-Control: no-cache
Content-Type: application/json; charset=utf-8
host: localhost:59196
accept: */*

Response DefaultHttpResponse(decodeResult: success, version: HTTP/1.1)
HTTP/1.1 200 OK
Content-Type: application/json; charset=utf-8
cache-control: no-cache
content-length: 14

01:59:35.385 [AsyncHttpClient-1-10] DEBUG org.asynchttpclient.netty.channel.ChannelManager - Adding key: http://localhost:59196 for channel [id: 0xf236355b, L:/127.0.0.1:56190 - R:localhost/127.0.0.1:59196]
01:59:35.385 [Forwarding isElementEnabled on session 6982e071b2148582eef085eaa5c2e96a to remote] DEBUG org.asynchttpclient.netty.request.NettyRequestSender - Using pooled Channel '[id: 0xf236355b, L:/127.0.0.1:56190 - R:localhost/127.0.0.1:59196]' for 'GET' to 'http://localhost:59196/session/6982e071b2148582eef085eaa5c2e96a/element/60d011cb-49cd-4874-8343-9263634d4142/enabled'
01:59:35.385 [Forwarding isElementEnabled on session 6982e071b2148582eef085eaa5c2e96a to remote] DEBUG org.asynchttpclient.netty.request.NettyRequestSender - Using open Channel [id: 0xf236355b, L:/127.0.0.1:56190 - R:localhost/127.0.0.1:59196] for GET '/session/6982e071b2148582eef085eaa5c2e96a/element/60d011cb-49cd-4874-8343-9263634d4142/enabled'
01:59:35.388 [AsyncHttpClient-1-10] DEBUG org.asynchttpclient.netty.handler.HttpHandler - 

Request DefaultFullHttpRequest(decodeResult: success, version: HTTP/1.1, content: EmptyByteBufBE)
GET /session/6982e071b2148582eef085eaa5c2e96a/element/60d011cb-49cd-4874-8343-9263634d4142/enabled HTTP/1.1
User-Agent: selenium/4.1.2 (java windows)
Cache-Control: no-cache
Content-Type: application/json; charset=utf-8
host: localhost:59196
accept: */*

Response DefaultHttpResponse(decodeResult: success, version: HTTP/1.1)
HTTP/1.1 200 OK
Content-Type: application/json; charset=utf-8
cache-control: no-cache
content-length: 14

01:59:35.388 [AsyncHttpClient-1-10] DEBUG org.asynchttpclient.netty.channel.ChannelManager - Adding key: http://localhost:59196 for channel [id: 0xf236355b, L:/127.0.0.1:56190 - R:localhost/127.0.0.1:59196]
01:59:35.389 [Forwarding findElement on session 6982e071b2148582eef085eaa5c2e96a to remote] DEBUG org.asynchttpclient.netty.request.NettyRequestSender - Using pooled Channel '[id: 0xf236355b, L:/127.0.0.1:56190 - R:localhost/127.0.0.1:59196]' for 'POST' to 'http://localhost:59196/session/6982e071b2148582eef085eaa5c2e96a/element'
01:59:35.389 [Forwarding findElement on session 6982e071b2148582eef085eaa5c2e96a to remote] DEBUG org.asynchttpclient.netty.request.NettyRequestSender - Using open Channel [id: 0xf236355b, L:/127.0.0.1:56190 - R:localhost/127.0.0.1:59196] for POST '/session/6982e071b2148582eef085eaa5c2e96a/element'
01:59:35.392 [AsyncHttpClient-1-10] DEBUG org.asynchttpclient.netty.handler.HttpHandler - 

Request DefaultHttpRequest(decodeResult: success, version: HTTP/1.1)
POST /session/6982e071b2148582eef085eaa5c2e96a/element HTTP/1.1
User-Agent: selenium/4.1.2 (java windows)
Content-Length: 160
Content-Type: application/json; charset=utf-8
host: localhost:59196
accept: */*

Response DefaultHttpResponse(decodeResult: success, version: HTTP/1.1)
HTTP/1.1 200 OK
Content-Type: application/json; charset=utf-8
cache-control: no-cache
content-length: 88

01:59:35.392 [AsyncHttpClient-1-10] DEBUG org.asynchttpclient.netty.channel.ChannelManager - Adding key: http://localhost:59196 for channel [id: 0xf236355b, L:/127.0.0.1:56190 - R:localhost/127.0.0.1:59196]
01:59:35.392 [Forwarding clickElement on session 6982e071b2148582eef085eaa5c2e96a to remote] DEBUG org.asynchttpclient.netty.request.NettyRequestSender - Using pooled Channel '[id: 0xf236355b, L:/127.0.0.1:56190 - R:localhost/127.0.0.1:59196]' for 'POST' to 'http://localhost:59196/session/6982e071b2148582eef085eaa5c2e96a/element/60d011cb-49cd-4874-8343-9263634d4142/click'
01:59:35.393 [Forwarding clickElement on session 6982e071b2148582eef085eaa5c2e96a to remote] DEBUG org.asynchttpclient.netty.request.NettyRequestSender - Using open Channel [id: 0xf236355b, L:/127.0.0.1:56190 - R:localhost/127.0.0.1:59196] for POST '/session/6982e071b2148582eef085eaa5c2e96a/element/60d011cb-49cd-4874-8343-9263634d4142/click'
01:59:35.412 [AsyncHttpClient-1-10] DEBUG org.asynchttpclient.netty.handler.HttpHandler - 

Request DefaultHttpRequest(decodeResult: success, version: HTTP/1.1)
POST /session/6982e071b2148582eef085eaa5c2e96a/element/60d011cb-49cd-4874-8343-9263634d4142/click HTTP/1.1
User-Agent: selenium/4.1.2 (java windows)
Content-Length: 50
Content-Type: application/json; charset=utf-8
host: localhost:59196
accept: */*

Response DefaultHttpResponse(decodeResult: success, version: HTTP/1.1)
HTTP/1.1 200 OK
Content-Type: application/json; charset=utf-8
cache-control: no-cache
content-length: 14

01:59:35.412 [AsyncHttpClient-1-10] DEBUG org.asynchttpclient.netty.channel.ChannelManager - Adding key: http://localhost:59196 for channel [id: 0xf236355b, L:/127.0.0.1:56190 - R:localhost/127.0.0.1:59196]
01:59:35.416 [Forwarding screenshot on session 6982e071b2148582eef085eaa5c2e96a to remote] DEBUG org.asynchttpclient.netty.request.NettyRequestSender - Using pooled Channel '[id: 0xf236355b, L:/127.0.0.1:56190 - R:localhost/127.0.0.1:59196]' for 'GET' to 'http://localhost:59196/session/6982e071b2148582eef085eaa5c2e96a/screenshot'
01:59:35.416 [Forwarding screenshot on session 6982e071b2148582eef085eaa5c2e96a to remote] DEBUG org.asynchttpclient.netty.request.NettyRequestSender - Using open Channel [id: 0xf236355b, L:/127.0.0.1:56190 - R:localhost/127.0.0.1:59196] for GET '/session/6982e071b2148582eef085eaa5c2e96a/screenshot'
01:59:35.494 [AsyncHttpClient-1-10] DEBUG org.asynchttpclient.netty.handler.HttpHandler - 

Request DefaultFullHttpRequest(decodeResult: success, version: HTTP/1.1, content: EmptyByteBufBE)
GET /session/6982e071b2148582eef085eaa5c2e96a/screenshot HTTP/1.1
User-Agent: selenium/4.1.2 (java windows)
Cache-Control: no-cache
Content-Type: application/json; charset=utf-8
host: localhost:59196
accept: */*

Response DefaultHttpResponse(decodeResult: success, version: HTTP/1.1)
HTTP/1.1 200 OK
Content-Type: application/json; charset=utf-8
cache-control: no-cache
content-length: 17888

01:59:35.494 [AsyncHttpClient-1-10] DEBUG org.asynchttpclient.netty.channel.ChannelManager - Adding key: http://localhost:59196 for channel [id: 0xf236355b, L:/127.0.0.1:56190 - R:localhost/127.0.0.1:59196]
01:59:35.495 [main] DEBUG net.serenitybdd.core.photography.Darkroom - Send negative for processing for target\site\serenity\3b8afa6385ee68362222cd7d3f26222d831fa27fe36a30e75ab9c5fb12af7516.png
01:59:35.495 [main] DEBUG net.thucydides.core.steps.StepInterceptor - STEP DONE: click2StarRating
  &amp#27;[32mAnd &amp#27;[0m&amp#27;[32mI click star icon for rating&amp#27;[0m                  &amp#27;[90m# starter.stepdefinitions.RatingSteps.clickStarIcon()&amp#27;[0m
01:59:35.515 [main] DEBUG net.thucydides.core.steps.StepInterceptor - STARTING STEP: RatingSteps.stillOnProductPage - stillOnProductPage
01:59:35.516 [Forwarding findElement on session 6982e071b2148582eef085eaa5c2e96a to remote] DEBUG org.asynchttpclient.netty.request.NettyRequestSender - Using pooled Channel '[id: 0xf236355b, L:/127.0.0.1:56190 - R:localhost/127.0.0.1:59196]' for 'POST' to 'http://localhost:59196/session/6982e071b2148582eef085eaa5c2e96a/element'
01:59:35.516 [Forwarding findElement on session 6982e071b2148582eef085eaa5c2e96a to remote] DEBUG org.asynchttpclient.netty.request.NettyRequestSender - Using open Channel [id: 0xf236355b, L:/127.0.0.1:56190 - R:localhost/127.0.0.1:59196] for POST '/session/6982e071b2148582eef085eaa5c2e96a/element'
01:59:35.604 [AsyncHttpClient-1-10] DEBUG org.asynchttpclient.netty.handler.HttpHandler - 

Request DefaultHttpRequest(decodeResult: success, version: HTTP/1.1)
POST /session/6982e071b2148582eef085eaa5c2e96a/element HTTP/1.1
User-Agent: selenium/4.1.2 (java windows)
Content-Length: 113
Content-Type: application/json; charset=utf-8
host: localhost:59196
accept: */*

Response DefaultHttpResponse(decodeResult: success, version: HTTP/1.1)
HTTP/1.1 200 OK
Content-Type: application/json; charset=utf-8
cache-control: no-cache
content-length: 88

01:59:35.604 [AsyncHttpClient-1-10] DEBUG org.asynchttpclient.netty.channel.ChannelManager - Adding key: http://localhost:59196 for channel [id: 0xf236355b, L:/127.0.0.1:56190 - R:localhost/127.0.0.1:59196]
01:59:35.606 [Forwarding isElementDisplayed on session 6982e071b2148582eef085eaa5c2e96a to remote] DEBUG org.asynchttpclient.netty.request.NettyRequestSender - Using pooled Channel '[id: 0xf236355b, L:/127.0.0.1:56190 - R:localhost/127.0.0.1:59196]' for 'POST' to 'http://localhost:59196/session/6982e071b2148582eef085eaa5c2e96a/execute/sync'
01:59:35.606 [Forwarding isElementDisplayed on session 6982e071b2148582eef085eaa5c2e96a to remote] DEBUG org.asynchttpclient.netty.request.NettyRequestSender - Using open Channel [id: 0xf236355b, L:/127.0.0.1:56190 - R:localhost/127.0.0.1:59196] for POST '/session/6982e071b2148582eef085eaa5c2e96a/execute/sync'
01:59:35.612 [AsyncHttpClient-1-10] DEBUG org.asynchttpclient.netty.handler.HttpHandler - 

Request DefaultHttpRequest(decodeResult: success, version: HTTP/1.1)
POST /session/6982e071b2148582eef085eaa5c2e96a/execute/sync HTTP/1.1
User-Agent: selenium/4.1.2 (java windows)
Content-Length: 48780
Content-Type: application/json; charset=utf-8
host: localhost:59196
accept: */*

Response DefaultHttpResponse(decodeResult: success, version: HTTP/1.1)
HTTP/1.1 200 OK
Content-Type: application/json; charset=utf-8
cache-control: no-cache
content-length: 14

01:59:35.612 [AsyncHttpClient-1-10] DEBUG org.asynchttpclient.netty.channel.ChannelManager - Adding key: http://localhost:59196 for channel [id: 0xf236355b, L:/127.0.0.1:56190 - R:localhost/127.0.0.1:59196]
01:59:35.614 [Forwarding screenshot on session 6982e071b2148582eef085eaa5c2e96a to remote] DEBUG org.asynchttpclient.netty.request.NettyRequestSender - Using pooled Channel '[id: 0xf236355b, L:/127.0.0.1:56190 - R:localhost/127.0.0.1:59196]' for 'GET' to 'http://localhost:59196/session/6982e071b2148582eef085eaa5c2e96a/screenshot'
01:59:35.614 [Forwarding screenshot on session 6982e071b2148582eef085eaa5c2e96a to remote] DEBUG org.asynchttpclient.netty.request.NettyRequestSender - Using open Channel [id: 0xf236355b, L:/127.0.0.1:56190 - R:localhost/127.0.0.1:59196] for GET '/session/6982e071b2148582eef085eaa5c2e96a/screenshot'
01:59:35.694 [AsyncHttpClient-1-10] DEBUG org.asynchttpclient.netty.handler.HttpHandler - 

Request DefaultFullHttpRequest(decodeResult: success, version: HTTP/1.1, content: EmptyByteBufBE)
GET /session/6982e071b2148582eef085eaa5c2e96a/screenshot HTTP/1.1
User-Agent: selenium/4.1.2 (java windows)
Cache-Control: no-cache
Content-Type: application/json; charset=utf-8
host: localhost:59196
accept: */*

Response DefaultHttpResponse(decodeResult: success, version: HTTP/1.1)
HTTP/1.1 200 OK
Content-Type: application/json; charset=utf-8
cache-control: no-cache
content-length: 36268

01:59:35.695 [AsyncHttpClient-1-10] DEBUG org.asynchttpclient.netty.channel.ChannelManager - Adding key: http://localhost:59196 for channel [id: 0xf236355b, L:/127.0.0.1:56190 - R:localhost/127.0.0.1:59196]
01:59:35.695 [main] DEBUG net.serenitybdd.core.photography.Darkroom - Send negative for processing for target\site\serenity\914a783b3b97f157eab6c0893b02be8e4dee47549f02f74f0d9eff192975f981.png
01:59:35.695 [main] DEBUG net.thucydides.core.steps.StepInterceptor - STEP DONE: stillOnProductPage
  &amp#27;[32mThen &amp#27;[0m&amp#27;[32mI am still on Product Page&amp#27;[0m                   &amp#27;[90m# starter.stepdefinitions.RatingSteps.stillOnProductPage()&amp#27;[0m
01:59:35.697 [Darkroom Processing Line] DEBUG net.serenitybdd.core.photography.DarkroomProcessingLine - Processing screenshot image in /var/screenshots/screenshot-3365584519811344738
01:59:35.697 [Darkroom Processing Line] DEBUG net.serenitybdd.core.photography.DarkroomProcessingLine - Saving screenshot to target\site\serenity\914a783b3b97f157eab6c0893b02be8e4dee47549f02f74f0d9eff192975f981.png
01:59:35.700 [main] INFO  - 
  _____   ___   ___   _____     ___     _     ___   ___   ___   ___  
 |_   _| | __| / __| |_   _|   | _ \   /_\   / __| / __| | __| |   \ 
   | |   | _|  \__ \   | |     |  _/  / _ \  \__ \ \__ \ | _|  | |) |
   |_|   |___| |___/   |_|     |_|   /_/ \_\ |___/ |___/ |___| |___/ 

Logout an account
----------------------------------------------------------------------
01:59:35.701 [AsyncHttpClient-1-12] DEBUG org.asynchttpclient.netty.handler.WebSocketHandler - Channel Closed: [id: 0xd3effd42, L:/127.0.0.1:56198 ! R:localhost/127.0.0.1:56191] with attribute NettyResponseFuture{currentRetry=5,
	isDone=1,
	isCancelled=0,
	asyncHandler=org.asynchttpclient.ws.WebSocketUpgradeHandler@75696c7b,
	nettyRequest=org.asynchttpclient.netty.request.NettyRequest@695fcb12,
	future=java.util.concurrent.CompletableFuture@d1148bc[Completed normally],
	uri=ws://localhost:56191/devtools/browser/5346d4c5-bf13-43cc-81a7-1f6df5c3aa10,
	keepAlive=true,
	redirectCount=0,
	timeoutsHolder=null,
	inAuth=0,
	touch=1652554770605}
01:59:35.701 [AsyncHttpClient-1-12] DEBUG org.asynchttpclient.netty.channel.ChannelManager - Closing Channel [id: 0xd3effd42, L:/127.0.0.1:56198 ! R:localhost/127.0.0.1:56191] 
01:59:35.701 [Driver Command Executor] DEBUG org.asynchttpclient.netty.request.NettyRequestSender - Using pooled Channel '[id: 0xf236355b, L:/127.0.0.1:56190 - R:localhost/127.0.0.1:59196]' for 'DELETE' to 'http://localhost:59196/session/6982e071b2148582eef085eaa5c2e96a'
01:59:35.701 [Driver Command Executor] DEBUG org.asynchttpclient.netty.request.NettyRequestSender - Using open Channel [id: 0xf236355b, L:/127.0.0.1:56190 - R:localhost/127.0.0.1:59196] for DELETE '/session/6982e071b2148582eef085eaa5c2e96a'
01:59:35.740 [AsyncHttpClient-1-11] DEBUG org.asynchttpclient.netty.handler.HttpHandler - Unexpected I/O exception on channel [id: 0x21cc4a44, L:/127.0.0.1:56197 - R:localhost/127.0.0.1:56191]
java.io.IOException: An existing connection was forcibly closed by the remote host
	at java.base/sun.nio.ch.SocketDispatcher.read0(Native Method)
	at java.base/sun.nio.ch.SocketDispatcher.read(SocketDispatcher.java:43)
	at java.base/sun.nio.ch.IOUtil.readIntoNativeBuffer(IOUtil.java:276)
	at java.base/sun.nio.ch.IOUtil.read(IOUtil.java:233)
	at java.base/sun.nio.ch.IOUtil.read(IOUtil.java:223)
	at java.base/sun.nio.ch.SocketChannelImpl.read(SocketChannelImpl.java:358)
	at io.netty.buffer.PooledByteBuf.setBytes(PooledByteBuf.java:258)
	at io.netty.buffer.AbstractByteBuf.writeBytes(AbstractByteBuf.java:1132)
	at io.netty.channel.socket.nio.NioSocketChannel.doReadBytes(NioSocketChannel.java:350)
	at io.netty.channel.nio.AbstractNioByteChannel$NioByteUnsafe.read(AbstractNioByteChannel.java:151)
	at io.netty.channel.nio.NioEventLoop.processSelectedKey(NioEventLoop.java:722)
	at io.netty.channel.nio.NioEventLoop.processSelectedKeysOptimized(NioEventLoop.java:658)
	at io.netty.channel.nio.NioEventLoop.processSelectedKeys(NioEventLoop.java:584)
	at io.netty.channel.nio.NioEventLoop.run(NioEventLoop.java:496)
	at io.netty.util.concurrent.SingleThreadEventExecutor$4.run(SingleThreadEventExecutor.java:986)
	at io.netty.util.internal.ThreadExecutorMap$2.run(ThreadExecutorMap.java:74)
	at io.netty.util.concurrent.FastThreadLocalRunnable.run(FastThreadLocalRunnable.java:30)
	at java.base/java.lang.Thread.run(Thread.java:834)
01:59:35.740 [AsyncHttpClient-1-11] DEBUG org.asynchttpclient.netty.channel.ChannelManager - Closing Channel [id: 0x21cc4a44, L:/127.0.0.1:56197 - R:localhost/127.0.0.1:56191] 
01:59:35.741 [AsyncHttpClient-1-11] DEBUG org.asynchttpclient.netty.handler.HttpHandler - Channel Closed: [id: 0x21cc4a44, L:/127.0.0.1:56197 ! R:localhost/127.0.0.1:56191] with attribute DISCARD
01:59:35.752 [AsyncHttpClient-1-10] DEBUG org.asynchttpclient.netty.handler.HttpHandler - 

Request DefaultFullHttpRequest(decodeResult: success, version: HTTP/1.1, content: EmptyByteBufBE)
DELETE /session/6982e071b2148582eef085eaa5c2e96a HTTP/1.1
User-Agent: selenium/4.1.2 (java windows)
Content-Type: application/json; charset=utf-8
host: localhost:59196
accept: */*

Response DefaultHttpResponse(decodeResult: success, version: HTTP/1.1)
HTTP/1.1 200 OK
Content-Type: application/json; charset=utf-8
cache-control: no-cache
content-length: 14

01:59:35.752 [AsyncHttpClient-1-10] DEBUG org.asynchttpclient.netty.channel.ChannelManager - Adding key: http://localhost:59196 for channel [id: 0xf236355b, L:/127.0.0.1:56190 - R:localhost/127.0.0.1:59196]
01:59:35.807 [AsyncHttpClient-1-10] DEBUG org.asynchttpclient.netty.handler.HttpHandler - Channel Closed: [id: 0xf236355b, L:/127.0.0.1:56190 ! R:localhost/127.0.0.1:59196] with attribute DISCARD
01:59:35.961 [AsyncHttpClient-1-1] DEBUG org.asynchttpclient.netty.channel.DefaultChannelPool - Entry count for : http://localhost:59196 : 1
01:59:35.961 [AsyncHttpClient-1-1] DEBUG org.asynchttpclient.netty.channel.DefaultChannelPool - Entry count for : http://localhost:56191 : 1
01:59:35.961 [AsyncHttpClient-1-1] DEBUG org.asynchttpclient.netty.channel.DefaultChannelPool - Adding Candidate expired Channel [id: 0xf236355b, L:/127.0.0.1:56190 ! R:localhost/127.0.0.1:59196] isIdleTimeoutExpired=false isRemotelyClosed=true isTtlExpired=false
01:59:35.961 [AsyncHttpClient-1-1] DEBUG org.asynchttpclient.netty.channel.DefaultChannelPool - Closing Idle Channel [id: 0xf236355b, L:/127.0.0.1:56190 ! R:localhost/127.0.0.1:59196]
01:59:35.961 [AsyncHttpClient-1-1] DEBUG org.asynchttpclient.netty.channel.DefaultChannelPool - Adding Candidate expired Channel [id: 0x21cc4a44, L:/127.0.0.1:56197 ! R:localhost/127.0.0.1:56191] isIdleTimeoutExpired=false isRemotelyClosed=true isTtlExpired=false
01:59:35.961 [AsyncHttpClient-1-1] DEBUG org.asynchttpclient.netty.channel.DefaultChannelPool - Closing Idle Channel [id: 0x21cc4a44, L:/127.0.0.1:56197 ! R:localhost/127.0.0.1:56191]
01:59:35.961 [AsyncHttpClient-1-1] DEBUG org.asynchttpclient.netty.channel.DefaultChannelPool - Closed 2 connections out of 2 in 0 ms
]]></system-out>
    <system-err><![CDATA[Starting ChromeDriver 101.0.4951.41 (93c720db8323b3ec10d056025ab95c23a31997c9-refs/branch-heads/4951@{#904}) on port 59196
Only local connections are allowed.
Please see https://chromedriver.chromium.org/security-considerations for suggestions on keeping ChromeDriver safe.
ChromeDriver was started successfully.
May 15, 2022 1:59:30 AM org.openqa.selenium.remote.ProtocolHandshake createSession
INFO: Detected dialect: W3C
May 15, 2022 1:59:30 AM org.openqa.selenium.devtools.CdpVersionFinder findNearestMatch
WARNING: Unable to find an exact match for CDP version 101, so returning the closest version found: 97
May 15, 2022 1:59:30 AM org.openqa.selenium.devtools.CdpVersionFinder findNearestMatch
INFO: Found CDP implementation for version 101 of 97
]]></system-err>
  </testcase>
  <testcase name="register with valid data" classname="Register" time="4.09">
    <system-out><![CDATA[01:59:36.331 [main] INFO io.cucumber.core.plugin.SerenityReporter - Running feature from file:///D:/Intern/MSIB%20Alterra/alterra-mini-project/Serenity%20UI%20Test/src/test/resources/features/Register.feature
01:59:36.333 [main] DEBUG net.thucydides.core.steps.StepEventBus - Test suite started for story net.thucydides.core.model.Story@30e75088
01:59:36.333 [main] INFO  - Test Suite Started: Register

Scenario: register with valid data           &amp#27;[90m# src/test/resources/features/Register.feature:4&amp#27;[0m
01:59:36.338 [main] INFO io.cucumber.core.plugin.SerenityReporter - Running feature from file:///D:/Intern/MSIB%20Alterra/alterra-mini-project/Serenity%20UI%20Test/src/test/resources/features/Register.feature
01:59:36.339 [main] INFO  - 
  _____   ___   ___   _____     ___   _____     _     ___   _____   ___   ___  
 |_   _| | __| / __| |_   _|   / __| |_   _|   /_\   | _ \ |_   _| | __| |   \ 
   | |   | _|  \__ \   | |     \__ \   | |    / _ \  |   /   | |   | _|  | |) |
   |_|   |___| |___/   |_|     |___/   |_|   /_/ \_\ |_|_\   |_|   |___| |___/ 

register with valid data(register;register-with-valid-data)
--------------------------------------------------------------------------------
01:59:36.380 [main] DEBUG net.thucydides.core.steps.StepInterceptor - STARTING STEP: RegisterSteps.onTheRegisterPage - registerPage
01:59:36.381 [main] INFO net.serenitybdd.core.webdriver.driverproviders.ChromeDriverProvider - Using automatically driver download
01:59:36.445 [main] DEBUG io.github.bonigarcia.wdm.cache.ResolutionCache - Resolution chrome=101 in cache (valid until 02:58:38 15/05/2022 ICT)
01:59:36.447 [main] DEBUG io.github.bonigarcia.wdm.cache.ResolutionCache - Resolution chrome101=101.0.4951.41 in cache (valid until 14:15:13 15/05/2022 ICT)
01:59:36.448 [main] INFO io.github.bonigarcia.wdm.WebDriverManager - Using chromedriver 101.0.4951.41 (resolved driver for Chrome 101)
01:59:36.452 [main] DEBUG io.github.bonigarcia.wdm.WebDriverManager - Driver chromedriver 101.0.4951.41 found in cache
01:59:36.453 [main] INFO io.github.bonigarcia.wdm.WebDriverManager - Exporting webdriver.chrome.driver as C:\Users\saral\.cache\selenium\chromedriver\win32\101.0.4951.41\chromedriver.exe
01:59:36.518 [main] DEBUG net.serenitybdd.core.webdriver.driverproviders.ProvideNewDriver - Instantiating driver
01:59:36.518 [main] DEBUG net.serenitybdd.core.webdriver.driverproviders.ProvideNewDriver - Driver capabilities: Capabilities {acceptInsecureCerts: false, base.url: https://qa.alta.id/, browserName: chrome, chrome.driver: src/main/resources/webdrive..., driver: chrome, goog:chromeOptions: {args: [], extensions: []}}
01:59:37.071 [AsyncHttpClient-1-13] DEBUG org.asynchttpclient.netty.channel.NettyConnectListener - Using new Channel '[id: 0x0d38cd81, L:/127.0.0.1:56226 - R:localhost/127.0.0.1:56422]' for 'POST' to '/session'
01:59:37.543 [AsyncHttpClient-1-13] DEBUG org.asynchttpclient.netty.handler.HttpHandler - 

Request DefaultHttpRequest(decodeResult: success, version: HTTP/1.1)
POST /session HTTP/1.1
User-Agent: selenium/4.1.2 (java windows)
Content-Length: 605
Content-Type: application/json; charset=utf-8
host: localhost:56422
accept: */*

Response DefaultHttpResponse(decodeResult: success, version: HTTP/1.1)
HTTP/1.1 200 OK
Content-Type: application/json; charset=utf-8
cache-control: no-cache
content-length: 789

01:59:37.543 [AsyncHttpClient-1-13] DEBUG org.asynchttpclient.netty.channel.ChannelManager - Adding key: http://localhost:56422 for channel [id: 0x0d38cd81, L:/127.0.0.1:56226 - R:localhost/127.0.0.1:56422]
01:59:37.546 [AsyncHttpClient-1-14] DEBUG org.asynchttpclient.netty.channel.NettyConnectListener - Using new Channel '[id: 0xe2e6e3ac, L:/127.0.0.1:56233 - R:localhost/127.0.0.1:56227]' for 'GET' to '/json/version'
01:59:37.547 [AsyncHttpClient-1-14] DEBUG org.asynchttpclient.netty.handler.HttpHandler - 

Request DefaultFullHttpRequest(decodeResult: success, version: HTTP/1.1, content: EmptyByteBufBE)
GET /json/version HTTP/1.1
User-Agent: selenium/4.1.2 (java windows)
host: localhost:56227
accept: */*

Response DefaultHttpResponse(decodeResult: success, version: HTTP/1.1)
HTTP/1.1 200 OK
Content-Type: application/json; charset=UTF-8
content-length: 427

01:59:37.547 [AsyncHttpClient-1-14] DEBUG org.asynchttpclient.netty.channel.ChannelManager - Adding key: http://localhost:56227 for channel [id: 0xe2e6e3ac, L:/127.0.0.1:56233 - R:localhost/127.0.0.1:56227]
01:59:37.548 [AsyncHttpClient-1-15] DEBUG org.asynchttpclient.netty.channel.NettyConnectListener - Using new Channel '[id: 0x6fa73fb2, L:/127.0.0.1:56234 - R:localhost/127.0.0.1:56227]' for 'GET' to '/devtools/browser/55ae0b0d-4ceb-4705-a868-806ebe23d34a'
01:59:37.548 [AsyncHttpClient-1-15] DEBUG org.asynchttpclient.netty.handler.WebSocketHandler - 

Request DefaultFullHttpRequest(decodeResult: success, version: HTTP/1.1, content: EmptyByteBufBE)
GET /devtools/browser/55ae0b0d-4ceb-4705-a868-806ebe23d34a HTTP/1.1
upgrade: websocket
connection: upgrade
sec-websocket-key: pOjvteTmbks/Cc0LtOhZXg==
sec-websocket-version: 13
origin: http://localhost:56227
host: localhost:56227
accept: */*
user-agent: AHC/2.1

Response DefaultHttpResponse(decodeResult: success, version: HTTP/1.1)
HTTP/1.1 101 WebSocket Protocol Handshake
Upgrade: WebSocket
Connection: Upgrade
Sec-WebSocket-Accept: knQpC6uwhsXXwudgxJe+rY+Fzjc=

01:59:37.550 [Forwarding get on session 9a41d12fab4f08f1d169017e9b62b8b1 to remote] DEBUG org.asynchttpclient.netty.request.NettyRequestSender - Using pooled Channel '[id: 0x0d38cd81, L:/127.0.0.1:56226 - R:localhost/127.0.0.1:56422]' for 'POST' to 'http://localhost:56422/session/9a41d12fab4f08f1d169017e9b62b8b1/url'
01:59:37.550 [Forwarding get on session 9a41d12fab4f08f1d169017e9b62b8b1 to remote] DEBUG org.asynchttpclient.netty.request.NettyRequestSender - Using open Channel [id: 0x0d38cd81, L:/127.0.0.1:56226 - R:localhost/127.0.0.1:56422] for POST '/session/9a41d12fab4f08f1d169017e9b62b8b1/url'
01:59:38.162 [AsyncHttpClient-1-1] DEBUG org.asynchttpclient.netty.channel.DefaultChannelPool - Entry count for : http://localhost:56227 : 1
01:59:38.606 [AsyncHttpClient-1-13] DEBUG org.asynchttpclient.netty.handler.HttpHandler - 

Request DefaultHttpRequest(decodeResult: success, version: HTTP/1.1)
POST /session/9a41d12fab4f08f1d169017e9b62b8b1/url HTTP/1.1
User-Agent: selenium/4.1.2 (java windows)
Content-Length: 67
Content-Type: application/json; charset=utf-8
host: localhost:56422
accept: */*

Response DefaultHttpResponse(decodeResult: success, version: HTTP/1.1)
HTTP/1.1 200 OK
Content-Type: application/json; charset=utf-8
cache-control: no-cache
content-length: 14

01:59:38.607 [AsyncHttpClient-1-13] DEBUG org.asynchttpclient.netty.channel.ChannelManager - Adding key: http://localhost:56422 for channel [id: 0x0d38cd81, L:/127.0.0.1:56226 - R:localhost/127.0.0.1:56422]
01:59:38.608 [Forwarding setTimeout on session 9a41d12fab4f08f1d169017e9b62b8b1 to remote] DEBUG org.asynchttpclient.netty.request.NettyRequestSender - Using pooled Channel '[id: 0x0d38cd81, L:/127.0.0.1:56226 - R:localhost/127.0.0.1:56422]' for 'POST' to 'http://localhost:56422/session/9a41d12fab4f08f1d169017e9b62b8b1/timeouts'
01:59:38.608 [Forwarding setTimeout on session 9a41d12fab4f08f1d169017e9b62b8b1 to remote] DEBUG org.asynchttpclient.netty.request.NettyRequestSender - Using open Channel [id: 0x0d38cd81, L:/127.0.0.1:56226 - R:localhost/127.0.0.1:56422] for POST '/session/9a41d12fab4f08f1d169017e9b62b8b1/timeouts'
01:59:38.608 [AsyncHttpClient-1-13] DEBUG org.asynchttpclient.netty.handler.HttpHandler - 

Request DefaultHttpRequest(decodeResult: success, version: HTTP/1.1)
POST /session/9a41d12fab4f08f1d169017e9b62b8b1/timeouts HTTP/1.1
User-Agent: selenium/4.1.2 (java windows)
Content-Length: 22
Content-Type: application/json; charset=utf-8
host: localhost:56422
accept: */*

Response DefaultHttpResponse(decodeResult: success, version: HTTP/1.1)
HTTP/1.1 200 OK
Content-Type: application/json; charset=utf-8
cache-control: no-cache
content-length: 14

01:59:38.608 [AsyncHttpClient-1-13] DEBUG org.asynchttpclient.netty.channel.ChannelManager - Adding key: http://localhost:56422 for channel [id: 0x0d38cd81, L:/127.0.0.1:56226 - R:localhost/127.0.0.1:56422]
01:59:38.609 [Forwarding getCurrentUrl on session 9a41d12fab4f08f1d169017e9b62b8b1 to remote] DEBUG org.asynchttpclient.netty.request.NettyRequestSender - Using pooled Channel '[id: 0x0d38cd81, L:/127.0.0.1:56226 - R:localhost/127.0.0.1:56422]' for 'GET' to 'http://localhost:56422/session/9a41d12fab4f08f1d169017e9b62b8b1/url'
01:59:38.610 [Forwarding getCurrentUrl on session 9a41d12fab4f08f1d169017e9b62b8b1 to remote] DEBUG org.asynchttpclient.netty.request.NettyRequestSender - Using open Channel [id: 0x0d38cd81, L:/127.0.0.1:56226 - R:localhost/127.0.0.1:56422] for GET '/session/9a41d12fab4f08f1d169017e9b62b8b1/url'
01:59:38.612 [AsyncHttpClient-1-13] DEBUG org.asynchttpclient.netty.handler.HttpHandler - 

Request DefaultFullHttpRequest(decodeResult: success, version: HTTP/1.1, content: EmptyByteBufBE)
GET /session/9a41d12fab4f08f1d169017e9b62b8b1/url HTTP/1.1
User-Agent: selenium/4.1.2 (java windows)
Cache-Control: no-cache
Content-Type: application/json; charset=utf-8
host: localhost:56422
accept: */*

Response DefaultHttpResponse(decodeResult: success, version: HTTP/1.1)
HTTP/1.1 200 OK
Content-Type: application/json; charset=utf-8
cache-control: no-cache
content-length: 44

01:59:38.612 [AsyncHttpClient-1-13] DEBUG org.asynchttpclient.netty.channel.ChannelManager - Adding key: http://localhost:56422 for channel [id: 0x0d38cd81, L:/127.0.0.1:56226 - R:localhost/127.0.0.1:56422]
01:59:38.614 [main] DEBUG net.serenitybdd.core.photography.Darkroom - Opening darkroom
01:59:38.614 [Darkroom Processing Line] DEBUG net.serenitybdd.core.photography.DarkroomProcessingLine - Darkroom processing line starting up
01:59:38.614 [Forwarding screenshot on session 9a41d12fab4f08f1d169017e9b62b8b1 to remote] DEBUG org.asynchttpclient.netty.request.NettyRequestSender - Using pooled Channel '[id: 0x0d38cd81, L:/127.0.0.1:56226 - R:localhost/127.0.0.1:56422]' for 'GET' to 'http://localhost:56422/session/9a41d12fab4f08f1d169017e9b62b8b1/screenshot'
01:59:38.614 [Forwarding screenshot on session 9a41d12fab4f08f1d169017e9b62b8b1 to remote] DEBUG org.asynchttpclient.netty.request.NettyRequestSender - Using open Channel [id: 0x0d38cd81, L:/127.0.0.1:56226 - R:localhost/127.0.0.1:56422] for GET '/session/9a41d12fab4f08f1d169017e9b62b8b1/screenshot'
01:59:38.701 [AsyncHttpClient-1-13] DEBUG org.asynchttpclient.netty.handler.HttpHandler - 

Request DefaultFullHttpRequest(decodeResult: success, version: HTTP/1.1, content: EmptyByteBufBE)
GET /session/9a41d12fab4f08f1d169017e9b62b8b1/screenshot HTTP/1.1
User-Agent: selenium/4.1.2 (java windows)
Cache-Control: no-cache
Content-Type: application/json; charset=utf-8
host: localhost:56422
accept: */*

Response DefaultHttpResponse(decodeResult: success, version: HTTP/1.1)
HTTP/1.1 200 OK
Content-Type: application/json; charset=utf-8
cache-control: no-cache
content-length: 37576

01:59:38.701 [AsyncHttpClient-1-13] DEBUG org.asynchttpclient.netty.channel.ChannelManager - Adding key: http://localhost:56422 for channel [id: 0x0d38cd81, L:/127.0.0.1:56226 - R:localhost/127.0.0.1:56422]
01:59:38.702 [main] DEBUG net.serenitybdd.core.photography.Darkroom - Send negative for processing for target\site\serenity\a7ccf41b77a9a7a591db44ebecd123572974338bd60237eef6c71f2062964664.png
01:59:38.702 [main] DEBUG net.thucydides.core.steps.StepInterceptor - STEP DONE: registerPage
01:59:38.703 [Darkroom Processing Line] DEBUG net.serenitybdd.core.photography.DarkroomProcessingLine - Processing screenshot image in /var/screenshots/screenshot-16339276889813917910
01:59:38.703 [Darkroom Processing Line] DEBUG net.serenitybdd.core.photography.DarkroomProcessingLine - Saving screenshot to target\site\serenity\a7ccf41b77a9a7a591db44ebecd123572974338bd60237eef6c71f2062964664.png
01:59:38.706 [main] DEBUG net.thucydides.core.steps.StepInterceptor - STARTING STEP: RegisterSteps.onTheRegisterPage - validateOnRegisterPage
01:59:38.707 [Forwarding findElement on session 9a41d12fab4f08f1d169017e9b62b8b1 to remote] DEBUG org.asynchttpclient.netty.request.NettyRequestSender - Using pooled Channel '[id: 0x0d38cd81, L:/127.0.0.1:56226 - R:localhost/127.0.0.1:56422]' for 'POST' to 'http://localhost:56422/session/9a41d12fab4f08f1d169017e9b62b8b1/element'
01:59:38.707 [Forwarding findElement on session 9a41d12fab4f08f1d169017e9b62b8b1 to remote] DEBUG org.asynchttpclient.netty.request.NettyRequestSender - Using open Channel [id: 0x0d38cd81, L:/127.0.0.1:56226 - R:localhost/127.0.0.1:56422] for POST '/session/9a41d12fab4f08f1d169017e9b62b8b1/element'
01:59:38.714 [AsyncHttpClient-1-13] DEBUG org.asynchttpclient.netty.handler.HttpHandler - 

Request DefaultHttpRequest(decodeResult: success, version: HTTP/1.1)
POST /session/9a41d12fab4f08f1d169017e9b62b8b1/element HTTP/1.1
User-Agent: selenium/4.1.2 (java windows)
Content-Length: 155
Content-Type: application/json; charset=utf-8
host: localhost:56422
accept: */*

Response DefaultHttpResponse(decodeResult: success, version: HTTP/1.1)
HTTP/1.1 200 OK
Content-Type: application/json; charset=utf-8
cache-control: no-cache
content-length: 88

01:59:38.715 [AsyncHttpClient-1-13] DEBUG org.asynchttpclient.netty.channel.ChannelManager - Adding key: http://localhost:56422 for channel [id: 0x0d38cd81, L:/127.0.0.1:56226 - R:localhost/127.0.0.1:56422]
01:59:38.716 [Forwarding isElementDisplayed on session 9a41d12fab4f08f1d169017e9b62b8b1 to remote] DEBUG org.asynchttpclient.netty.request.NettyRequestSender - Using pooled Channel '[id: 0x0d38cd81, L:/127.0.0.1:56226 - R:localhost/127.0.0.1:56422]' for 'POST' to 'http://localhost:56422/session/9a41d12fab4f08f1d169017e9b62b8b1/execute/sync'
01:59:38.716 [Forwarding isElementDisplayed on session 9a41d12fab4f08f1d169017e9b62b8b1 to remote] DEBUG org.asynchttpclient.netty.request.NettyRequestSender - Using open Channel [id: 0x0d38cd81, L:/127.0.0.1:56226 - R:localhost/127.0.0.1:56422] for POST '/session/9a41d12fab4f08f1d169017e9b62b8b1/execute/sync'
01:59:38.725 [AsyncHttpClient-1-13] DEBUG org.asynchttpclient.netty.handler.HttpHandler - 

Request DefaultHttpRequest(decodeResult: success, version: HTTP/1.1)
POST /session/9a41d12fab4f08f1d169017e9b62b8b1/execute/sync HTTP/1.1
User-Agent: selenium/4.1.2 (java windows)
Content-Length: 48780
Content-Type: application/json; charset=utf-8
host: localhost:56422
accept: */*

Response DefaultHttpResponse(decodeResult: success, version: HTTP/1.1)
HTTP/1.1 200 OK
Content-Type: application/json; charset=utf-8
cache-control: no-cache
content-length: 14

01:59:38.725 [AsyncHttpClient-1-13] DEBUG org.asynchttpclient.netty.channel.ChannelManager - Adding key: http://localhost:56422 for channel [id: 0x0d38cd81, L:/127.0.0.1:56226 - R:localhost/127.0.0.1:56422]
01:59:38.727 [main] DEBUG net.thucydides.core.steps.StepInterceptor - STEP DONE: validateOnRegisterPage
  &amp#27;[32mGiven &amp#27;[0m&amp#27;[32mI am on the register page&amp#27;[0m            &amp#27;[90m# starter.stepdefinitions.RegisterSteps.onTheRegisterPage()&amp#27;[0m
01:59:38.733 [main] DEBUG net.thucydides.core.steps.StepInterceptor - STARTING STEP: RegisterSteps.inputValidFullName - inputNamaLengkap
01:59:38.734 [Forwarding findElement on session 9a41d12fab4f08f1d169017e9b62b8b1 to remote] DEBUG org.asynchttpclient.netty.request.NettyRequestSender - Using pooled Channel '[id: 0x0d38cd81, L:/127.0.0.1:56226 - R:localhost/127.0.0.1:56422]' for 'POST' to 'http://localhost:56422/session/9a41d12fab4f08f1d169017e9b62b8b1/element'
01:59:38.734 [Forwarding findElement on session 9a41d12fab4f08f1d169017e9b62b8b1 to remote] DEBUG org.asynchttpclient.netty.request.NettyRequestSender - Using open Channel [id: 0x0d38cd81, L:/127.0.0.1:56226 - R:localhost/127.0.0.1:56422] for POST '/session/9a41d12fab4f08f1d169017e9b62b8b1/element'
01:59:38.741 [AsyncHttpClient-1-13] DEBUG org.asynchttpclient.netty.handler.HttpHandler - 

Request DefaultHttpRequest(decodeResult: success, version: HTTP/1.1)
POST /session/9a41d12fab4f08f1d169017e9b62b8b1/element HTTP/1.1
User-Agent: selenium/4.1.2 (java windows)
Content-Length: 91
Content-Type: application/json; charset=utf-8
host: localhost:56422
accept: */*

Response DefaultHttpResponse(decodeResult: success, version: HTTP/1.1)
HTTP/1.1 200 OK
Content-Type: application/json; charset=utf-8
cache-control: no-cache
content-length: 88

01:59:38.742 [AsyncHttpClient-1-13] DEBUG org.asynchttpclient.netty.channel.ChannelManager - Adding key: http://localhost:56422 for channel [id: 0x0d38cd81, L:/127.0.0.1:56226 - R:localhost/127.0.0.1:56422]
01:59:38.742 [Forwarding clearElement on session 9a41d12fab4f08f1d169017e9b62b8b1 to remote] DEBUG org.asynchttpclient.netty.request.NettyRequestSender - Using pooled Channel '[id: 0x0d38cd81, L:/127.0.0.1:56226 - R:localhost/127.0.0.1:56422]' for 'POST' to 'http://localhost:56422/session/9a41d12fab4f08f1d169017e9b62b8b1/element/a0208f41-6a5d-41ac-b0e4-c275a5a06ac2/clear'
01:59:38.742 [Forwarding clearElement on session 9a41d12fab4f08f1d169017e9b62b8b1 to remote] DEBUG org.asynchttpclient.netty.request.NettyRequestSender - Using open Channel [id: 0x0d38cd81, L:/127.0.0.1:56226 - R:localhost/127.0.0.1:56422] for POST '/session/9a41d12fab4f08f1d169017e9b62b8b1/element/a0208f41-6a5d-41ac-b0e4-c275a5a06ac2/clear'
01:59:38.758 [AsyncHttpClient-1-13] DEBUG org.asynchttpclient.netty.handler.HttpHandler - 

Request DefaultHttpRequest(decodeResult: success, version: HTTP/1.1)
POST /session/9a41d12fab4f08f1d169017e9b62b8b1/element/a0208f41-6a5d-41ac-b0e4-c275a5a06ac2/clear HTTP/1.1
User-Agent: selenium/4.1.2 (java windows)
Content-Length: 50
Content-Type: application/json; charset=utf-8
host: localhost:56422
accept: */*

Response DefaultHttpResponse(decodeResult: success, version: HTTP/1.1)
HTTP/1.1 200 OK
Content-Type: application/json; charset=utf-8
cache-control: no-cache
content-length: 14

01:59:38.758 [AsyncHttpClient-1-13] DEBUG org.asynchttpclient.netty.channel.ChannelManager - Adding key: http://localhost:56422 for channel [id: 0x0d38cd81, L:/127.0.0.1:56226 - R:localhost/127.0.0.1:56422]
01:59:38.759 [Forwarding sendKeysToElement on session 9a41d12fab4f08f1d169017e9b62b8b1 to remote] DEBUG org.asynchttpclient.netty.request.NettyRequestSender - Using pooled Channel '[id: 0x0d38cd81, L:/127.0.0.1:56226 - R:localhost/127.0.0.1:56422]' for 'POST' to 'http://localhost:56422/session/9a41d12fab4f08f1d169017e9b62b8b1/element/a0208f41-6a5d-41ac-b0e4-c275a5a06ac2/value'
01:59:38.759 [Forwarding sendKeysToElement on session 9a41d12fab4f08f1d169017e9b62b8b1 to remote] DEBUG org.asynchttpclient.netty.request.NettyRequestSender - Using open Channel [id: 0x0d38cd81, L:/127.0.0.1:56226 - R:localhost/127.0.0.1:56422] for POST '/session/9a41d12fab4f08f1d169017e9b62b8b1/element/a0208f41-6a5d-41ac-b0e4-c275a5a06ac2/value'
01:59:38.828 [AsyncHttpClient-1-13] DEBUG org.asynchttpclient.netty.handler.HttpHandler - 

Request DefaultHttpRequest(decodeResult: success, version: HTTP/1.1)
POST /session/9a41d12fab4f08f1d169017e9b62b8b1/element/a0208f41-6a5d-41ac-b0e4-c275a5a06ac2/value HTTP/1.1
User-Agent: selenium/4.1.2 (java windows)
Content-Length: 271
Content-Type: application/json; charset=utf-8
host: localhost:56422
accept: */*

Response DefaultHttpResponse(decodeResult: success, version: HTTP/1.1)
HTTP/1.1 200 OK
Content-Type: application/json; charset=utf-8
cache-control: no-cache
content-length: 14

01:59:38.828 [AsyncHttpClient-1-13] DEBUG org.asynchttpclient.netty.channel.ChannelManager - Adding key: http://localhost:56422 for channel [id: 0x0d38cd81, L:/127.0.0.1:56226 - R:localhost/127.0.0.1:56422]
01:59:38.832 [Forwarding screenshot on session 9a41d12fab4f08f1d169017e9b62b8b1 to remote] DEBUG org.asynchttpclient.netty.request.NettyRequestSender - Using pooled Channel '[id: 0x0d38cd81, L:/127.0.0.1:56226 - R:localhost/127.0.0.1:56422]' for 'GET' to 'http://localhost:56422/session/9a41d12fab4f08f1d169017e9b62b8b1/screenshot'
01:59:38.832 [Forwarding screenshot on session 9a41d12fab4f08f1d169017e9b62b8b1 to remote] DEBUG org.asynchttpclient.netty.request.NettyRequestSender - Using open Channel [id: 0x0d38cd81, L:/127.0.0.1:56226 - R:localhost/127.0.0.1:56422] for GET '/session/9a41d12fab4f08f1d169017e9b62b8b1/screenshot'
01:59:38.925 [AsyncHttpClient-1-13] DEBUG org.asynchttpclient.netty.handler.HttpHandler - 

Request DefaultFullHttpRequest(decodeResult: success, version: HTTP/1.1, content: EmptyByteBufBE)
GET /session/9a41d12fab4f08f1d169017e9b62b8b1/screenshot HTTP/1.1
User-Agent: selenium/4.1.2 (java windows)
Cache-Control: no-cache
Content-Type: application/json; charset=utf-8
host: localhost:56422
accept: */*

Response DefaultHttpResponse(decodeResult: success, version: HTTP/1.1)
HTTP/1.1 200 OK
Content-Type: application/json; charset=utf-8
cache-control: no-cache
content-length: 42016

01:59:38.925 [AsyncHttpClient-1-13] DEBUG org.asynchttpclient.netty.channel.ChannelManager - Adding key: http://localhost:56422 for channel [id: 0x0d38cd81, L:/127.0.0.1:56226 - R:localhost/127.0.0.1:56422]
01:59:38.926 [main] DEBUG net.serenitybdd.core.photography.Darkroom - Send negative for processing for target\site\serenity\54dc2a62e1c8dced7fb8d81781c805138ad971281f043e6a58a8122186c09744.png
01:59:38.927 [main] DEBUG net.thucydides.core.steps.StepInterceptor - STEP DONE: inputNamaLengkap
  &amp#27;[32mWhen &amp#27;[0m&amp#27;[32mI input valid full name&amp#27;[0m               &amp#27;[90m# starter.stepdefinitions.RegisterSteps.inputValidFullName()&amp#27;[0m
01:59:38.927 [Darkroom Processing Line] DEBUG net.serenitybdd.core.photography.DarkroomProcessingLine - Processing screenshot image in /var/screenshots/screenshot-18168592508925200970
01:59:38.927 [Darkroom Processing Line] DEBUG net.serenitybdd.core.photography.DarkroomProcessingLine - Saving screenshot to target\site\serenity\54dc2a62e1c8dced7fb8d81781c805138ad971281f043e6a58a8122186c09744.png
01:59:38.936 [main] DEBUG net.thucydides.core.steps.StepInterceptor - STARTING STEP: RegisterSteps.inputValidEmail - inputEmail
01:59:38.938 [Forwarding findElement on session 9a41d12fab4f08f1d169017e9b62b8b1 to remote] DEBUG org.asynchttpclient.netty.request.NettyRequestSender - Using pooled Channel '[id: 0x0d38cd81, L:/127.0.0.1:56226 - R:localhost/127.0.0.1:56422]' for 'POST' to 'http://localhost:56422/session/9a41d12fab4f08f1d169017e9b62b8b1/element'
01:59:38.938 [Forwarding findElement on session 9a41d12fab4f08f1d169017e9b62b8b1 to remote] DEBUG org.asynchttpclient.netty.request.NettyRequestSender - Using open Channel [id: 0x0d38cd81, L:/127.0.0.1:56226 - R:localhost/127.0.0.1:56422] for POST '/session/9a41d12fab4f08f1d169017e9b62b8b1/element'
01:59:38.946 [AsyncHttpClient-1-13] DEBUG org.asynchttpclient.netty.handler.HttpHandler - 

Request DefaultHttpRequest(decodeResult: success, version: HTTP/1.1)
POST /session/9a41d12fab4f08f1d169017e9b62b8b1/element HTTP/1.1
User-Agent: selenium/4.1.2 (java windows)
Content-Length: 84
Content-Type: application/json; charset=utf-8
host: localhost:56422
accept: */*

Response DefaultHttpResponse(decodeResult: success, version: HTTP/1.1)
HTTP/1.1 200 OK
Content-Type: application/json; charset=utf-8
cache-control: no-cache
content-length: 88

01:59:38.946 [AsyncHttpClient-1-13] DEBUG org.asynchttpclient.netty.channel.ChannelManager - Adding key: http://localhost:56422 for channel [id: 0x0d38cd81, L:/127.0.0.1:56226 - R:localhost/127.0.0.1:56422]
01:59:38.948 [Forwarding clearElement on session 9a41d12fab4f08f1d169017e9b62b8b1 to remote] DEBUG org.asynchttpclient.netty.request.NettyRequestSender - Using pooled Channel '[id: 0x0d38cd81, L:/127.0.0.1:56226 - R:localhost/127.0.0.1:56422]' for 'POST' to 'http://localhost:56422/session/9a41d12fab4f08f1d169017e9b62b8b1/element/5c27fc2d-dff4-4daf-830c-91a7e36c3f5a/clear'
01:59:38.949 [Forwarding clearElement on session 9a41d12fab4f08f1d169017e9b62b8b1 to remote] DEBUG org.asynchttpclient.netty.request.NettyRequestSender - Using open Channel [id: 0x0d38cd81, L:/127.0.0.1:56226 - R:localhost/127.0.0.1:56422] for POST '/session/9a41d12fab4f08f1d169017e9b62b8b1/element/5c27fc2d-dff4-4daf-830c-91a7e36c3f5a/clear'
01:59:38.969 [AsyncHttpClient-1-13] DEBUG org.asynchttpclient.netty.handler.HttpHandler - 

Request DefaultHttpRequest(decodeResult: success, version: HTTP/1.1)
POST /session/9a41d12fab4f08f1d169017e9b62b8b1/element/5c27fc2d-dff4-4daf-830c-91a7e36c3f5a/clear HTTP/1.1
User-Agent: selenium/4.1.2 (java windows)
Content-Length: 50
Content-Type: application/json; charset=utf-8
host: localhost:56422
accept: */*

Response DefaultHttpResponse(decodeResult: success, version: HTTP/1.1)
HTTP/1.1 200 OK
Content-Type: application/json; charset=utf-8
cache-control: no-cache
content-length: 14

01:59:38.969 [AsyncHttpClient-1-13] DEBUG org.asynchttpclient.netty.channel.ChannelManager - Adding key: http://localhost:56422 for channel [id: 0x0d38cd81, L:/127.0.0.1:56226 - R:localhost/127.0.0.1:56422]
01:59:38.970 [Forwarding sendKeysToElement on session 9a41d12fab4f08f1d169017e9b62b8b1 to remote] DEBUG org.asynchttpclient.netty.request.NettyRequestSender - Using pooled Channel '[id: 0x0d38cd81, L:/127.0.0.1:56226 - R:localhost/127.0.0.1:56422]' for 'POST' to 'http://localhost:56422/session/9a41d12fab4f08f1d169017e9b62b8b1/element/5c27fc2d-dff4-4daf-830c-91a7e36c3f5a/value'
01:59:38.970 [Forwarding sendKeysToElement on session 9a41d12fab4f08f1d169017e9b62b8b1 to remote] DEBUG org.asynchttpclient.netty.request.NettyRequestSender - Using open Channel [id: 0x0d38cd81, L:/127.0.0.1:56226 - R:localhost/127.0.0.1:56422] for POST '/session/9a41d12fab4f08f1d169017e9b62b8b1/element/5c27fc2d-dff4-4daf-830c-91a7e36c3f5a/value'
01:59:39.043 [AsyncHttpClient-1-13] DEBUG org.asynchttpclient.netty.handler.HttpHandler - 

Request DefaultHttpRequest(decodeResult: success, version: HTTP/1.1)
POST /session/9a41d12fab4f08f1d169017e9b62b8b1/element/5c27fc2d-dff4-4daf-830c-91a7e36c3f5a/value HTTP/1.1
User-Agent: selenium/4.1.2 (java windows)
Content-Length: 341
Content-Type: application/json; charset=utf-8
host: localhost:56422
accept: */*

Response DefaultHttpResponse(decodeResult: success, version: HTTP/1.1)
HTTP/1.1 200 OK
Content-Type: application/json; charset=utf-8
cache-control: no-cache
content-length: 14

01:59:39.044 [AsyncHttpClient-1-13] DEBUG org.asynchttpclient.netty.channel.ChannelManager - Adding key: http://localhost:56422 for channel [id: 0x0d38cd81, L:/127.0.0.1:56226 - R:localhost/127.0.0.1:56422]
01:59:39.048 [Forwarding screenshot on session 9a41d12fab4f08f1d169017e9b62b8b1 to remote] DEBUG org.asynchttpclient.netty.request.NettyRequestSender - Using pooled Channel '[id: 0x0d38cd81, L:/127.0.0.1:56226 - R:localhost/127.0.0.1:56422]' for 'GET' to 'http://localhost:56422/session/9a41d12fab4f08f1d169017e9b62b8b1/screenshot'
01:59:39.048 [Forwarding screenshot on session 9a41d12fab4f08f1d169017e9b62b8b1 to remote] DEBUG org.asynchttpclient.netty.request.NettyRequestSender - Using open Channel [id: 0x0d38cd81, L:/127.0.0.1:56226 - R:localhost/127.0.0.1:56422] for GET '/session/9a41d12fab4f08f1d169017e9b62b8b1/screenshot'
01:59:39.145 [AsyncHttpClient-1-13] DEBUG org.asynchttpclient.netty.handler.HttpHandler - 

Request DefaultFullHttpRequest(decodeResult: success, version: HTTP/1.1, content: EmptyByteBufBE)
GET /session/9a41d12fab4f08f1d169017e9b62b8b1/screenshot HTTP/1.1
User-Agent: selenium/4.1.2 (java windows)
Cache-Control: no-cache
Content-Type: application/json; charset=utf-8
host: localhost:56422
accept: */*

Response DefaultHttpResponse(decodeResult: success, version: HTTP/1.1)
HTTP/1.1 200 OK
Content-Type: application/json; charset=utf-8
cache-control: no-cache
content-length: 48164

01:59:39.146 [AsyncHttpClient-1-13] DEBUG org.asynchttpclient.netty.channel.ChannelManager - Adding key: http://localhost:56422 for channel [id: 0x0d38cd81, L:/127.0.0.1:56226 - R:localhost/127.0.0.1:56422]
01:59:39.147 [main] DEBUG net.serenitybdd.core.photography.Darkroom - Send negative for processing for target\site\serenity\fc2529c45dbfff64a492880e6a44394984c822fa92543967fea49ae749b2067e.png
01:59:39.147 [main] DEBUG net.thucydides.core.steps.StepInterceptor - STEP DONE: inputEmail
  &amp#27;[32mAnd &amp#27;[0m&amp#27;[32mI input valid email for register&amp#27;[0m       &amp#27;[90m# starter.stepdefinitions.RegisterSteps.inputValidEmail()&amp#27;[0m
01:59:39.147 [Darkroom Processing Line] DEBUG net.serenitybdd.core.photography.DarkroomProcessingLine - Processing screenshot image in /var/screenshots/screenshot-2073246285562971176
01:59:39.147 [Darkroom Processing Line] DEBUG net.serenitybdd.core.photography.DarkroomProcessingLine - Saving screenshot to target\site\serenity\fc2529c45dbfff64a492880e6a44394984c822fa92543967fea49ae749b2067e.png
01:59:39.155 [main] DEBUG net.thucydides.core.steps.StepInterceptor - STARTING STEP: RegisterSteps.inputValidPassword - inputPassword
01:59:39.156 [Forwarding findElement on session 9a41d12fab4f08f1d169017e9b62b8b1 to remote] DEBUG org.asynchttpclient.netty.request.NettyRequestSender - Using pooled Channel '[id: 0x0d38cd81, L:/127.0.0.1:56226 - R:localhost/127.0.0.1:56422]' for 'POST' to 'http://localhost:56422/session/9a41d12fab4f08f1d169017e9b62b8b1/element'
01:59:39.156 [Forwarding findElement on session 9a41d12fab4f08f1d169017e9b62b8b1 to remote] DEBUG org.asynchttpclient.netty.request.NettyRequestSender - Using open Channel [id: 0x0d38cd81, L:/127.0.0.1:56226 - R:localhost/127.0.0.1:56422] for POST '/session/9a41d12fab4f08f1d169017e9b62b8b1/element'
01:59:39.166 [AsyncHttpClient-1-13] DEBUG org.asynchttpclient.netty.handler.HttpHandler - 

Request DefaultHttpRequest(decodeResult: success, version: HTTP/1.1)
POST /session/9a41d12fab4f08f1d169017e9b62b8b1/element HTTP/1.1
User-Agent: selenium/4.1.2 (java windows)
Content-Length: 87
Content-Type: application/json; charset=utf-8
host: localhost:56422
accept: */*

Response DefaultHttpResponse(decodeResult: success, version: HTTP/1.1)
HTTP/1.1 200 OK
Content-Type: application/json; charset=utf-8
cache-control: no-cache
content-length: 88

01:59:39.166 [AsyncHttpClient-1-13] DEBUG org.asynchttpclient.netty.channel.ChannelManager - Adding key: http://localhost:56422 for channel [id: 0x0d38cd81, L:/127.0.0.1:56226 - R:localhost/127.0.0.1:56422]
01:59:39.167 [Forwarding clearElement on session 9a41d12fab4f08f1d169017e9b62b8b1 to remote] DEBUG org.asynchttpclient.netty.request.NettyRequestSender - Using pooled Channel '[id: 0x0d38cd81, L:/127.0.0.1:56226 - R:localhost/127.0.0.1:56422]' for 'POST' to 'http://localhost:56422/session/9a41d12fab4f08f1d169017e9b62b8b1/element/0657d66d-8573-457c-92c5-1b2032134b4a/clear'
01:59:39.168 [Forwarding clearElement on session 9a41d12fab4f08f1d169017e9b62b8b1 to remote] DEBUG org.asynchttpclient.netty.request.NettyRequestSender - Using open Channel [id: 0x0d38cd81, L:/127.0.0.1:56226 - R:localhost/127.0.0.1:56422] for POST '/session/9a41d12fab4f08f1d169017e9b62b8b1/element/0657d66d-8573-457c-92c5-1b2032134b4a/clear'
01:59:39.201 [AsyncHttpClient-1-13] DEBUG org.asynchttpclient.netty.handler.HttpHandler - 

Request DefaultHttpRequest(decodeResult: success, version: HTTP/1.1)
POST /session/9a41d12fab4f08f1d169017e9b62b8b1/element/0657d66d-8573-457c-92c5-1b2032134b4a/clear HTTP/1.1
User-Agent: selenium/4.1.2 (java windows)
Content-Length: 50
Content-Type: application/json; charset=utf-8
host: localhost:56422
accept: */*

Response DefaultHttpResponse(decodeResult: success, version: HTTP/1.1)
HTTP/1.1 200 OK
Content-Type: application/json; charset=utf-8
cache-control: no-cache
content-length: 14

01:59:39.202 [AsyncHttpClient-1-13] DEBUG org.asynchttpclient.netty.channel.ChannelManager - Adding key: http://localhost:56422 for channel [id: 0x0d38cd81, L:/127.0.0.1:56226 - R:localhost/127.0.0.1:56422]
01:59:39.205 [Forwarding sendKeysToElement on session 9a41d12fab4f08f1d169017e9b62b8b1 to remote] DEBUG org.asynchttpclient.netty.request.NettyRequestSender - Using pooled Channel '[id: 0x0d38cd81, L:/127.0.0.1:56226 - R:localhost/127.0.0.1:56422]' for 'POST' to 'http://localhost:56422/session/9a41d12fab4f08f1d169017e9b62b8b1/element/0657d66d-8573-457c-92c5-1b2032134b4a/value'
01:59:39.205 [Forwarding sendKeysToElement on session 9a41d12fab4f08f1d169017e9b62b8b1 to remote] DEBUG org.asynchttpclient.netty.request.NettyRequestSender - Using open Channel [id: 0x0d38cd81, L:/127.0.0.1:56226 - R:localhost/127.0.0.1:56422] for POST '/session/9a41d12fab4f08f1d169017e9b62b8b1/element/0657d66d-8573-457c-92c5-1b2032134b4a/value'
01:59:39.258 [AsyncHttpClient-1-13] DEBUG org.asynchttpclient.netty.handler.HttpHandler - 

Request DefaultHttpRequest(decodeResult: success, version: HTTP/1.1)
POST /session/9a41d12fab4f08f1d169017e9b62b8b1/element/0657d66d-8573-457c-92c5-1b2032134b4a/value HTTP/1.1
User-Agent: selenium/4.1.2 (java windows)
Content-Length: 151
Content-Type: application/json; charset=utf-8
host: localhost:56422
accept: */*

Response DefaultHttpResponse(decodeResult: success, version: HTTP/1.1)
HTTP/1.1 200 OK
Content-Type: application/json; charset=utf-8
cache-control: no-cache
content-length: 14

01:59:39.258 [AsyncHttpClient-1-13] DEBUG org.asynchttpclient.netty.channel.ChannelManager - Adding key: http://localhost:56422 for channel [id: 0x0d38cd81, L:/127.0.0.1:56226 - R:localhost/127.0.0.1:56422]
01:59:39.261 [AsyncHttpClient-1-1] DEBUG org.asynchttpclient.netty.channel.DefaultChannelPool - Entry count for : http://localhost:56422 : 1
01:59:39.261 [AsyncHttpClient-1-1] DEBUG org.asynchttpclient.netty.channel.DefaultChannelPool - Entry count for : http://localhost:56227 : 1
01:59:39.262 [Forwarding screenshot on session 9a41d12fab4f08f1d169017e9b62b8b1 to remote] DEBUG org.asynchttpclient.netty.request.NettyRequestSender - Using pooled Channel '[id: 0x0d38cd81, L:/127.0.0.1:56226 - R:localhost/127.0.0.1:56422]' for 'GET' to 'http://localhost:56422/session/9a41d12fab4f08f1d169017e9b62b8b1/screenshot'
01:59:39.262 [Forwarding screenshot on session 9a41d12fab4f08f1d169017e9b62b8b1 to remote] DEBUG org.asynchttpclient.netty.request.NettyRequestSender - Using open Channel [id: 0x0d38cd81, L:/127.0.0.1:56226 - R:localhost/127.0.0.1:56422] for GET '/session/9a41d12fab4f08f1d169017e9b62b8b1/screenshot'
01:59:39.365 [AsyncHttpClient-1-13] DEBUG org.asynchttpclient.netty.handler.HttpHandler - 

Request DefaultFullHttpRequest(decodeResult: success, version: HTTP/1.1, content: EmptyByteBufBE)
GET /session/9a41d12fab4f08f1d169017e9b62b8b1/screenshot HTTP/1.1
User-Agent: selenium/4.1.2 (java windows)
Cache-Control: no-cache
Content-Type: application/json; charset=utf-8
host: localhost:56422
accept: */*

Response DefaultHttpResponse(decodeResult: success, version: HTTP/1.1)
HTTP/1.1 200 OK
Content-Type: application/json; charset=utf-8
cache-control: no-cache
content-length: 49744

01:59:39.366 [AsyncHttpClient-1-13] DEBUG org.asynchttpclient.netty.channel.ChannelManager - Adding key: http://localhost:56422 for channel [id: 0x0d38cd81, L:/127.0.0.1:56226 - R:localhost/127.0.0.1:56422]
01:59:39.367 [main] DEBUG net.serenitybdd.core.photography.Darkroom - Send negative for processing for target\site\serenity\30e6a6b5cd0797876d84f551a92f31e7da70b34976d80f276350baa39bde1c0a.png
01:59:39.367 [main] DEBUG net.thucydides.core.steps.StepInterceptor - STEP DONE: inputPassword
  &amp#27;[32mAnd &amp#27;[0m&amp#27;[32mI input valid password for register&amp#27;[0m    &amp#27;[90m# starter.stepdefinitions.RegisterSteps.inputValidPassword()&amp#27;[0m
01:59:39.367 [Darkroom Processing Line] DEBUG net.serenitybdd.core.photography.DarkroomProcessingLine - Processing screenshot image in /var/screenshots/screenshot-2438777562494939963
01:59:39.367 [Darkroom Processing Line] DEBUG net.serenitybdd.core.photography.DarkroomProcessingLine - Saving screenshot to target\site\serenity\30e6a6b5cd0797876d84f551a92f31e7da70b34976d80f276350baa39bde1c0a.png
01:59:39.374 [main] DEBUG net.thucydides.core.steps.StepInterceptor - STARTING STEP: RegisterSteps.clickRegisterButton - clickRegisterButton
01:59:39.375 [Forwarding findElement on session 9a41d12fab4f08f1d169017e9b62b8b1 to remote] DEBUG org.asynchttpclient.netty.request.NettyRequestSender - Using pooled Channel '[id: 0x0d38cd81, L:/127.0.0.1:56226 - R:localhost/127.0.0.1:56422]' for 'POST' to 'http://localhost:56422/session/9a41d12fab4f08f1d169017e9b62b8b1/element'
01:59:39.375 [Forwarding findElement on session 9a41d12fab4f08f1d169017e9b62b8b1 to remote] DEBUG org.asynchttpclient.netty.request.NettyRequestSender - Using open Channel [id: 0x0d38cd81, L:/127.0.0.1:56226 - R:localhost/127.0.0.1:56422] for POST '/session/9a41d12fab4f08f1d169017e9b62b8b1/element'
01:59:39.381 [AsyncHttpClient-1-13] DEBUG org.asynchttpclient.netty.handler.HttpHandler - 

Request DefaultHttpRequest(decodeResult: success, version: HTTP/1.1)
POST /session/9a41d12fab4f08f1d169017e9b62b8b1/element HTTP/1.1
User-Agent: selenium/4.1.2 (java windows)
Content-Length: 155
Content-Type: application/json; charset=utf-8
host: localhost:56422
accept: */*

Response DefaultHttpResponse(decodeResult: success, version: HTTP/1.1)
HTTP/1.1 200 OK
Content-Type: application/json; charset=utf-8
cache-control: no-cache
content-length: 88

01:59:39.382 [AsyncHttpClient-1-13] DEBUG org.asynchttpclient.netty.channel.ChannelManager - Adding key: http://localhost:56422 for channel [id: 0x0d38cd81, L:/127.0.0.1:56226 - R:localhost/127.0.0.1:56422]
01:59:39.382 [Forwarding getElementTagName on session 9a41d12fab4f08f1d169017e9b62b8b1 to remote] DEBUG org.asynchttpclient.netty.request.NettyRequestSender - Using pooled Channel '[id: 0x0d38cd81, L:/127.0.0.1:56226 - R:localhost/127.0.0.1:56422]' for 'GET' to 'http://localhost:56422/session/9a41d12fab4f08f1d169017e9b62b8b1/element/05296a26-d973-47a1-b1d7-8ee9a5e75925/name'
01:59:39.382 [Forwarding getElementTagName on session 9a41d12fab4f08f1d169017e9b62b8b1 to remote] DEBUG org.asynchttpclient.netty.request.NettyRequestSender - Using open Channel [id: 0x0d38cd81, L:/127.0.0.1:56226 - R:localhost/127.0.0.1:56422] for GET '/session/9a41d12fab4f08f1d169017e9b62b8b1/element/05296a26-d973-47a1-b1d7-8ee9a5e75925/name'
01:59:39.388 [AsyncHttpClient-1-13] DEBUG org.asynchttpclient.netty.handler.HttpHandler - 

Request DefaultFullHttpRequest(decodeResult: success, version: HTTP/1.1, content: EmptyByteBufBE)
GET /session/9a41d12fab4f08f1d169017e9b62b8b1/element/05296a26-d973-47a1-b1d7-8ee9a5e75925/name HTTP/1.1
User-Agent: selenium/4.1.2 (java windows)
Cache-Control: no-cache
Content-Type: application/json; charset=utf-8
host: localhost:56422
accept: */*

Response DefaultHttpResponse(decodeResult: success, version: HTTP/1.1)
HTTP/1.1 200 OK
Content-Type: application/json; charset=utf-8
cache-control: no-cache
content-length: 18

01:59:39.388 [AsyncHttpClient-1-13] DEBUG org.asynchttpclient.netty.channel.ChannelManager - Adding key: http://localhost:56422 for channel [id: 0x0d38cd81, L:/127.0.0.1:56226 - R:localhost/127.0.0.1:56422]
01:59:39.389 [Forwarding getElementTagName on session 9a41d12fab4f08f1d169017e9b62b8b1 to remote] DEBUG org.asynchttpclient.netty.request.NettyRequestSender - Using pooled Channel '[id: 0x0d38cd81, L:/127.0.0.1:56226 - R:localhost/127.0.0.1:56422]' for 'GET' to 'http://localhost:56422/session/9a41d12fab4f08f1d169017e9b62b8b1/element/05296a26-d973-47a1-b1d7-8ee9a5e75925/name'
01:59:39.389 [Forwarding getElementTagName on session 9a41d12fab4f08f1d169017e9b62b8b1 to remote] DEBUG org.asynchttpclient.netty.request.NettyRequestSender - Using open Channel [id: 0x0d38cd81, L:/127.0.0.1:56226 - R:localhost/127.0.0.1:56422] for GET '/session/9a41d12fab4f08f1d169017e9b62b8b1/element/05296a26-d973-47a1-b1d7-8ee9a5e75925/name'
01:59:39.394 [AsyncHttpClient-1-13] DEBUG org.asynchttpclient.netty.handler.HttpHandler - 

Request DefaultFullHttpRequest(decodeResult: success, version: HTTP/1.1, content: EmptyByteBufBE)
GET /session/9a41d12fab4f08f1d169017e9b62b8b1/element/05296a26-d973-47a1-b1d7-8ee9a5e75925/name HTTP/1.1
User-Agent: selenium/4.1.2 (java windows)
Cache-Control: no-cache
Content-Type: application/json; charset=utf-8
host: localhost:56422
accept: */*

Response DefaultHttpResponse(decodeResult: success, version: HTTP/1.1)
HTTP/1.1 200 OK
Content-Type: application/json; charset=utf-8
cache-control: no-cache
content-length: 18

01:59:39.394 [AsyncHttpClient-1-13] DEBUG org.asynchttpclient.netty.channel.ChannelManager - Adding key: http://localhost:56422 for channel [id: 0x0d38cd81, L:/127.0.0.1:56226 - R:localhost/127.0.0.1:56422]
01:59:39.395 [Forwarding isElementEnabled on session 9a41d12fab4f08f1d169017e9b62b8b1 to remote] DEBUG org.asynchttpclient.netty.request.NettyRequestSender - Using pooled Channel '[id: 0x0d38cd81, L:/127.0.0.1:56226 - R:localhost/127.0.0.1:56422]' for 'GET' to 'http://localhost:56422/session/9a41d12fab4f08f1d169017e9b62b8b1/element/05296a26-d973-47a1-b1d7-8ee9a5e75925/enabled'
01:59:39.395 [Forwarding isElementEnabled on session 9a41d12fab4f08f1d169017e9b62b8b1 to remote] DEBUG org.asynchttpclient.netty.request.NettyRequestSender - Using open Channel [id: 0x0d38cd81, L:/127.0.0.1:56226 - R:localhost/127.0.0.1:56422] for GET '/session/9a41d12fab4f08f1d169017e9b62b8b1/element/05296a26-d973-47a1-b1d7-8ee9a5e75925/enabled'
01:59:39.401 [AsyncHttpClient-1-13] DEBUG org.asynchttpclient.netty.handler.HttpHandler - 

Request DefaultFullHttpRequest(decodeResult: success, version: HTTP/1.1, content: EmptyByteBufBE)
GET /session/9a41d12fab4f08f1d169017e9b62b8b1/element/05296a26-d973-47a1-b1d7-8ee9a5e75925/enabled HTTP/1.1
User-Agent: selenium/4.1.2 (java windows)
Cache-Control: no-cache
Content-Type: application/json; charset=utf-8
host: localhost:56422
accept: */*

Response DefaultHttpResponse(decodeResult: success, version: HTTP/1.1)
HTTP/1.1 200 OK
Content-Type: application/json; charset=utf-8
cache-control: no-cache
content-length: 14

01:59:39.401 [AsyncHttpClient-1-13] DEBUG org.asynchttpclient.netty.channel.ChannelManager - Adding key: http://localhost:56422 for channel [id: 0x0d38cd81, L:/127.0.0.1:56226 - R:localhost/127.0.0.1:56422]
01:59:39.402 [Forwarding isElementEnabled on session 9a41d12fab4f08f1d169017e9b62b8b1 to remote] DEBUG org.asynchttpclient.netty.request.NettyRequestSender - Using pooled Channel '[id: 0x0d38cd81, L:/127.0.0.1:56226 - R:localhost/127.0.0.1:56422]' for 'GET' to 'http://localhost:56422/session/9a41d12fab4f08f1d169017e9b62b8b1/element/05296a26-d973-47a1-b1d7-8ee9a5e75925/enabled'
01:59:39.402 [Forwarding isElementEnabled on session 9a41d12fab4f08f1d169017e9b62b8b1 to remote] DEBUG org.asynchttpclient.netty.request.NettyRequestSender - Using open Channel [id: 0x0d38cd81, L:/127.0.0.1:56226 - R:localhost/127.0.0.1:56422] for GET '/session/9a41d12fab4f08f1d169017e9b62b8b1/element/05296a26-d973-47a1-b1d7-8ee9a5e75925/enabled'
01:59:39.406 [AsyncHttpClient-1-13] DEBUG org.asynchttpclient.netty.handler.HttpHandler - 

Request DefaultFullHttpRequest(decodeResult: success, version: HTTP/1.1, content: EmptyByteBufBE)
GET /session/9a41d12fab4f08f1d169017e9b62b8b1/element/05296a26-d973-47a1-b1d7-8ee9a5e75925/enabled HTTP/1.1
User-Agent: selenium/4.1.2 (java windows)
Cache-Control: no-cache
Content-Type: application/json; charset=utf-8
host: localhost:56422
accept: */*

Response DefaultHttpResponse(decodeResult: success, version: HTTP/1.1)
HTTP/1.1 200 OK
Content-Type: application/json; charset=utf-8
cache-control: no-cache
content-length: 14

01:59:39.406 [AsyncHttpClient-1-13] DEBUG org.asynchttpclient.netty.channel.ChannelManager - Adding key: http://localhost:56422 for channel [id: 0x0d38cd81, L:/127.0.0.1:56226 - R:localhost/127.0.0.1:56422]
01:59:39.407 [Forwarding findElement on session 9a41d12fab4f08f1d169017e9b62b8b1 to remote] DEBUG org.asynchttpclient.netty.request.NettyRequestSender - Using pooled Channel '[id: 0x0d38cd81, L:/127.0.0.1:56226 - R:localhost/127.0.0.1:56422]' for 'POST' to 'http://localhost:56422/session/9a41d12fab4f08f1d169017e9b62b8b1/element'
01:59:39.407 [Forwarding findElement on session 9a41d12fab4f08f1d169017e9b62b8b1 to remote] DEBUG org.asynchttpclient.netty.request.NettyRequestSender - Using open Channel [id: 0x0d38cd81, L:/127.0.0.1:56226 - R:localhost/127.0.0.1:56422] for POST '/session/9a41d12fab4f08f1d169017e9b62b8b1/element'
01:59:39.411 [AsyncHttpClient-1-13] DEBUG org.asynchttpclient.netty.handler.HttpHandler - 

Request DefaultHttpRequest(decodeResult: success, version: HTTP/1.1)
POST /session/9a41d12fab4f08f1d169017e9b62b8b1/element HTTP/1.1
User-Agent: selenium/4.1.2 (java windows)
Content-Length: 155
Content-Type: application/json; charset=utf-8
host: localhost:56422
accept: */*

Response DefaultHttpResponse(decodeResult: success, version: HTTP/1.1)
HTTP/1.1 200 OK
Content-Type: application/json; charset=utf-8
cache-control: no-cache
content-length: 88

01:59:39.412 [AsyncHttpClient-1-13] DEBUG org.asynchttpclient.netty.channel.ChannelManager - Adding key: http://localhost:56422 for channel [id: 0x0d38cd81, L:/127.0.0.1:56226 - R:localhost/127.0.0.1:56422]
01:59:39.413 [Forwarding clickElement on session 9a41d12fab4f08f1d169017e9b62b8b1 to remote] DEBUG org.asynchttpclient.netty.request.NettyRequestSender - Using pooled Channel '[id: 0x0d38cd81, L:/127.0.0.1:56226 - R:localhost/127.0.0.1:56422]' for 'POST' to 'http://localhost:56422/session/9a41d12fab4f08f1d169017e9b62b8b1/element/05296a26-d973-47a1-b1d7-8ee9a5e75925/click'
01:59:39.413 [Forwarding clickElement on session 9a41d12fab4f08f1d169017e9b62b8b1 to remote] DEBUG org.asynchttpclient.netty.request.NettyRequestSender - Using open Channel [id: 0x0d38cd81, L:/127.0.0.1:56226 - R:localhost/127.0.0.1:56422] for POST '/session/9a41d12fab4f08f1d169017e9b62b8b1/element/05296a26-d973-47a1-b1d7-8ee9a5e75925/click'
01:59:39.447 [AsyncHttpClient-1-13] DEBUG org.asynchttpclient.netty.handler.HttpHandler - 

Request DefaultHttpRequest(decodeResult: success, version: HTTP/1.1)
POST /session/9a41d12fab4f08f1d169017e9b62b8b1/element/05296a26-d973-47a1-b1d7-8ee9a5e75925/click HTTP/1.1
User-Agent: selenium/4.1.2 (java windows)
Content-Length: 50
Content-Type: application/json; charset=utf-8
host: localhost:56422
accept: */*

Response DefaultHttpResponse(decodeResult: success, version: HTTP/1.1)
HTTP/1.1 200 OK
Content-Type: application/json; charset=utf-8
cache-control: no-cache
content-length: 14

01:59:39.447 [AsyncHttpClient-1-13] DEBUG org.asynchttpclient.netty.channel.ChannelManager - Adding key: http://localhost:56422 for channel [id: 0x0d38cd81, L:/127.0.0.1:56226 - R:localhost/127.0.0.1:56422]
01:59:39.451 [Forwarding screenshot on session 9a41d12fab4f08f1d169017e9b62b8b1 to remote] DEBUG org.asynchttpclient.netty.request.NettyRequestSender - Using pooled Channel '[id: 0x0d38cd81, L:/127.0.0.1:56226 - R:localhost/127.0.0.1:56422]' for 'GET' to 'http://localhost:56422/session/9a41d12fab4f08f1d169017e9b62b8b1/screenshot'
01:59:39.451 [Forwarding screenshot on session 9a41d12fab4f08f1d169017e9b62b8b1 to remote] DEBUG org.asynchttpclient.netty.request.NettyRequestSender - Using open Channel [id: 0x0d38cd81, L:/127.0.0.1:56226 - R:localhost/127.0.0.1:56422] for GET '/session/9a41d12fab4f08f1d169017e9b62b8b1/screenshot'
01:59:39.562 [AsyncHttpClient-1-13] DEBUG org.asynchttpclient.netty.handler.HttpHandler - 

Request DefaultFullHttpRequest(decodeResult: success, version: HTTP/1.1, content: EmptyByteBufBE)
GET /session/9a41d12fab4f08f1d169017e9b62b8b1/screenshot HTTP/1.1
User-Agent: selenium/4.1.2 (java windows)
Cache-Control: no-cache
Content-Type: application/json; charset=utf-8
host: localhost:56422
accept: */*

Response DefaultHttpResponse(decodeResult: success, version: HTTP/1.1)
HTTP/1.1 200 OK
Content-Type: application/json; charset=utf-8
cache-control: no-cache
content-length: 49360

01:59:39.562 [AsyncHttpClient-1-13] DEBUG org.asynchttpclient.netty.channel.ChannelManager - Adding key: http://localhost:56422 for channel [id: 0x0d38cd81, L:/127.0.0.1:56226 - R:localhost/127.0.0.1:56422]
01:59:39.564 [main] DEBUG net.serenitybdd.core.photography.Darkroom - Send negative for processing for target\site\serenity\afb9bbf1224960b8276900e3310dcf8a7963857fabe1d57e324667a1475478f2.png
01:59:39.564 [main] DEBUG net.thucydides.core.steps.StepInterceptor - STEP DONE: clickRegisterButton
  &amp#27;[32mAnd &amp#27;[0m&amp#27;[32mI click on register button&amp#27;[0m             &amp#27;[90m# starter.stepdefinitions.RegisterSteps.clickRegisterButton()&amp#27;[0m
01:59:39.564 [Darkroom Processing Line] DEBUG net.serenitybdd.core.photography.DarkroomProcessingLine - Processing screenshot image in /var/screenshots/screenshot-7310151382008813647
01:59:39.564 [Darkroom Processing Line] DEBUG net.serenitybdd.core.photography.DarkroomProcessingLine - Saving screenshot to target\site\serenity\afb9bbf1224960b8276900e3310dcf8a7963857fabe1d57e324667a1475478f2.png
01:59:39.572 [main] DEBUG net.thucydides.core.steps.StepInterceptor - STARTING STEP: RegisterSteps.onTheHomePage - loginPage
01:59:39.573 [Forwarding get on session 9a41d12fab4f08f1d169017e9b62b8b1 to remote] DEBUG org.asynchttpclient.netty.request.NettyRequestSender - Using pooled Channel '[id: 0x0d38cd81, L:/127.0.0.1:56226 - R:localhost/127.0.0.1:56422]' for 'POST' to 'http://localhost:56422/session/9a41d12fab4f08f1d169017e9b62b8b1/url'
01:59:39.573 [Forwarding get on session 9a41d12fab4f08f1d169017e9b62b8b1 to remote] DEBUG org.asynchttpclient.netty.request.NettyRequestSender - Using open Channel [id: 0x0d38cd81, L:/127.0.0.1:56226 - R:localhost/127.0.0.1:56422] for POST '/session/9a41d12fab4f08f1d169017e9b62b8b1/url'
01:59:39.669 [AsyncHttpClient-1-13] DEBUG org.asynchttpclient.netty.handler.HttpHandler - 

Request DefaultHttpRequest(decodeResult: success, version: HTTP/1.1)
POST /session/9a41d12fab4f08f1d169017e9b62b8b1/url HTTP/1.1
User-Agent: selenium/4.1.2 (java windows)
Content-Length: 64
Content-Type: application/json; charset=utf-8
host: localhost:56422
accept: */*

Response DefaultHttpResponse(decodeResult: success, version: HTTP/1.1)
HTTP/1.1 200 OK
Content-Type: application/json; charset=utf-8
cache-control: no-cache
content-length: 14

01:59:39.670 [AsyncHttpClient-1-13] DEBUG org.asynchttpclient.netty.channel.ChannelManager - Adding key: http://localhost:56422 for channel [id: 0x0d38cd81, L:/127.0.0.1:56226 - R:localhost/127.0.0.1:56422]
01:59:39.671 [Forwarding getCurrentUrl on session 9a41d12fab4f08f1d169017e9b62b8b1 to remote] DEBUG org.asynchttpclient.netty.request.NettyRequestSender - Using pooled Channel '[id: 0x0d38cd81, L:/127.0.0.1:56226 - R:localhost/127.0.0.1:56422]' for 'GET' to 'http://localhost:56422/session/9a41d12fab4f08f1d169017e9b62b8b1/url'
01:59:39.671 [Forwarding getCurrentUrl on session 9a41d12fab4f08f1d169017e9b62b8b1 to remote] DEBUG org.asynchttpclient.netty.request.NettyRequestSender - Using open Channel [id: 0x0d38cd81, L:/127.0.0.1:56226 - R:localhost/127.0.0.1:56422] for GET '/session/9a41d12fab4f08f1d169017e9b62b8b1/url'
01:59:39.674 [AsyncHttpClient-1-13] DEBUG org.asynchttpclient.netty.handler.HttpHandler - 

Request DefaultFullHttpRequest(decodeResult: success, version: HTTP/1.1, content: EmptyByteBufBE)
GET /session/9a41d12fab4f08f1d169017e9b62b8b1/url HTTP/1.1
User-Agent: selenium/4.1.2 (java windows)
Cache-Control: no-cache
Content-Type: application/json; charset=utf-8
host: localhost:56422
accept: */*

Response DefaultHttpResponse(decodeResult: success, version: HTTP/1.1)
HTTP/1.1 200 OK
Content-Type: application/json; charset=utf-8
cache-control: no-cache
content-length: 41

01:59:39.674 [AsyncHttpClient-1-13] DEBUG org.asynchttpclient.netty.channel.ChannelManager - Adding key: http://localhost:56422 for channel [id: 0x0d38cd81, L:/127.0.0.1:56226 - R:localhost/127.0.0.1:56422]
01:59:39.677 [Forwarding screenshot on session 9a41d12fab4f08f1d169017e9b62b8b1 to remote] DEBUG org.asynchttpclient.netty.request.NettyRequestSender - Using pooled Channel '[id: 0x0d38cd81, L:/127.0.0.1:56226 - R:localhost/127.0.0.1:56422]' for 'GET' to 'http://localhost:56422/session/9a41d12fab4f08f1d169017e9b62b8b1/screenshot'
01:59:39.677 [Forwarding screenshot on session 9a41d12fab4f08f1d169017e9b62b8b1 to remote] DEBUG org.asynchttpclient.netty.request.NettyRequestSender - Using open Channel [id: 0x0d38cd81, L:/127.0.0.1:56226 - R:localhost/127.0.0.1:56422] for GET '/session/9a41d12fab4f08f1d169017e9b62b8b1/screenshot'
01:59:39.762 [AsyncHttpClient-1-13] DEBUG org.asynchttpclient.netty.handler.HttpHandler - 

Request DefaultFullHttpRequest(decodeResult: success, version: HTTP/1.1, content: EmptyByteBufBE)
GET /session/9a41d12fab4f08f1d169017e9b62b8b1/screenshot HTTP/1.1
User-Agent: selenium/4.1.2 (java windows)
Cache-Control: no-cache
Content-Type: application/json; charset=utf-8
host: localhost:56422
accept: */*

Response DefaultHttpResponse(decodeResult: success, version: HTTP/1.1)
HTTP/1.1 200 OK
Content-Type: application/json; charset=utf-8
cache-control: no-cache
content-length: 32192

01:59:39.763 [AsyncHttpClient-1-13] DEBUG org.asynchttpclient.netty.channel.ChannelManager - Adding key: http://localhost:56422 for channel [id: 0x0d38cd81, L:/127.0.0.1:56226 - R:localhost/127.0.0.1:56422]
01:59:39.764 [main] DEBUG net.serenitybdd.core.photography.Darkroom - Send negative for processing for target\site\serenity\4d98329a65403fb35239499910819cdb6d3d71d823e551da367b9fc52c2ec142.png
01:59:39.764 [main] DEBUG net.thucydides.core.steps.StepInterceptor - STEP DONE: loginPage
01:59:39.768 [main] DEBUG net.thucydides.core.steps.StepInterceptor - STARTING STEP: RegisterSteps.onTheHomePage - validateOnLoginPage
01:59:39.769 [Forwarding findElement on session 9a41d12fab4f08f1d169017e9b62b8b1 to remote] DEBUG org.asynchttpclient.netty.request.NettyRequestSender - Using pooled Channel '[id: 0x0d38cd81, L:/127.0.0.1:56226 - R:localhost/127.0.0.1:56422]' for 'POST' to 'http://localhost:56422/session/9a41d12fab4f08f1d169017e9b62b8b1/element'
01:59:39.769 [Forwarding findElement on session 9a41d12fab4f08f1d169017e9b62b8b1 to remote] DEBUG org.asynchttpclient.netty.request.NettyRequestSender - Using open Channel [id: 0x0d38cd81, L:/127.0.0.1:56226 - R:localhost/127.0.0.1:56422] for POST '/session/9a41d12fab4f08f1d169017e9b62b8b1/element'
01:59:39.778 [AsyncHttpClient-1-13] DEBUG org.asynchttpclient.netty.handler.HttpHandler - 

Request DefaultHttpRequest(decodeResult: success, version: HTTP/1.1)
POST /session/9a41d12fab4f08f1d169017e9b62b8b1/element HTTP/1.1
User-Agent: selenium/4.1.2 (java windows)
Content-Length: 155
Content-Type: application/json; charset=utf-8
host: localhost:56422
accept: */*

Response DefaultHttpResponse(decodeResult: success, version: HTTP/1.1)
HTTP/1.1 200 OK
Content-Type: application/json; charset=utf-8
cache-control: no-cache
content-length: 88

01:59:39.778 [AsyncHttpClient-1-13] DEBUG org.asynchttpclient.netty.channel.ChannelManager - Adding key: http://localhost:56422 for channel [id: 0x0d38cd81, L:/127.0.0.1:56226 - R:localhost/127.0.0.1:56422]
01:59:39.780 [Forwarding isElementDisplayed on session 9a41d12fab4f08f1d169017e9b62b8b1 to remote] DEBUG org.asynchttpclient.netty.request.NettyRequestSender - Using pooled Channel '[id: 0x0d38cd81, L:/127.0.0.1:56226 - R:localhost/127.0.0.1:56422]' for 'POST' to 'http://localhost:56422/session/9a41d12fab4f08f1d169017e9b62b8b1/execute/sync'
01:59:39.780 [Forwarding isElementDisplayed on session 9a41d12fab4f08f1d169017e9b62b8b1 to remote] DEBUG org.asynchttpclient.netty.request.NettyRequestSender - Using open Channel [id: 0x0d38cd81, L:/127.0.0.1:56226 - R:localhost/127.0.0.1:56422] for POST '/session/9a41d12fab4f08f1d169017e9b62b8b1/execute/sync'
01:59:39.788 [AsyncHttpClient-1-13] DEBUG org.asynchttpclient.netty.handler.HttpHandler - 

Request DefaultHttpRequest(decodeResult: success, version: HTTP/1.1)
POST /session/9a41d12fab4f08f1d169017e9b62b8b1/execute/sync HTTP/1.1
User-Agent: selenium/4.1.2 (java windows)
Content-Length: 48780
Content-Type: application/json; charset=utf-8
host: localhost:56422
accept: */*

Response DefaultHttpResponse(decodeResult: success, version: HTTP/1.1)
HTTP/1.1 200 OK
Content-Type: application/json; charset=utf-8
cache-control: no-cache
content-length: 14

01:59:39.788 [AsyncHttpClient-1-13] DEBUG org.asynchttpclient.netty.channel.ChannelManager - Adding key: http://localhost:56422 for channel [id: 0x0d38cd81, L:/127.0.0.1:56226 - R:localhost/127.0.0.1:56422]
01:59:39.790 [main] DEBUG net.thucydides.core.steps.StepInterceptor - STEP DONE: validateOnLoginPage
  &amp#27;[32mThen &amp#27;[0m&amp#27;[32mI am on the login page after register&amp#27;[0m &amp#27;[90m# starter.stepdefinitions.RegisterSteps.onTheHomePage()&amp#27;[0m
01:59:39.792 [main] INFO  - 
  _____   ___   ___   _____     ___     _     ___   ___   ___   ___  
 |_   _| | __| / __| |_   _|   | _ \   /_\   / __| / __| | __| |   \ 
   | |   | _|  \__ \   | |     |  _/  / _ \  \__ \ \__ \ | _|  | |) |
   |_|   |___| |___/   |_|     |_|   /_/ \_\ |___/ |___/ |___| |___/ 

register with valid data
----------------------------------------------------------------------
01:59:39.793 [Driver Command Executor] DEBUG org.asynchttpclient.netty.request.NettyRequestSender - Using pooled Channel '[id: 0x0d38cd81, L:/127.0.0.1:56226 - R:localhost/127.0.0.1:56422]' for 'DELETE' to 'http://localhost:56422/session/9a41d12fab4f08f1d169017e9b62b8b1'
01:59:39.793 [AsyncHttpClient-1-15] DEBUG org.asynchttpclient.netty.handler.WebSocketHandler - Channel Closed: [id: 0x6fa73fb2, L:/127.0.0.1:56234 ! R:localhost/127.0.0.1:56227] with attribute NettyResponseFuture{currentRetry=5,
	isDone=1,
	isCancelled=0,
	asyncHandler=org.asynchttpclient.ws.WebSocketUpgradeHandler@4af760b5,
	nettyRequest=org.asynchttpclient.netty.request.NettyRequest@7bcaaa54,
	future=java.util.concurrent.CompletableFuture@329dd101[Completed normally],
	uri=ws://localhost:56227/devtools/browser/55ae0b0d-4ceb-4705-a868-806ebe23d34a,
	keepAlive=true,
	redirectCount=0,
	timeoutsHolder=null,
	inAuth=0,
	touch=1652554777548}
01:59:39.793 [Driver Command Executor] DEBUG org.asynchttpclient.netty.request.NettyRequestSender - Using open Channel [id: 0x0d38cd81, L:/127.0.0.1:56226 - R:localhost/127.0.0.1:56422] for DELETE '/session/9a41d12fab4f08f1d169017e9b62b8b1'
01:59:39.793 [AsyncHttpClient-1-15] DEBUG org.asynchttpclient.netty.channel.ChannelManager - Closing Channel [id: 0x6fa73fb2, L:/127.0.0.1:56234 ! R:localhost/127.0.0.1:56227] 
01:59:39.833 [AsyncHttpClient-1-14] DEBUG org.asynchttpclient.netty.handler.HttpHandler - Unexpected I/O exception on channel [id: 0xe2e6e3ac, L:/127.0.0.1:56233 - R:localhost/127.0.0.1:56227]
java.io.IOException: An existing connection was forcibly closed by the remote host
	at java.base/sun.nio.ch.SocketDispatcher.read0(Native Method)
	at java.base/sun.nio.ch.SocketDispatcher.read(SocketDispatcher.java:43)
	at java.base/sun.nio.ch.IOUtil.readIntoNativeBuffer(IOUtil.java:276)
	at java.base/sun.nio.ch.IOUtil.read(IOUtil.java:233)
	at java.base/sun.nio.ch.IOUtil.read(IOUtil.java:223)
	at java.base/sun.nio.ch.SocketChannelImpl.read(SocketChannelImpl.java:358)
	at io.netty.buffer.PooledByteBuf.setBytes(PooledByteBuf.java:258)
	at io.netty.buffer.AbstractByteBuf.writeBytes(AbstractByteBuf.java:1132)
	at io.netty.channel.socket.nio.NioSocketChannel.doReadBytes(NioSocketChannel.java:350)
	at io.netty.channel.nio.AbstractNioByteChannel$NioByteUnsafe.read(AbstractNioByteChannel.java:151)
	at io.netty.channel.nio.NioEventLoop.processSelectedKey(NioEventLoop.java:722)
	at io.netty.channel.nio.NioEventLoop.processSelectedKeysOptimized(NioEventLoop.java:658)
	at io.netty.channel.nio.NioEventLoop.processSelectedKeys(NioEventLoop.java:584)
	at io.netty.channel.nio.NioEventLoop.run(NioEventLoop.java:496)
	at io.netty.util.concurrent.SingleThreadEventExecutor$4.run(SingleThreadEventExecutor.java:986)
	at io.netty.util.internal.ThreadExecutorMap$2.run(ThreadExecutorMap.java:74)
	at io.netty.util.concurrent.FastThreadLocalRunnable.run(FastThreadLocalRunnable.java:30)
	at java.base/java.lang.Thread.run(Thread.java:834)
01:59:39.833 [AsyncHttpClient-1-14] DEBUG org.asynchttpclient.netty.channel.ChannelManager - Closing Channel [id: 0xe2e6e3ac, L:/127.0.0.1:56233 - R:localhost/127.0.0.1:56227] 
01:59:39.833 [AsyncHttpClient-1-14] DEBUG org.asynchttpclient.netty.handler.HttpHandler - Channel Closed: [id: 0xe2e6e3ac, L:/127.0.0.1:56233 ! R:localhost/127.0.0.1:56227] with attribute DISCARD
01:59:39.841 [AsyncHttpClient-1-13] DEBUG org.asynchttpclient.netty.handler.HttpHandler - 

Request DefaultFullHttpRequest(decodeResult: success, version: HTTP/1.1, content: EmptyByteBufBE)
DELETE /session/9a41d12fab4f08f1d169017e9b62b8b1 HTTP/1.1
User-Agent: selenium/4.1.2 (java windows)
Content-Type: application/json; charset=utf-8
host: localhost:56422
accept: */*

Response DefaultHttpResponse(decodeResult: success, version: HTTP/1.1)
HTTP/1.1 200 OK
Content-Type: application/json; charset=utf-8
cache-control: no-cache
content-length: 14

01:59:39.841 [AsyncHttpClient-1-13] DEBUG org.asynchttpclient.netty.channel.ChannelManager - Adding key: http://localhost:56422 for channel [id: 0x0d38cd81, L:/127.0.0.1:56226 - R:localhost/127.0.0.1:56422]
01:59:39.899 [AsyncHttpClient-1-13] DEBUG org.asynchttpclient.netty.handler.HttpHandler - Channel Closed: [id: 0x0d38cd81, L:/127.0.0.1:56226 ! R:localhost/127.0.0.1:56422] with attribute DISCARD
01:59:40.362 [AsyncHttpClient-1-1] DEBUG org.asynchttpclient.netty.channel.DefaultChannelPool - Entry count for : http://localhost:56422 : 1
01:59:40.362 [AsyncHttpClient-1-1] DEBUG org.asynchttpclient.netty.channel.DefaultChannelPool - Entry count for : http://localhost:56227 : 1
01:59:40.362 [AsyncHttpClient-1-1] DEBUG org.asynchttpclient.netty.channel.DefaultChannelPool - Adding Candidate expired Channel [id: 0x0d38cd81, L:/127.0.0.1:56226 ! R:localhost/127.0.0.1:56422] isIdleTimeoutExpired=false isRemotelyClosed=true isTtlExpired=false
01:59:40.362 [AsyncHttpClient-1-1] DEBUG org.asynchttpclient.netty.channel.DefaultChannelPool - Closing Idle Channel [id: 0x0d38cd81, L:/127.0.0.1:56226 ! R:localhost/127.0.0.1:56422]
01:59:40.362 [AsyncHttpClient-1-1] DEBUG org.asynchttpclient.netty.channel.DefaultChannelPool - Adding Candidate expired Channel [id: 0xe2e6e3ac, L:/127.0.0.1:56233 ! R:localhost/127.0.0.1:56227] isIdleTimeoutExpired=false isRemotelyClosed=true isTtlExpired=false
01:59:40.362 [AsyncHttpClient-1-1] DEBUG org.asynchttpclient.netty.channel.DefaultChannelPool - Closing Idle Channel [id: 0xe2e6e3ac, L:/127.0.0.1:56233 ! R:localhost/127.0.0.1:56227]
01:59:40.362 [AsyncHttpClient-1-1] DEBUG org.asynchttpclient.netty.channel.DefaultChannelPool - Closed 2 connections out of 2 in 0 ms
]]></system-out>
    <system-err><![CDATA[Starting ChromeDriver 101.0.4951.41 (93c720db8323b3ec10d056025ab95c23a31997c9-refs/branch-heads/4951@{#904}) on port 56422
Only local connections are allowed.
Please see https://chromedriver.chromium.org/security-considerations for suggestions on keeping ChromeDriver safe.
ChromeDriver was started successfully.
May 15, 2022 1:59:37 AM org.openqa.selenium.remote.ProtocolHandshake createSession
INFO: Detected dialect: W3C
May 15, 2022 1:59:37 AM org.openqa.selenium.devtools.CdpVersionFinder findNearestMatch
WARNING: Unable to find an exact match for CDP version 101, so returning the closest version found: 97
May 15, 2022 1:59:37 AM org.openqa.selenium.devtools.CdpVersionFinder findNearestMatch
INFO: Found CDP implementation for version 101 of 97
]]></system-err>
  </testcase>
  <testcase name="register with an email that already registered" classname="Register" time="4.723">
    <system-out><![CDATA[
Scenario: register with an email that already registered &amp#27;[90m# src/test/resources/features/Register.feature:12&amp#27;[0m
01:59:40.428 [main] INFO io.cucumber.core.plugin.SerenityReporter - Running feature from file:///D:/Intern/MSIB%20Alterra/alterra-mini-project/Serenity%20UI%20Test/src/test/resources/features/Register.feature
01:59:40.429 [main] INFO  - 
  _____   ___   ___   _____     ___   _____     _     ___   _____   ___   ___  
 |_   _| | __| / __| |_   _|   / __| |_   _|   /_\   | _ \ |_   _| | __| |   \ 
   | |   | _|  \__ \   | |     \__ \   | |    / _ \  |   /   | |   | _|  | |) |
   |_|   |___| |___/   |_|     |___/   |_|   /_/ \_\ |_|_\   |_|   |___| |___/ 

register with an email that already registered(register;register-with-an-email-that-already-registered)
--------------------------------------------------------------------------------
01:59:40.443 [main] DEBUG net.thucydides.core.steps.StepInterceptor - STARTING STEP: RegisterSteps.onTheRegisterPage - registerPage
01:59:40.443 [main] INFO net.serenitybdd.core.webdriver.driverproviders.ChromeDriverProvider - Using automatically driver download
01:59:40.513 [main] DEBUG io.github.bonigarcia.wdm.cache.ResolutionCache - Resolution chrome=101 in cache (valid until 02:58:38 15/05/2022 ICT)
01:59:40.515 [main] DEBUG io.github.bonigarcia.wdm.cache.ResolutionCache - Resolution chrome101=101.0.4951.41 in cache (valid until 14:15:13 15/05/2022 ICT)
01:59:40.516 [main] INFO io.github.bonigarcia.wdm.WebDriverManager - Using chromedriver 101.0.4951.41 (resolved driver for Chrome 101)
01:59:40.523 [main] DEBUG io.github.bonigarcia.wdm.WebDriverManager - Driver chromedriver 101.0.4951.41 found in cache
01:59:40.523 [main] INFO io.github.bonigarcia.wdm.WebDriverManager - Exporting webdriver.chrome.driver as C:\Users\saral\.cache\selenium\chromedriver\win32\101.0.4951.41\chromedriver.exe
01:59:40.594 [main] DEBUG net.serenitybdd.core.webdriver.driverproviders.ProvideNewDriver - Instantiating driver
01:59:40.594 [main] DEBUG net.serenitybdd.core.webdriver.driverproviders.ProvideNewDriver - Driver capabilities: Capabilities {acceptInsecureCerts: false, base.url: https://qa.alta.id/, browserName: chrome, chrome.driver: src/main/resources/webdrive..., driver: chrome, goog:chromeOptions: {args: [], extensions: []}}
01:59:41.125 [AsyncHttpClient-1-16] DEBUG org.asynchttpclient.netty.channel.NettyConnectListener - Using new Channel '[id: 0x6f5f4056, L:/127.0.0.1:56254 - R:localhost/127.0.0.1:54287]' for 'POST' to '/session'
01:59:41.652 [AsyncHttpClient-1-16] DEBUG org.asynchttpclient.netty.handler.HttpHandler - 

Request DefaultHttpRequest(decodeResult: success, version: HTTP/1.1)
POST /session HTTP/1.1
User-Agent: selenium/4.1.2 (java windows)
Content-Length: 605
Content-Type: application/json; charset=utf-8
host: localhost:54287
accept: */*

Response DefaultHttpResponse(decodeResult: success, version: HTTP/1.1)
HTTP/1.1 200 OK
Content-Type: application/json; charset=utf-8
cache-control: no-cache
content-length: 789

01:59:41.653 [AsyncHttpClient-1-16] DEBUG org.asynchttpclient.netty.channel.ChannelManager - Adding key: http://localhost:54287 for channel [id: 0x6f5f4056, L:/127.0.0.1:56254 - R:localhost/127.0.0.1:54287]
01:59:41.657 [AsyncHttpClient-1-17] DEBUG org.asynchttpclient.netty.channel.NettyConnectListener - Using new Channel '[id: 0x31bfd75b, L:/127.0.0.1:56263 - R:localhost/127.0.0.1:56255]' for 'GET' to '/json/version'
01:59:41.657 [AsyncHttpClient-1-17] DEBUG org.asynchttpclient.netty.handler.HttpHandler - 

Request DefaultFullHttpRequest(decodeResult: success, version: HTTP/1.1, content: EmptyByteBufBE)
GET /json/version HTTP/1.1
User-Agent: selenium/4.1.2 (java windows)
host: localhost:56255
accept: */*

Response DefaultHttpResponse(decodeResult: success, version: HTTP/1.1)
HTTP/1.1 200 OK
Content-Type: application/json; charset=UTF-8
content-length: 427

01:59:41.657 [AsyncHttpClient-1-17] DEBUG org.asynchttpclient.netty.channel.ChannelManager - Adding key: http://localhost:56255 for channel [id: 0x31bfd75b, L:/127.0.0.1:56263 - R:localhost/127.0.0.1:56255]
01:59:41.658 [AsyncHttpClient-1-2] DEBUG org.asynchttpclient.netty.channel.NettyConnectListener - Using new Channel '[id: 0xd0a5dcee, L:/127.0.0.1:56264 - R:localhost/127.0.0.1:56255]' for 'GET' to '/devtools/browser/3fd2c57e-7f76-4869-ad5b-cad7cdc22eab'
01:59:41.658 [AsyncHttpClient-1-2] DEBUG org.asynchttpclient.netty.handler.WebSocketHandler - 

Request DefaultFullHttpRequest(decodeResult: success, version: HTTP/1.1, content: EmptyByteBufBE)
GET /devtools/browser/3fd2c57e-7f76-4869-ad5b-cad7cdc22eab HTTP/1.1
upgrade: websocket
connection: upgrade
sec-websocket-key: JV6ENDknTt+cPhJDTZz4fw==
sec-websocket-version: 13
origin: http://localhost:56255
host: localhost:56255
accept: */*
user-agent: AHC/2.1

Response DefaultHttpResponse(decodeResult: success, version: HTTP/1.1)
HTTP/1.1 101 WebSocket Protocol Handshake
Upgrade: WebSocket
Connection: Upgrade
Sec-WebSocket-Accept: ELPfU4D5n1L4VzDZ/uyqVh1KEu4=

01:59:41.662 [Forwarding get on session 9fe7a2f262687c3ea6ebf8c989586b67 to remote] DEBUG org.asynchttpclient.netty.request.NettyRequestSender - Using pooled Channel '[id: 0x6f5f4056, L:/127.0.0.1:56254 - R:localhost/127.0.0.1:54287]' for 'POST' to 'http://localhost:54287/session/9fe7a2f262687c3ea6ebf8c989586b67/url'
01:59:41.662 [Forwarding get on session 9fe7a2f262687c3ea6ebf8c989586b67 to remote] DEBUG org.asynchttpclient.netty.request.NettyRequestSender - Using open Channel [id: 0x6f5f4056, L:/127.0.0.1:56254 - R:localhost/127.0.0.1:54287] for POST '/session/9fe7a2f262687c3ea6ebf8c989586b67/url'
01:59:42.562 [AsyncHttpClient-1-1] DEBUG org.asynchttpclient.netty.channel.DefaultChannelPool - Entry count for : http://localhost:56255 : 1
01:59:43.447 [AsyncHttpClient-1-16] DEBUG org.asynchttpclient.netty.handler.HttpHandler - 

Request DefaultHttpRequest(decodeResult: success, version: HTTP/1.1)
POST /session/9fe7a2f262687c3ea6ebf8c989586b67/url HTTP/1.1
User-Agent: selenium/4.1.2 (java windows)
Content-Length: 67
Content-Type: application/json; charset=utf-8
host: localhost:54287
accept: */*

Response DefaultHttpResponse(decodeResult: success, version: HTTP/1.1)
HTTP/1.1 200 OK
Content-Type: application/json; charset=utf-8
cache-control: no-cache
content-length: 14

01:59:43.447 [AsyncHttpClient-1-16] DEBUG org.asynchttpclient.netty.channel.ChannelManager - Adding key: http://localhost:54287 for channel [id: 0x6f5f4056, L:/127.0.0.1:56254 - R:localhost/127.0.0.1:54287]
01:59:43.450 [Forwarding setTimeout on session 9fe7a2f262687c3ea6ebf8c989586b67 to remote] DEBUG org.asynchttpclient.netty.request.NettyRequestSender - Using pooled Channel '[id: 0x6f5f4056, L:/127.0.0.1:56254 - R:localhost/127.0.0.1:54287]' for 'POST' to 'http://localhost:54287/session/9fe7a2f262687c3ea6ebf8c989586b67/timeouts'
01:59:43.450 [Forwarding setTimeout on session 9fe7a2f262687c3ea6ebf8c989586b67 to remote] DEBUG org.asynchttpclient.netty.request.NettyRequestSender - Using open Channel [id: 0x6f5f4056, L:/127.0.0.1:56254 - R:localhost/127.0.0.1:54287] for POST '/session/9fe7a2f262687c3ea6ebf8c989586b67/timeouts'
01:59:43.450 [AsyncHttpClient-1-16] DEBUG org.asynchttpclient.netty.handler.HttpHandler - 

Request DefaultHttpRequest(decodeResult: success, version: HTTP/1.1)
POST /session/9fe7a2f262687c3ea6ebf8c989586b67/timeouts HTTP/1.1
User-Agent: selenium/4.1.2 (java windows)
Content-Length: 22
Content-Type: application/json; charset=utf-8
host: localhost:54287
accept: */*

Response DefaultHttpResponse(decodeResult: success, version: HTTP/1.1)
HTTP/1.1 200 OK
Content-Type: application/json; charset=utf-8
cache-control: no-cache
content-length: 14

01:59:43.450 [AsyncHttpClient-1-16] DEBUG org.asynchttpclient.netty.channel.ChannelManager - Adding key: http://localhost:54287 for channel [id: 0x6f5f4056, L:/127.0.0.1:56254 - R:localhost/127.0.0.1:54287]
01:59:43.451 [Forwarding getCurrentUrl on session 9fe7a2f262687c3ea6ebf8c989586b67 to remote] DEBUG org.asynchttpclient.netty.request.NettyRequestSender - Using pooled Channel '[id: 0x6f5f4056, L:/127.0.0.1:56254 - R:localhost/127.0.0.1:54287]' for 'GET' to 'http://localhost:54287/session/9fe7a2f262687c3ea6ebf8c989586b67/url'
01:59:43.451 [Forwarding getCurrentUrl on session 9fe7a2f262687c3ea6ebf8c989586b67 to remote] DEBUG org.asynchttpclient.netty.request.NettyRequestSender - Using open Channel [id: 0x6f5f4056, L:/127.0.0.1:56254 - R:localhost/127.0.0.1:54287] for GET '/session/9fe7a2f262687c3ea6ebf8c989586b67/url'
01:59:43.455 [AsyncHttpClient-1-16] DEBUG org.asynchttpclient.netty.handler.HttpHandler - 

Request DefaultFullHttpRequest(decodeResult: success, version: HTTP/1.1, content: EmptyByteBufBE)
GET /session/9fe7a2f262687c3ea6ebf8c989586b67/url HTTP/1.1
User-Agent: selenium/4.1.2 (java windows)
Cache-Control: no-cache
Content-Type: application/json; charset=utf-8
host: localhost:54287
accept: */*

Response DefaultHttpResponse(decodeResult: success, version: HTTP/1.1)
HTTP/1.1 200 OK
Content-Type: application/json; charset=utf-8
cache-control: no-cache
content-length: 44

01:59:43.455 [AsyncHttpClient-1-16] DEBUG org.asynchttpclient.netty.channel.ChannelManager - Adding key: http://localhost:54287 for channel [id: 0x6f5f4056, L:/127.0.0.1:56254 - R:localhost/127.0.0.1:54287]
01:59:43.457 [Forwarding screenshot on session 9fe7a2f262687c3ea6ebf8c989586b67 to remote] DEBUG org.asynchttpclient.netty.request.NettyRequestSender - Using pooled Channel '[id: 0x6f5f4056, L:/127.0.0.1:56254 - R:localhost/127.0.0.1:54287]' for 'GET' to 'http://localhost:54287/session/9fe7a2f262687c3ea6ebf8c989586b67/screenshot'
01:59:43.457 [Forwarding screenshot on session 9fe7a2f262687c3ea6ebf8c989586b67 to remote] DEBUG org.asynchttpclient.netty.request.NettyRequestSender - Using open Channel [id: 0x6f5f4056, L:/127.0.0.1:56254 - R:localhost/127.0.0.1:54287] for GET '/session/9fe7a2f262687c3ea6ebf8c989586b67/screenshot'
01:59:43.525 [AsyncHttpClient-1-16] DEBUG org.asynchttpclient.netty.handler.HttpHandler - 

Request DefaultFullHttpRequest(decodeResult: success, version: HTTP/1.1, content: EmptyByteBufBE)
GET /session/9fe7a2f262687c3ea6ebf8c989586b67/screenshot HTTP/1.1
User-Agent: selenium/4.1.2 (java windows)
Cache-Control: no-cache
Content-Type: application/json; charset=utf-8
host: localhost:54287
accept: */*

Response DefaultHttpResponse(decodeResult: success, version: HTTP/1.1)
HTTP/1.1 200 OK
Content-Type: application/json; charset=utf-8
cache-control: no-cache
content-length: 37576

01:59:43.525 [AsyncHttpClient-1-16] DEBUG org.asynchttpclient.netty.channel.ChannelManager - Adding key: http://localhost:54287 for channel [id: 0x6f5f4056, L:/127.0.0.1:56254 - R:localhost/127.0.0.1:54287]
01:59:43.526 [main] DEBUG net.serenitybdd.core.photography.Darkroom - Send negative for processing for target\site\serenity\a7ccf41b77a9a7a591db44ebecd123572974338bd60237eef6c71f2062964664.png
01:59:43.526 [main] DEBUG net.thucydides.core.steps.StepInterceptor - STEP DONE: registerPage
01:59:43.528 [main] DEBUG net.thucydides.core.steps.StepInterceptor - STARTING STEP: RegisterSteps.onTheRegisterPage - validateOnRegisterPage
01:59:43.529 [Forwarding findElement on session 9fe7a2f262687c3ea6ebf8c989586b67 to remote] DEBUG org.asynchttpclient.netty.request.NettyRequestSender - Using pooled Channel '[id: 0x6f5f4056, L:/127.0.0.1:56254 - R:localhost/127.0.0.1:54287]' for 'POST' to 'http://localhost:54287/session/9fe7a2f262687c3ea6ebf8c989586b67/element'
01:59:43.529 [Forwarding findElement on session 9fe7a2f262687c3ea6ebf8c989586b67 to remote] DEBUG org.asynchttpclient.netty.request.NettyRequestSender - Using open Channel [id: 0x6f5f4056, L:/127.0.0.1:56254 - R:localhost/127.0.0.1:54287] for POST '/session/9fe7a2f262687c3ea6ebf8c989586b67/element'
01:59:43.538 [AsyncHttpClient-1-16] DEBUG org.asynchttpclient.netty.handler.HttpHandler - 

Request DefaultHttpRequest(decodeResult: success, version: HTTP/1.1)
POST /session/9fe7a2f262687c3ea6ebf8c989586b67/element HTTP/1.1
User-Agent: selenium/4.1.2 (java windows)
Content-Length: 155
Content-Type: application/json; charset=utf-8
host: localhost:54287
accept: */*

Response DefaultHttpResponse(decodeResult: success, version: HTTP/1.1)
HTTP/1.1 200 OK
Content-Type: application/json; charset=utf-8
cache-control: no-cache
content-length: 88

01:59:43.538 [AsyncHttpClient-1-16] DEBUG org.asynchttpclient.netty.channel.ChannelManager - Adding key: http://localhost:54287 for channel [id: 0x6f5f4056, L:/127.0.0.1:56254 - R:localhost/127.0.0.1:54287]
01:59:43.540 [Forwarding isElementDisplayed on session 9fe7a2f262687c3ea6ebf8c989586b67 to remote] DEBUG org.asynchttpclient.netty.request.NettyRequestSender - Using pooled Channel '[id: 0x6f5f4056, L:/127.0.0.1:56254 - R:localhost/127.0.0.1:54287]' for 'POST' to 'http://localhost:54287/session/9fe7a2f262687c3ea6ebf8c989586b67/execute/sync'
01:59:43.540 [Forwarding isElementDisplayed on session 9fe7a2f262687c3ea6ebf8c989586b67 to remote] DEBUG org.asynchttpclient.netty.request.NettyRequestSender - Using open Channel [id: 0x6f5f4056, L:/127.0.0.1:56254 - R:localhost/127.0.0.1:54287] for POST '/session/9fe7a2f262687c3ea6ebf8c989586b67/execute/sync'
01:59:43.547 [AsyncHttpClient-1-16] DEBUG org.asynchttpclient.netty.handler.HttpHandler - 

Request DefaultHttpRequest(decodeResult: success, version: HTTP/1.1)
POST /session/9fe7a2f262687c3ea6ebf8c989586b67/execute/sync HTTP/1.1
User-Agent: selenium/4.1.2 (java windows)
Content-Length: 48780
Content-Type: application/json; charset=utf-8
host: localhost:54287
accept: */*

Response DefaultHttpResponse(decodeResult: success, version: HTTP/1.1)
HTTP/1.1 200 OK
Content-Type: application/json; charset=utf-8
cache-control: no-cache
content-length: 14

01:59:43.547 [AsyncHttpClient-1-16] DEBUG org.asynchttpclient.netty.channel.ChannelManager - Adding key: http://localhost:54287 for channel [id: 0x6f5f4056, L:/127.0.0.1:56254 - R:localhost/127.0.0.1:54287]
01:59:43.549 [main] DEBUG net.thucydides.core.steps.StepInterceptor - STEP DONE: validateOnRegisterPage
  &amp#27;[32mGiven &amp#27;[0m&amp#27;[32mI am on the register page&amp#27;[0m                        &amp#27;[90m# starter.stepdefinitions.RegisterSteps.onTheRegisterPage()&amp#27;[0m
01:59:43.554 [main] DEBUG net.thucydides.core.steps.StepInterceptor - STARTING STEP: RegisterSteps.inputValidFullName - inputNamaLengkap
01:59:43.555 [Forwarding findElement on session 9fe7a2f262687c3ea6ebf8c989586b67 to remote] DEBUG org.asynchttpclient.netty.request.NettyRequestSender - Using pooled Channel '[id: 0x6f5f4056, L:/127.0.0.1:56254 - R:localhost/127.0.0.1:54287]' for 'POST' to 'http://localhost:54287/session/9fe7a2f262687c3ea6ebf8c989586b67/element'
01:59:43.555 [Forwarding findElement on session 9fe7a2f262687c3ea6ebf8c989586b67 to remote] DEBUG org.asynchttpclient.netty.request.NettyRequestSender - Using open Channel [id: 0x6f5f4056, L:/127.0.0.1:56254 - R:localhost/127.0.0.1:54287] for POST '/session/9fe7a2f262687c3ea6ebf8c989586b67/element'
01:59:43.563 [AsyncHttpClient-1-16] DEBUG org.asynchttpclient.netty.handler.HttpHandler - 

Request DefaultHttpRequest(decodeResult: success, version: HTTP/1.1)
POST /session/9fe7a2f262687c3ea6ebf8c989586b67/element HTTP/1.1
User-Agent: selenium/4.1.2 (java windows)
Content-Length: 91
Content-Type: application/json; charset=utf-8
host: localhost:54287
accept: */*

Response DefaultHttpResponse(decodeResult: success, version: HTTP/1.1)
HTTP/1.1 200 OK
Content-Type: application/json; charset=utf-8
cache-control: no-cache
content-length: 88

01:59:43.563 [AsyncHttpClient-1-16] DEBUG org.asynchttpclient.netty.channel.ChannelManager - Adding key: http://localhost:54287 for channel [id: 0x6f5f4056, L:/127.0.0.1:56254 - R:localhost/127.0.0.1:54287]
01:59:43.563 [Forwarding clearElement on session 9fe7a2f262687c3ea6ebf8c989586b67 to remote] DEBUG org.asynchttpclient.netty.request.NettyRequestSender - Using pooled Channel '[id: 0x6f5f4056, L:/127.0.0.1:56254 - R:localhost/127.0.0.1:54287]' for 'POST' to 'http://localhost:54287/session/9fe7a2f262687c3ea6ebf8c989586b67/element/9aeaef27-e8bb-42c6-9b0f-09cfc5e200ec/clear'
01:59:43.563 [Forwarding clearElement on session 9fe7a2f262687c3ea6ebf8c989586b67 to remote] DEBUG org.asynchttpclient.netty.request.NettyRequestSender - Using open Channel [id: 0x6f5f4056, L:/127.0.0.1:56254 - R:localhost/127.0.0.1:54287] for POST '/session/9fe7a2f262687c3ea6ebf8c989586b67/element/9aeaef27-e8bb-42c6-9b0f-09cfc5e200ec/clear'
01:59:43.579 [AsyncHttpClient-1-16] DEBUG org.asynchttpclient.netty.handler.HttpHandler - 

Request DefaultHttpRequest(decodeResult: success, version: HTTP/1.1)
POST /session/9fe7a2f262687c3ea6ebf8c989586b67/element/9aeaef27-e8bb-42c6-9b0f-09cfc5e200ec/clear HTTP/1.1
User-Agent: selenium/4.1.2 (java windows)
Content-Length: 50
Content-Type: application/json; charset=utf-8
host: localhost:54287
accept: */*

Response DefaultHttpResponse(decodeResult: success, version: HTTP/1.1)
HTTP/1.1 200 OK
Content-Type: application/json; charset=utf-8
cache-control: no-cache
content-length: 14

01:59:43.579 [AsyncHttpClient-1-16] DEBUG org.asynchttpclient.netty.channel.ChannelManager - Adding key: http://localhost:54287 for channel [id: 0x6f5f4056, L:/127.0.0.1:56254 - R:localhost/127.0.0.1:54287]
01:59:43.580 [Forwarding sendKeysToElement on session 9fe7a2f262687c3ea6ebf8c989586b67 to remote] DEBUG org.asynchttpclient.netty.request.NettyRequestSender - Using pooled Channel '[id: 0x6f5f4056, L:/127.0.0.1:56254 - R:localhost/127.0.0.1:54287]' for 'POST' to 'http://localhost:54287/session/9fe7a2f262687c3ea6ebf8c989586b67/element/9aeaef27-e8bb-42c6-9b0f-09cfc5e200ec/value'
01:59:43.580 [Forwarding sendKeysToElement on session 9fe7a2f262687c3ea6ebf8c989586b67 to remote] DEBUG org.asynchttpclient.netty.request.NettyRequestSender - Using open Channel [id: 0x6f5f4056, L:/127.0.0.1:56254 - R:localhost/127.0.0.1:54287] for POST '/session/9fe7a2f262687c3ea6ebf8c989586b67/element/9aeaef27-e8bb-42c6-9b0f-09cfc5e200ec/value'
01:59:43.654 [AsyncHttpClient-1-16] DEBUG org.asynchttpclient.netty.handler.HttpHandler - 

Request DefaultHttpRequest(decodeResult: success, version: HTTP/1.1)
POST /session/9fe7a2f262687c3ea6ebf8c989586b67/element/9aeaef27-e8bb-42c6-9b0f-09cfc5e200ec/value HTTP/1.1
User-Agent: selenium/4.1.2 (java windows)
Content-Length: 271
Content-Type: application/json; charset=utf-8
host: localhost:54287
accept: */*

Response DefaultHttpResponse(decodeResult: success, version: HTTP/1.1)
HTTP/1.1 200 OK
Content-Type: application/json; charset=utf-8
cache-control: no-cache
content-length: 14

01:59:43.654 [AsyncHttpClient-1-16] DEBUG org.asynchttpclient.netty.channel.ChannelManager - Adding key: http://localhost:54287 for channel [id: 0x6f5f4056, L:/127.0.0.1:56254 - R:localhost/127.0.0.1:54287]
01:59:43.657 [Forwarding screenshot on session 9fe7a2f262687c3ea6ebf8c989586b67 to remote] DEBUG org.asynchttpclient.netty.request.NettyRequestSender - Using pooled Channel '[id: 0x6f5f4056, L:/127.0.0.1:56254 - R:localhost/127.0.0.1:54287]' for 'GET' to 'http://localhost:54287/session/9fe7a2f262687c3ea6ebf8c989586b67/screenshot'
01:59:43.657 [Forwarding screenshot on session 9fe7a2f262687c3ea6ebf8c989586b67 to remote] DEBUG org.asynchttpclient.netty.request.NettyRequestSender - Using open Channel [id: 0x6f5f4056, L:/127.0.0.1:56254 - R:localhost/127.0.0.1:54287] for GET '/session/9fe7a2f262687c3ea6ebf8c989586b67/screenshot'
01:59:43.670 [AsyncHttpClient-1-1] DEBUG org.asynchttpclient.netty.channel.DefaultChannelPool - Entry count for : http://localhost:56255 : 1
01:59:43.748 [AsyncHttpClient-1-16] DEBUG org.asynchttpclient.netty.handler.HttpHandler - 

Request DefaultFullHttpRequest(decodeResult: success, version: HTTP/1.1, content: EmptyByteBufBE)
GET /session/9fe7a2f262687c3ea6ebf8c989586b67/screenshot HTTP/1.1
User-Agent: selenium/4.1.2 (java windows)
Cache-Control: no-cache
Content-Type: application/json; charset=utf-8
host: localhost:54287
accept: */*

Response DefaultHttpResponse(decodeResult: success, version: HTTP/1.1)
HTTP/1.1 200 OK
Content-Type: application/json; charset=utf-8
cache-control: no-cache
content-length: 41920

01:59:43.749 [AsyncHttpClient-1-16] DEBUG org.asynchttpclient.netty.channel.ChannelManager - Adding key: http://localhost:54287 for channel [id: 0x6f5f4056, L:/127.0.0.1:56254 - R:localhost/127.0.0.1:54287]
01:59:43.750 [main] DEBUG net.serenitybdd.core.photography.Darkroom - Send negative for processing for target\site\serenity\6cf990e7458cae12cb69a4de6b99c366a8c20139c932d35432847f1027993553.png
01:59:43.750 [main] DEBUG net.thucydides.core.steps.StepInterceptor - STEP DONE: inputNamaLengkap
  &amp#27;[32mWhen &amp#27;[0m&amp#27;[32mI input valid full name&amp#27;[0m                           &amp#27;[90m# starter.stepdefinitions.RegisterSteps.inputValidFullName()&amp#27;[0m
01:59:43.750 [Darkroom Processing Line] DEBUG net.serenitybdd.core.photography.DarkroomProcessingLine - Processing screenshot image in /var/screenshots/screenshot-7985215034863454938
01:59:43.750 [Darkroom Processing Line] DEBUG net.serenitybdd.core.photography.DarkroomProcessingLine - Saving screenshot to target\site\serenity\6cf990e7458cae12cb69a4de6b99c366a8c20139c932d35432847f1027993553.png
01:59:43.758 [main] DEBUG net.thucydides.core.steps.StepInterceptor - STARTING STEP: RegisterSteps.inputValidRegisteredEmail - inputEmail
01:59:43.760 [Forwarding findElement on session 9fe7a2f262687c3ea6ebf8c989586b67 to remote] DEBUG org.asynchttpclient.netty.request.NettyRequestSender - Using pooled Channel '[id: 0x6f5f4056, L:/127.0.0.1:56254 - R:localhost/127.0.0.1:54287]' for 'POST' to 'http://localhost:54287/session/9fe7a2f262687c3ea6ebf8c989586b67/element'
01:59:43.760 [Forwarding findElement on session 9fe7a2f262687c3ea6ebf8c989586b67 to remote] DEBUG org.asynchttpclient.netty.request.NettyRequestSender - Using open Channel [id: 0x6f5f4056, L:/127.0.0.1:56254 - R:localhost/127.0.0.1:54287] for POST '/session/9fe7a2f262687c3ea6ebf8c989586b67/element'
01:59:43.767 [AsyncHttpClient-1-16] DEBUG org.asynchttpclient.netty.handler.HttpHandler - 

Request DefaultHttpRequest(decodeResult: success, version: HTTP/1.1)
POST /session/9fe7a2f262687c3ea6ebf8c989586b67/element HTTP/1.1
User-Agent: selenium/4.1.2 (java windows)
Content-Length: 84
Content-Type: application/json; charset=utf-8
host: localhost:54287
accept: */*

Response DefaultHttpResponse(decodeResult: success, version: HTTP/1.1)
HTTP/1.1 200 OK
Content-Type: application/json; charset=utf-8
cache-control: no-cache
content-length: 88

01:59:43.768 [AsyncHttpClient-1-16] DEBUG org.asynchttpclient.netty.channel.ChannelManager - Adding key: http://localhost:54287 for channel [id: 0x6f5f4056, L:/127.0.0.1:56254 - R:localhost/127.0.0.1:54287]
01:59:43.768 [Forwarding clearElement on session 9fe7a2f262687c3ea6ebf8c989586b67 to remote] DEBUG org.asynchttpclient.netty.request.NettyRequestSender - Using pooled Channel '[id: 0x6f5f4056, L:/127.0.0.1:56254 - R:localhost/127.0.0.1:54287]' for 'POST' to 'http://localhost:54287/session/9fe7a2f262687c3ea6ebf8c989586b67/element/b9554df6-af44-4f81-8f36-38c04d46d671/clear'
01:59:43.768 [Forwarding clearElement on session 9fe7a2f262687c3ea6ebf8c989586b67 to remote] DEBUG org.asynchttpclient.netty.request.NettyRequestSender - Using open Channel [id: 0x6f5f4056, L:/127.0.0.1:56254 - R:localhost/127.0.0.1:54287] for POST '/session/9fe7a2f262687c3ea6ebf8c989586b67/element/b9554df6-af44-4f81-8f36-38c04d46d671/clear'
01:59:43.787 [AsyncHttpClient-1-16] DEBUG org.asynchttpclient.netty.handler.HttpHandler - 

Request DefaultHttpRequest(decodeResult: success, version: HTTP/1.1)
POST /session/9fe7a2f262687c3ea6ebf8c989586b67/element/b9554df6-af44-4f81-8f36-38c04d46d671/clear HTTP/1.1
User-Agent: selenium/4.1.2 (java windows)
Content-Length: 50
Content-Type: application/json; charset=utf-8
host: localhost:54287
accept: */*

Response DefaultHttpResponse(decodeResult: success, version: HTTP/1.1)
HTTP/1.1 200 OK
Content-Type: application/json; charset=utf-8
cache-control: no-cache
content-length: 14

01:59:43.787 [AsyncHttpClient-1-16] DEBUG org.asynchttpclient.netty.channel.ChannelManager - Adding key: http://localhost:54287 for channel [id: 0x6f5f4056, L:/127.0.0.1:56254 - R:localhost/127.0.0.1:54287]
01:59:43.789 [Forwarding sendKeysToElement on session 9fe7a2f262687c3ea6ebf8c989586b67 to remote] DEBUG org.asynchttpclient.netty.request.NettyRequestSender - Using pooled Channel '[id: 0x6f5f4056, L:/127.0.0.1:56254 - R:localhost/127.0.0.1:54287]' for 'POST' to 'http://localhost:54287/session/9fe7a2f262687c3ea6ebf8c989586b67/element/b9554df6-af44-4f81-8f36-38c04d46d671/value'
01:59:43.789 [Forwarding sendKeysToElement on session 9fe7a2f262687c3ea6ebf8c989586b67 to remote] DEBUG org.asynchttpclient.netty.request.NettyRequestSender - Using open Channel [id: 0x6f5f4056, L:/127.0.0.1:56254 - R:localhost/127.0.0.1:54287] for POST '/session/9fe7a2f262687c3ea6ebf8c989586b67/element/b9554df6-af44-4f81-8f36-38c04d46d671/value'
01:59:43.843 [AsyncHttpClient-1-16] DEBUG org.asynchttpclient.netty.handler.HttpHandler - 

Request DefaultHttpRequest(decodeResult: success, version: HTTP/1.1)
POST /session/9fe7a2f262687c3ea6ebf8c989586b67/element/b9554df6-af44-4f81-8f36-38c04d46d671/value HTTP/1.1
User-Agent: selenium/4.1.2 (java windows)
Content-Length: 231
Content-Type: application/json; charset=utf-8
host: localhost:54287
accept: */*

Response DefaultHttpResponse(decodeResult: success, version: HTTP/1.1)
HTTP/1.1 200 OK
Content-Type: application/json; charset=utf-8
cache-control: no-cache
content-length: 14

01:59:43.843 [AsyncHttpClient-1-16] DEBUG org.asynchttpclient.netty.channel.ChannelManager - Adding key: http://localhost:54287 for channel [id: 0x6f5f4056, L:/127.0.0.1:56254 - R:localhost/127.0.0.1:54287]
01:59:43.846 [Forwarding screenshot on session 9fe7a2f262687c3ea6ebf8c989586b67 to remote] DEBUG org.asynchttpclient.netty.request.NettyRequestSender - Using pooled Channel '[id: 0x6f5f4056, L:/127.0.0.1:56254 - R:localhost/127.0.0.1:54287]' for 'GET' to 'http://localhost:54287/session/9fe7a2f262687c3ea6ebf8c989586b67/screenshot'
01:59:43.846 [Forwarding screenshot on session 9fe7a2f262687c3ea6ebf8c989586b67 to remote] DEBUG org.asynchttpclient.netty.request.NettyRequestSender - Using open Channel [id: 0x6f5f4056, L:/127.0.0.1:56254 - R:localhost/127.0.0.1:54287] for GET '/session/9fe7a2f262687c3ea6ebf8c989586b67/screenshot'
01:59:43.936 [AsyncHttpClient-1-16] DEBUG org.asynchttpclient.netty.handler.HttpHandler - 

Request DefaultFullHttpRequest(decodeResult: success, version: HTTP/1.1, content: EmptyByteBufBE)
GET /session/9fe7a2f262687c3ea6ebf8c989586b67/screenshot HTTP/1.1
User-Agent: selenium/4.1.2 (java windows)
Cache-Control: no-cache
Content-Type: application/json; charset=utf-8
host: localhost:54287
accept: */*

Response DefaultHttpResponse(decodeResult: success, version: HTTP/1.1)
HTTP/1.1 200 OK
Content-Type: application/json; charset=utf-8
cache-control: no-cache
content-length: 47480

01:59:43.936 [AsyncHttpClient-1-16] DEBUG org.asynchttpclient.netty.channel.ChannelManager - Adding key: http://localhost:54287 for channel [id: 0x6f5f4056, L:/127.0.0.1:56254 - R:localhost/127.0.0.1:54287]
01:59:43.937 [main] DEBUG net.serenitybdd.core.photography.Darkroom - Send negative for processing for target\site\serenity\0cabde5058d988c6250a554d74aa5a2755d0865b5ce6717c84c2ed001c1889ca.png
01:59:43.938 [main] DEBUG net.thucydides.core.steps.StepInterceptor - STEP DONE: inputEmail
  &amp#27;[32mAnd &amp#27;[0m&amp#27;[32mI input valid email that already registered&amp#27;[0m        &amp#27;[90m# starter.stepdefinitions.RegisterSteps.inputValidRegisteredEmail()&amp#27;[0m
01:59:43.938 [Darkroom Processing Line] DEBUG net.serenitybdd.core.photography.DarkroomProcessingLine - Processing screenshot image in /var/screenshots/screenshot-13545720970670014897
01:59:43.938 [Darkroom Processing Line] DEBUG net.serenitybdd.core.photography.DarkroomProcessingLine - Saving screenshot to target\site\serenity\0cabde5058d988c6250a554d74aa5a2755d0865b5ce6717c84c2ed001c1889ca.png
01:59:43.951 [main] DEBUG net.thucydides.core.steps.StepInterceptor - STARTING STEP: LoginSteps.inputValidPassword - inputPassword
01:59:43.953 [Forwarding findElement on session 9fe7a2f262687c3ea6ebf8c989586b67 to remote] DEBUG org.asynchttpclient.netty.request.NettyRequestSender - Using pooled Channel '[id: 0x6f5f4056, L:/127.0.0.1:56254 - R:localhost/127.0.0.1:54287]' for 'POST' to 'http://localhost:54287/session/9fe7a2f262687c3ea6ebf8c989586b67/element'
01:59:43.953 [Forwarding findElement on session 9fe7a2f262687c3ea6ebf8c989586b67 to remote] DEBUG org.asynchttpclient.netty.request.NettyRequestSender - Using open Channel [id: 0x6f5f4056, L:/127.0.0.1:56254 - R:localhost/127.0.0.1:54287] for POST '/session/9fe7a2f262687c3ea6ebf8c989586b67/element'
01:59:43.963 [AsyncHttpClient-1-16] DEBUG org.asynchttpclient.netty.handler.HttpHandler - 

Request DefaultHttpRequest(decodeResult: success, version: HTTP/1.1)
POST /session/9fe7a2f262687c3ea6ebf8c989586b67/element HTTP/1.1
User-Agent: selenium/4.1.2 (java windows)
Content-Length: 87
Content-Type: application/json; charset=utf-8
host: localhost:54287
accept: */*

Response DefaultHttpResponse(decodeResult: success, version: HTTP/1.1)
HTTP/1.1 200 OK
Content-Type: application/json; charset=utf-8
cache-control: no-cache
content-length: 88

01:59:43.963 [AsyncHttpClient-1-16] DEBUG org.asynchttpclient.netty.channel.ChannelManager - Adding key: http://localhost:54287 for channel [id: 0x6f5f4056, L:/127.0.0.1:56254 - R:localhost/127.0.0.1:54287]
01:59:43.964 [Forwarding clearElement on session 9fe7a2f262687c3ea6ebf8c989586b67 to remote] DEBUG org.asynchttpclient.netty.request.NettyRequestSender - Using pooled Channel '[id: 0x6f5f4056, L:/127.0.0.1:56254 - R:localhost/127.0.0.1:54287]' for 'POST' to 'http://localhost:54287/session/9fe7a2f262687c3ea6ebf8c989586b67/element/1a202e0a-6f92-4049-afd7-86175f017159/clear'
01:59:43.964 [Forwarding clearElement on session 9fe7a2f262687c3ea6ebf8c989586b67 to remote] DEBUG org.asynchttpclient.netty.request.NettyRequestSender - Using open Channel [id: 0x6f5f4056, L:/127.0.0.1:56254 - R:localhost/127.0.0.1:54287] for POST '/session/9fe7a2f262687c3ea6ebf8c989586b67/element/1a202e0a-6f92-4049-afd7-86175f017159/clear'
01:59:43.988 [AsyncHttpClient-1-16] DEBUG org.asynchttpclient.netty.handler.HttpHandler - 

Request DefaultHttpRequest(decodeResult: success, version: HTTP/1.1)
POST /session/9fe7a2f262687c3ea6ebf8c989586b67/element/1a202e0a-6f92-4049-afd7-86175f017159/clear HTTP/1.1
User-Agent: selenium/4.1.2 (java windows)
Content-Length: 50
Content-Type: application/json; charset=utf-8
host: localhost:54287
accept: */*

Response DefaultHttpResponse(decodeResult: success, version: HTTP/1.1)
HTTP/1.1 200 OK
Content-Type: application/json; charset=utf-8
cache-control: no-cache
content-length: 14

01:59:43.988 [AsyncHttpClient-1-16] DEBUG org.asynchttpclient.netty.channel.ChannelManager - Adding key: http://localhost:54287 for channel [id: 0x6f5f4056, L:/127.0.0.1:56254 - R:localhost/127.0.0.1:54287]
01:59:43.990 [Forwarding sendKeysToElement on session 9fe7a2f262687c3ea6ebf8c989586b67 to remote] DEBUG org.asynchttpclient.netty.request.NettyRequestSender - Using pooled Channel '[id: 0x6f5f4056, L:/127.0.0.1:56254 - R:localhost/127.0.0.1:54287]' for 'POST' to 'http://localhost:54287/session/9fe7a2f262687c3ea6ebf8c989586b67/element/1a202e0a-6f92-4049-afd7-86175f017159/value'
01:59:43.990 [Forwarding sendKeysToElement on session 9fe7a2f262687c3ea6ebf8c989586b67 to remote] DEBUG org.asynchttpclient.netty.request.NettyRequestSender - Using open Channel [id: 0x6f5f4056, L:/127.0.0.1:56254 - R:localhost/127.0.0.1:54287] for POST '/session/9fe7a2f262687c3ea6ebf8c989586b67/element/1a202e0a-6f92-4049-afd7-86175f017159/value'
01:59:44.035 [AsyncHttpClient-1-16] DEBUG org.asynchttpclient.netty.handler.HttpHandler - 

Request DefaultHttpRequest(decodeResult: success, version: HTTP/1.1)
POST /session/9fe7a2f262687c3ea6ebf8c989586b67/element/1a202e0a-6f92-4049-afd7-86175f017159/value HTTP/1.1
User-Agent: selenium/4.1.2 (java windows)
Content-Length: 151
Content-Type: application/json; charset=utf-8
host: localhost:54287
accept: */*

Response DefaultHttpResponse(decodeResult: success, version: HTTP/1.1)
HTTP/1.1 200 OK
Content-Type: application/json; charset=utf-8
cache-control: no-cache
content-length: 14

01:59:44.035 [AsyncHttpClient-1-16] DEBUG org.asynchttpclient.netty.channel.ChannelManager - Adding key: http://localhost:54287 for channel [id: 0x6f5f4056, L:/127.0.0.1:56254 - R:localhost/127.0.0.1:54287]
01:59:44.038 [Forwarding screenshot on session 9fe7a2f262687c3ea6ebf8c989586b67 to remote] DEBUG org.asynchttpclient.netty.request.NettyRequestSender - Using pooled Channel '[id: 0x6f5f4056, L:/127.0.0.1:56254 - R:localhost/127.0.0.1:54287]' for 'GET' to 'http://localhost:54287/session/9fe7a2f262687c3ea6ebf8c989586b67/screenshot'
01:59:44.038 [Forwarding screenshot on session 9fe7a2f262687c3ea6ebf8c989586b67 to remote] DEBUG org.asynchttpclient.netty.request.NettyRequestSender - Using open Channel [id: 0x6f5f4056, L:/127.0.0.1:56254 - R:localhost/127.0.0.1:54287] for GET '/session/9fe7a2f262687c3ea6ebf8c989586b67/screenshot'
01:59:44.135 [AsyncHttpClient-1-16] DEBUG org.asynchttpclient.netty.handler.HttpHandler - 

Request DefaultFullHttpRequest(decodeResult: success, version: HTTP/1.1, content: EmptyByteBufBE)
GET /session/9fe7a2f262687c3ea6ebf8c989586b67/screenshot HTTP/1.1
User-Agent: selenium/4.1.2 (java windows)
Cache-Control: no-cache
Content-Type: application/json; charset=utf-8
host: localhost:54287
accept: */*

Response DefaultHttpResponse(decodeResult: success, version: HTTP/1.1)
HTTP/1.1 200 OK
Content-Type: application/json; charset=utf-8
cache-control: no-cache
content-length: 49380

01:59:44.135 [AsyncHttpClient-1-16] DEBUG org.asynchttpclient.netty.channel.ChannelManager - Adding key: http://localhost:54287 for channel [id: 0x6f5f4056, L:/127.0.0.1:56254 - R:localhost/127.0.0.1:54287]
01:59:44.138 [main] DEBUG net.serenitybdd.core.photography.Darkroom - Send negative for processing for target\site\serenity\77fefb10a34e30e1816d29bb922f8976718606ae1fa335ead9f89fdee0b91b20.png
01:59:44.138 [main] DEBUG net.thucydides.core.steps.StepInterceptor - STEP DONE: inputPassword
  &amp#27;[32mAnd &amp#27;[0m&amp#27;[32mI input valid password&amp#27;[0m                             &amp#27;[90m# starter.stepdefinitions.LoginSteps.inputValidPassword()&amp#27;[0m
01:59:44.138 [Darkroom Processing Line] DEBUG net.serenitybdd.core.photography.DarkroomProcessingLine - Processing screenshot image in /var/screenshots/screenshot-12797990573312040269
01:59:44.138 [Darkroom Processing Line] DEBUG net.serenitybdd.core.photography.DarkroomProcessingLine - Saving screenshot to target\site\serenity\77fefb10a34e30e1816d29bb922f8976718606ae1fa335ead9f89fdee0b91b20.png
01:59:44.147 [main] DEBUG net.thucydides.core.steps.StepInterceptor - STARTING STEP: RegisterSteps.clickRegisterButton - clickRegisterButton
01:59:44.148 [Forwarding findElement on session 9fe7a2f262687c3ea6ebf8c989586b67 to remote] DEBUG org.asynchttpclient.netty.request.NettyRequestSender - Using pooled Channel '[id: 0x6f5f4056, L:/127.0.0.1:56254 - R:localhost/127.0.0.1:54287]' for 'POST' to 'http://localhost:54287/session/9fe7a2f262687c3ea6ebf8c989586b67/element'
01:59:44.148 [Forwarding findElement on session 9fe7a2f262687c3ea6ebf8c989586b67 to remote] DEBUG org.asynchttpclient.netty.request.NettyRequestSender - Using open Channel [id: 0x6f5f4056, L:/127.0.0.1:56254 - R:localhost/127.0.0.1:54287] for POST '/session/9fe7a2f262687c3ea6ebf8c989586b67/element'
01:59:44.154 [AsyncHttpClient-1-16] DEBUG org.asynchttpclient.netty.handler.HttpHandler - 

Request DefaultHttpRequest(decodeResult: success, version: HTTP/1.1)
POST /session/9fe7a2f262687c3ea6ebf8c989586b67/element HTTP/1.1
User-Agent: selenium/4.1.2 (java windows)
Content-Length: 155
Content-Type: application/json; charset=utf-8
host: localhost:54287
accept: */*

Response DefaultHttpResponse(decodeResult: success, version: HTTP/1.1)
HTTP/1.1 200 OK
Content-Type: application/json; charset=utf-8
cache-control: no-cache
content-length: 88

01:59:44.154 [AsyncHttpClient-1-16] DEBUG org.asynchttpclient.netty.channel.ChannelManager - Adding key: http://localhost:54287 for channel [id: 0x6f5f4056, L:/127.0.0.1:56254 - R:localhost/127.0.0.1:54287]
01:59:44.155 [Forwarding getElementTagName on session 9fe7a2f262687c3ea6ebf8c989586b67 to remote] DEBUG org.asynchttpclient.netty.request.NettyRequestSender - Using pooled Channel '[id: 0x6f5f4056, L:/127.0.0.1:56254 - R:localhost/127.0.0.1:54287]' for 'GET' to 'http://localhost:54287/session/9fe7a2f262687c3ea6ebf8c989586b67/element/6f43fbf2-8c63-48d6-9de8-2d97108088b9/name'
01:59:44.155 [Forwarding getElementTagName on session 9fe7a2f262687c3ea6ebf8c989586b67 to remote] DEBUG org.asynchttpclient.netty.request.NettyRequestSender - Using open Channel [id: 0x6f5f4056, L:/127.0.0.1:56254 - R:localhost/127.0.0.1:54287] for GET '/session/9fe7a2f262687c3ea6ebf8c989586b67/element/6f43fbf2-8c63-48d6-9de8-2d97108088b9/name'
01:59:44.157 [AsyncHttpClient-1-16] DEBUG org.asynchttpclient.netty.handler.HttpHandler - 

Request DefaultFullHttpRequest(decodeResult: success, version: HTTP/1.1, content: EmptyByteBufBE)
GET /session/9fe7a2f262687c3ea6ebf8c989586b67/element/6f43fbf2-8c63-48d6-9de8-2d97108088b9/name HTTP/1.1
User-Agent: selenium/4.1.2 (java windows)
Cache-Control: no-cache
Content-Type: application/json; charset=utf-8
host: localhost:54287
accept: */*

Response DefaultHttpResponse(decodeResult: success, version: HTTP/1.1)
HTTP/1.1 200 OK
Content-Type: application/json; charset=utf-8
cache-control: no-cache
content-length: 18

01:59:44.157 [AsyncHttpClient-1-16] DEBUG org.asynchttpclient.netty.channel.ChannelManager - Adding key: http://localhost:54287 for channel [id: 0x6f5f4056, L:/127.0.0.1:56254 - R:localhost/127.0.0.1:54287]
01:59:44.158 [Forwarding getElementTagName on session 9fe7a2f262687c3ea6ebf8c989586b67 to remote] DEBUG org.asynchttpclient.netty.request.NettyRequestSender - Using pooled Channel '[id: 0x6f5f4056, L:/127.0.0.1:56254 - R:localhost/127.0.0.1:54287]' for 'GET' to 'http://localhost:54287/session/9fe7a2f262687c3ea6ebf8c989586b67/element/6f43fbf2-8c63-48d6-9de8-2d97108088b9/name'
01:59:44.158 [Forwarding getElementTagName on session 9fe7a2f262687c3ea6ebf8c989586b67 to remote] DEBUG org.asynchttpclient.netty.request.NettyRequestSender - Using open Channel [id: 0x6f5f4056, L:/127.0.0.1:56254 - R:localhost/127.0.0.1:54287] for GET '/session/9fe7a2f262687c3ea6ebf8c989586b67/element/6f43fbf2-8c63-48d6-9de8-2d97108088b9/name'
01:59:44.160 [AsyncHttpClient-1-16] DEBUG org.asynchttpclient.netty.handler.HttpHandler - 

Request DefaultFullHttpRequest(decodeResult: success, version: HTTP/1.1, content: EmptyByteBufBE)
GET /session/9fe7a2f262687c3ea6ebf8c989586b67/element/6f43fbf2-8c63-48d6-9de8-2d97108088b9/name HTTP/1.1
User-Agent: selenium/4.1.2 (java windows)
Cache-Control: no-cache
Content-Type: application/json; charset=utf-8
host: localhost:54287
accept: */*

Response DefaultHttpResponse(decodeResult: success, version: HTTP/1.1)
HTTP/1.1 200 OK
Content-Type: application/json; charset=utf-8
cache-control: no-cache
content-length: 18

01:59:44.160 [AsyncHttpClient-1-16] DEBUG org.asynchttpclient.netty.channel.ChannelManager - Adding key: http://localhost:54287 for channel [id: 0x6f5f4056, L:/127.0.0.1:56254 - R:localhost/127.0.0.1:54287]
01:59:44.161 [Forwarding isElementEnabled on session 9fe7a2f262687c3ea6ebf8c989586b67 to remote] DEBUG org.asynchttpclient.netty.request.NettyRequestSender - Using pooled Channel '[id: 0x6f5f4056, L:/127.0.0.1:56254 - R:localhost/127.0.0.1:54287]' for 'GET' to 'http://localhost:54287/session/9fe7a2f262687c3ea6ebf8c989586b67/element/6f43fbf2-8c63-48d6-9de8-2d97108088b9/enabled'
01:59:44.161 [Forwarding isElementEnabled on session 9fe7a2f262687c3ea6ebf8c989586b67 to remote] DEBUG org.asynchttpclient.netty.request.NettyRequestSender - Using open Channel [id: 0x6f5f4056, L:/127.0.0.1:56254 - R:localhost/127.0.0.1:54287] for GET '/session/9fe7a2f262687c3ea6ebf8c989586b67/element/6f43fbf2-8c63-48d6-9de8-2d97108088b9/enabled'
01:59:44.166 [AsyncHttpClient-1-16] DEBUG org.asynchttpclient.netty.handler.HttpHandler - 

Request DefaultFullHttpRequest(decodeResult: success, version: HTTP/1.1, content: EmptyByteBufBE)
GET /session/9fe7a2f262687c3ea6ebf8c989586b67/element/6f43fbf2-8c63-48d6-9de8-2d97108088b9/enabled HTTP/1.1
User-Agent: selenium/4.1.2 (java windows)
Cache-Control: no-cache
Content-Type: application/json; charset=utf-8
host: localhost:54287
accept: */*

Response DefaultHttpResponse(decodeResult: success, version: HTTP/1.1)
HTTP/1.1 200 OK
Content-Type: application/json; charset=utf-8
cache-control: no-cache
content-length: 14

01:59:44.166 [AsyncHttpClient-1-16] DEBUG org.asynchttpclient.netty.channel.ChannelManager - Adding key: http://localhost:54287 for channel [id: 0x6f5f4056, L:/127.0.0.1:56254 - R:localhost/127.0.0.1:54287]
01:59:44.167 [Forwarding isElementEnabled on session 9fe7a2f262687c3ea6ebf8c989586b67 to remote] DEBUG org.asynchttpclient.netty.request.NettyRequestSender - Using pooled Channel '[id: 0x6f5f4056, L:/127.0.0.1:56254 - R:localhost/127.0.0.1:54287]' for 'GET' to 'http://localhost:54287/session/9fe7a2f262687c3ea6ebf8c989586b67/element/6f43fbf2-8c63-48d6-9de8-2d97108088b9/enabled'
01:59:44.167 [Forwarding isElementEnabled on session 9fe7a2f262687c3ea6ebf8c989586b67 to remote] DEBUG org.asynchttpclient.netty.request.NettyRequestSender - Using open Channel [id: 0x6f5f4056, L:/127.0.0.1:56254 - R:localhost/127.0.0.1:54287] for GET '/session/9fe7a2f262687c3ea6ebf8c989586b67/element/6f43fbf2-8c63-48d6-9de8-2d97108088b9/enabled'
01:59:44.169 [AsyncHttpClient-1-16] DEBUG org.asynchttpclient.netty.handler.HttpHandler - 

Request DefaultFullHttpRequest(decodeResult: success, version: HTTP/1.1, content: EmptyByteBufBE)
GET /session/9fe7a2f262687c3ea6ebf8c989586b67/element/6f43fbf2-8c63-48d6-9de8-2d97108088b9/enabled HTTP/1.1
User-Agent: selenium/4.1.2 (java windows)
Cache-Control: no-cache
Content-Type: application/json; charset=utf-8
host: localhost:54287
accept: */*

Response DefaultHttpResponse(decodeResult: success, version: HTTP/1.1)
HTTP/1.1 200 OK
Content-Type: application/json; charset=utf-8
cache-control: no-cache
content-length: 14

01:59:44.169 [AsyncHttpClient-1-16] DEBUG org.asynchttpclient.netty.channel.ChannelManager - Adding key: http://localhost:54287 for channel [id: 0x6f5f4056, L:/127.0.0.1:56254 - R:localhost/127.0.0.1:54287]
01:59:44.171 [Forwarding findElement on session 9fe7a2f262687c3ea6ebf8c989586b67 to remote] DEBUG org.asynchttpclient.netty.request.NettyRequestSender - Using pooled Channel '[id: 0x6f5f4056, L:/127.0.0.1:56254 - R:localhost/127.0.0.1:54287]' for 'POST' to 'http://localhost:54287/session/9fe7a2f262687c3ea6ebf8c989586b67/element'
01:59:44.171 [Forwarding findElement on session 9fe7a2f262687c3ea6ebf8c989586b67 to remote] DEBUG org.asynchttpclient.netty.request.NettyRequestSender - Using open Channel [id: 0x6f5f4056, L:/127.0.0.1:56254 - R:localhost/127.0.0.1:54287] for POST '/session/9fe7a2f262687c3ea6ebf8c989586b67/element'
01:59:44.175 [AsyncHttpClient-1-16] DEBUG org.asynchttpclient.netty.handler.HttpHandler - 

Request DefaultHttpRequest(decodeResult: success, version: HTTP/1.1)
POST /session/9fe7a2f262687c3ea6ebf8c989586b67/element HTTP/1.1
User-Agent: selenium/4.1.2 (java windows)
Content-Length: 155
Content-Type: application/json; charset=utf-8
host: localhost:54287
accept: */*

Response DefaultHttpResponse(decodeResult: success, version: HTTP/1.1)
HTTP/1.1 200 OK
Content-Type: application/json; charset=utf-8
cache-control: no-cache
content-length: 88

01:59:44.176 [AsyncHttpClient-1-16] DEBUG org.asynchttpclient.netty.channel.ChannelManager - Adding key: http://localhost:54287 for channel [id: 0x6f5f4056, L:/127.0.0.1:56254 - R:localhost/127.0.0.1:54287]
01:59:44.176 [Forwarding clickElement on session 9fe7a2f262687c3ea6ebf8c989586b67 to remote] DEBUG org.asynchttpclient.netty.request.NettyRequestSender - Using pooled Channel '[id: 0x6f5f4056, L:/127.0.0.1:56254 - R:localhost/127.0.0.1:54287]' for 'POST' to 'http://localhost:54287/session/9fe7a2f262687c3ea6ebf8c989586b67/element/6f43fbf2-8c63-48d6-9de8-2d97108088b9/click'
01:59:44.176 [Forwarding clickElement on session 9fe7a2f262687c3ea6ebf8c989586b67 to remote] DEBUG org.asynchttpclient.netty.request.NettyRequestSender - Using open Channel [id: 0x6f5f4056, L:/127.0.0.1:56254 - R:localhost/127.0.0.1:54287] for POST '/session/9fe7a2f262687c3ea6ebf8c989586b67/element/6f43fbf2-8c63-48d6-9de8-2d97108088b9/click'
01:59:44.204 [AsyncHttpClient-1-16] DEBUG org.asynchttpclient.netty.handler.HttpHandler - 

Request DefaultHttpRequest(decodeResult: success, version: HTTP/1.1)
POST /session/9fe7a2f262687c3ea6ebf8c989586b67/element/6f43fbf2-8c63-48d6-9de8-2d97108088b9/click HTTP/1.1
User-Agent: selenium/4.1.2 (java windows)
Content-Length: 50
Content-Type: application/json; charset=utf-8
host: localhost:54287
accept: */*

Response DefaultHttpResponse(decodeResult: success, version: HTTP/1.1)
HTTP/1.1 200 OK
Content-Type: application/json; charset=utf-8
cache-control: no-cache
content-length: 14

01:59:44.204 [AsyncHttpClient-1-16] DEBUG org.asynchttpclient.netty.channel.ChannelManager - Adding key: http://localhost:54287 for channel [id: 0x6f5f4056, L:/127.0.0.1:56254 - R:localhost/127.0.0.1:54287]
01:59:44.208 [Forwarding screenshot on session 9fe7a2f262687c3ea6ebf8c989586b67 to remote] DEBUG org.asynchttpclient.netty.request.NettyRequestSender - Using pooled Channel '[id: 0x6f5f4056, L:/127.0.0.1:56254 - R:localhost/127.0.0.1:54287]' for 'GET' to 'http://localhost:54287/session/9fe7a2f262687c3ea6ebf8c989586b67/screenshot'
01:59:44.208 [Forwarding screenshot on session 9fe7a2f262687c3ea6ebf8c989586b67 to remote] DEBUG org.asynchttpclient.netty.request.NettyRequestSender - Using open Channel [id: 0x6f5f4056, L:/127.0.0.1:56254 - R:localhost/127.0.0.1:54287] for GET '/session/9fe7a2f262687c3ea6ebf8c989586b67/screenshot'
01:59:44.304 [AsyncHttpClient-1-16] DEBUG org.asynchttpclient.netty.handler.HttpHandler - 

Request DefaultFullHttpRequest(decodeResult: success, version: HTTP/1.1, content: EmptyByteBufBE)
GET /session/9fe7a2f262687c3ea6ebf8c989586b67/screenshot HTTP/1.1
User-Agent: selenium/4.1.2 (java windows)
Cache-Control: no-cache
Content-Type: application/json; charset=utf-8
host: localhost:54287
accept: */*

Response DefaultHttpResponse(decodeResult: success, version: HTTP/1.1)
HTTP/1.1 200 OK
Content-Type: application/json; charset=utf-8
cache-control: no-cache
content-length: 48584

01:59:44.304 [AsyncHttpClient-1-16] DEBUG org.asynchttpclient.netty.channel.ChannelManager - Adding key: http://localhost:54287 for channel [id: 0x6f5f4056, L:/127.0.0.1:56254 - R:localhost/127.0.0.1:54287]
01:59:44.305 [main] DEBUG net.serenitybdd.core.photography.Darkroom - Send negative for processing for target\site\serenity\dd15210371569f1477331c871a1c3c76f820fbad4f673784cefd6787e13a8742.png
01:59:44.305 [main] DEBUG net.thucydides.core.steps.StepInterceptor - STEP DONE: clickRegisterButton
  &amp#27;[32mAnd &amp#27;[0m&amp#27;[32mI click on register button&amp#27;[0m                         &amp#27;[90m# starter.stepdefinitions.RegisterSteps.clickRegisterButton()&amp#27;[0m
01:59:44.306 [Darkroom Processing Line] DEBUG net.serenitybdd.core.photography.DarkroomProcessingLine - Processing screenshot image in /var/screenshots/screenshot-12746236158281432318
01:59:44.306 [Darkroom Processing Line] DEBUG net.serenitybdd.core.photography.DarkroomProcessingLine - Saving screenshot to target\site\serenity\dd15210371569f1477331c871a1c3c76f820fbad4f673784cefd6787e13a8742.png
01:59:44.312 [main] DEBUG net.thucydides.core.steps.StepInterceptor - STARTING STEP: RegisterSteps.stillOnTheRegisterPage - registerPage
01:59:44.313 [Forwarding get on session 9fe7a2f262687c3ea6ebf8c989586b67 to remote] DEBUG org.asynchttpclient.netty.request.NettyRequestSender - Using pooled Channel '[id: 0x6f5f4056, L:/127.0.0.1:56254 - R:localhost/127.0.0.1:54287]' for 'POST' to 'http://localhost:54287/session/9fe7a2f262687c3ea6ebf8c989586b67/url'
01:59:44.313 [Forwarding get on session 9fe7a2f262687c3ea6ebf8c989586b67 to remote] DEBUG org.asynchttpclient.netty.request.NettyRequestSender - Using open Channel [id: 0x6f5f4056, L:/127.0.0.1:56254 - R:localhost/127.0.0.1:54287] for POST '/session/9fe7a2f262687c3ea6ebf8c989586b67/url'
01:59:44.420 [AsyncHttpClient-1-16] DEBUG org.asynchttpclient.netty.handler.HttpHandler - 

Request DefaultHttpRequest(decodeResult: success, version: HTTP/1.1)
POST /session/9fe7a2f262687c3ea6ebf8c989586b67/url HTTP/1.1
User-Agent: selenium/4.1.2 (java windows)
Content-Length: 67
Content-Type: application/json; charset=utf-8
host: localhost:54287
accept: */*

Response DefaultHttpResponse(decodeResult: success, version: HTTP/1.1)
HTTP/1.1 200 OK
Content-Type: application/json; charset=utf-8
cache-control: no-cache
content-length: 14

01:59:44.420 [AsyncHttpClient-1-16] DEBUG org.asynchttpclient.netty.channel.ChannelManager - Adding key: http://localhost:54287 for channel [id: 0x6f5f4056, L:/127.0.0.1:56254 - R:localhost/127.0.0.1:54287]
01:59:44.423 [Forwarding getCurrentUrl on session 9fe7a2f262687c3ea6ebf8c989586b67 to remote] DEBUG org.asynchttpclient.netty.request.NettyRequestSender - Using pooled Channel '[id: 0x6f5f4056, L:/127.0.0.1:56254 - R:localhost/127.0.0.1:54287]' for 'GET' to 'http://localhost:54287/session/9fe7a2f262687c3ea6ebf8c989586b67/url'
01:59:44.423 [Forwarding getCurrentUrl on session 9fe7a2f262687c3ea6ebf8c989586b67 to remote] DEBUG org.asynchttpclient.netty.request.NettyRequestSender - Using open Channel [id: 0x6f5f4056, L:/127.0.0.1:56254 - R:localhost/127.0.0.1:54287] for GET '/session/9fe7a2f262687c3ea6ebf8c989586b67/url'
01:59:44.425 [AsyncHttpClient-1-16] DEBUG org.asynchttpclient.netty.handler.HttpHandler - 

Request DefaultFullHttpRequest(decodeResult: success, version: HTTP/1.1, content: EmptyByteBufBE)
GET /session/9fe7a2f262687c3ea6ebf8c989586b67/url HTTP/1.1
User-Agent: selenium/4.1.2 (java windows)
Cache-Control: no-cache
Content-Type: application/json; charset=utf-8
host: localhost:54287
accept: */*

Response DefaultHttpResponse(decodeResult: success, version: HTTP/1.1)
HTTP/1.1 200 OK
Content-Type: application/json; charset=utf-8
cache-control: no-cache
content-length: 44

01:59:44.425 [AsyncHttpClient-1-16] DEBUG org.asynchttpclient.netty.channel.ChannelManager - Adding key: http://localhost:54287 for channel [id: 0x6f5f4056, L:/127.0.0.1:56254 - R:localhost/127.0.0.1:54287]
01:59:44.427 [Forwarding screenshot on session 9fe7a2f262687c3ea6ebf8c989586b67 to remote] DEBUG org.asynchttpclient.netty.request.NettyRequestSender - Using pooled Channel '[id: 0x6f5f4056, L:/127.0.0.1:56254 - R:localhost/127.0.0.1:54287]' for 'GET' to 'http://localhost:54287/session/9fe7a2f262687c3ea6ebf8c989586b67/screenshot'
01:59:44.427 [Forwarding screenshot on session 9fe7a2f262687c3ea6ebf8c989586b67 to remote] DEBUG org.asynchttpclient.netty.request.NettyRequestSender - Using open Channel [id: 0x6f5f4056, L:/127.0.0.1:56254 - R:localhost/127.0.0.1:54287] for GET '/session/9fe7a2f262687c3ea6ebf8c989586b67/screenshot'
01:59:44.492 [AsyncHttpClient-1-16] DEBUG org.asynchttpclient.netty.handler.HttpHandler - 

Request DefaultFullHttpRequest(decodeResult: success, version: HTTP/1.1, content: EmptyByteBufBE)
GET /session/9fe7a2f262687c3ea6ebf8c989586b67/screenshot HTTP/1.1
User-Agent: selenium/4.1.2 (java windows)
Cache-Control: no-cache
Content-Type: application/json; charset=utf-8
host: localhost:54287
accept: */*

Response DefaultHttpResponse(decodeResult: success, version: HTTP/1.1)
HTTP/1.1 200 OK
Content-Type: application/json; charset=utf-8
cache-control: no-cache
content-length: 37576

01:59:44.492 [AsyncHttpClient-1-16] DEBUG org.asynchttpclient.netty.channel.ChannelManager - Adding key: http://localhost:54287 for channel [id: 0x6f5f4056, L:/127.0.0.1:56254 - R:localhost/127.0.0.1:54287]
01:59:44.495 [main] DEBUG net.serenitybdd.core.photography.Darkroom - Send negative for processing for target\site\serenity\a7ccf41b77a9a7a591db44ebecd123572974338bd60237eef6c71f2062964664.png
01:59:44.495 [main] DEBUG net.thucydides.core.steps.StepInterceptor - STEP DONE: registerPage
01:59:44.498 [main] DEBUG net.thucydides.core.steps.StepInterceptor - STARTING STEP: RegisterSteps.stillOnTheRegisterPage - validateStillOnRegisterPage
01:59:44.498 [Forwarding findElement on session 9fe7a2f262687c3ea6ebf8c989586b67 to remote] DEBUG org.asynchttpclient.netty.request.NettyRequestSender - Using pooled Channel '[id: 0x6f5f4056, L:/127.0.0.1:56254 - R:localhost/127.0.0.1:54287]' for 'POST' to 'http://localhost:54287/session/9fe7a2f262687c3ea6ebf8c989586b67/element'
01:59:44.498 [Forwarding findElement on session 9fe7a2f262687c3ea6ebf8c989586b67 to remote] DEBUG org.asynchttpclient.netty.request.NettyRequestSender - Using open Channel [id: 0x6f5f4056, L:/127.0.0.1:56254 - R:localhost/127.0.0.1:54287] for POST '/session/9fe7a2f262687c3ea6ebf8c989586b67/element'
01:59:44.502 [AsyncHttpClient-1-16] DEBUG org.asynchttpclient.netty.handler.HttpHandler - 

Request DefaultHttpRequest(decodeResult: success, version: HTTP/1.1)
POST /session/9fe7a2f262687c3ea6ebf8c989586b67/element HTTP/1.1
User-Agent: selenium/4.1.2 (java windows)
Content-Length: 155
Content-Type: application/json; charset=utf-8
host: localhost:54287
accept: */*

Response DefaultHttpResponse(decodeResult: success, version: HTTP/1.1)
HTTP/1.1 200 OK
Content-Type: application/json; charset=utf-8
cache-control: no-cache
content-length: 88

01:59:44.502 [AsyncHttpClient-1-16] DEBUG org.asynchttpclient.netty.channel.ChannelManager - Adding key: http://localhost:54287 for channel [id: 0x6f5f4056, L:/127.0.0.1:56254 - R:localhost/127.0.0.1:54287]
01:59:44.504 [Forwarding isElementDisplayed on session 9fe7a2f262687c3ea6ebf8c989586b67 to remote] DEBUG org.asynchttpclient.netty.request.NettyRequestSender - Using pooled Channel '[id: 0x6f5f4056, L:/127.0.0.1:56254 - R:localhost/127.0.0.1:54287]' for 'POST' to 'http://localhost:54287/session/9fe7a2f262687c3ea6ebf8c989586b67/execute/sync'
01:59:44.504 [Forwarding isElementDisplayed on session 9fe7a2f262687c3ea6ebf8c989586b67 to remote] DEBUG org.asynchttpclient.netty.request.NettyRequestSender - Using open Channel [id: 0x6f5f4056, L:/127.0.0.1:56254 - R:localhost/127.0.0.1:54287] for POST '/session/9fe7a2f262687c3ea6ebf8c989586b67/execute/sync'
01:59:44.512 [AsyncHttpClient-1-16] DEBUG org.asynchttpclient.netty.handler.HttpHandler - 

Request DefaultHttpRequest(decodeResult: success, version: HTTP/1.1)
POST /session/9fe7a2f262687c3ea6ebf8c989586b67/execute/sync HTTP/1.1
User-Agent: selenium/4.1.2 (java windows)
Content-Length: 48780
Content-Type: application/json; charset=utf-8
host: localhost:54287
accept: */*

Response DefaultHttpResponse(decodeResult: success, version: HTTP/1.1)
HTTP/1.1 200 OK
Content-Type: application/json; charset=utf-8
cache-control: no-cache
content-length: 14

01:59:44.513 [AsyncHttpClient-1-16] DEBUG org.asynchttpclient.netty.channel.ChannelManager - Adding key: http://localhost:54287 for channel [id: 0x6f5f4056, L:/127.0.0.1:56254 - R:localhost/127.0.0.1:54287]
01:59:44.514 [main] DEBUG net.thucydides.core.steps.StepInterceptor - STEP DONE: validateStillOnRegisterPage
  &amp#27;[32mThen &amp#27;[0m&amp#27;[32mI am still on the register page&amp#27;[0m                   &amp#27;[90m# starter.stepdefinitions.RegisterSteps.stillOnTheRegisterPage()&amp#27;[0m
01:59:44.517 [main] INFO  - 
  _____   ___   ___   _____     ___     _     ___   ___   ___   ___  
 |_   _| | __| / __| |_   _|   | _ \   /_\   / __| / __| | __| |   \ 
   | |   | _|  \__ \   | |     |  _/  / _ \  \__ \ \__ \ | _|  | |) |
   |_|   |___| |___/   |_|     |_|   /_/ \_\ |___/ |___/ |___| |___/ 

register with an email that already registered
----------------------------------------------------------------------
01:59:44.517 [AsyncHttpClient-1-2] DEBUG org.asynchttpclient.netty.handler.WebSocketHandler - Channel Closed: [id: 0xd0a5dcee, L:/127.0.0.1:56264 ! R:localhost/127.0.0.1:56255] with attribute NettyResponseFuture{currentRetry=5,
	isDone=1,
	isCancelled=0,
	asyncHandler=org.asynchttpclient.ws.WebSocketUpgradeHandler@fd15a24,
	nettyRequest=org.asynchttpclient.netty.request.NettyRequest@17c87813,
	future=java.util.concurrent.CompletableFuture@431e23f5[Completed normally],
	uri=ws://localhost:56255/devtools/browser/3fd2c57e-7f76-4869-ad5b-cad7cdc22eab,
	keepAlive=true,
	redirectCount=0,
	timeoutsHolder=null,
	inAuth=0,
	touch=1652554781659}
01:59:44.517 [AsyncHttpClient-1-2] DEBUG org.asynchttpclient.netty.channel.ChannelManager - Closing Channel [id: 0xd0a5dcee, L:/127.0.0.1:56264 ! R:localhost/127.0.0.1:56255] 
01:59:44.517 [Driver Command Executor] DEBUG org.asynchttpclient.netty.request.NettyRequestSender - Using pooled Channel '[id: 0x6f5f4056, L:/127.0.0.1:56254 - R:localhost/127.0.0.1:54287]' for 'DELETE' to 'http://localhost:54287/session/9fe7a2f262687c3ea6ebf8c989586b67'
01:59:44.517 [Driver Command Executor] DEBUG org.asynchttpclient.netty.request.NettyRequestSender - Using open Channel [id: 0x6f5f4056, L:/127.0.0.1:56254 - R:localhost/127.0.0.1:54287] for DELETE '/session/9fe7a2f262687c3ea6ebf8c989586b67'
01:59:44.557 [AsyncHttpClient-1-17] DEBUG org.asynchttpclient.netty.handler.HttpHandler - Unexpected I/O exception on channel [id: 0x31bfd75b, L:/127.0.0.1:56263 - R:localhost/127.0.0.1:56255]
java.io.IOException: An existing connection was forcibly closed by the remote host
	at java.base/sun.nio.ch.SocketDispatcher.read0(Native Method)
	at java.base/sun.nio.ch.SocketDispatcher.read(SocketDispatcher.java:43)
	at java.base/sun.nio.ch.IOUtil.readIntoNativeBuffer(IOUtil.java:276)
	at java.base/sun.nio.ch.IOUtil.read(IOUtil.java:233)
	at java.base/sun.nio.ch.IOUtil.read(IOUtil.java:223)
	at java.base/sun.nio.ch.SocketChannelImpl.read(SocketChannelImpl.java:358)
	at io.netty.buffer.PooledByteBuf.setBytes(PooledByteBuf.java:258)
	at io.netty.buffer.AbstractByteBuf.writeBytes(AbstractByteBuf.java:1132)
	at io.netty.channel.socket.nio.NioSocketChannel.doReadBytes(NioSocketChannel.java:350)
	at io.netty.channel.nio.AbstractNioByteChannel$NioByteUnsafe.read(AbstractNioByteChannel.java:151)
	at io.netty.channel.nio.NioEventLoop.processSelectedKey(NioEventLoop.java:722)
	at io.netty.channel.nio.NioEventLoop.processSelectedKeysOptimized(NioEventLoop.java:658)
	at io.netty.channel.nio.NioEventLoop.processSelectedKeys(NioEventLoop.java:584)
	at io.netty.channel.nio.NioEventLoop.run(NioEventLoop.java:496)
	at io.netty.util.concurrent.SingleThreadEventExecutor$4.run(SingleThreadEventExecutor.java:986)
	at io.netty.util.internal.ThreadExecutorMap$2.run(ThreadExecutorMap.java:74)
	at io.netty.util.concurrent.FastThreadLocalRunnable.run(FastThreadLocalRunnable.java:30)
	at java.base/java.lang.Thread.run(Thread.java:834)
01:59:44.557 [AsyncHttpClient-1-17] DEBUG org.asynchttpclient.netty.channel.ChannelManager - Closing Channel [id: 0x31bfd75b, L:/127.0.0.1:56263 - R:localhost/127.0.0.1:56255] 
01:59:44.557 [AsyncHttpClient-1-17] DEBUG org.asynchttpclient.netty.handler.HttpHandler - Channel Closed: [id: 0x31bfd75b, L:/127.0.0.1:56263 ! R:localhost/127.0.0.1:56255] with attribute DISCARD
01:59:44.568 [AsyncHttpClient-1-16] DEBUG org.asynchttpclient.netty.handler.HttpHandler - 

Request DefaultFullHttpRequest(decodeResult: success, version: HTTP/1.1, content: EmptyByteBufBE)
DELETE /session/9fe7a2f262687c3ea6ebf8c989586b67 HTTP/1.1
User-Agent: selenium/4.1.2 (java windows)
Content-Type: application/json; charset=utf-8
host: localhost:54287
accept: */*

Response DefaultHttpResponse(decodeResult: success, version: HTTP/1.1)
HTTP/1.1 200 OK
Content-Type: application/json; charset=utf-8
cache-control: no-cache
content-length: 14

01:59:44.568 [AsyncHttpClient-1-16] DEBUG org.asynchttpclient.netty.channel.ChannelManager - Adding key: http://localhost:54287 for channel [id: 0x6f5f4056, L:/127.0.0.1:56254 - R:localhost/127.0.0.1:54287]
01:59:44.621 [AsyncHttpClient-1-16] DEBUG org.asynchttpclient.netty.handler.HttpHandler - Channel Closed: [id: 0x6f5f4056, L:/127.0.0.1:56254 ! R:localhost/127.0.0.1:54287] with attribute DISCARD
01:59:44.761 [AsyncHttpClient-1-1] DEBUG org.asynchttpclient.netty.channel.DefaultChannelPool - Entry count for : http://localhost:54287 : 1
01:59:44.761 [AsyncHttpClient-1-1] DEBUG org.asynchttpclient.netty.channel.DefaultChannelPool - Entry count for : http://localhost:56255 : 1
01:59:44.761 [AsyncHttpClient-1-1] DEBUG org.asynchttpclient.netty.channel.DefaultChannelPool - Adding Candidate expired Channel [id: 0x6f5f4056, L:/127.0.0.1:56254 ! R:localhost/127.0.0.1:54287] isIdleTimeoutExpired=false isRemotelyClosed=true isTtlExpired=false
01:59:44.761 [AsyncHttpClient-1-1] DEBUG org.asynchttpclient.netty.channel.DefaultChannelPool - Closing Idle Channel [id: 0x6f5f4056, L:/127.0.0.1:56254 ! R:localhost/127.0.0.1:54287]
01:59:44.761 [AsyncHttpClient-1-1] DEBUG org.asynchttpclient.netty.channel.DefaultChannelPool - Adding Candidate expired Channel [id: 0x31bfd75b, L:/127.0.0.1:56263 ! R:localhost/127.0.0.1:56255] isIdleTimeoutExpired=false isRemotelyClosed=true isTtlExpired=false
01:59:44.761 [AsyncHttpClient-1-1] DEBUG org.asynchttpclient.netty.channel.DefaultChannelPool - Closing Idle Channel [id: 0x31bfd75b, L:/127.0.0.1:56263 ! R:localhost/127.0.0.1:56255]
01:59:44.761 [AsyncHttpClient-1-1] DEBUG org.asynchttpclient.netty.channel.DefaultChannelPool - Closed 2 connections out of 2 in 0 ms
]]></system-out>
    <system-err><![CDATA[Starting ChromeDriver 101.0.4951.41 (93c720db8323b3ec10d056025ab95c23a31997c9-refs/branch-heads/4951@{#904}) on port 54287
Only local connections are allowed.
Please see https://chromedriver.chromium.org/security-considerations for suggestions on keeping ChromeDriver safe.
ChromeDriver was started successfully.
May 15, 2022 1:59:41 AM org.openqa.selenium.remote.ProtocolHandshake createSession
INFO: Detected dialect: W3C
May 15, 2022 1:59:41 AM org.openqa.selenium.devtools.CdpVersionFinder findNearestMatch
WARNING: Unable to find an exact match for CDP version 101, so returning the closest version found: 97
May 15, 2022 1:59:41 AM org.openqa.selenium.devtools.CdpVersionFinder findNearestMatch
INFO: Found CDP implementation for version 101 of 97
]]></system-err>
  </testcase>
  <testcase name="register with a full name that already registered" classname="Register" time="4.229">
    <system-out><![CDATA[
Scenario: register with a full name that already registered &amp#27;[90m# src/test/resources/features/Register.feature:20&amp#27;[0m
01:59:45.151 [main] INFO io.cucumber.core.plugin.SerenityReporter - Running feature from file:///D:/Intern/MSIB%20Alterra/alterra-mini-project/Serenity%20UI%20Test/src/test/resources/features/Register.feature
01:59:45.152 [main] INFO  - 
  _____   ___   ___   _____     ___   _____     _     ___   _____   ___   ___  
 |_   _| | __| / __| |_   _|   / __| |_   _|   /_\   | _ \ |_   _| | __| |   \ 
   | |   | _|  \__ \   | |     \__ \   | |    / _ \  |   /   | |   | _|  | |) |
   |_|   |___| |___/   |_|     |___/   |_|   /_/ \_\ |_|_\   |_|   |___| |___/ 

register with a full name that already registered(register;register-with-a-full-name-that-already-registered)
--------------------------------------------------------------------------------
01:59:45.168 [main] DEBUG net.thucydides.core.steps.StepInterceptor - STARTING STEP: RegisterSteps.onTheRegisterPage - registerPage
01:59:45.168 [main] INFO net.serenitybdd.core.webdriver.driverproviders.ChromeDriverProvider - Using automatically driver download
01:59:45.235 [main] DEBUG io.github.bonigarcia.wdm.cache.ResolutionCache - Resolution chrome=101 in cache (valid until 02:58:38 15/05/2022 ICT)
01:59:45.237 [main] DEBUG io.github.bonigarcia.wdm.cache.ResolutionCache - Resolution chrome101=101.0.4951.41 in cache (valid until 14:15:13 15/05/2022 ICT)
01:59:45.238 [main] INFO io.github.bonigarcia.wdm.WebDriverManager - Using chromedriver 101.0.4951.41 (resolved driver for Chrome 101)
01:59:45.243 [main] DEBUG io.github.bonigarcia.wdm.WebDriverManager - Driver chromedriver 101.0.4951.41 found in cache
01:59:45.243 [main] INFO io.github.bonigarcia.wdm.WebDriverManager - Exporting webdriver.chrome.driver as C:\Users\saral\.cache\selenium\chromedriver\win32\101.0.4951.41\chromedriver.exe
01:59:45.304 [main] DEBUG net.serenitybdd.core.webdriver.driverproviders.ProvideNewDriver - Instantiating driver
01:59:45.304 [main] DEBUG net.serenitybdd.core.webdriver.driverproviders.ProvideNewDriver - Driver capabilities: Capabilities {acceptInsecureCerts: false, base.url: https://qa.alta.id/, browserName: chrome, chrome.driver: src/main/resources/webdrive..., driver: chrome, goog:chromeOptions: {args: [], extensions: []}}
01:59:45.832 [AsyncHttpClient-1-3] DEBUG org.asynchttpclient.netty.channel.NettyConnectListener - Using new Channel '[id: 0xe8528128, L:/127.0.0.1:56283 - R:localhost/127.0.0.1:64575]' for 'POST' to '/session'
01:59:46.379 [AsyncHttpClient-1-3] DEBUG org.asynchttpclient.netty.handler.HttpHandler - 

Request DefaultHttpRequest(decodeResult: success, version: HTTP/1.1)
POST /session HTTP/1.1
User-Agent: selenium/4.1.2 (java windows)
Content-Length: 605
Content-Type: application/json; charset=utf-8
host: localhost:64575
accept: */*

Response DefaultHttpResponse(decodeResult: success, version: HTTP/1.1)
HTTP/1.1 200 OK
Content-Type: application/json; charset=utf-8
cache-control: no-cache
content-length: 789

01:59:46.379 [AsyncHttpClient-1-3] DEBUG org.asynchttpclient.netty.channel.ChannelManager - Adding key: http://localhost:64575 for channel [id: 0xe8528128, L:/127.0.0.1:56283 - R:localhost/127.0.0.1:64575]
01:59:46.383 [AsyncHttpClient-1-4] DEBUG org.asynchttpclient.netty.channel.NettyConnectListener - Using new Channel '[id: 0x80b5a4aa, L:/127.0.0.1:56291 - R:localhost/127.0.0.1:56284]' for 'GET' to '/json/version'
01:59:46.384 [AsyncHttpClient-1-4] DEBUG org.asynchttpclient.netty.handler.HttpHandler - 

Request DefaultFullHttpRequest(decodeResult: success, version: HTTP/1.1, content: EmptyByteBufBE)
GET /json/version HTTP/1.1
User-Agent: selenium/4.1.2 (java windows)
host: localhost:56284
accept: */*

Response DefaultHttpResponse(decodeResult: success, version: HTTP/1.1)
HTTP/1.1 200 OK
Content-Type: application/json; charset=UTF-8
content-length: 427

01:59:46.384 [AsyncHttpClient-1-4] DEBUG org.asynchttpclient.netty.channel.ChannelManager - Adding key: http://localhost:56284 for channel [id: 0x80b5a4aa, L:/127.0.0.1:56291 - R:localhost/127.0.0.1:56284]
01:59:46.385 [AsyncHttpClient-1-5] DEBUG org.asynchttpclient.netty.channel.NettyConnectListener - Using new Channel '[id: 0x25926449, L:/127.0.0.1:56292 - R:localhost/127.0.0.1:56284]' for 'GET' to '/devtools/browser/0f7c03fd-60b0-4774-ae02-38fa8a0144d5'
01:59:46.386 [AsyncHttpClient-1-5] DEBUG org.asynchttpclient.netty.handler.WebSocketHandler - 

Request DefaultFullHttpRequest(decodeResult: success, version: HTTP/1.1, content: EmptyByteBufBE)
GET /devtools/browser/0f7c03fd-60b0-4774-ae02-38fa8a0144d5 HTTP/1.1
upgrade: websocket
connection: upgrade
sec-websocket-key: RA0PV108NcFcUomPcLYHOw==
sec-websocket-version: 13
origin: http://localhost:56284
host: localhost:56284
accept: */*
user-agent: AHC/2.1

Response DefaultHttpResponse(decodeResult: success, version: HTTP/1.1)
HTTP/1.1 101 WebSocket Protocol Handshake
Upgrade: WebSocket
Connection: Upgrade
Sec-WebSocket-Accept: BO+msS3uj/hHbcOQR1WZaLvsA20=

01:59:46.389 [Forwarding get on session 85688a27109d66674fb0650a5040024f to remote] DEBUG org.asynchttpclient.netty.request.NettyRequestSender - Using pooled Channel '[id: 0xe8528128, L:/127.0.0.1:56283 - R:localhost/127.0.0.1:64575]' for 'POST' to 'http://localhost:64575/session/85688a27109d66674fb0650a5040024f/url'
01:59:46.389 [Forwarding get on session 85688a27109d66674fb0650a5040024f to remote] DEBUG org.asynchttpclient.netty.request.NettyRequestSender - Using open Channel [id: 0xe8528128, L:/127.0.0.1:56283 - R:localhost/127.0.0.1:64575] for POST '/session/85688a27109d66674fb0650a5040024f/url'
01:59:46.962 [AsyncHttpClient-1-1] DEBUG org.asynchttpclient.netty.channel.DefaultChannelPool - Entry count for : http://localhost:56284 : 1
01:59:47.641 [AsyncHttpClient-1-3] DEBUG org.asynchttpclient.netty.handler.HttpHandler - 

Request DefaultHttpRequest(decodeResult: success, version: HTTP/1.1)
POST /session/85688a27109d66674fb0650a5040024f/url HTTP/1.1
User-Agent: selenium/4.1.2 (java windows)
Content-Length: 67
Content-Type: application/json; charset=utf-8
host: localhost:64575
accept: */*

Response DefaultHttpResponse(decodeResult: success, version: HTTP/1.1)
HTTP/1.1 200 OK
Content-Type: application/json; charset=utf-8
cache-control: no-cache
content-length: 14

01:59:47.642 [AsyncHttpClient-1-3] DEBUG org.asynchttpclient.netty.channel.ChannelManager - Adding key: http://localhost:64575 for channel [id: 0xe8528128, L:/127.0.0.1:56283 - R:localhost/127.0.0.1:64575]
01:59:47.642 [Forwarding setTimeout on session 85688a27109d66674fb0650a5040024f to remote] DEBUG org.asynchttpclient.netty.request.NettyRequestSender - Using pooled Channel '[id: 0xe8528128, L:/127.0.0.1:56283 - R:localhost/127.0.0.1:64575]' for 'POST' to 'http://localhost:64575/session/85688a27109d66674fb0650a5040024f/timeouts'
01:59:47.642 [Forwarding setTimeout on session 85688a27109d66674fb0650a5040024f to remote] DEBUG org.asynchttpclient.netty.request.NettyRequestSender - Using open Channel [id: 0xe8528128, L:/127.0.0.1:56283 - R:localhost/127.0.0.1:64575] for POST '/session/85688a27109d66674fb0650a5040024f/timeouts'
01:59:47.643 [AsyncHttpClient-1-3] DEBUG org.asynchttpclient.netty.handler.HttpHandler - 

Request DefaultHttpRequest(decodeResult: success, version: HTTP/1.1)
POST /session/85688a27109d66674fb0650a5040024f/timeouts HTTP/1.1
User-Agent: selenium/4.1.2 (java windows)
Content-Length: 22
Content-Type: application/json; charset=utf-8
host: localhost:64575
accept: */*

Response DefaultHttpResponse(decodeResult: success, version: HTTP/1.1)
HTTP/1.1 200 OK
Content-Type: application/json; charset=utf-8
cache-control: no-cache
content-length: 14

01:59:47.643 [AsyncHttpClient-1-3] DEBUG org.asynchttpclient.netty.channel.ChannelManager - Adding key: http://localhost:64575 for channel [id: 0xe8528128, L:/127.0.0.1:56283 - R:localhost/127.0.0.1:64575]
01:59:47.643 [Forwarding getCurrentUrl on session 85688a27109d66674fb0650a5040024f to remote] DEBUG org.asynchttpclient.netty.request.NettyRequestSender - Using pooled Channel '[id: 0xe8528128, L:/127.0.0.1:56283 - R:localhost/127.0.0.1:64575]' for 'GET' to 'http://localhost:64575/session/85688a27109d66674fb0650a5040024f/url'
01:59:47.643 [Forwarding getCurrentUrl on session 85688a27109d66674fb0650a5040024f to remote] DEBUG org.asynchttpclient.netty.request.NettyRequestSender - Using open Channel [id: 0xe8528128, L:/127.0.0.1:56283 - R:localhost/127.0.0.1:64575] for GET '/session/85688a27109d66674fb0650a5040024f/url'
01:59:47.647 [AsyncHttpClient-1-3] DEBUG org.asynchttpclient.netty.handler.HttpHandler - 

Request DefaultFullHttpRequest(decodeResult: success, version: HTTP/1.1, content: EmptyByteBufBE)
GET /session/85688a27109d66674fb0650a5040024f/url HTTP/1.1
User-Agent: selenium/4.1.2 (java windows)
Cache-Control: no-cache
Content-Type: application/json; charset=utf-8
host: localhost:64575
accept: */*

Response DefaultHttpResponse(decodeResult: success, version: HTTP/1.1)
HTTP/1.1 200 OK
Content-Type: application/json; charset=utf-8
cache-control: no-cache
content-length: 44

01:59:47.647 [AsyncHttpClient-1-3] DEBUG org.asynchttpclient.netty.channel.ChannelManager - Adding key: http://localhost:64575 for channel [id: 0xe8528128, L:/127.0.0.1:56283 - R:localhost/127.0.0.1:64575]
01:59:47.649 [Forwarding screenshot on session 85688a27109d66674fb0650a5040024f to remote] DEBUG org.asynchttpclient.netty.request.NettyRequestSender - Using pooled Channel '[id: 0xe8528128, L:/127.0.0.1:56283 - R:localhost/127.0.0.1:64575]' for 'GET' to 'http://localhost:64575/session/85688a27109d66674fb0650a5040024f/screenshot'
01:59:47.649 [Forwarding screenshot on session 85688a27109d66674fb0650a5040024f to remote] DEBUG org.asynchttpclient.netty.request.NettyRequestSender - Using open Channel [id: 0xe8528128, L:/127.0.0.1:56283 - R:localhost/127.0.0.1:64575] for GET '/session/85688a27109d66674fb0650a5040024f/screenshot'
01:59:47.718 [AsyncHttpClient-1-3] DEBUG org.asynchttpclient.netty.handler.HttpHandler - 

Request DefaultFullHttpRequest(decodeResult: success, version: HTTP/1.1, content: EmptyByteBufBE)
GET /session/85688a27109d66674fb0650a5040024f/screenshot HTTP/1.1
User-Agent: selenium/4.1.2 (java windows)
Cache-Control: no-cache
Content-Type: application/json; charset=utf-8
host: localhost:64575
accept: */*

Response DefaultHttpResponse(decodeResult: success, version: HTTP/1.1)
HTTP/1.1 200 OK
Content-Type: application/json; charset=utf-8
cache-control: no-cache
content-length: 37576

01:59:47.718 [AsyncHttpClient-1-3] DEBUG org.asynchttpclient.netty.channel.ChannelManager - Adding key: http://localhost:64575 for channel [id: 0xe8528128, L:/127.0.0.1:56283 - R:localhost/127.0.0.1:64575]
01:59:47.719 [main] DEBUG net.serenitybdd.core.photography.Darkroom - Send negative for processing for target\site\serenity\a7ccf41b77a9a7a591db44ebecd123572974338bd60237eef6c71f2062964664.png
01:59:47.719 [main] DEBUG net.thucydides.core.steps.StepInterceptor - STEP DONE: registerPage
01:59:47.721 [main] DEBUG net.thucydides.core.steps.StepInterceptor - STARTING STEP: RegisterSteps.onTheRegisterPage - validateOnRegisterPage
01:59:47.722 [Forwarding findElement on session 85688a27109d66674fb0650a5040024f to remote] DEBUG org.asynchttpclient.netty.request.NettyRequestSender - Using pooled Channel '[id: 0xe8528128, L:/127.0.0.1:56283 - R:localhost/127.0.0.1:64575]' for 'POST' to 'http://localhost:64575/session/85688a27109d66674fb0650a5040024f/element'
01:59:47.722 [Forwarding findElement on session 85688a27109d66674fb0650a5040024f to remote] DEBUG org.asynchttpclient.netty.request.NettyRequestSender - Using open Channel [id: 0xe8528128, L:/127.0.0.1:56283 - R:localhost/127.0.0.1:64575] for POST '/session/85688a27109d66674fb0650a5040024f/element'
01:59:47.729 [AsyncHttpClient-1-3] DEBUG org.asynchttpclient.netty.handler.HttpHandler - 

Request DefaultHttpRequest(decodeResult: success, version: HTTP/1.1)
POST /session/85688a27109d66674fb0650a5040024f/element HTTP/1.1
User-Agent: selenium/4.1.2 (java windows)
Content-Length: 155
Content-Type: application/json; charset=utf-8
host: localhost:64575
accept: */*

Response DefaultHttpResponse(decodeResult: success, version: HTTP/1.1)
HTTP/1.1 200 OK
Content-Type: application/json; charset=utf-8
cache-control: no-cache
content-length: 88

01:59:47.729 [AsyncHttpClient-1-3] DEBUG org.asynchttpclient.netty.channel.ChannelManager - Adding key: http://localhost:64575 for channel [id: 0xe8528128, L:/127.0.0.1:56283 - R:localhost/127.0.0.1:64575]
01:59:47.731 [Forwarding isElementDisplayed on session 85688a27109d66674fb0650a5040024f to remote] DEBUG org.asynchttpclient.netty.request.NettyRequestSender - Using pooled Channel '[id: 0xe8528128, L:/127.0.0.1:56283 - R:localhost/127.0.0.1:64575]' for 'POST' to 'http://localhost:64575/session/85688a27109d66674fb0650a5040024f/execute/sync'
01:59:47.731 [Forwarding isElementDisplayed on session 85688a27109d66674fb0650a5040024f to remote] DEBUG org.asynchttpclient.netty.request.NettyRequestSender - Using open Channel [id: 0xe8528128, L:/127.0.0.1:56283 - R:localhost/127.0.0.1:64575] for POST '/session/85688a27109d66674fb0650a5040024f/execute/sync'
01:59:47.739 [AsyncHttpClient-1-3] DEBUG org.asynchttpclient.netty.handler.HttpHandler - 

Request DefaultHttpRequest(decodeResult: success, version: HTTP/1.1)
POST /session/85688a27109d66674fb0650a5040024f/execute/sync HTTP/1.1
User-Agent: selenium/4.1.2 (java windows)
Content-Length: 48780
Content-Type: application/json; charset=utf-8
host: localhost:64575
accept: */*

Response DefaultHttpResponse(decodeResult: success, version: HTTP/1.1)
HTTP/1.1 200 OK
Content-Type: application/json; charset=utf-8
cache-control: no-cache
content-length: 14

01:59:47.739 [AsyncHttpClient-1-3] DEBUG org.asynchttpclient.netty.channel.ChannelManager - Adding key: http://localhost:64575 for channel [id: 0xe8528128, L:/127.0.0.1:56283 - R:localhost/127.0.0.1:64575]
01:59:47.741 [main] DEBUG net.thucydides.core.steps.StepInterceptor - STEP DONE: validateOnRegisterPage
  &amp#27;[32mGiven &amp#27;[0m&amp#27;[32mI am on the register page&amp#27;[0m                           &amp#27;[90m# starter.stepdefinitions.RegisterSteps.onTheRegisterPage()&amp#27;[0m
01:59:47.747 [main] DEBUG net.thucydides.core.steps.StepInterceptor - STARTING STEP: RegisterSteps.inputValidRegisteredFullName - inputNamaLengkap
01:59:47.748 [Forwarding findElement on session 85688a27109d66674fb0650a5040024f to remote] DEBUG org.asynchttpclient.netty.request.NettyRequestSender - Using pooled Channel '[id: 0xe8528128, L:/127.0.0.1:56283 - R:localhost/127.0.0.1:64575]' for 'POST' to 'http://localhost:64575/session/85688a27109d66674fb0650a5040024f/element'
01:59:47.748 [Forwarding findElement on session 85688a27109d66674fb0650a5040024f to remote] DEBUG org.asynchttpclient.netty.request.NettyRequestSender - Using open Channel [id: 0xe8528128, L:/127.0.0.1:56283 - R:localhost/127.0.0.1:64575] for POST '/session/85688a27109d66674fb0650a5040024f/element'
01:59:47.755 [AsyncHttpClient-1-3] DEBUG org.asynchttpclient.netty.handler.HttpHandler - 

Request DefaultHttpRequest(decodeResult: success, version: HTTP/1.1)
POST /session/85688a27109d66674fb0650a5040024f/element HTTP/1.1
User-Agent: selenium/4.1.2 (java windows)
Content-Length: 91
Content-Type: application/json; charset=utf-8
host: localhost:64575
accept: */*

Response DefaultHttpResponse(decodeResult: success, version: HTTP/1.1)
HTTP/1.1 200 OK
Content-Type: application/json; charset=utf-8
cache-control: no-cache
content-length: 88

01:59:47.755 [AsyncHttpClient-1-3] DEBUG org.asynchttpclient.netty.channel.ChannelManager - Adding key: http://localhost:64575 for channel [id: 0xe8528128, L:/127.0.0.1:56283 - R:localhost/127.0.0.1:64575]
01:59:47.756 [Forwarding clearElement on session 85688a27109d66674fb0650a5040024f to remote] DEBUG org.asynchttpclient.netty.request.NettyRequestSender - Using pooled Channel '[id: 0xe8528128, L:/127.0.0.1:56283 - R:localhost/127.0.0.1:64575]' for 'POST' to 'http://localhost:64575/session/85688a27109d66674fb0650a5040024f/element/7fd40e10-eef7-440c-b849-534fe39a38dd/clear'
01:59:47.756 [Forwarding clearElement on session 85688a27109d66674fb0650a5040024f to remote] DEBUG org.asynchttpclient.netty.request.NettyRequestSender - Using open Channel [id: 0xe8528128, L:/127.0.0.1:56283 - R:localhost/127.0.0.1:64575] for POST '/session/85688a27109d66674fb0650a5040024f/element/7fd40e10-eef7-440c-b849-534fe39a38dd/clear'
01:59:47.772 [AsyncHttpClient-1-3] DEBUG org.asynchttpclient.netty.handler.HttpHandler - 

Request DefaultHttpRequest(decodeResult: success, version: HTTP/1.1)
POST /session/85688a27109d66674fb0650a5040024f/element/7fd40e10-eef7-440c-b849-534fe39a38dd/clear HTTP/1.1
User-Agent: selenium/4.1.2 (java windows)
Content-Length: 50
Content-Type: application/json; charset=utf-8
host: localhost:64575
accept: */*

Response DefaultHttpResponse(decodeResult: success, version: HTTP/1.1)
HTTP/1.1 200 OK
Content-Type: application/json; charset=utf-8
cache-control: no-cache
content-length: 14

01:59:47.772 [AsyncHttpClient-1-3] DEBUG org.asynchttpclient.netty.channel.ChannelManager - Adding key: http://localhost:64575 for channel [id: 0xe8528128, L:/127.0.0.1:56283 - R:localhost/127.0.0.1:64575]
01:59:47.773 [Forwarding sendKeysToElement on session 85688a27109d66674fb0650a5040024f to remote] DEBUG org.asynchttpclient.netty.request.NettyRequestSender - Using pooled Channel '[id: 0xe8528128, L:/127.0.0.1:56283 - R:localhost/127.0.0.1:64575]' for 'POST' to 'http://localhost:64575/session/85688a27109d66674fb0650a5040024f/element/7fd40e10-eef7-440c-b849-534fe39a38dd/value'
01:59:47.773 [Forwarding sendKeysToElement on session 85688a27109d66674fb0650a5040024f to remote] DEBUG org.asynchttpclient.netty.request.NettyRequestSender - Using open Channel [id: 0xe8528128, L:/127.0.0.1:56283 - R:localhost/127.0.0.1:64575] for POST '/session/85688a27109d66674fb0650a5040024f/element/7fd40e10-eef7-440c-b849-534fe39a38dd/value'
01:59:47.845 [AsyncHttpClient-1-3] DEBUG org.asynchttpclient.netty.handler.HttpHandler - 

Request DefaultHttpRequest(decodeResult: success, version: HTTP/1.1)
POST /session/85688a27109d66674fb0650a5040024f/element/7fd40e10-eef7-440c-b849-534fe39a38dd/value HTTP/1.1
User-Agent: selenium/4.1.2 (java windows)
Content-Length: 271
Content-Type: application/json; charset=utf-8
host: localhost:64575
accept: */*

Response DefaultHttpResponse(decodeResult: success, version: HTTP/1.1)
HTTP/1.1 200 OK
Content-Type: application/json; charset=utf-8
cache-control: no-cache
content-length: 14

01:59:47.845 [AsyncHttpClient-1-3] DEBUG org.asynchttpclient.netty.channel.ChannelManager - Adding key: http://localhost:64575 for channel [id: 0xe8528128, L:/127.0.0.1:56283 - R:localhost/127.0.0.1:64575]
01:59:47.848 [Forwarding screenshot on session 85688a27109d66674fb0650a5040024f to remote] DEBUG org.asynchttpclient.netty.request.NettyRequestSender - Using pooled Channel '[id: 0xe8528128, L:/127.0.0.1:56283 - R:localhost/127.0.0.1:64575]' for 'GET' to 'http://localhost:64575/session/85688a27109d66674fb0650a5040024f/screenshot'
01:59:47.848 [Forwarding screenshot on session 85688a27109d66674fb0650a5040024f to remote] DEBUG org.asynchttpclient.netty.request.NettyRequestSender - Using open Channel [id: 0xe8528128, L:/127.0.0.1:56283 - R:localhost/127.0.0.1:64575] for GET '/session/85688a27109d66674fb0650a5040024f/screenshot'
01:59:47.940 [AsyncHttpClient-1-3] DEBUG org.asynchttpclient.netty.handler.HttpHandler - 

Request DefaultFullHttpRequest(decodeResult: success, version: HTTP/1.1, content: EmptyByteBufBE)
GET /session/85688a27109d66674fb0650a5040024f/screenshot HTTP/1.1
User-Agent: selenium/4.1.2 (java windows)
Cache-Control: no-cache
Content-Type: application/json; charset=utf-8
host: localhost:64575
accept: */*

Response DefaultHttpResponse(decodeResult: success, version: HTTP/1.1)
HTTP/1.1 200 OK
Content-Type: application/json; charset=utf-8
cache-control: no-cache
content-length: 41920

01:59:47.941 [AsyncHttpClient-1-3] DEBUG org.asynchttpclient.netty.channel.ChannelManager - Adding key: http://localhost:64575 for channel [id: 0xe8528128, L:/127.0.0.1:56283 - R:localhost/127.0.0.1:64575]
01:59:47.942 [main] DEBUG net.serenitybdd.core.photography.Darkroom - Send negative for processing for target\site\serenity\8903d81fd93e7966c468aa125758d071145d7f1d8f901b776a88f5d7a177df21.png
01:59:47.942 [main] DEBUG net.thucydides.core.steps.StepInterceptor - STEP DONE: inputNamaLengkap
  &amp#27;[32mWhen &amp#27;[0m&amp#27;[32mI input valid full name that already registered&amp#27;[0m      &amp#27;[90m# starter.stepdefinitions.RegisterSteps.inputValidRegisteredFullName()&amp#27;[0m
01:59:47.943 [Darkroom Processing Line] DEBUG net.serenitybdd.core.photography.DarkroomProcessingLine - Processing screenshot image in /var/screenshots/screenshot-17906482150118889201
01:59:47.943 [Darkroom Processing Line] DEBUG net.serenitybdd.core.photography.DarkroomProcessingLine - Saving screenshot to target\site\serenity\8903d81fd93e7966c468aa125758d071145d7f1d8f901b776a88f5d7a177df21.png
01:59:47.958 [main] DEBUG net.thucydides.core.steps.StepInterceptor - STARTING STEP: LoginSteps.inputValidEmail - inputEmail
01:59:47.959 [Forwarding findElement on session 85688a27109d66674fb0650a5040024f to remote] DEBUG org.asynchttpclient.netty.request.NettyRequestSender - Using pooled Channel '[id: 0xe8528128, L:/127.0.0.1:56283 - R:localhost/127.0.0.1:64575]' for 'POST' to 'http://localhost:64575/session/85688a27109d66674fb0650a5040024f/element'
01:59:47.959 [Forwarding findElement on session 85688a27109d66674fb0650a5040024f to remote] DEBUG org.asynchttpclient.netty.request.NettyRequestSender - Using open Channel [id: 0xe8528128, L:/127.0.0.1:56283 - R:localhost/127.0.0.1:64575] for POST '/session/85688a27109d66674fb0650a5040024f/element'
01:59:47.968 [AsyncHttpClient-1-3] DEBUG org.asynchttpclient.netty.handler.HttpHandler - 

Request DefaultHttpRequest(decodeResult: success, version: HTTP/1.1)
POST /session/85688a27109d66674fb0650a5040024f/element HTTP/1.1
User-Agent: selenium/4.1.2 (java windows)
Content-Length: 84
Content-Type: application/json; charset=utf-8
host: localhost:64575
accept: */*

Response DefaultHttpResponse(decodeResult: success, version: HTTP/1.1)
HTTP/1.1 200 OK
Content-Type: application/json; charset=utf-8
cache-control: no-cache
content-length: 88

01:59:47.968 [AsyncHttpClient-1-3] DEBUG org.asynchttpclient.netty.channel.ChannelManager - Adding key: http://localhost:64575 for channel [id: 0xe8528128, L:/127.0.0.1:56283 - R:localhost/127.0.0.1:64575]
01:59:47.970 [Forwarding clearElement on session 85688a27109d66674fb0650a5040024f to remote] DEBUG org.asynchttpclient.netty.request.NettyRequestSender - Using pooled Channel '[id: 0xe8528128, L:/127.0.0.1:56283 - R:localhost/127.0.0.1:64575]' for 'POST' to 'http://localhost:64575/session/85688a27109d66674fb0650a5040024f/element/88fdcf57-a109-47d9-847e-f52892b4d83a/clear'
01:59:47.970 [Forwarding clearElement on session 85688a27109d66674fb0650a5040024f to remote] DEBUG org.asynchttpclient.netty.request.NettyRequestSender - Using open Channel [id: 0xe8528128, L:/127.0.0.1:56283 - R:localhost/127.0.0.1:64575] for POST '/session/85688a27109d66674fb0650a5040024f/element/88fdcf57-a109-47d9-847e-f52892b4d83a/clear'
01:59:47.990 [AsyncHttpClient-1-3] DEBUG org.asynchttpclient.netty.handler.HttpHandler - 

Request DefaultHttpRequest(decodeResult: success, version: HTTP/1.1)
POST /session/85688a27109d66674fb0650a5040024f/element/88fdcf57-a109-47d9-847e-f52892b4d83a/clear HTTP/1.1
User-Agent: selenium/4.1.2 (java windows)
Content-Length: 50
Content-Type: application/json; charset=utf-8
host: localhost:64575
accept: */*

Response DefaultHttpResponse(decodeResult: success, version: HTTP/1.1)
HTTP/1.1 200 OK
Content-Type: application/json; charset=utf-8
cache-control: no-cache
content-length: 14

01:59:47.990 [AsyncHttpClient-1-3] DEBUG org.asynchttpclient.netty.channel.ChannelManager - Adding key: http://localhost:64575 for channel [id: 0xe8528128, L:/127.0.0.1:56283 - R:localhost/127.0.0.1:64575]
01:59:47.991 [Forwarding sendKeysToElement on session 85688a27109d66674fb0650a5040024f to remote] DEBUG org.asynchttpclient.netty.request.NettyRequestSender - Using pooled Channel '[id: 0xe8528128, L:/127.0.0.1:56283 - R:localhost/127.0.0.1:64575]' for 'POST' to 'http://localhost:64575/session/85688a27109d66674fb0650a5040024f/element/88fdcf57-a109-47d9-847e-f52892b4d83a/value'
01:59:47.991 [Forwarding sendKeysToElement on session 85688a27109d66674fb0650a5040024f to remote] DEBUG org.asynchttpclient.netty.request.NettyRequestSender - Using open Channel [id: 0xe8528128, L:/127.0.0.1:56283 - R:localhost/127.0.0.1:64575] for POST '/session/85688a27109d66674fb0650a5040024f/element/88fdcf57-a109-47d9-847e-f52892b4d83a/value'
01:59:48.055 [AsyncHttpClient-1-3] DEBUG org.asynchttpclient.netty.handler.HttpHandler - 

Request DefaultHttpRequest(decodeResult: success, version: HTTP/1.1)
POST /session/85688a27109d66674fb0650a5040024f/element/88fdcf57-a109-47d9-847e-f52892b4d83a/value HTTP/1.1
User-Agent: selenium/4.1.2 (java windows)
Content-Length: 231
Content-Type: application/json; charset=utf-8
host: localhost:64575
accept: */*

Response DefaultHttpResponse(decodeResult: success, version: HTTP/1.1)
HTTP/1.1 200 OK
Content-Type: application/json; charset=utf-8
cache-control: no-cache
content-length: 14

01:59:48.055 [AsyncHttpClient-1-3] DEBUG org.asynchttpclient.netty.channel.ChannelManager - Adding key: http://localhost:64575 for channel [id: 0xe8528128, L:/127.0.0.1:56283 - R:localhost/127.0.0.1:64575]
01:59:48.060 [Forwarding screenshot on session 85688a27109d66674fb0650a5040024f to remote] DEBUG org.asynchttpclient.netty.request.NettyRequestSender - Using pooled Channel '[id: 0xe8528128, L:/127.0.0.1:56283 - R:localhost/127.0.0.1:64575]' for 'GET' to 'http://localhost:64575/session/85688a27109d66674fb0650a5040024f/screenshot'
01:59:48.060 [Forwarding screenshot on session 85688a27109d66674fb0650a5040024f to remote] DEBUG org.asynchttpclient.netty.request.NettyRequestSender - Using open Channel [id: 0xe8528128, L:/127.0.0.1:56283 - R:localhost/127.0.0.1:64575] for GET '/session/85688a27109d66674fb0650a5040024f/screenshot'
01:59:48.061 [AsyncHttpClient-1-1] DEBUG org.asynchttpclient.netty.channel.DefaultChannelPool - Entry count for : http://localhost:56284 : 1
01:59:48.155 [AsyncHttpClient-1-3] DEBUG org.asynchttpclient.netty.handler.HttpHandler - 

Request DefaultFullHttpRequest(decodeResult: success, version: HTTP/1.1, content: EmptyByteBufBE)
GET /session/85688a27109d66674fb0650a5040024f/screenshot HTTP/1.1
User-Agent: selenium/4.1.2 (java windows)
Cache-Control: no-cache
Content-Type: application/json; charset=utf-8
host: localhost:64575
accept: */*

Response DefaultHttpResponse(decodeResult: success, version: HTTP/1.1)
HTTP/1.1 200 OK
Content-Type: application/json; charset=utf-8
cache-control: no-cache
content-length: 46776

01:59:48.156 [AsyncHttpClient-1-3] DEBUG org.asynchttpclient.netty.channel.ChannelManager - Adding key: http://localhost:64575 for channel [id: 0xe8528128, L:/127.0.0.1:56283 - R:localhost/127.0.0.1:64575]
01:59:48.157 [main] DEBUG net.serenitybdd.core.photography.Darkroom - Send negative for processing for target\site\serenity\f67832461c6203a8ce42eb8b53a9aecebabfc09b7f1055646f7a981f5ea4d4ce.png
01:59:48.158 [main] DEBUG net.thucydides.core.steps.StepInterceptor - STEP DONE: inputEmail
  &amp#27;[32mAnd &amp#27;[0m&amp#27;[32mI input valid email&amp#27;[0m                                   &amp#27;[90m# starter.stepdefinitions.LoginSteps.inputValidEmail()&amp#27;[0m
01:59:48.158 [Darkroom Processing Line] DEBUG net.serenitybdd.core.photography.DarkroomProcessingLine - Processing screenshot image in /var/screenshots/screenshot-14705985099624398493
01:59:48.158 [Darkroom Processing Line] DEBUG net.serenitybdd.core.photography.DarkroomProcessingLine - Saving screenshot to target\site\serenity\f67832461c6203a8ce42eb8b53a9aecebabfc09b7f1055646f7a981f5ea4d4ce.png
01:59:48.165 [main] DEBUG net.thucydides.core.steps.StepInterceptor - STARTING STEP: LoginSteps.inputValidPassword - inputPassword
01:59:48.166 [Forwarding findElement on session 85688a27109d66674fb0650a5040024f to remote] DEBUG org.asynchttpclient.netty.request.NettyRequestSender - Using pooled Channel '[id: 0xe8528128, L:/127.0.0.1:56283 - R:localhost/127.0.0.1:64575]' for 'POST' to 'http://localhost:64575/session/85688a27109d66674fb0650a5040024f/element'
01:59:48.167 [Forwarding findElement on session 85688a27109d66674fb0650a5040024f to remote] DEBUG org.asynchttpclient.netty.request.NettyRequestSender - Using open Channel [id: 0xe8528128, L:/127.0.0.1:56283 - R:localhost/127.0.0.1:64575] for POST '/session/85688a27109d66674fb0650a5040024f/element'
01:59:48.176 [AsyncHttpClient-1-3] DEBUG org.asynchttpclient.netty.handler.HttpHandler - 

Request DefaultHttpRequest(decodeResult: success, version: HTTP/1.1)
POST /session/85688a27109d66674fb0650a5040024f/element HTTP/1.1
User-Agent: selenium/4.1.2 (java windows)
Content-Length: 87
Content-Type: application/json; charset=utf-8
host: localhost:64575
accept: */*

Response DefaultHttpResponse(decodeResult: success, version: HTTP/1.1)
HTTP/1.1 200 OK
Content-Type: application/json; charset=utf-8
cache-control: no-cache
content-length: 88

01:59:48.176 [AsyncHttpClient-1-3] DEBUG org.asynchttpclient.netty.channel.ChannelManager - Adding key: http://localhost:64575 for channel [id: 0xe8528128, L:/127.0.0.1:56283 - R:localhost/127.0.0.1:64575]
01:59:48.177 [Forwarding clearElement on session 85688a27109d66674fb0650a5040024f to remote] DEBUG org.asynchttpclient.netty.request.NettyRequestSender - Using pooled Channel '[id: 0xe8528128, L:/127.0.0.1:56283 - R:localhost/127.0.0.1:64575]' for 'POST' to 'http://localhost:64575/session/85688a27109d66674fb0650a5040024f/element/30e1168d-d1a9-407c-b71d-162ad15c7b74/clear'
01:59:48.177 [Forwarding clearElement on session 85688a27109d66674fb0650a5040024f to remote] DEBUG org.asynchttpclient.netty.request.NettyRequestSender - Using open Channel [id: 0xe8528128, L:/127.0.0.1:56283 - R:localhost/127.0.0.1:64575] for POST '/session/85688a27109d66674fb0650a5040024f/element/30e1168d-d1a9-407c-b71d-162ad15c7b74/clear'
01:59:48.206 [AsyncHttpClient-1-3] DEBUG org.asynchttpclient.netty.handler.HttpHandler - 

Request DefaultHttpRequest(decodeResult: success, version: HTTP/1.1)
POST /session/85688a27109d66674fb0650a5040024f/element/30e1168d-d1a9-407c-b71d-162ad15c7b74/clear HTTP/1.1
User-Agent: selenium/4.1.2 (java windows)
Content-Length: 50
Content-Type: application/json; charset=utf-8
host: localhost:64575
accept: */*

Response DefaultHttpResponse(decodeResult: success, version: HTTP/1.1)
HTTP/1.1 200 OK
Content-Type: application/json; charset=utf-8
cache-control: no-cache
content-length: 14

01:59:48.206 [AsyncHttpClient-1-3] DEBUG org.asynchttpclient.netty.channel.ChannelManager - Adding key: http://localhost:64575 for channel [id: 0xe8528128, L:/127.0.0.1:56283 - R:localhost/127.0.0.1:64575]
01:59:48.207 [Forwarding sendKeysToElement on session 85688a27109d66674fb0650a5040024f to remote] DEBUG org.asynchttpclient.netty.request.NettyRequestSender - Using pooled Channel '[id: 0xe8528128, L:/127.0.0.1:56283 - R:localhost/127.0.0.1:64575]' for 'POST' to 'http://localhost:64575/session/85688a27109d66674fb0650a5040024f/element/30e1168d-d1a9-407c-b71d-162ad15c7b74/value'
01:59:48.207 [Forwarding sendKeysToElement on session 85688a27109d66674fb0650a5040024f to remote] DEBUG org.asynchttpclient.netty.request.NettyRequestSender - Using open Channel [id: 0xe8528128, L:/127.0.0.1:56283 - R:localhost/127.0.0.1:64575] for POST '/session/85688a27109d66674fb0650a5040024f/element/30e1168d-d1a9-407c-b71d-162ad15c7b74/value'
01:59:48.271 [AsyncHttpClient-1-3] DEBUG org.asynchttpclient.netty.handler.HttpHandler - 

Request DefaultHttpRequest(decodeResult: success, version: HTTP/1.1)
POST /session/85688a27109d66674fb0650a5040024f/element/30e1168d-d1a9-407c-b71d-162ad15c7b74/value HTTP/1.1
User-Agent: selenium/4.1.2 (java windows)
Content-Length: 151
Content-Type: application/json; charset=utf-8
host: localhost:64575
accept: */*

Response DefaultHttpResponse(decodeResult: success, version: HTTP/1.1)
HTTP/1.1 200 OK
Content-Type: application/json; charset=utf-8
cache-control: no-cache
content-length: 14

01:59:48.272 [AsyncHttpClient-1-3] DEBUG org.asynchttpclient.netty.channel.ChannelManager - Adding key: http://localhost:64575 for channel [id: 0xe8528128, L:/127.0.0.1:56283 - R:localhost/127.0.0.1:64575]
01:59:48.276 [Forwarding screenshot on session 85688a27109d66674fb0650a5040024f to remote] DEBUG org.asynchttpclient.netty.request.NettyRequestSender - Using pooled Channel '[id: 0xe8528128, L:/127.0.0.1:56283 - R:localhost/127.0.0.1:64575]' for 'GET' to 'http://localhost:64575/session/85688a27109d66674fb0650a5040024f/screenshot'
01:59:48.276 [Forwarding screenshot on session 85688a27109d66674fb0650a5040024f to remote] DEBUG org.asynchttpclient.netty.request.NettyRequestSender - Using open Channel [id: 0xe8528128, L:/127.0.0.1:56283 - R:localhost/127.0.0.1:64575] for GET '/session/85688a27109d66674fb0650a5040024f/screenshot'
01:59:48.369 [AsyncHttpClient-1-3] DEBUG org.asynchttpclient.netty.handler.HttpHandler - 

Request DefaultFullHttpRequest(decodeResult: success, version: HTTP/1.1, content: EmptyByteBufBE)
GET /session/85688a27109d66674fb0650a5040024f/screenshot HTTP/1.1
User-Agent: selenium/4.1.2 (java windows)
Cache-Control: no-cache
Content-Type: application/json; charset=utf-8
host: localhost:64575
accept: */*

Response DefaultHttpResponse(decodeResult: success, version: HTTP/1.1)
HTTP/1.1 200 OK
Content-Type: application/json; charset=utf-8
cache-control: no-cache
content-length: 49180

01:59:48.369 [AsyncHttpClient-1-3] DEBUG org.asynchttpclient.netty.channel.ChannelManager - Adding key: http://localhost:64575 for channel [id: 0xe8528128, L:/127.0.0.1:56283 - R:localhost/127.0.0.1:64575]
01:59:48.369 [main] DEBUG net.serenitybdd.core.photography.Darkroom - Send negative for processing for target\site\serenity\813216974cad99c2619c353c1c7efb634ba43345e2c234f2965c77b660255195.png
01:59:48.369 [main] DEBUG net.thucydides.core.steps.StepInterceptor - STEP DONE: inputPassword
  &amp#27;[32mAnd &amp#27;[0m&amp#27;[32mI input valid password&amp#27;[0m                                &amp#27;[90m# starter.stepdefinitions.LoginSteps.inputValidPassword()&amp#27;[0m
01:59:48.370 [Darkroom Processing Line] DEBUG net.serenitybdd.core.photography.DarkroomProcessingLine - Processing screenshot image in /var/screenshots/screenshot-12997918931129617088
01:59:48.370 [Darkroom Processing Line] DEBUG net.serenitybdd.core.photography.DarkroomProcessingLine - Saving screenshot to target\site\serenity\813216974cad99c2619c353c1c7efb634ba43345e2c234f2965c77b660255195.png
01:59:48.377 [main] DEBUG net.thucydides.core.steps.StepInterceptor - STARTING STEP: RegisterSteps.clickRegisterButton - clickRegisterButton
01:59:48.379 [Forwarding findElement on session 85688a27109d66674fb0650a5040024f to remote] DEBUG org.asynchttpclient.netty.request.NettyRequestSender - Using pooled Channel '[id: 0xe8528128, L:/127.0.0.1:56283 - R:localhost/127.0.0.1:64575]' for 'POST' to 'http://localhost:64575/session/85688a27109d66674fb0650a5040024f/element'
01:59:48.379 [Forwarding findElement on session 85688a27109d66674fb0650a5040024f to remote] DEBUG org.asynchttpclient.netty.request.NettyRequestSender - Using open Channel [id: 0xe8528128, L:/127.0.0.1:56283 - R:localhost/127.0.0.1:64575] for POST '/session/85688a27109d66674fb0650a5040024f/element'
01:59:48.383 [AsyncHttpClient-1-3] DEBUG org.asynchttpclient.netty.handler.HttpHandler - 

Request DefaultHttpRequest(decodeResult: success, version: HTTP/1.1)
POST /session/85688a27109d66674fb0650a5040024f/element HTTP/1.1
User-Agent: selenium/4.1.2 (java windows)
Content-Length: 155
Content-Type: application/json; charset=utf-8
host: localhost:64575
accept: */*

Response DefaultHttpResponse(decodeResult: success, version: HTTP/1.1)
HTTP/1.1 200 OK
Content-Type: application/json; charset=utf-8
cache-control: no-cache
content-length: 88

01:59:48.383 [AsyncHttpClient-1-3] DEBUG org.asynchttpclient.netty.channel.ChannelManager - Adding key: http://localhost:64575 for channel [id: 0xe8528128, L:/127.0.0.1:56283 - R:localhost/127.0.0.1:64575]
01:59:48.383 [Forwarding getElementTagName on session 85688a27109d66674fb0650a5040024f to remote] DEBUG org.asynchttpclient.netty.request.NettyRequestSender - Using pooled Channel '[id: 0xe8528128, L:/127.0.0.1:56283 - R:localhost/127.0.0.1:64575]' for 'GET' to 'http://localhost:64575/session/85688a27109d66674fb0650a5040024f/element/cbf70d34-356a-4a53-a7f5-f52229986dac/name'
01:59:48.383 [Forwarding getElementTagName on session 85688a27109d66674fb0650a5040024f to remote] DEBUG org.asynchttpclient.netty.request.NettyRequestSender - Using open Channel [id: 0xe8528128, L:/127.0.0.1:56283 - R:localhost/127.0.0.1:64575] for GET '/session/85688a27109d66674fb0650a5040024f/element/cbf70d34-356a-4a53-a7f5-f52229986dac/name'
01:59:48.387 [AsyncHttpClient-1-3] DEBUG org.asynchttpclient.netty.handler.HttpHandler - 

Request DefaultFullHttpRequest(decodeResult: success, version: HTTP/1.1, content: EmptyByteBufBE)
GET /session/85688a27109d66674fb0650a5040024f/element/cbf70d34-356a-4a53-a7f5-f52229986dac/name HTTP/1.1
User-Agent: selenium/4.1.2 (java windows)
Cache-Control: no-cache
Content-Type: application/json; charset=utf-8
host: localhost:64575
accept: */*

Response DefaultHttpResponse(decodeResult: success, version: HTTP/1.1)
HTTP/1.1 200 OK
Content-Type: application/json; charset=utf-8
cache-control: no-cache
content-length: 18

01:59:48.387 [AsyncHttpClient-1-3] DEBUG org.asynchttpclient.netty.channel.ChannelManager - Adding key: http://localhost:64575 for channel [id: 0xe8528128, L:/127.0.0.1:56283 - R:localhost/127.0.0.1:64575]
01:59:48.388 [Forwarding getElementTagName on session 85688a27109d66674fb0650a5040024f to remote] DEBUG org.asynchttpclient.netty.request.NettyRequestSender - Using pooled Channel '[id: 0xe8528128, L:/127.0.0.1:56283 - R:localhost/127.0.0.1:64575]' for 'GET' to 'http://localhost:64575/session/85688a27109d66674fb0650a5040024f/element/cbf70d34-356a-4a53-a7f5-f52229986dac/name'
01:59:48.388 [Forwarding getElementTagName on session 85688a27109d66674fb0650a5040024f to remote] DEBUG org.asynchttpclient.netty.request.NettyRequestSender - Using open Channel [id: 0xe8528128, L:/127.0.0.1:56283 - R:localhost/127.0.0.1:64575] for GET '/session/85688a27109d66674fb0650a5040024f/element/cbf70d34-356a-4a53-a7f5-f52229986dac/name'
01:59:48.389 [AsyncHttpClient-1-3] DEBUG org.asynchttpclient.netty.handler.HttpHandler - 

Request DefaultFullHttpRequest(decodeResult: success, version: HTTP/1.1, content: EmptyByteBufBE)
GET /session/85688a27109d66674fb0650a5040024f/element/cbf70d34-356a-4a53-a7f5-f52229986dac/name HTTP/1.1
User-Agent: selenium/4.1.2 (java windows)
Cache-Control: no-cache
Content-Type: application/json; charset=utf-8
host: localhost:64575
accept: */*

Response DefaultHttpResponse(decodeResult: success, version: HTTP/1.1)
HTTP/1.1 200 OK
Content-Type: application/json; charset=utf-8
cache-control: no-cache
content-length: 18

01:59:48.389 [AsyncHttpClient-1-3] DEBUG org.asynchttpclient.netty.channel.ChannelManager - Adding key: http://localhost:64575 for channel [id: 0xe8528128, L:/127.0.0.1:56283 - R:localhost/127.0.0.1:64575]
01:59:48.390 [Forwarding isElementEnabled on session 85688a27109d66674fb0650a5040024f to remote] DEBUG org.asynchttpclient.netty.request.NettyRequestSender - Using pooled Channel '[id: 0xe8528128, L:/127.0.0.1:56283 - R:localhost/127.0.0.1:64575]' for 'GET' to 'http://localhost:64575/session/85688a27109d66674fb0650a5040024f/element/cbf70d34-356a-4a53-a7f5-f52229986dac/enabled'
01:59:48.390 [Forwarding isElementEnabled on session 85688a27109d66674fb0650a5040024f to remote] DEBUG org.asynchttpclient.netty.request.NettyRequestSender - Using open Channel [id: 0xe8528128, L:/127.0.0.1:56283 - R:localhost/127.0.0.1:64575] for GET '/session/85688a27109d66674fb0650a5040024f/element/cbf70d34-356a-4a53-a7f5-f52229986dac/enabled'
01:59:48.395 [AsyncHttpClient-1-3] DEBUG org.asynchttpclient.netty.handler.HttpHandler - 

Request DefaultFullHttpRequest(decodeResult: success, version: HTTP/1.1, content: EmptyByteBufBE)
GET /session/85688a27109d66674fb0650a5040024f/element/cbf70d34-356a-4a53-a7f5-f52229986dac/enabled HTTP/1.1
User-Agent: selenium/4.1.2 (java windows)
Cache-Control: no-cache
Content-Type: application/json; charset=utf-8
host: localhost:64575
accept: */*

Response DefaultHttpResponse(decodeResult: success, version: HTTP/1.1)
HTTP/1.1 200 OK
Content-Type: application/json; charset=utf-8
cache-control: no-cache
content-length: 14

01:59:48.395 [AsyncHttpClient-1-3] DEBUG org.asynchttpclient.netty.channel.ChannelManager - Adding key: http://localhost:64575 for channel [id: 0xe8528128, L:/127.0.0.1:56283 - R:localhost/127.0.0.1:64575]
01:59:48.396 [Forwarding isElementEnabled on session 85688a27109d66674fb0650a5040024f to remote] DEBUG org.asynchttpclient.netty.request.NettyRequestSender - Using pooled Channel '[id: 0xe8528128, L:/127.0.0.1:56283 - R:localhost/127.0.0.1:64575]' for 'GET' to 'http://localhost:64575/session/85688a27109d66674fb0650a5040024f/element/cbf70d34-356a-4a53-a7f5-f52229986dac/enabled'
01:59:48.396 [Forwarding isElementEnabled on session 85688a27109d66674fb0650a5040024f to remote] DEBUG org.asynchttpclient.netty.request.NettyRequestSender - Using open Channel [id: 0xe8528128, L:/127.0.0.1:56283 - R:localhost/127.0.0.1:64575] for GET '/session/85688a27109d66674fb0650a5040024f/element/cbf70d34-356a-4a53-a7f5-f52229986dac/enabled'
01:59:48.401 [AsyncHttpClient-1-3] DEBUG org.asynchttpclient.netty.handler.HttpHandler - 

Request DefaultFullHttpRequest(decodeResult: success, version: HTTP/1.1, content: EmptyByteBufBE)
GET /session/85688a27109d66674fb0650a5040024f/element/cbf70d34-356a-4a53-a7f5-f52229986dac/enabled HTTP/1.1
User-Agent: selenium/4.1.2 (java windows)
Cache-Control: no-cache
Content-Type: application/json; charset=utf-8
host: localhost:64575
accept: */*

Response DefaultHttpResponse(decodeResult: success, version: HTTP/1.1)
HTTP/1.1 200 OK
Content-Type: application/json; charset=utf-8
cache-control: no-cache
content-length: 14

01:59:48.401 [AsyncHttpClient-1-3] DEBUG org.asynchttpclient.netty.channel.ChannelManager - Adding key: http://localhost:64575 for channel [id: 0xe8528128, L:/127.0.0.1:56283 - R:localhost/127.0.0.1:64575]
01:59:48.402 [Forwarding findElement on session 85688a27109d66674fb0650a5040024f to remote] DEBUG org.asynchttpclient.netty.request.NettyRequestSender - Using pooled Channel '[id: 0xe8528128, L:/127.0.0.1:56283 - R:localhost/127.0.0.1:64575]' for 'POST' to 'http://localhost:64575/session/85688a27109d66674fb0650a5040024f/element'
01:59:48.402 [Forwarding findElement on session 85688a27109d66674fb0650a5040024f to remote] DEBUG org.asynchttpclient.netty.request.NettyRequestSender - Using open Channel [id: 0xe8528128, L:/127.0.0.1:56283 - R:localhost/127.0.0.1:64575] for POST '/session/85688a27109d66674fb0650a5040024f/element'
01:59:48.405 [AsyncHttpClient-1-3] DEBUG org.asynchttpclient.netty.handler.HttpHandler - 

Request DefaultHttpRequest(decodeResult: success, version: HTTP/1.1)
POST /session/85688a27109d66674fb0650a5040024f/element HTTP/1.1
User-Agent: selenium/4.1.2 (java windows)
Content-Length: 155
Content-Type: application/json; charset=utf-8
host: localhost:64575
accept: */*

Response DefaultHttpResponse(decodeResult: success, version: HTTP/1.1)
HTTP/1.1 200 OK
Content-Type: application/json; charset=utf-8
cache-control: no-cache
content-length: 88

01:59:48.406 [AsyncHttpClient-1-3] DEBUG org.asynchttpclient.netty.channel.ChannelManager - Adding key: http://localhost:64575 for channel [id: 0xe8528128, L:/127.0.0.1:56283 - R:localhost/127.0.0.1:64575]
01:59:48.407 [Forwarding clickElement on session 85688a27109d66674fb0650a5040024f to remote] DEBUG org.asynchttpclient.netty.request.NettyRequestSender - Using pooled Channel '[id: 0xe8528128, L:/127.0.0.1:56283 - R:localhost/127.0.0.1:64575]' for 'POST' to 'http://localhost:64575/session/85688a27109d66674fb0650a5040024f/element/cbf70d34-356a-4a53-a7f5-f52229986dac/click'
01:59:48.407 [Forwarding clickElement on session 85688a27109d66674fb0650a5040024f to remote] DEBUG org.asynchttpclient.netty.request.NettyRequestSender - Using open Channel [id: 0xe8528128, L:/127.0.0.1:56283 - R:localhost/127.0.0.1:64575] for POST '/session/85688a27109d66674fb0650a5040024f/element/cbf70d34-356a-4a53-a7f5-f52229986dac/click'
01:59:48.432 [AsyncHttpClient-1-3] DEBUG org.asynchttpclient.netty.handler.HttpHandler - 

Request DefaultHttpRequest(decodeResult: success, version: HTTP/1.1)
POST /session/85688a27109d66674fb0650a5040024f/element/cbf70d34-356a-4a53-a7f5-f52229986dac/click HTTP/1.1
User-Agent: selenium/4.1.2 (java windows)
Content-Length: 50
Content-Type: application/json; charset=utf-8
host: localhost:64575
accept: */*

Response DefaultHttpResponse(decodeResult: success, version: HTTP/1.1)
HTTP/1.1 200 OK
Content-Type: application/json; charset=utf-8
cache-control: no-cache
content-length: 14

01:59:48.432 [AsyncHttpClient-1-3] DEBUG org.asynchttpclient.netty.channel.ChannelManager - Adding key: http://localhost:64575 for channel [id: 0xe8528128, L:/127.0.0.1:56283 - R:localhost/127.0.0.1:64575]
01:59:48.436 [Forwarding screenshot on session 85688a27109d66674fb0650a5040024f to remote] DEBUG org.asynchttpclient.netty.request.NettyRequestSender - Using pooled Channel '[id: 0xe8528128, L:/127.0.0.1:56283 - R:localhost/127.0.0.1:64575]' for 'GET' to 'http://localhost:64575/session/85688a27109d66674fb0650a5040024f/screenshot'
01:59:48.436 [Forwarding screenshot on session 85688a27109d66674fb0650a5040024f to remote] DEBUG org.asynchttpclient.netty.request.NettyRequestSender - Using open Channel [id: 0xe8528128, L:/127.0.0.1:56283 - R:localhost/127.0.0.1:64575] for GET '/session/85688a27109d66674fb0650a5040024f/screenshot'
01:59:48.534 [AsyncHttpClient-1-3] DEBUG org.asynchttpclient.netty.handler.HttpHandler - 

Request DefaultFullHttpRequest(decodeResult: success, version: HTTP/1.1, content: EmptyByteBufBE)
GET /session/85688a27109d66674fb0650a5040024f/screenshot HTTP/1.1
User-Agent: selenium/4.1.2 (java windows)
Cache-Control: no-cache
Content-Type: application/json; charset=utf-8
host: localhost:64575
accept: */*

Response DefaultHttpResponse(decodeResult: success, version: HTTP/1.1)
HTTP/1.1 200 OK
Content-Type: application/json; charset=utf-8
cache-control: no-cache
content-length: 48608

01:59:48.534 [AsyncHttpClient-1-3] DEBUG org.asynchttpclient.netty.channel.ChannelManager - Adding key: http://localhost:64575 for channel [id: 0xe8528128, L:/127.0.0.1:56283 - R:localhost/127.0.0.1:64575]
01:59:48.535 [main] DEBUG net.serenitybdd.core.photography.Darkroom - Send negative for processing for target\site\serenity\ba015d71add64ddbc9eab50b123b3c908dc49c94605253f8df7e5c4e68ab8c4a.png
01:59:48.536 [main] DEBUG net.thucydides.core.steps.StepInterceptor - STEP DONE: clickRegisterButton
  &amp#27;[32mAnd &amp#27;[0m&amp#27;[32mI click on register button&amp#27;[0m                            &amp#27;[90m# starter.stepdefinitions.RegisterSteps.clickRegisterButton()&amp#27;[0m
01:59:48.536 [Darkroom Processing Line] DEBUG net.serenitybdd.core.photography.DarkroomProcessingLine - Processing screenshot image in /var/screenshots/screenshot-8109102614834284459
01:59:48.536 [Darkroom Processing Line] DEBUG net.serenitybdd.core.photography.DarkroomProcessingLine - Saving screenshot to target\site\serenity\ba015d71add64ddbc9eab50b123b3c908dc49c94605253f8df7e5c4e68ab8c4a.png
01:59:48.542 [main] DEBUG net.thucydides.core.steps.StepInterceptor - STARTING STEP: LoginSteps.onTheLoginPage - loginPage
01:59:48.542 [Forwarding get on session 85688a27109d66674fb0650a5040024f to remote] DEBUG org.asynchttpclient.netty.request.NettyRequestSender - Using pooled Channel '[id: 0xe8528128, L:/127.0.0.1:56283 - R:localhost/127.0.0.1:64575]' for 'POST' to 'http://localhost:64575/session/85688a27109d66674fb0650a5040024f/url'
01:59:48.542 [Forwarding get on session 85688a27109d66674fb0650a5040024f to remote] DEBUG org.asynchttpclient.netty.request.NettyRequestSender - Using open Channel [id: 0xe8528128, L:/127.0.0.1:56283 - R:localhost/127.0.0.1:64575] for POST '/session/85688a27109d66674fb0650a5040024f/url'
01:59:48.654 [AsyncHttpClient-1-3] DEBUG org.asynchttpclient.netty.handler.HttpHandler - 

Request DefaultHttpRequest(decodeResult: success, version: HTTP/1.1)
POST /session/85688a27109d66674fb0650a5040024f/url HTTP/1.1
User-Agent: selenium/4.1.2 (java windows)
Content-Length: 64
Content-Type: application/json; charset=utf-8
host: localhost:64575
accept: */*

Response DefaultHttpResponse(decodeResult: success, version: HTTP/1.1)
HTTP/1.1 200 OK
Content-Type: application/json; charset=utf-8
cache-control: no-cache
content-length: 14

01:59:48.654 [AsyncHttpClient-1-3] DEBUG org.asynchttpclient.netty.channel.ChannelManager - Adding key: http://localhost:64575 for channel [id: 0xe8528128, L:/127.0.0.1:56283 - R:localhost/127.0.0.1:64575]
01:59:48.657 [Forwarding getCurrentUrl on session 85688a27109d66674fb0650a5040024f to remote] DEBUG org.asynchttpclient.netty.request.NettyRequestSender - Using pooled Channel '[id: 0xe8528128, L:/127.0.0.1:56283 - R:localhost/127.0.0.1:64575]' for 'GET' to 'http://localhost:64575/session/85688a27109d66674fb0650a5040024f/url'
01:59:48.657 [Forwarding getCurrentUrl on session 85688a27109d66674fb0650a5040024f to remote] DEBUG org.asynchttpclient.netty.request.NettyRequestSender - Using open Channel [id: 0xe8528128, L:/127.0.0.1:56283 - R:localhost/127.0.0.1:64575] for GET '/session/85688a27109d66674fb0650a5040024f/url'
01:59:48.659 [AsyncHttpClient-1-3] DEBUG org.asynchttpclient.netty.handler.HttpHandler - 

Request DefaultFullHttpRequest(decodeResult: success, version: HTTP/1.1, content: EmptyByteBufBE)
GET /session/85688a27109d66674fb0650a5040024f/url HTTP/1.1
User-Agent: selenium/4.1.2 (java windows)
Cache-Control: no-cache
Content-Type: application/json; charset=utf-8
host: localhost:64575
accept: */*

Response DefaultHttpResponse(decodeResult: success, version: HTTP/1.1)
HTTP/1.1 200 OK
Content-Type: application/json; charset=utf-8
cache-control: no-cache
content-length: 41

01:59:48.659 [AsyncHttpClient-1-3] DEBUG org.asynchttpclient.netty.channel.ChannelManager - Adding key: http://localhost:64575 for channel [id: 0xe8528128, L:/127.0.0.1:56283 - R:localhost/127.0.0.1:64575]
01:59:48.662 [Forwarding screenshot on session 85688a27109d66674fb0650a5040024f to remote] DEBUG org.asynchttpclient.netty.request.NettyRequestSender - Using pooled Channel '[id: 0xe8528128, L:/127.0.0.1:56283 - R:localhost/127.0.0.1:64575]' for 'GET' to 'http://localhost:64575/session/85688a27109d66674fb0650a5040024f/screenshot'
01:59:48.662 [Forwarding screenshot on session 85688a27109d66674fb0650a5040024f to remote] DEBUG org.asynchttpclient.netty.request.NettyRequestSender - Using open Channel [id: 0xe8528128, L:/127.0.0.1:56283 - R:localhost/127.0.0.1:64575] for GET '/session/85688a27109d66674fb0650a5040024f/screenshot'
01:59:48.721 [AsyncHttpClient-1-3] DEBUG org.asynchttpclient.netty.handler.HttpHandler - 

Request DefaultFullHttpRequest(decodeResult: success, version: HTTP/1.1, content: EmptyByteBufBE)
GET /session/85688a27109d66674fb0650a5040024f/screenshot HTTP/1.1
User-Agent: selenium/4.1.2 (java windows)
Cache-Control: no-cache
Content-Type: application/json; charset=utf-8
host: localhost:64575
accept: */*

Response DefaultHttpResponse(decodeResult: success, version: HTTP/1.1)
HTTP/1.1 200 OK
Content-Type: application/json; charset=utf-8
cache-control: no-cache
content-length: 32192

01:59:48.721 [AsyncHttpClient-1-3] DEBUG org.asynchttpclient.netty.channel.ChannelManager - Adding key: http://localhost:64575 for channel [id: 0xe8528128, L:/127.0.0.1:56283 - R:localhost/127.0.0.1:64575]
01:59:48.722 [main] DEBUG net.serenitybdd.core.photography.Darkroom - Send negative for processing for target\site\serenity\4d98329a65403fb35239499910819cdb6d3d71d823e551da367b9fc52c2ec142.png
01:59:48.722 [main] DEBUG net.thucydides.core.steps.StepInterceptor - STEP DONE: loginPage
01:59:48.724 [main] DEBUG net.thucydides.core.steps.StepInterceptor - STARTING STEP: LoginSteps.onTheLoginPage - validateOnLoginPage
01:59:48.725 [Forwarding findElement on session 85688a27109d66674fb0650a5040024f to remote] DEBUG org.asynchttpclient.netty.request.NettyRequestSender - Using pooled Channel '[id: 0xe8528128, L:/127.0.0.1:56283 - R:localhost/127.0.0.1:64575]' for 'POST' to 'http://localhost:64575/session/85688a27109d66674fb0650a5040024f/element'
01:59:48.725 [Forwarding findElement on session 85688a27109d66674fb0650a5040024f to remote] DEBUG org.asynchttpclient.netty.request.NettyRequestSender - Using open Channel [id: 0xe8528128, L:/127.0.0.1:56283 - R:localhost/127.0.0.1:64575] for POST '/session/85688a27109d66674fb0650a5040024f/element'
01:59:48.732 [AsyncHttpClient-1-3] DEBUG org.asynchttpclient.netty.handler.HttpHandler - 

Request DefaultHttpRequest(decodeResult: success, version: HTTP/1.1)
POST /session/85688a27109d66674fb0650a5040024f/element HTTP/1.1
User-Agent: selenium/4.1.2 (java windows)
Content-Length: 155
Content-Type: application/json; charset=utf-8
host: localhost:64575
accept: */*

Response DefaultHttpResponse(decodeResult: success, version: HTTP/1.1)
HTTP/1.1 200 OK
Content-Type: application/json; charset=utf-8
cache-control: no-cache
content-length: 88

01:59:48.732 [AsyncHttpClient-1-3] DEBUG org.asynchttpclient.netty.channel.ChannelManager - Adding key: http://localhost:64575 for channel [id: 0xe8528128, L:/127.0.0.1:56283 - R:localhost/127.0.0.1:64575]
01:59:48.734 [Forwarding isElementDisplayed on session 85688a27109d66674fb0650a5040024f to remote] DEBUG org.asynchttpclient.netty.request.NettyRequestSender - Using pooled Channel '[id: 0xe8528128, L:/127.0.0.1:56283 - R:localhost/127.0.0.1:64575]' for 'POST' to 'http://localhost:64575/session/85688a27109d66674fb0650a5040024f/execute/sync'
01:59:48.734 [Forwarding isElementDisplayed on session 85688a27109d66674fb0650a5040024f to remote] DEBUG org.asynchttpclient.netty.request.NettyRequestSender - Using open Channel [id: 0xe8528128, L:/127.0.0.1:56283 - R:localhost/127.0.0.1:64575] for POST '/session/85688a27109d66674fb0650a5040024f/execute/sync'
01:59:48.741 [AsyncHttpClient-1-3] DEBUG org.asynchttpclient.netty.handler.HttpHandler - 

Request DefaultHttpRequest(decodeResult: success, version: HTTP/1.1)
POST /session/85688a27109d66674fb0650a5040024f/execute/sync HTTP/1.1
User-Agent: selenium/4.1.2 (java windows)
Content-Length: 48780
Content-Type: application/json; charset=utf-8
host: localhost:64575
accept: */*

Response DefaultHttpResponse(decodeResult: success, version: HTTP/1.1)
HTTP/1.1 200 OK
Content-Type: application/json; charset=utf-8
cache-control: no-cache
content-length: 14

01:59:48.741 [AsyncHttpClient-1-3] DEBUG org.asynchttpclient.netty.channel.ChannelManager - Adding key: http://localhost:64575 for channel [id: 0xe8528128, L:/127.0.0.1:56283 - R:localhost/127.0.0.1:64575]
01:59:48.743 [main] DEBUG net.thucydides.core.steps.StepInterceptor - STEP DONE: validateOnLoginPage
  &amp#27;[32mThen &amp#27;[0m&amp#27;[32mI am on the login page&amp#27;[0m                               &amp#27;[90m# starter.stepdefinitions.LoginSteps.onTheLoginPage()&amp#27;[0m
01:59:48.745 [main] INFO  - 
  _____   ___   ___   _____     ___     _     ___   ___   ___   ___  
 |_   _| | __| / __| |_   _|   | _ \   /_\   / __| / __| | __| |   \ 
   | |   | _|  \__ \   | |     |  _/  / _ \  \__ \ \__ \ | _|  | |) |
   |_|   |___| |___/   |_|     |_|   /_/ \_\ |___/ |___/ |___| |___/ 

register with a full name that already registered
----------------------------------------------------------------------
01:59:48.746 [AsyncHttpClient-1-5] DEBUG org.asynchttpclient.netty.handler.WebSocketHandler - Channel Closed: [id: 0x25926449, L:/127.0.0.1:56292 ! R:localhost/127.0.0.1:56284] with attribute NettyResponseFuture{currentRetry=5,
	isDone=1,
	isCancelled=0,
	asyncHandler=org.asynchttpclient.ws.WebSocketUpgradeHandler@3ce2a40b,
	nettyRequest=org.asynchttpclient.netty.request.NettyRequest@5230943b,
	future=java.util.concurrent.CompletableFuture@360da516[Completed normally],
	uri=ws://localhost:56284/devtools/browser/0f7c03fd-60b0-4774-ae02-38fa8a0144d5,
	keepAlive=true,
	redirectCount=0,
	timeoutsHolder=null,
	inAuth=0,
	touch=1652554786387}
01:59:48.746 [AsyncHttpClient-1-5] DEBUG org.asynchttpclient.netty.channel.ChannelManager - Closing Channel [id: 0x25926449, L:/127.0.0.1:56292 ! R:localhost/127.0.0.1:56284] 
01:59:48.746 [Driver Command Executor] DEBUG org.asynchttpclient.netty.request.NettyRequestSender - Using pooled Channel '[id: 0xe8528128, L:/127.0.0.1:56283 - R:localhost/127.0.0.1:64575]' for 'DELETE' to 'http://localhost:64575/session/85688a27109d66674fb0650a5040024f'
01:59:48.746 [Driver Command Executor] DEBUG org.asynchttpclient.netty.request.NettyRequestSender - Using open Channel [id: 0xe8528128, L:/127.0.0.1:56283 - R:localhost/127.0.0.1:64575] for DELETE '/session/85688a27109d66674fb0650a5040024f'
01:59:48.784 [AsyncHttpClient-1-4] DEBUG org.asynchttpclient.netty.handler.HttpHandler - Unexpected I/O exception on channel [id: 0x80b5a4aa, L:/127.0.0.1:56291 - R:localhost/127.0.0.1:56284]
java.io.IOException: An existing connection was forcibly closed by the remote host
	at java.base/sun.nio.ch.SocketDispatcher.read0(Native Method)
	at java.base/sun.nio.ch.SocketDispatcher.read(SocketDispatcher.java:43)
	at java.base/sun.nio.ch.IOUtil.readIntoNativeBuffer(IOUtil.java:276)
	at java.base/sun.nio.ch.IOUtil.read(IOUtil.java:233)
	at java.base/sun.nio.ch.IOUtil.read(IOUtil.java:223)
	at java.base/sun.nio.ch.SocketChannelImpl.read(SocketChannelImpl.java:358)
	at io.netty.buffer.PooledByteBuf.setBytes(PooledByteBuf.java:258)
	at io.netty.buffer.AbstractByteBuf.writeBytes(AbstractByteBuf.java:1132)
	at io.netty.channel.socket.nio.NioSocketChannel.doReadBytes(NioSocketChannel.java:350)
	at io.netty.channel.nio.AbstractNioByteChannel$NioByteUnsafe.read(AbstractNioByteChannel.java:151)
	at io.netty.channel.nio.NioEventLoop.processSelectedKey(NioEventLoop.java:722)
	at io.netty.channel.nio.NioEventLoop.processSelectedKeysOptimized(NioEventLoop.java:658)
	at io.netty.channel.nio.NioEventLoop.processSelectedKeys(NioEventLoop.java:584)
	at io.netty.channel.nio.NioEventLoop.run(NioEventLoop.java:496)
	at io.netty.util.concurrent.SingleThreadEventExecutor$4.run(SingleThreadEventExecutor.java:986)
	at io.netty.util.internal.ThreadExecutorMap$2.run(ThreadExecutorMap.java:74)
	at io.netty.util.concurrent.FastThreadLocalRunnable.run(FastThreadLocalRunnable.java:30)
	at java.base/java.lang.Thread.run(Thread.java:834)
01:59:48.784 [AsyncHttpClient-1-4] DEBUG org.asynchttpclient.netty.channel.ChannelManager - Closing Channel [id: 0x80b5a4aa, L:/127.0.0.1:56291 - R:localhost/127.0.0.1:56284] 
01:59:48.784 [AsyncHttpClient-1-4] DEBUG org.asynchttpclient.netty.handler.HttpHandler - Channel Closed: [id: 0x80b5a4aa, L:/127.0.0.1:56291 ! R:localhost/127.0.0.1:56284] with attribute DISCARD
01:59:48.796 [AsyncHttpClient-1-3] DEBUG org.asynchttpclient.netty.handler.HttpHandler - 

Request DefaultFullHttpRequest(decodeResult: success, version: HTTP/1.1, content: EmptyByteBufBE)
DELETE /session/85688a27109d66674fb0650a5040024f HTTP/1.1
User-Agent: selenium/4.1.2 (java windows)
Content-Type: application/json; charset=utf-8
host: localhost:64575
accept: */*

Response DefaultHttpResponse(decodeResult: success, version: HTTP/1.1)
HTTP/1.1 200 OK
Content-Type: application/json; charset=utf-8
cache-control: no-cache
content-length: 14

01:59:48.796 [AsyncHttpClient-1-3] DEBUG org.asynchttpclient.netty.channel.ChannelManager - Adding key: http://localhost:64575 for channel [id: 0xe8528128, L:/127.0.0.1:56283 - R:localhost/127.0.0.1:64575]
01:59:48.847 [AsyncHttpClient-1-3] DEBUG org.asynchttpclient.netty.handler.HttpHandler - Channel Closed: [id: 0xe8528128, L:/127.0.0.1:56283 ! R:localhost/127.0.0.1:64575] with attribute DISCARD
01:59:49.161 [AsyncHttpClient-1-1] DEBUG org.asynchttpclient.netty.channel.DefaultChannelPool - Entry count for : http://localhost:56284 : 1
01:59:49.161 [AsyncHttpClient-1-1] DEBUG org.asynchttpclient.netty.channel.DefaultChannelPool - Entry count for : http://localhost:64575 : 1
01:59:49.161 [AsyncHttpClient-1-1] DEBUG org.asynchttpclient.netty.channel.DefaultChannelPool - Adding Candidate expired Channel [id: 0x80b5a4aa, L:/127.0.0.1:56291 ! R:localhost/127.0.0.1:56284] isIdleTimeoutExpired=false isRemotelyClosed=true isTtlExpired=false
01:59:49.161 [AsyncHttpClient-1-1] DEBUG org.asynchttpclient.netty.channel.DefaultChannelPool - Closing Idle Channel [id: 0x80b5a4aa, L:/127.0.0.1:56291 ! R:localhost/127.0.0.1:56284]
01:59:49.161 [AsyncHttpClient-1-1] DEBUG org.asynchttpclient.netty.channel.DefaultChannelPool - Adding Candidate expired Channel [id: 0xe8528128, L:/127.0.0.1:56283 ! R:localhost/127.0.0.1:64575] isIdleTimeoutExpired=false isRemotelyClosed=true isTtlExpired=false
01:59:49.161 [AsyncHttpClient-1-1] DEBUG org.asynchttpclient.netty.channel.DefaultChannelPool - Closing Idle Channel [id: 0xe8528128, L:/127.0.0.1:56283 ! R:localhost/127.0.0.1:64575]
01:59:49.161 [AsyncHttpClient-1-1] DEBUG org.asynchttpclient.netty.channel.DefaultChannelPool - Closed 2 connections out of 2 in 0 ms
]]></system-out>
    <system-err><![CDATA[Starting ChromeDriver 101.0.4951.41 (93c720db8323b3ec10d056025ab95c23a31997c9-refs/branch-heads/4951@{#904}) on port 64575
Only local connections are allowed.
Please see https://chromedriver.chromium.org/security-considerations for suggestions on keeping ChromeDriver safe.
ChromeDriver was started successfully.
May 15, 2022 1:59:46 AM org.openqa.selenium.remote.ProtocolHandshake createSession
INFO: Detected dialect: W3C
May 15, 2022 1:59:46 AM org.openqa.selenium.devtools.CdpVersionFinder findNearestMatch
WARNING: Unable to find an exact match for CDP version 101, so returning the closest version found: 97
May 15, 2022 1:59:46 AM org.openqa.selenium.devtools.CdpVersionFinder findNearestMatch
INFO: Found CDP implementation for version 101 of 97
]]></system-err>
  </testcase>
  <testcase name="register with different email and the password has a space on it" classname="Register" time="4.306">
    <system-out><![CDATA[
Scenario: register with different email and the password has a space on it &amp#27;[90m# src/test/resources/features/Register.feature:28&amp#27;[0m
01:59:49.380 [main] INFO io.cucumber.core.plugin.SerenityReporter - Running feature from file:///D:/Intern/MSIB%20Alterra/alterra-mini-project/Serenity%20UI%20Test/src/test/resources/features/Register.feature
01:59:49.381 [main] INFO  - 
  _____   ___   ___   _____     ___   _____     _     ___   _____   ___   ___  
 |_   _| | __| / __| |_   _|   / __| |_   _|   /_\   | _ \ |_   _| | __| |   \ 
   | |   | _|  \__ \   | |     \__ \   | |    / _ \  |   /   | |   | _|  | |) |
   |_|   |___| |___/   |_|     |___/   |_|   /_/ \_\ |_|_\   |_|   |___| |___/ 

register with different email and the password has a space on it(register;register-with-different-email-and-the-password-has-a-space-on-it)
--------------------------------------------------------------------------------
01:59:49.400 [main] DEBUG net.thucydides.core.steps.StepInterceptor - STARTING STEP: RegisterSteps.onTheRegisterPage - registerPage
01:59:49.400 [main] INFO net.serenitybdd.core.webdriver.driverproviders.ChromeDriverProvider - Using automatically driver download
01:59:49.464 [main] DEBUG io.github.bonigarcia.wdm.cache.ResolutionCache - Resolution chrome=101 in cache (valid until 02:58:38 15/05/2022 ICT)
01:59:49.466 [main] DEBUG io.github.bonigarcia.wdm.cache.ResolutionCache - Resolution chrome101=101.0.4951.41 in cache (valid until 14:15:13 15/05/2022 ICT)
01:59:49.466 [main] INFO io.github.bonigarcia.wdm.WebDriverManager - Using chromedriver 101.0.4951.41 (resolved driver for Chrome 101)
01:59:49.471 [main] DEBUG io.github.bonigarcia.wdm.WebDriverManager - Driver chromedriver 101.0.4951.41 found in cache
01:59:49.472 [main] INFO io.github.bonigarcia.wdm.WebDriverManager - Exporting webdriver.chrome.driver as C:\Users\saral\.cache\selenium\chromedriver\win32\101.0.4951.41\chromedriver.exe
01:59:49.533 [main] DEBUG net.serenitybdd.core.webdriver.driverproviders.ProvideNewDriver - Instantiating driver
01:59:49.533 [main] DEBUG net.serenitybdd.core.webdriver.driverproviders.ProvideNewDriver - Driver capabilities: Capabilities {acceptInsecureCerts: false, base.url: https://qa.alta.id/, browserName: chrome, chrome.driver: src/main/resources/webdrive..., driver: chrome, goog:chromeOptions: {args: [], extensions: []}}
01:59:50.060 [AsyncHttpClient-1-6] DEBUG org.asynchttpclient.netty.channel.NettyConnectListener - Using new Channel '[id: 0x65ed1ea5, L:/127.0.0.1:56314 - R:localhost/127.0.0.1:52546]' for 'POST' to '/session'
01:59:50.619 [AsyncHttpClient-1-6] DEBUG org.asynchttpclient.netty.handler.HttpHandler - 

Request DefaultHttpRequest(decodeResult: success, version: HTTP/1.1)
POST /session HTTP/1.1
User-Agent: selenium/4.1.2 (java windows)
Content-Length: 605
Content-Type: application/json; charset=utf-8
host: localhost:52546
accept: */*

Response DefaultHttpResponse(decodeResult: success, version: HTTP/1.1)
HTTP/1.1 200 OK
Content-Type: application/json; charset=utf-8
cache-control: no-cache
content-length: 788

01:59:50.619 [AsyncHttpClient-1-6] DEBUG org.asynchttpclient.netty.channel.ChannelManager - Adding key: http://localhost:52546 for channel [id: 0x65ed1ea5, L:/127.0.0.1:56314 - R:localhost/127.0.0.1:52546]
01:59:50.622 [AsyncHttpClient-1-7] DEBUG org.asynchttpclient.netty.channel.NettyConnectListener - Using new Channel '[id: 0xaec8e469, L:/127.0.0.1:56323 - R:localhost/127.0.0.1:56315]' for 'GET' to '/json/version'
01:59:50.623 [AsyncHttpClient-1-7] DEBUG org.asynchttpclient.netty.handler.HttpHandler - 

Request DefaultFullHttpRequest(decodeResult: success, version: HTTP/1.1, content: EmptyByteBufBE)
GET /json/version HTTP/1.1
User-Agent: selenium/4.1.2 (java windows)
host: localhost:56315
accept: */*

Response DefaultHttpResponse(decodeResult: success, version: HTTP/1.1)
HTTP/1.1 200 OK
Content-Type: application/json; charset=UTF-8
content-length: 427

01:59:50.623 [AsyncHttpClient-1-7] DEBUG org.asynchttpclient.netty.channel.ChannelManager - Adding key: http://localhost:56315 for channel [id: 0xaec8e469, L:/127.0.0.1:56323 - R:localhost/127.0.0.1:56315]
01:59:50.624 [AsyncHttpClient-1-8] DEBUG org.asynchttpclient.netty.channel.NettyConnectListener - Using new Channel '[id: 0xcc803f53, L:/127.0.0.1:56324 - R:localhost/127.0.0.1:56315]' for 'GET' to '/devtools/browser/38e88d3e-bcb4-4576-aa5b-e021e220279d'
01:59:50.624 [AsyncHttpClient-1-8] DEBUG org.asynchttpclient.netty.handler.WebSocketHandler - 

Request DefaultFullHttpRequest(decodeResult: success, version: HTTP/1.1, content: EmptyByteBufBE)
GET /devtools/browser/38e88d3e-bcb4-4576-aa5b-e021e220279d HTTP/1.1
upgrade: websocket
connection: upgrade
sec-websocket-key: M0sBqFrEqxMzsl5WRdJxxA==
sec-websocket-version: 13
origin: http://localhost:56315
host: localhost:56315
accept: */*
user-agent: AHC/2.1

Response DefaultHttpResponse(decodeResult: success, version: HTTP/1.1)
HTTP/1.1 101 WebSocket Protocol Handshake
Upgrade: WebSocket
Connection: Upgrade
Sec-WebSocket-Accept: SLMFinDDj31zOh0uog1X1/mO818=

01:59:50.626 [Forwarding get on session e21f20044c57bb296ee8db8a94ae9912 to remote] DEBUG org.asynchttpclient.netty.request.NettyRequestSender - Using pooled Channel '[id: 0x65ed1ea5, L:/127.0.0.1:56314 - R:localhost/127.0.0.1:52546]' for 'POST' to 'http://localhost:52546/session/e21f20044c57bb296ee8db8a94ae9912/url'
01:59:50.626 [Forwarding get on session e21f20044c57bb296ee8db8a94ae9912 to remote] DEBUG org.asynchttpclient.netty.request.NettyRequestSender - Using open Channel [id: 0x65ed1ea5, L:/127.0.0.1:56314 - R:localhost/127.0.0.1:52546] for POST '/session/e21f20044c57bb296ee8db8a94ae9912/url'
01:59:51.362 [AsyncHttpClient-1-1] DEBUG org.asynchttpclient.netty.channel.DefaultChannelPool - Entry count for : http://localhost:56315 : 1
01:59:51.935 [AsyncHttpClient-1-6] DEBUG org.asynchttpclient.netty.handler.HttpHandler - 

Request DefaultHttpRequest(decodeResult: success, version: HTTP/1.1)
POST /session/e21f20044c57bb296ee8db8a94ae9912/url HTTP/1.1
User-Agent: selenium/4.1.2 (java windows)
Content-Length: 67
Content-Type: application/json; charset=utf-8
host: localhost:52546
accept: */*

Response DefaultHttpResponse(decodeResult: success, version: HTTP/1.1)
HTTP/1.1 200 OK
Content-Type: application/json; charset=utf-8
cache-control: no-cache
content-length: 14

01:59:51.935 [AsyncHttpClient-1-6] DEBUG org.asynchttpclient.netty.channel.ChannelManager - Adding key: http://localhost:52546 for channel [id: 0x65ed1ea5, L:/127.0.0.1:56314 - R:localhost/127.0.0.1:52546]
01:59:51.936 [Forwarding setTimeout on session e21f20044c57bb296ee8db8a94ae9912 to remote] DEBUG org.asynchttpclient.netty.request.NettyRequestSender - Using pooled Channel '[id: 0x65ed1ea5, L:/127.0.0.1:56314 - R:localhost/127.0.0.1:52546]' for 'POST' to 'http://localhost:52546/session/e21f20044c57bb296ee8db8a94ae9912/timeouts'
01:59:51.936 [Forwarding setTimeout on session e21f20044c57bb296ee8db8a94ae9912 to remote] DEBUG org.asynchttpclient.netty.request.NettyRequestSender - Using open Channel [id: 0x65ed1ea5, L:/127.0.0.1:56314 - R:localhost/127.0.0.1:52546] for POST '/session/e21f20044c57bb296ee8db8a94ae9912/timeouts'
01:59:51.936 [AsyncHttpClient-1-6] DEBUG org.asynchttpclient.netty.handler.HttpHandler - 

Request DefaultHttpRequest(decodeResult: success, version: HTTP/1.1)
POST /session/e21f20044c57bb296ee8db8a94ae9912/timeouts HTTP/1.1
User-Agent: selenium/4.1.2 (java windows)
Content-Length: 22
Content-Type: application/json; charset=utf-8
host: localhost:52546
accept: */*

Response DefaultHttpResponse(decodeResult: success, version: HTTP/1.1)
HTTP/1.1 200 OK
Content-Type: application/json; charset=utf-8
cache-control: no-cache
content-length: 14

01:59:51.936 [AsyncHttpClient-1-6] DEBUG org.asynchttpclient.netty.channel.ChannelManager - Adding key: http://localhost:52546 for channel [id: 0x65ed1ea5, L:/127.0.0.1:56314 - R:localhost/127.0.0.1:52546]
01:59:51.938 [Forwarding getCurrentUrl on session e21f20044c57bb296ee8db8a94ae9912 to remote] DEBUG org.asynchttpclient.netty.request.NettyRequestSender - Using pooled Channel '[id: 0x65ed1ea5, L:/127.0.0.1:56314 - R:localhost/127.0.0.1:52546]' for 'GET' to 'http://localhost:52546/session/e21f20044c57bb296ee8db8a94ae9912/url'
01:59:51.938 [Forwarding getCurrentUrl on session e21f20044c57bb296ee8db8a94ae9912 to remote] DEBUG org.asynchttpclient.netty.request.NettyRequestSender - Using open Channel [id: 0x65ed1ea5, L:/127.0.0.1:56314 - R:localhost/127.0.0.1:52546] for GET '/session/e21f20044c57bb296ee8db8a94ae9912/url'
01:59:51.941 [AsyncHttpClient-1-6] DEBUG org.asynchttpclient.netty.handler.HttpHandler - 

Request DefaultFullHttpRequest(decodeResult: success, version: HTTP/1.1, content: EmptyByteBufBE)
GET /session/e21f20044c57bb296ee8db8a94ae9912/url HTTP/1.1
User-Agent: selenium/4.1.2 (java windows)
Cache-Control: no-cache
Content-Type: application/json; charset=utf-8
host: localhost:52546
accept: */*

Response DefaultHttpResponse(decodeResult: success, version: HTTP/1.1)
HTTP/1.1 200 OK
Content-Type: application/json; charset=utf-8
cache-control: no-cache
content-length: 44

01:59:51.941 [AsyncHttpClient-1-6] DEBUG org.asynchttpclient.netty.channel.ChannelManager - Adding key: http://localhost:52546 for channel [id: 0x65ed1ea5, L:/127.0.0.1:56314 - R:localhost/127.0.0.1:52546]
01:59:51.944 [Forwarding screenshot on session e21f20044c57bb296ee8db8a94ae9912 to remote] DEBUG org.asynchttpclient.netty.request.NettyRequestSender - Using pooled Channel '[id: 0x65ed1ea5, L:/127.0.0.1:56314 - R:localhost/127.0.0.1:52546]' for 'GET' to 'http://localhost:52546/session/e21f20044c57bb296ee8db8a94ae9912/screenshot'
01:59:51.944 [Forwarding screenshot on session e21f20044c57bb296ee8db8a94ae9912 to remote] DEBUG org.asynchttpclient.netty.request.NettyRequestSender - Using open Channel [id: 0x65ed1ea5, L:/127.0.0.1:56314 - R:localhost/127.0.0.1:52546] for GET '/session/e21f20044c57bb296ee8db8a94ae9912/screenshot'
01:59:52.026 [AsyncHttpClient-1-6] DEBUG org.asynchttpclient.netty.handler.HttpHandler - 

Request DefaultFullHttpRequest(decodeResult: success, version: HTTP/1.1, content: EmptyByteBufBE)
GET /session/e21f20044c57bb296ee8db8a94ae9912/screenshot HTTP/1.1
User-Agent: selenium/4.1.2 (java windows)
Cache-Control: no-cache
Content-Type: application/json; charset=utf-8
host: localhost:52546
accept: */*

Response DefaultHttpResponse(decodeResult: success, version: HTTP/1.1)
HTTP/1.1 200 OK
Content-Type: application/json; charset=utf-8
cache-control: no-cache
content-length: 37576

01:59:52.026 [AsyncHttpClient-1-6] DEBUG org.asynchttpclient.netty.channel.ChannelManager - Adding key: http://localhost:52546 for channel [id: 0x65ed1ea5, L:/127.0.0.1:56314 - R:localhost/127.0.0.1:52546]
01:59:52.027 [main] DEBUG net.serenitybdd.core.photography.Darkroom - Send negative for processing for target\site\serenity\a7ccf41b77a9a7a591db44ebecd123572974338bd60237eef6c71f2062964664.png
01:59:52.027 [main] DEBUG net.thucydides.core.steps.StepInterceptor - STEP DONE: registerPage
01:59:52.029 [main] DEBUG net.thucydides.core.steps.StepInterceptor - STARTING STEP: RegisterSteps.onTheRegisterPage - validateOnRegisterPage
01:59:52.030 [Forwarding findElement on session e21f20044c57bb296ee8db8a94ae9912 to remote] DEBUG org.asynchttpclient.netty.request.NettyRequestSender - Using pooled Channel '[id: 0x65ed1ea5, L:/127.0.0.1:56314 - R:localhost/127.0.0.1:52546]' for 'POST' to 'http://localhost:52546/session/e21f20044c57bb296ee8db8a94ae9912/element'
01:59:52.030 [Forwarding findElement on session e21f20044c57bb296ee8db8a94ae9912 to remote] DEBUG org.asynchttpclient.netty.request.NettyRequestSender - Using open Channel [id: 0x65ed1ea5, L:/127.0.0.1:56314 - R:localhost/127.0.0.1:52546] for POST '/session/e21f20044c57bb296ee8db8a94ae9912/element'
01:59:52.037 [AsyncHttpClient-1-6] DEBUG org.asynchttpclient.netty.handler.HttpHandler - 

Request DefaultHttpRequest(decodeResult: success, version: HTTP/1.1)
POST /session/e21f20044c57bb296ee8db8a94ae9912/element HTTP/1.1
User-Agent: selenium/4.1.2 (java windows)
Content-Length: 155
Content-Type: application/json; charset=utf-8
host: localhost:52546
accept: */*

Response DefaultHttpResponse(decodeResult: success, version: HTTP/1.1)
HTTP/1.1 200 OK
Content-Type: application/json; charset=utf-8
cache-control: no-cache
content-length: 88

01:59:52.037 [AsyncHttpClient-1-6] DEBUG org.asynchttpclient.netty.channel.ChannelManager - Adding key: http://localhost:52546 for channel [id: 0x65ed1ea5, L:/127.0.0.1:56314 - R:localhost/127.0.0.1:52546]
01:59:52.040 [Forwarding isElementDisplayed on session e21f20044c57bb296ee8db8a94ae9912 to remote] DEBUG org.asynchttpclient.netty.request.NettyRequestSender - Using pooled Channel '[id: 0x65ed1ea5, L:/127.0.0.1:56314 - R:localhost/127.0.0.1:52546]' for 'POST' to 'http://localhost:52546/session/e21f20044c57bb296ee8db8a94ae9912/execute/sync'
01:59:52.040 [Forwarding isElementDisplayed on session e21f20044c57bb296ee8db8a94ae9912 to remote] DEBUG org.asynchttpclient.netty.request.NettyRequestSender - Using open Channel [id: 0x65ed1ea5, L:/127.0.0.1:56314 - R:localhost/127.0.0.1:52546] for POST '/session/e21f20044c57bb296ee8db8a94ae9912/execute/sync'
01:59:52.047 [AsyncHttpClient-1-6] DEBUG org.asynchttpclient.netty.handler.HttpHandler - 

Request DefaultHttpRequest(decodeResult: success, version: HTTP/1.1)
POST /session/e21f20044c57bb296ee8db8a94ae9912/execute/sync HTTP/1.1
User-Agent: selenium/4.1.2 (java windows)
Content-Length: 48780
Content-Type: application/json; charset=utf-8
host: localhost:52546
accept: */*

Response DefaultHttpResponse(decodeResult: success, version: HTTP/1.1)
HTTP/1.1 200 OK
Content-Type: application/json; charset=utf-8
cache-control: no-cache
content-length: 14

01:59:52.047 [AsyncHttpClient-1-6] DEBUG org.asynchttpclient.netty.channel.ChannelManager - Adding key: http://localhost:52546 for channel [id: 0x65ed1ea5, L:/127.0.0.1:56314 - R:localhost/127.0.0.1:52546]
01:59:52.049 [main] DEBUG net.thucydides.core.steps.StepInterceptor - STEP DONE: validateOnRegisterPage
  &amp#27;[32mGiven &amp#27;[0m&amp#27;[32mI am on the register page&amp#27;[0m                                          &amp#27;[90m# starter.stepdefinitions.RegisterSteps.onTheRegisterPage()&amp#27;[0m
01:59:52.055 [main] DEBUG net.thucydides.core.steps.StepInterceptor - STARTING STEP: RegisterSteps.inputValidFullName - inputNamaLengkap
01:59:52.056 [Forwarding findElement on session e21f20044c57bb296ee8db8a94ae9912 to remote] DEBUG org.asynchttpclient.netty.request.NettyRequestSender - Using pooled Channel '[id: 0x65ed1ea5, L:/127.0.0.1:56314 - R:localhost/127.0.0.1:52546]' for 'POST' to 'http://localhost:52546/session/e21f20044c57bb296ee8db8a94ae9912/element'
01:59:52.056 [Forwarding findElement on session e21f20044c57bb296ee8db8a94ae9912 to remote] DEBUG org.asynchttpclient.netty.request.NettyRequestSender - Using open Channel [id: 0x65ed1ea5, L:/127.0.0.1:56314 - R:localhost/127.0.0.1:52546] for POST '/session/e21f20044c57bb296ee8db8a94ae9912/element'
01:59:52.063 [AsyncHttpClient-1-6] DEBUG org.asynchttpclient.netty.handler.HttpHandler - 

Request DefaultHttpRequest(decodeResult: success, version: HTTP/1.1)
POST /session/e21f20044c57bb296ee8db8a94ae9912/element HTTP/1.1
User-Agent: selenium/4.1.2 (java windows)
Content-Length: 91
Content-Type: application/json; charset=utf-8
host: localhost:52546
accept: */*

Response DefaultHttpResponse(decodeResult: success, version: HTTP/1.1)
HTTP/1.1 200 OK
Content-Type: application/json; charset=utf-8
cache-control: no-cache
content-length: 88

01:59:52.063 [AsyncHttpClient-1-6] DEBUG org.asynchttpclient.netty.channel.ChannelManager - Adding key: http://localhost:52546 for channel [id: 0x65ed1ea5, L:/127.0.0.1:56314 - R:localhost/127.0.0.1:52546]
01:59:52.065 [Forwarding clearElement on session e21f20044c57bb296ee8db8a94ae9912 to remote] DEBUG org.asynchttpclient.netty.request.NettyRequestSender - Using pooled Channel '[id: 0x65ed1ea5, L:/127.0.0.1:56314 - R:localhost/127.0.0.1:52546]' for 'POST' to 'http://localhost:52546/session/e21f20044c57bb296ee8db8a94ae9912/element/054366fc-d884-41ff-9bd9-79ec30f83b84/clear'
01:59:52.065 [Forwarding clearElement on session e21f20044c57bb296ee8db8a94ae9912 to remote] DEBUG org.asynchttpclient.netty.request.NettyRequestSender - Using open Channel [id: 0x65ed1ea5, L:/127.0.0.1:56314 - R:localhost/127.0.0.1:52546] for POST '/session/e21f20044c57bb296ee8db8a94ae9912/element/054366fc-d884-41ff-9bd9-79ec30f83b84/clear'
01:59:52.083 [AsyncHttpClient-1-6] DEBUG org.asynchttpclient.netty.handler.HttpHandler - 

Request DefaultHttpRequest(decodeResult: success, version: HTTP/1.1)
POST /session/e21f20044c57bb296ee8db8a94ae9912/element/054366fc-d884-41ff-9bd9-79ec30f83b84/clear HTTP/1.1
User-Agent: selenium/4.1.2 (java windows)
Content-Length: 50
Content-Type: application/json; charset=utf-8
host: localhost:52546
accept: */*

Response DefaultHttpResponse(decodeResult: success, version: HTTP/1.1)
HTTP/1.1 200 OK
Content-Type: application/json; charset=utf-8
cache-control: no-cache
content-length: 14

01:59:52.083 [AsyncHttpClient-1-6] DEBUG org.asynchttpclient.netty.channel.ChannelManager - Adding key: http://localhost:52546 for channel [id: 0x65ed1ea5, L:/127.0.0.1:56314 - R:localhost/127.0.0.1:52546]
01:59:52.084 [Forwarding sendKeysToElement on session e21f20044c57bb296ee8db8a94ae9912 to remote] DEBUG org.asynchttpclient.netty.request.NettyRequestSender - Using pooled Channel '[id: 0x65ed1ea5, L:/127.0.0.1:56314 - R:localhost/127.0.0.1:52546]' for 'POST' to 'http://localhost:52546/session/e21f20044c57bb296ee8db8a94ae9912/element/054366fc-d884-41ff-9bd9-79ec30f83b84/value'
01:59:52.084 [Forwarding sendKeysToElement on session e21f20044c57bb296ee8db8a94ae9912 to remote] DEBUG org.asynchttpclient.netty.request.NettyRequestSender - Using open Channel [id: 0x65ed1ea5, L:/127.0.0.1:56314 - R:localhost/127.0.0.1:52546] for POST '/session/e21f20044c57bb296ee8db8a94ae9912/element/054366fc-d884-41ff-9bd9-79ec30f83b84/value'
01:59:52.171 [AsyncHttpClient-1-6] DEBUG org.asynchttpclient.netty.handler.HttpHandler - 

Request DefaultHttpRequest(decodeResult: success, version: HTTP/1.1)
POST /session/e21f20044c57bb296ee8db8a94ae9912/element/054366fc-d884-41ff-9bd9-79ec30f83b84/value HTTP/1.1
User-Agent: selenium/4.1.2 (java windows)
Content-Length: 271
Content-Type: application/json; charset=utf-8
host: localhost:52546
accept: */*

Response DefaultHttpResponse(decodeResult: success, version: HTTP/1.1)
HTTP/1.1 200 OK
Content-Type: application/json; charset=utf-8
cache-control: no-cache
content-length: 14

01:59:52.171 [AsyncHttpClient-1-6] DEBUG org.asynchttpclient.netty.channel.ChannelManager - Adding key: http://localhost:52546 for channel [id: 0x65ed1ea5, L:/127.0.0.1:56314 - R:localhost/127.0.0.1:52546]
01:59:52.174 [Forwarding screenshot on session e21f20044c57bb296ee8db8a94ae9912 to remote] DEBUG org.asynchttpclient.netty.request.NettyRequestSender - Using pooled Channel '[id: 0x65ed1ea5, L:/127.0.0.1:56314 - R:localhost/127.0.0.1:52546]' for 'GET' to 'http://localhost:52546/session/e21f20044c57bb296ee8db8a94ae9912/screenshot'
01:59:52.174 [Forwarding screenshot on session e21f20044c57bb296ee8db8a94ae9912 to remote] DEBUG org.asynchttpclient.netty.request.NettyRequestSender - Using open Channel [id: 0x65ed1ea5, L:/127.0.0.1:56314 - R:localhost/127.0.0.1:52546] for GET '/session/e21f20044c57bb296ee8db8a94ae9912/screenshot'
01:59:52.264 [AsyncHttpClient-1-6] DEBUG org.asynchttpclient.netty.handler.HttpHandler - 

Request DefaultFullHttpRequest(decodeResult: success, version: HTTP/1.1, content: EmptyByteBufBE)
GET /session/e21f20044c57bb296ee8db8a94ae9912/screenshot HTTP/1.1
User-Agent: selenium/4.1.2 (java windows)
Cache-Control: no-cache
Content-Type: application/json; charset=utf-8
host: localhost:52546
accept: */*

Response DefaultHttpResponse(decodeResult: success, version: HTTP/1.1)
HTTP/1.1 200 OK
Content-Type: application/json; charset=utf-8
cache-control: no-cache
content-length: 41504

01:59:52.264 [AsyncHttpClient-1-6] DEBUG org.asynchttpclient.netty.channel.ChannelManager - Adding key: http://localhost:52546 for channel [id: 0x65ed1ea5, L:/127.0.0.1:56314 - R:localhost/127.0.0.1:52546]
01:59:52.265 [main] DEBUG net.serenitybdd.core.photography.Darkroom - Send negative for processing for target\site\serenity\64756f2b0501dba109c5c25d32c444a221dcab738fa43fb98d7bf141ba15a83d.png
01:59:52.265 [main] DEBUG net.thucydides.core.steps.StepInterceptor - STEP DONE: inputNamaLengkap
  &amp#27;[32mWhen &amp#27;[0m&amp#27;[32mI input valid full name&amp#27;[0m                                             &amp#27;[90m# starter.stepdefinitions.RegisterSteps.inputValidFullName()&amp#27;[0m
01:59:52.266 [Darkroom Processing Line] DEBUG net.serenitybdd.core.photography.DarkroomProcessingLine - Processing screenshot image in /var/screenshots/screenshot-1997385041448320606
01:59:52.266 [Darkroom Processing Line] DEBUG net.serenitybdd.core.photography.DarkroomProcessingLine - Saving screenshot to target\site\serenity\64756f2b0501dba109c5c25d32c444a221dcab738fa43fb98d7bf141ba15a83d.png
01:59:52.278 [main] DEBUG net.thucydides.core.steps.StepInterceptor - STARTING STEP: LoginSteps.inputValidEmail - inputEmail
01:59:52.279 [Forwarding findElement on session e21f20044c57bb296ee8db8a94ae9912 to remote] DEBUG org.asynchttpclient.netty.request.NettyRequestSender - Using pooled Channel '[id: 0x65ed1ea5, L:/127.0.0.1:56314 - R:localhost/127.0.0.1:52546]' for 'POST' to 'http://localhost:52546/session/e21f20044c57bb296ee8db8a94ae9912/element'
01:59:52.279 [Forwarding findElement on session e21f20044c57bb296ee8db8a94ae9912 to remote] DEBUG org.asynchttpclient.netty.request.NettyRequestSender - Using open Channel [id: 0x65ed1ea5, L:/127.0.0.1:56314 - R:localhost/127.0.0.1:52546] for POST '/session/e21f20044c57bb296ee8db8a94ae9912/element'
01:59:52.290 [AsyncHttpClient-1-6] DEBUG org.asynchttpclient.netty.handler.HttpHandler - 

Request DefaultHttpRequest(decodeResult: success, version: HTTP/1.1)
POST /session/e21f20044c57bb296ee8db8a94ae9912/element HTTP/1.1
User-Agent: selenium/4.1.2 (java windows)
Content-Length: 84
Content-Type: application/json; charset=utf-8
host: localhost:52546
accept: */*

Response DefaultHttpResponse(decodeResult: success, version: HTTP/1.1)
HTTP/1.1 200 OK
Content-Type: application/json; charset=utf-8
cache-control: no-cache
content-length: 88

01:59:52.290 [AsyncHttpClient-1-6] DEBUG org.asynchttpclient.netty.channel.ChannelManager - Adding key: http://localhost:52546 for channel [id: 0x65ed1ea5, L:/127.0.0.1:56314 - R:localhost/127.0.0.1:52546]
01:59:52.291 [Forwarding clearElement on session e21f20044c57bb296ee8db8a94ae9912 to remote] DEBUG org.asynchttpclient.netty.request.NettyRequestSender - Using pooled Channel '[id: 0x65ed1ea5, L:/127.0.0.1:56314 - R:localhost/127.0.0.1:52546]' for 'POST' to 'http://localhost:52546/session/e21f20044c57bb296ee8db8a94ae9912/element/b4fe1ee1-ae25-4f78-a5d4-7166db9e5571/clear'
01:59:52.291 [Forwarding clearElement on session e21f20044c57bb296ee8db8a94ae9912 to remote] DEBUG org.asynchttpclient.netty.request.NettyRequestSender - Using open Channel [id: 0x65ed1ea5, L:/127.0.0.1:56314 - R:localhost/127.0.0.1:52546] for POST '/session/e21f20044c57bb296ee8db8a94ae9912/element/b4fe1ee1-ae25-4f78-a5d4-7166db9e5571/clear'
01:59:52.312 [AsyncHttpClient-1-6] DEBUG org.asynchttpclient.netty.handler.HttpHandler - 

Request DefaultHttpRequest(decodeResult: success, version: HTTP/1.1)
POST /session/e21f20044c57bb296ee8db8a94ae9912/element/b4fe1ee1-ae25-4f78-a5d4-7166db9e5571/clear HTTP/1.1
User-Agent: selenium/4.1.2 (java windows)
Content-Length: 50
Content-Type: application/json; charset=utf-8
host: localhost:52546
accept: */*

Response DefaultHttpResponse(decodeResult: success, version: HTTP/1.1)
HTTP/1.1 200 OK
Content-Type: application/json; charset=utf-8
cache-control: no-cache
content-length: 14

01:59:52.312 [AsyncHttpClient-1-6] DEBUG org.asynchttpclient.netty.channel.ChannelManager - Adding key: http://localhost:52546 for channel [id: 0x65ed1ea5, L:/127.0.0.1:56314 - R:localhost/127.0.0.1:52546]
01:59:52.313 [Forwarding sendKeysToElement on session e21f20044c57bb296ee8db8a94ae9912 to remote] DEBUG org.asynchttpclient.netty.request.NettyRequestSender - Using pooled Channel '[id: 0x65ed1ea5, L:/127.0.0.1:56314 - R:localhost/127.0.0.1:52546]' for 'POST' to 'http://localhost:52546/session/e21f20044c57bb296ee8db8a94ae9912/element/b4fe1ee1-ae25-4f78-a5d4-7166db9e5571/value'
01:59:52.313 [Forwarding sendKeysToElement on session e21f20044c57bb296ee8db8a94ae9912 to remote] DEBUG org.asynchttpclient.netty.request.NettyRequestSender - Using open Channel [id: 0x65ed1ea5, L:/127.0.0.1:56314 - R:localhost/127.0.0.1:52546] for POST '/session/e21f20044c57bb296ee8db8a94ae9912/element/b4fe1ee1-ae25-4f78-a5d4-7166db9e5571/value'
01:59:52.371 [AsyncHttpClient-1-6] DEBUG org.asynchttpclient.netty.handler.HttpHandler - 

Request DefaultHttpRequest(decodeResult: success, version: HTTP/1.1)
POST /session/e21f20044c57bb296ee8db8a94ae9912/element/b4fe1ee1-ae25-4f78-a5d4-7166db9e5571/value HTTP/1.1
User-Agent: selenium/4.1.2 (java windows)
Content-Length: 231
Content-Type: application/json; charset=utf-8
host: localhost:52546
accept: */*

Response DefaultHttpResponse(decodeResult: success, version: HTTP/1.1)
HTTP/1.1 200 OK
Content-Type: application/json; charset=utf-8
cache-control: no-cache
content-length: 14

01:59:52.371 [AsyncHttpClient-1-6] DEBUG org.asynchttpclient.netty.channel.ChannelManager - Adding key: http://localhost:52546 for channel [id: 0x65ed1ea5, L:/127.0.0.1:56314 - R:localhost/127.0.0.1:52546]
01:59:52.374 [Forwarding screenshot on session e21f20044c57bb296ee8db8a94ae9912 to remote] DEBUG org.asynchttpclient.netty.request.NettyRequestSender - Using pooled Channel '[id: 0x65ed1ea5, L:/127.0.0.1:56314 - R:localhost/127.0.0.1:52546]' for 'GET' to 'http://localhost:52546/session/e21f20044c57bb296ee8db8a94ae9912/screenshot'
01:59:52.374 [Forwarding screenshot on session e21f20044c57bb296ee8db8a94ae9912 to remote] DEBUG org.asynchttpclient.netty.request.NettyRequestSender - Using open Channel [id: 0x65ed1ea5, L:/127.0.0.1:56314 - R:localhost/127.0.0.1:52546] for GET '/session/e21f20044c57bb296ee8db8a94ae9912/screenshot'
01:59:52.462 [AsyncHttpClient-1-1] DEBUG org.asynchttpclient.netty.channel.DefaultChannelPool - Entry count for : http://localhost:56315 : 1
01:59:52.463 [AsyncHttpClient-1-6] DEBUG org.asynchttpclient.netty.handler.HttpHandler - 

Request DefaultFullHttpRequest(decodeResult: success, version: HTTP/1.1, content: EmptyByteBufBE)
GET /session/e21f20044c57bb296ee8db8a94ae9912/screenshot HTTP/1.1
User-Agent: selenium/4.1.2 (java windows)
Cache-Control: no-cache
Content-Type: application/json; charset=utf-8
host: localhost:52546
accept: */*

Response DefaultHttpResponse(decodeResult: success, version: HTTP/1.1)
HTTP/1.1 200 OK
Content-Type: application/json; charset=utf-8
cache-control: no-cache
content-length: 46824

01:59:52.464 [AsyncHttpClient-1-6] DEBUG org.asynchttpclient.netty.channel.ChannelManager - Adding key: http://localhost:52546 for channel [id: 0x65ed1ea5, L:/127.0.0.1:56314 - R:localhost/127.0.0.1:52546]
01:59:52.465 [main] DEBUG net.serenitybdd.core.photography.Darkroom - Send negative for processing for target\site\serenity\b11f96a3b7034611ffb4b4f9146bae9051aaf99ca494e7c3732b7213f4a377c6.png
01:59:52.465 [main] DEBUG net.thucydides.core.steps.StepInterceptor - STEP DONE: inputEmail
  &amp#27;[32mAnd &amp#27;[0m&amp#27;[32mI input valid email&amp#27;[0m                                                  &amp#27;[90m# starter.stepdefinitions.LoginSteps.inputValidEmail()&amp#27;[0m
01:59:52.465 [Darkroom Processing Line] DEBUG net.serenitybdd.core.photography.DarkroomProcessingLine - Processing screenshot image in /var/screenshots/screenshot-13605525899215029506
01:59:52.465 [Darkroom Processing Line] DEBUG net.serenitybdd.core.photography.DarkroomProcessingLine - Saving screenshot to target\site\serenity\b11f96a3b7034611ffb4b4f9146bae9051aaf99ca494e7c3732b7213f4a377c6.png
01:59:52.473 [main] DEBUG net.thucydides.core.steps.StepInterceptor - STARTING STEP: RegisterSteps.inputInvalidPasswordWithSpace - inputPassword
01:59:52.474 [Forwarding findElement on session e21f20044c57bb296ee8db8a94ae9912 to remote] DEBUG org.asynchttpclient.netty.request.NettyRequestSender - Using pooled Channel '[id: 0x65ed1ea5, L:/127.0.0.1:56314 - R:localhost/127.0.0.1:52546]' for 'POST' to 'http://localhost:52546/session/e21f20044c57bb296ee8db8a94ae9912/element'
01:59:52.474 [Forwarding findElement on session e21f20044c57bb296ee8db8a94ae9912 to remote] DEBUG org.asynchttpclient.netty.request.NettyRequestSender - Using open Channel [id: 0x65ed1ea5, L:/127.0.0.1:56314 - R:localhost/127.0.0.1:52546] for POST '/session/e21f20044c57bb296ee8db8a94ae9912/element'
01:59:52.482 [AsyncHttpClient-1-6] DEBUG org.asynchttpclient.netty.handler.HttpHandler - 

Request DefaultHttpRequest(decodeResult: success, version: HTTP/1.1)
POST /session/e21f20044c57bb296ee8db8a94ae9912/element HTTP/1.1
User-Agent: selenium/4.1.2 (java windows)
Content-Length: 87
Content-Type: application/json; charset=utf-8
host: localhost:52546
accept: */*

Response DefaultHttpResponse(decodeResult: success, version: HTTP/1.1)
HTTP/1.1 200 OK
Content-Type: application/json; charset=utf-8
cache-control: no-cache
content-length: 88

01:59:52.482 [AsyncHttpClient-1-6] DEBUG org.asynchttpclient.netty.channel.ChannelManager - Adding key: http://localhost:52546 for channel [id: 0x65ed1ea5, L:/127.0.0.1:56314 - R:localhost/127.0.0.1:52546]
01:59:52.483 [Forwarding clearElement on session e21f20044c57bb296ee8db8a94ae9912 to remote] DEBUG org.asynchttpclient.netty.request.NettyRequestSender - Using pooled Channel '[id: 0x65ed1ea5, L:/127.0.0.1:56314 - R:localhost/127.0.0.1:52546]' for 'POST' to 'http://localhost:52546/session/e21f20044c57bb296ee8db8a94ae9912/element/cb19cac9-222c-42c8-ae4b-2012d2945a8c/clear'
01:59:52.483 [Forwarding clearElement on session e21f20044c57bb296ee8db8a94ae9912 to remote] DEBUG org.asynchttpclient.netty.request.NettyRequestSender - Using open Channel [id: 0x65ed1ea5, L:/127.0.0.1:56314 - R:localhost/127.0.0.1:52546] for POST '/session/e21f20044c57bb296ee8db8a94ae9912/element/cb19cac9-222c-42c8-ae4b-2012d2945a8c/clear'
01:59:52.508 [AsyncHttpClient-1-6] DEBUG org.asynchttpclient.netty.handler.HttpHandler - 

Request DefaultHttpRequest(decodeResult: success, version: HTTP/1.1)
POST /session/e21f20044c57bb296ee8db8a94ae9912/element/cb19cac9-222c-42c8-ae4b-2012d2945a8c/clear HTTP/1.1
User-Agent: selenium/4.1.2 (java windows)
Content-Length: 50
Content-Type: application/json; charset=utf-8
host: localhost:52546
accept: */*

Response DefaultHttpResponse(decodeResult: success, version: HTTP/1.1)
HTTP/1.1 200 OK
Content-Type: application/json; charset=utf-8
cache-control: no-cache
content-length: 14

01:59:52.508 [AsyncHttpClient-1-6] DEBUG org.asynchttpclient.netty.channel.ChannelManager - Adding key: http://localhost:52546 for channel [id: 0x65ed1ea5, L:/127.0.0.1:56314 - R:localhost/127.0.0.1:52546]
01:59:52.509 [Forwarding sendKeysToElement on session e21f20044c57bb296ee8db8a94ae9912 to remote] DEBUG org.asynchttpclient.netty.request.NettyRequestSender - Using pooled Channel '[id: 0x65ed1ea5, L:/127.0.0.1:56314 - R:localhost/127.0.0.1:52546]' for 'POST' to 'http://localhost:52546/session/e21f20044c57bb296ee8db8a94ae9912/element/cb19cac9-222c-42c8-ae4b-2012d2945a8c/value'
01:59:52.509 [Forwarding sendKeysToElement on session e21f20044c57bb296ee8db8a94ae9912 to remote] DEBUG org.asynchttpclient.netty.request.NettyRequestSender - Using open Channel [id: 0x65ed1ea5, L:/127.0.0.1:56314 - R:localhost/127.0.0.1:52546] for POST '/session/e21f20044c57bb296ee8db8a94ae9912/element/cb19cac9-222c-42c8-ae4b-2012d2945a8c/value'
01:59:52.561 [AsyncHttpClient-1-6] DEBUG org.asynchttpclient.netty.handler.HttpHandler - 

Request DefaultHttpRequest(decodeResult: success, version: HTTP/1.1)
POST /session/e21f20044c57bb296ee8db8a94ae9912/element/cb19cac9-222c-42c8-ae4b-2012d2945a8c/value HTTP/1.1
User-Agent: selenium/4.1.2 (java windows)
Content-Length: 161
Content-Type: application/json; charset=utf-8
host: localhost:52546
accept: */*

Response DefaultHttpResponse(decodeResult: success, version: HTTP/1.1)
HTTP/1.1 200 OK
Content-Type: application/json; charset=utf-8
cache-control: no-cache
content-length: 14

01:59:52.561 [AsyncHttpClient-1-6] DEBUG org.asynchttpclient.netty.channel.ChannelManager - Adding key: http://localhost:52546 for channel [id: 0x65ed1ea5, L:/127.0.0.1:56314 - R:localhost/127.0.0.1:52546]
01:59:52.566 [Forwarding screenshot on session e21f20044c57bb296ee8db8a94ae9912 to remote] DEBUG org.asynchttpclient.netty.request.NettyRequestSender - Using pooled Channel '[id: 0x65ed1ea5, L:/127.0.0.1:56314 - R:localhost/127.0.0.1:52546]' for 'GET' to 'http://localhost:52546/session/e21f20044c57bb296ee8db8a94ae9912/screenshot'
01:59:52.566 [Forwarding screenshot on session e21f20044c57bb296ee8db8a94ae9912 to remote] DEBUG org.asynchttpclient.netty.request.NettyRequestSender - Using open Channel [id: 0x65ed1ea5, L:/127.0.0.1:56314 - R:localhost/127.0.0.1:52546] for GET '/session/e21f20044c57bb296ee8db8a94ae9912/screenshot'
01:59:52.667 [AsyncHttpClient-1-6] DEBUG org.asynchttpclient.netty.handler.HttpHandler - 

Request DefaultFullHttpRequest(decodeResult: success, version: HTTP/1.1, content: EmptyByteBufBE)
GET /session/e21f20044c57bb296ee8db8a94ae9912/screenshot HTTP/1.1
User-Agent: selenium/4.1.2 (java windows)
Cache-Control: no-cache
Content-Type: application/json; charset=utf-8
host: localhost:52546
accept: */*

Response DefaultHttpResponse(decodeResult: success, version: HTTP/1.1)
HTTP/1.1 200 OK
Content-Type: application/json; charset=utf-8
cache-control: no-cache
content-length: 49292

01:59:52.667 [AsyncHttpClient-1-6] DEBUG org.asynchttpclient.netty.channel.ChannelManager - Adding key: http://localhost:52546 for channel [id: 0x65ed1ea5, L:/127.0.0.1:56314 - R:localhost/127.0.0.1:52546]
01:59:52.668 [main] DEBUG net.serenitybdd.core.photography.Darkroom - Send negative for processing for target\site\serenity\046fabed8ee0f0c5185a114aa5f85fb0916c34416e0ca042921e78d517c1afda.png
01:59:52.668 [main] DEBUG net.thucydides.core.steps.StepInterceptor - STEP DONE: inputPassword
  &amp#27;[32mAnd &amp#27;[0m&amp#27;[32mI input invalid password with space&amp#27;[0m                                  &amp#27;[90m# starter.stepdefinitions.RegisterSteps.inputInvalidPasswordWithSpace()&amp#27;[0m
01:59:52.669 [Darkroom Processing Line] DEBUG net.serenitybdd.core.photography.DarkroomProcessingLine - Processing screenshot image in /var/screenshots/screenshot-16872473016975682006
01:59:52.669 [Darkroom Processing Line] DEBUG net.serenitybdd.core.photography.DarkroomProcessingLine - Saving screenshot to target\site\serenity\046fabed8ee0f0c5185a114aa5f85fb0916c34416e0ca042921e78d517c1afda.png
01:59:52.678 [main] DEBUG net.thucydides.core.steps.StepInterceptor - STARTING STEP: RegisterSteps.clickRegisterButton - clickRegisterButton
01:59:52.679 [Forwarding findElement on session e21f20044c57bb296ee8db8a94ae9912 to remote] DEBUG org.asynchttpclient.netty.request.NettyRequestSender - Using pooled Channel '[id: 0x65ed1ea5, L:/127.0.0.1:56314 - R:localhost/127.0.0.1:52546]' for 'POST' to 'http://localhost:52546/session/e21f20044c57bb296ee8db8a94ae9912/element'
01:59:52.679 [Forwarding findElement on session e21f20044c57bb296ee8db8a94ae9912 to remote] DEBUG org.asynchttpclient.netty.request.NettyRequestSender - Using open Channel [id: 0x65ed1ea5, L:/127.0.0.1:56314 - R:localhost/127.0.0.1:52546] for POST '/session/e21f20044c57bb296ee8db8a94ae9912/element'
01:59:52.686 [AsyncHttpClient-1-6] DEBUG org.asynchttpclient.netty.handler.HttpHandler - 

Request DefaultHttpRequest(decodeResult: success, version: HTTP/1.1)
POST /session/e21f20044c57bb296ee8db8a94ae9912/element HTTP/1.1
User-Agent: selenium/4.1.2 (java windows)
Content-Length: 155
Content-Type: application/json; charset=utf-8
host: localhost:52546
accept: */*

Response DefaultHttpResponse(decodeResult: success, version: HTTP/1.1)
HTTP/1.1 200 OK
Content-Type: application/json; charset=utf-8
cache-control: no-cache
content-length: 88

01:59:52.686 [AsyncHttpClient-1-6] DEBUG org.asynchttpclient.netty.channel.ChannelManager - Adding key: http://localhost:52546 for channel [id: 0x65ed1ea5, L:/127.0.0.1:56314 - R:localhost/127.0.0.1:52546]
01:59:52.687 [Forwarding getElementTagName on session e21f20044c57bb296ee8db8a94ae9912 to remote] DEBUG org.asynchttpclient.netty.request.NettyRequestSender - Using pooled Channel '[id: 0x65ed1ea5, L:/127.0.0.1:56314 - R:localhost/127.0.0.1:52546]' for 'GET' to 'http://localhost:52546/session/e21f20044c57bb296ee8db8a94ae9912/element/be3d8055-d964-44a7-b0a0-f6327deb4193/name'
01:59:52.687 [Forwarding getElementTagName on session e21f20044c57bb296ee8db8a94ae9912 to remote] DEBUG org.asynchttpclient.netty.request.NettyRequestSender - Using open Channel [id: 0x65ed1ea5, L:/127.0.0.1:56314 - R:localhost/127.0.0.1:52546] for GET '/session/e21f20044c57bb296ee8db8a94ae9912/element/be3d8055-d964-44a7-b0a0-f6327deb4193/name'
01:59:52.688 [AsyncHttpClient-1-6] DEBUG org.asynchttpclient.netty.handler.HttpHandler - 

Request DefaultFullHttpRequest(decodeResult: success, version: HTTP/1.1, content: EmptyByteBufBE)
GET /session/e21f20044c57bb296ee8db8a94ae9912/element/be3d8055-d964-44a7-b0a0-f6327deb4193/name HTTP/1.1
User-Agent: selenium/4.1.2 (java windows)
Cache-Control: no-cache
Content-Type: application/json; charset=utf-8
host: localhost:52546
accept: */*

Response DefaultHttpResponse(decodeResult: success, version: HTTP/1.1)
HTTP/1.1 200 OK
Content-Type: application/json; charset=utf-8
cache-control: no-cache
content-length: 18

01:59:52.688 [AsyncHttpClient-1-6] DEBUG org.asynchttpclient.netty.channel.ChannelManager - Adding key: http://localhost:52546 for channel [id: 0x65ed1ea5, L:/127.0.0.1:56314 - R:localhost/127.0.0.1:52546]
01:59:52.689 [Forwarding getElementTagName on session e21f20044c57bb296ee8db8a94ae9912 to remote] DEBUG org.asynchttpclient.netty.request.NettyRequestSender - Using pooled Channel '[id: 0x65ed1ea5, L:/127.0.0.1:56314 - R:localhost/127.0.0.1:52546]' for 'GET' to 'http://localhost:52546/session/e21f20044c57bb296ee8db8a94ae9912/element/be3d8055-d964-44a7-b0a0-f6327deb4193/name'
01:59:52.689 [Forwarding getElementTagName on session e21f20044c57bb296ee8db8a94ae9912 to remote] DEBUG org.asynchttpclient.netty.request.NettyRequestSender - Using open Channel [id: 0x65ed1ea5, L:/127.0.0.1:56314 - R:localhost/127.0.0.1:52546] for GET '/session/e21f20044c57bb296ee8db8a94ae9912/element/be3d8055-d964-44a7-b0a0-f6327deb4193/name'
01:59:52.693 [AsyncHttpClient-1-6] DEBUG org.asynchttpclient.netty.handler.HttpHandler - 

Request DefaultFullHttpRequest(decodeResult: success, version: HTTP/1.1, content: EmptyByteBufBE)
GET /session/e21f20044c57bb296ee8db8a94ae9912/element/be3d8055-d964-44a7-b0a0-f6327deb4193/name HTTP/1.1
User-Agent: selenium/4.1.2 (java windows)
Cache-Control: no-cache
Content-Type: application/json; charset=utf-8
host: localhost:52546
accept: */*

Response DefaultHttpResponse(decodeResult: success, version: HTTP/1.1)
HTTP/1.1 200 OK
Content-Type: application/json; charset=utf-8
cache-control: no-cache
content-length: 18

01:59:52.693 [AsyncHttpClient-1-6] DEBUG org.asynchttpclient.netty.channel.ChannelManager - Adding key: http://localhost:52546 for channel [id: 0x65ed1ea5, L:/127.0.0.1:56314 - R:localhost/127.0.0.1:52546]
01:59:52.694 [Forwarding isElementEnabled on session e21f20044c57bb296ee8db8a94ae9912 to remote] DEBUG org.asynchttpclient.netty.request.NettyRequestSender - Using pooled Channel '[id: 0x65ed1ea5, L:/127.0.0.1:56314 - R:localhost/127.0.0.1:52546]' for 'GET' to 'http://localhost:52546/session/e21f20044c57bb296ee8db8a94ae9912/element/be3d8055-d964-44a7-b0a0-f6327deb4193/enabled'
01:59:52.694 [Forwarding isElementEnabled on session e21f20044c57bb296ee8db8a94ae9912 to remote] DEBUG org.asynchttpclient.netty.request.NettyRequestSender - Using open Channel [id: 0x65ed1ea5, L:/127.0.0.1:56314 - R:localhost/127.0.0.1:52546] for GET '/session/e21f20044c57bb296ee8db8a94ae9912/element/be3d8055-d964-44a7-b0a0-f6327deb4193/enabled'
01:59:52.699 [AsyncHttpClient-1-6] DEBUG org.asynchttpclient.netty.handler.HttpHandler - 

Request DefaultFullHttpRequest(decodeResult: success, version: HTTP/1.1, content: EmptyByteBufBE)
GET /session/e21f20044c57bb296ee8db8a94ae9912/element/be3d8055-d964-44a7-b0a0-f6327deb4193/enabled HTTP/1.1
User-Agent: selenium/4.1.2 (java windows)
Cache-Control: no-cache
Content-Type: application/json; charset=utf-8
host: localhost:52546
accept: */*

Response DefaultHttpResponse(decodeResult: success, version: HTTP/1.1)
HTTP/1.1 200 OK
Content-Type: application/json; charset=utf-8
cache-control: no-cache
content-length: 14

01:59:52.700 [AsyncHttpClient-1-6] DEBUG org.asynchttpclient.netty.channel.ChannelManager - Adding key: http://localhost:52546 for channel [id: 0x65ed1ea5, L:/127.0.0.1:56314 - R:localhost/127.0.0.1:52546]
01:59:52.700 [Forwarding isElementEnabled on session e21f20044c57bb296ee8db8a94ae9912 to remote] DEBUG org.asynchttpclient.netty.request.NettyRequestSender - Using pooled Channel '[id: 0x65ed1ea5, L:/127.0.0.1:56314 - R:localhost/127.0.0.1:52546]' for 'GET' to 'http://localhost:52546/session/e21f20044c57bb296ee8db8a94ae9912/element/be3d8055-d964-44a7-b0a0-f6327deb4193/enabled'
01:59:52.700 [Forwarding isElementEnabled on session e21f20044c57bb296ee8db8a94ae9912 to remote] DEBUG org.asynchttpclient.netty.request.NettyRequestSender - Using open Channel [id: 0x65ed1ea5, L:/127.0.0.1:56314 - R:localhost/127.0.0.1:52546] for GET '/session/e21f20044c57bb296ee8db8a94ae9912/element/be3d8055-d964-44a7-b0a0-f6327deb4193/enabled'
01:59:52.703 [AsyncHttpClient-1-6] DEBUG org.asynchttpclient.netty.handler.HttpHandler - 

Request DefaultFullHttpRequest(decodeResult: success, version: HTTP/1.1, content: EmptyByteBufBE)
GET /session/e21f20044c57bb296ee8db8a94ae9912/element/be3d8055-d964-44a7-b0a0-f6327deb4193/enabled HTTP/1.1
User-Agent: selenium/4.1.2 (java windows)
Cache-Control: no-cache
Content-Type: application/json; charset=utf-8
host: localhost:52546
accept: */*

Response DefaultHttpResponse(decodeResult: success, version: HTTP/1.1)
HTTP/1.1 200 OK
Content-Type: application/json; charset=utf-8
cache-control: no-cache
content-length: 14

01:59:52.703 [AsyncHttpClient-1-6] DEBUG org.asynchttpclient.netty.channel.ChannelManager - Adding key: http://localhost:52546 for channel [id: 0x65ed1ea5, L:/127.0.0.1:56314 - R:localhost/127.0.0.1:52546]
01:59:52.704 [Forwarding findElement on session e21f20044c57bb296ee8db8a94ae9912 to remote] DEBUG org.asynchttpclient.netty.request.NettyRequestSender - Using pooled Channel '[id: 0x65ed1ea5, L:/127.0.0.1:56314 - R:localhost/127.0.0.1:52546]' for 'POST' to 'http://localhost:52546/session/e21f20044c57bb296ee8db8a94ae9912/element'
01:59:52.704 [Forwarding findElement on session e21f20044c57bb296ee8db8a94ae9912 to remote] DEBUG org.asynchttpclient.netty.request.NettyRequestSender - Using open Channel [id: 0x65ed1ea5, L:/127.0.0.1:56314 - R:localhost/127.0.0.1:52546] for POST '/session/e21f20044c57bb296ee8db8a94ae9912/element'
01:59:52.708 [AsyncHttpClient-1-6] DEBUG org.asynchttpclient.netty.handler.HttpHandler - 

Request DefaultHttpRequest(decodeResult: success, version: HTTP/1.1)
POST /session/e21f20044c57bb296ee8db8a94ae9912/element HTTP/1.1
User-Agent: selenium/4.1.2 (java windows)
Content-Length: 155
Content-Type: application/json; charset=utf-8
host: localhost:52546
accept: */*

Response DefaultHttpResponse(decodeResult: success, version: HTTP/1.1)
HTTP/1.1 200 OK
Content-Type: application/json; charset=utf-8
cache-control: no-cache
content-length: 88

01:59:52.708 [AsyncHttpClient-1-6] DEBUG org.asynchttpclient.netty.channel.ChannelManager - Adding key: http://localhost:52546 for channel [id: 0x65ed1ea5, L:/127.0.0.1:56314 - R:localhost/127.0.0.1:52546]
01:59:52.709 [Forwarding clickElement on session e21f20044c57bb296ee8db8a94ae9912 to remote] DEBUG org.asynchttpclient.netty.request.NettyRequestSender - Using pooled Channel '[id: 0x65ed1ea5, L:/127.0.0.1:56314 - R:localhost/127.0.0.1:52546]' for 'POST' to 'http://localhost:52546/session/e21f20044c57bb296ee8db8a94ae9912/element/be3d8055-d964-44a7-b0a0-f6327deb4193/click'
01:59:52.709 [Forwarding clickElement on session e21f20044c57bb296ee8db8a94ae9912 to remote] DEBUG org.asynchttpclient.netty.request.NettyRequestSender - Using open Channel [id: 0x65ed1ea5, L:/127.0.0.1:56314 - R:localhost/127.0.0.1:52546] for POST '/session/e21f20044c57bb296ee8db8a94ae9912/element/be3d8055-d964-44a7-b0a0-f6327deb4193/click'
01:59:52.737 [AsyncHttpClient-1-6] DEBUG org.asynchttpclient.netty.handler.HttpHandler - 

Request DefaultHttpRequest(decodeResult: success, version: HTTP/1.1)
POST /session/e21f20044c57bb296ee8db8a94ae9912/element/be3d8055-d964-44a7-b0a0-f6327deb4193/click HTTP/1.1
User-Agent: selenium/4.1.2 (java windows)
Content-Length: 50
Content-Type: application/json; charset=utf-8
host: localhost:52546
accept: */*

Response DefaultHttpResponse(decodeResult: success, version: HTTP/1.1)
HTTP/1.1 200 OK
Content-Type: application/json; charset=utf-8
cache-control: no-cache
content-length: 14

01:59:52.737 [AsyncHttpClient-1-6] DEBUG org.asynchttpclient.netty.channel.ChannelManager - Adding key: http://localhost:52546 for channel [id: 0x65ed1ea5, L:/127.0.0.1:56314 - R:localhost/127.0.0.1:52546]
01:59:52.741 [Forwarding screenshot on session e21f20044c57bb296ee8db8a94ae9912 to remote] DEBUG org.asynchttpclient.netty.request.NettyRequestSender - Using pooled Channel '[id: 0x65ed1ea5, L:/127.0.0.1:56314 - R:localhost/127.0.0.1:52546]' for 'GET' to 'http://localhost:52546/session/e21f20044c57bb296ee8db8a94ae9912/screenshot'
01:59:52.741 [Forwarding screenshot on session e21f20044c57bb296ee8db8a94ae9912 to remote] DEBUG org.asynchttpclient.netty.request.NettyRequestSender - Using open Channel [id: 0x65ed1ea5, L:/127.0.0.1:56314 - R:localhost/127.0.0.1:52546] for GET '/session/e21f20044c57bb296ee8db8a94ae9912/screenshot'
01:59:52.836 [AsyncHttpClient-1-6] DEBUG org.asynchttpclient.netty.handler.HttpHandler - 

Request DefaultFullHttpRequest(decodeResult: success, version: HTTP/1.1, content: EmptyByteBufBE)
GET /session/e21f20044c57bb296ee8db8a94ae9912/screenshot HTTP/1.1
User-Agent: selenium/4.1.2 (java windows)
Cache-Control: no-cache
Content-Type: application/json; charset=utf-8
host: localhost:52546
accept: */*

Response DefaultHttpResponse(decodeResult: success, version: HTTP/1.1)
HTTP/1.1 200 OK
Content-Type: application/json; charset=utf-8
cache-control: no-cache
content-length: 48472

01:59:52.837 [AsyncHttpClient-1-6] DEBUG org.asynchttpclient.netty.channel.ChannelManager - Adding key: http://localhost:52546 for channel [id: 0x65ed1ea5, L:/127.0.0.1:56314 - R:localhost/127.0.0.1:52546]
01:59:52.838 [main] DEBUG net.serenitybdd.core.photography.Darkroom - Send negative for processing for target\site\serenity\9f35970aa66d6670abfcb55f89adc9524d781cd6909f5a994458b731a2547f90.png
01:59:52.838 [main] DEBUG net.thucydides.core.steps.StepInterceptor - STEP DONE: clickRegisterButton
  &amp#27;[32mAnd &amp#27;[0m&amp#27;[32mI click on register button&amp#27;[0m                                           &amp#27;[90m# starter.stepdefinitions.RegisterSteps.clickRegisterButton()&amp#27;[0m
01:59:52.838 [Darkroom Processing Line] DEBUG net.serenitybdd.core.photography.DarkroomProcessingLine - Processing screenshot image in /var/screenshots/screenshot-1619026482309098052
01:59:52.838 [Darkroom Processing Line] DEBUG net.serenitybdd.core.photography.DarkroomProcessingLine - Saving screenshot to target\site\serenity\9f35970aa66d6670abfcb55f89adc9524d781cd6909f5a994458b731a2547f90.png
01:59:52.845 [main] DEBUG net.thucydides.core.steps.StepInterceptor - STARTING STEP: RegisterSteps.stillOnTheRegisterPage - registerPage
01:59:52.845 [Forwarding get on session e21f20044c57bb296ee8db8a94ae9912 to remote] DEBUG org.asynchttpclient.netty.request.NettyRequestSender - Using pooled Channel '[id: 0x65ed1ea5, L:/127.0.0.1:56314 - R:localhost/127.0.0.1:52546]' for 'POST' to 'http://localhost:52546/session/e21f20044c57bb296ee8db8a94ae9912/url'
01:59:52.846 [Forwarding get on session e21f20044c57bb296ee8db8a94ae9912 to remote] DEBUG org.asynchttpclient.netty.request.NettyRequestSender - Using open Channel [id: 0x65ed1ea5, L:/127.0.0.1:56314 - R:localhost/127.0.0.1:52546] for POST '/session/e21f20044c57bb296ee8db8a94ae9912/url'
01:59:52.955 [AsyncHttpClient-1-6] DEBUG org.asynchttpclient.netty.handler.HttpHandler - 

Request DefaultHttpRequest(decodeResult: success, version: HTTP/1.1)
POST /session/e21f20044c57bb296ee8db8a94ae9912/url HTTP/1.1
User-Agent: selenium/4.1.2 (java windows)
Content-Length: 67
Content-Type: application/json; charset=utf-8
host: localhost:52546
accept: */*

Response DefaultHttpResponse(decodeResult: success, version: HTTP/1.1)
HTTP/1.1 200 OK
Content-Type: application/json; charset=utf-8
cache-control: no-cache
content-length: 14

01:59:52.955 [AsyncHttpClient-1-6] DEBUG org.asynchttpclient.netty.channel.ChannelManager - Adding key: http://localhost:52546 for channel [id: 0x65ed1ea5, L:/127.0.0.1:56314 - R:localhost/127.0.0.1:52546]
01:59:52.957 [Forwarding getCurrentUrl on session e21f20044c57bb296ee8db8a94ae9912 to remote] DEBUG org.asynchttpclient.netty.request.NettyRequestSender - Using pooled Channel '[id: 0x65ed1ea5, L:/127.0.0.1:56314 - R:localhost/127.0.0.1:52546]' for 'GET' to 'http://localhost:52546/session/e21f20044c57bb296ee8db8a94ae9912/url'
01:59:52.957 [Forwarding getCurrentUrl on session e21f20044c57bb296ee8db8a94ae9912 to remote] DEBUG org.asynchttpclient.netty.request.NettyRequestSender - Using open Channel [id: 0x65ed1ea5, L:/127.0.0.1:56314 - R:localhost/127.0.0.1:52546] for GET '/session/e21f20044c57bb296ee8db8a94ae9912/url'
01:59:52.960 [AsyncHttpClient-1-6] DEBUG org.asynchttpclient.netty.handler.HttpHandler - 

Request DefaultFullHttpRequest(decodeResult: success, version: HTTP/1.1, content: EmptyByteBufBE)
GET /session/e21f20044c57bb296ee8db8a94ae9912/url HTTP/1.1
User-Agent: selenium/4.1.2 (java windows)
Cache-Control: no-cache
Content-Type: application/json; charset=utf-8
host: localhost:52546
accept: */*

Response DefaultHttpResponse(decodeResult: success, version: HTTP/1.1)
HTTP/1.1 200 OK
Content-Type: application/json; charset=utf-8
cache-control: no-cache
content-length: 44

01:59:52.960 [AsyncHttpClient-1-6] DEBUG org.asynchttpclient.netty.channel.ChannelManager - Adding key: http://localhost:52546 for channel [id: 0x65ed1ea5, L:/127.0.0.1:56314 - R:localhost/127.0.0.1:52546]
01:59:52.963 [Forwarding screenshot on session e21f20044c57bb296ee8db8a94ae9912 to remote] DEBUG org.asynchttpclient.netty.request.NettyRequestSender - Using pooled Channel '[id: 0x65ed1ea5, L:/127.0.0.1:56314 - R:localhost/127.0.0.1:52546]' for 'GET' to 'http://localhost:52546/session/e21f20044c57bb296ee8db8a94ae9912/screenshot'
01:59:52.963 [Forwarding screenshot on session e21f20044c57bb296ee8db8a94ae9912 to remote] DEBUG org.asynchttpclient.netty.request.NettyRequestSender - Using open Channel [id: 0x65ed1ea5, L:/127.0.0.1:56314 - R:localhost/127.0.0.1:52546] for GET '/session/e21f20044c57bb296ee8db8a94ae9912/screenshot'
01:59:53.034 [AsyncHttpClient-1-6] DEBUG org.asynchttpclient.netty.handler.HttpHandler - 

Request DefaultFullHttpRequest(decodeResult: success, version: HTTP/1.1, content: EmptyByteBufBE)
GET /session/e21f20044c57bb296ee8db8a94ae9912/screenshot HTTP/1.1
User-Agent: selenium/4.1.2 (java windows)
Cache-Control: no-cache
Content-Type: application/json; charset=utf-8
host: localhost:52546
accept: */*

Response DefaultHttpResponse(decodeResult: success, version: HTTP/1.1)
HTTP/1.1 200 OK
Content-Type: application/json; charset=utf-8
cache-control: no-cache
content-length: 37576

01:59:53.034 [AsyncHttpClient-1-6] DEBUG org.asynchttpclient.netty.channel.ChannelManager - Adding key: http://localhost:52546 for channel [id: 0x65ed1ea5, L:/127.0.0.1:56314 - R:localhost/127.0.0.1:52546]
01:59:53.035 [main] DEBUG net.serenitybdd.core.photography.Darkroom - Send negative for processing for target\site\serenity\a7ccf41b77a9a7a591db44ebecd123572974338bd60237eef6c71f2062964664.png
01:59:53.035 [main] DEBUG net.thucydides.core.steps.StepInterceptor - STEP DONE: registerPage
01:59:53.036 [main] DEBUG net.thucydides.core.steps.StepInterceptor - STARTING STEP: RegisterSteps.stillOnTheRegisterPage - validateStillOnRegisterPage
01:59:53.038 [Forwarding findElement on session e21f20044c57bb296ee8db8a94ae9912 to remote] DEBUG org.asynchttpclient.netty.request.NettyRequestSender - Using pooled Channel '[id: 0x65ed1ea5, L:/127.0.0.1:56314 - R:localhost/127.0.0.1:52546]' for 'POST' to 'http://localhost:52546/session/e21f20044c57bb296ee8db8a94ae9912/element'
01:59:53.038 [Forwarding findElement on session e21f20044c57bb296ee8db8a94ae9912 to remote] DEBUG org.asynchttpclient.netty.request.NettyRequestSender - Using open Channel [id: 0x65ed1ea5, L:/127.0.0.1:56314 - R:localhost/127.0.0.1:52546] for POST '/session/e21f20044c57bb296ee8db8a94ae9912/element'
01:59:53.043 [AsyncHttpClient-1-6] DEBUG org.asynchttpclient.netty.handler.HttpHandler - 

Request DefaultHttpRequest(decodeResult: success, version: HTTP/1.1)
POST /session/e21f20044c57bb296ee8db8a94ae9912/element HTTP/1.1
User-Agent: selenium/4.1.2 (java windows)
Content-Length: 155
Content-Type: application/json; charset=utf-8
host: localhost:52546
accept: */*

Response DefaultHttpResponse(decodeResult: success, version: HTTP/1.1)
HTTP/1.1 200 OK
Content-Type: application/json; charset=utf-8
cache-control: no-cache
content-length: 88

01:59:53.043 [AsyncHttpClient-1-6] DEBUG org.asynchttpclient.netty.channel.ChannelManager - Adding key: http://localhost:52546 for channel [id: 0x65ed1ea5, L:/127.0.0.1:56314 - R:localhost/127.0.0.1:52546]
01:59:53.044 [Forwarding isElementDisplayed on session e21f20044c57bb296ee8db8a94ae9912 to remote] DEBUG org.asynchttpclient.netty.request.NettyRequestSender - Using pooled Channel '[id: 0x65ed1ea5, L:/127.0.0.1:56314 - R:localhost/127.0.0.1:52546]' for 'POST' to 'http://localhost:52546/session/e21f20044c57bb296ee8db8a94ae9912/execute/sync'
01:59:53.044 [Forwarding isElementDisplayed on session e21f20044c57bb296ee8db8a94ae9912 to remote] DEBUG org.asynchttpclient.netty.request.NettyRequestSender - Using open Channel [id: 0x65ed1ea5, L:/127.0.0.1:56314 - R:localhost/127.0.0.1:52546] for POST '/session/e21f20044c57bb296ee8db8a94ae9912/execute/sync'
01:59:53.051 [AsyncHttpClient-1-6] DEBUG org.asynchttpclient.netty.handler.HttpHandler - 

Request DefaultHttpRequest(decodeResult: success, version: HTTP/1.1)
POST /session/e21f20044c57bb296ee8db8a94ae9912/execute/sync HTTP/1.1
User-Agent: selenium/4.1.2 (java windows)
Content-Length: 48780
Content-Type: application/json; charset=utf-8
host: localhost:52546
accept: */*

Response DefaultHttpResponse(decodeResult: success, version: HTTP/1.1)
HTTP/1.1 200 OK
Content-Type: application/json; charset=utf-8
cache-control: no-cache
content-length: 14

01:59:53.051 [AsyncHttpClient-1-6] DEBUG org.asynchttpclient.netty.channel.ChannelManager - Adding key: http://localhost:52546 for channel [id: 0x65ed1ea5, L:/127.0.0.1:56314 - R:localhost/127.0.0.1:52546]
01:59:53.054 [main] DEBUG net.thucydides.core.steps.StepInterceptor - STEP DONE: validateStillOnRegisterPage
  &amp#27;[32mThen &amp#27;[0m&amp#27;[32mI am still on the register page&amp#27;[0m                                     &amp#27;[90m# starter.stepdefinitions.RegisterSteps.stillOnTheRegisterPage()&amp#27;[0m
01:59:53.056 [main] INFO  - 
  _____   ___   ___   _____     ___     _     ___   ___   ___   ___  
 |_   _| | __| / __| |_   _|   | _ \   /_\   / __| / __| | __| |   \ 
   | |   | _|  \__ \   | |     |  _/  / _ \  \__ \ \__ \ | _|  | |) |
   |_|   |___| |___/   |_|     |_|   /_/ \_\ |___/ |___/ |___| |___/ 

register with different email and the password has a space on it
----------------------------------------------------------------------
01:59:53.057 [AsyncHttpClient-1-8] DEBUG org.asynchttpclient.netty.handler.WebSocketHandler - Channel Closed: [id: 0xcc803f53, L:/127.0.0.1:56324 ! R:localhost/127.0.0.1:56315] with attribute NettyResponseFuture{currentRetry=5,
	isDone=1,
	isCancelled=0,
	asyncHandler=org.asynchttpclient.ws.WebSocketUpgradeHandler@4ce00645,
	nettyRequest=org.asynchttpclient.netty.request.NettyRequest@36ea79ed,
	future=java.util.concurrent.CompletableFuture@339c0801[Completed normally],
	uri=ws://localhost:56315/devtools/browser/38e88d3e-bcb4-4576-aa5b-e021e220279d,
	keepAlive=true,
	redirectCount=0,
	timeoutsHolder=null,
	inAuth=0,
	touch=1652554790624}
01:59:53.057 [AsyncHttpClient-1-8] DEBUG org.asynchttpclient.netty.channel.ChannelManager - Closing Channel [id: 0xcc803f53, L:/127.0.0.1:56324 ! R:localhost/127.0.0.1:56315] 
01:59:53.057 [Driver Command Executor] DEBUG org.asynchttpclient.netty.request.NettyRequestSender - Using pooled Channel '[id: 0x65ed1ea5, L:/127.0.0.1:56314 - R:localhost/127.0.0.1:52546]' for 'DELETE' to 'http://localhost:52546/session/e21f20044c57bb296ee8db8a94ae9912'
01:59:53.058 [Driver Command Executor] DEBUG org.asynchttpclient.netty.request.NettyRequestSender - Using open Channel [id: 0x65ed1ea5, L:/127.0.0.1:56314 - R:localhost/127.0.0.1:52546] for DELETE '/session/e21f20044c57bb296ee8db8a94ae9912'
01:59:53.089 [AsyncHttpClient-1-7] DEBUG org.asynchttpclient.netty.handler.HttpHandler - Unexpected I/O exception on channel [id: 0xaec8e469, L:/127.0.0.1:56323 - R:localhost/127.0.0.1:56315]
java.io.IOException: An existing connection was forcibly closed by the remote host
	at java.base/sun.nio.ch.SocketDispatcher.read0(Native Method)
	at java.base/sun.nio.ch.SocketDispatcher.read(SocketDispatcher.java:43)
	at java.base/sun.nio.ch.IOUtil.readIntoNativeBuffer(IOUtil.java:276)
	at java.base/sun.nio.ch.IOUtil.read(IOUtil.java:233)
	at java.base/sun.nio.ch.IOUtil.read(IOUtil.java:223)
	at java.base/sun.nio.ch.SocketChannelImpl.read(SocketChannelImpl.java:358)
	at io.netty.buffer.PooledByteBuf.setBytes(PooledByteBuf.java:258)
	at io.netty.buffer.AbstractByteBuf.writeBytes(AbstractByteBuf.java:1132)
	at io.netty.channel.socket.nio.NioSocketChannel.doReadBytes(NioSocketChannel.java:350)
	at io.netty.channel.nio.AbstractNioByteChannel$NioByteUnsafe.read(AbstractNioByteChannel.java:151)
	at io.netty.channel.nio.NioEventLoop.processSelectedKey(NioEventLoop.java:722)
	at io.netty.channel.nio.NioEventLoop.processSelectedKeysOptimized(NioEventLoop.java:658)
	at io.netty.channel.nio.NioEventLoop.processSelectedKeys(NioEventLoop.java:584)
	at io.netty.channel.nio.NioEventLoop.run(NioEventLoop.java:496)
	at io.netty.util.concurrent.SingleThreadEventExecutor$4.run(SingleThreadEventExecutor.java:986)
	at io.netty.util.internal.ThreadExecutorMap$2.run(ThreadExecutorMap.java:74)
	at io.netty.util.concurrent.FastThreadLocalRunnable.run(FastThreadLocalRunnable.java:30)
	at java.base/java.lang.Thread.run(Thread.java:834)
01:59:53.089 [AsyncHttpClient-1-7] DEBUG org.asynchttpclient.netty.channel.ChannelManager - Closing Channel [id: 0xaec8e469, L:/127.0.0.1:56323 - R:localhost/127.0.0.1:56315] 
01:59:53.089 [AsyncHttpClient-1-7] DEBUG org.asynchttpclient.netty.handler.HttpHandler - Channel Closed: [id: 0xaec8e469, L:/127.0.0.1:56323 ! R:localhost/127.0.0.1:56315] with attribute DISCARD
01:59:53.098 [AsyncHttpClient-1-6] DEBUG org.asynchttpclient.netty.handler.HttpHandler - 

Request DefaultFullHttpRequest(decodeResult: success, version: HTTP/1.1, content: EmptyByteBufBE)
DELETE /session/e21f20044c57bb296ee8db8a94ae9912 HTTP/1.1
User-Agent: selenium/4.1.2 (java windows)
Content-Type: application/json; charset=utf-8
host: localhost:52546
accept: */*

Response DefaultHttpResponse(decodeResult: success, version: HTTP/1.1)
HTTP/1.1 200 OK
Content-Type: application/json; charset=utf-8
cache-control: no-cache
content-length: 14

01:59:53.098 [AsyncHttpClient-1-6] DEBUG org.asynchttpclient.netty.channel.ChannelManager - Adding key: http://localhost:52546 for channel [id: 0x65ed1ea5, L:/127.0.0.1:56314 - R:localhost/127.0.0.1:52546]
01:59:53.157 [AsyncHttpClient-1-6] DEBUG org.asynchttpclient.netty.handler.HttpHandler - Channel Closed: [id: 0x65ed1ea5, L:/127.0.0.1:56314 ! R:localhost/127.0.0.1:52546] with attribute DISCARD
01:59:53.563 [AsyncHttpClient-1-1] DEBUG org.asynchttpclient.netty.channel.DefaultChannelPool - Entry count for : http://localhost:56315 : 1
01:59:53.563 [AsyncHttpClient-1-1] DEBUG org.asynchttpclient.netty.channel.DefaultChannelPool - Entry count for : http://localhost:52546 : 1
01:59:53.563 [AsyncHttpClient-1-1] DEBUG org.asynchttpclient.netty.channel.DefaultChannelPool - Adding Candidate expired Channel [id: 0xaec8e469, L:/127.0.0.1:56323 ! R:localhost/127.0.0.1:56315] isIdleTimeoutExpired=false isRemotelyClosed=true isTtlExpired=false
01:59:53.563 [AsyncHttpClient-1-1] DEBUG org.asynchttpclient.netty.channel.DefaultChannelPool - Closing Idle Channel [id: 0xaec8e469, L:/127.0.0.1:56323 ! R:localhost/127.0.0.1:56315]
01:59:53.563 [AsyncHttpClient-1-1] DEBUG org.asynchttpclient.netty.channel.DefaultChannelPool - Adding Candidate expired Channel [id: 0x65ed1ea5, L:/127.0.0.1:56314 ! R:localhost/127.0.0.1:52546] isIdleTimeoutExpired=false isRemotelyClosed=true isTtlExpired=false
01:59:53.563 [AsyncHttpClient-1-1] DEBUG org.asynchttpclient.netty.channel.DefaultChannelPool - Closing Idle Channel [id: 0x65ed1ea5, L:/127.0.0.1:56314 ! R:localhost/127.0.0.1:52546]
01:59:53.563 [AsyncHttpClient-1-1] DEBUG org.asynchttpclient.netty.channel.DefaultChannelPool - Closed 2 connections out of 2 in 0 ms
]]></system-out>
    <system-err><![CDATA[Starting ChromeDriver 101.0.4951.41 (93c720db8323b3ec10d056025ab95c23a31997c9-refs/branch-heads/4951@{#904}) on port 52546
Only local connections are allowed.
Please see https://chromedriver.chromium.org/security-considerations for suggestions on keeping ChromeDriver safe.
ChromeDriver was started successfully.
May 15, 2022 1:59:50 AM org.openqa.selenium.remote.ProtocolHandshake createSession
INFO: Detected dialect: W3C
May 15, 2022 1:59:50 AM org.openqa.selenium.devtools.CdpVersionFinder findNearestMatch
WARNING: Unable to find an exact match for CDP version 101, so returning the closest version found: 97
May 15, 2022 1:59:50 AM org.openqa.selenium.devtools.CdpVersionFinder findNearestMatch
INFO: Found CDP implementation for version 101 of 97
]]></system-err>
  </testcase>
</testsuite>